ARM GAS  C:\Users\NGUYEN~1\AppData\Local\Temp\ccUiRblp.s 			page 1


   1              		.syntax unified
   2              		.cpu cortex-m0
   3              		.fpu softvfp
   4              		.eabi_attribute 20, 1
   5              		.eabi_attribute 21, 1
   6              		.eabi_attribute 23, 3
   7              		.eabi_attribute 24, 1
   8              		.eabi_attribute 25, 1
   9              		.eabi_attribute 26, 1
  10              		.eabi_attribute 30, 1
  11              		.eabi_attribute 34, 0
  12              		.eabi_attribute 18, 4
  13              		.thumb
  14              		.syntax unified
  15              		.file	"cyfitter_cfg.c"
  16              		.text
  17              	.Ltext0:
  18              		.cfi_sections	.debug_frame
  19              		.section	.text.CYMEMZERO,"ax",%progbits
  20              		.align	2
  21              		.code	16
  22              		.thumb_func
  23              		.type	CYMEMZERO, %function
  24              	CYMEMZERO:
  25              	.LFB0:
  26              		.file 1 "Generated_Source\\PSoC4\\cyfitter_cfg.c"
   1:Generated_Source\PSoC4/cyfitter_cfg.c **** 
   2:Generated_Source\PSoC4/cyfitter_cfg.c **** /*******************************************************************************
   3:Generated_Source\PSoC4/cyfitter_cfg.c **** * File Name: cyfitter_cfg.c
   4:Generated_Source\PSoC4/cyfitter_cfg.c **** * 
   5:Generated_Source\PSoC4/cyfitter_cfg.c **** * PSoC Creator  4.4
   6:Generated_Source\PSoC4/cyfitter_cfg.c **** *
   7:Generated_Source\PSoC4/cyfitter_cfg.c **** * Description:
   8:Generated_Source\PSoC4/cyfitter_cfg.c **** * This file contains device initialization code.
   9:Generated_Source\PSoC4/cyfitter_cfg.c **** * Except for the user defined sections in CyClockStartupError(), this file should not be modified.
  10:Generated_Source\PSoC4/cyfitter_cfg.c **** * This file is automatically generated by PSoC Creator.
  11:Generated_Source\PSoC4/cyfitter_cfg.c **** *
  12:Generated_Source\PSoC4/cyfitter_cfg.c **** ********************************************************************************
  13:Generated_Source\PSoC4/cyfitter_cfg.c **** * Copyright (c) 2007-2020 Cypress Semiconductor.  All rights reserved.
  14:Generated_Source\PSoC4/cyfitter_cfg.c **** * You may use this file only in accordance with the license, terms, conditions, 
  15:Generated_Source\PSoC4/cyfitter_cfg.c **** * disclaimers, and limitations in the end user license agreement accompanying 
  16:Generated_Source\PSoC4/cyfitter_cfg.c **** * the software package with which this file was provided.
  17:Generated_Source\PSoC4/cyfitter_cfg.c **** ********************************************************************************/
  18:Generated_Source\PSoC4/cyfitter_cfg.c **** 
  19:Generated_Source\PSoC4/cyfitter_cfg.c **** #include <string.h>
  20:Generated_Source\PSoC4/cyfitter_cfg.c **** #include "cytypes.h"
  21:Generated_Source\PSoC4/cyfitter_cfg.c **** #include "cydevice_trm.h"
  22:Generated_Source\PSoC4/cyfitter_cfg.c **** #include "cyfitter.h"
  23:Generated_Source\PSoC4/cyfitter_cfg.c **** #include "CyLib.h"
  24:Generated_Source\PSoC4/cyfitter_cfg.c **** #include "CyLFClk.h"
  25:Generated_Source\PSoC4/cyfitter_cfg.c **** #include "cyfitter_cfg.h"
  26:Generated_Source\PSoC4/cyfitter_cfg.c **** #include "cyapicallbacks.h"
  27:Generated_Source\PSoC4/cyfitter_cfg.c **** 
  28:Generated_Source\PSoC4/cyfitter_cfg.c **** 
  29:Generated_Source\PSoC4/cyfitter_cfg.c **** #if defined(__GNUC__) || defined(__ARMCC_VERSION)
  30:Generated_Source\PSoC4/cyfitter_cfg.c ****     #define CYPACKED 
  31:Generated_Source\PSoC4/cyfitter_cfg.c ****     #define CYPACKED_ATTR __attribute__ ((packed))
ARM GAS  C:\Users\NGUYEN~1\AppData\Local\Temp\ccUiRblp.s 			page 2


  32:Generated_Source\PSoC4/cyfitter_cfg.c ****     #define CYALIGNED __attribute__ ((aligned))
  33:Generated_Source\PSoC4/cyfitter_cfg.c ****     #define CY_CFG_UNUSED __attribute__ ((unused))
  34:Generated_Source\PSoC4/cyfitter_cfg.c ****     #ifndef CY_CFG_SECTION
  35:Generated_Source\PSoC4/cyfitter_cfg.c ****         #define CY_CFG_SECTION __attribute__ ((section(".psocinit")))
  36:Generated_Source\PSoC4/cyfitter_cfg.c ****     #endif
  37:Generated_Source\PSoC4/cyfitter_cfg.c ****     
  38:Generated_Source\PSoC4/cyfitter_cfg.c ****     #if defined(__ARMCC_VERSION)
  39:Generated_Source\PSoC4/cyfitter_cfg.c ****         #define CY_CFG_MEMORY_BARRIER() __memory_changed()
  40:Generated_Source\PSoC4/cyfitter_cfg.c ****     #else
  41:Generated_Source\PSoC4/cyfitter_cfg.c ****         #define CY_CFG_MEMORY_BARRIER() __sync_synchronize()
  42:Generated_Source\PSoC4/cyfitter_cfg.c ****     #endif
  43:Generated_Source\PSoC4/cyfitter_cfg.c ****     
  44:Generated_Source\PSoC4/cyfitter_cfg.c **** #elif defined(__ICCARM__)
  45:Generated_Source\PSoC4/cyfitter_cfg.c ****     #include <intrinsics.h>
  46:Generated_Source\PSoC4/cyfitter_cfg.c **** 
  47:Generated_Source\PSoC4/cyfitter_cfg.c ****     #define CYPACKED __packed
  48:Generated_Source\PSoC4/cyfitter_cfg.c ****     #define CYPACKED_ATTR 
  49:Generated_Source\PSoC4/cyfitter_cfg.c ****     #define CYALIGNED _Pragma("data_alignment=4")
  50:Generated_Source\PSoC4/cyfitter_cfg.c ****     #define CY_CFG_UNUSED _Pragma("diag_suppress=Pe177")
  51:Generated_Source\PSoC4/cyfitter_cfg.c ****     #define CY_CFG_SECTION _Pragma("location=\".psocinit\"")
  52:Generated_Source\PSoC4/cyfitter_cfg.c ****     
  53:Generated_Source\PSoC4/cyfitter_cfg.c ****     #define CY_CFG_MEMORY_BARRIER() __DMB()
  54:Generated_Source\PSoC4/cyfitter_cfg.c ****     
  55:Generated_Source\PSoC4/cyfitter_cfg.c **** #else
  56:Generated_Source\PSoC4/cyfitter_cfg.c ****     #error Unsupported toolchain
  57:Generated_Source\PSoC4/cyfitter_cfg.c **** #endif
  58:Generated_Source\PSoC4/cyfitter_cfg.c **** 
  59:Generated_Source\PSoC4/cyfitter_cfg.c **** #ifndef CYCODE
  60:Generated_Source\PSoC4/cyfitter_cfg.c ****     #define CYCODE
  61:Generated_Source\PSoC4/cyfitter_cfg.c **** #endif
  62:Generated_Source\PSoC4/cyfitter_cfg.c **** #ifndef CYDATA
  63:Generated_Source\PSoC4/cyfitter_cfg.c ****     #define CYDATA
  64:Generated_Source\PSoC4/cyfitter_cfg.c **** #endif
  65:Generated_Source\PSoC4/cyfitter_cfg.c **** #ifndef CYFAR
  66:Generated_Source\PSoC4/cyfitter_cfg.c ****     #define CYFAR
  67:Generated_Source\PSoC4/cyfitter_cfg.c **** #endif
  68:Generated_Source\PSoC4/cyfitter_cfg.c **** #ifndef CYXDATA
  69:Generated_Source\PSoC4/cyfitter_cfg.c ****     #define CYXDATA
  70:Generated_Source\PSoC4/cyfitter_cfg.c **** #endif
  71:Generated_Source\PSoC4/cyfitter_cfg.c **** 
  72:Generated_Source\PSoC4/cyfitter_cfg.c **** 
  73:Generated_Source\PSoC4/cyfitter_cfg.c **** CY_CFG_UNUSED
  74:Generated_Source\PSoC4/cyfitter_cfg.c **** static void CYMEMZERO(void *s, size_t n);
  75:Generated_Source\PSoC4/cyfitter_cfg.c **** CY_CFG_UNUSED
  76:Generated_Source\PSoC4/cyfitter_cfg.c **** static void CYMEMZERO(void *s, size_t n)
  77:Generated_Source\PSoC4/cyfitter_cfg.c **** {
  27              		.loc 1 77 0
  28              		.cfi_startproc
  29              		@ args = 0, pretend = 0, frame = 0
  30              		@ frame_needed = 0, uses_anonymous_args = 0
  31              	.LVL0:
  32 0000 10B5     		push	{r4, lr}
  33              		.cfi_def_cfa_offset 8
  34              		.cfi_offset 4, -8
  35              		.cfi_offset 14, -4
  36 0002 0A00     		movs	r2, r1
  78:Generated_Source\PSoC4/cyfitter_cfg.c **** 	(void)memset(s, 0, n);
ARM GAS  C:\Users\NGUYEN~1\AppData\Local\Temp\ccUiRblp.s 			page 3


  37              		.loc 1 78 0
  38 0004 0021     		movs	r1, #0
  39              	.LVL1:
  40 0006 FFF7FEFF 		bl	memset
  41              	.LVL2:
  79:Generated_Source\PSoC4/cyfitter_cfg.c **** }
  42              		.loc 1 79 0
  43              		@ sp needed
  44 000a 10BD     		pop	{r4, pc}
  45              		.cfi_endproc
  46              	.LFE0:
  47              		.size	CYMEMZERO, .-CYMEMZERO
  48              		.section	.psocinit,"ax",%progbits
  49              		.align	2
  50              		.code	16
  51              		.thumb_func
  52              		.type	ClockSetup, %function
  53              	ClockSetup:
  54              	.LFB3:
  80:Generated_Source\PSoC4/cyfitter_cfg.c **** CY_CFG_UNUSED
  81:Generated_Source\PSoC4/cyfitter_cfg.c **** static void CYCONFIGCPY(void *dest, const void *src, size_t n);
  82:Generated_Source\PSoC4/cyfitter_cfg.c **** CY_CFG_UNUSED
  83:Generated_Source\PSoC4/cyfitter_cfg.c **** static void CYCONFIGCPY(void *dest, const void *src, size_t n)
  84:Generated_Source\PSoC4/cyfitter_cfg.c **** {
  85:Generated_Source\PSoC4/cyfitter_cfg.c **** 	(void)memcpy(dest, src, n);
  86:Generated_Source\PSoC4/cyfitter_cfg.c **** }
  87:Generated_Source\PSoC4/cyfitter_cfg.c **** CY_CFG_UNUSED
  88:Generated_Source\PSoC4/cyfitter_cfg.c **** static void CYCONFIGCPYCODE(void *dest, const void *src, size_t n);
  89:Generated_Source\PSoC4/cyfitter_cfg.c **** CY_CFG_UNUSED
  90:Generated_Source\PSoC4/cyfitter_cfg.c **** static void CYCONFIGCPYCODE(void *dest, const void *src, size_t n)
  91:Generated_Source\PSoC4/cyfitter_cfg.c **** {
  92:Generated_Source\PSoC4/cyfitter_cfg.c **** 	(void)memcpy(dest, src, n);
  93:Generated_Source\PSoC4/cyfitter_cfg.c **** }
  94:Generated_Source\PSoC4/cyfitter_cfg.c **** 
  95:Generated_Source\PSoC4/cyfitter_cfg.c **** 
  96:Generated_Source\PSoC4/cyfitter_cfg.c **** 
  97:Generated_Source\PSoC4/cyfitter_cfg.c **** 
  98:Generated_Source\PSoC4/cyfitter_cfg.c **** /* Clock startup error codes                                                   */
  99:Generated_Source\PSoC4/cyfitter_cfg.c **** #define CYCLOCKSTART_NO_ERROR    0u
 100:Generated_Source\PSoC4/cyfitter_cfg.c **** #define CYCLOCKSTART_XTAL_ERROR  1u
 101:Generated_Source\PSoC4/cyfitter_cfg.c **** #define CYCLOCKSTART_32KHZ_ERROR 2u
 102:Generated_Source\PSoC4/cyfitter_cfg.c **** #define CYCLOCKSTART_PLL_ERROR   3u
 103:Generated_Source\PSoC4/cyfitter_cfg.c **** #define CYCLOCKSTART_FLL_ERROR   4u
 104:Generated_Source\PSoC4/cyfitter_cfg.c **** #define CYCLOCKSTART_WCO_ERROR   5u
 105:Generated_Source\PSoC4/cyfitter_cfg.c **** 
 106:Generated_Source\PSoC4/cyfitter_cfg.c **** 
 107:Generated_Source\PSoC4/cyfitter_cfg.c **** #ifdef CY_NEED_CYCLOCKSTARTUPERROR
 108:Generated_Source\PSoC4/cyfitter_cfg.c **** /*******************************************************************************
 109:Generated_Source\PSoC4/cyfitter_cfg.c **** * Function Name: CyClockStartupError
 110:Generated_Source\PSoC4/cyfitter_cfg.c **** ********************************************************************************
 111:Generated_Source\PSoC4/cyfitter_cfg.c **** * Summary:
 112:Generated_Source\PSoC4/cyfitter_cfg.c **** *  If an error is encountered during clock configuration (crystal startup error,
 113:Generated_Source\PSoC4/cyfitter_cfg.c **** *  PLL lock error, etc.), the system will end up here.  Unless reimplemented by
 114:Generated_Source\PSoC4/cyfitter_cfg.c **** *  the customer, this function will stop in an infinite loop.
 115:Generated_Source\PSoC4/cyfitter_cfg.c **** *
 116:Generated_Source\PSoC4/cyfitter_cfg.c **** * Parameters:
 117:Generated_Source\PSoC4/cyfitter_cfg.c **** *   void
ARM GAS  C:\Users\NGUYEN~1\AppData\Local\Temp\ccUiRblp.s 			page 4


 118:Generated_Source\PSoC4/cyfitter_cfg.c **** *
 119:Generated_Source\PSoC4/cyfitter_cfg.c **** * Return:
 120:Generated_Source\PSoC4/cyfitter_cfg.c **** *   void
 121:Generated_Source\PSoC4/cyfitter_cfg.c **** *
 122:Generated_Source\PSoC4/cyfitter_cfg.c **** *******************************************************************************/
 123:Generated_Source\PSoC4/cyfitter_cfg.c **** CY_CFG_UNUSED
 124:Generated_Source\PSoC4/cyfitter_cfg.c **** static void CyClockStartupError(uint8 errorCode);
 125:Generated_Source\PSoC4/cyfitter_cfg.c **** CY_CFG_UNUSED
 126:Generated_Source\PSoC4/cyfitter_cfg.c **** static void CyClockStartupError(uint8 errorCode)
 127:Generated_Source\PSoC4/cyfitter_cfg.c **** {
 128:Generated_Source\PSoC4/cyfitter_cfg.c ****     /* To remove the compiler warning if errorCode not used.                */
 129:Generated_Source\PSoC4/cyfitter_cfg.c ****     errorCode = errorCode;
 130:Generated_Source\PSoC4/cyfitter_cfg.c **** 
 131:Generated_Source\PSoC4/cyfitter_cfg.c ****     /* If we have a clock startup error (bad MHz crystal, PLL lock, etc.),  */
 132:Generated_Source\PSoC4/cyfitter_cfg.c ****     /* we will end up here to allow the customer to implement something to  */
 133:Generated_Source\PSoC4/cyfitter_cfg.c ****     /* deal with the clock condition.                                       */
 134:Generated_Source\PSoC4/cyfitter_cfg.c **** 
 135:Generated_Source\PSoC4/cyfitter_cfg.c **** #ifdef CY_CFG_CLOCK_STARTUP_ERROR_CALLBACK
 136:Generated_Source\PSoC4/cyfitter_cfg.c ****     CY_CFG_Clock_Startup_ErrorCallback();
 137:Generated_Source\PSoC4/cyfitter_cfg.c **** #else
 138:Generated_Source\PSoC4/cyfitter_cfg.c ****     /*  If not using CY_CFG_CLOCK_STARTUP_ERROR_CALLBACK, place your clock startup code here. */
 139:Generated_Source\PSoC4/cyfitter_cfg.c ****     /* `#START CyClockStartupError` */
 140:Generated_Source\PSoC4/cyfitter_cfg.c **** 
 141:Generated_Source\PSoC4/cyfitter_cfg.c **** 
 142:Generated_Source\PSoC4/cyfitter_cfg.c **** 
 143:Generated_Source\PSoC4/cyfitter_cfg.c ****     /* `#END` */
 144:Generated_Source\PSoC4/cyfitter_cfg.c **** 
 145:Generated_Source\PSoC4/cyfitter_cfg.c ****     while(1) {}
 146:Generated_Source\PSoC4/cyfitter_cfg.c **** #endif /* CY_CFG_CLOCK_STARTUP_ERROR_CALLBACK */
 147:Generated_Source\PSoC4/cyfitter_cfg.c **** }
 148:Generated_Source\PSoC4/cyfitter_cfg.c **** #endif
 149:Generated_Source\PSoC4/cyfitter_cfg.c **** 
 150:Generated_Source\PSoC4/cyfitter_cfg.c **** 
 151:Generated_Source\PSoC4/cyfitter_cfg.c **** 
 152:Generated_Source\PSoC4/cyfitter_cfg.c **** /*******************************************************************************
 153:Generated_Source\PSoC4/cyfitter_cfg.c **** * Function Name: ClockSetup
 154:Generated_Source\PSoC4/cyfitter_cfg.c **** ********************************************************************************
 155:Generated_Source\PSoC4/cyfitter_cfg.c **** *
 156:Generated_Source\PSoC4/cyfitter_cfg.c **** * Summary:
 157:Generated_Source\PSoC4/cyfitter_cfg.c **** *   Performs the initialization of all of the clocks in the device based on the
 158:Generated_Source\PSoC4/cyfitter_cfg.c **** *   settings in the Clock tab of the DWR.  This includes enabling the requested
 159:Generated_Source\PSoC4/cyfitter_cfg.c **** *   clocks and setting the necessary dividers to produce the desired frequency. 
 160:Generated_Source\PSoC4/cyfitter_cfg.c **** *
 161:Generated_Source\PSoC4/cyfitter_cfg.c **** * Parameters:
 162:Generated_Source\PSoC4/cyfitter_cfg.c **** *   void
 163:Generated_Source\PSoC4/cyfitter_cfg.c **** *
 164:Generated_Source\PSoC4/cyfitter_cfg.c **** * Return:
 165:Generated_Source\PSoC4/cyfitter_cfg.c **** *   void
 166:Generated_Source\PSoC4/cyfitter_cfg.c **** *
 167:Generated_Source\PSoC4/cyfitter_cfg.c **** *******************************************************************************/
 168:Generated_Source\PSoC4/cyfitter_cfg.c **** static void ClockSetup(void);
 169:Generated_Source\PSoC4/cyfitter_cfg.c **** CY_CFG_SECTION
 170:Generated_Source\PSoC4/cyfitter_cfg.c **** static void ClockSetup(void)
 171:Generated_Source\PSoC4/cyfitter_cfg.c **** {
  55              		.loc 1 171 0
  56              		.cfi_startproc
  57              		@ args = 0, pretend = 0, frame = 0
ARM GAS  C:\Users\NGUYEN~1\AppData\Local\Temp\ccUiRblp.s 			page 5


  58              		@ frame_needed = 0, uses_anonymous_args = 0
  59 0000 70B5     		push	{r4, r5, r6, lr}
  60              		.cfi_def_cfa_offset 16
  61              		.cfi_offset 4, -16
  62              		.cfi_offset 5, -12
  63              		.cfi_offset 6, -8
  64              		.cfi_offset 14, -4
 172:Generated_Source\PSoC4/cyfitter_cfg.c **** 	/* Enable HALF_EN before trimming for the flash accelerator. */
 173:Generated_Source\PSoC4/cyfitter_cfg.c **** 	CY_SET_REG32((void CYXDATA *)(CYREG_CLK_SELECT), (CY_GET_REG32((void *)CYREG_CLK_SELECT) | 0x00040
  65              		.loc 1 173 0
  66 0002 164C     		ldr	r4, .L3
  67 0004 2368     		ldr	r3, [r4]
  68 0006 8022     		movs	r2, #128
  69 0008 D202     		lsls	r2, r2, #11
  70 000a 1343     		orrs	r3, r2
  71 000c 2360     		str	r3, [r4]
 174:Generated_Source\PSoC4/cyfitter_cfg.c **** 
 175:Generated_Source\PSoC4/cyfitter_cfg.c **** 	/* Setup and trim IMO based on desired frequency. */
 176:Generated_Source\PSoC4/cyfitter_cfg.c **** 	CySysClkWriteImoFreq(24u);
  72              		.loc 1 176 0
  73 000e 1820     		movs	r0, #24
  74 0010 FFF7FEFF 		bl	CySysClkWriteImoFreq
  75              	.LVL3:
 177:Generated_Source\PSoC4/cyfitter_cfg.c **** 
 178:Generated_Source\PSoC4/cyfitter_cfg.c **** 	/* Disable HALF_EN since it is not required at this IMO frequency. */
 179:Generated_Source\PSoC4/cyfitter_cfg.c **** 	CY_SET_REG32((void CYXDATA *)(CYREG_CLK_SELECT), (CY_GET_REG32((void *)CYREG_CLK_SELECT) & 0xFFFBF
  76              		.loc 1 179 0
  77 0014 2268     		ldr	r2, [r4]
  78 0016 124B     		ldr	r3, .L3+4
  79 0018 1340     		ands	r3, r2
  80 001a 2360     		str	r3, [r4]
 180:Generated_Source\PSoC4/cyfitter_cfg.c **** 	/* CYDEV_CLK_ILO_CONFIG Starting address: CYDEV_CLK_ILO_CONFIG */
 181:Generated_Source\PSoC4/cyfitter_cfg.c **** 	CY_SET_REG32((void *)(CYREG_CLK_ILO_CONFIG), 0x80000006u);
  81              		.loc 1 181 0
  82 001c 114A     		ldr	r2, .L3+8
  83 001e 124B     		ldr	r3, .L3+12
  84 0020 1A60     		str	r2, [r3]
 182:Generated_Source\PSoC4/cyfitter_cfg.c **** 
 183:Generated_Source\PSoC4/cyfitter_cfg.c **** 
 184:Generated_Source\PSoC4/cyfitter_cfg.c **** 	/* CYDEV_CLK_SELECT00 Starting address: CYDEV_CLK_SELECT00 */
 185:Generated_Source\PSoC4/cyfitter_cfg.c **** 	CY_SET_REG32((void *)(CYREG_CLK_SELECT03), 0x00000020u);
  85              		.loc 1 185 0
  86 0022 2022     		movs	r2, #32
  87 0024 114B     		ldr	r3, .L3+16
  88 0026 1A60     		str	r2, [r3]
 186:Generated_Source\PSoC4/cyfitter_cfg.c **** 	CY_SET_REG32((void *)(CYREG_CLK_SELECT07), 0x00000010u);
  89              		.loc 1 186 0
  90 0028 103A     		subs	r2, r2, #16
  91 002a 114B     		ldr	r3, .L3+20
  92 002c 1A60     		str	r2, [r3]
 187:Generated_Source\PSoC4/cyfitter_cfg.c **** 
 188:Generated_Source\PSoC4/cyfitter_cfg.c **** 	/* CYDEV_CLK_IMO_CONFIG Starting address: CYDEV_CLK_IMO_CONFIG */
 189:Generated_Source\PSoC4/cyfitter_cfg.c **** 	CY_SET_REG32((void *)(CYREG_CLK_IMO_CONFIG), 0x82000000u);
  93              		.loc 1 189 0
  94 002e 8222     		movs	r2, #130
  95 0030 1206     		lsls	r2, r2, #24
  96 0032 104B     		ldr	r3, .L3+24
ARM GAS  C:\Users\NGUYEN~1\AppData\Local\Temp\ccUiRblp.s 			page 6


  97 0034 1A60     		str	r2, [r3]
 190:Generated_Source\PSoC4/cyfitter_cfg.c **** 
 191:Generated_Source\PSoC4/cyfitter_cfg.c **** 	/* CYDEV_CLK_SELECT Starting address: CYDEV_CLK_SELECT */
 192:Generated_Source\PSoC4/cyfitter_cfg.c **** 	CY_SET_REG32((void *)(CYREG_CLK_SELECT), 0x00000000u);
  98              		.loc 1 192 0
  99 0036 0025     		movs	r5, #0
 100 0038 2560     		str	r5, [r4]
 193:Generated_Source\PSoC4/cyfitter_cfg.c **** 
 194:Generated_Source\PSoC4/cyfitter_cfg.c **** 	/* CYDEV_CLK_DIVIDER_A00 Starting address: CYDEV_CLK_DIVIDER_A00 */
 195:Generated_Source\PSoC4/cyfitter_cfg.c **** 	CY_SET_REG32((void *)(CYREG_CLK_DIVIDER_A00), 0x8000000Bu);
 101              		.loc 1 195 0
 102 003a 0F4A     		ldr	r2, .L3+28
 103 003c 0F4B     		ldr	r3, .L3+32
 104 003e 1A60     		str	r2, [r3]
 196:Generated_Source\PSoC4/cyfitter_cfg.c **** 
 197:Generated_Source\PSoC4/cyfitter_cfg.c **** 	/* CYDEV_CLK_DIVIDER_B00 Starting address: CYDEV_CLK_DIVIDER_B00 */
 198:Generated_Source\PSoC4/cyfitter_cfg.c **** 	CY_SET_REG32((void *)(CYREG_CLK_DIVIDER_B00), 0x80000010u);
 105              		.loc 1 198 0
 106 0040 0F4A     		ldr	r2, .L3+36
 107 0042 104B     		ldr	r3, .L3+40
 108 0044 1A60     		str	r2, [r3]
 199:Generated_Source\PSoC4/cyfitter_cfg.c **** 
 200:Generated_Source\PSoC4/cyfitter_cfg.c **** 	(void)CyIntSetVector(9u, &CySysWdtIsr);
 109              		.loc 1 200 0
 110 0046 1049     		ldr	r1, .L3+44
 111 0048 0920     		movs	r0, #9
 112 004a FFF7FEFF 		bl	CyIntSetVector
 113              	.LVL4:
 201:Generated_Source\PSoC4/cyfitter_cfg.c **** 	CyIntEnable(9u);
 114              		.loc 1 201 0
 115 004e 0920     		movs	r0, #9
 116 0050 FFF7FEFF 		bl	CyIntEnable
 117              	.LVL5:
 202:Generated_Source\PSoC4/cyfitter_cfg.c **** 	CY_SET_REG32((void *)(CYREG_WDT_CONFIG), 0x00000000u);
 118              		.loc 1 202 0
 119 0054 0D4B     		ldr	r3, .L3+48
 120 0056 1D60     		str	r5, [r3]
 203:Generated_Source\PSoC4/cyfitter_cfg.c **** }
 121              		.loc 1 203 0
 122              		@ sp needed
 123 0058 70BD     		pop	{r4, r5, r6, pc}
 124              	.L4:
 125 005a C046     		.align	2
 126              	.L3:
 127 005c 00010B40 		.word	1074462976
 128 0060 FFFFFBFF 		.word	-262145
 129 0064 06000080 		.word	-2147483642
 130 0068 04010B40 		.word	1074462980
 131 006c 0C020240 		.word	1073873420
 132 0070 1C020240 		.word	1073873436
 133 0074 08010B40 		.word	1074462984
 134 0078 0B000080 		.word	-2147483637
 135 007c 00000240 		.word	1073872896
 136 0080 10000080 		.word	-2147483632
 137 0084 40000240 		.word	1073872960
 138 0088 00000000 		.word	CySysWdtIsr
 139 008c 0C020B40 		.word	1074463244
ARM GAS  C:\Users\NGUYEN~1\AppData\Local\Temp\ccUiRblp.s 			page 7


 140              		.cfi_endproc
 141              	.LFE3:
 142              		.size	ClockSetup, .-ClockSetup
 143              		.section	.text.SetAnalogRoutingPumps,"ax",%progbits
 144              		.align	2
 145              		.global	SetAnalogRoutingPumps
 146              		.code	16
 147              		.thumb_func
 148              		.type	SetAnalogRoutingPumps, %function
 149              	SetAnalogRoutingPumps:
 150              	.LFB5:
 204:Generated_Source\PSoC4/cyfitter_cfg.c **** 
 205:Generated_Source\PSoC4/cyfitter_cfg.c **** 
 206:Generated_Source\PSoC4/cyfitter_cfg.c **** /* Analog API Functions */
 207:Generated_Source\PSoC4/cyfitter_cfg.c **** 
 208:Generated_Source\PSoC4/cyfitter_cfg.c **** 
 209:Generated_Source\PSoC4/cyfitter_cfg.c **** /*******************************************************************************
 210:Generated_Source\PSoC4/cyfitter_cfg.c **** * Function Name: AnalogSetDefault
 211:Generated_Source\PSoC4/cyfitter_cfg.c **** ********************************************************************************
 212:Generated_Source\PSoC4/cyfitter_cfg.c **** *
 213:Generated_Source\PSoC4/cyfitter_cfg.c **** * Summary:
 214:Generated_Source\PSoC4/cyfitter_cfg.c **** *  Sets up the analog portions of the chip to default values based on chip
 215:Generated_Source\PSoC4/cyfitter_cfg.c **** *  configuration options from the project.
 216:Generated_Source\PSoC4/cyfitter_cfg.c **** *
 217:Generated_Source\PSoC4/cyfitter_cfg.c **** * Parameters:
 218:Generated_Source\PSoC4/cyfitter_cfg.c **** *  void
 219:Generated_Source\PSoC4/cyfitter_cfg.c **** *
 220:Generated_Source\PSoC4/cyfitter_cfg.c **** * Return:
 221:Generated_Source\PSoC4/cyfitter_cfg.c **** *  void
 222:Generated_Source\PSoC4/cyfitter_cfg.c **** *
 223:Generated_Source\PSoC4/cyfitter_cfg.c **** *******************************************************************************/
 224:Generated_Source\PSoC4/cyfitter_cfg.c **** static void AnalogSetDefault(void);
 225:Generated_Source\PSoC4/cyfitter_cfg.c **** static void AnalogSetDefault(void)
 226:Generated_Source\PSoC4/cyfitter_cfg.c **** {
 227:Generated_Source\PSoC4/cyfitter_cfg.c **** 	CY_SET_XTND_REG32((void CYFAR *)CYREG_SAR_MUX_SWITCH0, 0x00000080u);
 228:Generated_Source\PSoC4/cyfitter_cfg.c **** 	SetAnalogRoutingPumps(1);
 229:Generated_Source\PSoC4/cyfitter_cfg.c **** }
 230:Generated_Source\PSoC4/cyfitter_cfg.c **** 
 231:Generated_Source\PSoC4/cyfitter_cfg.c **** 
 232:Generated_Source\PSoC4/cyfitter_cfg.c **** /*******************************************************************************
 233:Generated_Source\PSoC4/cyfitter_cfg.c **** * Function Name: SetAnalogRoutingPumps
 234:Generated_Source\PSoC4/cyfitter_cfg.c **** ********************************************************************************
 235:Generated_Source\PSoC4/cyfitter_cfg.c **** *
 236:Generated_Source\PSoC4/cyfitter_cfg.c **** * Summary:
 237:Generated_Source\PSoC4/cyfitter_cfg.c **** * Enables or disables the analog pumps feeding analog routing switches.
 238:Generated_Source\PSoC4/cyfitter_cfg.c **** * Intended to be called at startup, based on the Vdda system configuration;
 239:Generated_Source\PSoC4/cyfitter_cfg.c **** * may be called during operation when the user informs us that the Vdda voltage crossed the pump th
 240:Generated_Source\PSoC4/cyfitter_cfg.c **** *
 241:Generated_Source\PSoC4/cyfitter_cfg.c **** * Parameters:
 242:Generated_Source\PSoC4/cyfitter_cfg.c **** *  enabled - 1 to enable the pumps, 0 to disable the pumps
 243:Generated_Source\PSoC4/cyfitter_cfg.c **** *
 244:Generated_Source\PSoC4/cyfitter_cfg.c **** * Return:
 245:Generated_Source\PSoC4/cyfitter_cfg.c **** *  void
 246:Generated_Source\PSoC4/cyfitter_cfg.c **** *
 247:Generated_Source\PSoC4/cyfitter_cfg.c **** *******************************************************************************/
 248:Generated_Source\PSoC4/cyfitter_cfg.c **** void SetAnalogRoutingPumps(uint8 enabled)
 249:Generated_Source\PSoC4/cyfitter_cfg.c **** {
ARM GAS  C:\Users\NGUYEN~1\AppData\Local\Temp\ccUiRblp.s 			page 8


 151              		.loc 1 249 0
 152              		.cfi_startproc
 153              		@ args = 0, pretend = 0, frame = 0
 154              		@ frame_needed = 0, uses_anonymous_args = 0
 155              		@ link register save eliminated.
 156              	.LVL6:
 250:Generated_Source\PSoC4/cyfitter_cfg.c **** 	uint32 regValue = CY_GET_XTND_REG32((void *)(CYREG_SAR_PUMP_CTRL));
 157              		.loc 1 250 0
 158 0000 064B     		ldr	r3, .L8
 159 0002 1B68     		ldr	r3, [r3]
 160              	.LVL7:
 251:Generated_Source\PSoC4/cyfitter_cfg.c **** 	if (enabled != 0u)
 161              		.loc 1 251 0
 162 0004 0028     		cmp	r0, #0
 163 0006 03D0     		beq	.L6
 252:Generated_Source\PSoC4/cyfitter_cfg.c **** 	{
 253:Generated_Source\PSoC4/cyfitter_cfg.c **** 		regValue |= 0x80000000u;
 164              		.loc 1 253 0
 165 0008 8022     		movs	r2, #128
 166 000a 1206     		lsls	r2, r2, #24
 167 000c 1343     		orrs	r3, r2
 168              	.LVL8:
 169 000e 01E0     		b	.L7
 170              	.L6:
 254:Generated_Source\PSoC4/cyfitter_cfg.c **** 	}
 255:Generated_Source\PSoC4/cyfitter_cfg.c **** 	else
 256:Generated_Source\PSoC4/cyfitter_cfg.c **** 	{
 257:Generated_Source\PSoC4/cyfitter_cfg.c **** 		regValue &= ~0x80000000u;
 171              		.loc 1 257 0
 172 0010 5B00     		lsls	r3, r3, #1
 173              	.LVL9:
 174 0012 5B08     		lsrs	r3, r3, #1
 175              	.LVL10:
 176              	.L7:
 258:Generated_Source\PSoC4/cyfitter_cfg.c **** 	}
 259:Generated_Source\PSoC4/cyfitter_cfg.c **** 	CY_SET_XTND_REG32((void *)(CYREG_SAR_PUMP_CTRL), regValue);
 177              		.loc 1 259 0
 178 0014 014A     		ldr	r2, .L8
 179 0016 1360     		str	r3, [r2]
 260:Generated_Source\PSoC4/cyfitter_cfg.c **** }
 180              		.loc 1 260 0
 181              		@ sp needed
 182 0018 7047     		bx	lr
 183              	.L9:
 184 001a C046     		.align	2
 185              	.L8:
 186 001c 80031A40 		.word	1075446656
 187              		.cfi_endproc
 188              	.LFE5:
 189              		.size	SetAnalogRoutingPumps, .-SetAnalogRoutingPumps
 190              		.section	.text.AnalogSetDefault,"ax",%progbits
 191              		.align	2
 192              		.code	16
 193              		.thumb_func
 194              		.type	AnalogSetDefault, %function
 195              	AnalogSetDefault:
 196              	.LFB4:
ARM GAS  C:\Users\NGUYEN~1\AppData\Local\Temp\ccUiRblp.s 			page 9


 226:Generated_Source\PSoC4/cyfitter_cfg.c **** 	CY_SET_XTND_REG32((void CYFAR *)CYREG_SAR_MUX_SWITCH0, 0x00000080u);
 197              		.loc 1 226 0
 198              		.cfi_startproc
 199              		@ args = 0, pretend = 0, frame = 0
 200              		@ frame_needed = 0, uses_anonymous_args = 0
 201 0000 10B5     		push	{r4, lr}
 202              		.cfi_def_cfa_offset 8
 203              		.cfi_offset 4, -8
 204              		.cfi_offset 14, -4
 227:Generated_Source\PSoC4/cyfitter_cfg.c **** 	SetAnalogRoutingPumps(1);
 205              		.loc 1 227 0
 206 0002 8022     		movs	r2, #128
 207 0004 024B     		ldr	r3, .L11
 208 0006 1A60     		str	r2, [r3]
 228:Generated_Source\PSoC4/cyfitter_cfg.c **** }
 209              		.loc 1 228 0
 210 0008 0120     		movs	r0, #1
 211 000a FFF7FEFF 		bl	SetAnalogRoutingPumps
 212              	.LVL11:
 229:Generated_Source\PSoC4/cyfitter_cfg.c **** 
 213              		.loc 1 229 0
 214              		@ sp needed
 215 000e 10BD     		pop	{r4, pc}
 216              	.L12:
 217              		.align	2
 218              	.L11:
 219 0010 00031A40 		.word	1075446528
 220              		.cfi_endproc
 221              	.LFE4:
 222              		.size	AnalogSetDefault, .-AnalogSetDefault
 223              		.section	.psocinit
 224              		.align	2
 225              		.global	cyfitter_cfg
 226              		.code	16
 227              		.thumb_func
 228              		.type	cyfitter_cfg, %function
 229              	cyfitter_cfg:
 230              	.LFB6:
 261:Generated_Source\PSoC4/cyfitter_cfg.c **** 
 262:Generated_Source\PSoC4/cyfitter_cfg.c **** 
 263:Generated_Source\PSoC4/cyfitter_cfg.c **** 
 264:Generated_Source\PSoC4/cyfitter_cfg.c **** 
 265:Generated_Source\PSoC4/cyfitter_cfg.c **** /*******************************************************************************
 266:Generated_Source\PSoC4/cyfitter_cfg.c **** * Function Name: cyfitter_cfg
 267:Generated_Source\PSoC4/cyfitter_cfg.c **** ********************************************************************************
 268:Generated_Source\PSoC4/cyfitter_cfg.c **** * Summary:
 269:Generated_Source\PSoC4/cyfitter_cfg.c **** *  This function is called by the start-up code for the selected device. It
 270:Generated_Source\PSoC4/cyfitter_cfg.c **** *  performs all of the necessary device configuration based on the design
 271:Generated_Source\PSoC4/cyfitter_cfg.c **** *  settings.  This includes settings from the Design Wide Resources (DWR) such
 272:Generated_Source\PSoC4/cyfitter_cfg.c **** *  as Clocks and Pins as well as any component configuration that is necessary.
 273:Generated_Source\PSoC4/cyfitter_cfg.c **** *
 274:Generated_Source\PSoC4/cyfitter_cfg.c **** * Parameters:
 275:Generated_Source\PSoC4/cyfitter_cfg.c **** *   void
 276:Generated_Source\PSoC4/cyfitter_cfg.c **** *
 277:Generated_Source\PSoC4/cyfitter_cfg.c **** * Return:
 278:Generated_Source\PSoC4/cyfitter_cfg.c **** *   void
 279:Generated_Source\PSoC4/cyfitter_cfg.c **** *
ARM GAS  C:\Users\NGUYEN~1\AppData\Local\Temp\ccUiRblp.s 			page 10


 280:Generated_Source\PSoC4/cyfitter_cfg.c **** *******************************************************************************/
 281:Generated_Source\PSoC4/cyfitter_cfg.c **** CY_CFG_SECTION
 282:Generated_Source\PSoC4/cyfitter_cfg.c **** void cyfitter_cfg(void)
 283:Generated_Source\PSoC4/cyfitter_cfg.c **** {
 231              		.loc 1 283 0
 232              		.cfi_startproc
 233              		@ args = 0, pretend = 0, frame = 0
 234              		@ frame_needed = 0, uses_anonymous_args = 0
 235 0090 10B5     		push	{r4, lr}
 236              		.cfi_def_cfa_offset 8
 237              		.cfi_offset 4, -8
 238              		.cfi_offset 14, -4
 284:Generated_Source\PSoC4/cyfitter_cfg.c **** 	/* Disable interrupts by default. Let user enable if/when they want. */
 285:Generated_Source\PSoC4/cyfitter_cfg.c **** 	CyGlobalIntDisable;
 239              		.loc 1 285 0
 240              		.syntax divided
 241              	@ 285 "Generated_Source\PSoC4\cyfitter_cfg.c" 1
 242 0092 72B6     		CPSID   i
 243              	@ 0 "" 2
 244              	.LVL12:
 245              		.thumb
 246              		.syntax unified
 247              	.LBB2:
 286:Generated_Source\PSoC4/cyfitter_cfg.c **** 
 287:Generated_Source\PSoC4/cyfitter_cfg.c **** 	{
 288:Generated_Source\PSoC4/cyfitter_cfg.c **** 
 289:Generated_Source\PSoC4/cyfitter_cfg.c **** 		CYPACKED typedef struct {
 290:Generated_Source\PSoC4/cyfitter_cfg.c **** 			void CYFAR *address;
 291:Generated_Source\PSoC4/cyfitter_cfg.c **** 			uint16 size;
 292:Generated_Source\PSoC4/cyfitter_cfg.c **** 		} CYPACKED_ATTR cfg_memset_t;
 293:Generated_Source\PSoC4/cyfitter_cfg.c **** 
 294:Generated_Source\PSoC4/cyfitter_cfg.c **** 		static const cfg_memset_t CYCODE cfg_memset_list[] = {
 295:Generated_Source\PSoC4/cyfitter_cfg.c **** 			/* address, size */
 296:Generated_Source\PSoC4/cyfitter_cfg.c **** 			{(void CYFAR *)(CYDEV_UDB_P0_U0_BASE), 1024u},
 297:Generated_Source\PSoC4/cyfitter_cfg.c **** 			{(void CYFAR *)(CYDEV_UDB_DSI0_BASE), 1024u},
 298:Generated_Source\PSoC4/cyfitter_cfg.c **** 		};
 299:Generated_Source\PSoC4/cyfitter_cfg.c **** 
 300:Generated_Source\PSoC4/cyfitter_cfg.c **** 		uint8 CYDATA i;
 301:Generated_Source\PSoC4/cyfitter_cfg.c **** 
 302:Generated_Source\PSoC4/cyfitter_cfg.c **** 		/* Zero out critical memory blocks before beginning configuration */
 303:Generated_Source\PSoC4/cyfitter_cfg.c **** 		for (i = 0u; i < (sizeof(cfg_memset_list)/sizeof(cfg_memset_list[0])); i++)
 248              		.loc 1 303 0
 249 0094 0024     		movs	r4, #0
 250 0096 0FE0     		b	.L14
 251              	.LVL13:
 252              	.L15:
 253              	.LBB3:
 304:Generated_Source\PSoC4/cyfitter_cfg.c **** 		{
 305:Generated_Source\PSoC4/cyfitter_cfg.c **** 			const cfg_memset_t CYCODE * CYDATA ms = &cfg_memset_list[i];
 306:Generated_Source\PSoC4/cyfitter_cfg.c **** 			CYMEMZERO(ms->address, (size_t)(uint32)(ms->size));
 254              		.loc 1 306 0 discriminator 3
 255 0098 1E48     		ldr	r0, .L16
 256 009a 6200     		lsls	r2, r4, #1
 257 009c 1319     		adds	r3, r2, r4
 258 009e 5900     		lsls	r1, r3, #1
 259 00a0 0B00     		movs	r3, r1
 260 00a2 4118     		adds	r1, r0, r1
ARM GAS  C:\Users\NGUYEN~1\AppData\Local\Temp\ccUiRblp.s 			page 11


 261 00a4 8988     		ldrh	r1, [r1, #4]
 262 00a6 1A5A     		ldrh	r2, [r3, r0]
 263 00a8 C318     		adds	r3, r0, r3
 264 00aa 5888     		ldrh	r0, [r3, #2]
 265 00ac 0004     		lsls	r0, r0, #16
 266 00ae 1043     		orrs	r0, r2
 267 00b0 FFF7FEFF 		bl	CYMEMZERO
 268              	.LVL14:
 269              	.LBE3:
 303:Generated_Source\PSoC4/cyfitter_cfg.c **** 		{
 270              		.loc 1 303 0 discriminator 3
 271 00b4 0134     		adds	r4, r4, #1
 272              	.LVL15:
 273 00b6 E4B2     		uxtb	r4, r4
 274              	.LVL16:
 275              	.L14:
 303:Generated_Source\PSoC4/cyfitter_cfg.c **** 		{
 276              		.loc 1 303 0 is_stmt 0 discriminator 1
 277 00b8 012C     		cmp	r4, #1
 278 00ba EDD9     		bls	.L15
 307:Generated_Source\PSoC4/cyfitter_cfg.c **** 		}
 308:Generated_Source\PSoC4/cyfitter_cfg.c **** 
 309:Generated_Source\PSoC4/cyfitter_cfg.c **** 		/* HSIOM Starting address: CYDEV_HSIOM_BASE */
 310:Generated_Source\PSoC4/cyfitter_cfg.c **** 		CY_SET_REG32((void *)(CYDEV_HSIOM_BASE), 0x00990000u);
 279              		.loc 1 310 0 is_stmt 1
 280 00bc 9923     		movs	r3, #153
 281 00be 1B04     		lsls	r3, r3, #16
 282 00c0 154A     		ldr	r2, .L16+4
 283 00c2 1360     		str	r3, [r2]
 311:Generated_Source\PSoC4/cyfitter_cfg.c **** 		CY_SET_REG32((void *)(CYREG_HSIOM_PORT_SEL3), 0x0000EE00u);
 284              		.loc 1 311 0
 285 00c4 EE21     		movs	r1, #238
 286 00c6 0902     		lsls	r1, r1, #8
 287 00c8 144A     		ldr	r2, .L16+8
 288 00ca 1160     		str	r1, [r2]
 312:Generated_Source\PSoC4/cyfitter_cfg.c **** 
 313:Generated_Source\PSoC4/cyfitter_cfg.c **** 		/* UDB_PA_0 Starting address: CYDEV_UDB_PA0_BASE */
 314:Generated_Source\PSoC4/cyfitter_cfg.c **** 		CY_SET_REG32((void *)(CYDEV_UDB_PA0_BASE), 0x00990000u);
 289              		.loc 1 314 0
 290 00cc 144A     		ldr	r2, .L16+12
 291 00ce 1360     		str	r3, [r2]
 315:Generated_Source\PSoC4/cyfitter_cfg.c **** 
 316:Generated_Source\PSoC4/cyfitter_cfg.c **** 		/* UDB_PA_2 Starting address: CYDEV_UDB_PA2_BASE */
 317:Generated_Source\PSoC4/cyfitter_cfg.c **** 		CY_SET_REG32((void *)(CYDEV_UDB_PA2_BASE), 0x00990000u);
 292              		.loc 1 317 0
 293 00d0 144A     		ldr	r2, .L16+16
 294 00d2 1360     		str	r3, [r2]
 318:Generated_Source\PSoC4/cyfitter_cfg.c **** 
 319:Generated_Source\PSoC4/cyfitter_cfg.c **** 		/* UDB_PA_3 Starting address: CYDEV_UDB_PA3_BASE */
 320:Generated_Source\PSoC4/cyfitter_cfg.c **** 		CY_SET_REG32((void *)(CYDEV_UDB_PA3_BASE), 0x00990000u);
 295              		.loc 1 320 0
 296 00d4 144A     		ldr	r2, .L16+20
 297 00d6 1360     		str	r3, [r2]
 321:Generated_Source\PSoC4/cyfitter_cfg.c **** 
 322:Generated_Source\PSoC4/cyfitter_cfg.c **** 		/* Enable digital routing */
 323:Generated_Source\PSoC4/cyfitter_cfg.c **** 		CY_SET_XTND_REG8((void *)CYREG_UDB_UDBIF_BANK_CTL, (uint8)(CY_GET_XTND_REG8((void *)CYREG_UDB_UDB
 298              		.loc 1 323 0
ARM GAS  C:\Users\NGUYEN~1\AppData\Local\Temp\ccUiRblp.s 			page 12


 299 00d8 144A     		ldr	r2, .L16+24
 300 00da 1178     		ldrb	r1, [r2]
 301 00dc 0623     		movs	r3, #6
 302 00de 0B43     		orrs	r3, r1
 303 00e0 DBB2     		uxtb	r3, r3
 304 00e2 1370     		strb	r3, [r2]
 305              	.LBE2:
 324:Generated_Source\PSoC4/cyfitter_cfg.c **** 	}
 325:Generated_Source\PSoC4/cyfitter_cfg.c **** 
 326:Generated_Source\PSoC4/cyfitter_cfg.c **** 	/* Perform second pass device configuration. These items must be configured in specific order afte
 327:Generated_Source\PSoC4/cyfitter_cfg.c **** 	/* IOPINS0_0 Starting address: CYDEV_PRT0_BASE */
 328:Generated_Source\PSoC4/cyfitter_cfg.c **** 	CY_SET_REG32((void *)(CYDEV_PRT0_BASE), 0x00000020u);
 306              		.loc 1 328 0
 307 00e4 2023     		movs	r3, #32
 308 00e6 124A     		ldr	r2, .L16+28
 309 00e8 1360     		str	r3, [r2]
 329:Generated_Source\PSoC4/cyfitter_cfg.c **** 	CY_SET_REG32((void *)(CYREG_PRT0_PC), 0x00031000u);
 310              		.loc 1 329 0
 311 00ea C421     		movs	r1, #196
 312 00ec 8902     		lsls	r1, r1, #10
 313 00ee 114A     		ldr	r2, .L16+32
 314 00f0 1160     		str	r1, [r2]
 330:Generated_Source\PSoC4/cyfitter_cfg.c **** 	CY_SET_REG32((void *)(CYREG_PRT0_PC2), 0x00000020u);
 315              		.loc 1 330 0
 316 00f2 114A     		ldr	r2, .L16+36
 317 00f4 1360     		str	r3, [r2]
 331:Generated_Source\PSoC4/cyfitter_cfg.c **** 
 332:Generated_Source\PSoC4/cyfitter_cfg.c **** 	/* IOPINS0_2 Starting address: CYDEV_PRT2_BASE */
 333:Generated_Source\PSoC4/cyfitter_cfg.c **** 	CY_SET_REG32((void *)(CYDEV_PRT2_BASE), 0x00000080u);
 318              		.loc 1 333 0
 319 00f6 6033     		adds	r3, r3, #96
 320 00f8 104A     		ldr	r2, .L16+40
 321 00fa 1360     		str	r3, [r2]
 334:Generated_Source\PSoC4/cyfitter_cfg.c **** 	CY_SET_REG32((void *)(CYREG_PRT2_PC2), 0x00000080u);
 322              		.loc 1 334 0
 323 00fc 104A     		ldr	r2, .L16+44
 324 00fe 1360     		str	r3, [r2]
 335:Generated_Source\PSoC4/cyfitter_cfg.c **** 
 336:Generated_Source\PSoC4/cyfitter_cfg.c **** 	/* IOPINS0_3 Starting address: CYDEV_PRT3_BASE */
 337:Generated_Source\PSoC4/cyfitter_cfg.c **** 	CY_SET_REG32((void *)(CYREG_PRT3_PC), 0x00000D80u);
 325              		.loc 1 337 0
 326 0100 D822     		movs	r2, #216
 327 0102 1201     		lsls	r2, r2, #4
 328 0104 0F4B     		ldr	r3, .L16+48
 329 0106 1A60     		str	r2, [r3]
 338:Generated_Source\PSoC4/cyfitter_cfg.c **** 
 339:Generated_Source\PSoC4/cyfitter_cfg.c **** 
 340:Generated_Source\PSoC4/cyfitter_cfg.c **** 	/* Setup clocks based on selections from Clock DWR */
 341:Generated_Source\PSoC4/cyfitter_cfg.c **** 	ClockSetup();
 330              		.loc 1 341 0
 331 0108 FFF77AFF 		bl	ClockSetup
 332              	.LVL17:
 342:Generated_Source\PSoC4/cyfitter_cfg.c **** 
 343:Generated_Source\PSoC4/cyfitter_cfg.c **** 	/* Perform basic analog initialization to defaults */
 344:Generated_Source\PSoC4/cyfitter_cfg.c **** 	AnalogSetDefault();
 333              		.loc 1 344 0
 334 010c FFF7FEFF 		bl	AnalogSetDefault
ARM GAS  C:\Users\NGUYEN~1\AppData\Local\Temp\ccUiRblp.s 			page 13


 335              	.LVL18:
 345:Generated_Source\PSoC4/cyfitter_cfg.c **** 
 346:Generated_Source\PSoC4/cyfitter_cfg.c **** }
 336              		.loc 1 346 0
 337              		@ sp needed
 338              	.LVL19:
 339 0110 10BD     		pop	{r4, pc}
 340              	.L17:
 341 0112 C046     		.align	2
 342              	.L16:
 343 0114 00000000 		.word	.LANCHOR0
 344 0118 00000140 		.word	1073807360
 345 011c 0C000140 		.word	1073807372
 346 0120 00500F40 		.word	1074745344
 347 0124 20500F40 		.word	1074745376
 348 0128 30500F40 		.word	1074745392
 349 012c 00700F40 		.word	1074753536
 350 0130 00000440 		.word	1074003968
 351 0134 08000440 		.word	1074003976
 352 0138 18000440 		.word	1074003992
 353 013c 00020440 		.word	1074004480
 354 0140 18020440 		.word	1074004504
 355 0144 08030440 		.word	1074004744
 356              		.cfi_endproc
 357              	.LFE6:
 358              		.size	cyfitter_cfg, .-cyfitter_cfg
 359              		.section	.rodata
 360              		.align	2
 361              		.set	.LANCHOR0,. + 0
 362              		.type	cfg_memset_list.4853, %object
 363              		.size	cfg_memset_list.4853, 12
 364              	cfg_memset_list.4853:
 365 0000 00300F40 		.word	1074737152
 366 0004 0004     		.short	1024
 367 0006 00400F40 		.4byte	1074741248
 368 000a 0004     		.short	1024
 369              		.text
 370              	.Letext0:
 371              		.file 2 "c:\\program files (x86)\\cypress\\psoc creator\\4.4\\psoc creator\\import\\gnu\\arm\\5.4.
 372              		.file 3 "Generated_Source\\PSoC4\\cytypes.h"
 373              		.file 4 "Generated_Source\\PSoC4\\CyLib.h"
 374              		.section	.debug_info,"",%progbits
 375              	.Ldebug_info0:
 376 0000 DA020000 		.4byte	0x2da
 377 0004 0400     		.2byte	0x4
 378 0006 00000000 		.4byte	.Ldebug_abbrev0
 379 000a 04       		.byte	0x4
 380 000b 01       		.uleb128 0x1
 381 000c 3C010000 		.4byte	.LASF34
 382 0010 0C       		.byte	0xc
 383 0011 3B020000 		.4byte	.LASF35
 384 0015 FB000000 		.4byte	.LASF36
 385 0019 00000000 		.4byte	.Ldebug_ranges0+0
 386 001d 00000000 		.4byte	0
 387 0021 00000000 		.4byte	.Ldebug_line0
 388 0025 02       		.uleb128 0x2
 389 0026 04       		.byte	0x4
ARM GAS  C:\Users\NGUYEN~1\AppData\Local\Temp\ccUiRblp.s 			page 14


 390 0027 05       		.byte	0x5
 391 0028 696E7400 		.ascii	"int\000"
 392 002c 03       		.uleb128 0x3
 393 002d 06000000 		.4byte	.LASF12
 394 0031 02       		.byte	0x2
 395 0032 D8       		.byte	0xd8
 396 0033 37000000 		.4byte	0x37
 397 0037 04       		.uleb128 0x4
 398 0038 04       		.byte	0x4
 399 0039 07       		.byte	0x7
 400 003a E1000000 		.4byte	.LASF0
 401 003e 04       		.uleb128 0x4
 402 003f 08       		.byte	0x8
 403 0040 05       		.byte	0x5
 404 0041 E0010000 		.4byte	.LASF1
 405 0045 04       		.uleb128 0x4
 406 0046 08       		.byte	0x8
 407 0047 04       		.byte	0x4
 408 0048 23020000 		.4byte	.LASF2
 409 004c 04       		.uleb128 0x4
 410 004d 01       		.byte	0x1
 411 004e 06       		.byte	0x6
 412 004f 2F020000 		.4byte	.LASF3
 413 0053 04       		.uleb128 0x4
 414 0054 01       		.byte	0x1
 415 0055 08       		.byte	0x8
 416 0056 AB000000 		.4byte	.LASF4
 417 005a 04       		.uleb128 0x4
 418 005b 02       		.byte	0x2
 419 005c 05       		.byte	0x5
 420 005d FB010000 		.4byte	.LASF5
 421 0061 04       		.uleb128 0x4
 422 0062 02       		.byte	0x2
 423 0063 07       		.byte	0x7
 424 0064 48000000 		.4byte	.LASF6
 425 0068 04       		.uleb128 0x4
 426 0069 04       		.byte	0x4
 427 006a 05       		.byte	0x5
 428 006b 1A020000 		.4byte	.LASF7
 429 006f 04       		.uleb128 0x4
 430 0070 04       		.byte	0x4
 431 0071 07       		.byte	0x7
 432 0072 73000000 		.4byte	.LASF8
 433 0076 04       		.uleb128 0x4
 434 0077 08       		.byte	0x8
 435 0078 07       		.byte	0x7
 436 0079 25010000 		.4byte	.LASF9
 437 007d 04       		.uleb128 0x4
 438 007e 04       		.byte	0x4
 439 007f 07       		.byte	0x7
 440 0080 D7010000 		.4byte	.LASF10
 441 0084 05       		.uleb128 0x5
 442 0085 04       		.byte	0x4
 443 0086 04       		.uleb128 0x4
 444 0087 01       		.byte	0x1
 445 0088 08       		.byte	0x8
 446 0089 EE010000 		.4byte	.LASF11
ARM GAS  C:\Users\NGUYEN~1\AppData\Local\Temp\ccUiRblp.s 			page 15


 447 008d 06       		.uleb128 0x6
 448 008e 85000000 		.4byte	.LASF13
 449 0092 03       		.byte	0x3
 450 0093 FB01     		.2byte	0x1fb
 451 0095 53000000 		.4byte	0x53
 452 0099 06       		.uleb128 0x6
 453 009a D3000000 		.4byte	.LASF14
 454 009e 03       		.byte	0x3
 455 009f FC01     		.2byte	0x1fc
 456 00a1 61000000 		.4byte	0x61
 457 00a5 06       		.uleb128 0x6
 458 00a6 DA000000 		.4byte	.LASF15
 459 00aa 03       		.byte	0x3
 460 00ab FD01     		.2byte	0x1fd
 461 00ad 6F000000 		.4byte	0x6f
 462 00b1 04       		.uleb128 0x4
 463 00b2 04       		.byte	0x4
 464 00b3 04       		.byte	0x4
 465 00b4 5B000000 		.4byte	.LASF16
 466 00b8 04       		.uleb128 0x4
 467 00b9 08       		.byte	0x8
 468 00ba 04       		.byte	0x4
 469 00bb C0000000 		.4byte	.LASF17
 470 00bf 06       		.uleb128 0x6
 471 00c0 66000000 		.4byte	.LASF18
 472 00c4 03       		.byte	0x3
 473 00c5 A502     		.2byte	0x2a5
 474 00c7 CB000000 		.4byte	0xcb
 475 00cb 07       		.uleb128 0x7
 476 00cc 8D000000 		.4byte	0x8d
 477 00d0 06       		.uleb128 0x6
 478 00d1 00000000 		.4byte	.LASF19
 479 00d5 03       		.byte	0x3
 480 00d6 A702     		.2byte	0x2a7
 481 00d8 DC000000 		.4byte	0xdc
 482 00dc 07       		.uleb128 0x7
 483 00dd A5000000 		.4byte	0xa5
 484 00e1 08       		.uleb128 0x8
 485 00e2 8B000000 		.4byte	.LASF20
 486 00e6 01       		.byte	0x1
 487 00e7 4C       		.byte	0x4c
 488 00e8 00000000 		.4byte	.LFB0
 489 00ec 0C000000 		.4byte	.LFE0-.LFB0
 490 00f0 01       		.uleb128 0x1
 491 00f1 9C       		.byte	0x9c
 492 00f2 2E010000 		.4byte	0x12e
 493 00f6 09       		.uleb128 0x9
 494 00f7 7300     		.ascii	"s\000"
 495 00f9 01       		.byte	0x1
 496 00fa 4C       		.byte	0x4c
 497 00fb 84000000 		.4byte	0x84
 498 00ff 00000000 		.4byte	.LLST0
 499 0103 09       		.uleb128 0x9
 500 0104 6E00     		.ascii	"n\000"
 501 0106 01       		.byte	0x1
 502 0107 4C       		.byte	0x4c
 503 0108 2C000000 		.4byte	0x2c
ARM GAS  C:\Users\NGUYEN~1\AppData\Local\Temp\ccUiRblp.s 			page 16


 504 010c 21000000 		.4byte	.LLST1
 505 0110 0A       		.uleb128 0xa
 506 0111 0A000000 		.4byte	.LVL2
 507 0115 B3020000 		.4byte	0x2b3
 508 0119 0B       		.uleb128 0xb
 509 011a 01       		.uleb128 0x1
 510 011b 50       		.byte	0x50
 511 011c 03       		.uleb128 0x3
 512 011d F3       		.byte	0xf3
 513 011e 01       		.uleb128 0x1
 514 011f 50       		.byte	0x50
 515 0120 0B       		.uleb128 0xb
 516 0121 01       		.uleb128 0x1
 517 0122 51       		.byte	0x51
 518 0123 01       		.uleb128 0x1
 519 0124 30       		.byte	0x30
 520 0125 0B       		.uleb128 0xb
 521 0126 01       		.uleb128 0x1
 522 0127 52       		.byte	0x52
 523 0128 03       		.uleb128 0x3
 524 0129 F3       		.byte	0xf3
 525 012a 01       		.uleb128 0x1
 526 012b 51       		.byte	0x51
 527 012c 00       		.byte	0
 528 012d 00       		.byte	0
 529 012e 08       		.uleb128 0x8
 530 012f 3D000000 		.4byte	.LASF21
 531 0133 01       		.byte	0x1
 532 0134 AA       		.byte	0xaa
 533 0135 00000000 		.4byte	.LFB3
 534 0139 90000000 		.4byte	.LFE3-.LFB3
 535 013d 01       		.uleb128 0x1
 536 013e 9C       		.byte	0x9c
 537 013f 79010000 		.4byte	0x179
 538 0143 0C       		.uleb128 0xc
 539 0144 14000000 		.4byte	.LVL3
 540 0148 BC020000 		.4byte	0x2bc
 541 014c 56010000 		.4byte	0x156
 542 0150 0B       		.uleb128 0xb
 543 0151 01       		.uleb128 0x1
 544 0152 50       		.byte	0x50
 545 0153 01       		.uleb128 0x1
 546 0154 48       		.byte	0x48
 547 0155 00       		.byte	0
 548 0156 0C       		.uleb128 0xc
 549 0157 4E000000 		.4byte	.LVL4
 550 015b C7020000 		.4byte	0x2c7
 551 015f 69010000 		.4byte	0x169
 552 0163 0B       		.uleb128 0xb
 553 0164 01       		.uleb128 0x1
 554 0165 50       		.byte	0x50
 555 0166 01       		.uleb128 0x1
 556 0167 39       		.byte	0x39
 557 0168 00       		.byte	0
 558 0169 0A       		.uleb128 0xa
 559 016a 54000000 		.4byte	.LVL5
 560 016e D2020000 		.4byte	0x2d2
ARM GAS  C:\Users\NGUYEN~1\AppData\Local\Temp\ccUiRblp.s 			page 17


 561 0172 0B       		.uleb128 0xb
 562 0173 01       		.uleb128 0x1
 563 0174 50       		.byte	0x50
 564 0175 01       		.uleb128 0x1
 565 0176 39       		.byte	0x39
 566 0177 00       		.byte	0
 567 0178 00       		.byte	0
 568 0179 0D       		.uleb128 0xd
 569 017a 95000000 		.4byte	.LASF24
 570 017e 01       		.byte	0x1
 571 017f F8       		.byte	0xf8
 572 0180 00000000 		.4byte	.LFB5
 573 0184 20000000 		.4byte	.LFE5-.LFB5
 574 0188 01       		.uleb128 0x1
 575 0189 9C       		.byte	0x9c
 576 018a AB010000 		.4byte	0x1ab
 577 018e 0E       		.uleb128 0xe
 578 018f F3010000 		.4byte	.LASF22
 579 0193 01       		.byte	0x1
 580 0194 F8       		.byte	0xf8
 581 0195 8D000000 		.4byte	0x8d
 582 0199 01       		.uleb128 0x1
 583 019a 50       		.byte	0x50
 584 019b 0F       		.uleb128 0xf
 585 019c 61020000 		.4byte	.LASF29
 586 01a0 01       		.byte	0x1
 587 01a1 FA       		.byte	0xfa
 588 01a2 A5000000 		.4byte	0xa5
 589 01a6 4D000000 		.4byte	.LLST2
 590 01aa 00       		.byte	0
 591 01ab 08       		.uleb128 0x8
 592 01ac 0D000000 		.4byte	.LASF23
 593 01b0 01       		.byte	0x1
 594 01b1 E1       		.byte	0xe1
 595 01b2 00000000 		.4byte	.LFB4
 596 01b6 14000000 		.4byte	.LFE4-.LFB4
 597 01ba 01       		.uleb128 0x1
 598 01bb 9C       		.byte	0x9c
 599 01bc D0010000 		.4byte	0x1d0
 600 01c0 0A       		.uleb128 0xa
 601 01c1 0E000000 		.4byte	.LVL11
 602 01c5 79010000 		.4byte	0x179
 603 01c9 0B       		.uleb128 0xb
 604 01ca 01       		.uleb128 0x1
 605 01cb 50       		.byte	0x50
 606 01cc 01       		.uleb128 0x1
 607 01cd 31       		.byte	0x31
 608 01ce 00       		.byte	0
 609 01cf 00       		.byte	0
 610 01d0 10       		.uleb128 0x10
 611 01d1 EE000000 		.4byte	.LASF25
 612 01d5 01       		.byte	0x1
 613 01d6 1A01     		.2byte	0x11a
 614 01d8 90000000 		.4byte	.LFB6
 615 01dc B8000000 		.4byte	.LFE6-.LFB6
 616 01e0 01       		.uleb128 0x1
 617 01e1 9C       		.byte	0x9c
ARM GAS  C:\Users\NGUYEN~1\AppData\Local\Temp\ccUiRblp.s 			page 18


 618 01e2 B3020000 		.4byte	0x2b3
 619 01e6 11       		.uleb128 0x11
 620 01e7 94000000 		.4byte	.LBB2
 621 01eb 50000000 		.4byte	.LBE2-.LBB2
 622 01ef A0020000 		.4byte	0x2a0
 623 01f3 12       		.uleb128 0x12
 624 01f4 06       		.byte	0x6
 625 01f5 01       		.byte	0x1
 626 01f6 2101     		.2byte	0x121
 627 01f8 17020000 		.4byte	0x217
 628 01fc 13       		.uleb128 0x13
 629 01fd 6B000000 		.4byte	.LASF26
 630 0201 01       		.byte	0x1
 631 0202 2201     		.2byte	0x122
 632 0204 84000000 		.4byte	0x84
 633 0208 00       		.byte	0
 634 0209 13       		.uleb128 0x13
 635 020a 61000000 		.4byte	.LASF27
 636 020e 01       		.byte	0x1
 637 020f 2301     		.2byte	0x123
 638 0211 99000000 		.4byte	0x99
 639 0215 04       		.byte	0x4
 640 0216 00       		.byte	0
 641 0217 06       		.uleb128 0x6
 642 0218 CA010000 		.4byte	.LASF28
 643 021c 01       		.byte	0x1
 644 021d 2401     		.2byte	0x124
 645 021f F3010000 		.4byte	0x1f3
 646 0223 14       		.uleb128 0x14
 647 0224 33020000 		.4byte	0x233
 648 0228 33020000 		.4byte	0x233
 649 022c 15       		.uleb128 0x15
 650 022d 7D000000 		.4byte	0x7d
 651 0231 01       		.byte	0x1
 652 0232 00       		.byte	0
 653 0233 16       		.uleb128 0x16
 654 0234 17020000 		.4byte	0x217
 655 0238 17       		.uleb128 0x17
 656 0239 2D000000 		.4byte	.LASF30
 657 023d 01       		.byte	0x1
 658 023e 2601     		.2byte	0x126
 659 0240 4A020000 		.4byte	0x24a
 660 0244 05       		.uleb128 0x5
 661 0245 03       		.byte	0x3
 662 0246 00000000 		.4byte	cfg_memset_list.4853
 663 024a 16       		.uleb128 0x16
 664 024b 23020000 		.4byte	0x223
 665 024f 18       		.uleb128 0x18
 666 0250 6900     		.ascii	"i\000"
 667 0252 01       		.byte	0x1
 668 0253 2C01     		.2byte	0x12c
 669 0255 8D000000 		.4byte	0x8d
 670 0259 6B000000 		.4byte	.LLST3
 671 025d 19       		.uleb128 0x19
 672 025e 98000000 		.4byte	.LBB3
 673 0262 1C000000 		.4byte	.LBE3-.LBB3
 674 0266 18       		.uleb128 0x18
ARM GAS  C:\Users\NGUYEN~1\AppData\Local\Temp\ccUiRblp.s 			page 19


 675 0267 6D7300   		.ascii	"ms\000"
 676 026a 01       		.byte	0x1
 677 026b 3101     		.2byte	0x131
 678 026d 75020000 		.4byte	0x275
 679 0271 95000000 		.4byte	.LLST4
 680 0275 1A       		.uleb128 0x1a
 681 0276 04       		.byte	0x4
 682 0277 33020000 		.4byte	0x233
 683 027b 0A       		.uleb128 0xa
 684 027c B4000000 		.4byte	.LVL14
 685 0280 E1000000 		.4byte	0xe1
 686 0284 0B       		.uleb128 0xb
 687 0285 01       		.uleb128 0x1
 688 0286 51       		.byte	0x51
 689 0287 15       		.uleb128 0x15
 690 0288 74       		.byte	0x74
 691 0289 00       		.sleb128 0
 692 028a 31       		.byte	0x31
 693 028b 24       		.byte	0x24
 694 028c 74       		.byte	0x74
 695 028d 00       		.sleb128 0
 696 028e 22       		.byte	0x22
 697 028f 31       		.byte	0x31
 698 0290 24       		.byte	0x24
 699 0291 03       		.byte	0x3
 700 0292 04000000 		.4byte	.LANCHOR0+4
 701 0296 22       		.byte	0x22
 702 0297 94       		.byte	0x94
 703 0298 02       		.byte	0x2
 704 0299 0A       		.byte	0xa
 705 029a FFFF     		.2byte	0xffff
 706 029c 1A       		.byte	0x1a
 707 029d 00       		.byte	0
 708 029e 00       		.byte	0
 709 029f 00       		.byte	0
 710 02a0 1B       		.uleb128 0x1b
 711 02a1 0C010000 		.4byte	.LVL17
 712 02a5 2E010000 		.4byte	0x12e
 713 02a9 1B       		.uleb128 0x1b
 714 02aa 10010000 		.4byte	.LVL18
 715 02ae AB010000 		.4byte	0x1ab
 716 02b2 00       		.byte	0
 717 02b3 1C       		.uleb128 0x1c
 718 02b4 B9000000 		.4byte	.LASF37
 719 02b8 B9000000 		.4byte	.LASF37
 720 02bc 1D       		.uleb128 0x1d
 721 02bd 05020000 		.4byte	.LASF31
 722 02c1 05020000 		.4byte	.LASF31
 723 02c5 04       		.byte	0x4
 724 02c6 6C       		.byte	0x6c
 725 02c7 1D       		.uleb128 0x1d
 726 02c8 1E000000 		.4byte	.LASF32
 727 02cc 1E000000 		.4byte	.LASF32
 728 02d0 04       		.byte	0x4
 729 02d1 D0       		.byte	0xd0
 730 02d2 1D       		.uleb128 0x1d
 731 02d3 C7000000 		.4byte	.LASF33
ARM GAS  C:\Users\NGUYEN~1\AppData\Local\Temp\ccUiRblp.s 			page 20


 732 02d7 C7000000 		.4byte	.LASF33
 733 02db 04       		.byte	0x4
 734 02dc D6       		.byte	0xd6
 735 02dd 00       		.byte	0
 736              		.section	.debug_abbrev,"",%progbits
 737              	.Ldebug_abbrev0:
 738 0000 01       		.uleb128 0x1
 739 0001 11       		.uleb128 0x11
 740 0002 01       		.byte	0x1
 741 0003 25       		.uleb128 0x25
 742 0004 0E       		.uleb128 0xe
 743 0005 13       		.uleb128 0x13
 744 0006 0B       		.uleb128 0xb
 745 0007 03       		.uleb128 0x3
 746 0008 0E       		.uleb128 0xe
 747 0009 1B       		.uleb128 0x1b
 748 000a 0E       		.uleb128 0xe
 749 000b 55       		.uleb128 0x55
 750 000c 17       		.uleb128 0x17
 751 000d 11       		.uleb128 0x11
 752 000e 01       		.uleb128 0x1
 753 000f 10       		.uleb128 0x10
 754 0010 17       		.uleb128 0x17
 755 0011 00       		.byte	0
 756 0012 00       		.byte	0
 757 0013 02       		.uleb128 0x2
 758 0014 24       		.uleb128 0x24
 759 0015 00       		.byte	0
 760 0016 0B       		.uleb128 0xb
 761 0017 0B       		.uleb128 0xb
 762 0018 3E       		.uleb128 0x3e
 763 0019 0B       		.uleb128 0xb
 764 001a 03       		.uleb128 0x3
 765 001b 08       		.uleb128 0x8
 766 001c 00       		.byte	0
 767 001d 00       		.byte	0
 768 001e 03       		.uleb128 0x3
 769 001f 16       		.uleb128 0x16
 770 0020 00       		.byte	0
 771 0021 03       		.uleb128 0x3
 772 0022 0E       		.uleb128 0xe
 773 0023 3A       		.uleb128 0x3a
 774 0024 0B       		.uleb128 0xb
 775 0025 3B       		.uleb128 0x3b
 776 0026 0B       		.uleb128 0xb
 777 0027 49       		.uleb128 0x49
 778 0028 13       		.uleb128 0x13
 779 0029 00       		.byte	0
 780 002a 00       		.byte	0
 781 002b 04       		.uleb128 0x4
 782 002c 24       		.uleb128 0x24
 783 002d 00       		.byte	0
 784 002e 0B       		.uleb128 0xb
 785 002f 0B       		.uleb128 0xb
 786 0030 3E       		.uleb128 0x3e
 787 0031 0B       		.uleb128 0xb
 788 0032 03       		.uleb128 0x3
ARM GAS  C:\Users\NGUYEN~1\AppData\Local\Temp\ccUiRblp.s 			page 21


 789 0033 0E       		.uleb128 0xe
 790 0034 00       		.byte	0
 791 0035 00       		.byte	0
 792 0036 05       		.uleb128 0x5
 793 0037 0F       		.uleb128 0xf
 794 0038 00       		.byte	0
 795 0039 0B       		.uleb128 0xb
 796 003a 0B       		.uleb128 0xb
 797 003b 00       		.byte	0
 798 003c 00       		.byte	0
 799 003d 06       		.uleb128 0x6
 800 003e 16       		.uleb128 0x16
 801 003f 00       		.byte	0
 802 0040 03       		.uleb128 0x3
 803 0041 0E       		.uleb128 0xe
 804 0042 3A       		.uleb128 0x3a
 805 0043 0B       		.uleb128 0xb
 806 0044 3B       		.uleb128 0x3b
 807 0045 05       		.uleb128 0x5
 808 0046 49       		.uleb128 0x49
 809 0047 13       		.uleb128 0x13
 810 0048 00       		.byte	0
 811 0049 00       		.byte	0
 812 004a 07       		.uleb128 0x7
 813 004b 35       		.uleb128 0x35
 814 004c 00       		.byte	0
 815 004d 49       		.uleb128 0x49
 816 004e 13       		.uleb128 0x13
 817 004f 00       		.byte	0
 818 0050 00       		.byte	0
 819 0051 08       		.uleb128 0x8
 820 0052 2E       		.uleb128 0x2e
 821 0053 01       		.byte	0x1
 822 0054 03       		.uleb128 0x3
 823 0055 0E       		.uleb128 0xe
 824 0056 3A       		.uleb128 0x3a
 825 0057 0B       		.uleb128 0xb
 826 0058 3B       		.uleb128 0x3b
 827 0059 0B       		.uleb128 0xb
 828 005a 27       		.uleb128 0x27
 829 005b 19       		.uleb128 0x19
 830 005c 11       		.uleb128 0x11
 831 005d 01       		.uleb128 0x1
 832 005e 12       		.uleb128 0x12
 833 005f 06       		.uleb128 0x6
 834 0060 40       		.uleb128 0x40
 835 0061 18       		.uleb128 0x18
 836 0062 9742     		.uleb128 0x2117
 837 0064 19       		.uleb128 0x19
 838 0065 01       		.uleb128 0x1
 839 0066 13       		.uleb128 0x13
 840 0067 00       		.byte	0
 841 0068 00       		.byte	0
 842 0069 09       		.uleb128 0x9
 843 006a 05       		.uleb128 0x5
 844 006b 00       		.byte	0
 845 006c 03       		.uleb128 0x3
ARM GAS  C:\Users\NGUYEN~1\AppData\Local\Temp\ccUiRblp.s 			page 22


 846 006d 08       		.uleb128 0x8
 847 006e 3A       		.uleb128 0x3a
 848 006f 0B       		.uleb128 0xb
 849 0070 3B       		.uleb128 0x3b
 850 0071 0B       		.uleb128 0xb
 851 0072 49       		.uleb128 0x49
 852 0073 13       		.uleb128 0x13
 853 0074 02       		.uleb128 0x2
 854 0075 17       		.uleb128 0x17
 855 0076 00       		.byte	0
 856 0077 00       		.byte	0
 857 0078 0A       		.uleb128 0xa
 858 0079 898201   		.uleb128 0x4109
 859 007c 01       		.byte	0x1
 860 007d 11       		.uleb128 0x11
 861 007e 01       		.uleb128 0x1
 862 007f 31       		.uleb128 0x31
 863 0080 13       		.uleb128 0x13
 864 0081 00       		.byte	0
 865 0082 00       		.byte	0
 866 0083 0B       		.uleb128 0xb
 867 0084 8A8201   		.uleb128 0x410a
 868 0087 00       		.byte	0
 869 0088 02       		.uleb128 0x2
 870 0089 18       		.uleb128 0x18
 871 008a 9142     		.uleb128 0x2111
 872 008c 18       		.uleb128 0x18
 873 008d 00       		.byte	0
 874 008e 00       		.byte	0
 875 008f 0C       		.uleb128 0xc
 876 0090 898201   		.uleb128 0x4109
 877 0093 01       		.byte	0x1
 878 0094 11       		.uleb128 0x11
 879 0095 01       		.uleb128 0x1
 880 0096 31       		.uleb128 0x31
 881 0097 13       		.uleb128 0x13
 882 0098 01       		.uleb128 0x1
 883 0099 13       		.uleb128 0x13
 884 009a 00       		.byte	0
 885 009b 00       		.byte	0
 886 009c 0D       		.uleb128 0xd
 887 009d 2E       		.uleb128 0x2e
 888 009e 01       		.byte	0x1
 889 009f 3F       		.uleb128 0x3f
 890 00a0 19       		.uleb128 0x19
 891 00a1 03       		.uleb128 0x3
 892 00a2 0E       		.uleb128 0xe
 893 00a3 3A       		.uleb128 0x3a
 894 00a4 0B       		.uleb128 0xb
 895 00a5 3B       		.uleb128 0x3b
 896 00a6 0B       		.uleb128 0xb
 897 00a7 27       		.uleb128 0x27
 898 00a8 19       		.uleb128 0x19
 899 00a9 11       		.uleb128 0x11
 900 00aa 01       		.uleb128 0x1
 901 00ab 12       		.uleb128 0x12
 902 00ac 06       		.uleb128 0x6
ARM GAS  C:\Users\NGUYEN~1\AppData\Local\Temp\ccUiRblp.s 			page 23


 903 00ad 40       		.uleb128 0x40
 904 00ae 18       		.uleb128 0x18
 905 00af 9742     		.uleb128 0x2117
 906 00b1 19       		.uleb128 0x19
 907 00b2 01       		.uleb128 0x1
 908 00b3 13       		.uleb128 0x13
 909 00b4 00       		.byte	0
 910 00b5 00       		.byte	0
 911 00b6 0E       		.uleb128 0xe
 912 00b7 05       		.uleb128 0x5
 913 00b8 00       		.byte	0
 914 00b9 03       		.uleb128 0x3
 915 00ba 0E       		.uleb128 0xe
 916 00bb 3A       		.uleb128 0x3a
 917 00bc 0B       		.uleb128 0xb
 918 00bd 3B       		.uleb128 0x3b
 919 00be 0B       		.uleb128 0xb
 920 00bf 49       		.uleb128 0x49
 921 00c0 13       		.uleb128 0x13
 922 00c1 02       		.uleb128 0x2
 923 00c2 18       		.uleb128 0x18
 924 00c3 00       		.byte	0
 925 00c4 00       		.byte	0
 926 00c5 0F       		.uleb128 0xf
 927 00c6 34       		.uleb128 0x34
 928 00c7 00       		.byte	0
 929 00c8 03       		.uleb128 0x3
 930 00c9 0E       		.uleb128 0xe
 931 00ca 3A       		.uleb128 0x3a
 932 00cb 0B       		.uleb128 0xb
 933 00cc 3B       		.uleb128 0x3b
 934 00cd 0B       		.uleb128 0xb
 935 00ce 49       		.uleb128 0x49
 936 00cf 13       		.uleb128 0x13
 937 00d0 02       		.uleb128 0x2
 938 00d1 17       		.uleb128 0x17
 939 00d2 00       		.byte	0
 940 00d3 00       		.byte	0
 941 00d4 10       		.uleb128 0x10
 942 00d5 2E       		.uleb128 0x2e
 943 00d6 01       		.byte	0x1
 944 00d7 3F       		.uleb128 0x3f
 945 00d8 19       		.uleb128 0x19
 946 00d9 03       		.uleb128 0x3
 947 00da 0E       		.uleb128 0xe
 948 00db 3A       		.uleb128 0x3a
 949 00dc 0B       		.uleb128 0xb
 950 00dd 3B       		.uleb128 0x3b
 951 00de 05       		.uleb128 0x5
 952 00df 27       		.uleb128 0x27
 953 00e0 19       		.uleb128 0x19
 954 00e1 11       		.uleb128 0x11
 955 00e2 01       		.uleb128 0x1
 956 00e3 12       		.uleb128 0x12
 957 00e4 06       		.uleb128 0x6
 958 00e5 40       		.uleb128 0x40
 959 00e6 18       		.uleb128 0x18
ARM GAS  C:\Users\NGUYEN~1\AppData\Local\Temp\ccUiRblp.s 			page 24


 960 00e7 9742     		.uleb128 0x2117
 961 00e9 19       		.uleb128 0x19
 962 00ea 01       		.uleb128 0x1
 963 00eb 13       		.uleb128 0x13
 964 00ec 00       		.byte	0
 965 00ed 00       		.byte	0
 966 00ee 11       		.uleb128 0x11
 967 00ef 0B       		.uleb128 0xb
 968 00f0 01       		.byte	0x1
 969 00f1 11       		.uleb128 0x11
 970 00f2 01       		.uleb128 0x1
 971 00f3 12       		.uleb128 0x12
 972 00f4 06       		.uleb128 0x6
 973 00f5 01       		.uleb128 0x1
 974 00f6 13       		.uleb128 0x13
 975 00f7 00       		.byte	0
 976 00f8 00       		.byte	0
 977 00f9 12       		.uleb128 0x12
 978 00fa 13       		.uleb128 0x13
 979 00fb 01       		.byte	0x1
 980 00fc 0B       		.uleb128 0xb
 981 00fd 0B       		.uleb128 0xb
 982 00fe 3A       		.uleb128 0x3a
 983 00ff 0B       		.uleb128 0xb
 984 0100 3B       		.uleb128 0x3b
 985 0101 05       		.uleb128 0x5
 986 0102 01       		.uleb128 0x1
 987 0103 13       		.uleb128 0x13
 988 0104 00       		.byte	0
 989 0105 00       		.byte	0
 990 0106 13       		.uleb128 0x13
 991 0107 0D       		.uleb128 0xd
 992 0108 00       		.byte	0
 993 0109 03       		.uleb128 0x3
 994 010a 0E       		.uleb128 0xe
 995 010b 3A       		.uleb128 0x3a
 996 010c 0B       		.uleb128 0xb
 997 010d 3B       		.uleb128 0x3b
 998 010e 05       		.uleb128 0x5
 999 010f 49       		.uleb128 0x49
 1000 0110 13       		.uleb128 0x13
 1001 0111 38       		.uleb128 0x38
 1002 0112 0B       		.uleb128 0xb
 1003 0113 00       		.byte	0
 1004 0114 00       		.byte	0
 1005 0115 14       		.uleb128 0x14
 1006 0116 01       		.uleb128 0x1
 1007 0117 01       		.byte	0x1
 1008 0118 49       		.uleb128 0x49
 1009 0119 13       		.uleb128 0x13
 1010 011a 01       		.uleb128 0x1
 1011 011b 13       		.uleb128 0x13
 1012 011c 00       		.byte	0
 1013 011d 00       		.byte	0
 1014 011e 15       		.uleb128 0x15
 1015 011f 21       		.uleb128 0x21
 1016 0120 00       		.byte	0
ARM GAS  C:\Users\NGUYEN~1\AppData\Local\Temp\ccUiRblp.s 			page 25


 1017 0121 49       		.uleb128 0x49
 1018 0122 13       		.uleb128 0x13
 1019 0123 2F       		.uleb128 0x2f
 1020 0124 0B       		.uleb128 0xb
 1021 0125 00       		.byte	0
 1022 0126 00       		.byte	0
 1023 0127 16       		.uleb128 0x16
 1024 0128 26       		.uleb128 0x26
 1025 0129 00       		.byte	0
 1026 012a 49       		.uleb128 0x49
 1027 012b 13       		.uleb128 0x13
 1028 012c 00       		.byte	0
 1029 012d 00       		.byte	0
 1030 012e 17       		.uleb128 0x17
 1031 012f 34       		.uleb128 0x34
 1032 0130 00       		.byte	0
 1033 0131 03       		.uleb128 0x3
 1034 0132 0E       		.uleb128 0xe
 1035 0133 3A       		.uleb128 0x3a
 1036 0134 0B       		.uleb128 0xb
 1037 0135 3B       		.uleb128 0x3b
 1038 0136 05       		.uleb128 0x5
 1039 0137 49       		.uleb128 0x49
 1040 0138 13       		.uleb128 0x13
 1041 0139 02       		.uleb128 0x2
 1042 013a 18       		.uleb128 0x18
 1043 013b 00       		.byte	0
 1044 013c 00       		.byte	0
 1045 013d 18       		.uleb128 0x18
 1046 013e 34       		.uleb128 0x34
 1047 013f 00       		.byte	0
 1048 0140 03       		.uleb128 0x3
 1049 0141 08       		.uleb128 0x8
 1050 0142 3A       		.uleb128 0x3a
 1051 0143 0B       		.uleb128 0xb
 1052 0144 3B       		.uleb128 0x3b
 1053 0145 05       		.uleb128 0x5
 1054 0146 49       		.uleb128 0x49
 1055 0147 13       		.uleb128 0x13
 1056 0148 02       		.uleb128 0x2
 1057 0149 17       		.uleb128 0x17
 1058 014a 00       		.byte	0
 1059 014b 00       		.byte	0
 1060 014c 19       		.uleb128 0x19
 1061 014d 0B       		.uleb128 0xb
 1062 014e 01       		.byte	0x1
 1063 014f 11       		.uleb128 0x11
 1064 0150 01       		.uleb128 0x1
 1065 0151 12       		.uleb128 0x12
 1066 0152 06       		.uleb128 0x6
 1067 0153 00       		.byte	0
 1068 0154 00       		.byte	0
 1069 0155 1A       		.uleb128 0x1a
 1070 0156 0F       		.uleb128 0xf
 1071 0157 00       		.byte	0
 1072 0158 0B       		.uleb128 0xb
 1073 0159 0B       		.uleb128 0xb
ARM GAS  C:\Users\NGUYEN~1\AppData\Local\Temp\ccUiRblp.s 			page 26


 1074 015a 49       		.uleb128 0x49
 1075 015b 13       		.uleb128 0x13
 1076 015c 00       		.byte	0
 1077 015d 00       		.byte	0
 1078 015e 1B       		.uleb128 0x1b
 1079 015f 898201   		.uleb128 0x4109
 1080 0162 00       		.byte	0
 1081 0163 11       		.uleb128 0x11
 1082 0164 01       		.uleb128 0x1
 1083 0165 31       		.uleb128 0x31
 1084 0166 13       		.uleb128 0x13
 1085 0167 00       		.byte	0
 1086 0168 00       		.byte	0
 1087 0169 1C       		.uleb128 0x1c
 1088 016a 2E       		.uleb128 0x2e
 1089 016b 00       		.byte	0
 1090 016c 3F       		.uleb128 0x3f
 1091 016d 19       		.uleb128 0x19
 1092 016e 3C       		.uleb128 0x3c
 1093 016f 19       		.uleb128 0x19
 1094 0170 6E       		.uleb128 0x6e
 1095 0171 0E       		.uleb128 0xe
 1096 0172 03       		.uleb128 0x3
 1097 0173 0E       		.uleb128 0xe
 1098 0174 00       		.byte	0
 1099 0175 00       		.byte	0
 1100 0176 1D       		.uleb128 0x1d
 1101 0177 2E       		.uleb128 0x2e
 1102 0178 00       		.byte	0
 1103 0179 3F       		.uleb128 0x3f
 1104 017a 19       		.uleb128 0x19
 1105 017b 3C       		.uleb128 0x3c
 1106 017c 19       		.uleb128 0x19
 1107 017d 6E       		.uleb128 0x6e
 1108 017e 0E       		.uleb128 0xe
 1109 017f 03       		.uleb128 0x3
 1110 0180 0E       		.uleb128 0xe
 1111 0181 3A       		.uleb128 0x3a
 1112 0182 0B       		.uleb128 0xb
 1113 0183 3B       		.uleb128 0x3b
 1114 0184 0B       		.uleb128 0xb
 1115 0185 00       		.byte	0
 1116 0186 00       		.byte	0
 1117 0187 00       		.byte	0
 1118              		.section	.debug_loc,"",%progbits
 1119              	.Ldebug_loc0:
 1120              	.LLST0:
 1121 0000 00000000 		.4byte	.LVL0
 1122 0004 09000000 		.4byte	.LVL2-1
 1123 0008 0100     		.2byte	0x1
 1124 000a 50       		.byte	0x50
 1125 000b 09000000 		.4byte	.LVL2-1
 1126 000f 0C000000 		.4byte	.LFE0
 1127 0013 0400     		.2byte	0x4
 1128 0015 F3       		.byte	0xf3
 1129 0016 01       		.uleb128 0x1
 1130 0017 50       		.byte	0x50
ARM GAS  C:\Users\NGUYEN~1\AppData\Local\Temp\ccUiRblp.s 			page 27


 1131 0018 9F       		.byte	0x9f
 1132 0019 00000000 		.4byte	0
 1133 001d 00000000 		.4byte	0
 1134              	.LLST1:
 1135 0021 00000000 		.4byte	.LVL0
 1136 0025 06000000 		.4byte	.LVL1
 1137 0029 0100     		.2byte	0x1
 1138 002b 51       		.byte	0x51
 1139 002c 06000000 		.4byte	.LVL1
 1140 0030 09000000 		.4byte	.LVL2-1
 1141 0034 0100     		.2byte	0x1
 1142 0036 52       		.byte	0x52
 1143 0037 09000000 		.4byte	.LVL2-1
 1144 003b 0C000000 		.4byte	.LFE0
 1145 003f 0400     		.2byte	0x4
 1146 0041 F3       		.byte	0xf3
 1147 0042 01       		.uleb128 0x1
 1148 0043 51       		.byte	0x51
 1149 0044 9F       		.byte	0x9f
 1150 0045 00000000 		.4byte	0
 1151 0049 00000000 		.4byte	0
 1152              	.LLST2:
 1153 004d 04000000 		.4byte	.LVL7
 1154 0051 12000000 		.4byte	.LVL9
 1155 0055 0100     		.2byte	0x1
 1156 0057 53       		.byte	0x53
 1157 0058 14000000 		.4byte	.LVL10
 1158 005c 20000000 		.4byte	.LFE5
 1159 0060 0100     		.2byte	0x1
 1160 0062 53       		.byte	0x53
 1161 0063 00000000 		.4byte	0
 1162 0067 00000000 		.4byte	0
 1163              	.LLST3:
 1164 006b 94000000 		.4byte	.LVL12
 1165 006f 98000000 		.4byte	.LVL13
 1166 0073 0200     		.2byte	0x2
 1167 0075 30       		.byte	0x30
 1168 0076 9F       		.byte	0x9f
 1169 0077 98000000 		.4byte	.LVL13
 1170 007b B6000000 		.4byte	.LVL15
 1171 007f 0100     		.2byte	0x1
 1172 0081 54       		.byte	0x54
 1173 0082 B8000000 		.4byte	.LVL16
 1174 0086 10010000 		.4byte	.LVL19
 1175 008a 0100     		.2byte	0x1
 1176 008c 54       		.byte	0x54
 1177 008d 00000000 		.4byte	0
 1178 0091 00000000 		.4byte	0
 1179              	.LLST4:
 1180 0095 98000000 		.4byte	.LVL13
 1181 0099 B6000000 		.4byte	.LVL15
 1182 009d 0B00     		.2byte	0xb
 1183 009f 74       		.byte	0x74
 1184 00a0 00       		.sleb128 0
 1185 00a1 36       		.byte	0x36
 1186 00a2 1E       		.byte	0x1e
 1187 00a3 03       		.byte	0x3
ARM GAS  C:\Users\NGUYEN~1\AppData\Local\Temp\ccUiRblp.s 			page 28


 1188 00a4 00000000 		.4byte	cfg_memset_list.4853
 1189 00a8 22       		.byte	0x22
 1190 00a9 9F       		.byte	0x9f
 1191 00aa B6000000 		.4byte	.LVL15
 1192 00ae B8000000 		.4byte	.LVL16
 1193 00b2 0B00     		.2byte	0xb
 1194 00b4 74       		.byte	0x74
 1195 00b5 7F       		.sleb128 -1
 1196 00b6 36       		.byte	0x36
 1197 00b7 1E       		.byte	0x1e
 1198 00b8 03       		.byte	0x3
 1199 00b9 00000000 		.4byte	cfg_memset_list.4853
 1200 00bd 22       		.byte	0x22
 1201 00be 9F       		.byte	0x9f
 1202 00bf 00000000 		.4byte	0
 1203 00c3 00000000 		.4byte	0
 1204              		.section	.debug_aranges,"",%progbits
 1205 0000 3C000000 		.4byte	0x3c
 1206 0004 0200     		.2byte	0x2
 1207 0006 00000000 		.4byte	.Ldebug_info0
 1208 000a 04       		.byte	0x4
 1209 000b 00       		.byte	0
 1210 000c 0000     		.2byte	0
 1211 000e 0000     		.2byte	0
 1212 0010 00000000 		.4byte	.LFB0
 1213 0014 0C000000 		.4byte	.LFE0-.LFB0
 1214 0018 00000000 		.4byte	.LFB3
 1215 001c 90000000 		.4byte	.LFE3-.LFB3
 1216 0020 00000000 		.4byte	.LFB5
 1217 0024 20000000 		.4byte	.LFE5-.LFB5
 1218 0028 00000000 		.4byte	.LFB4
 1219 002c 14000000 		.4byte	.LFE4-.LFB4
 1220 0030 90000000 		.4byte	.LFB6
 1221 0034 B8000000 		.4byte	.LFE6-.LFB6
 1222 0038 00000000 		.4byte	0
 1223 003c 00000000 		.4byte	0
 1224              		.section	.debug_ranges,"",%progbits
 1225              	.Ldebug_ranges0:
 1226 0000 00000000 		.4byte	.LFB0
 1227 0004 0C000000 		.4byte	.LFE0
 1228 0008 00000000 		.4byte	.LFB3
 1229 000c 90000000 		.4byte	.LFE3
 1230 0010 00000000 		.4byte	.LFB5
 1231 0014 20000000 		.4byte	.LFE5
 1232 0018 00000000 		.4byte	.LFB4
 1233 001c 14000000 		.4byte	.LFE4
 1234 0020 90000000 		.4byte	.LFB6
 1235 0024 48010000 		.4byte	.LFE6
 1236 0028 00000000 		.4byte	0
 1237 002c 00000000 		.4byte	0
 1238              		.section	.debug_line,"",%progbits
 1239              	.Ldebug_line0:
 1240 0000 5E010000 		.section	.debug_str,"MS",%progbits,1
 1240      0200D600 
 1240      00000201 
 1240      FB0E0D00 
 1240      01010101 
ARM GAS  C:\Users\NGUYEN~1\AppData\Local\Temp\ccUiRblp.s 			page 29


 1241              	.LASF19:
 1242 0000 72656733 		.ascii	"reg32\000"
 1242      3200
 1243              	.LASF12:
 1244 0006 73697A65 		.ascii	"size_t\000"
 1244      5F7400
 1245              	.LASF23:
 1246 000d 416E616C 		.ascii	"AnalogSetDefault\000"
 1246      6F675365 
 1246      74446566 
 1246      61756C74 
 1246      00
 1247              	.LASF32:
 1248 001e 4379496E 		.ascii	"CyIntSetVector\000"
 1248      74536574 
 1248      56656374 
 1248      6F7200
 1249              	.LASF30:
 1250 002d 6366675F 		.ascii	"cfg_memset_list\000"
 1250      6D656D73 
 1250      65745F6C 
 1250      69737400 
 1251              	.LASF21:
 1252 003d 436C6F63 		.ascii	"ClockSetup\000"
 1252      6B536574 
 1252      757000
 1253              	.LASF6:
 1254 0048 73686F72 		.ascii	"short unsigned int\000"
 1254      7420756E 
 1254      7369676E 
 1254      65642069 
 1254      6E7400
 1255              	.LASF16:
 1256 005b 666C6F61 		.ascii	"float\000"
 1256      7400
 1257              	.LASF27:
 1258 0061 73697A65 		.ascii	"size\000"
 1258      00
 1259              	.LASF18:
 1260 0066 72656738 		.ascii	"reg8\000"
 1260      00
 1261              	.LASF26:
 1262 006b 61646472 		.ascii	"address\000"
 1262      65737300 
 1263              	.LASF8:
 1264 0073 6C6F6E67 		.ascii	"long unsigned int\000"
 1264      20756E73 
 1264      69676E65 
 1264      6420696E 
 1264      7400
 1265              	.LASF13:
 1266 0085 75696E74 		.ascii	"uint8\000"
 1266      3800
 1267              	.LASF20:
 1268 008b 43594D45 		.ascii	"CYMEMZERO\000"
 1268      4D5A4552 
 1268      4F00
ARM GAS  C:\Users\NGUYEN~1\AppData\Local\Temp\ccUiRblp.s 			page 30


 1269              	.LASF24:
 1270 0095 53657441 		.ascii	"SetAnalogRoutingPumps\000"
 1270      6E616C6F 
 1270      67526F75 
 1270      74696E67 
 1270      50756D70 
 1271              	.LASF4:
 1272 00ab 756E7369 		.ascii	"unsigned char\000"
 1272      676E6564 
 1272      20636861 
 1272      7200
 1273              	.LASF37:
 1274 00b9 6D656D73 		.ascii	"memset\000"
 1274      657400
 1275              	.LASF17:
 1276 00c0 646F7562 		.ascii	"double\000"
 1276      6C6500
 1277              	.LASF33:
 1278 00c7 4379496E 		.ascii	"CyIntEnable\000"
 1278      74456E61 
 1278      626C6500 
 1279              	.LASF14:
 1280 00d3 75696E74 		.ascii	"uint16\000"
 1280      313600
 1281              	.LASF15:
 1282 00da 75696E74 		.ascii	"uint32\000"
 1282      333200
 1283              	.LASF0:
 1284 00e1 756E7369 		.ascii	"unsigned int\000"
 1284      676E6564 
 1284      20696E74 
 1284      00
 1285              	.LASF25:
 1286 00ee 63796669 		.ascii	"cyfitter_cfg\000"
 1286      74746572 
 1286      5F636667 
 1286      00
 1287              	.LASF36:
 1288 00fb 443A5C70 		.ascii	"D:\\psoc\\theory\\not_done_yet\\adc\\adc.cydsn\000"
 1288      736F635C 
 1288      7468656F 
 1288      72795C6E 
 1288      6F745F64 
 1289              	.LASF9:
 1290 0125 6C6F6E67 		.ascii	"long long unsigned int\000"
 1290      206C6F6E 
 1290      6720756E 
 1290      7369676E 
 1290      65642069 
 1291              	.LASF34:
 1292 013c 474E5520 		.ascii	"GNU C11 5.4.1 20160609 (release) [ARM/embedded-5-br"
 1292      43313120 
 1292      352E342E 
 1292      31203230 
 1292      31363036 
 1293 016f 616E6368 		.ascii	"anch revision 237715] -mcpu=cortex-m0 -mthumb -g -O"
 1293      20726576 
ARM GAS  C:\Users\NGUYEN~1\AppData\Local\Temp\ccUiRblp.s 			page 31


 1293      6973696F 
 1293      6E203233 
 1293      37373135 
 1294 01a2 67202D66 		.ascii	"g -ffunction-sections -ffat-lto-objects\000"
 1294      66756E63 
 1294      74696F6E 
 1294      2D736563 
 1294      74696F6E 
 1295              	.LASF28:
 1296 01ca 6366675F 		.ascii	"cfg_memset_t\000"
 1296      6D656D73 
 1296      65745F74 
 1296      00
 1297              	.LASF10:
 1298 01d7 73697A65 		.ascii	"sizetype\000"
 1298      74797065 
 1298      00
 1299              	.LASF1:
 1300 01e0 6C6F6E67 		.ascii	"long long int\000"
 1300      206C6F6E 
 1300      6720696E 
 1300      7400
 1301              	.LASF11:
 1302 01ee 63686172 		.ascii	"char\000"
 1302      00
 1303              	.LASF22:
 1304 01f3 656E6162 		.ascii	"enabled\000"
 1304      6C656400 
 1305              	.LASF5:
 1306 01fb 73686F72 		.ascii	"short int\000"
 1306      7420696E 
 1306      7400
 1307              	.LASF31:
 1308 0205 43795379 		.ascii	"CySysClkWriteImoFreq\000"
 1308      73436C6B 
 1308      57726974 
 1308      65496D6F 
 1308      46726571 
 1309              	.LASF7:
 1310 021a 6C6F6E67 		.ascii	"long int\000"
 1310      20696E74 
 1310      00
 1311              	.LASF2:
 1312 0223 6C6F6E67 		.ascii	"long double\000"
 1312      20646F75 
 1312      626C6500 
 1313              	.LASF3:
 1314 022f 7369676E 		.ascii	"signed char\000"
 1314      65642063 
 1314      68617200 
 1315              	.LASF35:
 1316 023b 47656E65 		.ascii	"Generated_Source\\PSoC4\\cyfitter_cfg.c\000"
 1316      72617465 
 1316      645F536F 
 1316      75726365 
 1316      5C50536F 
 1317              	.LASF29:
ARM GAS  C:\Users\NGUYEN~1\AppData\Local\Temp\ccUiRblp.s 			page 32


 1318 0261 72656756 		.ascii	"regValue\000"
 1318      616C7565 
 1318      00
 1319              		.ident	"GCC: (GNU Tools for ARM Embedded Processors) 5.4.1 20160609 (release) [ARM/embedded-5-bran
