ARM GAS  C:\Users\NGUYEN~1\AppData\Local\Temp\ccFN1od2.s 			page 1


   1              		.syntax unified
   2              		.cpu cortex-m0
   3              		.fpu softvfp
   4              		.eabi_attribute 20, 1
   5              		.eabi_attribute 21, 1
   6              		.eabi_attribute 23, 3
   7              		.eabi_attribute 24, 1
   8              		.eabi_attribute 25, 1
   9              		.eabi_attribute 26, 1
  10              		.eabi_attribute 30, 1
  11              		.eabi_attribute 34, 0
  12              		.eabi_attribute 18, 4
  13              		.thumb
  14              		.syntax unified
  15              		.file	"cyfitter_cfg.c"
  16              		.text
  17              	.Ltext0:
  18              		.cfi_sections	.debug_frame
  19              		.section	.text.AnalogSetDefault,"ax",%progbits
  20              		.align	2
  21              		.code	16
  22              		.thumb_func
  23              		.type	AnalogSetDefault, %function
  24              	AnalogSetDefault:
  25              	.LFB4:
  26              		.file 1 "Generated_Source\\PSoC4\\cyfitter_cfg.c"
   1:Generated_Source\PSoC4/cyfitter_cfg.c **** 
   2:Generated_Source\PSoC4/cyfitter_cfg.c **** /*******************************************************************************
   3:Generated_Source\PSoC4/cyfitter_cfg.c **** * File Name: cyfitter_cfg.c
   4:Generated_Source\PSoC4/cyfitter_cfg.c **** * 
   5:Generated_Source\PSoC4/cyfitter_cfg.c **** * PSoC Creator  4.4
   6:Generated_Source\PSoC4/cyfitter_cfg.c **** *
   7:Generated_Source\PSoC4/cyfitter_cfg.c **** * Description:
   8:Generated_Source\PSoC4/cyfitter_cfg.c **** * This file contains device initialization code.
   9:Generated_Source\PSoC4/cyfitter_cfg.c **** * Except for the user defined sections in CyClockStartupError(), this file should not be modified.
  10:Generated_Source\PSoC4/cyfitter_cfg.c **** * This file is automatically generated by PSoC Creator.
  11:Generated_Source\PSoC4/cyfitter_cfg.c **** *
  12:Generated_Source\PSoC4/cyfitter_cfg.c **** ********************************************************************************
  13:Generated_Source\PSoC4/cyfitter_cfg.c **** * Copyright (c) 2007-2020 Cypress Semiconductor.  All rights reserved.
  14:Generated_Source\PSoC4/cyfitter_cfg.c **** * You may use this file only in accordance with the license, terms, conditions, 
  15:Generated_Source\PSoC4/cyfitter_cfg.c **** * disclaimers, and limitations in the end user license agreement accompanying 
  16:Generated_Source\PSoC4/cyfitter_cfg.c **** * the software package with which this file was provided.
  17:Generated_Source\PSoC4/cyfitter_cfg.c **** ********************************************************************************/
  18:Generated_Source\PSoC4/cyfitter_cfg.c **** 
  19:Generated_Source\PSoC4/cyfitter_cfg.c **** #include <string.h>
  20:Generated_Source\PSoC4/cyfitter_cfg.c **** #include "cytypes.h"
  21:Generated_Source\PSoC4/cyfitter_cfg.c **** #include "cydevice_trm.h"
  22:Generated_Source\PSoC4/cyfitter_cfg.c **** #include "cyfitter.h"
  23:Generated_Source\PSoC4/cyfitter_cfg.c **** #include "CyLib.h"
  24:Generated_Source\PSoC4/cyfitter_cfg.c **** #include "CyLFClk.h"
  25:Generated_Source\PSoC4/cyfitter_cfg.c **** #include "cyfitter_cfg.h"
  26:Generated_Source\PSoC4/cyfitter_cfg.c **** #include "cyapicallbacks.h"
  27:Generated_Source\PSoC4/cyfitter_cfg.c **** 
  28:Generated_Source\PSoC4/cyfitter_cfg.c **** 
  29:Generated_Source\PSoC4/cyfitter_cfg.c **** #if defined(__GNUC__) || defined(__ARMCC_VERSION)
  30:Generated_Source\PSoC4/cyfitter_cfg.c ****     #define CYPACKED 
  31:Generated_Source\PSoC4/cyfitter_cfg.c ****     #define CYPACKED_ATTR __attribute__ ((packed))
ARM GAS  C:\Users\NGUYEN~1\AppData\Local\Temp\ccFN1od2.s 			page 2


  32:Generated_Source\PSoC4/cyfitter_cfg.c ****     #define CYALIGNED __attribute__ ((aligned))
  33:Generated_Source\PSoC4/cyfitter_cfg.c ****     #define CY_CFG_UNUSED __attribute__ ((unused))
  34:Generated_Source\PSoC4/cyfitter_cfg.c ****     #ifndef CY_CFG_SECTION
  35:Generated_Source\PSoC4/cyfitter_cfg.c ****         #define CY_CFG_SECTION __attribute__ ((section(".psocinit")))
  36:Generated_Source\PSoC4/cyfitter_cfg.c ****     #endif
  37:Generated_Source\PSoC4/cyfitter_cfg.c ****     
  38:Generated_Source\PSoC4/cyfitter_cfg.c ****     #if defined(__ARMCC_VERSION)
  39:Generated_Source\PSoC4/cyfitter_cfg.c ****         #define CY_CFG_MEMORY_BARRIER() __memory_changed()
  40:Generated_Source\PSoC4/cyfitter_cfg.c ****     #else
  41:Generated_Source\PSoC4/cyfitter_cfg.c ****         #define CY_CFG_MEMORY_BARRIER() __sync_synchronize()
  42:Generated_Source\PSoC4/cyfitter_cfg.c ****     #endif
  43:Generated_Source\PSoC4/cyfitter_cfg.c ****     
  44:Generated_Source\PSoC4/cyfitter_cfg.c **** #elif defined(__ICCARM__)
  45:Generated_Source\PSoC4/cyfitter_cfg.c ****     #include <intrinsics.h>
  46:Generated_Source\PSoC4/cyfitter_cfg.c **** 
  47:Generated_Source\PSoC4/cyfitter_cfg.c ****     #define CYPACKED __packed
  48:Generated_Source\PSoC4/cyfitter_cfg.c ****     #define CYPACKED_ATTR 
  49:Generated_Source\PSoC4/cyfitter_cfg.c ****     #define CYALIGNED _Pragma("data_alignment=4")
  50:Generated_Source\PSoC4/cyfitter_cfg.c ****     #define CY_CFG_UNUSED _Pragma("diag_suppress=Pe177")
  51:Generated_Source\PSoC4/cyfitter_cfg.c ****     #define CY_CFG_SECTION _Pragma("location=\".psocinit\"")
  52:Generated_Source\PSoC4/cyfitter_cfg.c ****     
  53:Generated_Source\PSoC4/cyfitter_cfg.c ****     #define CY_CFG_MEMORY_BARRIER() __DMB()
  54:Generated_Source\PSoC4/cyfitter_cfg.c ****     
  55:Generated_Source\PSoC4/cyfitter_cfg.c **** #else
  56:Generated_Source\PSoC4/cyfitter_cfg.c ****     #error Unsupported toolchain
  57:Generated_Source\PSoC4/cyfitter_cfg.c **** #endif
  58:Generated_Source\PSoC4/cyfitter_cfg.c **** 
  59:Generated_Source\PSoC4/cyfitter_cfg.c **** #ifndef CYCODE
  60:Generated_Source\PSoC4/cyfitter_cfg.c ****     #define CYCODE
  61:Generated_Source\PSoC4/cyfitter_cfg.c **** #endif
  62:Generated_Source\PSoC4/cyfitter_cfg.c **** #ifndef CYDATA
  63:Generated_Source\PSoC4/cyfitter_cfg.c ****     #define CYDATA
  64:Generated_Source\PSoC4/cyfitter_cfg.c **** #endif
  65:Generated_Source\PSoC4/cyfitter_cfg.c **** #ifndef CYFAR
  66:Generated_Source\PSoC4/cyfitter_cfg.c ****     #define CYFAR
  67:Generated_Source\PSoC4/cyfitter_cfg.c **** #endif
  68:Generated_Source\PSoC4/cyfitter_cfg.c **** #ifndef CYXDATA
  69:Generated_Source\PSoC4/cyfitter_cfg.c ****     #define CYXDATA
  70:Generated_Source\PSoC4/cyfitter_cfg.c **** #endif
  71:Generated_Source\PSoC4/cyfitter_cfg.c **** 
  72:Generated_Source\PSoC4/cyfitter_cfg.c **** 
  73:Generated_Source\PSoC4/cyfitter_cfg.c **** CY_CFG_UNUSED
  74:Generated_Source\PSoC4/cyfitter_cfg.c **** static void CYMEMZERO(void *s, size_t n);
  75:Generated_Source\PSoC4/cyfitter_cfg.c **** CY_CFG_UNUSED
  76:Generated_Source\PSoC4/cyfitter_cfg.c **** static void CYMEMZERO(void *s, size_t n)
  77:Generated_Source\PSoC4/cyfitter_cfg.c **** {
  78:Generated_Source\PSoC4/cyfitter_cfg.c **** 	(void)memset(s, 0, n);
  79:Generated_Source\PSoC4/cyfitter_cfg.c **** }
  80:Generated_Source\PSoC4/cyfitter_cfg.c **** CY_CFG_UNUSED
  81:Generated_Source\PSoC4/cyfitter_cfg.c **** static void CYCONFIGCPY(void *dest, const void *src, size_t n);
  82:Generated_Source\PSoC4/cyfitter_cfg.c **** CY_CFG_UNUSED
  83:Generated_Source\PSoC4/cyfitter_cfg.c **** static void CYCONFIGCPY(void *dest, const void *src, size_t n)
  84:Generated_Source\PSoC4/cyfitter_cfg.c **** {
  85:Generated_Source\PSoC4/cyfitter_cfg.c **** 	(void)memcpy(dest, src, n);
  86:Generated_Source\PSoC4/cyfitter_cfg.c **** }
  87:Generated_Source\PSoC4/cyfitter_cfg.c **** CY_CFG_UNUSED
  88:Generated_Source\PSoC4/cyfitter_cfg.c **** static void CYCONFIGCPYCODE(void *dest, const void *src, size_t n);
ARM GAS  C:\Users\NGUYEN~1\AppData\Local\Temp\ccFN1od2.s 			page 3


  89:Generated_Source\PSoC4/cyfitter_cfg.c **** CY_CFG_UNUSED
  90:Generated_Source\PSoC4/cyfitter_cfg.c **** static void CYCONFIGCPYCODE(void *dest, const void *src, size_t n)
  91:Generated_Source\PSoC4/cyfitter_cfg.c **** {
  92:Generated_Source\PSoC4/cyfitter_cfg.c **** 	(void)memcpy(dest, src, n);
  93:Generated_Source\PSoC4/cyfitter_cfg.c **** }
  94:Generated_Source\PSoC4/cyfitter_cfg.c **** 
  95:Generated_Source\PSoC4/cyfitter_cfg.c **** 
  96:Generated_Source\PSoC4/cyfitter_cfg.c **** 
  97:Generated_Source\PSoC4/cyfitter_cfg.c **** 
  98:Generated_Source\PSoC4/cyfitter_cfg.c **** /* Clock startup error codes                                                   */
  99:Generated_Source\PSoC4/cyfitter_cfg.c **** #define CYCLOCKSTART_NO_ERROR    0u
 100:Generated_Source\PSoC4/cyfitter_cfg.c **** #define CYCLOCKSTART_XTAL_ERROR  1u
 101:Generated_Source\PSoC4/cyfitter_cfg.c **** #define CYCLOCKSTART_32KHZ_ERROR 2u
 102:Generated_Source\PSoC4/cyfitter_cfg.c **** #define CYCLOCKSTART_PLL_ERROR   3u
 103:Generated_Source\PSoC4/cyfitter_cfg.c **** #define CYCLOCKSTART_FLL_ERROR   4u
 104:Generated_Source\PSoC4/cyfitter_cfg.c **** #define CYCLOCKSTART_WCO_ERROR   5u
 105:Generated_Source\PSoC4/cyfitter_cfg.c **** 
 106:Generated_Source\PSoC4/cyfitter_cfg.c **** 
 107:Generated_Source\PSoC4/cyfitter_cfg.c **** #ifdef CY_NEED_CYCLOCKSTARTUPERROR
 108:Generated_Source\PSoC4/cyfitter_cfg.c **** /*******************************************************************************
 109:Generated_Source\PSoC4/cyfitter_cfg.c **** * Function Name: CyClockStartupError
 110:Generated_Source\PSoC4/cyfitter_cfg.c **** ********************************************************************************
 111:Generated_Source\PSoC4/cyfitter_cfg.c **** * Summary:
 112:Generated_Source\PSoC4/cyfitter_cfg.c **** *  If an error is encountered during clock configuration (crystal startup error,
 113:Generated_Source\PSoC4/cyfitter_cfg.c **** *  PLL lock error, etc.), the system will end up here.  Unless reimplemented by
 114:Generated_Source\PSoC4/cyfitter_cfg.c **** *  the customer, this function will stop in an infinite loop.
 115:Generated_Source\PSoC4/cyfitter_cfg.c **** *
 116:Generated_Source\PSoC4/cyfitter_cfg.c **** * Parameters:
 117:Generated_Source\PSoC4/cyfitter_cfg.c **** *   void
 118:Generated_Source\PSoC4/cyfitter_cfg.c **** *
 119:Generated_Source\PSoC4/cyfitter_cfg.c **** * Return:
 120:Generated_Source\PSoC4/cyfitter_cfg.c **** *   void
 121:Generated_Source\PSoC4/cyfitter_cfg.c **** *
 122:Generated_Source\PSoC4/cyfitter_cfg.c **** *******************************************************************************/
 123:Generated_Source\PSoC4/cyfitter_cfg.c **** CY_CFG_UNUSED
 124:Generated_Source\PSoC4/cyfitter_cfg.c **** static void CyClockStartupError(uint8 errorCode);
 125:Generated_Source\PSoC4/cyfitter_cfg.c **** CY_CFG_UNUSED
 126:Generated_Source\PSoC4/cyfitter_cfg.c **** static void CyClockStartupError(uint8 errorCode)
 127:Generated_Source\PSoC4/cyfitter_cfg.c **** {
 128:Generated_Source\PSoC4/cyfitter_cfg.c ****     /* To remove the compiler warning if errorCode not used.                */
 129:Generated_Source\PSoC4/cyfitter_cfg.c ****     errorCode = errorCode;
 130:Generated_Source\PSoC4/cyfitter_cfg.c **** 
 131:Generated_Source\PSoC4/cyfitter_cfg.c ****     /* If we have a clock startup error (bad MHz crystal, PLL lock, etc.),  */
 132:Generated_Source\PSoC4/cyfitter_cfg.c ****     /* we will end up here to allow the customer to implement something to  */
 133:Generated_Source\PSoC4/cyfitter_cfg.c ****     /* deal with the clock condition.                                       */
 134:Generated_Source\PSoC4/cyfitter_cfg.c **** 
 135:Generated_Source\PSoC4/cyfitter_cfg.c **** #ifdef CY_CFG_CLOCK_STARTUP_ERROR_CALLBACK
 136:Generated_Source\PSoC4/cyfitter_cfg.c ****     CY_CFG_Clock_Startup_ErrorCallback();
 137:Generated_Source\PSoC4/cyfitter_cfg.c **** #else
 138:Generated_Source\PSoC4/cyfitter_cfg.c ****     /*  If not using CY_CFG_CLOCK_STARTUP_ERROR_CALLBACK, place your clock startup code here. */
 139:Generated_Source\PSoC4/cyfitter_cfg.c ****     /* `#START CyClockStartupError` */
 140:Generated_Source\PSoC4/cyfitter_cfg.c **** 
 141:Generated_Source\PSoC4/cyfitter_cfg.c **** 
 142:Generated_Source\PSoC4/cyfitter_cfg.c **** 
 143:Generated_Source\PSoC4/cyfitter_cfg.c ****     /* `#END` */
 144:Generated_Source\PSoC4/cyfitter_cfg.c **** 
 145:Generated_Source\PSoC4/cyfitter_cfg.c ****     while(1) {}
ARM GAS  C:\Users\NGUYEN~1\AppData\Local\Temp\ccFN1od2.s 			page 4


 146:Generated_Source\PSoC4/cyfitter_cfg.c **** #endif /* CY_CFG_CLOCK_STARTUP_ERROR_CALLBACK */
 147:Generated_Source\PSoC4/cyfitter_cfg.c **** }
 148:Generated_Source\PSoC4/cyfitter_cfg.c **** #endif
 149:Generated_Source\PSoC4/cyfitter_cfg.c **** 
 150:Generated_Source\PSoC4/cyfitter_cfg.c **** 
 151:Generated_Source\PSoC4/cyfitter_cfg.c **** 
 152:Generated_Source\PSoC4/cyfitter_cfg.c **** /*******************************************************************************
 153:Generated_Source\PSoC4/cyfitter_cfg.c **** * Function Name: ClockSetup
 154:Generated_Source\PSoC4/cyfitter_cfg.c **** ********************************************************************************
 155:Generated_Source\PSoC4/cyfitter_cfg.c **** *
 156:Generated_Source\PSoC4/cyfitter_cfg.c **** * Summary:
 157:Generated_Source\PSoC4/cyfitter_cfg.c **** *   Performs the initialization of all of the clocks in the device based on the
 158:Generated_Source\PSoC4/cyfitter_cfg.c **** *   settings in the Clock tab of the DWR.  This includes enabling the requested
 159:Generated_Source\PSoC4/cyfitter_cfg.c **** *   clocks and setting the necessary dividers to produce the desired frequency. 
 160:Generated_Source\PSoC4/cyfitter_cfg.c **** *
 161:Generated_Source\PSoC4/cyfitter_cfg.c **** * Parameters:
 162:Generated_Source\PSoC4/cyfitter_cfg.c **** *   void
 163:Generated_Source\PSoC4/cyfitter_cfg.c **** *
 164:Generated_Source\PSoC4/cyfitter_cfg.c **** * Return:
 165:Generated_Source\PSoC4/cyfitter_cfg.c **** *   void
 166:Generated_Source\PSoC4/cyfitter_cfg.c **** *
 167:Generated_Source\PSoC4/cyfitter_cfg.c **** *******************************************************************************/
 168:Generated_Source\PSoC4/cyfitter_cfg.c **** static void ClockSetup(void);
 169:Generated_Source\PSoC4/cyfitter_cfg.c **** CY_CFG_SECTION
 170:Generated_Source\PSoC4/cyfitter_cfg.c **** static void ClockSetup(void)
 171:Generated_Source\PSoC4/cyfitter_cfg.c **** {
 172:Generated_Source\PSoC4/cyfitter_cfg.c **** 	/* Enable HALF_EN before trimming for the flash accelerator. */
 173:Generated_Source\PSoC4/cyfitter_cfg.c **** 	CY_SET_REG32((void CYXDATA *)(CYREG_CLK_SELECT), (CY_GET_REG32((void *)CYREG_CLK_SELECT) | 0x00040
 174:Generated_Source\PSoC4/cyfitter_cfg.c **** 
 175:Generated_Source\PSoC4/cyfitter_cfg.c **** 	/* Setup and trim IMO based on desired frequency. */
 176:Generated_Source\PSoC4/cyfitter_cfg.c **** 	CySysClkWriteImoFreq(24u);
 177:Generated_Source\PSoC4/cyfitter_cfg.c **** 
 178:Generated_Source\PSoC4/cyfitter_cfg.c **** 	/* Disable HALF_EN since it is not required at this IMO frequency. */
 179:Generated_Source\PSoC4/cyfitter_cfg.c **** 	CY_SET_REG32((void CYXDATA *)(CYREG_CLK_SELECT), (CY_GET_REG32((void *)CYREG_CLK_SELECT) & 0xFFFBF
 180:Generated_Source\PSoC4/cyfitter_cfg.c **** 	/* CYDEV_CLK_ILO_CONFIG Starting address: CYDEV_CLK_ILO_CONFIG */
 181:Generated_Source\PSoC4/cyfitter_cfg.c **** 	CY_SET_REG32((void *)(CYREG_CLK_ILO_CONFIG), 0x80000006u);
 182:Generated_Source\PSoC4/cyfitter_cfg.c **** 
 183:Generated_Source\PSoC4/cyfitter_cfg.c **** 
 184:Generated_Source\PSoC4/cyfitter_cfg.c **** 	/* CYDEV_CLK_SELECT00 Starting address: CYDEV_CLK_SELECT00 */
 185:Generated_Source\PSoC4/cyfitter_cfg.c **** 	CY_SET_REG32((void *)(CYREG_CLK_SELECT03), 0x00000020u);
 186:Generated_Source\PSoC4/cyfitter_cfg.c **** 	CY_SET_REG32((void *)(CYREG_CLK_SELECT07), 0x00000010u);
 187:Generated_Source\PSoC4/cyfitter_cfg.c **** 
 188:Generated_Source\PSoC4/cyfitter_cfg.c **** 	/* CYDEV_CLK_IMO_CONFIG Starting address: CYDEV_CLK_IMO_CONFIG */
 189:Generated_Source\PSoC4/cyfitter_cfg.c **** 	CY_SET_REG32((void *)(CYREG_CLK_IMO_CONFIG), 0x82000000u);
 190:Generated_Source\PSoC4/cyfitter_cfg.c **** 
 191:Generated_Source\PSoC4/cyfitter_cfg.c **** 	/* CYDEV_CLK_SELECT Starting address: CYDEV_CLK_SELECT */
 192:Generated_Source\PSoC4/cyfitter_cfg.c **** 	CY_SET_REG32((void *)(CYREG_CLK_SELECT), 0x00000000u);
 193:Generated_Source\PSoC4/cyfitter_cfg.c **** 
 194:Generated_Source\PSoC4/cyfitter_cfg.c **** 	/* CYDEV_CLK_DIVIDER_A00 Starting address: CYDEV_CLK_DIVIDER_A00 */
 195:Generated_Source\PSoC4/cyfitter_cfg.c **** 	CY_SET_REG32((void *)(CYREG_CLK_DIVIDER_A00), 0x80000002u);
 196:Generated_Source\PSoC4/cyfitter_cfg.c **** 
 197:Generated_Source\PSoC4/cyfitter_cfg.c **** 	/* CYDEV_CLK_DIVIDER_B00 Starting address: CYDEV_CLK_DIVIDER_B00 */
 198:Generated_Source\PSoC4/cyfitter_cfg.c **** 	CY_SET_REG32((void *)(CYREG_CLK_DIVIDER_B00), 0x80000010u);
 199:Generated_Source\PSoC4/cyfitter_cfg.c **** 
 200:Generated_Source\PSoC4/cyfitter_cfg.c **** 	(void)CyIntSetVector(9u, &CySysWdtIsr);
 201:Generated_Source\PSoC4/cyfitter_cfg.c **** 	CyIntEnable(9u);
 202:Generated_Source\PSoC4/cyfitter_cfg.c **** 	CY_SET_REG32((void *)(CYREG_WDT_CONFIG), 0x00000000u);
ARM GAS  C:\Users\NGUYEN~1\AppData\Local\Temp\ccFN1od2.s 			page 5


 203:Generated_Source\PSoC4/cyfitter_cfg.c **** }
 204:Generated_Source\PSoC4/cyfitter_cfg.c **** 
 205:Generated_Source\PSoC4/cyfitter_cfg.c **** 
 206:Generated_Source\PSoC4/cyfitter_cfg.c **** /* Analog API Functions */
 207:Generated_Source\PSoC4/cyfitter_cfg.c **** 
 208:Generated_Source\PSoC4/cyfitter_cfg.c **** 
 209:Generated_Source\PSoC4/cyfitter_cfg.c **** /*******************************************************************************
 210:Generated_Source\PSoC4/cyfitter_cfg.c **** * Function Name: AnalogSetDefault
 211:Generated_Source\PSoC4/cyfitter_cfg.c **** ********************************************************************************
 212:Generated_Source\PSoC4/cyfitter_cfg.c **** *
 213:Generated_Source\PSoC4/cyfitter_cfg.c **** * Summary:
 214:Generated_Source\PSoC4/cyfitter_cfg.c **** *  Sets up the analog portions of the chip to default values based on chip
 215:Generated_Source\PSoC4/cyfitter_cfg.c **** *  configuration options from the project.
 216:Generated_Source\PSoC4/cyfitter_cfg.c **** *
 217:Generated_Source\PSoC4/cyfitter_cfg.c **** * Parameters:
 218:Generated_Source\PSoC4/cyfitter_cfg.c **** *  void
 219:Generated_Source\PSoC4/cyfitter_cfg.c **** *
 220:Generated_Source\PSoC4/cyfitter_cfg.c **** * Return:
 221:Generated_Source\PSoC4/cyfitter_cfg.c **** *  void
 222:Generated_Source\PSoC4/cyfitter_cfg.c **** *
 223:Generated_Source\PSoC4/cyfitter_cfg.c **** *******************************************************************************/
 224:Generated_Source\PSoC4/cyfitter_cfg.c **** static void AnalogSetDefault(void);
 225:Generated_Source\PSoC4/cyfitter_cfg.c **** static void AnalogSetDefault(void)
 226:Generated_Source\PSoC4/cyfitter_cfg.c **** {
  27              		.loc 1 226 0
  28              		.cfi_startproc
  29              		@ args = 0, pretend = 0, frame = 0
  30              		@ frame_needed = 0, uses_anonymous_args = 0
  31              		@ link register save eliminated.
 227:Generated_Source\PSoC4/cyfitter_cfg.c **** 	CY_SET_XTND_REG32((void CYFAR *)CYREG_SAR_MUX_SWITCH0, 0x0000000Fu);
  32              		.loc 1 227 0
  33 0000 0F23     		movs	r3, #15
  34 0002 024A     		ldr	r2, .L2
  35 0004 1360     		str	r3, [r2]
 228:Generated_Source\PSoC4/cyfitter_cfg.c **** 	CY_SET_XTND_REG32((void CYFAR *)CYREG_SAR_MUX_SWITCH_HW_CTRL, 0x0000000Fu);
  36              		.loc 1 228 0
  37 0006 024A     		ldr	r2, .L2+4
  38 0008 1360     		str	r3, [r2]
 229:Generated_Source\PSoC4/cyfitter_cfg.c **** 	/* Variable VDDA is selected; no pumps are enabled by default */
 230:Generated_Source\PSoC4/cyfitter_cfg.c **** }
  39              		.loc 1 230 0
  40              		@ sp needed
  41 000a 7047     		bx	lr
  42              	.L3:
  43              		.align	2
  44              	.L2:
  45 000c 00031A40 		.word	1075446528
  46 0010 40031A40 		.word	1075446592
  47              		.cfi_endproc
  48              	.LFE4:
  49              		.size	AnalogSetDefault, .-AnalogSetDefault
  50              		.section	.text.CYMEMZERO,"ax",%progbits
  51              		.align	2
  52              		.code	16
  53              		.thumb_func
  54              		.type	CYMEMZERO, %function
  55              	CYMEMZERO:
ARM GAS  C:\Users\NGUYEN~1\AppData\Local\Temp\ccFN1od2.s 			page 6


  56              	.LFB0:
  77:Generated_Source\PSoC4/cyfitter_cfg.c **** 	(void)memset(s, 0, n);
  57              		.loc 1 77 0
  58              		.cfi_startproc
  59              		@ args = 0, pretend = 0, frame = 0
  60              		@ frame_needed = 0, uses_anonymous_args = 0
  61              	.LVL0:
  62 0000 10B5     		push	{r4, lr}
  63              		.cfi_def_cfa_offset 8
  64              		.cfi_offset 4, -8
  65              		.cfi_offset 14, -4
  66 0002 0A00     		movs	r2, r1
  78:Generated_Source\PSoC4/cyfitter_cfg.c **** }
  67              		.loc 1 78 0
  68 0004 0021     		movs	r1, #0
  69              	.LVL1:
  70 0006 FFF7FEFF 		bl	memset
  71              	.LVL2:
  79:Generated_Source\PSoC4/cyfitter_cfg.c **** CY_CFG_UNUSED
  72              		.loc 1 79 0
  73              		@ sp needed
  74 000a 10BD     		pop	{r4, pc}
  75              		.cfi_endproc
  76              	.LFE0:
  77              		.size	CYMEMZERO, .-CYMEMZERO
  78              		.section	.psocinit,"ax",%progbits
  79              		.align	2
  80              		.code	16
  81              		.thumb_func
  82              		.type	ClockSetup, %function
  83              	ClockSetup:
  84              	.LFB3:
 171:Generated_Source\PSoC4/cyfitter_cfg.c **** 	/* Enable HALF_EN before trimming for the flash accelerator. */
  85              		.loc 1 171 0
  86              		.cfi_startproc
  87              		@ args = 0, pretend = 0, frame = 0
  88              		@ frame_needed = 0, uses_anonymous_args = 0
  89 0000 70B5     		push	{r4, r5, r6, lr}
  90              		.cfi_def_cfa_offset 16
  91              		.cfi_offset 4, -16
  92              		.cfi_offset 5, -12
  93              		.cfi_offset 6, -8
  94              		.cfi_offset 14, -4
 173:Generated_Source\PSoC4/cyfitter_cfg.c **** 
  95              		.loc 1 173 0
  96 0002 164C     		ldr	r4, .L6
  97 0004 2368     		ldr	r3, [r4]
  98 0006 8022     		movs	r2, #128
  99 0008 D202     		lsls	r2, r2, #11
 100 000a 1343     		orrs	r3, r2
 101 000c 2360     		str	r3, [r4]
 176:Generated_Source\PSoC4/cyfitter_cfg.c **** 
 102              		.loc 1 176 0
 103 000e 1820     		movs	r0, #24
 104 0010 FFF7FEFF 		bl	CySysClkWriteImoFreq
 105              	.LVL3:
 179:Generated_Source\PSoC4/cyfitter_cfg.c **** 	/* CYDEV_CLK_ILO_CONFIG Starting address: CYDEV_CLK_ILO_CONFIG */
ARM GAS  C:\Users\NGUYEN~1\AppData\Local\Temp\ccFN1od2.s 			page 7


 106              		.loc 1 179 0
 107 0014 2268     		ldr	r2, [r4]
 108 0016 124B     		ldr	r3, .L6+4
 109 0018 1340     		ands	r3, r2
 110 001a 2360     		str	r3, [r4]
 181:Generated_Source\PSoC4/cyfitter_cfg.c **** 
 111              		.loc 1 181 0
 112 001c 114A     		ldr	r2, .L6+8
 113 001e 124B     		ldr	r3, .L6+12
 114 0020 1A60     		str	r2, [r3]
 185:Generated_Source\PSoC4/cyfitter_cfg.c **** 	CY_SET_REG32((void *)(CYREG_CLK_SELECT07), 0x00000010u);
 115              		.loc 1 185 0
 116 0022 2022     		movs	r2, #32
 117 0024 114B     		ldr	r3, .L6+16
 118 0026 1A60     		str	r2, [r3]
 186:Generated_Source\PSoC4/cyfitter_cfg.c **** 
 119              		.loc 1 186 0
 120 0028 103A     		subs	r2, r2, #16
 121 002a 114B     		ldr	r3, .L6+20
 122 002c 1A60     		str	r2, [r3]
 189:Generated_Source\PSoC4/cyfitter_cfg.c **** 
 123              		.loc 1 189 0
 124 002e 8222     		movs	r2, #130
 125 0030 1206     		lsls	r2, r2, #24
 126 0032 104B     		ldr	r3, .L6+24
 127 0034 1A60     		str	r2, [r3]
 192:Generated_Source\PSoC4/cyfitter_cfg.c **** 
 128              		.loc 1 192 0
 129 0036 0025     		movs	r5, #0
 130 0038 2560     		str	r5, [r4]
 195:Generated_Source\PSoC4/cyfitter_cfg.c **** 
 131              		.loc 1 195 0
 132 003a 0F4A     		ldr	r2, .L6+28
 133 003c 0F4B     		ldr	r3, .L6+32
 134 003e 1A60     		str	r2, [r3]
 198:Generated_Source\PSoC4/cyfitter_cfg.c **** 
 135              		.loc 1 198 0
 136 0040 0F4A     		ldr	r2, .L6+36
 137 0042 104B     		ldr	r3, .L6+40
 138 0044 1A60     		str	r2, [r3]
 200:Generated_Source\PSoC4/cyfitter_cfg.c **** 	CyIntEnable(9u);
 139              		.loc 1 200 0
 140 0046 1049     		ldr	r1, .L6+44
 141 0048 0920     		movs	r0, #9
 142 004a FFF7FEFF 		bl	CyIntSetVector
 143              	.LVL4:
 201:Generated_Source\PSoC4/cyfitter_cfg.c **** 	CY_SET_REG32((void *)(CYREG_WDT_CONFIG), 0x00000000u);
 144              		.loc 1 201 0
 145 004e 0920     		movs	r0, #9
 146 0050 FFF7FEFF 		bl	CyIntEnable
 147              	.LVL5:
 202:Generated_Source\PSoC4/cyfitter_cfg.c **** }
 148              		.loc 1 202 0
 149 0054 0D4B     		ldr	r3, .L6+48
 150 0056 1D60     		str	r5, [r3]
 203:Generated_Source\PSoC4/cyfitter_cfg.c **** 
 151              		.loc 1 203 0
ARM GAS  C:\Users\NGUYEN~1\AppData\Local\Temp\ccFN1od2.s 			page 8


 152              		@ sp needed
 153 0058 70BD     		pop	{r4, r5, r6, pc}
 154              	.L7:
 155 005a C046     		.align	2
 156              	.L6:
 157 005c 00010B40 		.word	1074462976
 158 0060 FFFFFBFF 		.word	-262145
 159 0064 06000080 		.word	-2147483642
 160 0068 04010B40 		.word	1074462980
 161 006c 0C020240 		.word	1073873420
 162 0070 1C020240 		.word	1073873436
 163 0074 08010B40 		.word	1074462984
 164 0078 02000080 		.word	-2147483646
 165 007c 00000240 		.word	1073872896
 166 0080 10000080 		.word	-2147483632
 167 0084 40000240 		.word	1073872960
 168 0088 00000000 		.word	CySysWdtIsr
 169 008c 0C020B40 		.word	1074463244
 170              		.cfi_endproc
 171              	.LFE3:
 172              		.size	ClockSetup, .-ClockSetup
 173              		.section	.text.SetAnalogRoutingPumps,"ax",%progbits
 174              		.align	2
 175              		.global	SetAnalogRoutingPumps
 176              		.code	16
 177              		.thumb_func
 178              		.type	SetAnalogRoutingPumps, %function
 179              	SetAnalogRoutingPumps:
 180              	.LFB5:
 231:Generated_Source\PSoC4/cyfitter_cfg.c **** 
 232:Generated_Source\PSoC4/cyfitter_cfg.c **** 
 233:Generated_Source\PSoC4/cyfitter_cfg.c **** /*******************************************************************************
 234:Generated_Source\PSoC4/cyfitter_cfg.c **** * Function Name: SetAnalogRoutingPumps
 235:Generated_Source\PSoC4/cyfitter_cfg.c **** ********************************************************************************
 236:Generated_Source\PSoC4/cyfitter_cfg.c **** *
 237:Generated_Source\PSoC4/cyfitter_cfg.c **** * Summary:
 238:Generated_Source\PSoC4/cyfitter_cfg.c **** * Enables or disables the analog pumps feeding analog routing switches.
 239:Generated_Source\PSoC4/cyfitter_cfg.c **** * Intended to be called at startup, based on the Vdda system configuration;
 240:Generated_Source\PSoC4/cyfitter_cfg.c **** * may be called during operation when the user informs us that the Vdda voltage crossed the pump th
 241:Generated_Source\PSoC4/cyfitter_cfg.c **** *
 242:Generated_Source\PSoC4/cyfitter_cfg.c **** * Parameters:
 243:Generated_Source\PSoC4/cyfitter_cfg.c **** *  enabled - 1 to enable the pumps, 0 to disable the pumps
 244:Generated_Source\PSoC4/cyfitter_cfg.c **** *
 245:Generated_Source\PSoC4/cyfitter_cfg.c **** * Return:
 246:Generated_Source\PSoC4/cyfitter_cfg.c **** *  void
 247:Generated_Source\PSoC4/cyfitter_cfg.c **** *
 248:Generated_Source\PSoC4/cyfitter_cfg.c **** *******************************************************************************/
 249:Generated_Source\PSoC4/cyfitter_cfg.c **** void SetAnalogRoutingPumps(uint8 enabled)
 250:Generated_Source\PSoC4/cyfitter_cfg.c **** {
 181              		.loc 1 250 0
 182              		.cfi_startproc
 183              		@ args = 0, pretend = 0, frame = 0
 184              		@ frame_needed = 0, uses_anonymous_args = 0
 185              		@ link register save eliminated.
 186              	.LVL6:
 251:Generated_Source\PSoC4/cyfitter_cfg.c **** 	uint32 regValue = CY_GET_XTND_REG32((void *)(CYREG_SAR_PUMP_CTRL));
 187              		.loc 1 251 0
ARM GAS  C:\Users\NGUYEN~1\AppData\Local\Temp\ccFN1od2.s 			page 9


 188 0000 064B     		ldr	r3, .L11
 189 0002 1B68     		ldr	r3, [r3]
 190              	.LVL7:
 252:Generated_Source\PSoC4/cyfitter_cfg.c **** 	if (enabled != 0u)
 191              		.loc 1 252 0
 192 0004 0028     		cmp	r0, #0
 193 0006 03D0     		beq	.L9
 253:Generated_Source\PSoC4/cyfitter_cfg.c **** 	{
 254:Generated_Source\PSoC4/cyfitter_cfg.c **** 		regValue |= 0x80000000u;
 194              		.loc 1 254 0
 195 0008 8022     		movs	r2, #128
 196 000a 1206     		lsls	r2, r2, #24
 197 000c 1343     		orrs	r3, r2
 198              	.LVL8:
 199 000e 01E0     		b	.L10
 200              	.L9:
 255:Generated_Source\PSoC4/cyfitter_cfg.c **** 	}
 256:Generated_Source\PSoC4/cyfitter_cfg.c **** 	else
 257:Generated_Source\PSoC4/cyfitter_cfg.c **** 	{
 258:Generated_Source\PSoC4/cyfitter_cfg.c **** 		regValue &= ~0x80000000u;
 201              		.loc 1 258 0
 202 0010 5B00     		lsls	r3, r3, #1
 203              	.LVL9:
 204 0012 5B08     		lsrs	r3, r3, #1
 205              	.LVL10:
 206              	.L10:
 259:Generated_Source\PSoC4/cyfitter_cfg.c **** 	}
 260:Generated_Source\PSoC4/cyfitter_cfg.c **** 	CY_SET_XTND_REG32((void *)(CYREG_SAR_PUMP_CTRL), regValue);
 207              		.loc 1 260 0
 208 0014 014A     		ldr	r2, .L11
 209 0016 1360     		str	r3, [r2]
 261:Generated_Source\PSoC4/cyfitter_cfg.c **** }
 210              		.loc 1 261 0
 211              		@ sp needed
 212 0018 7047     		bx	lr
 213              	.L12:
 214 001a C046     		.align	2
 215              	.L11:
 216 001c 80031A40 		.word	1075446656
 217              		.cfi_endproc
 218              	.LFE5:
 219              		.size	SetAnalogRoutingPumps, .-SetAnalogRoutingPumps
 220              		.section	.psocinit
 221              		.align	2
 222              		.global	cyfitter_cfg
 223              		.code	16
 224              		.thumb_func
 225              		.type	cyfitter_cfg, %function
 226              	cyfitter_cfg:
 227              	.LFB6:
 262:Generated_Source\PSoC4/cyfitter_cfg.c **** 
 263:Generated_Source\PSoC4/cyfitter_cfg.c **** 
 264:Generated_Source\PSoC4/cyfitter_cfg.c **** 
 265:Generated_Source\PSoC4/cyfitter_cfg.c **** 
 266:Generated_Source\PSoC4/cyfitter_cfg.c **** /*******************************************************************************
 267:Generated_Source\PSoC4/cyfitter_cfg.c **** * Function Name: cyfitter_cfg
 268:Generated_Source\PSoC4/cyfitter_cfg.c **** ********************************************************************************
ARM GAS  C:\Users\NGUYEN~1\AppData\Local\Temp\ccFN1od2.s 			page 10


 269:Generated_Source\PSoC4/cyfitter_cfg.c **** * Summary:
 270:Generated_Source\PSoC4/cyfitter_cfg.c **** *  This function is called by the start-up code for the selected device. It
 271:Generated_Source\PSoC4/cyfitter_cfg.c **** *  performs all of the necessary device configuration based on the design
 272:Generated_Source\PSoC4/cyfitter_cfg.c **** *  settings.  This includes settings from the Design Wide Resources (DWR) such
 273:Generated_Source\PSoC4/cyfitter_cfg.c **** *  as Clocks and Pins as well as any component configuration that is necessary.
 274:Generated_Source\PSoC4/cyfitter_cfg.c **** *
 275:Generated_Source\PSoC4/cyfitter_cfg.c **** * Parameters:
 276:Generated_Source\PSoC4/cyfitter_cfg.c **** *   void
 277:Generated_Source\PSoC4/cyfitter_cfg.c **** *
 278:Generated_Source\PSoC4/cyfitter_cfg.c **** * Return:
 279:Generated_Source\PSoC4/cyfitter_cfg.c **** *   void
 280:Generated_Source\PSoC4/cyfitter_cfg.c **** *
 281:Generated_Source\PSoC4/cyfitter_cfg.c **** *******************************************************************************/
 282:Generated_Source\PSoC4/cyfitter_cfg.c **** CY_CFG_SECTION
 283:Generated_Source\PSoC4/cyfitter_cfg.c **** void cyfitter_cfg(void)
 284:Generated_Source\PSoC4/cyfitter_cfg.c **** {
 228              		.loc 1 284 0
 229              		.cfi_startproc
 230              		@ args = 0, pretend = 0, frame = 0
 231              		@ frame_needed = 0, uses_anonymous_args = 0
 232 0090 10B5     		push	{r4, lr}
 233              		.cfi_def_cfa_offset 8
 234              		.cfi_offset 4, -8
 235              		.cfi_offset 14, -4
 285:Generated_Source\PSoC4/cyfitter_cfg.c **** 	/* Disable interrupts by default. Let user enable if/when they want. */
 286:Generated_Source\PSoC4/cyfitter_cfg.c **** 	CyGlobalIntDisable;
 236              		.loc 1 286 0
 237              		.syntax divided
 238              	@ 286 "Generated_Source\PSoC4\cyfitter_cfg.c" 1
 239 0092 72B6     		CPSID   i
 240              	@ 0 "" 2
 241              	.LVL11:
 242              		.thumb
 243              		.syntax unified
 244              	.LBB2:
 287:Generated_Source\PSoC4/cyfitter_cfg.c **** 
 288:Generated_Source\PSoC4/cyfitter_cfg.c **** 	{
 289:Generated_Source\PSoC4/cyfitter_cfg.c **** 
 290:Generated_Source\PSoC4/cyfitter_cfg.c **** 		CYPACKED typedef struct {
 291:Generated_Source\PSoC4/cyfitter_cfg.c **** 			void CYFAR *address;
 292:Generated_Source\PSoC4/cyfitter_cfg.c **** 			uint16 size;
 293:Generated_Source\PSoC4/cyfitter_cfg.c **** 		} CYPACKED_ATTR cfg_memset_t;
 294:Generated_Source\PSoC4/cyfitter_cfg.c **** 
 295:Generated_Source\PSoC4/cyfitter_cfg.c **** 		static const cfg_memset_t CYCODE cfg_memset_list[] = {
 296:Generated_Source\PSoC4/cyfitter_cfg.c **** 			/* address, size */
 297:Generated_Source\PSoC4/cyfitter_cfg.c **** 			{(void CYFAR *)(CYDEV_UDB_P0_U0_BASE), 1024u},
 298:Generated_Source\PSoC4/cyfitter_cfg.c **** 			{(void CYFAR *)(CYDEV_UDB_DSI0_BASE), 1024u},
 299:Generated_Source\PSoC4/cyfitter_cfg.c **** 		};
 300:Generated_Source\PSoC4/cyfitter_cfg.c **** 
 301:Generated_Source\PSoC4/cyfitter_cfg.c **** 		uint8 CYDATA i;
 302:Generated_Source\PSoC4/cyfitter_cfg.c **** 
 303:Generated_Source\PSoC4/cyfitter_cfg.c **** 		/* Zero out critical memory blocks before beginning configuration */
 304:Generated_Source\PSoC4/cyfitter_cfg.c **** 		for (i = 0u; i < (sizeof(cfg_memset_list)/sizeof(cfg_memset_list[0])); i++)
 245              		.loc 1 304 0
 246 0094 0024     		movs	r4, #0
 247 0096 0FE0     		b	.L14
 248              	.LVL12:
ARM GAS  C:\Users\NGUYEN~1\AppData\Local\Temp\ccFN1od2.s 			page 11


 249              	.L15:
 250              	.LBB3:
 305:Generated_Source\PSoC4/cyfitter_cfg.c **** 		{
 306:Generated_Source\PSoC4/cyfitter_cfg.c **** 			const cfg_memset_t CYCODE * CYDATA ms = &cfg_memset_list[i];
 307:Generated_Source\PSoC4/cyfitter_cfg.c **** 			CYMEMZERO(ms->address, (size_t)(uint32)(ms->size));
 251              		.loc 1 307 0 discriminator 3
 252 0098 2048     		ldr	r0, .L16
 253 009a 6200     		lsls	r2, r4, #1
 254 009c 1319     		adds	r3, r2, r4
 255 009e 5900     		lsls	r1, r3, #1
 256 00a0 0B00     		movs	r3, r1
 257 00a2 4118     		adds	r1, r0, r1
 258 00a4 8988     		ldrh	r1, [r1, #4]
 259 00a6 1A5A     		ldrh	r2, [r3, r0]
 260 00a8 C318     		adds	r3, r0, r3
 261 00aa 5888     		ldrh	r0, [r3, #2]
 262 00ac 0004     		lsls	r0, r0, #16
 263 00ae 1043     		orrs	r0, r2
 264 00b0 FFF7FEFF 		bl	CYMEMZERO
 265              	.LVL13:
 266              	.LBE3:
 304:Generated_Source\PSoC4/cyfitter_cfg.c **** 		{
 267              		.loc 1 304 0 discriminator 3
 268 00b4 0134     		adds	r4, r4, #1
 269              	.LVL14:
 270 00b6 E4B2     		uxtb	r4, r4
 271              	.LVL15:
 272              	.L14:
 304:Generated_Source\PSoC4/cyfitter_cfg.c **** 		{
 273              		.loc 1 304 0 is_stmt 0 discriminator 1
 274 00b8 012C     		cmp	r4, #1
 275 00ba EDD9     		bls	.L15
 308:Generated_Source\PSoC4/cyfitter_cfg.c **** 		}
 309:Generated_Source\PSoC4/cyfitter_cfg.c **** 
 310:Generated_Source\PSoC4/cyfitter_cfg.c **** 		/* HSIOM Starting address: CYDEV_HSIOM_BASE */
 311:Generated_Source\PSoC4/cyfitter_cfg.c **** 		CY_SET_REG32((void *)(CYDEV_HSIOM_BASE), 0x00990000u);
 276              		.loc 1 311 0 is_stmt 1
 277 00bc 9923     		movs	r3, #153
 278 00be 1B04     		lsls	r3, r3, #16
 279 00c0 174A     		ldr	r2, .L16+4
 280 00c2 1360     		str	r3, [r2]
 312:Generated_Source\PSoC4/cyfitter_cfg.c **** 		CY_SET_REG32((void *)(CYREG_HSIOM_PORT_SEL3), 0x0000EE00u);
 281              		.loc 1 312 0
 282 00c4 EE21     		movs	r1, #238
 283 00c6 0902     		lsls	r1, r1, #8
 284 00c8 164A     		ldr	r2, .L16+8
 285 00ca 1160     		str	r1, [r2]
 313:Generated_Source\PSoC4/cyfitter_cfg.c **** 
 314:Generated_Source\PSoC4/cyfitter_cfg.c **** 		/* UDB_PA_0 Starting address: CYDEV_UDB_PA0_BASE */
 315:Generated_Source\PSoC4/cyfitter_cfg.c **** 		CY_SET_REG32((void *)(CYDEV_UDB_PA0_BASE), 0x00990000u);
 286              		.loc 1 315 0
 287 00cc 164A     		ldr	r2, .L16+12
 288 00ce 1360     		str	r3, [r2]
 316:Generated_Source\PSoC4/cyfitter_cfg.c **** 
 317:Generated_Source\PSoC4/cyfitter_cfg.c **** 		/* UDB_PA_1 Starting address: CYDEV_UDB_PA1_BASE */
 318:Generated_Source\PSoC4/cyfitter_cfg.c **** 		CY_SET_REG32((void *)(CYDEV_UDB_PA1_BASE), 0x00990000u);
 289              		.loc 1 318 0
ARM GAS  C:\Users\NGUYEN~1\AppData\Local\Temp\ccFN1od2.s 			page 12


 290 00d0 164A     		ldr	r2, .L16+16
 291 00d2 1360     		str	r3, [r2]
 319:Generated_Source\PSoC4/cyfitter_cfg.c **** 
 320:Generated_Source\PSoC4/cyfitter_cfg.c **** 		/* UDB_PA_2 Starting address: CYDEV_UDB_PA2_BASE */
 321:Generated_Source\PSoC4/cyfitter_cfg.c **** 		CY_SET_REG32((void *)(CYDEV_UDB_PA2_BASE), 0x00990000u);
 292              		.loc 1 321 0
 293 00d4 164A     		ldr	r2, .L16+20
 294 00d6 1360     		str	r3, [r2]
 322:Generated_Source\PSoC4/cyfitter_cfg.c **** 
 323:Generated_Source\PSoC4/cyfitter_cfg.c **** 		/* UDB_PA_3 Starting address: CYDEV_UDB_PA3_BASE */
 324:Generated_Source\PSoC4/cyfitter_cfg.c **** 		CY_SET_REG32((void *)(CYDEV_UDB_PA3_BASE), 0x00990000u);
 295              		.loc 1 324 0
 296 00d8 164A     		ldr	r2, .L16+24
 297 00da 1360     		str	r3, [r2]
 325:Generated_Source\PSoC4/cyfitter_cfg.c **** 
 326:Generated_Source\PSoC4/cyfitter_cfg.c **** 		/* Enable digital routing */
 327:Generated_Source\PSoC4/cyfitter_cfg.c **** 		CY_SET_XTND_REG8((void *)CYREG_UDB_UDBIF_BANK_CTL, (uint8)(CY_GET_XTND_REG8((void *)CYREG_UDB_UDB
 298              		.loc 1 327 0
 299 00dc 164A     		ldr	r2, .L16+28
 300 00de 1178     		ldrb	r1, [r2]
 301 00e0 0623     		movs	r3, #6
 302 00e2 0B43     		orrs	r3, r1
 303 00e4 DBB2     		uxtb	r3, r3
 304 00e6 1370     		strb	r3, [r2]
 305              	.LBE2:
 328:Generated_Source\PSoC4/cyfitter_cfg.c **** 	}
 329:Generated_Source\PSoC4/cyfitter_cfg.c **** 
 330:Generated_Source\PSoC4/cyfitter_cfg.c **** 	/* Perform second pass device configuration. These items must be configured in specific order afte
 331:Generated_Source\PSoC4/cyfitter_cfg.c **** 	/* IOPINS0_0 Starting address: CYDEV_PRT0_BASE */
 332:Generated_Source\PSoC4/cyfitter_cfg.c **** 	CY_SET_REG32((void *)(CYDEV_PRT0_BASE), 0x00000020u);
 306              		.loc 1 332 0
 307 00e8 2023     		movs	r3, #32
 308 00ea 144A     		ldr	r2, .L16+32
 309 00ec 1360     		str	r3, [r2]
 333:Generated_Source\PSoC4/cyfitter_cfg.c **** 	CY_SET_REG32((void *)(CYREG_PRT0_PC), 0x00031000u);
 310              		.loc 1 333 0
 311 00ee C421     		movs	r1, #196
 312 00f0 8902     		lsls	r1, r1, #10
 313 00f2 134A     		ldr	r2, .L16+36
 314 00f4 1160     		str	r1, [r2]
 334:Generated_Source\PSoC4/cyfitter_cfg.c **** 	CY_SET_REG32((void *)(CYREG_PRT0_PC2), 0x00000020u);
 315              		.loc 1 334 0
 316 00f6 134A     		ldr	r2, .L16+40
 317 00f8 1360     		str	r3, [r2]
 335:Generated_Source\PSoC4/cyfitter_cfg.c **** 
 336:Generated_Source\PSoC4/cyfitter_cfg.c **** 	/* IOPINS0_1 Starting address: CYDEV_PRT1_BASE */
 337:Generated_Source\PSoC4/cyfitter_cfg.c **** 	CY_SET_REG32((void *)(CYREG_PRT1_PC), 0x00000006u);
 318              		.loc 1 337 0
 319 00fa 134B     		ldr	r3, .L16+44
 320 00fc 0622     		movs	r2, #6
 321 00fe 1A60     		str	r2, [r3]
 338:Generated_Source\PSoC4/cyfitter_cfg.c **** 
 339:Generated_Source\PSoC4/cyfitter_cfg.c **** 	/* IOPINS0_2 Starting address: CYDEV_PRT2_BASE */
 340:Generated_Source\PSoC4/cyfitter_cfg.c **** 	CY_SET_REG32((void *)(CYDEV_PRT2_BASE), 0x0000000Fu);
 322              		.loc 1 340 0
 323 0100 0F23     		movs	r3, #15
 324 0102 124A     		ldr	r2, .L16+48
ARM GAS  C:\Users\NGUYEN~1\AppData\Local\Temp\ccFN1od2.s 			page 13


 325 0104 1360     		str	r3, [r2]
 341:Generated_Source\PSoC4/cyfitter_cfg.c **** 	CY_SET_REG32((void *)(CYREG_PRT2_PC2), 0x0000000Fu);
 326              		.loc 1 341 0
 327 0106 124A     		ldr	r2, .L16+52
 328 0108 1360     		str	r3, [r2]
 342:Generated_Source\PSoC4/cyfitter_cfg.c **** 
 343:Generated_Source\PSoC4/cyfitter_cfg.c **** 	/* IOPINS0_3 Starting address: CYDEV_PRT3_BASE */
 344:Generated_Source\PSoC4/cyfitter_cfg.c **** 	CY_SET_REG32((void *)(CYREG_PRT3_PC), 0x00000D80u);
 329              		.loc 1 344 0
 330 010a D822     		movs	r2, #216
 331 010c 1201     		lsls	r2, r2, #4
 332 010e 114B     		ldr	r3, .L16+56
 333 0110 1A60     		str	r2, [r3]
 345:Generated_Source\PSoC4/cyfitter_cfg.c **** 
 346:Generated_Source\PSoC4/cyfitter_cfg.c **** 
 347:Generated_Source\PSoC4/cyfitter_cfg.c **** 	/* Setup clocks based on selections from Clock DWR */
 348:Generated_Source\PSoC4/cyfitter_cfg.c **** 	ClockSetup();
 334              		.loc 1 348 0
 335 0112 FFF775FF 		bl	ClockSetup
 336              	.LVL16:
 349:Generated_Source\PSoC4/cyfitter_cfg.c **** 
 350:Generated_Source\PSoC4/cyfitter_cfg.c **** 	/* Perform basic analog initialization to defaults */
 351:Generated_Source\PSoC4/cyfitter_cfg.c **** 	AnalogSetDefault();
 337              		.loc 1 351 0
 338 0116 FFF7FEFF 		bl	AnalogSetDefault
 339              	.LVL17:
 352:Generated_Source\PSoC4/cyfitter_cfg.c **** 
 353:Generated_Source\PSoC4/cyfitter_cfg.c **** }
 340              		.loc 1 353 0
 341              		@ sp needed
 342              	.LVL18:
 343 011a 10BD     		pop	{r4, pc}
 344              	.L17:
 345              		.align	2
 346              	.L16:
 347 011c 00000000 		.word	.LANCHOR0
 348 0120 00000140 		.word	1073807360
 349 0124 0C000140 		.word	1073807372
 350 0128 00500F40 		.word	1074745344
 351 012c 10500F40 		.word	1074745360
 352 0130 20500F40 		.word	1074745376
 353 0134 30500F40 		.word	1074745392
 354 0138 00700F40 		.word	1074753536
 355 013c 00000440 		.word	1074003968
 356 0140 08000440 		.word	1074003976
 357 0144 18000440 		.word	1074003992
 358 0148 08010440 		.word	1074004232
 359 014c 00020440 		.word	1074004480
 360 0150 18020440 		.word	1074004504
 361 0154 08030440 		.word	1074004744
 362              		.cfi_endproc
 363              	.LFE6:
 364              		.size	cyfitter_cfg, .-cyfitter_cfg
 365              		.section	.rodata
 366              		.align	2
 367              		.set	.LANCHOR0,. + 0
 368              		.type	cfg_memset_list.4853, %object
ARM GAS  C:\Users\NGUYEN~1\AppData\Local\Temp\ccFN1od2.s 			page 14


 369              		.size	cfg_memset_list.4853, 12
 370              	cfg_memset_list.4853:
 371 0000 00300F40 		.word	1074737152
 372 0004 0004     		.short	1024
 373 0006 00400F40 		.4byte	1074741248
 374 000a 0004     		.short	1024
 375              		.text
 376              	.Letext0:
 377              		.file 2 "c:\\program files (x86)\\cypress\\psoc creator\\4.4\\psoc creator\\import\\gnu\\arm\\5.4.
 378              		.file 3 "Generated_Source\\PSoC4\\cytypes.h"
 379              		.file 4 "Generated_Source\\PSoC4\\CyLib.h"
 380              		.section	.debug_info,"",%progbits
 381              	.Ldebug_info0:
 382 0000 C6020000 		.4byte	0x2c6
 383 0004 0400     		.2byte	0x4
 384 0006 00000000 		.4byte	.Ldebug_abbrev0
 385 000a 04       		.byte	0x4
 386 000b 01       		.uleb128 0x1
 387 000c 12010000 		.4byte	.LASF33
 388 0010 0C       		.byte	0xc
 389 0011 42020000 		.4byte	.LASF34
 390 0015 C4010000 		.4byte	.LASF35
 391 0019 00000000 		.4byte	.Ldebug_ranges0+0
 392 001d 00000000 		.4byte	0
 393 0021 00000000 		.4byte	.Ldebug_line0
 394 0025 02       		.uleb128 0x2
 395 0026 04       		.byte	0x4
 396 0027 05       		.byte	0x5
 397 0028 696E7400 		.ascii	"int\000"
 398 002c 03       		.uleb128 0x3
 399 002d 06000000 		.4byte	.LASF12
 400 0031 02       		.byte	0x2
 401 0032 D8       		.byte	0xd8
 402 0033 37000000 		.4byte	0x37
 403 0037 04       		.uleb128 0x4
 404 0038 04       		.byte	0x4
 405 0039 07       		.byte	0x7
 406 003a D9000000 		.4byte	.LASF0
 407 003e 04       		.uleb128 0x4
 408 003f 08       		.byte	0x8
 409 0040 05       		.byte	0x5
 410 0041 B6010000 		.4byte	.LASF1
 411 0045 04       		.uleb128 0x4
 412 0046 08       		.byte	0x8
 413 0047 04       		.byte	0x4
 414 0048 2A020000 		.4byte	.LASF2
 415 004c 04       		.uleb128 0x4
 416 004d 01       		.byte	0x1
 417 004e 06       		.byte	0x6
 418 004f 36020000 		.4byte	.LASF3
 419 0053 04       		.uleb128 0x4
 420 0054 01       		.byte	0x1
 421 0055 08       		.byte	0x8
 422 0056 A3000000 		.4byte	.LASF4
 423 005a 04       		.uleb128 0x4
 424 005b 02       		.byte	0x2
 425 005c 05       		.byte	0x5
ARM GAS  C:\Users\NGUYEN~1\AppData\Local\Temp\ccFN1od2.s 			page 15


 426 005d 02020000 		.4byte	.LASF5
 427 0061 04       		.uleb128 0x4
 428 0062 02       		.byte	0x2
 429 0063 07       		.byte	0x7
 430 0064 48000000 		.4byte	.LASF6
 431 0068 04       		.uleb128 0x4
 432 0069 04       		.byte	0x4
 433 006a 05       		.byte	0x5
 434 006b 21020000 		.4byte	.LASF7
 435 006f 04       		.uleb128 0x4
 436 0070 04       		.byte	0x4
 437 0071 07       		.byte	0x7
 438 0072 6B000000 		.4byte	.LASF8
 439 0076 04       		.uleb128 0x4
 440 0077 08       		.byte	0x8
 441 0078 07       		.byte	0x7
 442 0079 FB000000 		.4byte	.LASF9
 443 007d 04       		.uleb128 0x4
 444 007e 04       		.byte	0x4
 445 007f 07       		.byte	0x7
 446 0080 AD010000 		.4byte	.LASF10
 447 0084 05       		.uleb128 0x5
 448 0085 04       		.byte	0x4
 449 0086 04       		.uleb128 0x4
 450 0087 01       		.byte	0x1
 451 0088 08       		.byte	0x8
 452 0089 F5010000 		.4byte	.LASF11
 453 008d 06       		.uleb128 0x6
 454 008e 7D000000 		.4byte	.LASF13
 455 0092 03       		.byte	0x3
 456 0093 FB01     		.2byte	0x1fb
 457 0095 53000000 		.4byte	0x53
 458 0099 06       		.uleb128 0x6
 459 009a CB000000 		.4byte	.LASF14
 460 009e 03       		.byte	0x3
 461 009f FC01     		.2byte	0x1fc
 462 00a1 61000000 		.4byte	0x61
 463 00a5 06       		.uleb128 0x6
 464 00a6 D2000000 		.4byte	.LASF15
 465 00aa 03       		.byte	0x3
 466 00ab FD01     		.2byte	0x1fd
 467 00ad 6F000000 		.4byte	0x6f
 468 00b1 04       		.uleb128 0x4
 469 00b2 04       		.byte	0x4
 470 00b3 04       		.byte	0x4
 471 00b4 5B000000 		.4byte	.LASF16
 472 00b8 04       		.uleb128 0x4
 473 00b9 08       		.byte	0x8
 474 00ba 04       		.byte	0x4
 475 00bb B8000000 		.4byte	.LASF17
 476 00bf 06       		.uleb128 0x6
 477 00c0 66000000 		.4byte	.LASF18
 478 00c4 03       		.byte	0x3
 479 00c5 A502     		.2byte	0x2a5
 480 00c7 CB000000 		.4byte	0xcb
 481 00cb 07       		.uleb128 0x7
 482 00cc 8D000000 		.4byte	0x8d
ARM GAS  C:\Users\NGUYEN~1\AppData\Local\Temp\ccFN1od2.s 			page 16


 483 00d0 06       		.uleb128 0x6
 484 00d1 00000000 		.4byte	.LASF19
 485 00d5 03       		.byte	0x3
 486 00d6 A702     		.2byte	0x2a7
 487 00d8 DC000000 		.4byte	0xdc
 488 00dc 07       		.uleb128 0x7
 489 00dd A5000000 		.4byte	0xa5
 490 00e1 08       		.uleb128 0x8
 491 00e2 0D000000 		.4byte	.LASF36
 492 00e6 01       		.byte	0x1
 493 00e7 E1       		.byte	0xe1
 494 00e8 00000000 		.4byte	.LFB4
 495 00ec 14000000 		.4byte	.LFE4-.LFB4
 496 00f0 01       		.uleb128 0x1
 497 00f1 9C       		.byte	0x9c
 498 00f2 09       		.uleb128 0x9
 499 00f3 83000000 		.4byte	.LASF20
 500 00f7 01       		.byte	0x1
 501 00f8 4C       		.byte	0x4c
 502 00f9 00000000 		.4byte	.LFB0
 503 00fd 0C000000 		.4byte	.LFE0-.LFB0
 504 0101 01       		.uleb128 0x1
 505 0102 9C       		.byte	0x9c
 506 0103 3F010000 		.4byte	0x13f
 507 0107 0A       		.uleb128 0xa
 508 0108 7300     		.ascii	"s\000"
 509 010a 01       		.byte	0x1
 510 010b 4C       		.byte	0x4c
 511 010c 84000000 		.4byte	0x84
 512 0110 00000000 		.4byte	.LLST0
 513 0114 0A       		.uleb128 0xa
 514 0115 6E00     		.ascii	"n\000"
 515 0117 01       		.byte	0x1
 516 0118 4C       		.byte	0x4c
 517 0119 2C000000 		.4byte	0x2c
 518 011d 21000000 		.4byte	.LLST1
 519 0121 0B       		.uleb128 0xb
 520 0122 0A000000 		.4byte	.LVL2
 521 0126 9F020000 		.4byte	0x29f
 522 012a 0C       		.uleb128 0xc
 523 012b 01       		.uleb128 0x1
 524 012c 50       		.byte	0x50
 525 012d 03       		.uleb128 0x3
 526 012e F3       		.byte	0xf3
 527 012f 01       		.uleb128 0x1
 528 0130 50       		.byte	0x50
 529 0131 0C       		.uleb128 0xc
 530 0132 01       		.uleb128 0x1
 531 0133 51       		.byte	0x51
 532 0134 01       		.uleb128 0x1
 533 0135 30       		.byte	0x30
 534 0136 0C       		.uleb128 0xc
 535 0137 01       		.uleb128 0x1
 536 0138 52       		.byte	0x52
 537 0139 03       		.uleb128 0x3
 538 013a F3       		.byte	0xf3
 539 013b 01       		.uleb128 0x1
ARM GAS  C:\Users\NGUYEN~1\AppData\Local\Temp\ccFN1od2.s 			page 17


 540 013c 51       		.byte	0x51
 541 013d 00       		.byte	0
 542 013e 00       		.byte	0
 543 013f 09       		.uleb128 0x9
 544 0140 3D000000 		.4byte	.LASF21
 545 0144 01       		.byte	0x1
 546 0145 AA       		.byte	0xaa
 547 0146 00000000 		.4byte	.LFB3
 548 014a 90000000 		.4byte	.LFE3-.LFB3
 549 014e 01       		.uleb128 0x1
 550 014f 9C       		.byte	0x9c
 551 0150 8A010000 		.4byte	0x18a
 552 0154 0D       		.uleb128 0xd
 553 0155 14000000 		.4byte	.LVL3
 554 0159 A8020000 		.4byte	0x2a8
 555 015d 67010000 		.4byte	0x167
 556 0161 0C       		.uleb128 0xc
 557 0162 01       		.uleb128 0x1
 558 0163 50       		.byte	0x50
 559 0164 01       		.uleb128 0x1
 560 0165 48       		.byte	0x48
 561 0166 00       		.byte	0
 562 0167 0D       		.uleb128 0xd
 563 0168 4E000000 		.4byte	.LVL4
 564 016c B3020000 		.4byte	0x2b3
 565 0170 7A010000 		.4byte	0x17a
 566 0174 0C       		.uleb128 0xc
 567 0175 01       		.uleb128 0x1
 568 0176 50       		.byte	0x50
 569 0177 01       		.uleb128 0x1
 570 0178 39       		.byte	0x39
 571 0179 00       		.byte	0
 572 017a 0B       		.uleb128 0xb
 573 017b 54000000 		.4byte	.LVL5
 574 017f BE020000 		.4byte	0x2be
 575 0183 0C       		.uleb128 0xc
 576 0184 01       		.uleb128 0x1
 577 0185 50       		.byte	0x50
 578 0186 01       		.uleb128 0x1
 579 0187 39       		.byte	0x39
 580 0188 00       		.byte	0
 581 0189 00       		.byte	0
 582 018a 0E       		.uleb128 0xe
 583 018b 8D000000 		.4byte	.LASF23
 584 018f 01       		.byte	0x1
 585 0190 F9       		.byte	0xf9
 586 0191 00000000 		.4byte	.LFB5
 587 0195 20000000 		.4byte	.LFE5-.LFB5
 588 0199 01       		.uleb128 0x1
 589 019a 9C       		.byte	0x9c
 590 019b BC010000 		.4byte	0x1bc
 591 019f 0F       		.uleb128 0xf
 592 01a0 FA010000 		.4byte	.LASF22
 593 01a4 01       		.byte	0x1
 594 01a5 F9       		.byte	0xf9
 595 01a6 8D000000 		.4byte	0x8d
 596 01aa 01       		.uleb128 0x1
ARM GAS  C:\Users\NGUYEN~1\AppData\Local\Temp\ccFN1od2.s 			page 18


 597 01ab 50       		.byte	0x50
 598 01ac 10       		.uleb128 0x10
 599 01ad 68020000 		.4byte	.LASF28
 600 01b1 01       		.byte	0x1
 601 01b2 FB       		.byte	0xfb
 602 01b3 A5000000 		.4byte	0xa5
 603 01b7 4D000000 		.4byte	.LLST2
 604 01bb 00       		.byte	0
 605 01bc 11       		.uleb128 0x11
 606 01bd E6000000 		.4byte	.LASF24
 607 01c1 01       		.byte	0x1
 608 01c2 1B01     		.2byte	0x11b
 609 01c4 90000000 		.4byte	.LFB6
 610 01c8 C8000000 		.4byte	.LFE6-.LFB6
 611 01cc 01       		.uleb128 0x1
 612 01cd 9C       		.byte	0x9c
 613 01ce 9F020000 		.4byte	0x29f
 614 01d2 12       		.uleb128 0x12
 615 01d3 94000000 		.4byte	.LBB2
 616 01d7 54000000 		.4byte	.LBE2-.LBB2
 617 01db 8C020000 		.4byte	0x28c
 618 01df 13       		.uleb128 0x13
 619 01e0 06       		.byte	0x6
 620 01e1 01       		.byte	0x1
 621 01e2 2201     		.2byte	0x122
 622 01e4 03020000 		.4byte	0x203
 623 01e8 14       		.uleb128 0x14
 624 01e9 F3000000 		.4byte	.LASF25
 625 01ed 01       		.byte	0x1
 626 01ee 2301     		.2byte	0x123
 627 01f0 84000000 		.4byte	0x84
 628 01f4 00       		.byte	0
 629 01f5 14       		.uleb128 0x14
 630 01f6 61000000 		.4byte	.LASF26
 631 01fa 01       		.byte	0x1
 632 01fb 2401     		.2byte	0x124
 633 01fd 99000000 		.4byte	0x99
 634 0201 04       		.byte	0x4
 635 0202 00       		.byte	0
 636 0203 06       		.uleb128 0x6
 637 0204 A0010000 		.4byte	.LASF27
 638 0208 01       		.byte	0x1
 639 0209 2501     		.2byte	0x125
 640 020b DF010000 		.4byte	0x1df
 641 020f 15       		.uleb128 0x15
 642 0210 1F020000 		.4byte	0x21f
 643 0214 1F020000 		.4byte	0x21f
 644 0218 16       		.uleb128 0x16
 645 0219 7D000000 		.4byte	0x7d
 646 021d 01       		.byte	0x1
 647 021e 00       		.byte	0
 648 021f 17       		.uleb128 0x17
 649 0220 03020000 		.4byte	0x203
 650 0224 18       		.uleb128 0x18
 651 0225 2D000000 		.4byte	.LASF29
 652 0229 01       		.byte	0x1
 653 022a 2701     		.2byte	0x127
ARM GAS  C:\Users\NGUYEN~1\AppData\Local\Temp\ccFN1od2.s 			page 19


 654 022c 36020000 		.4byte	0x236
 655 0230 05       		.uleb128 0x5
 656 0231 03       		.byte	0x3
 657 0232 00000000 		.4byte	cfg_memset_list.4853
 658 0236 17       		.uleb128 0x17
 659 0237 0F020000 		.4byte	0x20f
 660 023b 19       		.uleb128 0x19
 661 023c 6900     		.ascii	"i\000"
 662 023e 01       		.byte	0x1
 663 023f 2D01     		.2byte	0x12d
 664 0241 8D000000 		.4byte	0x8d
 665 0245 6B000000 		.4byte	.LLST3
 666 0249 1A       		.uleb128 0x1a
 667 024a 98000000 		.4byte	.LBB3
 668 024e 1C000000 		.4byte	.LBE3-.LBB3
 669 0252 19       		.uleb128 0x19
 670 0253 6D7300   		.ascii	"ms\000"
 671 0256 01       		.byte	0x1
 672 0257 3201     		.2byte	0x132
 673 0259 61020000 		.4byte	0x261
 674 025d 95000000 		.4byte	.LLST4
 675 0261 1B       		.uleb128 0x1b
 676 0262 04       		.byte	0x4
 677 0263 1F020000 		.4byte	0x21f
 678 0267 0B       		.uleb128 0xb
 679 0268 B4000000 		.4byte	.LVL13
 680 026c F2000000 		.4byte	0xf2
 681 0270 0C       		.uleb128 0xc
 682 0271 01       		.uleb128 0x1
 683 0272 51       		.byte	0x51
 684 0273 15       		.uleb128 0x15
 685 0274 74       		.byte	0x74
 686 0275 00       		.sleb128 0
 687 0276 31       		.byte	0x31
 688 0277 24       		.byte	0x24
 689 0278 74       		.byte	0x74
 690 0279 00       		.sleb128 0
 691 027a 22       		.byte	0x22
 692 027b 31       		.byte	0x31
 693 027c 24       		.byte	0x24
 694 027d 03       		.byte	0x3
 695 027e 04000000 		.4byte	.LANCHOR0+4
 696 0282 22       		.byte	0x22
 697 0283 94       		.byte	0x94
 698 0284 02       		.byte	0x2
 699 0285 0A       		.byte	0xa
 700 0286 FFFF     		.2byte	0xffff
 701 0288 1A       		.byte	0x1a
 702 0289 00       		.byte	0
 703 028a 00       		.byte	0
 704 028b 00       		.byte	0
 705 028c 1C       		.uleb128 0x1c
 706 028d 16010000 		.4byte	.LVL16
 707 0291 3F010000 		.4byte	0x13f
 708 0295 1C       		.uleb128 0x1c
 709 0296 1A010000 		.4byte	.LVL17
 710 029a E1000000 		.4byte	0xe1
ARM GAS  C:\Users\NGUYEN~1\AppData\Local\Temp\ccFN1od2.s 			page 20


 711 029e 00       		.byte	0
 712 029f 1D       		.uleb128 0x1d
 713 02a0 B1000000 		.4byte	.LASF37
 714 02a4 B1000000 		.4byte	.LASF37
 715 02a8 1E       		.uleb128 0x1e
 716 02a9 0C020000 		.4byte	.LASF30
 717 02ad 0C020000 		.4byte	.LASF30
 718 02b1 04       		.byte	0x4
 719 02b2 6C       		.byte	0x6c
 720 02b3 1E       		.uleb128 0x1e
 721 02b4 1E000000 		.4byte	.LASF31
 722 02b8 1E000000 		.4byte	.LASF31
 723 02bc 04       		.byte	0x4
 724 02bd D0       		.byte	0xd0
 725 02be 1E       		.uleb128 0x1e
 726 02bf BF000000 		.4byte	.LASF32
 727 02c3 BF000000 		.4byte	.LASF32
 728 02c7 04       		.byte	0x4
 729 02c8 D6       		.byte	0xd6
 730 02c9 00       		.byte	0
 731              		.section	.debug_abbrev,"",%progbits
 732              	.Ldebug_abbrev0:
 733 0000 01       		.uleb128 0x1
 734 0001 11       		.uleb128 0x11
 735 0002 01       		.byte	0x1
 736 0003 25       		.uleb128 0x25
 737 0004 0E       		.uleb128 0xe
 738 0005 13       		.uleb128 0x13
 739 0006 0B       		.uleb128 0xb
 740 0007 03       		.uleb128 0x3
 741 0008 0E       		.uleb128 0xe
 742 0009 1B       		.uleb128 0x1b
 743 000a 0E       		.uleb128 0xe
 744 000b 55       		.uleb128 0x55
 745 000c 17       		.uleb128 0x17
 746 000d 11       		.uleb128 0x11
 747 000e 01       		.uleb128 0x1
 748 000f 10       		.uleb128 0x10
 749 0010 17       		.uleb128 0x17
 750 0011 00       		.byte	0
 751 0012 00       		.byte	0
 752 0013 02       		.uleb128 0x2
 753 0014 24       		.uleb128 0x24
 754 0015 00       		.byte	0
 755 0016 0B       		.uleb128 0xb
 756 0017 0B       		.uleb128 0xb
 757 0018 3E       		.uleb128 0x3e
 758 0019 0B       		.uleb128 0xb
 759 001a 03       		.uleb128 0x3
 760 001b 08       		.uleb128 0x8
 761 001c 00       		.byte	0
 762 001d 00       		.byte	0
 763 001e 03       		.uleb128 0x3
 764 001f 16       		.uleb128 0x16
 765 0020 00       		.byte	0
 766 0021 03       		.uleb128 0x3
 767 0022 0E       		.uleb128 0xe
ARM GAS  C:\Users\NGUYEN~1\AppData\Local\Temp\ccFN1od2.s 			page 21


 768 0023 3A       		.uleb128 0x3a
 769 0024 0B       		.uleb128 0xb
 770 0025 3B       		.uleb128 0x3b
 771 0026 0B       		.uleb128 0xb
 772 0027 49       		.uleb128 0x49
 773 0028 13       		.uleb128 0x13
 774 0029 00       		.byte	0
 775 002a 00       		.byte	0
 776 002b 04       		.uleb128 0x4
 777 002c 24       		.uleb128 0x24
 778 002d 00       		.byte	0
 779 002e 0B       		.uleb128 0xb
 780 002f 0B       		.uleb128 0xb
 781 0030 3E       		.uleb128 0x3e
 782 0031 0B       		.uleb128 0xb
 783 0032 03       		.uleb128 0x3
 784 0033 0E       		.uleb128 0xe
 785 0034 00       		.byte	0
 786 0035 00       		.byte	0
 787 0036 05       		.uleb128 0x5
 788 0037 0F       		.uleb128 0xf
 789 0038 00       		.byte	0
 790 0039 0B       		.uleb128 0xb
 791 003a 0B       		.uleb128 0xb
 792 003b 00       		.byte	0
 793 003c 00       		.byte	0
 794 003d 06       		.uleb128 0x6
 795 003e 16       		.uleb128 0x16
 796 003f 00       		.byte	0
 797 0040 03       		.uleb128 0x3
 798 0041 0E       		.uleb128 0xe
 799 0042 3A       		.uleb128 0x3a
 800 0043 0B       		.uleb128 0xb
 801 0044 3B       		.uleb128 0x3b
 802 0045 05       		.uleb128 0x5
 803 0046 49       		.uleb128 0x49
 804 0047 13       		.uleb128 0x13
 805 0048 00       		.byte	0
 806 0049 00       		.byte	0
 807 004a 07       		.uleb128 0x7
 808 004b 35       		.uleb128 0x35
 809 004c 00       		.byte	0
 810 004d 49       		.uleb128 0x49
 811 004e 13       		.uleb128 0x13
 812 004f 00       		.byte	0
 813 0050 00       		.byte	0
 814 0051 08       		.uleb128 0x8
 815 0052 2E       		.uleb128 0x2e
 816 0053 00       		.byte	0
 817 0054 03       		.uleb128 0x3
 818 0055 0E       		.uleb128 0xe
 819 0056 3A       		.uleb128 0x3a
 820 0057 0B       		.uleb128 0xb
 821 0058 3B       		.uleb128 0x3b
 822 0059 0B       		.uleb128 0xb
 823 005a 27       		.uleb128 0x27
 824 005b 19       		.uleb128 0x19
ARM GAS  C:\Users\NGUYEN~1\AppData\Local\Temp\ccFN1od2.s 			page 22


 825 005c 11       		.uleb128 0x11
 826 005d 01       		.uleb128 0x1
 827 005e 12       		.uleb128 0x12
 828 005f 06       		.uleb128 0x6
 829 0060 40       		.uleb128 0x40
 830 0061 18       		.uleb128 0x18
 831 0062 9742     		.uleb128 0x2117
 832 0064 19       		.uleb128 0x19
 833 0065 00       		.byte	0
 834 0066 00       		.byte	0
 835 0067 09       		.uleb128 0x9
 836 0068 2E       		.uleb128 0x2e
 837 0069 01       		.byte	0x1
 838 006a 03       		.uleb128 0x3
 839 006b 0E       		.uleb128 0xe
 840 006c 3A       		.uleb128 0x3a
 841 006d 0B       		.uleb128 0xb
 842 006e 3B       		.uleb128 0x3b
 843 006f 0B       		.uleb128 0xb
 844 0070 27       		.uleb128 0x27
 845 0071 19       		.uleb128 0x19
 846 0072 11       		.uleb128 0x11
 847 0073 01       		.uleb128 0x1
 848 0074 12       		.uleb128 0x12
 849 0075 06       		.uleb128 0x6
 850 0076 40       		.uleb128 0x40
 851 0077 18       		.uleb128 0x18
 852 0078 9742     		.uleb128 0x2117
 853 007a 19       		.uleb128 0x19
 854 007b 01       		.uleb128 0x1
 855 007c 13       		.uleb128 0x13
 856 007d 00       		.byte	0
 857 007e 00       		.byte	0
 858 007f 0A       		.uleb128 0xa
 859 0080 05       		.uleb128 0x5
 860 0081 00       		.byte	0
 861 0082 03       		.uleb128 0x3
 862 0083 08       		.uleb128 0x8
 863 0084 3A       		.uleb128 0x3a
 864 0085 0B       		.uleb128 0xb
 865 0086 3B       		.uleb128 0x3b
 866 0087 0B       		.uleb128 0xb
 867 0088 49       		.uleb128 0x49
 868 0089 13       		.uleb128 0x13
 869 008a 02       		.uleb128 0x2
 870 008b 17       		.uleb128 0x17
 871 008c 00       		.byte	0
 872 008d 00       		.byte	0
 873 008e 0B       		.uleb128 0xb
 874 008f 898201   		.uleb128 0x4109
 875 0092 01       		.byte	0x1
 876 0093 11       		.uleb128 0x11
 877 0094 01       		.uleb128 0x1
 878 0095 31       		.uleb128 0x31
 879 0096 13       		.uleb128 0x13
 880 0097 00       		.byte	0
 881 0098 00       		.byte	0
ARM GAS  C:\Users\NGUYEN~1\AppData\Local\Temp\ccFN1od2.s 			page 23


 882 0099 0C       		.uleb128 0xc
 883 009a 8A8201   		.uleb128 0x410a
 884 009d 00       		.byte	0
 885 009e 02       		.uleb128 0x2
 886 009f 18       		.uleb128 0x18
 887 00a0 9142     		.uleb128 0x2111
 888 00a2 18       		.uleb128 0x18
 889 00a3 00       		.byte	0
 890 00a4 00       		.byte	0
 891 00a5 0D       		.uleb128 0xd
 892 00a6 898201   		.uleb128 0x4109
 893 00a9 01       		.byte	0x1
 894 00aa 11       		.uleb128 0x11
 895 00ab 01       		.uleb128 0x1
 896 00ac 31       		.uleb128 0x31
 897 00ad 13       		.uleb128 0x13
 898 00ae 01       		.uleb128 0x1
 899 00af 13       		.uleb128 0x13
 900 00b0 00       		.byte	0
 901 00b1 00       		.byte	0
 902 00b2 0E       		.uleb128 0xe
 903 00b3 2E       		.uleb128 0x2e
 904 00b4 01       		.byte	0x1
 905 00b5 3F       		.uleb128 0x3f
 906 00b6 19       		.uleb128 0x19
 907 00b7 03       		.uleb128 0x3
 908 00b8 0E       		.uleb128 0xe
 909 00b9 3A       		.uleb128 0x3a
 910 00ba 0B       		.uleb128 0xb
 911 00bb 3B       		.uleb128 0x3b
 912 00bc 0B       		.uleb128 0xb
 913 00bd 27       		.uleb128 0x27
 914 00be 19       		.uleb128 0x19
 915 00bf 11       		.uleb128 0x11
 916 00c0 01       		.uleb128 0x1
 917 00c1 12       		.uleb128 0x12
 918 00c2 06       		.uleb128 0x6
 919 00c3 40       		.uleb128 0x40
 920 00c4 18       		.uleb128 0x18
 921 00c5 9742     		.uleb128 0x2117
 922 00c7 19       		.uleb128 0x19
 923 00c8 01       		.uleb128 0x1
 924 00c9 13       		.uleb128 0x13
 925 00ca 00       		.byte	0
 926 00cb 00       		.byte	0
 927 00cc 0F       		.uleb128 0xf
 928 00cd 05       		.uleb128 0x5
 929 00ce 00       		.byte	0
 930 00cf 03       		.uleb128 0x3
 931 00d0 0E       		.uleb128 0xe
 932 00d1 3A       		.uleb128 0x3a
 933 00d2 0B       		.uleb128 0xb
 934 00d3 3B       		.uleb128 0x3b
 935 00d4 0B       		.uleb128 0xb
 936 00d5 49       		.uleb128 0x49
 937 00d6 13       		.uleb128 0x13
 938 00d7 02       		.uleb128 0x2
ARM GAS  C:\Users\NGUYEN~1\AppData\Local\Temp\ccFN1od2.s 			page 24


 939 00d8 18       		.uleb128 0x18
 940 00d9 00       		.byte	0
 941 00da 00       		.byte	0
 942 00db 10       		.uleb128 0x10
 943 00dc 34       		.uleb128 0x34
 944 00dd 00       		.byte	0
 945 00de 03       		.uleb128 0x3
 946 00df 0E       		.uleb128 0xe
 947 00e0 3A       		.uleb128 0x3a
 948 00e1 0B       		.uleb128 0xb
 949 00e2 3B       		.uleb128 0x3b
 950 00e3 0B       		.uleb128 0xb
 951 00e4 49       		.uleb128 0x49
 952 00e5 13       		.uleb128 0x13
 953 00e6 02       		.uleb128 0x2
 954 00e7 17       		.uleb128 0x17
 955 00e8 00       		.byte	0
 956 00e9 00       		.byte	0
 957 00ea 11       		.uleb128 0x11
 958 00eb 2E       		.uleb128 0x2e
 959 00ec 01       		.byte	0x1
 960 00ed 3F       		.uleb128 0x3f
 961 00ee 19       		.uleb128 0x19
 962 00ef 03       		.uleb128 0x3
 963 00f0 0E       		.uleb128 0xe
 964 00f1 3A       		.uleb128 0x3a
 965 00f2 0B       		.uleb128 0xb
 966 00f3 3B       		.uleb128 0x3b
 967 00f4 05       		.uleb128 0x5
 968 00f5 27       		.uleb128 0x27
 969 00f6 19       		.uleb128 0x19
 970 00f7 11       		.uleb128 0x11
 971 00f8 01       		.uleb128 0x1
 972 00f9 12       		.uleb128 0x12
 973 00fa 06       		.uleb128 0x6
 974 00fb 40       		.uleb128 0x40
 975 00fc 18       		.uleb128 0x18
 976 00fd 9742     		.uleb128 0x2117
 977 00ff 19       		.uleb128 0x19
 978 0100 01       		.uleb128 0x1
 979 0101 13       		.uleb128 0x13
 980 0102 00       		.byte	0
 981 0103 00       		.byte	0
 982 0104 12       		.uleb128 0x12
 983 0105 0B       		.uleb128 0xb
 984 0106 01       		.byte	0x1
 985 0107 11       		.uleb128 0x11
 986 0108 01       		.uleb128 0x1
 987 0109 12       		.uleb128 0x12
 988 010a 06       		.uleb128 0x6
 989 010b 01       		.uleb128 0x1
 990 010c 13       		.uleb128 0x13
 991 010d 00       		.byte	0
 992 010e 00       		.byte	0
 993 010f 13       		.uleb128 0x13
 994 0110 13       		.uleb128 0x13
 995 0111 01       		.byte	0x1
ARM GAS  C:\Users\NGUYEN~1\AppData\Local\Temp\ccFN1od2.s 			page 25


 996 0112 0B       		.uleb128 0xb
 997 0113 0B       		.uleb128 0xb
 998 0114 3A       		.uleb128 0x3a
 999 0115 0B       		.uleb128 0xb
 1000 0116 3B       		.uleb128 0x3b
 1001 0117 05       		.uleb128 0x5
 1002 0118 01       		.uleb128 0x1
 1003 0119 13       		.uleb128 0x13
 1004 011a 00       		.byte	0
 1005 011b 00       		.byte	0
 1006 011c 14       		.uleb128 0x14
 1007 011d 0D       		.uleb128 0xd
 1008 011e 00       		.byte	0
 1009 011f 03       		.uleb128 0x3
 1010 0120 0E       		.uleb128 0xe
 1011 0121 3A       		.uleb128 0x3a
 1012 0122 0B       		.uleb128 0xb
 1013 0123 3B       		.uleb128 0x3b
 1014 0124 05       		.uleb128 0x5
 1015 0125 49       		.uleb128 0x49
 1016 0126 13       		.uleb128 0x13
 1017 0127 38       		.uleb128 0x38
 1018 0128 0B       		.uleb128 0xb
 1019 0129 00       		.byte	0
 1020 012a 00       		.byte	0
 1021 012b 15       		.uleb128 0x15
 1022 012c 01       		.uleb128 0x1
 1023 012d 01       		.byte	0x1
 1024 012e 49       		.uleb128 0x49
 1025 012f 13       		.uleb128 0x13
 1026 0130 01       		.uleb128 0x1
 1027 0131 13       		.uleb128 0x13
 1028 0132 00       		.byte	0
 1029 0133 00       		.byte	0
 1030 0134 16       		.uleb128 0x16
 1031 0135 21       		.uleb128 0x21
 1032 0136 00       		.byte	0
 1033 0137 49       		.uleb128 0x49
 1034 0138 13       		.uleb128 0x13
 1035 0139 2F       		.uleb128 0x2f
 1036 013a 0B       		.uleb128 0xb
 1037 013b 00       		.byte	0
 1038 013c 00       		.byte	0
 1039 013d 17       		.uleb128 0x17
 1040 013e 26       		.uleb128 0x26
 1041 013f 00       		.byte	0
 1042 0140 49       		.uleb128 0x49
 1043 0141 13       		.uleb128 0x13
 1044 0142 00       		.byte	0
 1045 0143 00       		.byte	0
 1046 0144 18       		.uleb128 0x18
 1047 0145 34       		.uleb128 0x34
 1048 0146 00       		.byte	0
 1049 0147 03       		.uleb128 0x3
 1050 0148 0E       		.uleb128 0xe
 1051 0149 3A       		.uleb128 0x3a
 1052 014a 0B       		.uleb128 0xb
ARM GAS  C:\Users\NGUYEN~1\AppData\Local\Temp\ccFN1od2.s 			page 26


 1053 014b 3B       		.uleb128 0x3b
 1054 014c 05       		.uleb128 0x5
 1055 014d 49       		.uleb128 0x49
 1056 014e 13       		.uleb128 0x13
 1057 014f 02       		.uleb128 0x2
 1058 0150 18       		.uleb128 0x18
 1059 0151 00       		.byte	0
 1060 0152 00       		.byte	0
 1061 0153 19       		.uleb128 0x19
 1062 0154 34       		.uleb128 0x34
 1063 0155 00       		.byte	0
 1064 0156 03       		.uleb128 0x3
 1065 0157 08       		.uleb128 0x8
 1066 0158 3A       		.uleb128 0x3a
 1067 0159 0B       		.uleb128 0xb
 1068 015a 3B       		.uleb128 0x3b
 1069 015b 05       		.uleb128 0x5
 1070 015c 49       		.uleb128 0x49
 1071 015d 13       		.uleb128 0x13
 1072 015e 02       		.uleb128 0x2
 1073 015f 17       		.uleb128 0x17
 1074 0160 00       		.byte	0
 1075 0161 00       		.byte	0
 1076 0162 1A       		.uleb128 0x1a
 1077 0163 0B       		.uleb128 0xb
 1078 0164 01       		.byte	0x1
 1079 0165 11       		.uleb128 0x11
 1080 0166 01       		.uleb128 0x1
 1081 0167 12       		.uleb128 0x12
 1082 0168 06       		.uleb128 0x6
 1083 0169 00       		.byte	0
 1084 016a 00       		.byte	0
 1085 016b 1B       		.uleb128 0x1b
 1086 016c 0F       		.uleb128 0xf
 1087 016d 00       		.byte	0
 1088 016e 0B       		.uleb128 0xb
 1089 016f 0B       		.uleb128 0xb
 1090 0170 49       		.uleb128 0x49
 1091 0171 13       		.uleb128 0x13
 1092 0172 00       		.byte	0
 1093 0173 00       		.byte	0
 1094 0174 1C       		.uleb128 0x1c
 1095 0175 898201   		.uleb128 0x4109
 1096 0178 00       		.byte	0
 1097 0179 11       		.uleb128 0x11
 1098 017a 01       		.uleb128 0x1
 1099 017b 31       		.uleb128 0x31
 1100 017c 13       		.uleb128 0x13
 1101 017d 00       		.byte	0
 1102 017e 00       		.byte	0
 1103 017f 1D       		.uleb128 0x1d
 1104 0180 2E       		.uleb128 0x2e
 1105 0181 00       		.byte	0
 1106 0182 3F       		.uleb128 0x3f
 1107 0183 19       		.uleb128 0x19
 1108 0184 3C       		.uleb128 0x3c
 1109 0185 19       		.uleb128 0x19
ARM GAS  C:\Users\NGUYEN~1\AppData\Local\Temp\ccFN1od2.s 			page 27


 1110 0186 6E       		.uleb128 0x6e
 1111 0187 0E       		.uleb128 0xe
 1112 0188 03       		.uleb128 0x3
 1113 0189 0E       		.uleb128 0xe
 1114 018a 00       		.byte	0
 1115 018b 00       		.byte	0
 1116 018c 1E       		.uleb128 0x1e
 1117 018d 2E       		.uleb128 0x2e
 1118 018e 00       		.byte	0
 1119 018f 3F       		.uleb128 0x3f
 1120 0190 19       		.uleb128 0x19
 1121 0191 3C       		.uleb128 0x3c
 1122 0192 19       		.uleb128 0x19
 1123 0193 6E       		.uleb128 0x6e
 1124 0194 0E       		.uleb128 0xe
 1125 0195 03       		.uleb128 0x3
 1126 0196 0E       		.uleb128 0xe
 1127 0197 3A       		.uleb128 0x3a
 1128 0198 0B       		.uleb128 0xb
 1129 0199 3B       		.uleb128 0x3b
 1130 019a 0B       		.uleb128 0xb
 1131 019b 00       		.byte	0
 1132 019c 00       		.byte	0
 1133 019d 00       		.byte	0
 1134              		.section	.debug_loc,"",%progbits
 1135              	.Ldebug_loc0:
 1136              	.LLST0:
 1137 0000 00000000 		.4byte	.LVL0
 1138 0004 09000000 		.4byte	.LVL2-1
 1139 0008 0100     		.2byte	0x1
 1140 000a 50       		.byte	0x50
 1141 000b 09000000 		.4byte	.LVL2-1
 1142 000f 0C000000 		.4byte	.LFE0
 1143 0013 0400     		.2byte	0x4
 1144 0015 F3       		.byte	0xf3
 1145 0016 01       		.uleb128 0x1
 1146 0017 50       		.byte	0x50
 1147 0018 9F       		.byte	0x9f
 1148 0019 00000000 		.4byte	0
 1149 001d 00000000 		.4byte	0
 1150              	.LLST1:
 1151 0021 00000000 		.4byte	.LVL0
 1152 0025 06000000 		.4byte	.LVL1
 1153 0029 0100     		.2byte	0x1
 1154 002b 51       		.byte	0x51
 1155 002c 06000000 		.4byte	.LVL1
 1156 0030 09000000 		.4byte	.LVL2-1
 1157 0034 0100     		.2byte	0x1
 1158 0036 52       		.byte	0x52
 1159 0037 09000000 		.4byte	.LVL2-1
 1160 003b 0C000000 		.4byte	.LFE0
 1161 003f 0400     		.2byte	0x4
 1162 0041 F3       		.byte	0xf3
 1163 0042 01       		.uleb128 0x1
 1164 0043 51       		.byte	0x51
 1165 0044 9F       		.byte	0x9f
 1166 0045 00000000 		.4byte	0
ARM GAS  C:\Users\NGUYEN~1\AppData\Local\Temp\ccFN1od2.s 			page 28


 1167 0049 00000000 		.4byte	0
 1168              	.LLST2:
 1169 004d 04000000 		.4byte	.LVL7
 1170 0051 12000000 		.4byte	.LVL9
 1171 0055 0100     		.2byte	0x1
 1172 0057 53       		.byte	0x53
 1173 0058 14000000 		.4byte	.LVL10
 1174 005c 20000000 		.4byte	.LFE5
 1175 0060 0100     		.2byte	0x1
 1176 0062 53       		.byte	0x53
 1177 0063 00000000 		.4byte	0
 1178 0067 00000000 		.4byte	0
 1179              	.LLST3:
 1180 006b 94000000 		.4byte	.LVL11
 1181 006f 98000000 		.4byte	.LVL12
 1182 0073 0200     		.2byte	0x2
 1183 0075 30       		.byte	0x30
 1184 0076 9F       		.byte	0x9f
 1185 0077 98000000 		.4byte	.LVL12
 1186 007b B6000000 		.4byte	.LVL14
 1187 007f 0100     		.2byte	0x1
 1188 0081 54       		.byte	0x54
 1189 0082 B8000000 		.4byte	.LVL15
 1190 0086 1A010000 		.4byte	.LVL18
 1191 008a 0100     		.2byte	0x1
 1192 008c 54       		.byte	0x54
 1193 008d 00000000 		.4byte	0
 1194 0091 00000000 		.4byte	0
 1195              	.LLST4:
 1196 0095 98000000 		.4byte	.LVL12
 1197 0099 B6000000 		.4byte	.LVL14
 1198 009d 0B00     		.2byte	0xb
 1199 009f 74       		.byte	0x74
 1200 00a0 00       		.sleb128 0
 1201 00a1 36       		.byte	0x36
 1202 00a2 1E       		.byte	0x1e
 1203 00a3 03       		.byte	0x3
 1204 00a4 00000000 		.4byte	cfg_memset_list.4853
 1205 00a8 22       		.byte	0x22
 1206 00a9 9F       		.byte	0x9f
 1207 00aa B6000000 		.4byte	.LVL14
 1208 00ae B8000000 		.4byte	.LVL15
 1209 00b2 0B00     		.2byte	0xb
 1210 00b4 74       		.byte	0x74
 1211 00b5 7F       		.sleb128 -1
 1212 00b6 36       		.byte	0x36
 1213 00b7 1E       		.byte	0x1e
 1214 00b8 03       		.byte	0x3
 1215 00b9 00000000 		.4byte	cfg_memset_list.4853
 1216 00bd 22       		.byte	0x22
 1217 00be 9F       		.byte	0x9f
 1218 00bf 00000000 		.4byte	0
 1219 00c3 00000000 		.4byte	0
 1220              		.section	.debug_aranges,"",%progbits
 1221 0000 3C000000 		.4byte	0x3c
 1222 0004 0200     		.2byte	0x2
 1223 0006 00000000 		.4byte	.Ldebug_info0
ARM GAS  C:\Users\NGUYEN~1\AppData\Local\Temp\ccFN1od2.s 			page 29


 1224 000a 04       		.byte	0x4
 1225 000b 00       		.byte	0
 1226 000c 0000     		.2byte	0
 1227 000e 0000     		.2byte	0
 1228 0010 00000000 		.4byte	.LFB4
 1229 0014 14000000 		.4byte	.LFE4-.LFB4
 1230 0018 00000000 		.4byte	.LFB0
 1231 001c 0C000000 		.4byte	.LFE0-.LFB0
 1232 0020 00000000 		.4byte	.LFB3
 1233 0024 90000000 		.4byte	.LFE3-.LFB3
 1234 0028 00000000 		.4byte	.LFB5
 1235 002c 20000000 		.4byte	.LFE5-.LFB5
 1236 0030 90000000 		.4byte	.LFB6
 1237 0034 C8000000 		.4byte	.LFE6-.LFB6
 1238 0038 00000000 		.4byte	0
 1239 003c 00000000 		.4byte	0
 1240              		.section	.debug_ranges,"",%progbits
 1241              	.Ldebug_ranges0:
 1242 0000 00000000 		.4byte	.LFB4
 1243 0004 14000000 		.4byte	.LFE4
 1244 0008 00000000 		.4byte	.LFB0
 1245 000c 0C000000 		.4byte	.LFE0
 1246 0010 00000000 		.4byte	.LFB3
 1247 0014 90000000 		.4byte	.LFE3
 1248 0018 00000000 		.4byte	.LFB5
 1249 001c 20000000 		.4byte	.LFE5
 1250 0020 90000000 		.4byte	.LFB6
 1251 0024 58010000 		.4byte	.LFE6
 1252 0028 00000000 		.4byte	0
 1253 002c 00000000 		.4byte	0
 1254              		.section	.debug_line,"",%progbits
 1255              	.Ldebug_line0:
 1256 0000 60010000 		.section	.debug_str,"MS",%progbits,1
 1256      0200D600 
 1256      00000201 
 1256      FB0E0D00 
 1256      01010101 
 1257              	.LASF19:
 1258 0000 72656733 		.ascii	"reg32\000"
 1258      3200
 1259              	.LASF12:
 1260 0006 73697A65 		.ascii	"size_t\000"
 1260      5F7400
 1261              	.LASF36:
 1262 000d 416E616C 		.ascii	"AnalogSetDefault\000"
 1262      6F675365 
 1262      74446566 
 1262      61756C74 
 1262      00
 1263              	.LASF31:
 1264 001e 4379496E 		.ascii	"CyIntSetVector\000"
 1264      74536574 
 1264      56656374 
 1264      6F7200
 1265              	.LASF29:
 1266 002d 6366675F 		.ascii	"cfg_memset_list\000"
 1266      6D656D73 
ARM GAS  C:\Users\NGUYEN~1\AppData\Local\Temp\ccFN1od2.s 			page 30


 1266      65745F6C 
 1266      69737400 
 1267              	.LASF21:
 1268 003d 436C6F63 		.ascii	"ClockSetup\000"
 1268      6B536574 
 1268      757000
 1269              	.LASF6:
 1270 0048 73686F72 		.ascii	"short unsigned int\000"
 1270      7420756E 
 1270      7369676E 
 1270      65642069 
 1270      6E7400
 1271              	.LASF16:
 1272 005b 666C6F61 		.ascii	"float\000"
 1272      7400
 1273              	.LASF26:
 1274 0061 73697A65 		.ascii	"size\000"
 1274      00
 1275              	.LASF18:
 1276 0066 72656738 		.ascii	"reg8\000"
 1276      00
 1277              	.LASF8:
 1278 006b 6C6F6E67 		.ascii	"long unsigned int\000"
 1278      20756E73 
 1278      69676E65 
 1278      6420696E 
 1278      7400
 1279              	.LASF13:
 1280 007d 75696E74 		.ascii	"uint8\000"
 1280      3800
 1281              	.LASF20:
 1282 0083 43594D45 		.ascii	"CYMEMZERO\000"
 1282      4D5A4552 
 1282      4F00
 1283              	.LASF23:
 1284 008d 53657441 		.ascii	"SetAnalogRoutingPumps\000"
 1284      6E616C6F 
 1284      67526F75 
 1284      74696E67 
 1284      50756D70 
 1285              	.LASF4:
 1286 00a3 756E7369 		.ascii	"unsigned char\000"
 1286      676E6564 
 1286      20636861 
 1286      7200
 1287              	.LASF37:
 1288 00b1 6D656D73 		.ascii	"memset\000"
 1288      657400
 1289              	.LASF17:
 1290 00b8 646F7562 		.ascii	"double\000"
 1290      6C6500
 1291              	.LASF32:
 1292 00bf 4379496E 		.ascii	"CyIntEnable\000"
 1292      74456E61 
 1292      626C6500 
 1293              	.LASF14:
 1294 00cb 75696E74 		.ascii	"uint16\000"
ARM GAS  C:\Users\NGUYEN~1\AppData\Local\Temp\ccFN1od2.s 			page 31


 1294      313600
 1295              	.LASF15:
 1296 00d2 75696E74 		.ascii	"uint32\000"
 1296      333200
 1297              	.LASF0:
 1298 00d9 756E7369 		.ascii	"unsigned int\000"
 1298      676E6564 
 1298      20696E74 
 1298      00
 1299              	.LASF24:
 1300 00e6 63796669 		.ascii	"cyfitter_cfg\000"
 1300      74746572 
 1300      5F636667 
 1300      00
 1301              	.LASF25:
 1302 00f3 61646472 		.ascii	"address\000"
 1302      65737300 
 1303              	.LASF9:
 1304 00fb 6C6F6E67 		.ascii	"long long unsigned int\000"
 1304      206C6F6E 
 1304      6720756E 
 1304      7369676E 
 1304      65642069 
 1305              	.LASF33:
 1306 0112 474E5520 		.ascii	"GNU C11 5.4.1 20160609 (release) [ARM/embedded-5-br"
 1306      43313120 
 1306      352E342E 
 1306      31203230 
 1306      31363036 
 1307 0145 616E6368 		.ascii	"anch revision 237715] -mcpu=cortex-m0 -mthumb -g -O"
 1307      20726576 
 1307      6973696F 
 1307      6E203233 
 1307      37373135 
 1308 0178 67202D66 		.ascii	"g -ffunction-sections -ffat-lto-objects\000"
 1308      66756E63 
 1308      74696F6E 
 1308      2D736563 
 1308      74696F6E 
 1309              	.LASF27:
 1310 01a0 6366675F 		.ascii	"cfg_memset_t\000"
 1310      6D656D73 
 1310      65745F74 
 1310      00
 1311              	.LASF10:
 1312 01ad 73697A65 		.ascii	"sizetype\000"
 1312      74797065 
 1312      00
 1313              	.LASF1:
 1314 01b6 6C6F6E67 		.ascii	"long long int\000"
 1314      206C6F6E 
 1314      6720696E 
 1314      7400
 1315              	.LASF35:
 1316 01c4 443A5C70 		.ascii	"D:\\psoc\\theory\\adc_3_channel\\adc_3_channel.cyds"
 1316      736F635C 
 1316      7468656F 
ARM GAS  C:\Users\NGUYEN~1\AppData\Local\Temp\ccFN1od2.s 			page 32


 1316      72795C61 
 1316      64635F33 
 1317 01f3 6E00     		.ascii	"n\000"
 1318              	.LASF11:
 1319 01f5 63686172 		.ascii	"char\000"
 1319      00
 1320              	.LASF22:
 1321 01fa 656E6162 		.ascii	"enabled\000"
 1321      6C656400 
 1322              	.LASF5:
 1323 0202 73686F72 		.ascii	"short int\000"
 1323      7420696E 
 1323      7400
 1324              	.LASF30:
 1325 020c 43795379 		.ascii	"CySysClkWriteImoFreq\000"
 1325      73436C6B 
 1325      57726974 
 1325      65496D6F 
 1325      46726571 
 1326              	.LASF7:
 1327 0221 6C6F6E67 		.ascii	"long int\000"
 1327      20696E74 
 1327      00
 1328              	.LASF2:
 1329 022a 6C6F6E67 		.ascii	"long double\000"
 1329      20646F75 
 1329      626C6500 
 1330              	.LASF3:
 1331 0236 7369676E 		.ascii	"signed char\000"
 1331      65642063 
 1331      68617200 
 1332              	.LASF34:
 1333 0242 47656E65 		.ascii	"Generated_Source\\PSoC4\\cyfitter_cfg.c\000"
 1333      72617465 
 1333      645F536F 
 1333      75726365 
 1333      5C50536F 
 1334              	.LASF28:
 1335 0268 72656756 		.ascii	"regValue\000"
 1335      616C7565 
 1335      00
 1336              		.ident	"GCC: (GNU Tools for ARM Embedded Processors) 5.4.1 20160609 (release) [ARM/embedded-5-bran
