ARM GAS  C:\Users\NGUYEN~1\AppData\Local\Temp\ccvSFoIn.s 			page 1


   1              		.syntax unified
   2              		.cpu cortex-m0
   3              		.fpu softvfp
   4              		.eabi_attribute 20, 1
   5              		.eabi_attribute 21, 1
   6              		.eabi_attribute 23, 3
   7              		.eabi_attribute 24, 1
   8              		.eabi_attribute 25, 1
   9              		.eabi_attribute 26, 1
  10              		.eabi_attribute 30, 1
  11              		.eabi_attribute 34, 0
  12              		.eabi_attribute 18, 4
  13              		.thumb
  14              		.syntax unified
  15              		.file	"measureResister.c"
  16              		.text
  17              	.Ltext0:
  18              		.cfi_sections	.debug_frame
  19              		.global	__aeabi_i2f
  20              		.global	__aeabi_f2iz
  21              		.section	.text.read_adc,"ax",%progbits
  22              		.align	2
  23              		.global	read_adc
  24              		.code	16
  25              		.thumb_func
  26              		.type	read_adc, %function
  27              	read_adc:
  28              	.LFB33:
  29              		.file 1 "measureResister.c"
   1:measureResister.c **** /* ========================================
   2:measureResister.c ****  *
   3:measureResister.c ****  * Copyright YOUR COMPANY, THE YEAR
   4:measureResister.c ****  * All Rights Reserved
   5:measureResister.c ****  * UNPUBLISHED, LICENSED SOFTWARE.
   6:measureResister.c ****  *
   7:measureResister.c ****  * CONFIDENTIAL AND PROPRIETARY INFORMATION
   8:measureResister.c ****  * WHICH IS THE PROPERTY OF your company.
   9:measureResister.c ****  *
  10:measureResister.c ****  * ========================================
  11:measureResister.c **** */
  12:measureResister.c **** 
  13:measureResister.c **** #include "measureResister.h"
  14:measureResister.c **** 
  15:measureResister.c **** float read_adc(int channel)
  16:measureResister.c **** {
  30              		.loc 1 16 0
  31              		.cfi_startproc
  32              		@ args = 0, pretend = 0, frame = 0
  33              		@ frame_needed = 0, uses_anonymous_args = 0
  34              	.LVL0:
  35 0000 10B5     		push	{r4, lr}
  36              		.cfi_def_cfa_offset 8
  37              		.cfi_offset 4, -8
  38              		.cfi_offset 14, -4
  39              	.LVL1:
  17:measureResister.c ****     float value_read_adc = 0;
  18:measureResister.c ****     
ARM GAS  C:\Users\NGUYEN~1\AppData\Local\Temp\ccvSFoIn.s 			page 2


  19:measureResister.c ****     switch(channel)
  40              		.loc 1 19 0
  41 0002 0128     		cmp	r0, #1
  42 0004 16D0     		beq	.L3
  43 0006 02DC     		bgt	.L4
  44 0008 0028     		cmp	r0, #0
  45 000a 05D0     		beq	.L5
  46 000c 3CE0     		b	.L8
  47              	.L4:
  48 000e 0228     		cmp	r0, #2
  49 0010 1ED0     		beq	.L6
  50 0012 0328     		cmp	r0, #3
  51 0014 2AD0     		beq	.L7
  52 0016 37E0     		b	.L8
  53              	.L5:
  20:measureResister.c ****     {
  21:measureResister.c ****         case 0:
  22:measureResister.c ****             adc_StartConvert();
  54              		.loc 1 22 0
  55 0018 FFF7FEFF 		bl	adc_StartConvert
  56              	.LVL2:
  23:measureResister.c ****             adc_IsEndConversion(adc_WAIT_FOR_RESULT);
  57              		.loc 1 23 0
  58 001c 0220     		movs	r0, #2
  59 001e FFF7FEFF 		bl	adc_IsEndConversion
  60              	.LVL3:
  24:measureResister.c ****             value_read_adc = adc_GetResult16(0);
  61              		.loc 1 24 0
  62 0022 0020     		movs	r0, #0
  63 0024 FFF7FEFF 		bl	adc_GetResult16
  64              	.LVL4:
  65 0028 FFF7FEFF 		bl	__aeabi_i2f
  66              	.LVL5:
  67 002c 041C     		adds	r4, r0, #0
  68              	.LVL6:
  25:measureResister.c ****             adc_StopConvert();
  69              		.loc 1 25 0
  70 002e FFF7FEFF 		bl	adc_StopConvert
  71              	.LVL7:
  26:measureResister.c ****             break;
  72              		.loc 1 26 0
  73 0032 2AE0     		b	.L2
  74              	.LVL8:
  75              	.L3:
  27:measureResister.c ****         case 1:
  28:measureResister.c ****             adc_StartConvert();
  76              		.loc 1 28 0
  77 0034 FFF7FEFF 		bl	adc_StartConvert
  78              	.LVL9:
  29:measureResister.c ****             adc_IsEndConversion(adc_WAIT_FOR_RESULT);
  79              		.loc 1 29 0
  80 0038 0220     		movs	r0, #2
  81 003a FFF7FEFF 		bl	adc_IsEndConversion
  82              	.LVL10:
  30:measureResister.c ****             value_read_adc = adc_GetResult16(1);
  83              		.loc 1 30 0
  84 003e 0120     		movs	r0, #1
ARM GAS  C:\Users\NGUYEN~1\AppData\Local\Temp\ccvSFoIn.s 			page 3


  85 0040 FFF7FEFF 		bl	adc_GetResult16
  86              	.LVL11:
  87 0044 FFF7FEFF 		bl	__aeabi_i2f
  88              	.LVL12:
  89 0048 041C     		adds	r4, r0, #0
  90              	.LVL13:
  31:measureResister.c ****             adc_StopConvert();
  91              		.loc 1 31 0
  92 004a FFF7FEFF 		bl	adc_StopConvert
  93              	.LVL14:
  32:measureResister.c ****             break;
  94              		.loc 1 32 0
  95 004e 1CE0     		b	.L2
  96              	.LVL15:
  97              	.L6:
  33:measureResister.c ****         case 2:
  34:measureResister.c ****             adc_StartConvert();
  98              		.loc 1 34 0
  99 0050 FFF7FEFF 		bl	adc_StartConvert
 100              	.LVL16:
  35:measureResister.c ****             adc_IsEndConversion(adc_WAIT_FOR_RESULT);
 101              		.loc 1 35 0
 102 0054 0220     		movs	r0, #2
 103 0056 FFF7FEFF 		bl	adc_IsEndConversion
 104              	.LVL17:
  36:measureResister.c ****             value_read_adc = adc_GetResult16(2);
 105              		.loc 1 36 0
 106 005a 0220     		movs	r0, #2
 107 005c FFF7FEFF 		bl	adc_GetResult16
 108              	.LVL18:
 109 0060 FFF7FEFF 		bl	__aeabi_i2f
 110              	.LVL19:
 111 0064 041C     		adds	r4, r0, #0
 112              	.LVL20:
  37:measureResister.c ****             adc_StopConvert();
 113              		.loc 1 37 0
 114 0066 FFF7FEFF 		bl	adc_StopConvert
 115              	.LVL21:
  38:measureResister.c ****             break;
 116              		.loc 1 38 0
 117 006a 0EE0     		b	.L2
 118              	.LVL22:
 119              	.L7:
  39:measureResister.c ****         case 3:
  40:measureResister.c ****             adc_StartConvert();
 120              		.loc 1 40 0
 121 006c FFF7FEFF 		bl	adc_StartConvert
 122              	.LVL23:
  41:measureResister.c ****             adc_IsEndConversion(adc_WAIT_FOR_RESULT);
 123              		.loc 1 41 0
 124 0070 0220     		movs	r0, #2
 125 0072 FFF7FEFF 		bl	adc_IsEndConversion
 126              	.LVL24:
  42:measureResister.c ****             value_read_adc = adc_GetResult16(3);
 127              		.loc 1 42 0
 128 0076 0320     		movs	r0, #3
 129 0078 FFF7FEFF 		bl	adc_GetResult16
ARM GAS  C:\Users\NGUYEN~1\AppData\Local\Temp\ccvSFoIn.s 			page 4


 130              	.LVL25:
 131 007c FFF7FEFF 		bl	__aeabi_i2f
 132              	.LVL26:
 133 0080 041C     		adds	r4, r0, #0
 134              	.LVL27:
  43:measureResister.c ****             adc_StopConvert();
 135              		.loc 1 43 0
 136 0082 FFF7FEFF 		bl	adc_StopConvert
 137              	.LVL28:
 138 0086 00E0     		b	.L2
 139              	.LVL29:
 140              	.L8:
  17:measureResister.c ****     
 141              		.loc 1 17 0
 142 0088 0024     		movs	r4, #0
 143              	.LVL30:
 144              	.L2:
  44:measureResister.c ****     }
  45:measureResister.c ****                 
  46:measureResister.c ****     // Choose --> data format justification: right
  47:measureResister.c ****     float value_Adc_mVolt = adc_CountsTo_mVolts(0, value_read_adc);
 145              		.loc 1 47 0
 146 008a 201C     		adds	r0, r4, #0
 147 008c FFF7FEFF 		bl	__aeabi_f2iz
 148              	.LVL31:
 149 0090 01B2     		sxth	r1, r0
 150 0092 0020     		movs	r0, #0
 151 0094 FFF7FEFF 		bl	adc_CountsTo_mVolts
 152              	.LVL32:
 153 0098 FFF7FEFF 		bl	__aeabi_i2f
 154              	.LVL33:
  48:measureResister.c ****     //float value_Adc_mVolt = (value_read_adc/127)*5*1000;
  49:measureResister.c ****     
  50:measureResister.c ****     return value_Adc_mVolt;
  51:measureResister.c **** }
 155              		.loc 1 51 0
 156              		@ sp needed
 157              	.LVL34:
 158 009c 10BD     		pop	{r4, pc}
 159              		.cfi_endproc
 160              	.LFE33:
 161              		.size	read_adc, .-read_adc
 162 009e C046     		.text
 163              	.Letext0:
 164              		.file 2 "Generated_Source\\PSoC4/adc.h"
 165              		.section	.debug_info,"",%progbits
 166              	.Ldebug_info0:
 167 0000 F6010000 		.4byte	0x1f6
 168 0004 0400     		.2byte	0x4
 169 0006 00000000 		.4byte	.Ldebug_abbrev0
 170 000a 04       		.byte	0x4
 171 000b 01       		.uleb128 0x1
 172 000c 1F010000 		.4byte	.LASF21
 173 0010 0C       		.byte	0xc
 174 0011 3E000000 		.4byte	.LASF22
 175 0015 00000000 		.4byte	.LASF23
 176 0019 00000000 		.4byte	.Ldebug_ranges0+0
ARM GAS  C:\Users\NGUYEN~1\AppData\Local\Temp\ccvSFoIn.s 			page 5


 177 001d 00000000 		.4byte	0
 178 0021 00000000 		.4byte	.Ldebug_line0
 179 0025 02       		.uleb128 0x2
 180 0026 01       		.byte	0x1
 181 0027 06       		.byte	0x6
 182 0028 C0010000 		.4byte	.LASF0
 183 002c 02       		.uleb128 0x2
 184 002d 01       		.byte	0x1
 185 002e 08       		.byte	0x8
 186 002f CD000000 		.4byte	.LASF1
 187 0033 02       		.uleb128 0x2
 188 0034 02       		.byte	0x2
 189 0035 05       		.byte	0x5
 190 0036 DE010000 		.4byte	.LASF2
 191 003a 02       		.uleb128 0x2
 192 003b 02       		.byte	0x2
 193 003c 07       		.byte	0x7
 194 003d AD010000 		.4byte	.LASF3
 195 0041 02       		.uleb128 0x2
 196 0042 04       		.byte	0x4
 197 0043 05       		.byte	0x5
 198 0044 E0000000 		.4byte	.LASF4
 199 0048 02       		.uleb128 0x2
 200 0049 04       		.byte	0x4
 201 004a 07       		.byte	0x7
 202 004b 80000000 		.4byte	.LASF5
 203 004f 02       		.uleb128 0x2
 204 0050 08       		.byte	0x8
 205 0051 05       		.byte	0x5
 206 0052 09010000 		.4byte	.LASF6
 207 0056 02       		.uleb128 0x2
 208 0057 08       		.byte	0x8
 209 0058 07       		.byte	0x7
 210 0059 92000000 		.4byte	.LASF7
 211 005d 03       		.uleb128 0x3
 212 005e 04       		.byte	0x4
 213 005f 05       		.byte	0x5
 214 0060 696E7400 		.ascii	"int\000"
 215 0064 02       		.uleb128 0x2
 216 0065 04       		.byte	0x4
 217 0066 07       		.byte	0x7
 218 0067 31000000 		.4byte	.LASF8
 219 006b 02       		.uleb128 0x2
 220 006c 08       		.byte	0x8
 221 006d 04       		.byte	0x4
 222 006e CC010000 		.4byte	.LASF9
 223 0072 02       		.uleb128 0x2
 224 0073 04       		.byte	0x4
 225 0074 07       		.byte	0x7
 226 0075 FC010000 		.4byte	.LASF10
 227 0079 02       		.uleb128 0x2
 228 007a 01       		.byte	0x1
 229 007b 08       		.byte	0x8
 230 007c DB000000 		.4byte	.LASF11
 231 0080 02       		.uleb128 0x2
 232 0081 04       		.byte	0x4
 233 0082 04       		.byte	0x4
ARM GAS  C:\Users\NGUYEN~1\AppData\Local\Temp\ccvSFoIn.s 			page 6


 234 0083 D8010000 		.4byte	.LASF12
 235 0087 02       		.uleb128 0x2
 236 0088 08       		.byte	0x8
 237 0089 04       		.byte	0x4
 238 008a 02010000 		.4byte	.LASF13
 239 008e 04       		.uleb128 0x4
 240 008f E9000000 		.4byte	.LASF24
 241 0093 01       		.byte	0x1
 242 0094 0F       		.byte	0xf
 243 0095 80000000 		.4byte	0x80
 244 0099 00000000 		.4byte	.LFB33
 245 009d 9E000000 		.4byte	.LFE33-.LFB33
 246 00a1 01       		.uleb128 0x1
 247 00a2 9C       		.byte	0x9c
 248 00a3 C2010000 		.4byte	0x1c2
 249 00a7 05       		.uleb128 0x5
 250 00a8 17010000 		.4byte	.LASF25
 251 00ac 01       		.byte	0x1
 252 00ad 0F       		.byte	0xf
 253 00ae 5D000000 		.4byte	0x5d
 254 00b2 00000000 		.4byte	.LLST0
 255 00b6 06       		.uleb128 0x6
 256 00b7 71000000 		.4byte	.LASF14
 257 00bb 01       		.byte	0x1
 258 00bc 11       		.byte	0x11
 259 00bd 80000000 		.4byte	0x80
 260 00c1 85000000 		.4byte	.LLST1
 261 00c5 07       		.uleb128 0x7
 262 00c6 F2000000 		.4byte	.LASF15
 263 00ca 01       		.byte	0x1
 264 00cb 2F       		.byte	0x2f
 265 00cc 80000000 		.4byte	0x80
 266 00d0 01       		.uleb128 0x1
 267 00d1 50       		.byte	0x50
 268 00d2 08       		.uleb128 0x8
 269 00d3 1C000000 		.4byte	.LVL2
 270 00d7 C2010000 		.4byte	0x1c2
 271 00db 09       		.uleb128 0x9
 272 00dc 22000000 		.4byte	.LVL3
 273 00e0 CD010000 		.4byte	0x1cd
 274 00e4 EE000000 		.4byte	0xee
 275 00e8 0A       		.uleb128 0xa
 276 00e9 01       		.uleb128 0x1
 277 00ea 50       		.byte	0x50
 278 00eb 01       		.uleb128 0x1
 279 00ec 32       		.byte	0x32
 280 00ed 00       		.byte	0
 281 00ee 09       		.uleb128 0x9
 282 00ef 28000000 		.4byte	.LVL4
 283 00f3 D8010000 		.4byte	0x1d8
 284 00f7 01010000 		.4byte	0x101
 285 00fb 0A       		.uleb128 0xa
 286 00fc 01       		.uleb128 0x1
 287 00fd 50       		.byte	0x50
 288 00fe 01       		.uleb128 0x1
 289 00ff 30       		.byte	0x30
 290 0100 00       		.byte	0
ARM GAS  C:\Users\NGUYEN~1\AppData\Local\Temp\ccvSFoIn.s 			page 7


 291 0101 08       		.uleb128 0x8
 292 0102 32000000 		.4byte	.LVL7
 293 0106 E3010000 		.4byte	0x1e3
 294 010a 08       		.uleb128 0x8
 295 010b 38000000 		.4byte	.LVL9
 296 010f C2010000 		.4byte	0x1c2
 297 0113 09       		.uleb128 0x9
 298 0114 3E000000 		.4byte	.LVL10
 299 0118 CD010000 		.4byte	0x1cd
 300 011c 26010000 		.4byte	0x126
 301 0120 0A       		.uleb128 0xa
 302 0121 01       		.uleb128 0x1
 303 0122 50       		.byte	0x50
 304 0123 01       		.uleb128 0x1
 305 0124 32       		.byte	0x32
 306 0125 00       		.byte	0
 307 0126 09       		.uleb128 0x9
 308 0127 44000000 		.4byte	.LVL11
 309 012b D8010000 		.4byte	0x1d8
 310 012f 39010000 		.4byte	0x139
 311 0133 0A       		.uleb128 0xa
 312 0134 01       		.uleb128 0x1
 313 0135 50       		.byte	0x50
 314 0136 01       		.uleb128 0x1
 315 0137 31       		.byte	0x31
 316 0138 00       		.byte	0
 317 0139 08       		.uleb128 0x8
 318 013a 4E000000 		.4byte	.LVL14
 319 013e E3010000 		.4byte	0x1e3
 320 0142 08       		.uleb128 0x8
 321 0143 54000000 		.4byte	.LVL16
 322 0147 C2010000 		.4byte	0x1c2
 323 014b 09       		.uleb128 0x9
 324 014c 5A000000 		.4byte	.LVL17
 325 0150 CD010000 		.4byte	0x1cd
 326 0154 5E010000 		.4byte	0x15e
 327 0158 0A       		.uleb128 0xa
 328 0159 01       		.uleb128 0x1
 329 015a 50       		.byte	0x50
 330 015b 01       		.uleb128 0x1
 331 015c 32       		.byte	0x32
 332 015d 00       		.byte	0
 333 015e 09       		.uleb128 0x9
 334 015f 60000000 		.4byte	.LVL18
 335 0163 D8010000 		.4byte	0x1d8
 336 0167 71010000 		.4byte	0x171
 337 016b 0A       		.uleb128 0xa
 338 016c 01       		.uleb128 0x1
 339 016d 50       		.byte	0x50
 340 016e 01       		.uleb128 0x1
 341 016f 32       		.byte	0x32
 342 0170 00       		.byte	0
 343 0171 08       		.uleb128 0x8
 344 0172 6A000000 		.4byte	.LVL21
 345 0176 E3010000 		.4byte	0x1e3
 346 017a 08       		.uleb128 0x8
 347 017b 70000000 		.4byte	.LVL23
ARM GAS  C:\Users\NGUYEN~1\AppData\Local\Temp\ccvSFoIn.s 			page 8


 348 017f C2010000 		.4byte	0x1c2
 349 0183 09       		.uleb128 0x9
 350 0184 76000000 		.4byte	.LVL24
 351 0188 CD010000 		.4byte	0x1cd
 352 018c 96010000 		.4byte	0x196
 353 0190 0A       		.uleb128 0xa
 354 0191 01       		.uleb128 0x1
 355 0192 50       		.byte	0x50
 356 0193 01       		.uleb128 0x1
 357 0194 32       		.byte	0x32
 358 0195 00       		.byte	0
 359 0196 09       		.uleb128 0x9
 360 0197 7C000000 		.4byte	.LVL25
 361 019b D8010000 		.4byte	0x1d8
 362 019f A9010000 		.4byte	0x1a9
 363 01a3 0A       		.uleb128 0xa
 364 01a4 01       		.uleb128 0x1
 365 01a5 50       		.byte	0x50
 366 01a6 01       		.uleb128 0x1
 367 01a7 33       		.byte	0x33
 368 01a8 00       		.byte	0
 369 01a9 08       		.uleb128 0x8
 370 01aa 86000000 		.4byte	.LVL28
 371 01ae E3010000 		.4byte	0x1e3
 372 01b2 0B       		.uleb128 0xb
 373 01b3 98000000 		.4byte	.LVL32
 374 01b7 EE010000 		.4byte	0x1ee
 375 01bb 0A       		.uleb128 0xa
 376 01bc 01       		.uleb128 0x1
 377 01bd 50       		.byte	0x50
 378 01be 01       		.uleb128 0x1
 379 01bf 30       		.byte	0x30
 380 01c0 00       		.byte	0
 381 01c1 00       		.byte	0
 382 01c2 0C       		.uleb128 0xc
 383 01c3 60000000 		.4byte	.LASF16
 384 01c7 60000000 		.4byte	.LASF16
 385 01cb 02       		.byte	0x2
 386 01cc 9D       		.byte	0x9d
 387 01cd 0C       		.uleb128 0xc
 388 01ce E8010000 		.4byte	.LASF17
 389 01d2 E8010000 		.4byte	.LASF17
 390 01d6 02       		.byte	0x2
 391 01d7 9F       		.byte	0x9f
 392 01d8 0C       		.uleb128 0xc
 393 01d9 BD000000 		.4byte	.LASF18
 394 01dd BD000000 		.4byte	.LASF18
 395 01e1 02       		.byte	0x2
 396 01e2 A0       		.byte	0xa0
 397 01e3 0C       		.uleb128 0xc
 398 01e4 50000000 		.4byte	.LASF19
 399 01e8 50000000 		.4byte	.LASF19
 400 01ec 02       		.byte	0x2
 401 01ed 9E       		.byte	0x9e
 402 01ee 0C       		.uleb128 0xc
 403 01ef A9000000 		.4byte	.LASF20
 404 01f3 A9000000 		.4byte	.LASF20
ARM GAS  C:\Users\NGUYEN~1\AppData\Local\Temp\ccvSFoIn.s 			page 9


 405 01f7 02       		.byte	0x2
 406 01f8 AC       		.byte	0xac
 407 01f9 00       		.byte	0
 408              		.section	.debug_abbrev,"",%progbits
 409              	.Ldebug_abbrev0:
 410 0000 01       		.uleb128 0x1
 411 0001 11       		.uleb128 0x11
 412 0002 01       		.byte	0x1
 413 0003 25       		.uleb128 0x25
 414 0004 0E       		.uleb128 0xe
 415 0005 13       		.uleb128 0x13
 416 0006 0B       		.uleb128 0xb
 417 0007 03       		.uleb128 0x3
 418 0008 0E       		.uleb128 0xe
 419 0009 1B       		.uleb128 0x1b
 420 000a 0E       		.uleb128 0xe
 421 000b 55       		.uleb128 0x55
 422 000c 17       		.uleb128 0x17
 423 000d 11       		.uleb128 0x11
 424 000e 01       		.uleb128 0x1
 425 000f 10       		.uleb128 0x10
 426 0010 17       		.uleb128 0x17
 427 0011 00       		.byte	0
 428 0012 00       		.byte	0
 429 0013 02       		.uleb128 0x2
 430 0014 24       		.uleb128 0x24
 431 0015 00       		.byte	0
 432 0016 0B       		.uleb128 0xb
 433 0017 0B       		.uleb128 0xb
 434 0018 3E       		.uleb128 0x3e
 435 0019 0B       		.uleb128 0xb
 436 001a 03       		.uleb128 0x3
 437 001b 0E       		.uleb128 0xe
 438 001c 00       		.byte	0
 439 001d 00       		.byte	0
 440 001e 03       		.uleb128 0x3
 441 001f 24       		.uleb128 0x24
 442 0020 00       		.byte	0
 443 0021 0B       		.uleb128 0xb
 444 0022 0B       		.uleb128 0xb
 445 0023 3E       		.uleb128 0x3e
 446 0024 0B       		.uleb128 0xb
 447 0025 03       		.uleb128 0x3
 448 0026 08       		.uleb128 0x8
 449 0027 00       		.byte	0
 450 0028 00       		.byte	0
 451 0029 04       		.uleb128 0x4
 452 002a 2E       		.uleb128 0x2e
 453 002b 01       		.byte	0x1
 454 002c 3F       		.uleb128 0x3f
 455 002d 19       		.uleb128 0x19
 456 002e 03       		.uleb128 0x3
 457 002f 0E       		.uleb128 0xe
 458 0030 3A       		.uleb128 0x3a
 459 0031 0B       		.uleb128 0xb
 460 0032 3B       		.uleb128 0x3b
 461 0033 0B       		.uleb128 0xb
ARM GAS  C:\Users\NGUYEN~1\AppData\Local\Temp\ccvSFoIn.s 			page 10


 462 0034 27       		.uleb128 0x27
 463 0035 19       		.uleb128 0x19
 464 0036 49       		.uleb128 0x49
 465 0037 13       		.uleb128 0x13
 466 0038 11       		.uleb128 0x11
 467 0039 01       		.uleb128 0x1
 468 003a 12       		.uleb128 0x12
 469 003b 06       		.uleb128 0x6
 470 003c 40       		.uleb128 0x40
 471 003d 18       		.uleb128 0x18
 472 003e 9642     		.uleb128 0x2116
 473 0040 19       		.uleb128 0x19
 474 0041 01       		.uleb128 0x1
 475 0042 13       		.uleb128 0x13
 476 0043 00       		.byte	0
 477 0044 00       		.byte	0
 478 0045 05       		.uleb128 0x5
 479 0046 05       		.uleb128 0x5
 480 0047 00       		.byte	0
 481 0048 03       		.uleb128 0x3
 482 0049 0E       		.uleb128 0xe
 483 004a 3A       		.uleb128 0x3a
 484 004b 0B       		.uleb128 0xb
 485 004c 3B       		.uleb128 0x3b
 486 004d 0B       		.uleb128 0xb
 487 004e 49       		.uleb128 0x49
 488 004f 13       		.uleb128 0x13
 489 0050 02       		.uleb128 0x2
 490 0051 17       		.uleb128 0x17
 491 0052 00       		.byte	0
 492 0053 00       		.byte	0
 493 0054 06       		.uleb128 0x6
 494 0055 34       		.uleb128 0x34
 495 0056 00       		.byte	0
 496 0057 03       		.uleb128 0x3
 497 0058 0E       		.uleb128 0xe
 498 0059 3A       		.uleb128 0x3a
 499 005a 0B       		.uleb128 0xb
 500 005b 3B       		.uleb128 0x3b
 501 005c 0B       		.uleb128 0xb
 502 005d 49       		.uleb128 0x49
 503 005e 13       		.uleb128 0x13
 504 005f 02       		.uleb128 0x2
 505 0060 17       		.uleb128 0x17
 506 0061 00       		.byte	0
 507 0062 00       		.byte	0
 508 0063 07       		.uleb128 0x7
 509 0064 34       		.uleb128 0x34
 510 0065 00       		.byte	0
 511 0066 03       		.uleb128 0x3
 512 0067 0E       		.uleb128 0xe
 513 0068 3A       		.uleb128 0x3a
 514 0069 0B       		.uleb128 0xb
 515 006a 3B       		.uleb128 0x3b
 516 006b 0B       		.uleb128 0xb
 517 006c 49       		.uleb128 0x49
 518 006d 13       		.uleb128 0x13
ARM GAS  C:\Users\NGUYEN~1\AppData\Local\Temp\ccvSFoIn.s 			page 11


 519 006e 02       		.uleb128 0x2
 520 006f 18       		.uleb128 0x18
 521 0070 00       		.byte	0
 522 0071 00       		.byte	0
 523 0072 08       		.uleb128 0x8
 524 0073 898201   		.uleb128 0x4109
 525 0076 00       		.byte	0
 526 0077 11       		.uleb128 0x11
 527 0078 01       		.uleb128 0x1
 528 0079 31       		.uleb128 0x31
 529 007a 13       		.uleb128 0x13
 530 007b 00       		.byte	0
 531 007c 00       		.byte	0
 532 007d 09       		.uleb128 0x9
 533 007e 898201   		.uleb128 0x4109
 534 0081 01       		.byte	0x1
 535 0082 11       		.uleb128 0x11
 536 0083 01       		.uleb128 0x1
 537 0084 31       		.uleb128 0x31
 538 0085 13       		.uleb128 0x13
 539 0086 01       		.uleb128 0x1
 540 0087 13       		.uleb128 0x13
 541 0088 00       		.byte	0
 542 0089 00       		.byte	0
 543 008a 0A       		.uleb128 0xa
 544 008b 8A8201   		.uleb128 0x410a
 545 008e 00       		.byte	0
 546 008f 02       		.uleb128 0x2
 547 0090 18       		.uleb128 0x18
 548 0091 9142     		.uleb128 0x2111
 549 0093 18       		.uleb128 0x18
 550 0094 00       		.byte	0
 551 0095 00       		.byte	0
 552 0096 0B       		.uleb128 0xb
 553 0097 898201   		.uleb128 0x4109
 554 009a 01       		.byte	0x1
 555 009b 11       		.uleb128 0x11
 556 009c 01       		.uleb128 0x1
 557 009d 31       		.uleb128 0x31
 558 009e 13       		.uleb128 0x13
 559 009f 00       		.byte	0
 560 00a0 00       		.byte	0
 561 00a1 0C       		.uleb128 0xc
 562 00a2 2E       		.uleb128 0x2e
 563 00a3 00       		.byte	0
 564 00a4 3F       		.uleb128 0x3f
 565 00a5 19       		.uleb128 0x19
 566 00a6 3C       		.uleb128 0x3c
 567 00a7 19       		.uleb128 0x19
 568 00a8 6E       		.uleb128 0x6e
 569 00a9 0E       		.uleb128 0xe
 570 00aa 03       		.uleb128 0x3
 571 00ab 0E       		.uleb128 0xe
 572 00ac 3A       		.uleb128 0x3a
 573 00ad 0B       		.uleb128 0xb
 574 00ae 3B       		.uleb128 0x3b
 575 00af 0B       		.uleb128 0xb
ARM GAS  C:\Users\NGUYEN~1\AppData\Local\Temp\ccvSFoIn.s 			page 12


 576 00b0 00       		.byte	0
 577 00b1 00       		.byte	0
 578 00b2 00       		.byte	0
 579              		.section	.debug_loc,"",%progbits
 580              	.Ldebug_loc0:
 581              	.LLST0:
 582 0000 00000000 		.4byte	.LVL0
 583 0004 1B000000 		.4byte	.LVL2-1
 584 0008 0100     		.2byte	0x1
 585 000a 50       		.byte	0x50
 586 000b 1B000000 		.4byte	.LVL2-1
 587 000f 34000000 		.4byte	.LVL8
 588 0013 0400     		.2byte	0x4
 589 0015 F3       		.byte	0xf3
 590 0016 01       		.uleb128 0x1
 591 0017 50       		.byte	0x50
 592 0018 9F       		.byte	0x9f
 593 0019 34000000 		.4byte	.LVL8
 594 001d 37000000 		.4byte	.LVL9-1
 595 0021 0100     		.2byte	0x1
 596 0023 50       		.byte	0x50
 597 0024 37000000 		.4byte	.LVL9-1
 598 0028 50000000 		.4byte	.LVL15
 599 002c 0400     		.2byte	0x4
 600 002e F3       		.byte	0xf3
 601 002f 01       		.uleb128 0x1
 602 0030 50       		.byte	0x50
 603 0031 9F       		.byte	0x9f
 604 0032 50000000 		.4byte	.LVL15
 605 0036 53000000 		.4byte	.LVL16-1
 606 003a 0100     		.2byte	0x1
 607 003c 50       		.byte	0x50
 608 003d 53000000 		.4byte	.LVL16-1
 609 0041 6C000000 		.4byte	.LVL22
 610 0045 0400     		.2byte	0x4
 611 0047 F3       		.byte	0xf3
 612 0048 01       		.uleb128 0x1
 613 0049 50       		.byte	0x50
 614 004a 9F       		.byte	0x9f
 615 004b 6C000000 		.4byte	.LVL22
 616 004f 6F000000 		.4byte	.LVL23-1
 617 0053 0100     		.2byte	0x1
 618 0055 50       		.byte	0x50
 619 0056 6F000000 		.4byte	.LVL23-1
 620 005a 88000000 		.4byte	.LVL29
 621 005e 0400     		.2byte	0x4
 622 0060 F3       		.byte	0xf3
 623 0061 01       		.uleb128 0x1
 624 0062 50       		.byte	0x50
 625 0063 9F       		.byte	0x9f
 626 0064 88000000 		.4byte	.LVL29
 627 0068 8A000000 		.4byte	.LVL30
 628 006c 0100     		.2byte	0x1
 629 006e 50       		.byte	0x50
 630 006f 8A000000 		.4byte	.LVL30
 631 0073 9E000000 		.4byte	.LFE33
 632 0077 0400     		.2byte	0x4
ARM GAS  C:\Users\NGUYEN~1\AppData\Local\Temp\ccvSFoIn.s 			page 13


 633 0079 F3       		.byte	0xf3
 634 007a 01       		.uleb128 0x1
 635 007b 50       		.byte	0x50
 636 007c 9F       		.byte	0x9f
 637 007d 00000000 		.4byte	0
 638 0081 00000000 		.4byte	0
 639              	.LLST1:
 640 0085 02000000 		.4byte	.LVL1
 641 0089 2E000000 		.4byte	.LVL6
 642 008d 0600     		.2byte	0x6
 643 008f 9E       		.byte	0x9e
 644 0090 04       		.uleb128 0x4
 645 0091 00000000 		.4byte	0
 646 0095 2E000000 		.4byte	.LVL6
 647 0099 31000000 		.4byte	.LVL7-1
 648 009d 0100     		.2byte	0x1
 649 009f 50       		.byte	0x50
 650 00a0 31000000 		.4byte	.LVL7-1
 651 00a4 34000000 		.4byte	.LVL8
 652 00a8 0100     		.2byte	0x1
 653 00aa 54       		.byte	0x54
 654 00ab 34000000 		.4byte	.LVL8
 655 00af 4A000000 		.4byte	.LVL13
 656 00b3 0600     		.2byte	0x6
 657 00b5 9E       		.byte	0x9e
 658 00b6 04       		.uleb128 0x4
 659 00b7 00000000 		.4byte	0
 660 00bb 4A000000 		.4byte	.LVL13
 661 00bf 4D000000 		.4byte	.LVL14-1
 662 00c3 0100     		.2byte	0x1
 663 00c5 50       		.byte	0x50
 664 00c6 4D000000 		.4byte	.LVL14-1
 665 00ca 50000000 		.4byte	.LVL15
 666 00ce 0100     		.2byte	0x1
 667 00d0 54       		.byte	0x54
 668 00d1 50000000 		.4byte	.LVL15
 669 00d5 66000000 		.4byte	.LVL20
 670 00d9 0600     		.2byte	0x6
 671 00db 9E       		.byte	0x9e
 672 00dc 04       		.uleb128 0x4
 673 00dd 00000000 		.4byte	0
 674 00e1 66000000 		.4byte	.LVL20
 675 00e5 69000000 		.4byte	.LVL21-1
 676 00e9 0100     		.2byte	0x1
 677 00eb 50       		.byte	0x50
 678 00ec 69000000 		.4byte	.LVL21-1
 679 00f0 6C000000 		.4byte	.LVL22
 680 00f4 0100     		.2byte	0x1
 681 00f6 54       		.byte	0x54
 682 00f7 6C000000 		.4byte	.LVL22
 683 00fb 82000000 		.4byte	.LVL27
 684 00ff 0600     		.2byte	0x6
 685 0101 9E       		.byte	0x9e
 686 0102 04       		.uleb128 0x4
 687 0103 00000000 		.4byte	0
 688 0107 82000000 		.4byte	.LVL27
 689 010b 85000000 		.4byte	.LVL28-1
ARM GAS  C:\Users\NGUYEN~1\AppData\Local\Temp\ccvSFoIn.s 			page 14


 690 010f 0100     		.2byte	0x1
 691 0111 50       		.byte	0x50
 692 0112 85000000 		.4byte	.LVL28-1
 693 0116 88000000 		.4byte	.LVL29
 694 011a 0100     		.2byte	0x1
 695 011c 54       		.byte	0x54
 696 011d 88000000 		.4byte	.LVL29
 697 0121 8A000000 		.4byte	.LVL30
 698 0125 0600     		.2byte	0x6
 699 0127 9E       		.byte	0x9e
 700 0128 04       		.uleb128 0x4
 701 0129 00000000 		.4byte	0
 702 012d 8A000000 		.4byte	.LVL30
 703 0131 9C000000 		.4byte	.LVL34
 704 0135 0100     		.2byte	0x1
 705 0137 54       		.byte	0x54
 706 0138 00000000 		.4byte	0
 707 013c 00000000 		.4byte	0
 708              		.section	.debug_aranges,"",%progbits
 709 0000 1C000000 		.4byte	0x1c
 710 0004 0200     		.2byte	0x2
 711 0006 00000000 		.4byte	.Ldebug_info0
 712 000a 04       		.byte	0x4
 713 000b 00       		.byte	0
 714 000c 0000     		.2byte	0
 715 000e 0000     		.2byte	0
 716 0010 00000000 		.4byte	.LFB33
 717 0014 9E000000 		.4byte	.LFE33-.LFB33
 718 0018 00000000 		.4byte	0
 719 001c 00000000 		.4byte	0
 720              		.section	.debug_ranges,"",%progbits
 721              	.Ldebug_ranges0:
 722 0000 00000000 		.4byte	.LFB33
 723 0004 9E000000 		.4byte	.LFE33
 724 0008 00000000 		.4byte	0
 725 000c 00000000 		.4byte	0
 726              		.section	.debug_line,"",%progbits
 727              	.Ldebug_line0:
 728 0000 78000000 		.section	.debug_str,"MS",%progbits,1
 728      02004800 
 728      00000201 
 728      FB0E0D00 
 728      01010101 
 729              	.LASF23:
 730 0000 443A5C70 		.ascii	"D:\\psoc\\theory\\adc_3_channel\\adc_3_channel.cyds"
 730      736F635C 
 730      7468656F 
 730      72795C61 
 730      64635F33 
 731 002f 6E00     		.ascii	"n\000"
 732              	.LASF8:
 733 0031 756E7369 		.ascii	"unsigned int\000"
 733      676E6564 
 733      20696E74 
 733      00
 734              	.LASF22:
 735 003e 6D656173 		.ascii	"measureResister.c\000"
ARM GAS  C:\Users\NGUYEN~1\AppData\Local\Temp\ccvSFoIn.s 			page 15


 735      75726552 
 735      65736973 
 735      7465722E 
 735      6300
 736              	.LASF19:
 737 0050 6164635F 		.ascii	"adc_StopConvert\000"
 737      53746F70 
 737      436F6E76 
 737      65727400 
 738              	.LASF16:
 739 0060 6164635F 		.ascii	"adc_StartConvert\000"
 739      53746172 
 739      74436F6E 
 739      76657274 
 739      00
 740              	.LASF14:
 741 0071 76616C75 		.ascii	"value_read_adc\000"
 741      655F7265 
 741      61645F61 
 741      646300
 742              	.LASF5:
 743 0080 6C6F6E67 		.ascii	"long unsigned int\000"
 743      20756E73 
 743      69676E65 
 743      6420696E 
 743      7400
 744              	.LASF7:
 745 0092 6C6F6E67 		.ascii	"long long unsigned int\000"
 745      206C6F6E 
 745      6720756E 
 745      7369676E 
 745      65642069 
 746              	.LASF20:
 747 00a9 6164635F 		.ascii	"adc_CountsTo_mVolts\000"
 747      436F756E 
 747      7473546F 
 747      5F6D566F 
 747      6C747300 
 748              	.LASF18:
 749 00bd 6164635F 		.ascii	"adc_GetResult16\000"
 749      47657452 
 749      6573756C 
 749      74313600 
 750              	.LASF1:
 751 00cd 756E7369 		.ascii	"unsigned char\000"
 751      676E6564 
 751      20636861 
 751      7200
 752              	.LASF11:
 753 00db 63686172 		.ascii	"char\000"
 753      00
 754              	.LASF4:
 755 00e0 6C6F6E67 		.ascii	"long int\000"
 755      20696E74 
 755      00
 756              	.LASF24:
 757 00e9 72656164 		.ascii	"read_adc\000"
ARM GAS  C:\Users\NGUYEN~1\AppData\Local\Temp\ccvSFoIn.s 			page 16


 757      5F616463 
 757      00
 758              	.LASF15:
 759 00f2 76616C75 		.ascii	"value_Adc_mVolt\000"
 759      655F4164 
 759      635F6D56 
 759      6F6C7400 
 760              	.LASF13:
 761 0102 646F7562 		.ascii	"double\000"
 761      6C6500
 762              	.LASF6:
 763 0109 6C6F6E67 		.ascii	"long long int\000"
 763      206C6F6E 
 763      6720696E 
 763      7400
 764              	.LASF25:
 765 0117 6368616E 		.ascii	"channel\000"
 765      6E656C00 
 766              	.LASF21:
 767 011f 474E5520 		.ascii	"GNU C11 5.4.1 20160609 (release) [ARM/embedded-5-br"
 767      43313120 
 767      352E342E 
 767      31203230 
 767      31363036 
 768 0152 616E6368 		.ascii	"anch revision 237715] -mcpu=cortex-m0 -mthumb -g -O"
 768      20726576 
 768      6973696F 
 768      6E203233 
 768      37373135 
 769 0185 67202D66 		.ascii	"g -ffunction-sections -ffat-lto-objects\000"
 769      66756E63 
 769      74696F6E 
 769      2D736563 
 769      74696F6E 
 770              	.LASF3:
 771 01ad 73686F72 		.ascii	"short unsigned int\000"
 771      7420756E 
 771      7369676E 
 771      65642069 
 771      6E7400
 772              	.LASF0:
 773 01c0 7369676E 		.ascii	"signed char\000"
 773      65642063 
 773      68617200 
 774              	.LASF9:
 775 01cc 6C6F6E67 		.ascii	"long double\000"
 775      20646F75 
 775      626C6500 
 776              	.LASF12:
 777 01d8 666C6F61 		.ascii	"float\000"
 777      7400
 778              	.LASF2:
 779 01de 73686F72 		.ascii	"short int\000"
 779      7420696E 
 779      7400
 780              	.LASF17:
 781 01e8 6164635F 		.ascii	"adc_IsEndConversion\000"
ARM GAS  C:\Users\NGUYEN~1\AppData\Local\Temp\ccvSFoIn.s 			page 17


 781      4973456E 
 781      64436F6E 
 781      76657273 
 781      696F6E00 
 782              	.LASF10:
 783 01fc 73697A65 		.ascii	"sizetype\000"
 783      74797065 
 783      00
 784              		.ident	"GCC: (GNU Tools for ARM Embedded Processors) 5.4.1 20160609 (release) [ARM/embedded-5-bran
