ARM GAS  C:\Users\NGUYEN~1\AppData\Local\Temp\ccBj8rqN.s 			page 1


   1              		.syntax unified
   2              		.cpu cortex-m0
   3              		.fpu softvfp
   4              		.eabi_attribute 20, 1
   5              		.eabi_attribute 21, 1
   6              		.eabi_attribute 23, 3
   7              		.eabi_attribute 24, 1
   8              		.eabi_attribute 25, 1
   9              		.eabi_attribute 26, 1
  10              		.eabi_attribute 30, 1
  11              		.eabi_attribute 34, 0
  12              		.eabi_attribute 18, 4
  13              		.thumb
  14              		.syntax unified
  15              		.file	"uart_transmit.c"
  16              		.text
  17              	.Ltext0:
  18              		.cfi_sections	.debug_frame
  19              		.section	.text.test_transmit_data,"ax",%progbits
  20              		.align	2
  21              		.global	test_transmit_data
  22              		.code	16
  23              		.thumb_func
  24              		.type	test_transmit_data, %function
  25              	test_transmit_data:
  26              	.LFB33:
  27              		.file 1 "uart_transmit.c"
   1:uart_transmit.c **** /* ========================================
   2:uart_transmit.c ****  *
   3:uart_transmit.c ****  * Copyright YOUR COMPANY, THE YEAR
   4:uart_transmit.c ****  * All Rights Reserved
   5:uart_transmit.c ****  * UNPUBLISHED, LICENSED SOFTWARE.
   6:uart_transmit.c ****  *
   7:uart_transmit.c ****  * CONFIDENTIAL AND PROPRIETARY INFORMATION
   8:uart_transmit.c ****  * WHICH IS THE PROPERTY OF your company.
   9:uart_transmit.c ****  *
  10:uart_transmit.c ****  * ========================================
  11:uart_transmit.c **** */
  12:uart_transmit.c **** #include "uart_transmit.h"
  13:uart_transmit.c **** 
  14:uart_transmit.c **** void test_transmit_data()
  15:uart_transmit.c **** {
  28              		.loc 1 15 0
  29              		.cfi_startproc
  30              		@ args = 0, pretend = 0, frame = 16
  31              		@ frame_needed = 0, uses_anonymous_args = 0
  32 0000 30B5     		push	{r4, r5, lr}
  33              		.cfi_def_cfa_offset 12
  34              		.cfi_offset 4, -12
  35              		.cfi_offset 5, -8
  36              		.cfi_offset 14, -4
  37 0002 85B0     		sub	sp, sp, #20
  38              		.cfi_def_cfa_offset 32
  16:uart_transmit.c ****     char data_test[] = "\nTransmit OK\n";
  39              		.loc 1 16 0
  40 0004 6846     		mov	r0, sp
  41 0006 054B     		ldr	r3, .L2
ARM GAS  C:\Users\NGUYEN~1\AppData\Local\Temp\ccBj8rqN.s 			page 2


  42 0008 6A46     		mov	r2, sp
  43 000a 32CB     		ldmia	r3!, {r1, r4, r5}
  44 000c 32C2     		stmia	r2!, {r1, r4, r5}
  45 000e 1B88     		ldrh	r3, [r3]
  46 0010 1380     		strh	r3, [r2]
  17:uart_transmit.c ****     uart_UartPutString(data_test);
  47              		.loc 1 17 0
  48 0012 FFF7FEFF 		bl	uart_UartPutString
  49              	.LVL0:
  18:uart_transmit.c **** }
  50              		.loc 1 18 0
  51 0016 05B0     		add	sp, sp, #20
  52              		@ sp needed
  53 0018 30BD     		pop	{r4, r5, pc}
  54              	.L3:
  55 001a C046     		.align	2
  56              	.L2:
  57 001c 00000000 		.word	.LC0
  58              		.cfi_endproc
  59              	.LFE33:
  60              		.size	test_transmit_data, .-test_transmit_data
  61              		.global	__aeabi_f2d
  62              		.section	.text.transmit_data_to_computer,"ax",%progbits
  63              		.align	2
  64              		.global	transmit_data_to_computer
  65              		.code	16
  66              		.thumb_func
  67              		.type	transmit_data_to_computer, %function
  68              	transmit_data_to_computer:
  69              	.LFB34:
  19:uart_transmit.c **** 
  20:uart_transmit.c **** 
  21:uart_transmit.c **** void transmit_data_to_computer(float data_need_convert,int location)
  22:uart_transmit.c **** {
  70              		.loc 1 22 0
  71              		.cfi_startproc
  72              		@ args = 0, pretend = 0, frame = 40
  73              		@ frame_needed = 0, uses_anonymous_args = 0
  74              	.LVL1:
  75 0000 00B5     		push	{lr}
  76              		.cfi_def_cfa_offset 4
  77              		.cfi_offset 14, -4
  78 0002 8BB0     		sub	sp, sp, #44
  79              		.cfi_def_cfa_offset 48
  23:uart_transmit.c ****     char string_result[40];
  24:uart_transmit.c ****     
  25:uart_transmit.c ****     switch(location)
  80              		.loc 1 25 0
  81 0004 0129     		cmp	r1, #1
  82 0006 11D0     		beq	.L6
  83 0008 02DC     		bgt	.L7
  84 000a 0029     		cmp	r1, #0
  85 000c 05D0     		beq	.L8
  86 000e 27E0     		b	.L5
  87              	.L7:
  88 0010 0229     		cmp	r1, #2
  89 0012 14D0     		beq	.L9
ARM GAS  C:\Users\NGUYEN~1\AppData\Local\Temp\ccBj8rqN.s 			page 3


  90 0014 0329     		cmp	r1, #3
  91 0016 1BD0     		beq	.L10
  92 0018 22E0     		b	.L5
  93              	.L8:
  26:uart_transmit.c ****     {
  27:uart_transmit.c ****         case 0:
  28:uart_transmit.c ****             sprintf(string_result, "Value1:%0.3f\n", data_need_convert);
  94              		.loc 1 28 0
  95 001a FFF7FEFF 		bl	__aeabi_f2d
  96              	.LVL2:
  97 001e 0200     		movs	r2, r0
  98 0020 0B00     		movs	r3, r1
  99 0022 1249     		ldr	r1, .L11
 100 0024 6846     		mov	r0, sp
 101 0026 FFF7FEFF 		bl	sprintf
 102              	.LVL3:
  29:uart_transmit.c ****             break;
 103              		.loc 1 29 0
 104 002a 19E0     		b	.L5
 105              	.LVL4:
 106              	.L6:
  30:uart_transmit.c ****         case 1:
  31:uart_transmit.c ****             sprintf(string_result, "Value2:%0.3f\n", data_need_convert);
 107              		.loc 1 31 0
 108 002c FFF7FEFF 		bl	__aeabi_f2d
 109              	.LVL5:
 110 0030 0200     		movs	r2, r0
 111 0032 0B00     		movs	r3, r1
 112 0034 0E49     		ldr	r1, .L11+4
 113 0036 6846     		mov	r0, sp
 114 0038 FFF7FEFF 		bl	sprintf
 115              	.LVL6:
  32:uart_transmit.c ****             break;
 116              		.loc 1 32 0
 117 003c 10E0     		b	.L5
 118              	.LVL7:
 119              	.L9:
  33:uart_transmit.c ****         case 2:
  34:uart_transmit.c ****             sprintf(string_result, "Value3:%0.3f\n", data_need_convert);
 120              		.loc 1 34 0
 121 003e FFF7FEFF 		bl	__aeabi_f2d
 122              	.LVL8:
 123 0042 0200     		movs	r2, r0
 124 0044 0B00     		movs	r3, r1
 125 0046 0B49     		ldr	r1, .L11+8
 126 0048 6846     		mov	r0, sp
 127 004a FFF7FEFF 		bl	sprintf
 128              	.LVL9:
  35:uart_transmit.c ****             break;
 129              		.loc 1 35 0
 130 004e 07E0     		b	.L5
 131              	.LVL10:
 132              	.L10:
  36:uart_transmit.c ****         case 3:
  37:uart_transmit.c ****             sprintf(string_result, "Value4:%0.3f\n", data_need_convert);
 133              		.loc 1 37 0
 134 0050 FFF7FEFF 		bl	__aeabi_f2d
ARM GAS  C:\Users\NGUYEN~1\AppData\Local\Temp\ccBj8rqN.s 			page 4


 135              	.LVL11:
 136 0054 0200     		movs	r2, r0
 137 0056 0B00     		movs	r3, r1
 138 0058 0749     		ldr	r1, .L11+12
 139 005a 6846     		mov	r0, sp
 140 005c FFF7FEFF 		bl	sprintf
 141              	.LVL12:
 142              	.L5:
  38:uart_transmit.c ****     }
  39:uart_transmit.c ****     
  40:uart_transmit.c ****     uart_UartPutString(string_result);
 143              		.loc 1 40 0
 144 0060 6846     		mov	r0, sp
 145 0062 FFF7FEFF 		bl	uart_UartPutString
 146              	.LVL13:
  41:uart_transmit.c **** }
 147              		.loc 1 41 0
 148 0066 0BB0     		add	sp, sp, #44
 149              		@ sp needed
 150 0068 00BD     		pop	{pc}
 151              	.L12:
 152 006a C046     		.align	2
 153              	.L11:
 154 006c 10000000 		.word	.LC2
 155 0070 20000000 		.word	.LC4
 156 0074 30000000 		.word	.LC6
 157 0078 40000000 		.word	.LC8
 158              		.cfi_endproc
 159              	.LFE34:
 160              		.size	transmit_data_to_computer, .-transmit_data_to_computer
 161              		.section	.rodata.str1.4,"aMS",%progbits,1
 162              		.align	2
 163              	.LC0:
 164 0000 0A547261 		.ascii	"\012Transmit OK\012\000"
 164      6E736D69 
 164      74204F4B 
 164      0A00
 165 000e 0000     		.space	2
 166              	.LC2:
 167 0010 56616C75 		.ascii	"Value1:%0.3f\012\000"
 167      65313A25 
 167      302E3366 
 167      0A00
 168 001e 0000     		.space	2
 169              	.LC4:
 170 0020 56616C75 		.ascii	"Value2:%0.3f\012\000"
 170      65323A25 
 170      302E3366 
 170      0A00
 171 002e 0000     		.space	2
 172              	.LC6:
 173 0030 56616C75 		.ascii	"Value3:%0.3f\012\000"
 173      65333A25 
 173      302E3366 
 173      0A00
 174 003e 0000     		.space	2
 175              	.LC8:
ARM GAS  C:\Users\NGUYEN~1\AppData\Local\Temp\ccBj8rqN.s 			page 5


 176 0040 56616C75 		.ascii	"Value4:%0.3f\012\000"
 176      65343A25 
 176      302E3366 
 176      0A00
 177              		.text
 178              	.Letext0:
 179              		.file 2 "Generated_Source\\PSoC4/uart_SPI_UART.h"
 180              		.file 3 "c:\\program files (x86)\\cypress\\psoc creator\\4.4\\psoc creator\\import\\gnu\\arm\\5.4.
 181              		.section	.debug_info,"",%progbits
 182              	.Ldebug_info0:
 183 0000 BC010000 		.4byte	0x1bc
 184 0004 0400     		.2byte	0x4
 185 0006 00000000 		.4byte	.Ldebug_abbrev0
 186 000a 04       		.byte	0x4
 187 000b 01       		.uleb128 0x1
 188 000c 07010000 		.4byte	.LASF20
 189 0010 0C       		.byte	0xc
 190 0011 6F000000 		.4byte	.LASF21
 191 0015 00000000 		.4byte	.LASF22
 192 0019 00000000 		.4byte	.Ldebug_ranges0+0
 193 001d 00000000 		.4byte	0
 194 0021 00000000 		.4byte	.Ldebug_line0
 195 0025 02       		.uleb128 0x2
 196 0026 04       		.byte	0x4
 197 0027 04       		.byte	0x4
 198 0028 C0010000 		.4byte	.LASF0
 199 002c 02       		.uleb128 0x2
 200 002d 01       		.byte	0x1
 201 002e 06       		.byte	0x6
 202 002f A8010000 		.4byte	.LASF1
 203 0033 02       		.uleb128 0x2
 204 0034 01       		.byte	0x1
 205 0035 08       		.byte	0x8
 206 0036 A9000000 		.4byte	.LASF2
 207 003a 02       		.uleb128 0x2
 208 003b 02       		.byte	0x2
 209 003c 05       		.byte	0x5
 210 003d CF010000 		.4byte	.LASF3
 211 0041 02       		.uleb128 0x2
 212 0042 02       		.byte	0x2
 213 0043 07       		.byte	0x7
 214 0044 95010000 		.4byte	.LASF4
 215 0048 02       		.uleb128 0x2
 216 0049 04       		.byte	0x4
 217 004a 05       		.byte	0x5
 218 004b C6010000 		.4byte	.LASF5
 219 004f 02       		.uleb128 0x2
 220 0050 04       		.byte	0x4
 221 0051 07       		.byte	0x7
 222 0052 5D000000 		.4byte	.LASF6
 223 0056 02       		.uleb128 0x2
 224 0057 08       		.byte	0x8
 225 0058 05       		.byte	0x5
 226 0059 F9000000 		.4byte	.LASF7
 227 005d 02       		.uleb128 0x2
 228 005e 08       		.byte	0x8
 229 005f 07       		.byte	0x7
ARM GAS  C:\Users\NGUYEN~1\AppData\Local\Temp\ccBj8rqN.s 			page 6


 230 0060 92000000 		.4byte	.LASF8
 231 0064 03       		.uleb128 0x3
 232 0065 04       		.byte	0x4
 233 0066 05       		.byte	0x5
 234 0067 696E7400 		.ascii	"int\000"
 235 006b 02       		.uleb128 0x2
 236 006c 04       		.byte	0x4
 237 006d 07       		.byte	0x7
 238 006e 3A000000 		.4byte	.LASF9
 239 0072 02       		.uleb128 0x2
 240 0073 08       		.byte	0x8
 241 0074 04       		.byte	0x4
 242 0075 B4010000 		.4byte	.LASF10
 243 0079 02       		.uleb128 0x2
 244 007a 04       		.byte	0x4
 245 007b 07       		.byte	0x7
 246 007c EC010000 		.4byte	.LASF11
 247 0080 02       		.uleb128 0x2
 248 0081 01       		.byte	0x1
 249 0082 08       		.byte	0x8
 250 0083 B7000000 		.4byte	.LASF12
 251 0087 02       		.uleb128 0x2
 252 0088 08       		.byte	0x8
 253 0089 04       		.byte	0x4
 254 008a F2000000 		.4byte	.LASF13
 255 008e 04       		.uleb128 0x4
 256 008f 7F000000 		.4byte	.LASF23
 257 0093 01       		.byte	0x1
 258 0094 0E       		.byte	0xe
 259 0095 00000000 		.4byte	.LFB33
 260 0099 20000000 		.4byte	.LFE33-.LFB33
 261 009d 01       		.uleb128 0x1
 262 009e 9C       		.byte	0x9c
 263 009f C2000000 		.4byte	0xc2
 264 00a3 05       		.uleb128 0x5
 265 00a4 E8000000 		.4byte	.LASF16
 266 00a8 01       		.byte	0x1
 267 00a9 10       		.byte	0x10
 268 00aa C2000000 		.4byte	0xc2
 269 00ae 02       		.uleb128 0x2
 270 00af 91       		.byte	0x91
 271 00b0 60       		.sleb128 -32
 272 00b1 06       		.uleb128 0x6
 273 00b2 16000000 		.4byte	.LVL0
 274 00b6 A8010000 		.4byte	0x1a8
 275 00ba 07       		.uleb128 0x7
 276 00bb 01       		.uleb128 0x1
 277 00bc 50       		.byte	0x50
 278 00bd 02       		.uleb128 0x2
 279 00be 7D       		.byte	0x7d
 280 00bf 00       		.sleb128 0
 281 00c0 00       		.byte	0
 282 00c1 00       		.byte	0
 283 00c2 08       		.uleb128 0x8
 284 00c3 80000000 		.4byte	0x80
 285 00c7 D2000000 		.4byte	0xd2
 286 00cb 09       		.uleb128 0x9
ARM GAS  C:\Users\NGUYEN~1\AppData\Local\Temp\ccBj8rqN.s 			page 7


 287 00cc 79000000 		.4byte	0x79
 288 00d0 0D       		.byte	0xd
 289 00d1 00       		.byte	0
 290 00d2 0A       		.uleb128 0xa
 291 00d3 BC000000 		.4byte	.LASF24
 292 00d7 01       		.byte	0x1
 293 00d8 15       		.byte	0x15
 294 00d9 00000000 		.4byte	.LFB34
 295 00dd 7C000000 		.4byte	.LFE34-.LFB34
 296 00e1 01       		.uleb128 0x1
 297 00e2 9C       		.byte	0x9c
 298 00e3 98010000 		.4byte	0x198
 299 00e7 0B       		.uleb128 0xb
 300 00e8 D6000000 		.4byte	.LASF14
 301 00ec 01       		.byte	0x1
 302 00ed 15       		.byte	0x15
 303 00ee 25000000 		.4byte	0x25
 304 00f2 00000000 		.4byte	.LLST0
 305 00f6 0B       		.uleb128 0xb
 306 00f7 31000000 		.4byte	.LASF15
 307 00fb 01       		.byte	0x1
 308 00fc 15       		.byte	0x15
 309 00fd 64000000 		.4byte	0x64
 310 0101 74000000 		.4byte	.LLST1
 311 0105 05       		.uleb128 0x5
 312 0106 47000000 		.4byte	.LASF17
 313 010a 01       		.byte	0x1
 314 010b 17       		.byte	0x17
 315 010c 98010000 		.4byte	0x198
 316 0110 02       		.uleb128 0x2
 317 0111 91       		.byte	0x91
 318 0112 50       		.sleb128 -48
 319 0113 0C       		.uleb128 0xc
 320 0114 2A000000 		.4byte	.LVL3
 321 0118 B4010000 		.4byte	0x1b4
 322 011c 30010000 		.4byte	0x130
 323 0120 07       		.uleb128 0x7
 324 0121 01       		.uleb128 0x1
 325 0122 50       		.byte	0x50
 326 0123 02       		.uleb128 0x2
 327 0124 7D       		.byte	0x7d
 328 0125 00       		.sleb128 0
 329 0126 07       		.uleb128 0x7
 330 0127 01       		.uleb128 0x1
 331 0128 51       		.byte	0x51
 332 0129 05       		.uleb128 0x5
 333 012a 03       		.byte	0x3
 334 012b 10000000 		.4byte	.LC2
 335 012f 00       		.byte	0
 336 0130 0C       		.uleb128 0xc
 337 0131 3C000000 		.4byte	.LVL6
 338 0135 B4010000 		.4byte	0x1b4
 339 0139 4D010000 		.4byte	0x14d
 340 013d 07       		.uleb128 0x7
 341 013e 01       		.uleb128 0x1
 342 013f 50       		.byte	0x50
 343 0140 02       		.uleb128 0x2
ARM GAS  C:\Users\NGUYEN~1\AppData\Local\Temp\ccBj8rqN.s 			page 8


 344 0141 7D       		.byte	0x7d
 345 0142 00       		.sleb128 0
 346 0143 07       		.uleb128 0x7
 347 0144 01       		.uleb128 0x1
 348 0145 51       		.byte	0x51
 349 0146 05       		.uleb128 0x5
 350 0147 03       		.byte	0x3
 351 0148 20000000 		.4byte	.LC4
 352 014c 00       		.byte	0
 353 014d 0C       		.uleb128 0xc
 354 014e 4E000000 		.4byte	.LVL9
 355 0152 B4010000 		.4byte	0x1b4
 356 0156 6A010000 		.4byte	0x16a
 357 015a 07       		.uleb128 0x7
 358 015b 01       		.uleb128 0x1
 359 015c 50       		.byte	0x50
 360 015d 02       		.uleb128 0x2
 361 015e 7D       		.byte	0x7d
 362 015f 00       		.sleb128 0
 363 0160 07       		.uleb128 0x7
 364 0161 01       		.uleb128 0x1
 365 0162 51       		.byte	0x51
 366 0163 05       		.uleb128 0x5
 367 0164 03       		.byte	0x3
 368 0165 30000000 		.4byte	.LC6
 369 0169 00       		.byte	0
 370 016a 0C       		.uleb128 0xc
 371 016b 60000000 		.4byte	.LVL12
 372 016f B4010000 		.4byte	0x1b4
 373 0173 87010000 		.4byte	0x187
 374 0177 07       		.uleb128 0x7
 375 0178 01       		.uleb128 0x1
 376 0179 50       		.byte	0x50
 377 017a 02       		.uleb128 0x2
 378 017b 7D       		.byte	0x7d
 379 017c 00       		.sleb128 0
 380 017d 07       		.uleb128 0x7
 381 017e 01       		.uleb128 0x1
 382 017f 51       		.byte	0x51
 383 0180 05       		.uleb128 0x5
 384 0181 03       		.byte	0x3
 385 0182 40000000 		.4byte	.LC8
 386 0186 00       		.byte	0
 387 0187 06       		.uleb128 0x6
 388 0188 66000000 		.4byte	.LVL13
 389 018c A8010000 		.4byte	0x1a8
 390 0190 07       		.uleb128 0x7
 391 0191 01       		.uleb128 0x1
 392 0192 50       		.byte	0x50
 393 0193 02       		.uleb128 0x2
 394 0194 7D       		.byte	0x7d
 395 0195 00       		.sleb128 0
 396 0196 00       		.byte	0
 397 0197 00       		.byte	0
 398 0198 08       		.uleb128 0x8
 399 0199 80000000 		.4byte	0x80
 400 019d A8010000 		.4byte	0x1a8
ARM GAS  C:\Users\NGUYEN~1\AppData\Local\Temp\ccBj8rqN.s 			page 9


 401 01a1 09       		.uleb128 0x9
 402 01a2 79000000 		.4byte	0x79
 403 01a6 27       		.byte	0x27
 404 01a7 00       		.byte	0
 405 01a8 0D       		.uleb128 0xd
 406 01a9 D9010000 		.4byte	.LASF18
 407 01ad D9010000 		.4byte	.LASF18
 408 01b1 02       		.byte	0x2
 409 01b2 2A03     		.2byte	0x32a
 410 01b4 0E       		.uleb128 0xe
 411 01b5 55000000 		.4byte	.LASF19
 412 01b9 55000000 		.4byte	.LASF19
 413 01bd 03       		.byte	0x3
 414 01be E7       		.byte	0xe7
 415 01bf 00       		.byte	0
 416              		.section	.debug_abbrev,"",%progbits
 417              	.Ldebug_abbrev0:
 418 0000 01       		.uleb128 0x1
 419 0001 11       		.uleb128 0x11
 420 0002 01       		.byte	0x1
 421 0003 25       		.uleb128 0x25
 422 0004 0E       		.uleb128 0xe
 423 0005 13       		.uleb128 0x13
 424 0006 0B       		.uleb128 0xb
 425 0007 03       		.uleb128 0x3
 426 0008 0E       		.uleb128 0xe
 427 0009 1B       		.uleb128 0x1b
 428 000a 0E       		.uleb128 0xe
 429 000b 55       		.uleb128 0x55
 430 000c 17       		.uleb128 0x17
 431 000d 11       		.uleb128 0x11
 432 000e 01       		.uleb128 0x1
 433 000f 10       		.uleb128 0x10
 434 0010 17       		.uleb128 0x17
 435 0011 00       		.byte	0
 436 0012 00       		.byte	0
 437 0013 02       		.uleb128 0x2
 438 0014 24       		.uleb128 0x24
 439 0015 00       		.byte	0
 440 0016 0B       		.uleb128 0xb
 441 0017 0B       		.uleb128 0xb
 442 0018 3E       		.uleb128 0x3e
 443 0019 0B       		.uleb128 0xb
 444 001a 03       		.uleb128 0x3
 445 001b 0E       		.uleb128 0xe
 446 001c 00       		.byte	0
 447 001d 00       		.byte	0
 448 001e 03       		.uleb128 0x3
 449 001f 24       		.uleb128 0x24
 450 0020 00       		.byte	0
 451 0021 0B       		.uleb128 0xb
 452 0022 0B       		.uleb128 0xb
 453 0023 3E       		.uleb128 0x3e
 454 0024 0B       		.uleb128 0xb
 455 0025 03       		.uleb128 0x3
 456 0026 08       		.uleb128 0x8
 457 0027 00       		.byte	0
ARM GAS  C:\Users\NGUYEN~1\AppData\Local\Temp\ccBj8rqN.s 			page 10


 458 0028 00       		.byte	0
 459 0029 04       		.uleb128 0x4
 460 002a 2E       		.uleb128 0x2e
 461 002b 01       		.byte	0x1
 462 002c 3F       		.uleb128 0x3f
 463 002d 19       		.uleb128 0x19
 464 002e 03       		.uleb128 0x3
 465 002f 0E       		.uleb128 0xe
 466 0030 3A       		.uleb128 0x3a
 467 0031 0B       		.uleb128 0xb
 468 0032 3B       		.uleb128 0x3b
 469 0033 0B       		.uleb128 0xb
 470 0034 11       		.uleb128 0x11
 471 0035 01       		.uleb128 0x1
 472 0036 12       		.uleb128 0x12
 473 0037 06       		.uleb128 0x6
 474 0038 40       		.uleb128 0x40
 475 0039 18       		.uleb128 0x18
 476 003a 9742     		.uleb128 0x2117
 477 003c 19       		.uleb128 0x19
 478 003d 01       		.uleb128 0x1
 479 003e 13       		.uleb128 0x13
 480 003f 00       		.byte	0
 481 0040 00       		.byte	0
 482 0041 05       		.uleb128 0x5
 483 0042 34       		.uleb128 0x34
 484 0043 00       		.byte	0
 485 0044 03       		.uleb128 0x3
 486 0045 0E       		.uleb128 0xe
 487 0046 3A       		.uleb128 0x3a
 488 0047 0B       		.uleb128 0xb
 489 0048 3B       		.uleb128 0x3b
 490 0049 0B       		.uleb128 0xb
 491 004a 49       		.uleb128 0x49
 492 004b 13       		.uleb128 0x13
 493 004c 02       		.uleb128 0x2
 494 004d 18       		.uleb128 0x18
 495 004e 00       		.byte	0
 496 004f 00       		.byte	0
 497 0050 06       		.uleb128 0x6
 498 0051 898201   		.uleb128 0x4109
 499 0054 01       		.byte	0x1
 500 0055 11       		.uleb128 0x11
 501 0056 01       		.uleb128 0x1
 502 0057 31       		.uleb128 0x31
 503 0058 13       		.uleb128 0x13
 504 0059 00       		.byte	0
 505 005a 00       		.byte	0
 506 005b 07       		.uleb128 0x7
 507 005c 8A8201   		.uleb128 0x410a
 508 005f 00       		.byte	0
 509 0060 02       		.uleb128 0x2
 510 0061 18       		.uleb128 0x18
 511 0062 9142     		.uleb128 0x2111
 512 0064 18       		.uleb128 0x18
 513 0065 00       		.byte	0
 514 0066 00       		.byte	0
ARM GAS  C:\Users\NGUYEN~1\AppData\Local\Temp\ccBj8rqN.s 			page 11


 515 0067 08       		.uleb128 0x8
 516 0068 01       		.uleb128 0x1
 517 0069 01       		.byte	0x1
 518 006a 49       		.uleb128 0x49
 519 006b 13       		.uleb128 0x13
 520 006c 01       		.uleb128 0x1
 521 006d 13       		.uleb128 0x13
 522 006e 00       		.byte	0
 523 006f 00       		.byte	0
 524 0070 09       		.uleb128 0x9
 525 0071 21       		.uleb128 0x21
 526 0072 00       		.byte	0
 527 0073 49       		.uleb128 0x49
 528 0074 13       		.uleb128 0x13
 529 0075 2F       		.uleb128 0x2f
 530 0076 0B       		.uleb128 0xb
 531 0077 00       		.byte	0
 532 0078 00       		.byte	0
 533 0079 0A       		.uleb128 0xa
 534 007a 2E       		.uleb128 0x2e
 535 007b 01       		.byte	0x1
 536 007c 3F       		.uleb128 0x3f
 537 007d 19       		.uleb128 0x19
 538 007e 03       		.uleb128 0x3
 539 007f 0E       		.uleb128 0xe
 540 0080 3A       		.uleb128 0x3a
 541 0081 0B       		.uleb128 0xb
 542 0082 3B       		.uleb128 0x3b
 543 0083 0B       		.uleb128 0xb
 544 0084 27       		.uleb128 0x27
 545 0085 19       		.uleb128 0x19
 546 0086 11       		.uleb128 0x11
 547 0087 01       		.uleb128 0x1
 548 0088 12       		.uleb128 0x12
 549 0089 06       		.uleb128 0x6
 550 008a 40       		.uleb128 0x40
 551 008b 18       		.uleb128 0x18
 552 008c 9642     		.uleb128 0x2116
 553 008e 19       		.uleb128 0x19
 554 008f 01       		.uleb128 0x1
 555 0090 13       		.uleb128 0x13
 556 0091 00       		.byte	0
 557 0092 00       		.byte	0
 558 0093 0B       		.uleb128 0xb
 559 0094 05       		.uleb128 0x5
 560 0095 00       		.byte	0
 561 0096 03       		.uleb128 0x3
 562 0097 0E       		.uleb128 0xe
 563 0098 3A       		.uleb128 0x3a
 564 0099 0B       		.uleb128 0xb
 565 009a 3B       		.uleb128 0x3b
 566 009b 0B       		.uleb128 0xb
 567 009c 49       		.uleb128 0x49
 568 009d 13       		.uleb128 0x13
 569 009e 02       		.uleb128 0x2
 570 009f 17       		.uleb128 0x17
 571 00a0 00       		.byte	0
ARM GAS  C:\Users\NGUYEN~1\AppData\Local\Temp\ccBj8rqN.s 			page 12


 572 00a1 00       		.byte	0
 573 00a2 0C       		.uleb128 0xc
 574 00a3 898201   		.uleb128 0x4109
 575 00a6 01       		.byte	0x1
 576 00a7 11       		.uleb128 0x11
 577 00a8 01       		.uleb128 0x1
 578 00a9 31       		.uleb128 0x31
 579 00aa 13       		.uleb128 0x13
 580 00ab 01       		.uleb128 0x1
 581 00ac 13       		.uleb128 0x13
 582 00ad 00       		.byte	0
 583 00ae 00       		.byte	0
 584 00af 0D       		.uleb128 0xd
 585 00b0 2E       		.uleb128 0x2e
 586 00b1 00       		.byte	0
 587 00b2 3F       		.uleb128 0x3f
 588 00b3 19       		.uleb128 0x19
 589 00b4 3C       		.uleb128 0x3c
 590 00b5 19       		.uleb128 0x19
 591 00b6 6E       		.uleb128 0x6e
 592 00b7 0E       		.uleb128 0xe
 593 00b8 03       		.uleb128 0x3
 594 00b9 0E       		.uleb128 0xe
 595 00ba 3A       		.uleb128 0x3a
 596 00bb 0B       		.uleb128 0xb
 597 00bc 3B       		.uleb128 0x3b
 598 00bd 05       		.uleb128 0x5
 599 00be 00       		.byte	0
 600 00bf 00       		.byte	0
 601 00c0 0E       		.uleb128 0xe
 602 00c1 2E       		.uleb128 0x2e
 603 00c2 00       		.byte	0
 604 00c3 3F       		.uleb128 0x3f
 605 00c4 19       		.uleb128 0x19
 606 00c5 3C       		.uleb128 0x3c
 607 00c6 19       		.uleb128 0x19
 608 00c7 6E       		.uleb128 0x6e
 609 00c8 0E       		.uleb128 0xe
 610 00c9 03       		.uleb128 0x3
 611 00ca 0E       		.uleb128 0xe
 612 00cb 3A       		.uleb128 0x3a
 613 00cc 0B       		.uleb128 0xb
 614 00cd 3B       		.uleb128 0x3b
 615 00ce 0B       		.uleb128 0xb
 616 00cf 00       		.byte	0
 617 00d0 00       		.byte	0
 618 00d1 00       		.byte	0
 619              		.section	.debug_loc,"",%progbits
 620              	.Ldebug_loc0:
 621              	.LLST0:
 622 0000 00000000 		.4byte	.LVL1
 623 0004 1D000000 		.4byte	.LVL2-1
 624 0008 0100     		.2byte	0x1
 625 000a 50       		.byte	0x50
 626 000b 1D000000 		.4byte	.LVL2-1
 627 000f 2C000000 		.4byte	.LVL4
 628 0013 0600     		.2byte	0x6
ARM GAS  C:\Users\NGUYEN~1\AppData\Local\Temp\ccBj8rqN.s 			page 13


 629 0015 F3       		.byte	0xf3
 630 0016 03       		.uleb128 0x3
 631 0017 F5       		.byte	0xf5
 632 0018 00       		.uleb128 0
 633 0019 25       		.uleb128 0x25
 634 001a 9F       		.byte	0x9f
 635 001b 2C000000 		.4byte	.LVL4
 636 001f 2F000000 		.4byte	.LVL5-1
 637 0023 0100     		.2byte	0x1
 638 0025 50       		.byte	0x50
 639 0026 2F000000 		.4byte	.LVL5-1
 640 002a 3E000000 		.4byte	.LVL7
 641 002e 0600     		.2byte	0x6
 642 0030 F3       		.byte	0xf3
 643 0031 03       		.uleb128 0x3
 644 0032 F5       		.byte	0xf5
 645 0033 00       		.uleb128 0
 646 0034 25       		.uleb128 0x25
 647 0035 9F       		.byte	0x9f
 648 0036 3E000000 		.4byte	.LVL7
 649 003a 41000000 		.4byte	.LVL8-1
 650 003e 0100     		.2byte	0x1
 651 0040 50       		.byte	0x50
 652 0041 41000000 		.4byte	.LVL8-1
 653 0045 50000000 		.4byte	.LVL10
 654 0049 0600     		.2byte	0x6
 655 004b F3       		.byte	0xf3
 656 004c 03       		.uleb128 0x3
 657 004d F5       		.byte	0xf5
 658 004e 00       		.uleb128 0
 659 004f 25       		.uleb128 0x25
 660 0050 9F       		.byte	0x9f
 661 0051 50000000 		.4byte	.LVL10
 662 0055 53000000 		.4byte	.LVL11-1
 663 0059 0100     		.2byte	0x1
 664 005b 50       		.byte	0x50
 665 005c 53000000 		.4byte	.LVL11-1
 666 0060 7C000000 		.4byte	.LFE34
 667 0064 0600     		.2byte	0x6
 668 0066 F3       		.byte	0xf3
 669 0067 03       		.uleb128 0x3
 670 0068 F5       		.byte	0xf5
 671 0069 00       		.uleb128 0
 672 006a 25       		.uleb128 0x25
 673 006b 9F       		.byte	0x9f
 674 006c 00000000 		.4byte	0
 675 0070 00000000 		.4byte	0
 676              	.LLST1:
 677 0074 00000000 		.4byte	.LVL1
 678 0078 1D000000 		.4byte	.LVL2-1
 679 007c 0100     		.2byte	0x1
 680 007e 51       		.byte	0x51
 681 007f 1D000000 		.4byte	.LVL2-1
 682 0083 2C000000 		.4byte	.LVL4
 683 0087 0400     		.2byte	0x4
 684 0089 F3       		.byte	0xf3
 685 008a 01       		.uleb128 0x1
ARM GAS  C:\Users\NGUYEN~1\AppData\Local\Temp\ccBj8rqN.s 			page 14


 686 008b 51       		.byte	0x51
 687 008c 9F       		.byte	0x9f
 688 008d 2C000000 		.4byte	.LVL4
 689 0091 2F000000 		.4byte	.LVL5-1
 690 0095 0100     		.2byte	0x1
 691 0097 51       		.byte	0x51
 692 0098 2F000000 		.4byte	.LVL5-1
 693 009c 3E000000 		.4byte	.LVL7
 694 00a0 0400     		.2byte	0x4
 695 00a2 F3       		.byte	0xf3
 696 00a3 01       		.uleb128 0x1
 697 00a4 51       		.byte	0x51
 698 00a5 9F       		.byte	0x9f
 699 00a6 3E000000 		.4byte	.LVL7
 700 00aa 41000000 		.4byte	.LVL8-1
 701 00ae 0100     		.2byte	0x1
 702 00b0 51       		.byte	0x51
 703 00b1 41000000 		.4byte	.LVL8-1
 704 00b5 50000000 		.4byte	.LVL10
 705 00b9 0400     		.2byte	0x4
 706 00bb F3       		.byte	0xf3
 707 00bc 01       		.uleb128 0x1
 708 00bd 51       		.byte	0x51
 709 00be 9F       		.byte	0x9f
 710 00bf 50000000 		.4byte	.LVL10
 711 00c3 53000000 		.4byte	.LVL11-1
 712 00c7 0100     		.2byte	0x1
 713 00c9 51       		.byte	0x51
 714 00ca 53000000 		.4byte	.LVL11-1
 715 00ce 7C000000 		.4byte	.LFE34
 716 00d2 0400     		.2byte	0x4
 717 00d4 F3       		.byte	0xf3
 718 00d5 01       		.uleb128 0x1
 719 00d6 51       		.byte	0x51
 720 00d7 9F       		.byte	0x9f
 721 00d8 00000000 		.4byte	0
 722 00dc 00000000 		.4byte	0
 723              		.section	.debug_aranges,"",%progbits
 724 0000 24000000 		.4byte	0x24
 725 0004 0200     		.2byte	0x2
 726 0006 00000000 		.4byte	.Ldebug_info0
 727 000a 04       		.byte	0x4
 728 000b 00       		.byte	0
 729 000c 0000     		.2byte	0
 730 000e 0000     		.2byte	0
 731 0010 00000000 		.4byte	.LFB33
 732 0014 20000000 		.4byte	.LFE33-.LFB33
 733 0018 00000000 		.4byte	.LFB34
 734 001c 7C000000 		.4byte	.LFE34-.LFB34
 735 0020 00000000 		.4byte	0
 736 0024 00000000 		.4byte	0
 737              		.section	.debug_ranges,"",%progbits
 738              	.Ldebug_ranges0:
 739 0000 00000000 		.4byte	.LFB33
 740 0004 20000000 		.4byte	.LFE33
 741 0008 00000000 		.4byte	.LFB34
 742 000c 7C000000 		.4byte	.LFE34
ARM GAS  C:\Users\NGUYEN~1\AppData\Local\Temp\ccBj8rqN.s 			page 15


 743 0010 00000000 		.4byte	0
 744 0014 00000000 		.4byte	0
 745              		.section	.debug_line,"",%progbits
 746              	.Ldebug_line0:
 747 0000 F4000000 		.section	.debug_str,"MS",%progbits,1
 747      0200C300 
 747      00000201 
 747      FB0E0D00 
 747      01010101 
 748              	.LASF22:
 749 0000 443A5C70 		.ascii	"D:\\psoc\\theory\\adc_3_channel\\adc_3_channel.cyds"
 749      736F635C 
 749      7468656F 
 749      72795C61 
 749      64635F33 
 750 002f 6E00     		.ascii	"n\000"
 751              	.LASF15:
 752 0031 6C6F6361 		.ascii	"location\000"
 752      74696F6E 
 752      00
 753              	.LASF9:
 754 003a 756E7369 		.ascii	"unsigned int\000"
 754      676E6564 
 754      20696E74 
 754      00
 755              	.LASF17:
 756 0047 73747269 		.ascii	"string_result\000"
 756      6E675F72 
 756      6573756C 
 756      7400
 757              	.LASF19:
 758 0055 73707269 		.ascii	"sprintf\000"
 758      6E746600 
 759              	.LASF6:
 760 005d 6C6F6E67 		.ascii	"long unsigned int\000"
 760      20756E73 
 760      69676E65 
 760      6420696E 
 760      7400
 761              	.LASF21:
 762 006f 75617274 		.ascii	"uart_transmit.c\000"
 762      5F747261 
 762      6E736D69 
 762      742E6300 
 763              	.LASF23:
 764 007f 74657374 		.ascii	"test_transmit_data\000"
 764      5F747261 
 764      6E736D69 
 764      745F6461 
 764      746100
 765              	.LASF8:
 766 0092 6C6F6E67 		.ascii	"long long unsigned int\000"
 766      206C6F6E 
 766      6720756E 
 766      7369676E 
 766      65642069 
 767              	.LASF2:
ARM GAS  C:\Users\NGUYEN~1\AppData\Local\Temp\ccBj8rqN.s 			page 16


 768 00a9 756E7369 		.ascii	"unsigned char\000"
 768      676E6564 
 768      20636861 
 768      7200
 769              	.LASF12:
 770 00b7 63686172 		.ascii	"char\000"
 770      00
 771              	.LASF24:
 772 00bc 7472616E 		.ascii	"transmit_data_to_computer\000"
 772      736D6974 
 772      5F646174 
 772      615F746F 
 772      5F636F6D 
 773              	.LASF14:
 774 00d6 64617461 		.ascii	"data_need_convert\000"
 774      5F6E6565 
 774      645F636F 
 774      6E766572 
 774      7400
 775              	.LASF16:
 776 00e8 64617461 		.ascii	"data_test\000"
 776      5F746573 
 776      7400
 777              	.LASF13:
 778 00f2 646F7562 		.ascii	"double\000"
 778      6C6500
 779              	.LASF7:
 780 00f9 6C6F6E67 		.ascii	"long long int\000"
 780      206C6F6E 
 780      6720696E 
 780      7400
 781              	.LASF20:
 782 0107 474E5520 		.ascii	"GNU C11 5.4.1 20160609 (release) [ARM/embedded-5-br"
 782      43313120 
 782      352E342E 
 782      31203230 
 782      31363036 
 783 013a 616E6368 		.ascii	"anch revision 237715] -mcpu=cortex-m0 -mthumb -g -O"
 783      20726576 
 783      6973696F 
 783      6E203233 
 783      37373135 
 784 016d 67202D66 		.ascii	"g -ffunction-sections -ffat-lto-objects\000"
 784      66756E63 
 784      74696F6E 
 784      2D736563 
 784      74696F6E 
 785              	.LASF4:
 786 0195 73686F72 		.ascii	"short unsigned int\000"
 786      7420756E 
 786      7369676E 
 786      65642069 
 786      6E7400
 787              	.LASF1:
 788 01a8 7369676E 		.ascii	"signed char\000"
 788      65642063 
 788      68617200 
ARM GAS  C:\Users\NGUYEN~1\AppData\Local\Temp\ccBj8rqN.s 			page 17


 789              	.LASF10:
 790 01b4 6C6F6E67 		.ascii	"long double\000"
 790      20646F75 
 790      626C6500 
 791              	.LASF0:
 792 01c0 666C6F61 		.ascii	"float\000"
 792      7400
 793              	.LASF5:
 794 01c6 6C6F6E67 		.ascii	"long int\000"
 794      20696E74 
 794      00
 795              	.LASF3:
 796 01cf 73686F72 		.ascii	"short int\000"
 796      7420696E 
 796      7400
 797              	.LASF18:
 798 01d9 75617274 		.ascii	"uart_UartPutString\000"
 798      5F556172 
 798      74507574 
 798      53747269 
 798      6E6700
 799              	.LASF11:
 800 01ec 73697A65 		.ascii	"sizetype\000"
 800      74797065 
 800      00
 801              		.ident	"GCC: (GNU Tools for ARM Embedded Processors) 5.4.1 20160609 (release) [ARM/embedded-5-bran
