ARM GAS  C:\Users\NGUYEN~1\AppData\Local\Temp\cctsXWPT.s 			page 1


   1              		.syntax unified
   2              		.cpu cortex-m0
   3              		.fpu softvfp
   4              		.eabi_attribute 20, 1
   5              		.eabi_attribute 21, 1
   6              		.eabi_attribute 23, 3
   7              		.eabi_attribute 24, 1
   8              		.eabi_attribute 25, 1
   9              		.eabi_attribute 26, 1
  10              		.eabi_attribute 30, 1
  11              		.eabi_attribute 34, 0
  12              		.eabi_attribute 18, 4
  13              		.thumb
  14              		.syntax unified
  15              		.file	"cyfitter_cfg.c"
  16              		.text
  17              	.Ltext0:
  18              		.cfi_sections	.debug_frame
  19              		.section	.text.CYMEMZERO,"ax",%progbits
  20              		.align	2
  21              		.code	16
  22              		.thumb_func
  23              		.type	CYMEMZERO, %function
  24              	CYMEMZERO:
  25              	.LFB0:
  26              		.file 1 "Generated_Source\\PSoC4\\cyfitter_cfg.c"
   1:Generated_Source\PSoC4/cyfitter_cfg.c **** 
   2:Generated_Source\PSoC4/cyfitter_cfg.c **** /*******************************************************************************
   3:Generated_Source\PSoC4/cyfitter_cfg.c **** * File Name: cyfitter_cfg.c
   4:Generated_Source\PSoC4/cyfitter_cfg.c **** * 
   5:Generated_Source\PSoC4/cyfitter_cfg.c **** * PSoC Creator  4.4
   6:Generated_Source\PSoC4/cyfitter_cfg.c **** *
   7:Generated_Source\PSoC4/cyfitter_cfg.c **** * Description:
   8:Generated_Source\PSoC4/cyfitter_cfg.c **** * This file contains device initialization code.
   9:Generated_Source\PSoC4/cyfitter_cfg.c **** * Except for the user defined sections in CyClockStartupError(), this file should not be modified.
  10:Generated_Source\PSoC4/cyfitter_cfg.c **** * This file is automatically generated by PSoC Creator.
  11:Generated_Source\PSoC4/cyfitter_cfg.c **** *
  12:Generated_Source\PSoC4/cyfitter_cfg.c **** ********************************************************************************
  13:Generated_Source\PSoC4/cyfitter_cfg.c **** * Copyright (c) 2007-2020 Cypress Semiconductor.  All rights reserved.
  14:Generated_Source\PSoC4/cyfitter_cfg.c **** * You may use this file only in accordance with the license, terms, conditions, 
  15:Generated_Source\PSoC4/cyfitter_cfg.c **** * disclaimers, and limitations in the end user license agreement accompanying 
  16:Generated_Source\PSoC4/cyfitter_cfg.c **** * the software package with which this file was provided.
  17:Generated_Source\PSoC4/cyfitter_cfg.c **** ********************************************************************************/
  18:Generated_Source\PSoC4/cyfitter_cfg.c **** 
  19:Generated_Source\PSoC4/cyfitter_cfg.c **** #include <string.h>
  20:Generated_Source\PSoC4/cyfitter_cfg.c **** #include "cytypes.h"
  21:Generated_Source\PSoC4/cyfitter_cfg.c **** #include "cydevice_trm.h"
  22:Generated_Source\PSoC4/cyfitter_cfg.c **** #include "cyfitter.h"
  23:Generated_Source\PSoC4/cyfitter_cfg.c **** #include "CyLib.h"
  24:Generated_Source\PSoC4/cyfitter_cfg.c **** #include "CyLFClk.h"
  25:Generated_Source\PSoC4/cyfitter_cfg.c **** #include "cyfitter_cfg.h"
  26:Generated_Source\PSoC4/cyfitter_cfg.c **** #include "cyapicallbacks.h"
  27:Generated_Source\PSoC4/cyfitter_cfg.c **** 
  28:Generated_Source\PSoC4/cyfitter_cfg.c **** 
  29:Generated_Source\PSoC4/cyfitter_cfg.c **** #if defined(__GNUC__) || defined(__ARMCC_VERSION)
  30:Generated_Source\PSoC4/cyfitter_cfg.c ****     #define CYPACKED 
  31:Generated_Source\PSoC4/cyfitter_cfg.c ****     #define CYPACKED_ATTR __attribute__ ((packed))
ARM GAS  C:\Users\NGUYEN~1\AppData\Local\Temp\cctsXWPT.s 			page 2


  32:Generated_Source\PSoC4/cyfitter_cfg.c ****     #define CYALIGNED __attribute__ ((aligned))
  33:Generated_Source\PSoC4/cyfitter_cfg.c ****     #define CY_CFG_UNUSED __attribute__ ((unused))
  34:Generated_Source\PSoC4/cyfitter_cfg.c ****     #ifndef CY_CFG_SECTION
  35:Generated_Source\PSoC4/cyfitter_cfg.c ****         #define CY_CFG_SECTION __attribute__ ((section(".psocinit")))
  36:Generated_Source\PSoC4/cyfitter_cfg.c ****     #endif
  37:Generated_Source\PSoC4/cyfitter_cfg.c ****     
  38:Generated_Source\PSoC4/cyfitter_cfg.c ****     #if defined(__ARMCC_VERSION)
  39:Generated_Source\PSoC4/cyfitter_cfg.c ****         #define CY_CFG_MEMORY_BARRIER() __memory_changed()
  40:Generated_Source\PSoC4/cyfitter_cfg.c ****     #else
  41:Generated_Source\PSoC4/cyfitter_cfg.c ****         #define CY_CFG_MEMORY_BARRIER() __sync_synchronize()
  42:Generated_Source\PSoC4/cyfitter_cfg.c ****     #endif
  43:Generated_Source\PSoC4/cyfitter_cfg.c ****     
  44:Generated_Source\PSoC4/cyfitter_cfg.c **** #elif defined(__ICCARM__)
  45:Generated_Source\PSoC4/cyfitter_cfg.c ****     #include <intrinsics.h>
  46:Generated_Source\PSoC4/cyfitter_cfg.c **** 
  47:Generated_Source\PSoC4/cyfitter_cfg.c ****     #define CYPACKED __packed
  48:Generated_Source\PSoC4/cyfitter_cfg.c ****     #define CYPACKED_ATTR 
  49:Generated_Source\PSoC4/cyfitter_cfg.c ****     #define CYALIGNED _Pragma("data_alignment=4")
  50:Generated_Source\PSoC4/cyfitter_cfg.c ****     #define CY_CFG_UNUSED _Pragma("diag_suppress=Pe177")
  51:Generated_Source\PSoC4/cyfitter_cfg.c ****     #define CY_CFG_SECTION _Pragma("location=\".psocinit\"")
  52:Generated_Source\PSoC4/cyfitter_cfg.c ****     
  53:Generated_Source\PSoC4/cyfitter_cfg.c ****     #define CY_CFG_MEMORY_BARRIER() __DMB()
  54:Generated_Source\PSoC4/cyfitter_cfg.c ****     
  55:Generated_Source\PSoC4/cyfitter_cfg.c **** #else
  56:Generated_Source\PSoC4/cyfitter_cfg.c ****     #error Unsupported toolchain
  57:Generated_Source\PSoC4/cyfitter_cfg.c **** #endif
  58:Generated_Source\PSoC4/cyfitter_cfg.c **** 
  59:Generated_Source\PSoC4/cyfitter_cfg.c **** #ifndef CYCODE
  60:Generated_Source\PSoC4/cyfitter_cfg.c ****     #define CYCODE
  61:Generated_Source\PSoC4/cyfitter_cfg.c **** #endif
  62:Generated_Source\PSoC4/cyfitter_cfg.c **** #ifndef CYDATA
  63:Generated_Source\PSoC4/cyfitter_cfg.c ****     #define CYDATA
  64:Generated_Source\PSoC4/cyfitter_cfg.c **** #endif
  65:Generated_Source\PSoC4/cyfitter_cfg.c **** #ifndef CYFAR
  66:Generated_Source\PSoC4/cyfitter_cfg.c ****     #define CYFAR
  67:Generated_Source\PSoC4/cyfitter_cfg.c **** #endif
  68:Generated_Source\PSoC4/cyfitter_cfg.c **** #ifndef CYXDATA
  69:Generated_Source\PSoC4/cyfitter_cfg.c ****     #define CYXDATA
  70:Generated_Source\PSoC4/cyfitter_cfg.c **** #endif
  71:Generated_Source\PSoC4/cyfitter_cfg.c **** 
  72:Generated_Source\PSoC4/cyfitter_cfg.c **** 
  73:Generated_Source\PSoC4/cyfitter_cfg.c **** CY_CFG_UNUSED
  74:Generated_Source\PSoC4/cyfitter_cfg.c **** static void CYMEMZERO(void *s, size_t n);
  75:Generated_Source\PSoC4/cyfitter_cfg.c **** CY_CFG_UNUSED
  76:Generated_Source\PSoC4/cyfitter_cfg.c **** static void CYMEMZERO(void *s, size_t n)
  77:Generated_Source\PSoC4/cyfitter_cfg.c **** {
  27              		.loc 1 77 0
  28              		.cfi_startproc
  29              		@ args = 0, pretend = 0, frame = 0
  30              		@ frame_needed = 0, uses_anonymous_args = 0
  31              	.LVL0:
  32 0000 10B5     		push	{r4, lr}
  33              		.cfi_def_cfa_offset 8
  34              		.cfi_offset 4, -8
  35              		.cfi_offset 14, -4
  36 0002 0A00     		movs	r2, r1
  78:Generated_Source\PSoC4/cyfitter_cfg.c **** 	(void)memset(s, 0, n);
ARM GAS  C:\Users\NGUYEN~1\AppData\Local\Temp\cctsXWPT.s 			page 3


  37              		.loc 1 78 0
  38 0004 0021     		movs	r1, #0
  39              	.LVL1:
  40 0006 FFF7FEFF 		bl	memset
  41              	.LVL2:
  79:Generated_Source\PSoC4/cyfitter_cfg.c **** }
  42              		.loc 1 79 0
  43              		@ sp needed
  44 000a 10BD     		pop	{r4, pc}
  45              		.cfi_endproc
  46              	.LFE0:
  47              		.size	CYMEMZERO, .-CYMEMZERO
  48              		.section	.psocinit,"ax",%progbits
  49              		.align	2
  50              		.code	16
  51              		.thumb_func
  52              		.type	ClockSetup, %function
  53              	ClockSetup:
  54              	.LFB3:
  80:Generated_Source\PSoC4/cyfitter_cfg.c **** CY_CFG_UNUSED
  81:Generated_Source\PSoC4/cyfitter_cfg.c **** static void CYCONFIGCPY(void *dest, const void *src, size_t n);
  82:Generated_Source\PSoC4/cyfitter_cfg.c **** CY_CFG_UNUSED
  83:Generated_Source\PSoC4/cyfitter_cfg.c **** static void CYCONFIGCPY(void *dest, const void *src, size_t n)
  84:Generated_Source\PSoC4/cyfitter_cfg.c **** {
  85:Generated_Source\PSoC4/cyfitter_cfg.c **** 	(void)memcpy(dest, src, n);
  86:Generated_Source\PSoC4/cyfitter_cfg.c **** }
  87:Generated_Source\PSoC4/cyfitter_cfg.c **** CY_CFG_UNUSED
  88:Generated_Source\PSoC4/cyfitter_cfg.c **** static void CYCONFIGCPYCODE(void *dest, const void *src, size_t n);
  89:Generated_Source\PSoC4/cyfitter_cfg.c **** CY_CFG_UNUSED
  90:Generated_Source\PSoC4/cyfitter_cfg.c **** static void CYCONFIGCPYCODE(void *dest, const void *src, size_t n)
  91:Generated_Source\PSoC4/cyfitter_cfg.c **** {
  92:Generated_Source\PSoC4/cyfitter_cfg.c **** 	(void)memcpy(dest, src, n);
  93:Generated_Source\PSoC4/cyfitter_cfg.c **** }
  94:Generated_Source\PSoC4/cyfitter_cfg.c **** 
  95:Generated_Source\PSoC4/cyfitter_cfg.c **** 
  96:Generated_Source\PSoC4/cyfitter_cfg.c **** 
  97:Generated_Source\PSoC4/cyfitter_cfg.c **** 
  98:Generated_Source\PSoC4/cyfitter_cfg.c **** /* Clock startup error codes                                                   */
  99:Generated_Source\PSoC4/cyfitter_cfg.c **** #define CYCLOCKSTART_NO_ERROR    0u
 100:Generated_Source\PSoC4/cyfitter_cfg.c **** #define CYCLOCKSTART_XTAL_ERROR  1u
 101:Generated_Source\PSoC4/cyfitter_cfg.c **** #define CYCLOCKSTART_32KHZ_ERROR 2u
 102:Generated_Source\PSoC4/cyfitter_cfg.c **** #define CYCLOCKSTART_PLL_ERROR   3u
 103:Generated_Source\PSoC4/cyfitter_cfg.c **** #define CYCLOCKSTART_FLL_ERROR   4u
 104:Generated_Source\PSoC4/cyfitter_cfg.c **** #define CYCLOCKSTART_WCO_ERROR   5u
 105:Generated_Source\PSoC4/cyfitter_cfg.c **** 
 106:Generated_Source\PSoC4/cyfitter_cfg.c **** 
 107:Generated_Source\PSoC4/cyfitter_cfg.c **** #ifdef CY_NEED_CYCLOCKSTARTUPERROR
 108:Generated_Source\PSoC4/cyfitter_cfg.c **** /*******************************************************************************
 109:Generated_Source\PSoC4/cyfitter_cfg.c **** * Function Name: CyClockStartupError
 110:Generated_Source\PSoC4/cyfitter_cfg.c **** ********************************************************************************
 111:Generated_Source\PSoC4/cyfitter_cfg.c **** * Summary:
 112:Generated_Source\PSoC4/cyfitter_cfg.c **** *  If an error is encountered during clock configuration (crystal startup error,
 113:Generated_Source\PSoC4/cyfitter_cfg.c **** *  PLL lock error, etc.), the system will end up here.  Unless reimplemented by
 114:Generated_Source\PSoC4/cyfitter_cfg.c **** *  the customer, this function will stop in an infinite loop.
 115:Generated_Source\PSoC4/cyfitter_cfg.c **** *
 116:Generated_Source\PSoC4/cyfitter_cfg.c **** * Parameters:
 117:Generated_Source\PSoC4/cyfitter_cfg.c **** *   void
ARM GAS  C:\Users\NGUYEN~1\AppData\Local\Temp\cctsXWPT.s 			page 4


 118:Generated_Source\PSoC4/cyfitter_cfg.c **** *
 119:Generated_Source\PSoC4/cyfitter_cfg.c **** * Return:
 120:Generated_Source\PSoC4/cyfitter_cfg.c **** *   void
 121:Generated_Source\PSoC4/cyfitter_cfg.c **** *
 122:Generated_Source\PSoC4/cyfitter_cfg.c **** *******************************************************************************/
 123:Generated_Source\PSoC4/cyfitter_cfg.c **** CY_CFG_UNUSED
 124:Generated_Source\PSoC4/cyfitter_cfg.c **** static void CyClockStartupError(uint8 errorCode);
 125:Generated_Source\PSoC4/cyfitter_cfg.c **** CY_CFG_UNUSED
 126:Generated_Source\PSoC4/cyfitter_cfg.c **** static void CyClockStartupError(uint8 errorCode)
 127:Generated_Source\PSoC4/cyfitter_cfg.c **** {
 128:Generated_Source\PSoC4/cyfitter_cfg.c ****     /* To remove the compiler warning if errorCode not used.                */
 129:Generated_Source\PSoC4/cyfitter_cfg.c ****     errorCode = errorCode;
 130:Generated_Source\PSoC4/cyfitter_cfg.c **** 
 131:Generated_Source\PSoC4/cyfitter_cfg.c ****     /* If we have a clock startup error (bad MHz crystal, PLL lock, etc.),  */
 132:Generated_Source\PSoC4/cyfitter_cfg.c ****     /* we will end up here to allow the customer to implement something to  */
 133:Generated_Source\PSoC4/cyfitter_cfg.c ****     /* deal with the clock condition.                                       */
 134:Generated_Source\PSoC4/cyfitter_cfg.c **** 
 135:Generated_Source\PSoC4/cyfitter_cfg.c **** #ifdef CY_CFG_CLOCK_STARTUP_ERROR_CALLBACK
 136:Generated_Source\PSoC4/cyfitter_cfg.c ****     CY_CFG_Clock_Startup_ErrorCallback();
 137:Generated_Source\PSoC4/cyfitter_cfg.c **** #else
 138:Generated_Source\PSoC4/cyfitter_cfg.c ****     /*  If not using CY_CFG_CLOCK_STARTUP_ERROR_CALLBACK, place your clock startup code here. */
 139:Generated_Source\PSoC4/cyfitter_cfg.c ****     /* `#START CyClockStartupError` */
 140:Generated_Source\PSoC4/cyfitter_cfg.c **** 
 141:Generated_Source\PSoC4/cyfitter_cfg.c **** 
 142:Generated_Source\PSoC4/cyfitter_cfg.c **** 
 143:Generated_Source\PSoC4/cyfitter_cfg.c ****     /* `#END` */
 144:Generated_Source\PSoC4/cyfitter_cfg.c **** 
 145:Generated_Source\PSoC4/cyfitter_cfg.c ****     while(1) {}
 146:Generated_Source\PSoC4/cyfitter_cfg.c **** #endif /* CY_CFG_CLOCK_STARTUP_ERROR_CALLBACK */
 147:Generated_Source\PSoC4/cyfitter_cfg.c **** }
 148:Generated_Source\PSoC4/cyfitter_cfg.c **** #endif
 149:Generated_Source\PSoC4/cyfitter_cfg.c **** 
 150:Generated_Source\PSoC4/cyfitter_cfg.c **** 
 151:Generated_Source\PSoC4/cyfitter_cfg.c **** 
 152:Generated_Source\PSoC4/cyfitter_cfg.c **** /*******************************************************************************
 153:Generated_Source\PSoC4/cyfitter_cfg.c **** * Function Name: ClockSetup
 154:Generated_Source\PSoC4/cyfitter_cfg.c **** ********************************************************************************
 155:Generated_Source\PSoC4/cyfitter_cfg.c **** *
 156:Generated_Source\PSoC4/cyfitter_cfg.c **** * Summary:
 157:Generated_Source\PSoC4/cyfitter_cfg.c **** *   Performs the initialization of all of the clocks in the device based on the
 158:Generated_Source\PSoC4/cyfitter_cfg.c **** *   settings in the Clock tab of the DWR.  This includes enabling the requested
 159:Generated_Source\PSoC4/cyfitter_cfg.c **** *   clocks and setting the necessary dividers to produce the desired frequency. 
 160:Generated_Source\PSoC4/cyfitter_cfg.c **** *
 161:Generated_Source\PSoC4/cyfitter_cfg.c **** * Parameters:
 162:Generated_Source\PSoC4/cyfitter_cfg.c **** *   void
 163:Generated_Source\PSoC4/cyfitter_cfg.c **** *
 164:Generated_Source\PSoC4/cyfitter_cfg.c **** * Return:
 165:Generated_Source\PSoC4/cyfitter_cfg.c **** *   void
 166:Generated_Source\PSoC4/cyfitter_cfg.c **** *
 167:Generated_Source\PSoC4/cyfitter_cfg.c **** *******************************************************************************/
 168:Generated_Source\PSoC4/cyfitter_cfg.c **** static void ClockSetup(void);
 169:Generated_Source\PSoC4/cyfitter_cfg.c **** CY_CFG_SECTION
 170:Generated_Source\PSoC4/cyfitter_cfg.c **** static void ClockSetup(void)
 171:Generated_Source\PSoC4/cyfitter_cfg.c **** {
  55              		.loc 1 171 0
  56              		.cfi_startproc
  57              		@ args = 0, pretend = 0, frame = 0
ARM GAS  C:\Users\NGUYEN~1\AppData\Local\Temp\cctsXWPT.s 			page 5


  58              		@ frame_needed = 0, uses_anonymous_args = 0
  59 0000 70B5     		push	{r4, r5, r6, lr}
  60              		.cfi_def_cfa_offset 16
  61              		.cfi_offset 4, -16
  62              		.cfi_offset 5, -12
  63              		.cfi_offset 6, -8
  64              		.cfi_offset 14, -4
 172:Generated_Source\PSoC4/cyfitter_cfg.c **** 	/* Enable HALF_EN before trimming for the flash accelerator. */
 173:Generated_Source\PSoC4/cyfitter_cfg.c **** 	CY_SET_REG32((void CYXDATA *)(CYREG_CLK_SELECT), (CY_GET_REG32((void *)CYREG_CLK_SELECT) | 0x00040
  65              		.loc 1 173 0
  66 0002 164C     		ldr	r4, .L3
  67 0004 2368     		ldr	r3, [r4]
  68 0006 8022     		movs	r2, #128
  69 0008 D202     		lsls	r2, r2, #11
  70 000a 1343     		orrs	r3, r2
  71 000c 2360     		str	r3, [r4]
 174:Generated_Source\PSoC4/cyfitter_cfg.c **** 
 175:Generated_Source\PSoC4/cyfitter_cfg.c **** 	/* Setup and trim IMO based on desired frequency. */
 176:Generated_Source\PSoC4/cyfitter_cfg.c **** 	CySysClkWriteImoFreq(24u);
  72              		.loc 1 176 0
  73 000e 1820     		movs	r0, #24
  74 0010 FFF7FEFF 		bl	CySysClkWriteImoFreq
  75              	.LVL3:
 177:Generated_Source\PSoC4/cyfitter_cfg.c **** 
 178:Generated_Source\PSoC4/cyfitter_cfg.c **** 	/* Disable HALF_EN since it is not required at this IMO frequency. */
 179:Generated_Source\PSoC4/cyfitter_cfg.c **** 	CY_SET_REG32((void CYXDATA *)(CYREG_CLK_SELECT), (CY_GET_REG32((void *)CYREG_CLK_SELECT) & 0xFFFBF
  76              		.loc 1 179 0
  77 0014 2268     		ldr	r2, [r4]
  78 0016 124B     		ldr	r3, .L3+4
  79 0018 1340     		ands	r3, r2
  80 001a 2360     		str	r3, [r4]
 180:Generated_Source\PSoC4/cyfitter_cfg.c **** 	/* CYDEV_CLK_ILO_CONFIG Starting address: CYDEV_CLK_ILO_CONFIG */
 181:Generated_Source\PSoC4/cyfitter_cfg.c **** 	CY_SET_REG32((void *)(CYREG_CLK_ILO_CONFIG), 0x80000006u);
  81              		.loc 1 181 0
  82 001c 114A     		ldr	r2, .L3+8
  83 001e 124B     		ldr	r3, .L3+12
  84 0020 1A60     		str	r2, [r3]
 182:Generated_Source\PSoC4/cyfitter_cfg.c **** 
 183:Generated_Source\PSoC4/cyfitter_cfg.c **** 
 184:Generated_Source\PSoC4/cyfitter_cfg.c **** 	/* CYDEV_CLK_SELECT00 Starting address: CYDEV_CLK_SELECT00 */
 185:Generated_Source\PSoC4/cyfitter_cfg.c **** 	CY_SET_REG32((void *)(CYREG_CLK_SELECT02), 0x00000010u);
  85              		.loc 1 185 0
  86 0022 1022     		movs	r2, #16
  87 0024 114B     		ldr	r3, .L3+16
  88 0026 1A60     		str	r2, [r3]
 186:Generated_Source\PSoC4/cyfitter_cfg.c **** 	CY_SET_REG32((void *)(CYREG_CLK_SELECT03), 0x00000020u);
  89              		.loc 1 186 0
  90 0028 1032     		adds	r2, r2, #16
  91 002a 114B     		ldr	r3, .L3+20
  92 002c 1A60     		str	r2, [r3]
 187:Generated_Source\PSoC4/cyfitter_cfg.c **** 
 188:Generated_Source\PSoC4/cyfitter_cfg.c **** 	/* CYDEV_CLK_IMO_CONFIG Starting address: CYDEV_CLK_IMO_CONFIG */
 189:Generated_Source\PSoC4/cyfitter_cfg.c **** 	CY_SET_REG32((void *)(CYREG_CLK_IMO_CONFIG), 0x80000000u);
  93              		.loc 1 189 0
  94 002e 8022     		movs	r2, #128
  95 0030 1206     		lsls	r2, r2, #24
  96 0032 104B     		ldr	r3, .L3+24
ARM GAS  C:\Users\NGUYEN~1\AppData\Local\Temp\cctsXWPT.s 			page 6


  97 0034 1A60     		str	r2, [r3]
 190:Generated_Source\PSoC4/cyfitter_cfg.c **** 
 191:Generated_Source\PSoC4/cyfitter_cfg.c **** 	/* CYDEV_CLK_SELECT Starting address: CYDEV_CLK_SELECT */
 192:Generated_Source\PSoC4/cyfitter_cfg.c **** 	CY_SET_REG32((void *)(CYREG_CLK_SELECT), 0x00000000u);
  98              		.loc 1 192 0
  99 0036 0025     		movs	r5, #0
 100 0038 2560     		str	r5, [r4]
 193:Generated_Source\PSoC4/cyfitter_cfg.c **** 
 194:Generated_Source\PSoC4/cyfitter_cfg.c **** 	/* CYDEV_CLK_DIVIDER_A00 Starting address: CYDEV_CLK_DIVIDER_A00 */
 195:Generated_Source\PSoC4/cyfitter_cfg.c **** 	CY_SET_REG32((void *)(CYREG_CLK_DIVIDER_A00), 0x8000000Eu);
 101              		.loc 1 195 0
 102 003a 0F4A     		ldr	r2, .L3+28
 103 003c 0F4B     		ldr	r3, .L3+32
 104 003e 1A60     		str	r2, [r3]
 196:Generated_Source\PSoC4/cyfitter_cfg.c **** 
 197:Generated_Source\PSoC4/cyfitter_cfg.c **** 	/* CYDEV_CLK_DIVIDER_B00 Starting address: CYDEV_CLK_DIVIDER_B00 */
 198:Generated_Source\PSoC4/cyfitter_cfg.c **** 	CY_SET_REG32((void *)(CYREG_CLK_DIVIDER_B00), 0x80000010u);
 105              		.loc 1 198 0
 106 0040 0F4A     		ldr	r2, .L3+36
 107 0042 104B     		ldr	r3, .L3+40
 108 0044 1A60     		str	r2, [r3]
 199:Generated_Source\PSoC4/cyfitter_cfg.c **** 
 200:Generated_Source\PSoC4/cyfitter_cfg.c **** 	(void)CyIntSetVector(9u, &CySysWdtIsr);
 109              		.loc 1 200 0
 110 0046 1049     		ldr	r1, .L3+44
 111 0048 0920     		movs	r0, #9
 112 004a FFF7FEFF 		bl	CyIntSetVector
 113              	.LVL4:
 201:Generated_Source\PSoC4/cyfitter_cfg.c **** 	CyIntEnable(9u);
 114              		.loc 1 201 0
 115 004e 0920     		movs	r0, #9
 116 0050 FFF7FEFF 		bl	CyIntEnable
 117              	.LVL5:
 202:Generated_Source\PSoC4/cyfitter_cfg.c **** 	CY_SET_REG32((void *)(CYREG_WDT_CONFIG), 0x00000000u);
 118              		.loc 1 202 0
 119 0054 0D4B     		ldr	r3, .L3+48
 120 0056 1D60     		str	r5, [r3]
 203:Generated_Source\PSoC4/cyfitter_cfg.c **** }
 121              		.loc 1 203 0
 122              		@ sp needed
 123 0058 70BD     		pop	{r4, r5, r6, pc}
 124              	.L4:
 125 005a C046     		.align	2
 126              	.L3:
 127 005c 00010B40 		.word	1074462976
 128 0060 FFFFFBFF 		.word	-262145
 129 0064 06000080 		.word	-2147483642
 130 0068 04010B40 		.word	1074462980
 131 006c 08020240 		.word	1073873416
 132 0070 0C020240 		.word	1073873420
 133 0074 08010B40 		.word	1074462984
 134 0078 0E000080 		.word	-2147483634
 135 007c 00000240 		.word	1073872896
 136 0080 10000080 		.word	-2147483632
 137 0084 40000240 		.word	1073872960
 138 0088 00000000 		.word	CySysWdtIsr
 139 008c 0C020B40 		.word	1074463244
ARM GAS  C:\Users\NGUYEN~1\AppData\Local\Temp\cctsXWPT.s 			page 7


 140              		.cfi_endproc
 141              	.LFE3:
 142              		.size	ClockSetup, .-ClockSetup
 143              		.align	2
 144              		.global	cyfitter_cfg
 145              		.code	16
 146              		.thumb_func
 147              		.type	cyfitter_cfg, %function
 148              	cyfitter_cfg:
 149              	.LFB5:
 204:Generated_Source\PSoC4/cyfitter_cfg.c **** 
 205:Generated_Source\PSoC4/cyfitter_cfg.c **** 
 206:Generated_Source\PSoC4/cyfitter_cfg.c **** /* Analog API Functions */
 207:Generated_Source\PSoC4/cyfitter_cfg.c **** 
 208:Generated_Source\PSoC4/cyfitter_cfg.c **** 
 209:Generated_Source\PSoC4/cyfitter_cfg.c **** /*******************************************************************************
 210:Generated_Source\PSoC4/cyfitter_cfg.c **** * Function Name: AnalogSetDefault
 211:Generated_Source\PSoC4/cyfitter_cfg.c **** ********************************************************************************
 212:Generated_Source\PSoC4/cyfitter_cfg.c **** *
 213:Generated_Source\PSoC4/cyfitter_cfg.c **** * Summary:
 214:Generated_Source\PSoC4/cyfitter_cfg.c **** *  Sets up the analog portions of the chip to default values based on chip
 215:Generated_Source\PSoC4/cyfitter_cfg.c **** *  configuration options from the project.
 216:Generated_Source\PSoC4/cyfitter_cfg.c **** *
 217:Generated_Source\PSoC4/cyfitter_cfg.c **** * Parameters:
 218:Generated_Source\PSoC4/cyfitter_cfg.c **** *  void
 219:Generated_Source\PSoC4/cyfitter_cfg.c **** *
 220:Generated_Source\PSoC4/cyfitter_cfg.c **** * Return:
 221:Generated_Source\PSoC4/cyfitter_cfg.c **** *  void
 222:Generated_Source\PSoC4/cyfitter_cfg.c **** *
 223:Generated_Source\PSoC4/cyfitter_cfg.c **** *******************************************************************************/
 224:Generated_Source\PSoC4/cyfitter_cfg.c **** static void AnalogSetDefault(void);
 225:Generated_Source\PSoC4/cyfitter_cfg.c **** static void AnalogSetDefault(void)
 226:Generated_Source\PSoC4/cyfitter_cfg.c **** {
 227:Generated_Source\PSoC4/cyfitter_cfg.c **** }
 228:Generated_Source\PSoC4/cyfitter_cfg.c **** 
 229:Generated_Source\PSoC4/cyfitter_cfg.c **** 
 230:Generated_Source\PSoC4/cyfitter_cfg.c **** 
 231:Generated_Source\PSoC4/cyfitter_cfg.c **** 
 232:Generated_Source\PSoC4/cyfitter_cfg.c **** /*******************************************************************************
 233:Generated_Source\PSoC4/cyfitter_cfg.c **** * Function Name: cyfitter_cfg
 234:Generated_Source\PSoC4/cyfitter_cfg.c **** ********************************************************************************
 235:Generated_Source\PSoC4/cyfitter_cfg.c **** * Summary:
 236:Generated_Source\PSoC4/cyfitter_cfg.c **** *  This function is called by the start-up code for the selected device. It
 237:Generated_Source\PSoC4/cyfitter_cfg.c **** *  performs all of the necessary device configuration based on the design
 238:Generated_Source\PSoC4/cyfitter_cfg.c **** *  settings.  This includes settings from the Design Wide Resources (DWR) such
 239:Generated_Source\PSoC4/cyfitter_cfg.c **** *  as Clocks and Pins as well as any component configuration that is necessary.
 240:Generated_Source\PSoC4/cyfitter_cfg.c **** *
 241:Generated_Source\PSoC4/cyfitter_cfg.c **** * Parameters:
 242:Generated_Source\PSoC4/cyfitter_cfg.c **** *   void
 243:Generated_Source\PSoC4/cyfitter_cfg.c **** *
 244:Generated_Source\PSoC4/cyfitter_cfg.c **** * Return:
 245:Generated_Source\PSoC4/cyfitter_cfg.c **** *   void
 246:Generated_Source\PSoC4/cyfitter_cfg.c **** *
 247:Generated_Source\PSoC4/cyfitter_cfg.c **** *******************************************************************************/
 248:Generated_Source\PSoC4/cyfitter_cfg.c **** CY_CFG_SECTION
 249:Generated_Source\PSoC4/cyfitter_cfg.c **** void cyfitter_cfg(void)
 250:Generated_Source\PSoC4/cyfitter_cfg.c **** {
ARM GAS  C:\Users\NGUYEN~1\AppData\Local\Temp\cctsXWPT.s 			page 8


 150              		.loc 1 250 0
 151              		.cfi_startproc
 152              		@ args = 0, pretend = 0, frame = 0
 153              		@ frame_needed = 0, uses_anonymous_args = 0
 154 0090 10B5     		push	{r4, lr}
 155              		.cfi_def_cfa_offset 8
 156              		.cfi_offset 4, -8
 157              		.cfi_offset 14, -4
 251:Generated_Source\PSoC4/cyfitter_cfg.c **** 	/* Disable interrupts by default. Let user enable if/when they want. */
 252:Generated_Source\PSoC4/cyfitter_cfg.c **** 	CyGlobalIntDisable;
 158              		.loc 1 252 0
 159              		.syntax divided
 160              	@ 252 "Generated_Source\PSoC4\cyfitter_cfg.c" 1
 161 0092 72B6     		CPSID   i
 162              	@ 0 "" 2
 163              	.LVL6:
 164              		.thumb
 165              		.syntax unified
 166              	.LBB2:
 253:Generated_Source\PSoC4/cyfitter_cfg.c **** 
 254:Generated_Source\PSoC4/cyfitter_cfg.c **** 	{
 255:Generated_Source\PSoC4/cyfitter_cfg.c **** 
 256:Generated_Source\PSoC4/cyfitter_cfg.c **** 		CYPACKED typedef struct {
 257:Generated_Source\PSoC4/cyfitter_cfg.c **** 			void CYFAR *address;
 258:Generated_Source\PSoC4/cyfitter_cfg.c **** 			uint16 size;
 259:Generated_Source\PSoC4/cyfitter_cfg.c **** 		} CYPACKED_ATTR cfg_memset_t;
 260:Generated_Source\PSoC4/cyfitter_cfg.c **** 
 261:Generated_Source\PSoC4/cyfitter_cfg.c **** 		static const cfg_memset_t CYCODE cfg_memset_list[] = {
 262:Generated_Source\PSoC4/cyfitter_cfg.c **** 			/* address, size */
 263:Generated_Source\PSoC4/cyfitter_cfg.c **** 			{(void CYFAR *)(CYDEV_UDB_P0_U0_BASE), 1024u},
 264:Generated_Source\PSoC4/cyfitter_cfg.c **** 			{(void CYFAR *)(CYDEV_UDB_DSI0_BASE), 1024u},
 265:Generated_Source\PSoC4/cyfitter_cfg.c **** 		};
 266:Generated_Source\PSoC4/cyfitter_cfg.c **** 
 267:Generated_Source\PSoC4/cyfitter_cfg.c **** 		uint8 CYDATA i;
 268:Generated_Source\PSoC4/cyfitter_cfg.c **** 
 269:Generated_Source\PSoC4/cyfitter_cfg.c **** 		/* Zero out critical memory blocks before beginning configuration */
 270:Generated_Source\PSoC4/cyfitter_cfg.c **** 		for (i = 0u; i < (sizeof(cfg_memset_list)/sizeof(cfg_memset_list[0])); i++)
 167              		.loc 1 270 0
 168 0094 0024     		movs	r4, #0
 169 0096 0FE0     		b	.L6
 170              	.LVL7:
 171              	.L7:
 172              	.LBB3:
 271:Generated_Source\PSoC4/cyfitter_cfg.c **** 		{
 272:Generated_Source\PSoC4/cyfitter_cfg.c **** 			const cfg_memset_t CYCODE * CYDATA ms = &cfg_memset_list[i];
 273:Generated_Source\PSoC4/cyfitter_cfg.c **** 			CYMEMZERO(ms->address, (size_t)(uint32)(ms->size));
 173              		.loc 1 273 0 discriminator 3
 174 0098 2048     		ldr	r0, .L8
 175 009a 6200     		lsls	r2, r4, #1
 176 009c 1319     		adds	r3, r2, r4
 177 009e 5900     		lsls	r1, r3, #1
 178 00a0 0B00     		movs	r3, r1
 179 00a2 4118     		adds	r1, r0, r1
 180 00a4 8988     		ldrh	r1, [r1, #4]
 181 00a6 1A5A     		ldrh	r2, [r3, r0]
 182 00a8 C318     		adds	r3, r0, r3
 183 00aa 5888     		ldrh	r0, [r3, #2]
ARM GAS  C:\Users\NGUYEN~1\AppData\Local\Temp\cctsXWPT.s 			page 9


 184 00ac 0004     		lsls	r0, r0, #16
 185 00ae 1043     		orrs	r0, r2
 186 00b0 FFF7FEFF 		bl	CYMEMZERO
 187              	.LVL8:
 188              	.LBE3:
 270:Generated_Source\PSoC4/cyfitter_cfg.c **** 		{
 189              		.loc 1 270 0 discriminator 3
 190 00b4 0134     		adds	r4, r4, #1
 191              	.LVL9:
 192 00b6 E4B2     		uxtb	r4, r4
 193              	.LVL10:
 194              	.L6:
 270:Generated_Source\PSoC4/cyfitter_cfg.c **** 		{
 195              		.loc 1 270 0 is_stmt 0 discriminator 1
 196 00b8 012C     		cmp	r4, #1
 197 00ba EDD9     		bls	.L7
 274:Generated_Source\PSoC4/cyfitter_cfg.c **** 		}
 275:Generated_Source\PSoC4/cyfitter_cfg.c **** 
 276:Generated_Source\PSoC4/cyfitter_cfg.c **** 		/* HSIOM Starting address: CYDEV_HSIOM_BASE */
 277:Generated_Source\PSoC4/cyfitter_cfg.c **** 		CY_SET_REG32((void *)(CYDEV_HSIOM_BASE), 0x00990000u);
 198              		.loc 1 277 0 is_stmt 1
 199 00bc 9923     		movs	r3, #153
 200 00be 1B04     		lsls	r3, r3, #16
 201 00c0 174A     		ldr	r2, .L8+4
 202 00c2 1360     		str	r3, [r2]
 278:Generated_Source\PSoC4/cyfitter_cfg.c **** 		CY_SET_REG32((void *)(CYREG_HSIOM_PORT_SEL3), 0x0000EE00u);
 203              		.loc 1 278 0
 204 00c4 EE21     		movs	r1, #238
 205 00c6 0902     		lsls	r1, r1, #8
 206 00c8 164A     		ldr	r2, .L8+8
 207 00ca 1160     		str	r1, [r2]
 279:Generated_Source\PSoC4/cyfitter_cfg.c **** 		CY_SET_REG32((void *)(CYREG_HSIOM_PORT_SEL4), 0x000000EEu);
 208              		.loc 1 279 0
 209 00cc EE21     		movs	r1, #238
 210 00ce 164A     		ldr	r2, .L8+12
 211 00d0 1160     		str	r1, [r2]
 280:Generated_Source\PSoC4/cyfitter_cfg.c **** 
 281:Generated_Source\PSoC4/cyfitter_cfg.c **** 		/* UDB_PA_0 Starting address: CYDEV_UDB_PA0_BASE */
 282:Generated_Source\PSoC4/cyfitter_cfg.c **** 		CY_SET_REG32((void *)(CYDEV_UDB_PA0_BASE), 0x00990000u);
 212              		.loc 1 282 0
 213 00d2 164A     		ldr	r2, .L8+16
 214 00d4 1360     		str	r3, [r2]
 283:Generated_Source\PSoC4/cyfitter_cfg.c **** 
 284:Generated_Source\PSoC4/cyfitter_cfg.c **** 		/* UDB_PA_1 Starting address: CYDEV_UDB_PA1_BASE */
 285:Generated_Source\PSoC4/cyfitter_cfg.c **** 		CY_SET_REG32((void *)(CYDEV_UDB_PA1_BASE), 0x00990000u);
 215              		.loc 1 285 0
 216 00d6 164A     		ldr	r2, .L8+20
 217 00d8 1360     		str	r3, [r2]
 286:Generated_Source\PSoC4/cyfitter_cfg.c **** 
 287:Generated_Source\PSoC4/cyfitter_cfg.c **** 		/* UDB_PA_3 Starting address: CYDEV_UDB_PA3_BASE */
 288:Generated_Source\PSoC4/cyfitter_cfg.c **** 		CY_SET_REG32((void *)(CYDEV_UDB_PA3_BASE), 0x00990000u);
 218              		.loc 1 288 0
 219 00da 164A     		ldr	r2, .L8+24
 220 00dc 1360     		str	r3, [r2]
 289:Generated_Source\PSoC4/cyfitter_cfg.c **** 
 290:Generated_Source\PSoC4/cyfitter_cfg.c **** 		/* Enable digital routing */
 291:Generated_Source\PSoC4/cyfitter_cfg.c **** 		CY_SET_XTND_REG8((void *)CYREG_UDB_UDBIF_BANK_CTL, (uint8)(CY_GET_XTND_REG8((void *)CYREG_UDB_UDB
ARM GAS  C:\Users\NGUYEN~1\AppData\Local\Temp\cctsXWPT.s 			page 10


 221              		.loc 1 291 0
 222 00de 164A     		ldr	r2, .L8+28
 223 00e0 1178     		ldrb	r1, [r2]
 224 00e2 0623     		movs	r3, #6
 225 00e4 0B43     		orrs	r3, r1
 226 00e6 DBB2     		uxtb	r3, r3
 227 00e8 1370     		strb	r3, [r2]
 228              	.LBE2:
 292:Generated_Source\PSoC4/cyfitter_cfg.c **** 	}
 293:Generated_Source\PSoC4/cyfitter_cfg.c **** 
 294:Generated_Source\PSoC4/cyfitter_cfg.c **** 	/* Perform second pass device configuration. These items must be configured in specific order afte
 295:Generated_Source\PSoC4/cyfitter_cfg.c **** 	/* IOPINS0_0 Starting address: CYDEV_PRT0_BASE */
 296:Generated_Source\PSoC4/cyfitter_cfg.c **** 	CY_SET_REG32((void *)(CYDEV_PRT0_BASE), 0x00000020u);
 229              		.loc 1 296 0
 230 00ea 2023     		movs	r3, #32
 231 00ec 134A     		ldr	r2, .L8+32
 232 00ee 1360     		str	r3, [r2]
 297:Generated_Source\PSoC4/cyfitter_cfg.c **** 	CY_SET_REG32((void *)(CYREG_PRT0_PC), 0x00031000u);
 233              		.loc 1 297 0
 234 00f0 C421     		movs	r1, #196
 235 00f2 8902     		lsls	r1, r1, #10
 236 00f4 124A     		ldr	r2, .L8+36
 237 00f6 1160     		str	r1, [r2]
 298:Generated_Source\PSoC4/cyfitter_cfg.c **** 	CY_SET_REG32((void *)(CYREG_PRT0_PC2), 0x00000020u);
 238              		.loc 1 298 0
 239 00f8 124A     		ldr	r2, .L8+40
 240 00fa 1360     		str	r3, [r2]
 299:Generated_Source\PSoC4/cyfitter_cfg.c **** 
 300:Generated_Source\PSoC4/cyfitter_cfg.c **** 	/* IOPINS0_1 Starting address: CYDEV_PRT1_BASE */
 301:Generated_Source\PSoC4/cyfitter_cfg.c **** 	CY_SET_REG32((void *)(CYREG_PRT1_PC), 0x00000006u);
 241              		.loc 1 301 0
 242 00fc 124B     		ldr	r3, .L8+44
 243 00fe 0622     		movs	r2, #6
 244 0100 1A60     		str	r2, [r3]
 302:Generated_Source\PSoC4/cyfitter_cfg.c **** 
 303:Generated_Source\PSoC4/cyfitter_cfg.c **** 	/* IOPINS0_3 Starting address: CYDEV_PRT3_BASE */
 304:Generated_Source\PSoC4/cyfitter_cfg.c **** 	CY_SET_REG32((void *)(CYREG_PRT3_PC), 0x00000D80u);
 245              		.loc 1 304 0
 246 0102 D822     		movs	r2, #216
 247 0104 1201     		lsls	r2, r2, #4
 248 0106 114B     		ldr	r3, .L8+48
 249 0108 1A60     		str	r2, [r3]
 305:Generated_Source\PSoC4/cyfitter_cfg.c **** 
 306:Generated_Source\PSoC4/cyfitter_cfg.c **** 	/* IOPINS0_4 Starting address: CYDEV_PRT4_BASE */
 307:Generated_Source\PSoC4/cyfitter_cfg.c **** 	CY_SET_REG32((void *)(CYDEV_PRT4_BASE), 0x00000003u);
 250              		.loc 1 307 0
 251 010a 0322     		movs	r2, #3
 252 010c 104B     		ldr	r3, .L8+52
 253 010e 1A60     		str	r2, [r3]
 308:Generated_Source\PSoC4/cyfitter_cfg.c **** 	CY_SET_REG32((void *)(CYREG_PRT4_PC), 0x00000024u);
 254              		.loc 1 308 0
 255 0110 2132     		adds	r2, r2, #33
 256 0112 104B     		ldr	r3, .L8+56
 257 0114 1A60     		str	r2, [r3]
 309:Generated_Source\PSoC4/cyfitter_cfg.c **** 
 310:Generated_Source\PSoC4/cyfitter_cfg.c **** 
 311:Generated_Source\PSoC4/cyfitter_cfg.c **** 	/* Setup clocks based on selections from Clock DWR */
ARM GAS  C:\Users\NGUYEN~1\AppData\Local\Temp\cctsXWPT.s 			page 11


 312:Generated_Source\PSoC4/cyfitter_cfg.c **** 	ClockSetup();
 258              		.loc 1 312 0
 259 0116 FFF773FF 		bl	ClockSetup
 260              	.LVL11:
 313:Generated_Source\PSoC4/cyfitter_cfg.c **** 
 314:Generated_Source\PSoC4/cyfitter_cfg.c **** 	/* Perform basic analog initialization to defaults */
 315:Generated_Source\PSoC4/cyfitter_cfg.c **** 	AnalogSetDefault();
 316:Generated_Source\PSoC4/cyfitter_cfg.c **** 
 317:Generated_Source\PSoC4/cyfitter_cfg.c **** }
 261              		.loc 1 317 0
 262              		@ sp needed
 263              	.LVL12:
 264 011a 10BD     		pop	{r4, pc}
 265              	.L9:
 266              		.align	2
 267              	.L8:
 268 011c 00000000 		.word	.LANCHOR0
 269 0120 00000140 		.word	1073807360
 270 0124 0C000140 		.word	1073807372
 271 0128 10000140 		.word	1073807376
 272 012c 00500F40 		.word	1074745344
 273 0130 10500F40 		.word	1074745360
 274 0134 30500F40 		.word	1074745392
 275 0138 00700F40 		.word	1074753536
 276 013c 00000440 		.word	1074003968
 277 0140 08000440 		.word	1074003976
 278 0144 18000440 		.word	1074003992
 279 0148 08010440 		.word	1074004232
 280 014c 08030440 		.word	1074004744
 281 0150 00040440 		.word	1074004992
 282 0154 08040440 		.word	1074005000
 283              		.cfi_endproc
 284              	.LFE5:
 285              		.size	cyfitter_cfg, .-cyfitter_cfg
 286              		.section	.rodata
 287              		.align	2
 288              		.set	.LANCHOR0,. + 0
 289              		.type	cfg_memset_list.4847, %object
 290              		.size	cfg_memset_list.4847, 12
 291              	cfg_memset_list.4847:
 292 0000 00300F40 		.word	1074737152
 293 0004 0004     		.short	1024
 294 0006 00400F40 		.4byte	1074741248
 295 000a 0004     		.short	1024
 296              		.text
 297              	.Letext0:
 298              		.file 2 "c:\\program files (x86)\\cypress\\psoc creator\\4.4\\psoc creator\\import\\gnu\\arm\\5.4.
 299              		.file 3 "Generated_Source\\PSoC4\\cytypes.h"
 300              		.file 4 "Generated_Source\\PSoC4\\CyLib.h"
 301              		.section	.debug_info,"",%progbits
 302              	.Ldebug_info0:
 303 0000 79020000 		.4byte	0x279
 304 0004 0400     		.2byte	0x4
 305 0006 00000000 		.4byte	.Ldebug_abbrev0
 306 000a 04       		.byte	0x4
 307 000b 01       		.uleb128 0x1
 308 000c 22010000 		.4byte	.LASF29
ARM GAS  C:\Users\NGUYEN~1\AppData\Local\Temp\cctsXWPT.s 			page 12


 309 0010 0C       		.byte	0xc
 310 0011 19020000 		.4byte	.LASF30
 311 0015 4A000000 		.4byte	.LASF31
 312 0019 00000000 		.4byte	.Ldebug_ranges0+0
 313 001d 00000000 		.4byte	0
 314 0021 00000000 		.4byte	.Ldebug_line0
 315 0025 02       		.uleb128 0x2
 316 0026 04       		.byte	0x4
 317 0027 05       		.byte	0x5
 318 0028 696E7400 		.ascii	"int\000"
 319 002c 03       		.uleb128 0x3
 320 002d 06000000 		.4byte	.LASF12
 321 0031 02       		.byte	0x2
 322 0032 D8       		.byte	0xd8
 323 0033 37000000 		.4byte	0x37
 324 0037 04       		.uleb128 0x4
 325 0038 04       		.byte	0x4
 326 0039 07       		.byte	0x7
 327 003a E9000000 		.4byte	.LASF0
 328 003e 04       		.uleb128 0x4
 329 003f 08       		.byte	0x8
 330 0040 05       		.byte	0x5
 331 0041 C6010000 		.4byte	.LASF1
 332 0045 04       		.uleb128 0x4
 333 0046 08       		.byte	0x8
 334 0047 04       		.byte	0x4
 335 0048 01020000 		.4byte	.LASF2
 336 004c 04       		.uleb128 0x4
 337 004d 01       		.byte	0x1
 338 004e 06       		.byte	0x6
 339 004f 0D020000 		.4byte	.LASF3
 340 0053 04       		.uleb128 0x4
 341 0054 01       		.byte	0x1
 342 0055 08       		.byte	0x8
 343 0056 B3000000 		.4byte	.LASF4
 344 005a 04       		.uleb128 0x4
 345 005b 02       		.byte	0x2
 346 005c 05       		.byte	0x5
 347 005d D9010000 		.4byte	.LASF5
 348 0061 04       		.uleb128 0x4
 349 0062 02       		.byte	0x2
 350 0063 07       		.byte	0x7
 351 0064 37000000 		.4byte	.LASF6
 352 0068 04       		.uleb128 0x4
 353 0069 04       		.byte	0x4
 354 006a 05       		.byte	0x5
 355 006b F8010000 		.4byte	.LASF7
 356 006f 04       		.uleb128 0x4
 357 0070 04       		.byte	0x4
 358 0071 07       		.byte	0x7
 359 0072 91000000 		.4byte	.LASF8
 360 0076 04       		.uleb128 0x4
 361 0077 08       		.byte	0x8
 362 0078 07       		.byte	0x7
 363 0079 0B010000 		.4byte	.LASF9
 364 007d 04       		.uleb128 0x4
 365 007e 04       		.byte	0x4
ARM GAS  C:\Users\NGUYEN~1\AppData\Local\Temp\cctsXWPT.s 			page 13


 366 007f 07       		.byte	0x7
 367 0080 BD010000 		.4byte	.LASF10
 368 0084 05       		.uleb128 0x5
 369 0085 04       		.byte	0x4
 370 0086 04       		.uleb128 0x4
 371 0087 01       		.byte	0x1
 372 0088 08       		.byte	0x8
 373 0089 D4010000 		.4byte	.LASF11
 374 008d 06       		.uleb128 0x6
 375 008e A3000000 		.4byte	.LASF13
 376 0092 03       		.byte	0x3
 377 0093 FB01     		.2byte	0x1fb
 378 0095 53000000 		.4byte	0x53
 379 0099 06       		.uleb128 0x6
 380 009a DB000000 		.4byte	.LASF14
 381 009e 03       		.byte	0x3
 382 009f FC01     		.2byte	0x1fc
 383 00a1 61000000 		.4byte	0x61
 384 00a5 06       		.uleb128 0x6
 385 00a6 E2000000 		.4byte	.LASF15
 386 00aa 03       		.byte	0x3
 387 00ab FD01     		.2byte	0x1fd
 388 00ad 6F000000 		.4byte	0x6f
 389 00b1 04       		.uleb128 0x4
 390 00b2 04       		.byte	0x4
 391 00b3 04       		.byte	0x4
 392 00b4 81000000 		.4byte	.LASF16
 393 00b8 04       		.uleb128 0x4
 394 00b9 08       		.byte	0x8
 395 00ba 04       		.byte	0x4
 396 00bb C8000000 		.4byte	.LASF17
 397 00bf 06       		.uleb128 0x6
 398 00c0 8C000000 		.4byte	.LASF18
 399 00c4 03       		.byte	0x3
 400 00c5 A502     		.2byte	0x2a5
 401 00c7 CB000000 		.4byte	0xcb
 402 00cb 07       		.uleb128 0x7
 403 00cc 8D000000 		.4byte	0x8d
 404 00d0 06       		.uleb128 0x6
 405 00d1 00000000 		.4byte	.LASF19
 406 00d5 03       		.byte	0x3
 407 00d6 A702     		.2byte	0x2a7
 408 00d8 DC000000 		.4byte	0xdc
 409 00dc 07       		.uleb128 0x7
 410 00dd A5000000 		.4byte	0xa5
 411 00e1 08       		.uleb128 0x8
 412 00e2 A9000000 		.4byte	.LASF20
 413 00e6 01       		.byte	0x1
 414 00e7 4C       		.byte	0x4c
 415 00e8 00000000 		.4byte	.LFB0
 416 00ec 0C000000 		.4byte	.LFE0-.LFB0
 417 00f0 01       		.uleb128 0x1
 418 00f1 9C       		.byte	0x9c
 419 00f2 2E010000 		.4byte	0x12e
 420 00f6 09       		.uleb128 0x9
 421 00f7 7300     		.ascii	"s\000"
 422 00f9 01       		.byte	0x1
ARM GAS  C:\Users\NGUYEN~1\AppData\Local\Temp\cctsXWPT.s 			page 14


 423 00fa 4C       		.byte	0x4c
 424 00fb 84000000 		.4byte	0x84
 425 00ff 00000000 		.4byte	.LLST0
 426 0103 09       		.uleb128 0x9
 427 0104 6E00     		.ascii	"n\000"
 428 0106 01       		.byte	0x1
 429 0107 4C       		.byte	0x4c
 430 0108 2C000000 		.4byte	0x2c
 431 010c 21000000 		.4byte	.LLST1
 432 0110 0A       		.uleb128 0xa
 433 0111 0A000000 		.4byte	.LVL2
 434 0115 52020000 		.4byte	0x252
 435 0119 0B       		.uleb128 0xb
 436 011a 01       		.uleb128 0x1
 437 011b 50       		.byte	0x50
 438 011c 03       		.uleb128 0x3
 439 011d F3       		.byte	0xf3
 440 011e 01       		.uleb128 0x1
 441 011f 50       		.byte	0x50
 442 0120 0B       		.uleb128 0xb
 443 0121 01       		.uleb128 0x1
 444 0122 51       		.byte	0x51
 445 0123 01       		.uleb128 0x1
 446 0124 30       		.byte	0x30
 447 0125 0B       		.uleb128 0xb
 448 0126 01       		.uleb128 0x1
 449 0127 52       		.byte	0x52
 450 0128 03       		.uleb128 0x3
 451 0129 F3       		.byte	0xf3
 452 012a 01       		.uleb128 0x1
 453 012b 51       		.byte	0x51
 454 012c 00       		.byte	0
 455 012d 00       		.byte	0
 456 012e 08       		.uleb128 0x8
 457 012f 2C000000 		.4byte	.LASF21
 458 0133 01       		.byte	0x1
 459 0134 AA       		.byte	0xaa
 460 0135 00000000 		.4byte	.LFB3
 461 0139 90000000 		.4byte	.LFE3-.LFB3
 462 013d 01       		.uleb128 0x1
 463 013e 9C       		.byte	0x9c
 464 013f 79010000 		.4byte	0x179
 465 0143 0C       		.uleb128 0xc
 466 0144 14000000 		.4byte	.LVL3
 467 0148 5B020000 		.4byte	0x25b
 468 014c 56010000 		.4byte	0x156
 469 0150 0B       		.uleb128 0xb
 470 0151 01       		.uleb128 0x1
 471 0152 50       		.byte	0x50
 472 0153 01       		.uleb128 0x1
 473 0154 48       		.byte	0x48
 474 0155 00       		.byte	0
 475 0156 0C       		.uleb128 0xc
 476 0157 4E000000 		.4byte	.LVL4
 477 015b 66020000 		.4byte	0x266
 478 015f 69010000 		.4byte	0x169
 479 0163 0B       		.uleb128 0xb
ARM GAS  C:\Users\NGUYEN~1\AppData\Local\Temp\cctsXWPT.s 			page 15


 480 0164 01       		.uleb128 0x1
 481 0165 50       		.byte	0x50
 482 0166 01       		.uleb128 0x1
 483 0167 39       		.byte	0x39
 484 0168 00       		.byte	0
 485 0169 0A       		.uleb128 0xa
 486 016a 54000000 		.4byte	.LVL5
 487 016e 71020000 		.4byte	0x271
 488 0172 0B       		.uleb128 0xb
 489 0173 01       		.uleb128 0x1
 490 0174 50       		.byte	0x50
 491 0175 01       		.uleb128 0x1
 492 0176 39       		.byte	0x39
 493 0177 00       		.byte	0
 494 0178 00       		.byte	0
 495 0179 0D       		.uleb128 0xd
 496 017a F6000000 		.4byte	.LASF32
 497 017e 01       		.byte	0x1
 498 017f F9       		.byte	0xf9
 499 0180 90000000 		.4byte	.LFB5
 500 0184 C8000000 		.4byte	.LFE5-.LFB5
 501 0188 01       		.uleb128 0x1
 502 0189 9C       		.byte	0x9c
 503 018a 52020000 		.4byte	0x252
 504 018e 0E       		.uleb128 0xe
 505 018f 94000000 		.4byte	.LBB2
 506 0193 56000000 		.4byte	.LBE2-.LBB2
 507 0197 48020000 		.4byte	0x248
 508 019b 0F       		.uleb128 0xf
 509 019c 06       		.byte	0x6
 510 019d 01       		.byte	0x1
 511 019e 0001     		.2byte	0x100
 512 01a0 BF010000 		.4byte	0x1bf
 513 01a4 10       		.uleb128 0x10
 514 01a5 03010000 		.4byte	.LASF22
 515 01a9 01       		.byte	0x1
 516 01aa 0101     		.2byte	0x101
 517 01ac 84000000 		.4byte	0x84
 518 01b0 00       		.byte	0
 519 01b1 10       		.uleb128 0x10
 520 01b2 87000000 		.4byte	.LASF23
 521 01b6 01       		.byte	0x1
 522 01b7 0201     		.2byte	0x102
 523 01b9 99000000 		.4byte	0x99
 524 01bd 04       		.byte	0x4
 525 01be 00       		.byte	0
 526 01bf 06       		.uleb128 0x6
 527 01c0 B0010000 		.4byte	.LASF24
 528 01c4 01       		.byte	0x1
 529 01c5 0301     		.2byte	0x103
 530 01c7 9B010000 		.4byte	0x19b
 531 01cb 11       		.uleb128 0x11
 532 01cc DB010000 		.4byte	0x1db
 533 01d0 DB010000 		.4byte	0x1db
 534 01d4 12       		.uleb128 0x12
 535 01d5 7D000000 		.4byte	0x7d
 536 01d9 01       		.byte	0x1
ARM GAS  C:\Users\NGUYEN~1\AppData\Local\Temp\cctsXWPT.s 			page 16


 537 01da 00       		.byte	0
 538 01db 13       		.uleb128 0x13
 539 01dc BF010000 		.4byte	0x1bf
 540 01e0 14       		.uleb128 0x14
 541 01e1 1C000000 		.4byte	.LASF25
 542 01e5 01       		.byte	0x1
 543 01e6 0501     		.2byte	0x105
 544 01e8 F2010000 		.4byte	0x1f2
 545 01ec 05       		.uleb128 0x5
 546 01ed 03       		.byte	0x3
 547 01ee 00000000 		.4byte	cfg_memset_list.4847
 548 01f2 13       		.uleb128 0x13
 549 01f3 CB010000 		.4byte	0x1cb
 550 01f7 15       		.uleb128 0x15
 551 01f8 6900     		.ascii	"i\000"
 552 01fa 01       		.byte	0x1
 553 01fb 0B01     		.2byte	0x10b
 554 01fd 8D000000 		.4byte	0x8d
 555 0201 4D000000 		.4byte	.LLST2
 556 0205 16       		.uleb128 0x16
 557 0206 98000000 		.4byte	.LBB3
 558 020a 1C000000 		.4byte	.LBE3-.LBB3
 559 020e 15       		.uleb128 0x15
 560 020f 6D7300   		.ascii	"ms\000"
 561 0212 01       		.byte	0x1
 562 0213 1001     		.2byte	0x110
 563 0215 1D020000 		.4byte	0x21d
 564 0219 77000000 		.4byte	.LLST3
 565 021d 17       		.uleb128 0x17
 566 021e 04       		.byte	0x4
 567 021f DB010000 		.4byte	0x1db
 568 0223 0A       		.uleb128 0xa
 569 0224 B4000000 		.4byte	.LVL8
 570 0228 E1000000 		.4byte	0xe1
 571 022c 0B       		.uleb128 0xb
 572 022d 01       		.uleb128 0x1
 573 022e 51       		.byte	0x51
 574 022f 15       		.uleb128 0x15
 575 0230 74       		.byte	0x74
 576 0231 00       		.sleb128 0
 577 0232 31       		.byte	0x31
 578 0233 24       		.byte	0x24
 579 0234 74       		.byte	0x74
 580 0235 00       		.sleb128 0
 581 0236 22       		.byte	0x22
 582 0237 31       		.byte	0x31
 583 0238 24       		.byte	0x24
 584 0239 03       		.byte	0x3
 585 023a 04000000 		.4byte	.LANCHOR0+4
 586 023e 22       		.byte	0x22
 587 023f 94       		.byte	0x94
 588 0240 02       		.byte	0x2
 589 0241 0A       		.byte	0xa
 590 0242 FFFF     		.2byte	0xffff
 591 0244 1A       		.byte	0x1a
 592 0245 00       		.byte	0
 593 0246 00       		.byte	0
ARM GAS  C:\Users\NGUYEN~1\AppData\Local\Temp\cctsXWPT.s 			page 17


 594 0247 00       		.byte	0
 595 0248 18       		.uleb128 0x18
 596 0249 1A010000 		.4byte	.LVL11
 597 024d 2E010000 		.4byte	0x12e
 598 0251 00       		.byte	0
 599 0252 19       		.uleb128 0x19
 600 0253 C1000000 		.4byte	.LASF33
 601 0257 C1000000 		.4byte	.LASF33
 602 025b 1A       		.uleb128 0x1a
 603 025c E3010000 		.4byte	.LASF26
 604 0260 E3010000 		.4byte	.LASF26
 605 0264 04       		.byte	0x4
 606 0265 6C       		.byte	0x6c
 607 0266 1A       		.uleb128 0x1a
 608 0267 0D000000 		.4byte	.LASF27
 609 026b 0D000000 		.4byte	.LASF27
 610 026f 04       		.byte	0x4
 611 0270 D0       		.byte	0xd0
 612 0271 1A       		.uleb128 0x1a
 613 0272 CF000000 		.4byte	.LASF28
 614 0276 CF000000 		.4byte	.LASF28
 615 027a 04       		.byte	0x4
 616 027b D6       		.byte	0xd6
 617 027c 00       		.byte	0
 618              		.section	.debug_abbrev,"",%progbits
 619              	.Ldebug_abbrev0:
 620 0000 01       		.uleb128 0x1
 621 0001 11       		.uleb128 0x11
 622 0002 01       		.byte	0x1
 623 0003 25       		.uleb128 0x25
 624 0004 0E       		.uleb128 0xe
 625 0005 13       		.uleb128 0x13
 626 0006 0B       		.uleb128 0xb
 627 0007 03       		.uleb128 0x3
 628 0008 0E       		.uleb128 0xe
 629 0009 1B       		.uleb128 0x1b
 630 000a 0E       		.uleb128 0xe
 631 000b 55       		.uleb128 0x55
 632 000c 17       		.uleb128 0x17
 633 000d 11       		.uleb128 0x11
 634 000e 01       		.uleb128 0x1
 635 000f 10       		.uleb128 0x10
 636 0010 17       		.uleb128 0x17
 637 0011 00       		.byte	0
 638 0012 00       		.byte	0
 639 0013 02       		.uleb128 0x2
 640 0014 24       		.uleb128 0x24
 641 0015 00       		.byte	0
 642 0016 0B       		.uleb128 0xb
 643 0017 0B       		.uleb128 0xb
 644 0018 3E       		.uleb128 0x3e
 645 0019 0B       		.uleb128 0xb
 646 001a 03       		.uleb128 0x3
 647 001b 08       		.uleb128 0x8
 648 001c 00       		.byte	0
 649 001d 00       		.byte	0
 650 001e 03       		.uleb128 0x3
ARM GAS  C:\Users\NGUYEN~1\AppData\Local\Temp\cctsXWPT.s 			page 18


 651 001f 16       		.uleb128 0x16
 652 0020 00       		.byte	0
 653 0021 03       		.uleb128 0x3
 654 0022 0E       		.uleb128 0xe
 655 0023 3A       		.uleb128 0x3a
 656 0024 0B       		.uleb128 0xb
 657 0025 3B       		.uleb128 0x3b
 658 0026 0B       		.uleb128 0xb
 659 0027 49       		.uleb128 0x49
 660 0028 13       		.uleb128 0x13
 661 0029 00       		.byte	0
 662 002a 00       		.byte	0
 663 002b 04       		.uleb128 0x4
 664 002c 24       		.uleb128 0x24
 665 002d 00       		.byte	0
 666 002e 0B       		.uleb128 0xb
 667 002f 0B       		.uleb128 0xb
 668 0030 3E       		.uleb128 0x3e
 669 0031 0B       		.uleb128 0xb
 670 0032 03       		.uleb128 0x3
 671 0033 0E       		.uleb128 0xe
 672 0034 00       		.byte	0
 673 0035 00       		.byte	0
 674 0036 05       		.uleb128 0x5
 675 0037 0F       		.uleb128 0xf
 676 0038 00       		.byte	0
 677 0039 0B       		.uleb128 0xb
 678 003a 0B       		.uleb128 0xb
 679 003b 00       		.byte	0
 680 003c 00       		.byte	0
 681 003d 06       		.uleb128 0x6
 682 003e 16       		.uleb128 0x16
 683 003f 00       		.byte	0
 684 0040 03       		.uleb128 0x3
 685 0041 0E       		.uleb128 0xe
 686 0042 3A       		.uleb128 0x3a
 687 0043 0B       		.uleb128 0xb
 688 0044 3B       		.uleb128 0x3b
 689 0045 05       		.uleb128 0x5
 690 0046 49       		.uleb128 0x49
 691 0047 13       		.uleb128 0x13
 692 0048 00       		.byte	0
 693 0049 00       		.byte	0
 694 004a 07       		.uleb128 0x7
 695 004b 35       		.uleb128 0x35
 696 004c 00       		.byte	0
 697 004d 49       		.uleb128 0x49
 698 004e 13       		.uleb128 0x13
 699 004f 00       		.byte	0
 700 0050 00       		.byte	0
 701 0051 08       		.uleb128 0x8
 702 0052 2E       		.uleb128 0x2e
 703 0053 01       		.byte	0x1
 704 0054 03       		.uleb128 0x3
 705 0055 0E       		.uleb128 0xe
 706 0056 3A       		.uleb128 0x3a
 707 0057 0B       		.uleb128 0xb
ARM GAS  C:\Users\NGUYEN~1\AppData\Local\Temp\cctsXWPT.s 			page 19


 708 0058 3B       		.uleb128 0x3b
 709 0059 0B       		.uleb128 0xb
 710 005a 27       		.uleb128 0x27
 711 005b 19       		.uleb128 0x19
 712 005c 11       		.uleb128 0x11
 713 005d 01       		.uleb128 0x1
 714 005e 12       		.uleb128 0x12
 715 005f 06       		.uleb128 0x6
 716 0060 40       		.uleb128 0x40
 717 0061 18       		.uleb128 0x18
 718 0062 9742     		.uleb128 0x2117
 719 0064 19       		.uleb128 0x19
 720 0065 01       		.uleb128 0x1
 721 0066 13       		.uleb128 0x13
 722 0067 00       		.byte	0
 723 0068 00       		.byte	0
 724 0069 09       		.uleb128 0x9
 725 006a 05       		.uleb128 0x5
 726 006b 00       		.byte	0
 727 006c 03       		.uleb128 0x3
 728 006d 08       		.uleb128 0x8
 729 006e 3A       		.uleb128 0x3a
 730 006f 0B       		.uleb128 0xb
 731 0070 3B       		.uleb128 0x3b
 732 0071 0B       		.uleb128 0xb
 733 0072 49       		.uleb128 0x49
 734 0073 13       		.uleb128 0x13
 735 0074 02       		.uleb128 0x2
 736 0075 17       		.uleb128 0x17
 737 0076 00       		.byte	0
 738 0077 00       		.byte	0
 739 0078 0A       		.uleb128 0xa
 740 0079 898201   		.uleb128 0x4109
 741 007c 01       		.byte	0x1
 742 007d 11       		.uleb128 0x11
 743 007e 01       		.uleb128 0x1
 744 007f 31       		.uleb128 0x31
 745 0080 13       		.uleb128 0x13
 746 0081 00       		.byte	0
 747 0082 00       		.byte	0
 748 0083 0B       		.uleb128 0xb
 749 0084 8A8201   		.uleb128 0x410a
 750 0087 00       		.byte	0
 751 0088 02       		.uleb128 0x2
 752 0089 18       		.uleb128 0x18
 753 008a 9142     		.uleb128 0x2111
 754 008c 18       		.uleb128 0x18
 755 008d 00       		.byte	0
 756 008e 00       		.byte	0
 757 008f 0C       		.uleb128 0xc
 758 0090 898201   		.uleb128 0x4109
 759 0093 01       		.byte	0x1
 760 0094 11       		.uleb128 0x11
 761 0095 01       		.uleb128 0x1
 762 0096 31       		.uleb128 0x31
 763 0097 13       		.uleb128 0x13
 764 0098 01       		.uleb128 0x1
ARM GAS  C:\Users\NGUYEN~1\AppData\Local\Temp\cctsXWPT.s 			page 20


 765 0099 13       		.uleb128 0x13
 766 009a 00       		.byte	0
 767 009b 00       		.byte	0
 768 009c 0D       		.uleb128 0xd
 769 009d 2E       		.uleb128 0x2e
 770 009e 01       		.byte	0x1
 771 009f 3F       		.uleb128 0x3f
 772 00a0 19       		.uleb128 0x19
 773 00a1 03       		.uleb128 0x3
 774 00a2 0E       		.uleb128 0xe
 775 00a3 3A       		.uleb128 0x3a
 776 00a4 0B       		.uleb128 0xb
 777 00a5 3B       		.uleb128 0x3b
 778 00a6 0B       		.uleb128 0xb
 779 00a7 27       		.uleb128 0x27
 780 00a8 19       		.uleb128 0x19
 781 00a9 11       		.uleb128 0x11
 782 00aa 01       		.uleb128 0x1
 783 00ab 12       		.uleb128 0x12
 784 00ac 06       		.uleb128 0x6
 785 00ad 40       		.uleb128 0x40
 786 00ae 18       		.uleb128 0x18
 787 00af 9742     		.uleb128 0x2117
 788 00b1 19       		.uleb128 0x19
 789 00b2 01       		.uleb128 0x1
 790 00b3 13       		.uleb128 0x13
 791 00b4 00       		.byte	0
 792 00b5 00       		.byte	0
 793 00b6 0E       		.uleb128 0xe
 794 00b7 0B       		.uleb128 0xb
 795 00b8 01       		.byte	0x1
 796 00b9 11       		.uleb128 0x11
 797 00ba 01       		.uleb128 0x1
 798 00bb 12       		.uleb128 0x12
 799 00bc 06       		.uleb128 0x6
 800 00bd 01       		.uleb128 0x1
 801 00be 13       		.uleb128 0x13
 802 00bf 00       		.byte	0
 803 00c0 00       		.byte	0
 804 00c1 0F       		.uleb128 0xf
 805 00c2 13       		.uleb128 0x13
 806 00c3 01       		.byte	0x1
 807 00c4 0B       		.uleb128 0xb
 808 00c5 0B       		.uleb128 0xb
 809 00c6 3A       		.uleb128 0x3a
 810 00c7 0B       		.uleb128 0xb
 811 00c8 3B       		.uleb128 0x3b
 812 00c9 05       		.uleb128 0x5
 813 00ca 01       		.uleb128 0x1
 814 00cb 13       		.uleb128 0x13
 815 00cc 00       		.byte	0
 816 00cd 00       		.byte	0
 817 00ce 10       		.uleb128 0x10
 818 00cf 0D       		.uleb128 0xd
 819 00d0 00       		.byte	0
 820 00d1 03       		.uleb128 0x3
 821 00d2 0E       		.uleb128 0xe
ARM GAS  C:\Users\NGUYEN~1\AppData\Local\Temp\cctsXWPT.s 			page 21


 822 00d3 3A       		.uleb128 0x3a
 823 00d4 0B       		.uleb128 0xb
 824 00d5 3B       		.uleb128 0x3b
 825 00d6 05       		.uleb128 0x5
 826 00d7 49       		.uleb128 0x49
 827 00d8 13       		.uleb128 0x13
 828 00d9 38       		.uleb128 0x38
 829 00da 0B       		.uleb128 0xb
 830 00db 00       		.byte	0
 831 00dc 00       		.byte	0
 832 00dd 11       		.uleb128 0x11
 833 00de 01       		.uleb128 0x1
 834 00df 01       		.byte	0x1
 835 00e0 49       		.uleb128 0x49
 836 00e1 13       		.uleb128 0x13
 837 00e2 01       		.uleb128 0x1
 838 00e3 13       		.uleb128 0x13
 839 00e4 00       		.byte	0
 840 00e5 00       		.byte	0
 841 00e6 12       		.uleb128 0x12
 842 00e7 21       		.uleb128 0x21
 843 00e8 00       		.byte	0
 844 00e9 49       		.uleb128 0x49
 845 00ea 13       		.uleb128 0x13
 846 00eb 2F       		.uleb128 0x2f
 847 00ec 0B       		.uleb128 0xb
 848 00ed 00       		.byte	0
 849 00ee 00       		.byte	0
 850 00ef 13       		.uleb128 0x13
 851 00f0 26       		.uleb128 0x26
 852 00f1 00       		.byte	0
 853 00f2 49       		.uleb128 0x49
 854 00f3 13       		.uleb128 0x13
 855 00f4 00       		.byte	0
 856 00f5 00       		.byte	0
 857 00f6 14       		.uleb128 0x14
 858 00f7 34       		.uleb128 0x34
 859 00f8 00       		.byte	0
 860 00f9 03       		.uleb128 0x3
 861 00fa 0E       		.uleb128 0xe
 862 00fb 3A       		.uleb128 0x3a
 863 00fc 0B       		.uleb128 0xb
 864 00fd 3B       		.uleb128 0x3b
 865 00fe 05       		.uleb128 0x5
 866 00ff 49       		.uleb128 0x49
 867 0100 13       		.uleb128 0x13
 868 0101 02       		.uleb128 0x2
 869 0102 18       		.uleb128 0x18
 870 0103 00       		.byte	0
 871 0104 00       		.byte	0
 872 0105 15       		.uleb128 0x15
 873 0106 34       		.uleb128 0x34
 874 0107 00       		.byte	0
 875 0108 03       		.uleb128 0x3
 876 0109 08       		.uleb128 0x8
 877 010a 3A       		.uleb128 0x3a
 878 010b 0B       		.uleb128 0xb
ARM GAS  C:\Users\NGUYEN~1\AppData\Local\Temp\cctsXWPT.s 			page 22


 879 010c 3B       		.uleb128 0x3b
 880 010d 05       		.uleb128 0x5
 881 010e 49       		.uleb128 0x49
 882 010f 13       		.uleb128 0x13
 883 0110 02       		.uleb128 0x2
 884 0111 17       		.uleb128 0x17
 885 0112 00       		.byte	0
 886 0113 00       		.byte	0
 887 0114 16       		.uleb128 0x16
 888 0115 0B       		.uleb128 0xb
 889 0116 01       		.byte	0x1
 890 0117 11       		.uleb128 0x11
 891 0118 01       		.uleb128 0x1
 892 0119 12       		.uleb128 0x12
 893 011a 06       		.uleb128 0x6
 894 011b 00       		.byte	0
 895 011c 00       		.byte	0
 896 011d 17       		.uleb128 0x17
 897 011e 0F       		.uleb128 0xf
 898 011f 00       		.byte	0
 899 0120 0B       		.uleb128 0xb
 900 0121 0B       		.uleb128 0xb
 901 0122 49       		.uleb128 0x49
 902 0123 13       		.uleb128 0x13
 903 0124 00       		.byte	0
 904 0125 00       		.byte	0
 905 0126 18       		.uleb128 0x18
 906 0127 898201   		.uleb128 0x4109
 907 012a 00       		.byte	0
 908 012b 11       		.uleb128 0x11
 909 012c 01       		.uleb128 0x1
 910 012d 31       		.uleb128 0x31
 911 012e 13       		.uleb128 0x13
 912 012f 00       		.byte	0
 913 0130 00       		.byte	0
 914 0131 19       		.uleb128 0x19
 915 0132 2E       		.uleb128 0x2e
 916 0133 00       		.byte	0
 917 0134 3F       		.uleb128 0x3f
 918 0135 19       		.uleb128 0x19
 919 0136 3C       		.uleb128 0x3c
 920 0137 19       		.uleb128 0x19
 921 0138 6E       		.uleb128 0x6e
 922 0139 0E       		.uleb128 0xe
 923 013a 03       		.uleb128 0x3
 924 013b 0E       		.uleb128 0xe
 925 013c 00       		.byte	0
 926 013d 00       		.byte	0
 927 013e 1A       		.uleb128 0x1a
 928 013f 2E       		.uleb128 0x2e
 929 0140 00       		.byte	0
 930 0141 3F       		.uleb128 0x3f
 931 0142 19       		.uleb128 0x19
 932 0143 3C       		.uleb128 0x3c
 933 0144 19       		.uleb128 0x19
 934 0145 6E       		.uleb128 0x6e
 935 0146 0E       		.uleb128 0xe
ARM GAS  C:\Users\NGUYEN~1\AppData\Local\Temp\cctsXWPT.s 			page 23


 936 0147 03       		.uleb128 0x3
 937 0148 0E       		.uleb128 0xe
 938 0149 3A       		.uleb128 0x3a
 939 014a 0B       		.uleb128 0xb
 940 014b 3B       		.uleb128 0x3b
 941 014c 0B       		.uleb128 0xb
 942 014d 00       		.byte	0
 943 014e 00       		.byte	0
 944 014f 00       		.byte	0
 945              		.section	.debug_loc,"",%progbits
 946              	.Ldebug_loc0:
 947              	.LLST0:
 948 0000 00000000 		.4byte	.LVL0
 949 0004 09000000 		.4byte	.LVL2-1
 950 0008 0100     		.2byte	0x1
 951 000a 50       		.byte	0x50
 952 000b 09000000 		.4byte	.LVL2-1
 953 000f 0C000000 		.4byte	.LFE0
 954 0013 0400     		.2byte	0x4
 955 0015 F3       		.byte	0xf3
 956 0016 01       		.uleb128 0x1
 957 0017 50       		.byte	0x50
 958 0018 9F       		.byte	0x9f
 959 0019 00000000 		.4byte	0
 960 001d 00000000 		.4byte	0
 961              	.LLST1:
 962 0021 00000000 		.4byte	.LVL0
 963 0025 06000000 		.4byte	.LVL1
 964 0029 0100     		.2byte	0x1
 965 002b 51       		.byte	0x51
 966 002c 06000000 		.4byte	.LVL1
 967 0030 09000000 		.4byte	.LVL2-1
 968 0034 0100     		.2byte	0x1
 969 0036 52       		.byte	0x52
 970 0037 09000000 		.4byte	.LVL2-1
 971 003b 0C000000 		.4byte	.LFE0
 972 003f 0400     		.2byte	0x4
 973 0041 F3       		.byte	0xf3
 974 0042 01       		.uleb128 0x1
 975 0043 51       		.byte	0x51
 976 0044 9F       		.byte	0x9f
 977 0045 00000000 		.4byte	0
 978 0049 00000000 		.4byte	0
 979              	.LLST2:
 980 004d 94000000 		.4byte	.LVL6
 981 0051 98000000 		.4byte	.LVL7
 982 0055 0200     		.2byte	0x2
 983 0057 30       		.byte	0x30
 984 0058 9F       		.byte	0x9f
 985 0059 98000000 		.4byte	.LVL7
 986 005d B6000000 		.4byte	.LVL9
 987 0061 0100     		.2byte	0x1
 988 0063 54       		.byte	0x54
 989 0064 B8000000 		.4byte	.LVL10
 990 0068 1A010000 		.4byte	.LVL12
 991 006c 0100     		.2byte	0x1
 992 006e 54       		.byte	0x54
ARM GAS  C:\Users\NGUYEN~1\AppData\Local\Temp\cctsXWPT.s 			page 24


 993 006f 00000000 		.4byte	0
 994 0073 00000000 		.4byte	0
 995              	.LLST3:
 996 0077 98000000 		.4byte	.LVL7
 997 007b B6000000 		.4byte	.LVL9
 998 007f 0B00     		.2byte	0xb
 999 0081 74       		.byte	0x74
 1000 0082 00       		.sleb128 0
 1001 0083 36       		.byte	0x36
 1002 0084 1E       		.byte	0x1e
 1003 0085 03       		.byte	0x3
 1004 0086 00000000 		.4byte	cfg_memset_list.4847
 1005 008a 22       		.byte	0x22
 1006 008b 9F       		.byte	0x9f
 1007 008c B6000000 		.4byte	.LVL9
 1008 0090 B8000000 		.4byte	.LVL10
 1009 0094 0B00     		.2byte	0xb
 1010 0096 74       		.byte	0x74
 1011 0097 7F       		.sleb128 -1
 1012 0098 36       		.byte	0x36
 1013 0099 1E       		.byte	0x1e
 1014 009a 03       		.byte	0x3
 1015 009b 00000000 		.4byte	cfg_memset_list.4847
 1016 009f 22       		.byte	0x22
 1017 00a0 9F       		.byte	0x9f
 1018 00a1 00000000 		.4byte	0
 1019 00a5 00000000 		.4byte	0
 1020              		.section	.debug_aranges,"",%progbits
 1021 0000 2C000000 		.4byte	0x2c
 1022 0004 0200     		.2byte	0x2
 1023 0006 00000000 		.4byte	.Ldebug_info0
 1024 000a 04       		.byte	0x4
 1025 000b 00       		.byte	0
 1026 000c 0000     		.2byte	0
 1027 000e 0000     		.2byte	0
 1028 0010 00000000 		.4byte	.LFB0
 1029 0014 0C000000 		.4byte	.LFE0-.LFB0
 1030 0018 00000000 		.4byte	.LFB3
 1031 001c 90000000 		.4byte	.LFE3-.LFB3
 1032 0020 90000000 		.4byte	.LFB5
 1033 0024 C8000000 		.4byte	.LFE5-.LFB5
 1034 0028 00000000 		.4byte	0
 1035 002c 00000000 		.4byte	0
 1036              		.section	.debug_ranges,"",%progbits
 1037              	.Ldebug_ranges0:
 1038 0000 00000000 		.4byte	.LFB0
 1039 0004 0C000000 		.4byte	.LFE0
 1040 0008 00000000 		.4byte	.LFB3
 1041 000c 90000000 		.4byte	.LFE3
 1042 0010 90000000 		.4byte	.LFB5
 1043 0014 58010000 		.4byte	.LFE5
 1044 0018 00000000 		.4byte	0
 1045 001c 00000000 		.4byte	0
 1046              		.section	.debug_line,"",%progbits
 1047              	.Ldebug_line0:
 1048 0000 35010000 		.section	.debug_str,"MS",%progbits,1
 1048      0200D600 
ARM GAS  C:\Users\NGUYEN~1\AppData\Local\Temp\cctsXWPT.s 			page 25


 1048      00000201 
 1048      FB0E0D00 
 1048      01010101 
 1049              	.LASF19:
 1050 0000 72656733 		.ascii	"reg32\000"
 1050      3200
 1051              	.LASF12:
 1052 0006 73697A65 		.ascii	"size_t\000"
 1052      5F7400
 1053              	.LASF27:
 1054 000d 4379496E 		.ascii	"CyIntSetVector\000"
 1054      74536574 
 1054      56656374 
 1054      6F7200
 1055              	.LASF25:
 1056 001c 6366675F 		.ascii	"cfg_memset_list\000"
 1056      6D656D73 
 1056      65745F6C 
 1056      69737400 
 1057              	.LASF21:
 1058 002c 436C6F63 		.ascii	"ClockSetup\000"
 1058      6B536574 
 1058      757000
 1059              	.LASF6:
 1060 0037 73686F72 		.ascii	"short unsigned int\000"
 1060      7420756E 
 1060      7369676E 
 1060      65642069 
 1060      6E7400
 1061              	.LASF31:
 1062 004a 443A5C70 		.ascii	"D:\\psoc\\theory\\ds1307_with_uart\\ds1307_with_uar"
 1062      736F635C 
 1062      7468656F 
 1062      72795C64 
 1062      73313330 
 1063 0079 742E6379 		.ascii	"t.cydsn\000"
 1063      64736E00 
 1064              	.LASF16:
 1065 0081 666C6F61 		.ascii	"float\000"
 1065      7400
 1066              	.LASF23:
 1067 0087 73697A65 		.ascii	"size\000"
 1067      00
 1068              	.LASF18:
 1069 008c 72656738 		.ascii	"reg8\000"
 1069      00
 1070              	.LASF8:
 1071 0091 6C6F6E67 		.ascii	"long unsigned int\000"
 1071      20756E73 
 1071      69676E65 
 1071      6420696E 
 1071      7400
 1072              	.LASF13:
 1073 00a3 75696E74 		.ascii	"uint8\000"
 1073      3800
 1074              	.LASF20:
 1075 00a9 43594D45 		.ascii	"CYMEMZERO\000"
ARM GAS  C:\Users\NGUYEN~1\AppData\Local\Temp\cctsXWPT.s 			page 26


 1075      4D5A4552 
 1075      4F00
 1076              	.LASF4:
 1077 00b3 756E7369 		.ascii	"unsigned char\000"
 1077      676E6564 
 1077      20636861 
 1077      7200
 1078              	.LASF33:
 1079 00c1 6D656D73 		.ascii	"memset\000"
 1079      657400
 1080              	.LASF17:
 1081 00c8 646F7562 		.ascii	"double\000"
 1081      6C6500
 1082              	.LASF28:
 1083 00cf 4379496E 		.ascii	"CyIntEnable\000"
 1083      74456E61 
 1083      626C6500 
 1084              	.LASF14:
 1085 00db 75696E74 		.ascii	"uint16\000"
 1085      313600
 1086              	.LASF15:
 1087 00e2 75696E74 		.ascii	"uint32\000"
 1087      333200
 1088              	.LASF0:
 1089 00e9 756E7369 		.ascii	"unsigned int\000"
 1089      676E6564 
 1089      20696E74 
 1089      00
 1090              	.LASF32:
 1091 00f6 63796669 		.ascii	"cyfitter_cfg\000"
 1091      74746572 
 1091      5F636667 
 1091      00
 1092              	.LASF22:
 1093 0103 61646472 		.ascii	"address\000"
 1093      65737300 
 1094              	.LASF9:
 1095 010b 6C6F6E67 		.ascii	"long long unsigned int\000"
 1095      206C6F6E 
 1095      6720756E 
 1095      7369676E 
 1095      65642069 
 1096              	.LASF29:
 1097 0122 474E5520 		.ascii	"GNU C11 5.4.1 20160609 (release) [ARM/embedded-5-br"
 1097      43313120 
 1097      352E342E 
 1097      31203230 
 1097      31363036 
 1098 0155 616E6368 		.ascii	"anch revision 237715] -mcpu=cortex-m0 -mthumb -g -O"
 1098      20726576 
 1098      6973696F 
 1098      6E203233 
 1098      37373135 
 1099 0188 67202D66 		.ascii	"g -ffunction-sections -ffat-lto-objects\000"
 1099      66756E63 
 1099      74696F6E 
 1099      2D736563 
ARM GAS  C:\Users\NGUYEN~1\AppData\Local\Temp\cctsXWPT.s 			page 27


 1099      74696F6E 
 1100              	.LASF24:
 1101 01b0 6366675F 		.ascii	"cfg_memset_t\000"
 1101      6D656D73 
 1101      65745F74 
 1101      00
 1102              	.LASF10:
 1103 01bd 73697A65 		.ascii	"sizetype\000"
 1103      74797065 
 1103      00
 1104              	.LASF1:
 1105 01c6 6C6F6E67 		.ascii	"long long int\000"
 1105      206C6F6E 
 1105      6720696E 
 1105      7400
 1106              	.LASF11:
 1107 01d4 63686172 		.ascii	"char\000"
 1107      00
 1108              	.LASF5:
 1109 01d9 73686F72 		.ascii	"short int\000"
 1109      7420696E 
 1109      7400
 1110              	.LASF26:
 1111 01e3 43795379 		.ascii	"CySysClkWriteImoFreq\000"
 1111      73436C6B 
 1111      57726974 
 1111      65496D6F 
 1111      46726571 
 1112              	.LASF7:
 1113 01f8 6C6F6E67 		.ascii	"long int\000"
 1113      20696E74 
 1113      00
 1114              	.LASF2:
 1115 0201 6C6F6E67 		.ascii	"long double\000"
 1115      20646F75 
 1115      626C6500 
 1116              	.LASF3:
 1117 020d 7369676E 		.ascii	"signed char\000"
 1117      65642063 
 1117      68617200 
 1118              	.LASF30:
 1119 0219 47656E65 		.ascii	"Generated_Source\\PSoC4\\cyfitter_cfg.c\000"
 1119      72617465 
 1119      645F536F 
 1119      75726365 
 1119      5C50536F 
 1120              		.ident	"GCC: (GNU Tools for ARM Embedded Processors) 5.4.1 20160609 (release) [ARM/embedded-5-bran
