ARM GAS  C:\Users\NGUYEN~1\AppData\Local\Temp\cc6n0yOk.s 			page 1


   1              		.syntax unified
   2              		.cpu cortex-m0
   3              		.fpu softvfp
   4              		.eabi_attribute 20, 1
   5              		.eabi_attribute 21, 1
   6              		.eabi_attribute 23, 3
   7              		.eabi_attribute 24, 1
   8              		.eabi_attribute 25, 1
   9              		.eabi_attribute 26, 1
  10              		.eabi_attribute 30, 1
  11              		.eabi_attribute 34, 0
  12              		.eabi_attribute 18, 4
  13              		.thumb
  14              		.syntax unified
  15              		.file	"uart_transmitss.c"
  16              		.text
  17              	.Ltext0:
  18              		.cfi_sections	.debug_frame
  19              		.section	.text.time_string_concatenation,"ax",%progbits
  20              		.align	2
  21              		.global	time_string_concatenation
  22              		.code	16
  23              		.thumb_func
  24              		.type	time_string_concatenation, %function
  25              	time_string_concatenation:
  26              	.LFB33:
  27              		.file 1 "uart_transmitss.c"
   1:uart_transmitss.c **** /* ========================================
   2:uart_transmitss.c ****  *
   3:uart_transmitss.c ****  * Copyright YOUR COMPANY, THE YEAR
   4:uart_transmitss.c ****  * All Rights Reserved
   5:uart_transmitss.c ****  * UNPUBLISHED, LICENSED SOFTWARE.
   6:uart_transmitss.c ****  *
   7:uart_transmitss.c ****  * CONFIDENTIAL AND PROPRIETARY INFORMATION
   8:uart_transmitss.c ****  * WHICH IS THE PROPERTY OF your company.
   9:uart_transmitss.c ****  *
  10:uart_transmitss.c ****  * ========================================
  11:uart_transmitss.c **** */
  12:uart_transmitss.c **** #include "uart_transmitss.h"
  13:uart_transmitss.c **** 
  14:uart_transmitss.c **** void time_string_concatenation(data_time time, char *strings)
  15:uart_transmitss.c **** {
  28              		.loc 1 15 0
  29              		.cfi_startproc
  30              		@ args = 0, pretend = 0, frame = 24
  31              		@ frame_needed = 0, uses_anonymous_args = 0
  32              	.LVL0:
  33 0000 70B5     		push	{r4, r5, r6, lr}
  34              		.cfi_def_cfa_offset 16
  35              		.cfi_offset 4, -16
  36              		.cfi_offset 5, -12
  37              		.cfi_offset 6, -8
  38              		.cfi_offset 14, -4
  39 0002 90B0     		sub	sp, sp, #64
  40              		.cfi_def_cfa_offset 80
  41 0004 0300     		movs	r3, r0
  42 0006 0A90     		str	r0, [sp, #40]
ARM GAS  C:\Users\NGUYEN~1\AppData\Local\Temp\cc6n0yOk.s 			page 2


  43 0008 0B91     		str	r1, [sp, #44]
  44 000a 1000     		movs	r0, r2
  16:uart_transmitss.c ****     char dayInWeek[10];
  17:uart_transmitss.c ****     
  18:uart_transmitss.c ****     switch(time.day)
  45              		.loc 1 18 0
  46 000c 1B0E     		lsrs	r3, r3, #24
  47 000e 072B     		cmp	r3, #7
  48 0010 1CD8     		bhi	.L2
  49 0012 9B00     		lsls	r3, r3, #2
  50 0014 1D4A     		ldr	r2, .L12
  51              	.LVL1:
  52 0016 D358     		ldr	r3, [r2, r3]
  53 0018 9F46     		mov	pc, r3
  54              		.section	.rodata
  55              		.align	2
  56              	.L4:
  57 0000 4C000000 		.word	.L2
  58 0004 1A000000 		.word	.L3
  59 0008 20000000 		.word	.L5
  60 000c 26000000 		.word	.L6
  61 0010 2C000000 		.word	.L7
  62 0014 32000000 		.word	.L8
  63 0018 40000000 		.word	.L9
  64 001c 46000000 		.word	.L10
  65              		.section	.text.time_string_concatenation
  66              	.L3:
  19:uart_transmitss.c ****     {
  20:uart_transmitss.c ****         case Sun:
  21:uart_transmitss.c ****             strcpy(dayInWeek, "Sun");  
  67              		.loc 1 21 0
  68 001a 1D4B     		ldr	r3, .L12+4
  69 001c 0D93     		str	r3, [sp, #52]
  22:uart_transmitss.c ****             break;
  70              		.loc 1 22 0
  71 001e 1DE0     		b	.L11
  72              	.L5:
  23:uart_transmitss.c ****         case Mon:
  24:uart_transmitss.c ****             strcpy(dayInWeek, "Mon");  
  73              		.loc 1 24 0
  74 0020 1C4B     		ldr	r3, .L12+8
  75 0022 0D93     		str	r3, [sp, #52]
  25:uart_transmitss.c ****             break;            
  76              		.loc 1 25 0
  77 0024 1AE0     		b	.L11
  78              	.L6:
  26:uart_transmitss.c ****         case Tue:
  27:uart_transmitss.c ****             strcpy(dayInWeek, "Tue");  
  79              		.loc 1 27 0
  80 0026 1C4B     		ldr	r3, .L12+12
  81 0028 0D93     		str	r3, [sp, #52]
  28:uart_transmitss.c ****             break;   
  82              		.loc 1 28 0
  83 002a 17E0     		b	.L11
  84              	.L7:
  29:uart_transmitss.c ****         case Web:
  30:uart_transmitss.c ****             strcpy(dayInWeek, "Wed");  
ARM GAS  C:\Users\NGUYEN~1\AppData\Local\Temp\cc6n0yOk.s 			page 3


  85              		.loc 1 30 0
  86 002c 1B4B     		ldr	r3, .L12+16
  87 002e 0D93     		str	r3, [sp, #52]
  31:uart_transmitss.c ****             break;    
  88              		.loc 1 31 0
  89 0030 14E0     		b	.L11
  90              	.L8:
  32:uart_transmitss.c ****         case Thur:
  33:uart_transmitss.c ****             strcpy(dayInWeek, "Thur");  
  91              		.loc 1 33 0
  92 0032 1B4B     		ldr	r3, .L12+20
  93 0034 1A68     		ldr	r2, [r3]
  94 0036 0D92     		str	r2, [sp, #52]
  95 0038 1A79     		ldrb	r2, [r3, #4]
  96 003a 0DAB     		add	r3, sp, #52
  97 003c 1A71     		strb	r2, [r3, #4]
  34:uart_transmitss.c ****             break; 
  98              		.loc 1 34 0
  99 003e 0DE0     		b	.L11
 100              	.L9:
  35:uart_transmitss.c ****         case Fri:
  36:uart_transmitss.c ****             strcpy(dayInWeek, "Fri");  
 101              		.loc 1 36 0
 102 0040 184B     		ldr	r3, .L12+24
 103 0042 0D93     		str	r3, [sp, #52]
  37:uart_transmitss.c ****             break;
 104              		.loc 1 37 0
 105 0044 0AE0     		b	.L11
 106              	.L10:
  38:uart_transmitss.c ****         case Sat:
  39:uart_transmitss.c ****             strcpy(dayInWeek, "Sat");  
 107              		.loc 1 39 0
 108 0046 184B     		ldr	r3, .L12+28
 109 0048 0D93     		str	r3, [sp, #52]
  40:uart_transmitss.c ****             break;  
 110              		.loc 1 40 0
 111 004a 07E0     		b	.L11
 112              	.L2:
  41:uart_transmitss.c ****         default:
  42:uart_transmitss.c ****              strcpy(dayInWeek, "Error!");  
 113              		.loc 1 42 0
 114 004c 0DAA     		add	r2, sp, #52
 115 004e 174B     		ldr	r3, .L12+32
 116 0050 1968     		ldr	r1, [r3]
 117 0052 0D91     		str	r1, [sp, #52]
 118 0054 9988     		ldrh	r1, [r3, #4]
 119 0056 9180     		strh	r1, [r2, #4]
 120 0058 9B79     		ldrb	r3, [r3, #6]
 121 005a 9371     		strb	r3, [r2, #6]
 122              	.L11:
  43:uart_transmitss.c ****     }
  44:uart_transmitss.c ****     
  45:uart_transmitss.c ****     sprintf(strings, "\n%d%c%d%c%d  %s, %d%c%d%c%d",time.hour, ':', time.minute, ':', time.second, 
 123              		.loc 1 45 0
 124 005c 0AAB     		add	r3, sp, #40
 125 005e 9A78     		ldrb	r2, [r3, #2]
 126 0060 5978     		ldrb	r1, [r3, #1]
ARM GAS  C:\Users\NGUYEN~1\AppData\Local\Temp\cc6n0yOk.s 			page 4


 127 0062 1C78     		ldrb	r4, [r3]
  46:uart_transmitss.c ****         dayInWeek, time.date, '/', time.month, '/', time.year );
 128              		.loc 1 46 0
 129 0064 1D79     		ldrb	r5, [r3, #4]
 130 0066 5E79     		ldrb	r6, [r3, #5]
 131 0068 9B79     		ldrb	r3, [r3, #6]
  45:uart_transmitss.c ****         dayInWeek, time.date, '/', time.month, '/', time.year );
 132              		.loc 1 45 0
 133 006a 0893     		str	r3, [sp, #32]
 134 006c 2F23     		movs	r3, #47
 135 006e 0793     		str	r3, [sp, #28]
 136 0070 0696     		str	r6, [sp, #24]
 137 0072 0593     		str	r3, [sp, #20]
 138 0074 0495     		str	r5, [sp, #16]
 139 0076 0DAB     		add	r3, sp, #52
 140 0078 0393     		str	r3, [sp, #12]
 141 007a 0294     		str	r4, [sp, #8]
 142 007c 3A23     		movs	r3, #58
 143 007e 0193     		str	r3, [sp, #4]
 144 0080 0091     		str	r1, [sp]
 145 0082 0B49     		ldr	r1, .L12+36
 146 0084 FFF7FEFF 		bl	sprintf
 147              	.LVL2:
  47:uart_transmitss.c ****     
  48:uart_transmitss.c ****     return;
  49:uart_transmitss.c **** }
 148              		.loc 1 49 0
 149 0088 10B0     		add	sp, sp, #64
 150              		@ sp needed
 151 008a 70BD     		pop	{r4, r5, r6, pc}
 152              	.L13:
 153              		.align	2
 154              	.L12:
 155 008c 00000000 		.word	.L4
 156 0090 53756E00 		.word	7238995
 157 0094 4D6F6E00 		.word	7237453
 158 0098 54756500 		.word	6649172
 159 009c 57656400 		.word	6579543
 160 00a0 00000000 		.word	.LC1
 161 00a4 46726900 		.word	6910534
 162 00a8 53617400 		.word	7627091
 163 00ac 08000000 		.word	.LC3
 164 00b0 10000000 		.word	.LC5
 165              		.cfi_endproc
 166              	.LFE33:
 167              		.size	time_string_concatenation, .-time_string_concatenation
 168              		.section	.text.test_uart_transmit,"ax",%progbits
 169              		.align	2
 170              		.global	test_uart_transmit
 171              		.code	16
 172              		.thumb_func
 173              		.type	test_uart_transmit, %function
 174              	test_uart_transmit:
 175              	.LFB34:
  50:uart_transmitss.c **** 
  51:uart_transmitss.c **** void test_uart_transmit()
  52:uart_transmitss.c **** {
ARM GAS  C:\Users\NGUYEN~1\AppData\Local\Temp\cc6n0yOk.s 			page 5


 176              		.loc 1 52 0
 177              		.cfi_startproc
 178              		@ args = 0, pretend = 0, frame = 64
 179              		@ frame_needed = 0, uses_anonymous_args = 0
 180 0000 00B5     		push	{lr}
 181              		.cfi_def_cfa_offset 4
 182              		.cfi_offset 14, -4
 183 0002 91B0     		sub	sp, sp, #68
 184              		.cfi_def_cfa_offset 72
  53:uart_transmitss.c ****     data_time time;
  54:uart_transmitss.c ****     char txString[50];
  55:uart_transmitss.c ****     
  56:uart_transmitss.c ****     time.second = 15;
 185              		.loc 1 56 0
 186 0004 0EAB     		add	r3, sp, #56
 187 0006 0F22     		movs	r2, #15
 188 0008 1A70     		strb	r2, [r3]
  57:uart_transmitss.c ****     time.minute = 15;
 189              		.loc 1 57 0
 190 000a 5A70     		strb	r2, [r3, #1]
  58:uart_transmitss.c ****     time.hour = 15;
 191              		.loc 1 58 0
 192 000c 9A70     		strb	r2, [r3, #2]
  59:uart_transmitss.c ****     time.day = 15;
 193              		.loc 1 59 0
 194 000e DA70     		strb	r2, [r3, #3]
  60:uart_transmitss.c ****     time.date = 15;
 195              		.loc 1 60 0
 196 0010 1A71     		strb	r2, [r3, #4]
  61:uart_transmitss.c ****     time.month = 15;
 197              		.loc 1 61 0
 198 0012 5A71     		strb	r2, [r3, #5]
  62:uart_transmitss.c ****     time.year = 15;
 199              		.loc 1 62 0
 200 0014 9A71     		strb	r2, [r3, #6]
  63:uart_transmitss.c ****     
  64:uart_transmitss.c ****     time_string_concatenation(time, txString);
 201              		.loc 1 64 0
 202 0016 01AA     		add	r2, sp, #4
 203 0018 0E98     		ldr	r0, [sp, #56]
 204 001a 0F99     		ldr	r1, [sp, #60]
 205 001c FFF7FEFF 		bl	time_string_concatenation
 206              	.LVL3:
  65:uart_transmitss.c ****     uart_transmit_UartPutString( txString );    
 207              		.loc 1 65 0
 208 0020 01A8     		add	r0, sp, #4
 209 0022 FFF7FEFF 		bl	uart_transmit_UartPutString
 210              	.LVL4:
  66:uart_transmitss.c ****     
  67:uart_transmitss.c ****     CyDelay(1000);
 211              		.loc 1 67 0
 212 0026 FA20     		movs	r0, #250
 213 0028 8000     		lsls	r0, r0, #2
 214 002a FFF7FEFF 		bl	CyDelay
 215              	.LVL5:
  68:uart_transmitss.c **** }
 216              		.loc 1 68 0
ARM GAS  C:\Users\NGUYEN~1\AppData\Local\Temp\cc6n0yOk.s 			page 6


 217 002e 11B0     		add	sp, sp, #68
 218              		@ sp needed
 219 0030 00BD     		pop	{pc}
 220              		.cfi_endproc
 221              	.LFE34:
 222              		.size	test_uart_transmit, .-test_uart_transmit
 223 0032 C046     		.section	.rodata.str1.4,"aMS",%progbits,1
 224              		.align	2
 225              	.LC1:
 226 0000 54687572 		.ascii	"Thur\000"
 226      00
 227 0005 000000   		.space	3
 228              	.LC3:
 229 0008 4572726F 		.ascii	"Error!\000"
 229      722100
 230 000f 00       		.space	1
 231              	.LC5:
 232 0010 0A256425 		.ascii	"\012%d%c%d%c%d  %s, %d%c%d%c%d\000"
 232      63256425 
 232      63256420 
 232      2025732C 
 232      20256425 
 233              		.text
 234              	.Letext0:
 235              		.file 2 "ds1307_i2c.h"
 236              		.file 3 "Generated_Source\\PSoC4/cytypes.h"
 237              		.file 4 "c:\\program files (x86)\\cypress\\psoc creator\\4.4\\psoc creator\\import\\gnu\\arm\\5.4.
 238              		.file 5 "Generated_Source\\PSoC4/uart_transmit_SPI_UART.h"
 239              		.file 6 "Generated_Source\\PSoC4/CyLib.h"
 240              		.section	.debug_info,"",%progbits
 241              	.Ldebug_info0:
 242 0000 7F020000 		.4byte	0x27f
 243 0004 0400     		.2byte	0x4
 244 0006 00000000 		.4byte	.Ldebug_abbrev0
 245 000a 04       		.byte	0x4
 246 000b 01       		.uleb128 0x1
 247 000c 05010000 		.4byte	.LASF30
 248 0010 0C       		.byte	0xc
 249 0011 C5000000 		.4byte	.LASF31
 250 0015 D9010000 		.4byte	.LASF32
 251 0019 00000000 		.4byte	.Ldebug_ranges0+0
 252 001d 00000000 		.4byte	0
 253 0021 00000000 		.4byte	.Ldebug_line0
 254 0025 02       		.uleb128 0x2
 255 0026 01       		.byte	0x1
 256 0027 06       		.byte	0x6
 257 0028 25020000 		.4byte	.LASF0
 258 002c 02       		.uleb128 0x2
 259 002d 01       		.byte	0x1
 260 002e 08       		.byte	0x8
 261 002f 77000000 		.4byte	.LASF1
 262 0033 02       		.uleb128 0x2
 263 0034 02       		.byte	0x2
 264 0035 05       		.byte	0x5
 265 0036 AF010000 		.4byte	.LASF2
 266 003a 02       		.uleb128 0x2
 267 003b 02       		.byte	0x2
ARM GAS  C:\Users\NGUYEN~1\AppData\Local\Temp\cc6n0yOk.s 			page 7


 268 003c 07       		.byte	0x7
 269 003d 1F000000 		.4byte	.LASF3
 270 0041 02       		.uleb128 0x2
 271 0042 04       		.byte	0x4
 272 0043 05       		.byte	0x5
 273 0044 10020000 		.4byte	.LASF4
 274 0048 02       		.uleb128 0x2
 275 0049 04       		.byte	0x4
 276 004a 07       		.byte	0x7
 277 004b 56000000 		.4byte	.LASF5
 278 004f 02       		.uleb128 0x2
 279 0050 08       		.byte	0x8
 280 0051 05       		.byte	0x5
 281 0052 9C010000 		.4byte	.LASF6
 282 0056 02       		.uleb128 0x2
 283 0057 08       		.byte	0x8
 284 0058 07       		.byte	0x7
 285 0059 E4000000 		.4byte	.LASF7
 286 005d 03       		.uleb128 0x3
 287 005e 04       		.byte	0x4
 288 005f 05       		.byte	0x5
 289 0060 696E7400 		.ascii	"int\000"
 290 0064 02       		.uleb128 0x2
 291 0065 04       		.byte	0x4
 292 0066 07       		.byte	0x7
 293 0067 D7000000 		.4byte	.LASF8
 294 006b 02       		.uleb128 0x2
 295 006c 08       		.byte	0x8
 296 006d 04       		.byte	0x4
 297 006e 19020000 		.4byte	.LASF9
 298 0072 02       		.uleb128 0x2
 299 0073 04       		.byte	0x4
 300 0074 07       		.byte	0x7
 301 0075 93010000 		.4byte	.LASF10
 302 0079 04       		.uleb128 0x4
 303 007a 04       		.byte	0x4
 304 007b 7F000000 		.4byte	0x7f
 305 007f 02       		.uleb128 0x2
 306 0080 01       		.byte	0x1
 307 0081 08       		.byte	0x8
 308 0082 AA010000 		.4byte	.LASF11
 309 0086 05       		.uleb128 0x5
 310 0087 D3010000 		.4byte	.LASF20
 311 008b 03       		.byte	0x3
 312 008c FB01     		.2byte	0x1fb
 313 008e 2C000000 		.4byte	0x2c
 314 0092 02       		.uleb128 0x2
 315 0093 04       		.byte	0x4
 316 0094 04       		.byte	0x4
 317 0095 46000000 		.4byte	.LASF12
 318 0099 02       		.uleb128 0x2
 319 009a 08       		.byte	0x8
 320 009b 04       		.byte	0x4
 321 009c 85000000 		.4byte	.LASF13
 322 00a0 06       		.uleb128 0x6
 323 00a1 0A000000 		.4byte	.LASF33
 324 00a5 07       		.byte	0x7
ARM GAS  C:\Users\NGUYEN~1\AppData\Local\Temp\cc6n0yOk.s 			page 8


 325 00a6 02       		.byte	0x2
 326 00a7 12       		.byte	0x12
 327 00a8 01010000 		.4byte	0x101
 328 00ac 07       		.uleb128 0x7
 329 00ad 70000000 		.4byte	.LASF14
 330 00b1 02       		.byte	0x2
 331 00b2 14       		.byte	0x14
 332 00b3 86000000 		.4byte	0x86
 333 00b7 00       		.byte	0
 334 00b8 07       		.uleb128 0x7
 335 00b9 18000000 		.4byte	.LASF15
 336 00bd 02       		.byte	0x2
 337 00be 14       		.byte	0x14
 338 00bf 86000000 		.4byte	0x86
 339 00c3 01       		.byte	0x1
 340 00c4 07       		.uleb128 0x7
 341 00c5 FB000000 		.4byte	.LASF16
 342 00c9 02       		.byte	0x2
 343 00ca 14       		.byte	0x14
 344 00cb 86000000 		.4byte	0x86
 345 00cf 02       		.byte	0x2
 346 00d0 08       		.uleb128 0x8
 347 00d1 64617900 		.ascii	"day\000"
 348 00d5 02       		.byte	0x2
 349 00d6 15       		.byte	0x15
 350 00d7 86000000 		.4byte	0x86
 351 00db 03       		.byte	0x3
 352 00dc 07       		.uleb128 0x7
 353 00dd 41000000 		.4byte	.LASF17
 354 00e1 02       		.byte	0x2
 355 00e2 15       		.byte	0x15
 356 00e3 86000000 		.4byte	0x86
 357 00e7 04       		.byte	0x4
 358 00e8 07       		.uleb128 0x7
 359 00e9 3B000000 		.4byte	.LASF18
 360 00ed 02       		.byte	0x2
 361 00ee 15       		.byte	0x15
 362 00ef 86000000 		.4byte	0x86
 363 00f3 05       		.byte	0x5
 364 00f4 07       		.uleb128 0x7
 365 00f5 13000000 		.4byte	.LASF19
 366 00f9 02       		.byte	0x2
 367 00fa 15       		.byte	0x15
 368 00fb 86000000 		.4byte	0x86
 369 00ff 06       		.byte	0x6
 370 0100 00       		.byte	0
 371 0101 09       		.uleb128 0x9
 372 0102 BB000000 		.4byte	.LASF21
 373 0106 02       		.byte	0x2
 374 0107 16       		.byte	0x16
 375 0108 A0000000 		.4byte	0xa0
 376 010c 0A       		.uleb128 0xa
 377 010d 00000000 		.4byte	.LASF34
 378 0111 01       		.byte	0x1
 379 0112 2C000000 		.4byte	0x2c
 380 0116 02       		.byte	0x2
 381 0117 18       		.byte	0x18
ARM GAS  C:\Users\NGUYEN~1\AppData\Local\Temp\cc6n0yOk.s 			page 9


 382 0118 47010000 		.4byte	0x147
 383 011c 0B       		.uleb128 0xb
 384 011d 53756E00 		.ascii	"Sun\000"
 385 0121 01       		.byte	0x1
 386 0122 0B       		.uleb128 0xb
 387 0123 4D6F6E00 		.ascii	"Mon\000"
 388 0127 02       		.byte	0x2
 389 0128 0B       		.uleb128 0xb
 390 0129 54756500 		.ascii	"Tue\000"
 391 012d 03       		.byte	0x3
 392 012e 0B       		.uleb128 0xb
 393 012f 57656200 		.ascii	"Web\000"
 394 0133 04       		.byte	0x4
 395 0134 0C       		.uleb128 0xc
 396 0135 31020000 		.4byte	.LASF22
 397 0139 05       		.byte	0x5
 398 013a 0B       		.uleb128 0xb
 399 013b 46726900 		.ascii	"Fri\000"
 400 013f 06       		.byte	0x6
 401 0140 0B       		.uleb128 0xb
 402 0141 53617400 		.ascii	"Sat\000"
 403 0145 07       		.byte	0x7
 404 0146 00       		.byte	0
 405 0147 0D       		.uleb128 0xd
 406 0148 B9010000 		.4byte	.LASF35
 407 014c 01       		.byte	0x1
 408 014d 0E       		.byte	0xe
 409 014e 00000000 		.4byte	.LFB33
 410 0152 B4000000 		.4byte	.LFE33-.LFB33
 411 0156 01       		.uleb128 0x1
 412 0157 9C       		.byte	0x9c
 413 0158 D2010000 		.4byte	0x1d2
 414 015c 0E       		.uleb128 0xe
 415 015d 00010000 		.4byte	.LASF23
 416 0161 01       		.byte	0x1
 417 0162 0E       		.byte	0xe
 418 0163 01010000 		.4byte	0x101
 419 0167 02       		.uleb128 0x2
 420 0168 91       		.byte	0x91
 421 0169 58       		.sleb128 -40
 422 016a 0F       		.uleb128 0xf
 423 016b 68000000 		.4byte	.LASF24
 424 016f 01       		.byte	0x1
 425 0170 0E       		.byte	0xe
 426 0171 79000000 		.4byte	0x79
 427 0175 00000000 		.4byte	.LLST0
 428 0179 10       		.uleb128 0x10
 429 017a 4C000000 		.4byte	.LASF25
 430 017e 01       		.byte	0x1
 431 017f 10       		.byte	0x10
 432 0180 D2010000 		.4byte	0x1d2
 433 0184 02       		.uleb128 0x2
 434 0185 91       		.byte	0x91
 435 0186 64       		.sleb128 -28
 436 0187 11       		.uleb128 0x11
 437 0188 88000000 		.4byte	.LVL2
 438 018c 60020000 		.4byte	0x260
ARM GAS  C:\Users\NGUYEN~1\AppData\Local\Temp\cc6n0yOk.s 			page 10


 439 0190 12       		.uleb128 0x12
 440 0191 01       		.uleb128 0x1
 441 0192 51       		.byte	0x51
 442 0193 05       		.uleb128 0x5
 443 0194 03       		.byte	0x3
 444 0195 10000000 		.4byte	.LC5
 445 0199 12       		.uleb128 0x12
 446 019a 01       		.uleb128 0x1
 447 019b 53       		.byte	0x53
 448 019c 02       		.uleb128 0x2
 449 019d 08       		.byte	0x8
 450 019e 3A       		.byte	0x3a
 451 019f 12       		.uleb128 0x12
 452 01a0 02       		.uleb128 0x2
 453 01a1 7D       		.byte	0x7d
 454 01a2 04       		.sleb128 4
 455 01a3 02       		.uleb128 0x2
 456 01a4 08       		.byte	0x8
 457 01a5 3A       		.byte	0x3a
 458 01a6 12       		.uleb128 0x12
 459 01a7 02       		.uleb128 0x2
 460 01a8 7D       		.byte	0x7d
 461 01a9 08       		.sleb128 8
 462 01aa 02       		.uleb128 0x2
 463 01ab 74       		.byte	0x74
 464 01ac 00       		.sleb128 0
 465 01ad 12       		.uleb128 0x12
 466 01ae 02       		.uleb128 0x2
 467 01af 7D       		.byte	0x7d
 468 01b0 0C       		.sleb128 12
 469 01b1 02       		.uleb128 0x2
 470 01b2 91       		.byte	0x91
 471 01b3 64       		.sleb128 -28
 472 01b4 12       		.uleb128 0x12
 473 01b5 02       		.uleb128 0x2
 474 01b6 7D       		.byte	0x7d
 475 01b7 10       		.sleb128 16
 476 01b8 02       		.uleb128 0x2
 477 01b9 75       		.byte	0x75
 478 01ba 00       		.sleb128 0
 479 01bb 12       		.uleb128 0x12
 480 01bc 02       		.uleb128 0x2
 481 01bd 7D       		.byte	0x7d
 482 01be 14       		.sleb128 20
 483 01bf 02       		.uleb128 0x2
 484 01c0 08       		.byte	0x8
 485 01c1 2F       		.byte	0x2f
 486 01c2 12       		.uleb128 0x12
 487 01c3 02       		.uleb128 0x2
 488 01c4 7D       		.byte	0x7d
 489 01c5 18       		.sleb128 24
 490 01c6 02       		.uleb128 0x2
 491 01c7 76       		.byte	0x76
 492 01c8 00       		.sleb128 0
 493 01c9 12       		.uleb128 0x12
 494 01ca 02       		.uleb128 0x2
 495 01cb 7D       		.byte	0x7d
ARM GAS  C:\Users\NGUYEN~1\AppData\Local\Temp\cc6n0yOk.s 			page 11


 496 01cc 1C       		.sleb128 28
 497 01cd 02       		.uleb128 0x2
 498 01ce 08       		.byte	0x8
 499 01cf 2F       		.byte	0x2f
 500 01d0 00       		.byte	0
 501 01d1 00       		.byte	0
 502 01d2 13       		.uleb128 0x13
 503 01d3 7F000000 		.4byte	0x7f
 504 01d7 E2010000 		.4byte	0x1e2
 505 01db 14       		.uleb128 0x14
 506 01dc 72000000 		.4byte	0x72
 507 01e0 09       		.byte	0x9
 508 01e1 00       		.byte	0
 509 01e2 15       		.uleb128 0x15
 510 01e3 A8000000 		.4byte	.LASF36
 511 01e7 01       		.byte	0x1
 512 01e8 33       		.byte	0x33
 513 01e9 00000000 		.4byte	.LFB34
 514 01ed 32000000 		.4byte	.LFE34-.LFB34
 515 01f1 01       		.uleb128 0x1
 516 01f2 9C       		.byte	0x9c
 517 01f3 50020000 		.4byte	0x250
 518 01f7 10       		.uleb128 0x10
 519 01f8 00010000 		.4byte	.LASF23
 520 01fc 01       		.byte	0x1
 521 01fd 35       		.byte	0x35
 522 01fe 01010000 		.4byte	0x101
 523 0202 02       		.uleb128 0x2
 524 0203 91       		.byte	0x91
 525 0204 70       		.sleb128 -16
 526 0205 10       		.uleb128 0x10
 527 0206 32000000 		.4byte	.LASF26
 528 020a 01       		.byte	0x1
 529 020b 36       		.byte	0x36
 530 020c 50020000 		.4byte	0x250
 531 0210 03       		.uleb128 0x3
 532 0211 91       		.byte	0x91
 533 0212 BC7F     		.sleb128 -68
 534 0214 16       		.uleb128 0x16
 535 0215 20000000 		.4byte	.LVL3
 536 0219 47010000 		.4byte	0x147
 537 021d 29020000 		.4byte	0x229
 538 0221 12       		.uleb128 0x12
 539 0222 01       		.uleb128 0x1
 540 0223 52       		.byte	0x52
 541 0224 03       		.uleb128 0x3
 542 0225 91       		.byte	0x91
 543 0226 BC7F     		.sleb128 -68
 544 0228 00       		.byte	0
 545 0229 16       		.uleb128 0x16
 546 022a 26000000 		.4byte	.LVL4
 547 022e 6B020000 		.4byte	0x26b
 548 0232 3E020000 		.4byte	0x23e
 549 0236 12       		.uleb128 0x12
 550 0237 01       		.uleb128 0x1
 551 0238 50       		.byte	0x50
 552 0239 03       		.uleb128 0x3
ARM GAS  C:\Users\NGUYEN~1\AppData\Local\Temp\cc6n0yOk.s 			page 12


 553 023a 91       		.byte	0x91
 554 023b BC7F     		.sleb128 -68
 555 023d 00       		.byte	0
 556 023e 11       		.uleb128 0x11
 557 023f 2E000000 		.4byte	.LVL5
 558 0243 77020000 		.4byte	0x277
 559 0247 12       		.uleb128 0x12
 560 0248 01       		.uleb128 0x1
 561 0249 50       		.byte	0x50
 562 024a 03       		.uleb128 0x3
 563 024b 0A       		.byte	0xa
 564 024c E803     		.2byte	0x3e8
 565 024e 00       		.byte	0
 566 024f 00       		.byte	0
 567 0250 13       		.uleb128 0x13
 568 0251 7F000000 		.4byte	0x7f
 569 0255 60020000 		.4byte	0x260
 570 0259 14       		.uleb128 0x14
 571 025a 72000000 		.4byte	0x72
 572 025e 31       		.byte	0x31
 573 025f 00       		.byte	0
 574 0260 17       		.uleb128 0x17
 575 0261 3E020000 		.4byte	.LASF27
 576 0265 3E020000 		.4byte	.LASF27
 577 0269 04       		.byte	0x4
 578 026a E7       		.byte	0xe7
 579 026b 18       		.uleb128 0x18
 580 026c 8C000000 		.4byte	.LASF28
 581 0270 8C000000 		.4byte	.LASF28
 582 0274 05       		.byte	0x5
 583 0275 2A03     		.2byte	0x32a
 584 0277 17       		.uleb128 0x17
 585 0278 36020000 		.4byte	.LASF29
 586 027c 36020000 		.4byte	.LASF29
 587 0280 06       		.byte	0x6
 588 0281 EC       		.byte	0xec
 589 0282 00       		.byte	0
 590              		.section	.debug_abbrev,"",%progbits
 591              	.Ldebug_abbrev0:
 592 0000 01       		.uleb128 0x1
 593 0001 11       		.uleb128 0x11
 594 0002 01       		.byte	0x1
 595 0003 25       		.uleb128 0x25
 596 0004 0E       		.uleb128 0xe
 597 0005 13       		.uleb128 0x13
 598 0006 0B       		.uleb128 0xb
 599 0007 03       		.uleb128 0x3
 600 0008 0E       		.uleb128 0xe
 601 0009 1B       		.uleb128 0x1b
 602 000a 0E       		.uleb128 0xe
 603 000b 55       		.uleb128 0x55
 604 000c 17       		.uleb128 0x17
 605 000d 11       		.uleb128 0x11
 606 000e 01       		.uleb128 0x1
 607 000f 10       		.uleb128 0x10
 608 0010 17       		.uleb128 0x17
 609 0011 00       		.byte	0
ARM GAS  C:\Users\NGUYEN~1\AppData\Local\Temp\cc6n0yOk.s 			page 13


 610 0012 00       		.byte	0
 611 0013 02       		.uleb128 0x2
 612 0014 24       		.uleb128 0x24
 613 0015 00       		.byte	0
 614 0016 0B       		.uleb128 0xb
 615 0017 0B       		.uleb128 0xb
 616 0018 3E       		.uleb128 0x3e
 617 0019 0B       		.uleb128 0xb
 618 001a 03       		.uleb128 0x3
 619 001b 0E       		.uleb128 0xe
 620 001c 00       		.byte	0
 621 001d 00       		.byte	0
 622 001e 03       		.uleb128 0x3
 623 001f 24       		.uleb128 0x24
 624 0020 00       		.byte	0
 625 0021 0B       		.uleb128 0xb
 626 0022 0B       		.uleb128 0xb
 627 0023 3E       		.uleb128 0x3e
 628 0024 0B       		.uleb128 0xb
 629 0025 03       		.uleb128 0x3
 630 0026 08       		.uleb128 0x8
 631 0027 00       		.byte	0
 632 0028 00       		.byte	0
 633 0029 04       		.uleb128 0x4
 634 002a 0F       		.uleb128 0xf
 635 002b 00       		.byte	0
 636 002c 0B       		.uleb128 0xb
 637 002d 0B       		.uleb128 0xb
 638 002e 49       		.uleb128 0x49
 639 002f 13       		.uleb128 0x13
 640 0030 00       		.byte	0
 641 0031 00       		.byte	0
 642 0032 05       		.uleb128 0x5
 643 0033 16       		.uleb128 0x16
 644 0034 00       		.byte	0
 645 0035 03       		.uleb128 0x3
 646 0036 0E       		.uleb128 0xe
 647 0037 3A       		.uleb128 0x3a
 648 0038 0B       		.uleb128 0xb
 649 0039 3B       		.uleb128 0x3b
 650 003a 05       		.uleb128 0x5
 651 003b 49       		.uleb128 0x49
 652 003c 13       		.uleb128 0x13
 653 003d 00       		.byte	0
 654 003e 00       		.byte	0
 655 003f 06       		.uleb128 0x6
 656 0040 13       		.uleb128 0x13
 657 0041 01       		.byte	0x1
 658 0042 03       		.uleb128 0x3
 659 0043 0E       		.uleb128 0xe
 660 0044 0B       		.uleb128 0xb
 661 0045 0B       		.uleb128 0xb
 662 0046 3A       		.uleb128 0x3a
 663 0047 0B       		.uleb128 0xb
 664 0048 3B       		.uleb128 0x3b
 665 0049 0B       		.uleb128 0xb
 666 004a 01       		.uleb128 0x1
ARM GAS  C:\Users\NGUYEN~1\AppData\Local\Temp\cc6n0yOk.s 			page 14


 667 004b 13       		.uleb128 0x13
 668 004c 00       		.byte	0
 669 004d 00       		.byte	0
 670 004e 07       		.uleb128 0x7
 671 004f 0D       		.uleb128 0xd
 672 0050 00       		.byte	0
 673 0051 03       		.uleb128 0x3
 674 0052 0E       		.uleb128 0xe
 675 0053 3A       		.uleb128 0x3a
 676 0054 0B       		.uleb128 0xb
 677 0055 3B       		.uleb128 0x3b
 678 0056 0B       		.uleb128 0xb
 679 0057 49       		.uleb128 0x49
 680 0058 13       		.uleb128 0x13
 681 0059 38       		.uleb128 0x38
 682 005a 0B       		.uleb128 0xb
 683 005b 00       		.byte	0
 684 005c 00       		.byte	0
 685 005d 08       		.uleb128 0x8
 686 005e 0D       		.uleb128 0xd
 687 005f 00       		.byte	0
 688 0060 03       		.uleb128 0x3
 689 0061 08       		.uleb128 0x8
 690 0062 3A       		.uleb128 0x3a
 691 0063 0B       		.uleb128 0xb
 692 0064 3B       		.uleb128 0x3b
 693 0065 0B       		.uleb128 0xb
 694 0066 49       		.uleb128 0x49
 695 0067 13       		.uleb128 0x13
 696 0068 38       		.uleb128 0x38
 697 0069 0B       		.uleb128 0xb
 698 006a 00       		.byte	0
 699 006b 00       		.byte	0
 700 006c 09       		.uleb128 0x9
 701 006d 16       		.uleb128 0x16
 702 006e 00       		.byte	0
 703 006f 03       		.uleb128 0x3
 704 0070 0E       		.uleb128 0xe
 705 0071 3A       		.uleb128 0x3a
 706 0072 0B       		.uleb128 0xb
 707 0073 3B       		.uleb128 0x3b
 708 0074 0B       		.uleb128 0xb
 709 0075 49       		.uleb128 0x49
 710 0076 13       		.uleb128 0x13
 711 0077 00       		.byte	0
 712 0078 00       		.byte	0
 713 0079 0A       		.uleb128 0xa
 714 007a 04       		.uleb128 0x4
 715 007b 01       		.byte	0x1
 716 007c 03       		.uleb128 0x3
 717 007d 0E       		.uleb128 0xe
 718 007e 0B       		.uleb128 0xb
 719 007f 0B       		.uleb128 0xb
 720 0080 49       		.uleb128 0x49
 721 0081 13       		.uleb128 0x13
 722 0082 3A       		.uleb128 0x3a
 723 0083 0B       		.uleb128 0xb
ARM GAS  C:\Users\NGUYEN~1\AppData\Local\Temp\cc6n0yOk.s 			page 15


 724 0084 3B       		.uleb128 0x3b
 725 0085 0B       		.uleb128 0xb
 726 0086 01       		.uleb128 0x1
 727 0087 13       		.uleb128 0x13
 728 0088 00       		.byte	0
 729 0089 00       		.byte	0
 730 008a 0B       		.uleb128 0xb
 731 008b 28       		.uleb128 0x28
 732 008c 00       		.byte	0
 733 008d 03       		.uleb128 0x3
 734 008e 08       		.uleb128 0x8
 735 008f 1C       		.uleb128 0x1c
 736 0090 0B       		.uleb128 0xb
 737 0091 00       		.byte	0
 738 0092 00       		.byte	0
 739 0093 0C       		.uleb128 0xc
 740 0094 28       		.uleb128 0x28
 741 0095 00       		.byte	0
 742 0096 03       		.uleb128 0x3
 743 0097 0E       		.uleb128 0xe
 744 0098 1C       		.uleb128 0x1c
 745 0099 0B       		.uleb128 0xb
 746 009a 00       		.byte	0
 747 009b 00       		.byte	0
 748 009c 0D       		.uleb128 0xd
 749 009d 2E       		.uleb128 0x2e
 750 009e 01       		.byte	0x1
 751 009f 3F       		.uleb128 0x3f
 752 00a0 19       		.uleb128 0x19
 753 00a1 03       		.uleb128 0x3
 754 00a2 0E       		.uleb128 0xe
 755 00a3 3A       		.uleb128 0x3a
 756 00a4 0B       		.uleb128 0xb
 757 00a5 3B       		.uleb128 0x3b
 758 00a6 0B       		.uleb128 0xb
 759 00a7 27       		.uleb128 0x27
 760 00a8 19       		.uleb128 0x19
 761 00a9 11       		.uleb128 0x11
 762 00aa 01       		.uleb128 0x1
 763 00ab 12       		.uleb128 0x12
 764 00ac 06       		.uleb128 0x6
 765 00ad 40       		.uleb128 0x40
 766 00ae 18       		.uleb128 0x18
 767 00af 9742     		.uleb128 0x2117
 768 00b1 19       		.uleb128 0x19
 769 00b2 01       		.uleb128 0x1
 770 00b3 13       		.uleb128 0x13
 771 00b4 00       		.byte	0
 772 00b5 00       		.byte	0
 773 00b6 0E       		.uleb128 0xe
 774 00b7 05       		.uleb128 0x5
 775 00b8 00       		.byte	0
 776 00b9 03       		.uleb128 0x3
 777 00ba 0E       		.uleb128 0xe
 778 00bb 3A       		.uleb128 0x3a
 779 00bc 0B       		.uleb128 0xb
 780 00bd 3B       		.uleb128 0x3b
ARM GAS  C:\Users\NGUYEN~1\AppData\Local\Temp\cc6n0yOk.s 			page 16


 781 00be 0B       		.uleb128 0xb
 782 00bf 49       		.uleb128 0x49
 783 00c0 13       		.uleb128 0x13
 784 00c1 02       		.uleb128 0x2
 785 00c2 18       		.uleb128 0x18
 786 00c3 00       		.byte	0
 787 00c4 00       		.byte	0
 788 00c5 0F       		.uleb128 0xf
 789 00c6 05       		.uleb128 0x5
 790 00c7 00       		.byte	0
 791 00c8 03       		.uleb128 0x3
 792 00c9 0E       		.uleb128 0xe
 793 00ca 3A       		.uleb128 0x3a
 794 00cb 0B       		.uleb128 0xb
 795 00cc 3B       		.uleb128 0x3b
 796 00cd 0B       		.uleb128 0xb
 797 00ce 49       		.uleb128 0x49
 798 00cf 13       		.uleb128 0x13
 799 00d0 02       		.uleb128 0x2
 800 00d1 17       		.uleb128 0x17
 801 00d2 00       		.byte	0
 802 00d3 00       		.byte	0
 803 00d4 10       		.uleb128 0x10
 804 00d5 34       		.uleb128 0x34
 805 00d6 00       		.byte	0
 806 00d7 03       		.uleb128 0x3
 807 00d8 0E       		.uleb128 0xe
 808 00d9 3A       		.uleb128 0x3a
 809 00da 0B       		.uleb128 0xb
 810 00db 3B       		.uleb128 0x3b
 811 00dc 0B       		.uleb128 0xb
 812 00dd 49       		.uleb128 0x49
 813 00de 13       		.uleb128 0x13
 814 00df 02       		.uleb128 0x2
 815 00e0 18       		.uleb128 0x18
 816 00e1 00       		.byte	0
 817 00e2 00       		.byte	0
 818 00e3 11       		.uleb128 0x11
 819 00e4 898201   		.uleb128 0x4109
 820 00e7 01       		.byte	0x1
 821 00e8 11       		.uleb128 0x11
 822 00e9 01       		.uleb128 0x1
 823 00ea 31       		.uleb128 0x31
 824 00eb 13       		.uleb128 0x13
 825 00ec 00       		.byte	0
 826 00ed 00       		.byte	0
 827 00ee 12       		.uleb128 0x12
 828 00ef 8A8201   		.uleb128 0x410a
 829 00f2 00       		.byte	0
 830 00f3 02       		.uleb128 0x2
 831 00f4 18       		.uleb128 0x18
 832 00f5 9142     		.uleb128 0x2111
 833 00f7 18       		.uleb128 0x18
 834 00f8 00       		.byte	0
 835 00f9 00       		.byte	0
 836 00fa 13       		.uleb128 0x13
 837 00fb 01       		.uleb128 0x1
ARM GAS  C:\Users\NGUYEN~1\AppData\Local\Temp\cc6n0yOk.s 			page 17


 838 00fc 01       		.byte	0x1
 839 00fd 49       		.uleb128 0x49
 840 00fe 13       		.uleb128 0x13
 841 00ff 01       		.uleb128 0x1
 842 0100 13       		.uleb128 0x13
 843 0101 00       		.byte	0
 844 0102 00       		.byte	0
 845 0103 14       		.uleb128 0x14
 846 0104 21       		.uleb128 0x21
 847 0105 00       		.byte	0
 848 0106 49       		.uleb128 0x49
 849 0107 13       		.uleb128 0x13
 850 0108 2F       		.uleb128 0x2f
 851 0109 0B       		.uleb128 0xb
 852 010a 00       		.byte	0
 853 010b 00       		.byte	0
 854 010c 15       		.uleb128 0x15
 855 010d 2E       		.uleb128 0x2e
 856 010e 01       		.byte	0x1
 857 010f 3F       		.uleb128 0x3f
 858 0110 19       		.uleb128 0x19
 859 0111 03       		.uleb128 0x3
 860 0112 0E       		.uleb128 0xe
 861 0113 3A       		.uleb128 0x3a
 862 0114 0B       		.uleb128 0xb
 863 0115 3B       		.uleb128 0x3b
 864 0116 0B       		.uleb128 0xb
 865 0117 11       		.uleb128 0x11
 866 0118 01       		.uleb128 0x1
 867 0119 12       		.uleb128 0x12
 868 011a 06       		.uleb128 0x6
 869 011b 40       		.uleb128 0x40
 870 011c 18       		.uleb128 0x18
 871 011d 9742     		.uleb128 0x2117
 872 011f 19       		.uleb128 0x19
 873 0120 01       		.uleb128 0x1
 874 0121 13       		.uleb128 0x13
 875 0122 00       		.byte	0
 876 0123 00       		.byte	0
 877 0124 16       		.uleb128 0x16
 878 0125 898201   		.uleb128 0x4109
 879 0128 01       		.byte	0x1
 880 0129 11       		.uleb128 0x11
 881 012a 01       		.uleb128 0x1
 882 012b 31       		.uleb128 0x31
 883 012c 13       		.uleb128 0x13
 884 012d 01       		.uleb128 0x1
 885 012e 13       		.uleb128 0x13
 886 012f 00       		.byte	0
 887 0130 00       		.byte	0
 888 0131 17       		.uleb128 0x17
 889 0132 2E       		.uleb128 0x2e
 890 0133 00       		.byte	0
 891 0134 3F       		.uleb128 0x3f
 892 0135 19       		.uleb128 0x19
 893 0136 3C       		.uleb128 0x3c
 894 0137 19       		.uleb128 0x19
ARM GAS  C:\Users\NGUYEN~1\AppData\Local\Temp\cc6n0yOk.s 			page 18


 895 0138 6E       		.uleb128 0x6e
 896 0139 0E       		.uleb128 0xe
 897 013a 03       		.uleb128 0x3
 898 013b 0E       		.uleb128 0xe
 899 013c 3A       		.uleb128 0x3a
 900 013d 0B       		.uleb128 0xb
 901 013e 3B       		.uleb128 0x3b
 902 013f 0B       		.uleb128 0xb
 903 0140 00       		.byte	0
 904 0141 00       		.byte	0
 905 0142 18       		.uleb128 0x18
 906 0143 2E       		.uleb128 0x2e
 907 0144 00       		.byte	0
 908 0145 3F       		.uleb128 0x3f
 909 0146 19       		.uleb128 0x19
 910 0147 3C       		.uleb128 0x3c
 911 0148 19       		.uleb128 0x19
 912 0149 6E       		.uleb128 0x6e
 913 014a 0E       		.uleb128 0xe
 914 014b 03       		.uleb128 0x3
 915 014c 0E       		.uleb128 0xe
 916 014d 3A       		.uleb128 0x3a
 917 014e 0B       		.uleb128 0xb
 918 014f 3B       		.uleb128 0x3b
 919 0150 05       		.uleb128 0x5
 920 0151 00       		.byte	0
 921 0152 00       		.byte	0
 922 0153 00       		.byte	0
 923              		.section	.debug_loc,"",%progbits
 924              	.Ldebug_loc0:
 925              	.LLST0:
 926 0000 00000000 		.4byte	.LVL0
 927 0004 16000000 		.4byte	.LVL1
 928 0008 0100     		.2byte	0x1
 929 000a 52       		.byte	0x52
 930 000b 16000000 		.4byte	.LVL1
 931 000f 87000000 		.4byte	.LVL2-1
 932 0013 0100     		.2byte	0x1
 933 0015 50       		.byte	0x50
 934 0016 87000000 		.4byte	.LVL2-1
 935 001a B4000000 		.4byte	.LFE33
 936 001e 0400     		.2byte	0x4
 937 0020 F3       		.byte	0xf3
 938 0021 01       		.uleb128 0x1
 939 0022 52       		.byte	0x52
 940 0023 9F       		.byte	0x9f
 941 0024 00000000 		.4byte	0
 942 0028 00000000 		.4byte	0
 943              		.section	.debug_aranges,"",%progbits
 944 0000 24000000 		.4byte	0x24
 945 0004 0200     		.2byte	0x2
 946 0006 00000000 		.4byte	.Ldebug_info0
 947 000a 04       		.byte	0x4
 948 000b 00       		.byte	0
 949 000c 0000     		.2byte	0
 950 000e 0000     		.2byte	0
 951 0010 00000000 		.4byte	.LFB33
ARM GAS  C:\Users\NGUYEN~1\AppData\Local\Temp\cc6n0yOk.s 			page 19


 952 0014 B4000000 		.4byte	.LFE33-.LFB33
 953 0018 00000000 		.4byte	.LFB34
 954 001c 32000000 		.4byte	.LFE34-.LFB34
 955 0020 00000000 		.4byte	0
 956 0024 00000000 		.4byte	0
 957              		.section	.debug_ranges,"",%progbits
 958              	.Ldebug_ranges0:
 959 0000 00000000 		.4byte	.LFB33
 960 0004 B4000000 		.4byte	.LFE33
 961 0008 00000000 		.4byte	.LFB34
 962 000c 32000000 		.4byte	.LFE34
 963 0010 00000000 		.4byte	0
 964 0014 00000000 		.4byte	0
 965              		.section	.debug_line,"",%progbits
 966              	.Ldebug_line0:
 967 0000 39010000 		.section	.debug_str,"MS",%progbits,1
 967      0200F600 
 967      00000201 
 967      FB0E0D00 
 967      01010101 
 968              	.LASF34:
 969 0000 4461794F 		.ascii	"DayOfWeek\000"
 969      66576565 
 969      6B00
 970              	.LASF33:
 971 000a 44617461 		.ascii	"DataTime\000"
 971      54696D65 
 971      00
 972              	.LASF19:
 973 0013 79656172 		.ascii	"year\000"
 973      00
 974              	.LASF15:
 975 0018 6D696E75 		.ascii	"minute\000"
 975      746500
 976              	.LASF3:
 977 001f 73686F72 		.ascii	"short unsigned int\000"
 977      7420756E 
 977      7369676E 
 977      65642069 
 977      6E7400
 978              	.LASF26:
 979 0032 74785374 		.ascii	"txString\000"
 979      72696E67 
 979      00
 980              	.LASF18:
 981 003b 6D6F6E74 		.ascii	"month\000"
 981      6800
 982              	.LASF17:
 983 0041 64617465 		.ascii	"date\000"
 983      00
 984              	.LASF12:
 985 0046 666C6F61 		.ascii	"float\000"
 985      7400
 986              	.LASF25:
 987 004c 64617949 		.ascii	"dayInWeek\000"
 987      6E576565 
 987      6B00
ARM GAS  C:\Users\NGUYEN~1\AppData\Local\Temp\cc6n0yOk.s 			page 20


 988              	.LASF5:
 989 0056 6C6F6E67 		.ascii	"long unsigned int\000"
 989      20756E73 
 989      69676E65 
 989      6420696E 
 989      7400
 990              	.LASF24:
 991 0068 73747269 		.ascii	"strings\000"
 991      6E677300 
 992              	.LASF14:
 993 0070 7365636F 		.ascii	"second\000"
 993      6E6400
 994              	.LASF1:
 995 0077 756E7369 		.ascii	"unsigned char\000"
 995      676E6564 
 995      20636861 
 995      7200
 996              	.LASF13:
 997 0085 646F7562 		.ascii	"double\000"
 997      6C6500
 998              	.LASF28:
 999 008c 75617274 		.ascii	"uart_transmit_UartPutString\000"
 999      5F747261 
 999      6E736D69 
 999      745F5561 
 999      72745075 
 1000              	.LASF36:
 1001 00a8 74657374 		.ascii	"test_uart_transmit\000"
 1001      5F756172 
 1001      745F7472 
 1001      616E736D 
 1001      697400
 1002              	.LASF21:
 1003 00bb 64617461 		.ascii	"data_time\000"
 1003      5F74696D 
 1003      6500
 1004              	.LASF31:
 1005 00c5 75617274 		.ascii	"uart_transmitss.c\000"
 1005      5F747261 
 1005      6E736D69 
 1005      7473732E 
 1005      6300
 1006              	.LASF8:
 1007 00d7 756E7369 		.ascii	"unsigned int\000"
 1007      676E6564 
 1007      20696E74 
 1007      00
 1008              	.LASF7:
 1009 00e4 6C6F6E67 		.ascii	"long long unsigned int\000"
 1009      206C6F6E 
 1009      6720756E 
 1009      7369676E 
 1009      65642069 
 1010              	.LASF16:
 1011 00fb 686F7572 		.ascii	"hour\000"
 1011      00
 1012              	.LASF23:
ARM GAS  C:\Users\NGUYEN~1\AppData\Local\Temp\cc6n0yOk.s 			page 21


 1013 0100 74696D65 		.ascii	"time\000"
 1013      00
 1014              	.LASF30:
 1015 0105 474E5520 		.ascii	"GNU C11 5.4.1 20160609 (release) [ARM/embedded-5-br"
 1015      43313120 
 1015      352E342E 
 1015      31203230 
 1015      31363036 
 1016 0138 616E6368 		.ascii	"anch revision 237715] -mcpu=cortex-m0 -mthumb -g -O"
 1016      20726576 
 1016      6973696F 
 1016      6E203233 
 1016      37373135 
 1017 016b 67202D66 		.ascii	"g -ffunction-sections -ffat-lto-objects\000"
 1017      66756E63 
 1017      74696F6E 
 1017      2D736563 
 1017      74696F6E 
 1018              	.LASF10:
 1019 0193 73697A65 		.ascii	"sizetype\000"
 1019      74797065 
 1019      00
 1020              	.LASF6:
 1021 019c 6C6F6E67 		.ascii	"long long int\000"
 1021      206C6F6E 
 1021      6720696E 
 1021      7400
 1022              	.LASF11:
 1023 01aa 63686172 		.ascii	"char\000"
 1023      00
 1024              	.LASF2:
 1025 01af 73686F72 		.ascii	"short int\000"
 1025      7420696E 
 1025      7400
 1026              	.LASF35:
 1027 01b9 74696D65 		.ascii	"time_string_concatenation\000"
 1027      5F737472 
 1027      696E675F 
 1027      636F6E63 
 1027      6174656E 
 1028              	.LASF20:
 1029 01d3 75696E74 		.ascii	"uint8\000"
 1029      3800
 1030              	.LASF32:
 1031 01d9 443A5C70 		.ascii	"D:\\psoc\\theory\\ds1307_with_uart\\ds1307_with_uar"
 1031      736F635C 
 1031      7468656F 
 1031      72795C64 
 1031      73313330 
 1032 0208 742E6379 		.ascii	"t.cydsn\000"
 1032      64736E00 
 1033              	.LASF4:
 1034 0210 6C6F6E67 		.ascii	"long int\000"
 1034      20696E74 
 1034      00
 1035              	.LASF9:
 1036 0219 6C6F6E67 		.ascii	"long double\000"
ARM GAS  C:\Users\NGUYEN~1\AppData\Local\Temp\cc6n0yOk.s 			page 22


 1036      20646F75 
 1036      626C6500 
 1037              	.LASF0:
 1038 0225 7369676E 		.ascii	"signed char\000"
 1038      65642063 
 1038      68617200 
 1039              	.LASF22:
 1040 0231 54687572 		.ascii	"Thur\000"
 1040      00
 1041              	.LASF29:
 1042 0236 43794465 		.ascii	"CyDelay\000"
 1042      6C617900 
 1043              	.LASF27:
 1044 023e 73707269 		.ascii	"sprintf\000"
 1044      6E746600 
 1045              		.ident	"GCC: (GNU Tools for ARM Embedded Processors) 5.4.1 20160609 (release) [ARM/embedded-5-bran
