ARM GAS  C:\Users\NGUYEN~1\AppData\Local\Temp\ccqnyeuw.s 			page 1


   1              		.syntax unified
   2              		.cpu cortex-m0
   3              		.fpu softvfp
   4              		.eabi_attribute 20, 1
   5              		.eabi_attribute 21, 1
   6              		.eabi_attribute 23, 3
   7              		.eabi_attribute 24, 1
   8              		.eabi_attribute 25, 1
   9              		.eabi_attribute 26, 1
  10              		.eabi_attribute 30, 1
  11              		.eabi_attribute 34, 0
  12              		.eabi_attribute 18, 4
  13              		.thumb
  14              		.syntax unified
  15              		.file	"main.c"
  16              		.text
  17              	.Ltext0:
  18              		.cfi_sections	.debug_frame
  19              		.section	.text.init_system,"ax",%progbits
  20              		.align	2
  21              		.global	init_system
  22              		.code	16
  23              		.thumb_func
  24              		.type	init_system, %function
  25              	init_system:
  26              	.LFB33:
  27              		.file 1 "main.c"
   1:main.c        **** /* ========================================
   2:main.c        ****  *
   3:main.c        ****  * Copyright YOUR COMPANY, THE YEAR
   4:main.c        ****  * All Rights Reserved
   5:main.c        ****  * UNPUBLISHED, LICENSED SOFTWARE.
   6:main.c        ****  *
   7:main.c        ****  * CONFIDENTIAL AND PROPRIETARY INFORMATION
   8:main.c        ****  * WHICH IS THE PROPERTY OF your company.
   9:main.c        ****  *
  10:main.c        ****  * ========================================
  11:main.c        **** */
  12:main.c        **** 
  13:main.c        **** #include "main.h"
  14:main.c        **** 
  15:main.c        **** #include "project.h"
  16:main.c        **** #include "Timer_Delay.h"
  17:main.c        **** #include "Led_Yellow.h"
  18:main.c        **** 
  19:main.c        **** 
  20:main.c        **** int main(void)
  21:main.c        **** {
  22:main.c        ****     CyGlobalIntEnable; /* Enable global interrupts. */
  23:main.c        **** 
  24:main.c        ****     init_system();
  25:main.c        **** 
  26:main.c        ****     for(;;)
  27:main.c        ****     {
  28:main.c        ****         led_blink(100);
  29:main.c        ****     }
  30:main.c        **** }
ARM GAS  C:\Users\NGUYEN~1\AppData\Local\Temp\ccqnyeuw.s 			page 2


  31:main.c        **** 
  32:main.c        **** void init_system(void)
  33:main.c        **** {
  28              		.loc 1 33 0
  29              		.cfi_startproc
  30              		@ args = 0, pretend = 0, frame = 0
  31              		@ frame_needed = 0, uses_anonymous_args = 0
  32 0000 10B5     		push	{r4, lr}
  33              		.cfi_def_cfa_offset 8
  34              		.cfi_offset 4, -8
  35              		.cfi_offset 14, -4
  34:main.c        ****     timer_Start();
  36              		.loc 1 34 0
  37 0002 FFF7FEFF 		bl	timer_Start
  38              	.LVL0:
  35:main.c        ****     
  36:main.c        ****     start_timer_int();
  39              		.loc 1 36 0
  40 0006 FFF7FEFF 		bl	start_timer_int
  41              	.LVL1:
  37:main.c        **** }
  42              		.loc 1 37 0
  43              		@ sp needed
  44 000a 10BD     		pop	{r4, pc}
  45              		.cfi_endproc
  46              	.LFE33:
  47              		.size	init_system, .-init_system
  48              		.section	.text.main,"ax",%progbits
  49              		.align	2
  50              		.global	main
  51              		.code	16
  52              		.thumb_func
  53              		.type	main, %function
  54              	main:
  55              	.LFB32:
  21:main.c        ****     CyGlobalIntEnable; /* Enable global interrupts. */
  56              		.loc 1 21 0
  57              		.cfi_startproc
  58              		@ Volatile: function does not return.
  59              		@ args = 0, pretend = 0, frame = 0
  60              		@ frame_needed = 0, uses_anonymous_args = 0
  61 0000 10B5     		push	{r4, lr}
  62              		.cfi_def_cfa_offset 8
  63              		.cfi_offset 4, -8
  64              		.cfi_offset 14, -4
  22:main.c        **** 
  65              		.loc 1 22 0
  66              		.syntax divided
  67              	@ 22 "main.c" 1
  68 0002 62B6     		CPSIE   i
  69              	@ 0 "" 2
  24:main.c        **** 
  70              		.loc 1 24 0
  71              		.thumb
  72              		.syntax unified
  73 0004 FFF7FEFF 		bl	init_system
  74              	.LVL2:
ARM GAS  C:\Users\NGUYEN~1\AppData\Local\Temp\ccqnyeuw.s 			page 3


  75              	.L3:
  28:main.c        ****     }
  76              		.loc 1 28 0 discriminator 1
  77 0008 6420     		movs	r0, #100
  78 000a FFF7FEFF 		bl	led_blink
  79              	.LVL3:
  80 000e FBE7     		b	.L3
  81              		.cfi_endproc
  82              	.LFE32:
  83              		.size	main, .-main
  84              		.text
  85              	.Letext0:
  86              		.file 2 "Generated_Source\\PSoC4/timer.h"
  87              		.file 3 "Timer_Delay.h"
  88              		.file 4 "Led_Yellow.h"
  89              		.section	.debug_info,"",%progbits
  90              	.Ldebug_info0:
  91 0000 08010000 		.4byte	0x108
  92 0004 0400     		.2byte	0x4
  93 0006 00000000 		.4byte	.Ldebug_abbrev0
  94 000a 04       		.byte	0x4
  95 000b 01       		.uleb128 0x1
  96 000c D8000000 		.4byte	.LASF17
  97 0010 0C       		.byte	0xc
  98 0011 27000000 		.4byte	.LASF18
  99 0015 62000000 		.4byte	.LASF19
 100 0019 00000000 		.4byte	.Ldebug_ranges0+0
 101 001d 00000000 		.4byte	0
 102 0021 00000000 		.4byte	.Ldebug_line0
 103 0025 02       		.uleb128 0x2
 104 0026 01       		.byte	0x1
 105 0027 06       		.byte	0x6
 106 0028 79010000 		.4byte	.LASF0
 107 002c 02       		.uleb128 0x2
 108 002d 01       		.byte	0x1
 109 002e 08       		.byte	0x8
 110 002f 8F000000 		.4byte	.LASF1
 111 0033 02       		.uleb128 0x2
 112 0034 02       		.byte	0x2
 113 0035 05       		.byte	0x5
 114 0036 91010000 		.4byte	.LASF2
 115 003a 02       		.uleb128 0x2
 116 003b 02       		.byte	0x2
 117 003c 07       		.byte	0x7
 118 003d 66010000 		.4byte	.LASF3
 119 0041 02       		.uleb128 0x2
 120 0042 04       		.byte	0x4
 121 0043 05       		.byte	0x5
 122 0044 B2000000 		.4byte	.LASF4
 123 0048 02       		.uleb128 0x2
 124 0049 04       		.byte	0x4
 125 004a 07       		.byte	0x7
 126 004b 33000000 		.4byte	.LASF5
 127 004f 02       		.uleb128 0x2
 128 0050 08       		.byte	0x8
 129 0051 05       		.byte	0x5
 130 0052 00000000 		.4byte	.LASF6
ARM GAS  C:\Users\NGUYEN~1\AppData\Local\Temp\ccqnyeuw.s 			page 4


 131 0056 02       		.uleb128 0x2
 132 0057 08       		.byte	0x8
 133 0058 07       		.byte	0x7
 134 0059 45000000 		.4byte	.LASF7
 135 005d 03       		.uleb128 0x3
 136 005e 04       		.byte	0x4
 137 005f 05       		.byte	0x5
 138 0060 696E7400 		.ascii	"int\000"
 139 0064 02       		.uleb128 0x2
 140 0065 04       		.byte	0x4
 141 0066 07       		.byte	0x7
 142 0067 1A000000 		.4byte	.LASF8
 143 006b 02       		.uleb128 0x2
 144 006c 04       		.byte	0x4
 145 006d 04       		.byte	0x4
 146 006e 5C000000 		.4byte	.LASF9
 147 0072 02       		.uleb128 0x2
 148 0073 08       		.byte	0x8
 149 0074 04       		.byte	0x4
 150 0075 D1000000 		.4byte	.LASF10
 151 0079 02       		.uleb128 0x2
 152 007a 01       		.byte	0x1
 153 007b 08       		.byte	0x8
 154 007c AD000000 		.4byte	.LASF11
 155 0080 02       		.uleb128 0x2
 156 0081 08       		.byte	0x8
 157 0082 04       		.byte	0x4
 158 0083 85010000 		.4byte	.LASF12
 159 0087 02       		.uleb128 0x2
 160 0088 04       		.byte	0x4
 161 0089 07       		.byte	0x7
 162 008a 9B010000 		.4byte	.LASF13
 163 008e 04       		.uleb128 0x4
 164 008f 0E000000 		.4byte	.LASF20
 165 0093 01       		.byte	0x1
 166 0094 20       		.byte	0x20
 167 0095 00000000 		.4byte	.LFB33
 168 0099 0C000000 		.4byte	.LFE33-.LFB33
 169 009d 01       		.uleb128 0x1
 170 009e 9C       		.byte	0x9c
 171 009f B6000000 		.4byte	0xb6
 172 00a3 05       		.uleb128 0x5
 173 00a4 06000000 		.4byte	.LVL0
 174 00a8 E9000000 		.4byte	0xe9
 175 00ac 05       		.uleb128 0x5
 176 00ad 0A000000 		.4byte	.LVL1
 177 00b1 F5000000 		.4byte	0xf5
 178 00b5 00       		.byte	0
 179 00b6 06       		.uleb128 0x6
 180 00b7 2E000000 		.4byte	.LASF21
 181 00bb 01       		.byte	0x1
 182 00bc 14       		.byte	0x14
 183 00bd 5D000000 		.4byte	0x5d
 184 00c1 00000000 		.4byte	.LFB32
 185 00c5 10000000 		.4byte	.LFE32-.LFB32
 186 00c9 01       		.uleb128 0x1
 187 00ca 9C       		.byte	0x9c
ARM GAS  C:\Users\NGUYEN~1\AppData\Local\Temp\ccqnyeuw.s 			page 5


 188 00cb E9000000 		.4byte	0xe9
 189 00cf 05       		.uleb128 0x5
 190 00d0 08000000 		.4byte	.LVL2
 191 00d4 8E000000 		.4byte	0x8e
 192 00d8 07       		.uleb128 0x7
 193 00d9 0E000000 		.4byte	.LVL3
 194 00dd 00010000 		.4byte	0x100
 195 00e1 08       		.uleb128 0x8
 196 00e2 01       		.uleb128 0x1
 197 00e3 50       		.byte	0x50
 198 00e4 02       		.uleb128 0x2
 199 00e5 08       		.byte	0x8
 200 00e6 64       		.byte	0x64
 201 00e7 00       		.byte	0
 202 00e8 00       		.byte	0
 203 00e9 09       		.uleb128 0x9
 204 00ea C5000000 		.4byte	.LASF14
 205 00ee C5000000 		.4byte	.LASF14
 206 00f2 02       		.byte	0x2
 207 00f3 3201     		.2byte	0x132
 208 00f5 0A       		.uleb128 0xa
 209 00f6 9D000000 		.4byte	.LASF15
 210 00fa 9D000000 		.4byte	.LASF15
 211 00fe 03       		.byte	0x3
 212 00ff 11       		.byte	0x11
 213 0100 0A       		.uleb128 0xa
 214 0101 BB000000 		.4byte	.LASF16
 215 0105 BB000000 		.4byte	.LASF16
 216 0109 04       		.byte	0x4
 217 010a 0F       		.byte	0xf
 218 010b 00       		.byte	0
 219              		.section	.debug_abbrev,"",%progbits
 220              	.Ldebug_abbrev0:
 221 0000 01       		.uleb128 0x1
 222 0001 11       		.uleb128 0x11
 223 0002 01       		.byte	0x1
 224 0003 25       		.uleb128 0x25
 225 0004 0E       		.uleb128 0xe
 226 0005 13       		.uleb128 0x13
 227 0006 0B       		.uleb128 0xb
 228 0007 03       		.uleb128 0x3
 229 0008 0E       		.uleb128 0xe
 230 0009 1B       		.uleb128 0x1b
 231 000a 0E       		.uleb128 0xe
 232 000b 55       		.uleb128 0x55
 233 000c 17       		.uleb128 0x17
 234 000d 11       		.uleb128 0x11
 235 000e 01       		.uleb128 0x1
 236 000f 10       		.uleb128 0x10
 237 0010 17       		.uleb128 0x17
 238 0011 00       		.byte	0
 239 0012 00       		.byte	0
 240 0013 02       		.uleb128 0x2
 241 0014 24       		.uleb128 0x24
 242 0015 00       		.byte	0
 243 0016 0B       		.uleb128 0xb
 244 0017 0B       		.uleb128 0xb
ARM GAS  C:\Users\NGUYEN~1\AppData\Local\Temp\ccqnyeuw.s 			page 6


 245 0018 3E       		.uleb128 0x3e
 246 0019 0B       		.uleb128 0xb
 247 001a 03       		.uleb128 0x3
 248 001b 0E       		.uleb128 0xe
 249 001c 00       		.byte	0
 250 001d 00       		.byte	0
 251 001e 03       		.uleb128 0x3
 252 001f 24       		.uleb128 0x24
 253 0020 00       		.byte	0
 254 0021 0B       		.uleb128 0xb
 255 0022 0B       		.uleb128 0xb
 256 0023 3E       		.uleb128 0x3e
 257 0024 0B       		.uleb128 0xb
 258 0025 03       		.uleb128 0x3
 259 0026 08       		.uleb128 0x8
 260 0027 00       		.byte	0
 261 0028 00       		.byte	0
 262 0029 04       		.uleb128 0x4
 263 002a 2E       		.uleb128 0x2e
 264 002b 01       		.byte	0x1
 265 002c 3F       		.uleb128 0x3f
 266 002d 19       		.uleb128 0x19
 267 002e 03       		.uleb128 0x3
 268 002f 0E       		.uleb128 0xe
 269 0030 3A       		.uleb128 0x3a
 270 0031 0B       		.uleb128 0xb
 271 0032 3B       		.uleb128 0x3b
 272 0033 0B       		.uleb128 0xb
 273 0034 27       		.uleb128 0x27
 274 0035 19       		.uleb128 0x19
 275 0036 11       		.uleb128 0x11
 276 0037 01       		.uleb128 0x1
 277 0038 12       		.uleb128 0x12
 278 0039 06       		.uleb128 0x6
 279 003a 40       		.uleb128 0x40
 280 003b 18       		.uleb128 0x18
 281 003c 9742     		.uleb128 0x2117
 282 003e 19       		.uleb128 0x19
 283 003f 01       		.uleb128 0x1
 284 0040 13       		.uleb128 0x13
 285 0041 00       		.byte	0
 286 0042 00       		.byte	0
 287 0043 05       		.uleb128 0x5
 288 0044 898201   		.uleb128 0x4109
 289 0047 00       		.byte	0
 290 0048 11       		.uleb128 0x11
 291 0049 01       		.uleb128 0x1
 292 004a 31       		.uleb128 0x31
 293 004b 13       		.uleb128 0x13
 294 004c 00       		.byte	0
 295 004d 00       		.byte	0
 296 004e 06       		.uleb128 0x6
 297 004f 2E       		.uleb128 0x2e
 298 0050 01       		.byte	0x1
 299 0051 3F       		.uleb128 0x3f
 300 0052 19       		.uleb128 0x19
 301 0053 03       		.uleb128 0x3
ARM GAS  C:\Users\NGUYEN~1\AppData\Local\Temp\ccqnyeuw.s 			page 7


 302 0054 0E       		.uleb128 0xe
 303 0055 3A       		.uleb128 0x3a
 304 0056 0B       		.uleb128 0xb
 305 0057 3B       		.uleb128 0x3b
 306 0058 0B       		.uleb128 0xb
 307 0059 27       		.uleb128 0x27
 308 005a 19       		.uleb128 0x19
 309 005b 49       		.uleb128 0x49
 310 005c 13       		.uleb128 0x13
 311 005d 8701     		.uleb128 0x87
 312 005f 19       		.uleb128 0x19
 313 0060 11       		.uleb128 0x11
 314 0061 01       		.uleb128 0x1
 315 0062 12       		.uleb128 0x12
 316 0063 06       		.uleb128 0x6
 317 0064 40       		.uleb128 0x40
 318 0065 18       		.uleb128 0x18
 319 0066 9742     		.uleb128 0x2117
 320 0068 19       		.uleb128 0x19
 321 0069 01       		.uleb128 0x1
 322 006a 13       		.uleb128 0x13
 323 006b 00       		.byte	0
 324 006c 00       		.byte	0
 325 006d 07       		.uleb128 0x7
 326 006e 898201   		.uleb128 0x4109
 327 0071 01       		.byte	0x1
 328 0072 11       		.uleb128 0x11
 329 0073 01       		.uleb128 0x1
 330 0074 31       		.uleb128 0x31
 331 0075 13       		.uleb128 0x13
 332 0076 00       		.byte	0
 333 0077 00       		.byte	0
 334 0078 08       		.uleb128 0x8
 335 0079 8A8201   		.uleb128 0x410a
 336 007c 00       		.byte	0
 337 007d 02       		.uleb128 0x2
 338 007e 18       		.uleb128 0x18
 339 007f 9142     		.uleb128 0x2111
 340 0081 18       		.uleb128 0x18
 341 0082 00       		.byte	0
 342 0083 00       		.byte	0
 343 0084 09       		.uleb128 0x9
 344 0085 2E       		.uleb128 0x2e
 345 0086 00       		.byte	0
 346 0087 3F       		.uleb128 0x3f
 347 0088 19       		.uleb128 0x19
 348 0089 3C       		.uleb128 0x3c
 349 008a 19       		.uleb128 0x19
 350 008b 6E       		.uleb128 0x6e
 351 008c 0E       		.uleb128 0xe
 352 008d 03       		.uleb128 0x3
 353 008e 0E       		.uleb128 0xe
 354 008f 3A       		.uleb128 0x3a
 355 0090 0B       		.uleb128 0xb
 356 0091 3B       		.uleb128 0x3b
 357 0092 05       		.uleb128 0x5
 358 0093 00       		.byte	0
ARM GAS  C:\Users\NGUYEN~1\AppData\Local\Temp\ccqnyeuw.s 			page 8


 359 0094 00       		.byte	0
 360 0095 0A       		.uleb128 0xa
 361 0096 2E       		.uleb128 0x2e
 362 0097 00       		.byte	0
 363 0098 3F       		.uleb128 0x3f
 364 0099 19       		.uleb128 0x19
 365 009a 3C       		.uleb128 0x3c
 366 009b 19       		.uleb128 0x19
 367 009c 6E       		.uleb128 0x6e
 368 009d 0E       		.uleb128 0xe
 369 009e 03       		.uleb128 0x3
 370 009f 0E       		.uleb128 0xe
 371 00a0 3A       		.uleb128 0x3a
 372 00a1 0B       		.uleb128 0xb
 373 00a2 3B       		.uleb128 0x3b
 374 00a3 0B       		.uleb128 0xb
 375 00a4 00       		.byte	0
 376 00a5 00       		.byte	0
 377 00a6 00       		.byte	0
 378              		.section	.debug_aranges,"",%progbits
 379 0000 24000000 		.4byte	0x24
 380 0004 0200     		.2byte	0x2
 381 0006 00000000 		.4byte	.Ldebug_info0
 382 000a 04       		.byte	0x4
 383 000b 00       		.byte	0
 384 000c 0000     		.2byte	0
 385 000e 0000     		.2byte	0
 386 0010 00000000 		.4byte	.LFB33
 387 0014 0C000000 		.4byte	.LFE33-.LFB33
 388 0018 00000000 		.4byte	.LFB32
 389 001c 10000000 		.4byte	.LFE32-.LFB32
 390 0020 00000000 		.4byte	0
 391 0024 00000000 		.4byte	0
 392              		.section	.debug_ranges,"",%progbits
 393              	.Ldebug_ranges0:
 394 0000 00000000 		.4byte	.LFB33
 395 0004 0C000000 		.4byte	.LFE33
 396 0008 00000000 		.4byte	.LFB32
 397 000c 10000000 		.4byte	.LFE32
 398 0010 00000000 		.4byte	0
 399 0014 00000000 		.4byte	0
 400              		.section	.debug_line,"",%progbits
 401              	.Ldebug_line0:
 402 0000 8E000000 		.section	.debug_str,"MS",%progbits,1
 402      02006000 
 402      00000201 
 402      FB0E0D00 
 402      01010101 
 403              	.LASF6:
 404 0000 6C6F6E67 		.ascii	"long long int\000"
 404      206C6F6E 
 404      6720696E 
 404      7400
 405              	.LASF20:
 406 000e 696E6974 		.ascii	"init_system\000"
 406      5F737973 
 406      74656D00 
ARM GAS  C:\Users\NGUYEN~1\AppData\Local\Temp\ccqnyeuw.s 			page 9


 407              	.LASF8:
 408 001a 756E7369 		.ascii	"unsigned int\000"
 408      676E6564 
 408      20696E74 
 408      00
 409              	.LASF18:
 410 0027 6D61696E 		.ascii	"main.c\000"
 410      2E6300
 411              	.LASF21:
 412 002e 6D61696E 		.ascii	"main\000"
 412      00
 413              	.LASF5:
 414 0033 6C6F6E67 		.ascii	"long unsigned int\000"
 414      20756E73 
 414      69676E65 
 414      6420696E 
 414      7400
 415              	.LASF7:
 416 0045 6C6F6E67 		.ascii	"long long unsigned int\000"
 416      206C6F6E 
 416      6720756E 
 416      7369676E 
 416      65642069 
 417              	.LASF9:
 418 005c 666C6F61 		.ascii	"float\000"
 418      7400
 419              	.LASF19:
 420 0062 443A5C70 		.ascii	"D:\\psoc\\theory\\timer_delay\\timer_delay.cydsn\000"
 420      736F635C 
 420      7468656F 
 420      72795C74 
 420      696D6572 
 421              	.LASF1:
 422 008f 756E7369 		.ascii	"unsigned char\000"
 422      676E6564 
 422      20636861 
 422      7200
 423              	.LASF15:
 424 009d 73746172 		.ascii	"start_timer_int\000"
 424      745F7469 
 424      6D65725F 
 424      696E7400 
 425              	.LASF11:
 426 00ad 63686172 		.ascii	"char\000"
 426      00
 427              	.LASF4:
 428 00b2 6C6F6E67 		.ascii	"long int\000"
 428      20696E74 
 428      00
 429              	.LASF16:
 430 00bb 6C65645F 		.ascii	"led_blink\000"
 430      626C696E 
 430      6B00
 431              	.LASF14:
 432 00c5 74696D65 		.ascii	"timer_Start\000"
 432      725F5374 
 432      61727400 
ARM GAS  C:\Users\NGUYEN~1\AppData\Local\Temp\ccqnyeuw.s 			page 10


 433              	.LASF10:
 434 00d1 646F7562 		.ascii	"double\000"
 434      6C6500
 435              	.LASF17:
 436 00d8 474E5520 		.ascii	"GNU C11 5.4.1 20160609 (release) [ARM/embedded-5-br"
 436      43313120 
 436      352E342E 
 436      31203230 
 436      31363036 
 437 010b 616E6368 		.ascii	"anch revision 237715] -mcpu=cortex-m0 -mthumb -g -O"
 437      20726576 
 437      6973696F 
 437      6E203233 
 437      37373135 
 438 013e 67202D66 		.ascii	"g -ffunction-sections -ffat-lto-objects\000"
 438      66756E63 
 438      74696F6E 
 438      2D736563 
 438      74696F6E 
 439              	.LASF3:
 440 0166 73686F72 		.ascii	"short unsigned int\000"
 440      7420756E 
 440      7369676E 
 440      65642069 
 440      6E7400
 441              	.LASF0:
 442 0179 7369676E 		.ascii	"signed char\000"
 442      65642063 
 442      68617200 
 443              	.LASF12:
 444 0185 6C6F6E67 		.ascii	"long double\000"
 444      20646F75 
 444      626C6500 
 445              	.LASF2:
 446 0191 73686F72 		.ascii	"short int\000"
 446      7420696E 
 446      7400
 447              	.LASF13:
 448 019b 73697A65 		.ascii	"sizetype\000"
 448      74797065 
 448      00
 449              		.ident	"GCC: (GNU Tools for ARM Embedded Processors) 5.4.1 20160609 (release) [ARM/embedded-5-bran
