ARM GAS  C:\Users\NGUYEN~1\AppData\Local\Temp\ccYTVTFs.s 			page 1


   1              		.syntax unified
   2              		.cpu cortex-m0
   3              		.fpu softvfp
   4              		.eabi_attribute 20, 1
   5              		.eabi_attribute 21, 1
   6              		.eabi_attribute 23, 3
   7              		.eabi_attribute 24, 1
   8              		.eabi_attribute 25, 1
   9              		.eabi_attribute 26, 1
  10              		.eabi_attribute 30, 1
  11              		.eabi_attribute 34, 0
  12              		.eabi_attribute 18, 4
  13              		.thumb
  14              		.syntax unified
  15              		.file	"cyfitter_cfg.c"
  16              		.text
  17              	.Ltext0:
  18              		.cfi_sections	.debug_frame
  19              		.section	.text.cfg_write_bytes32,"ax",%progbits
  20              		.align	2
  21              		.code	16
  22              		.thumb_func
  23              		.type	cfg_write_bytes32, %function
  24              	cfg_write_bytes32:
  25              	.LFB3:
  26              		.file 1 "Generated_Source\\PSoC4\\cyfitter_cfg.c"
   1:Generated_Source\PSoC4/cyfitter_cfg.c **** 
   2:Generated_Source\PSoC4/cyfitter_cfg.c **** /*******************************************************************************
   3:Generated_Source\PSoC4/cyfitter_cfg.c **** * File Name: cyfitter_cfg.c
   4:Generated_Source\PSoC4/cyfitter_cfg.c **** * 
   5:Generated_Source\PSoC4/cyfitter_cfg.c **** * PSoC Creator  4.4
   6:Generated_Source\PSoC4/cyfitter_cfg.c **** *
   7:Generated_Source\PSoC4/cyfitter_cfg.c **** * Description:
   8:Generated_Source\PSoC4/cyfitter_cfg.c **** * This file contains device initialization code.
   9:Generated_Source\PSoC4/cyfitter_cfg.c **** * Except for the user defined sections in CyClockStartupError(), this file should not be modified.
  10:Generated_Source\PSoC4/cyfitter_cfg.c **** * This file is automatically generated by PSoC Creator.
  11:Generated_Source\PSoC4/cyfitter_cfg.c **** *
  12:Generated_Source\PSoC4/cyfitter_cfg.c **** ********************************************************************************
  13:Generated_Source\PSoC4/cyfitter_cfg.c **** * Copyright (c) 2007-2020 Cypress Semiconductor.  All rights reserved.
  14:Generated_Source\PSoC4/cyfitter_cfg.c **** * You may use this file only in accordance with the license, terms, conditions, 
  15:Generated_Source\PSoC4/cyfitter_cfg.c **** * disclaimers, and limitations in the end user license agreement accompanying 
  16:Generated_Source\PSoC4/cyfitter_cfg.c **** * the software package with which this file was provided.
  17:Generated_Source\PSoC4/cyfitter_cfg.c **** ********************************************************************************/
  18:Generated_Source\PSoC4/cyfitter_cfg.c **** 
  19:Generated_Source\PSoC4/cyfitter_cfg.c **** #include <string.h>
  20:Generated_Source\PSoC4/cyfitter_cfg.c **** #include "cytypes.h"
  21:Generated_Source\PSoC4/cyfitter_cfg.c **** #include "cydevice_trm.h"
  22:Generated_Source\PSoC4/cyfitter_cfg.c **** #include "cyfitter.h"
  23:Generated_Source\PSoC4/cyfitter_cfg.c **** #include "CyLib.h"
  24:Generated_Source\PSoC4/cyfitter_cfg.c **** #include "CyLFClk.h"
  25:Generated_Source\PSoC4/cyfitter_cfg.c **** #include "cyfitter_cfg.h"
  26:Generated_Source\PSoC4/cyfitter_cfg.c **** #include "cyapicallbacks.h"
  27:Generated_Source\PSoC4/cyfitter_cfg.c **** 
  28:Generated_Source\PSoC4/cyfitter_cfg.c **** 
  29:Generated_Source\PSoC4/cyfitter_cfg.c **** #if defined(__GNUC__) || defined(__ARMCC_VERSION)
  30:Generated_Source\PSoC4/cyfitter_cfg.c ****     #define CYPACKED 
  31:Generated_Source\PSoC4/cyfitter_cfg.c ****     #define CYPACKED_ATTR __attribute__ ((packed))
ARM GAS  C:\Users\NGUYEN~1\AppData\Local\Temp\ccYTVTFs.s 			page 2


  32:Generated_Source\PSoC4/cyfitter_cfg.c ****     #define CYALIGNED __attribute__ ((aligned))
  33:Generated_Source\PSoC4/cyfitter_cfg.c ****     #define CY_CFG_UNUSED __attribute__ ((unused))
  34:Generated_Source\PSoC4/cyfitter_cfg.c ****     #ifndef CY_CFG_SECTION
  35:Generated_Source\PSoC4/cyfitter_cfg.c ****         #define CY_CFG_SECTION __attribute__ ((section(".psocinit")))
  36:Generated_Source\PSoC4/cyfitter_cfg.c ****     #endif
  37:Generated_Source\PSoC4/cyfitter_cfg.c ****     
  38:Generated_Source\PSoC4/cyfitter_cfg.c ****     #if defined(__ARMCC_VERSION)
  39:Generated_Source\PSoC4/cyfitter_cfg.c ****         #define CY_CFG_MEMORY_BARRIER() __memory_changed()
  40:Generated_Source\PSoC4/cyfitter_cfg.c ****     #else
  41:Generated_Source\PSoC4/cyfitter_cfg.c ****         #define CY_CFG_MEMORY_BARRIER() __sync_synchronize()
  42:Generated_Source\PSoC4/cyfitter_cfg.c ****     #endif
  43:Generated_Source\PSoC4/cyfitter_cfg.c ****     
  44:Generated_Source\PSoC4/cyfitter_cfg.c **** #elif defined(__ICCARM__)
  45:Generated_Source\PSoC4/cyfitter_cfg.c ****     #include <intrinsics.h>
  46:Generated_Source\PSoC4/cyfitter_cfg.c **** 
  47:Generated_Source\PSoC4/cyfitter_cfg.c ****     #define CYPACKED __packed
  48:Generated_Source\PSoC4/cyfitter_cfg.c ****     #define CYPACKED_ATTR 
  49:Generated_Source\PSoC4/cyfitter_cfg.c ****     #define CYALIGNED _Pragma("data_alignment=4")
  50:Generated_Source\PSoC4/cyfitter_cfg.c ****     #define CY_CFG_UNUSED _Pragma("diag_suppress=Pe177")
  51:Generated_Source\PSoC4/cyfitter_cfg.c ****     #define CY_CFG_SECTION _Pragma("location=\".psocinit\"")
  52:Generated_Source\PSoC4/cyfitter_cfg.c ****     
  53:Generated_Source\PSoC4/cyfitter_cfg.c ****     #define CY_CFG_MEMORY_BARRIER() __DMB()
  54:Generated_Source\PSoC4/cyfitter_cfg.c ****     
  55:Generated_Source\PSoC4/cyfitter_cfg.c **** #else
  56:Generated_Source\PSoC4/cyfitter_cfg.c ****     #error Unsupported toolchain
  57:Generated_Source\PSoC4/cyfitter_cfg.c **** #endif
  58:Generated_Source\PSoC4/cyfitter_cfg.c **** 
  59:Generated_Source\PSoC4/cyfitter_cfg.c **** #ifndef CYCODE
  60:Generated_Source\PSoC4/cyfitter_cfg.c ****     #define CYCODE
  61:Generated_Source\PSoC4/cyfitter_cfg.c **** #endif
  62:Generated_Source\PSoC4/cyfitter_cfg.c **** #ifndef CYDATA
  63:Generated_Source\PSoC4/cyfitter_cfg.c ****     #define CYDATA
  64:Generated_Source\PSoC4/cyfitter_cfg.c **** #endif
  65:Generated_Source\PSoC4/cyfitter_cfg.c **** #ifndef CYFAR
  66:Generated_Source\PSoC4/cyfitter_cfg.c ****     #define CYFAR
  67:Generated_Source\PSoC4/cyfitter_cfg.c **** #endif
  68:Generated_Source\PSoC4/cyfitter_cfg.c **** #ifndef CYXDATA
  69:Generated_Source\PSoC4/cyfitter_cfg.c ****     #define CYXDATA
  70:Generated_Source\PSoC4/cyfitter_cfg.c **** #endif
  71:Generated_Source\PSoC4/cyfitter_cfg.c **** 
  72:Generated_Source\PSoC4/cyfitter_cfg.c **** 
  73:Generated_Source\PSoC4/cyfitter_cfg.c **** CY_CFG_UNUSED
  74:Generated_Source\PSoC4/cyfitter_cfg.c **** static void CYMEMZERO(void *s, size_t n);
  75:Generated_Source\PSoC4/cyfitter_cfg.c **** CY_CFG_UNUSED
  76:Generated_Source\PSoC4/cyfitter_cfg.c **** static void CYMEMZERO(void *s, size_t n)
  77:Generated_Source\PSoC4/cyfitter_cfg.c **** {
  78:Generated_Source\PSoC4/cyfitter_cfg.c **** 	(void)memset(s, 0, n);
  79:Generated_Source\PSoC4/cyfitter_cfg.c **** }
  80:Generated_Source\PSoC4/cyfitter_cfg.c **** CY_CFG_UNUSED
  81:Generated_Source\PSoC4/cyfitter_cfg.c **** static void CYCONFIGCPY(void *dest, const void *src, size_t n);
  82:Generated_Source\PSoC4/cyfitter_cfg.c **** CY_CFG_UNUSED
  83:Generated_Source\PSoC4/cyfitter_cfg.c **** static void CYCONFIGCPY(void *dest, const void *src, size_t n)
  84:Generated_Source\PSoC4/cyfitter_cfg.c **** {
  85:Generated_Source\PSoC4/cyfitter_cfg.c **** 	(void)memcpy(dest, src, n);
  86:Generated_Source\PSoC4/cyfitter_cfg.c **** }
  87:Generated_Source\PSoC4/cyfitter_cfg.c **** CY_CFG_UNUSED
  88:Generated_Source\PSoC4/cyfitter_cfg.c **** static void CYCONFIGCPYCODE(void *dest, const void *src, size_t n);
ARM GAS  C:\Users\NGUYEN~1\AppData\Local\Temp\ccYTVTFs.s 			page 3


  89:Generated_Source\PSoC4/cyfitter_cfg.c **** CY_CFG_UNUSED
  90:Generated_Source\PSoC4/cyfitter_cfg.c **** static void CYCONFIGCPYCODE(void *dest, const void *src, size_t n)
  91:Generated_Source\PSoC4/cyfitter_cfg.c **** {
  92:Generated_Source\PSoC4/cyfitter_cfg.c **** 	(void)memcpy(dest, src, n);
  93:Generated_Source\PSoC4/cyfitter_cfg.c **** }
  94:Generated_Source\PSoC4/cyfitter_cfg.c **** 
  95:Generated_Source\PSoC4/cyfitter_cfg.c **** 
  96:Generated_Source\PSoC4/cyfitter_cfg.c **** 
  97:Generated_Source\PSoC4/cyfitter_cfg.c **** 
  98:Generated_Source\PSoC4/cyfitter_cfg.c **** /* Clock startup error codes                                                   */
  99:Generated_Source\PSoC4/cyfitter_cfg.c **** #define CYCLOCKSTART_NO_ERROR    0u
 100:Generated_Source\PSoC4/cyfitter_cfg.c **** #define CYCLOCKSTART_XTAL_ERROR  1u
 101:Generated_Source\PSoC4/cyfitter_cfg.c **** #define CYCLOCKSTART_32KHZ_ERROR 2u
 102:Generated_Source\PSoC4/cyfitter_cfg.c **** #define CYCLOCKSTART_PLL_ERROR   3u
 103:Generated_Source\PSoC4/cyfitter_cfg.c **** #define CYCLOCKSTART_FLL_ERROR   4u
 104:Generated_Source\PSoC4/cyfitter_cfg.c **** #define CYCLOCKSTART_WCO_ERROR   5u
 105:Generated_Source\PSoC4/cyfitter_cfg.c **** 
 106:Generated_Source\PSoC4/cyfitter_cfg.c **** 
 107:Generated_Source\PSoC4/cyfitter_cfg.c **** #ifdef CY_NEED_CYCLOCKSTARTUPERROR
 108:Generated_Source\PSoC4/cyfitter_cfg.c **** /*******************************************************************************
 109:Generated_Source\PSoC4/cyfitter_cfg.c **** * Function Name: CyClockStartupError
 110:Generated_Source\PSoC4/cyfitter_cfg.c **** ********************************************************************************
 111:Generated_Source\PSoC4/cyfitter_cfg.c **** * Summary:
 112:Generated_Source\PSoC4/cyfitter_cfg.c **** *  If an error is encountered during clock configuration (crystal startup error,
 113:Generated_Source\PSoC4/cyfitter_cfg.c **** *  PLL lock error, etc.), the system will end up here.  Unless reimplemented by
 114:Generated_Source\PSoC4/cyfitter_cfg.c **** *  the customer, this function will stop in an infinite loop.
 115:Generated_Source\PSoC4/cyfitter_cfg.c **** *
 116:Generated_Source\PSoC4/cyfitter_cfg.c **** * Parameters:
 117:Generated_Source\PSoC4/cyfitter_cfg.c **** *   void
 118:Generated_Source\PSoC4/cyfitter_cfg.c **** *
 119:Generated_Source\PSoC4/cyfitter_cfg.c **** * Return:
 120:Generated_Source\PSoC4/cyfitter_cfg.c **** *   void
 121:Generated_Source\PSoC4/cyfitter_cfg.c **** *
 122:Generated_Source\PSoC4/cyfitter_cfg.c **** *******************************************************************************/
 123:Generated_Source\PSoC4/cyfitter_cfg.c **** CY_CFG_UNUSED
 124:Generated_Source\PSoC4/cyfitter_cfg.c **** static void CyClockStartupError(uint8 errorCode);
 125:Generated_Source\PSoC4/cyfitter_cfg.c **** CY_CFG_UNUSED
 126:Generated_Source\PSoC4/cyfitter_cfg.c **** static void CyClockStartupError(uint8 errorCode)
 127:Generated_Source\PSoC4/cyfitter_cfg.c **** {
 128:Generated_Source\PSoC4/cyfitter_cfg.c ****     /* To remove the compiler warning if errorCode not used.                */
 129:Generated_Source\PSoC4/cyfitter_cfg.c ****     errorCode = errorCode;
 130:Generated_Source\PSoC4/cyfitter_cfg.c **** 
 131:Generated_Source\PSoC4/cyfitter_cfg.c ****     /* If we have a clock startup error (bad MHz crystal, PLL lock, etc.),  */
 132:Generated_Source\PSoC4/cyfitter_cfg.c ****     /* we will end up here to allow the customer to implement something to  */
 133:Generated_Source\PSoC4/cyfitter_cfg.c ****     /* deal with the clock condition.                                       */
 134:Generated_Source\PSoC4/cyfitter_cfg.c **** 
 135:Generated_Source\PSoC4/cyfitter_cfg.c **** #ifdef CY_CFG_CLOCK_STARTUP_ERROR_CALLBACK
 136:Generated_Source\PSoC4/cyfitter_cfg.c ****     CY_CFG_Clock_Startup_ErrorCallback();
 137:Generated_Source\PSoC4/cyfitter_cfg.c **** #else
 138:Generated_Source\PSoC4/cyfitter_cfg.c ****     /*  If not using CY_CFG_CLOCK_STARTUP_ERROR_CALLBACK, place your clock startup code here. */
 139:Generated_Source\PSoC4/cyfitter_cfg.c ****     /* `#START CyClockStartupError` */
 140:Generated_Source\PSoC4/cyfitter_cfg.c **** 
 141:Generated_Source\PSoC4/cyfitter_cfg.c **** 
 142:Generated_Source\PSoC4/cyfitter_cfg.c **** 
 143:Generated_Source\PSoC4/cyfitter_cfg.c ****     /* `#END` */
 144:Generated_Source\PSoC4/cyfitter_cfg.c **** 
 145:Generated_Source\PSoC4/cyfitter_cfg.c ****     while(1) {}
ARM GAS  C:\Users\NGUYEN~1\AppData\Local\Temp\ccYTVTFs.s 			page 4


 146:Generated_Source\PSoC4/cyfitter_cfg.c **** #endif /* CY_CFG_CLOCK_STARTUP_ERROR_CALLBACK */
 147:Generated_Source\PSoC4/cyfitter_cfg.c **** }
 148:Generated_Source\PSoC4/cyfitter_cfg.c **** #endif
 149:Generated_Source\PSoC4/cyfitter_cfg.c **** 
 150:Generated_Source\PSoC4/cyfitter_cfg.c **** #define CY_CFG_BASE_ADDR_COUNT 1u
 151:Generated_Source\PSoC4/cyfitter_cfg.c **** CYPACKED typedef struct
 152:Generated_Source\PSoC4/cyfitter_cfg.c **** {
 153:Generated_Source\PSoC4/cyfitter_cfg.c **** 	uint8 offset;
 154:Generated_Source\PSoC4/cyfitter_cfg.c **** 	uint8 value;
 155:Generated_Source\PSoC4/cyfitter_cfg.c **** } CYPACKED_ATTR cy_cfg_addrvalue_t;
 156:Generated_Source\PSoC4/cyfitter_cfg.c **** 
 157:Generated_Source\PSoC4/cyfitter_cfg.c **** 
 158:Generated_Source\PSoC4/cyfitter_cfg.c **** 
 159:Generated_Source\PSoC4/cyfitter_cfg.c **** /*******************************************************************************
 160:Generated_Source\PSoC4/cyfitter_cfg.c **** * Function Name: cfg_write_bytes32
 161:Generated_Source\PSoC4/cyfitter_cfg.c **** ********************************************************************************
 162:Generated_Source\PSoC4/cyfitter_cfg.c **** * Summary:
 163:Generated_Source\PSoC4/cyfitter_cfg.c **** *  This function is used for setting up the chip configuration areas that
 164:Generated_Source\PSoC4/cyfitter_cfg.c **** *  contain relatively sparse data.
 165:Generated_Source\PSoC4/cyfitter_cfg.c **** *
 166:Generated_Source\PSoC4/cyfitter_cfg.c **** * Parameters:
 167:Generated_Source\PSoC4/cyfitter_cfg.c **** *   void
 168:Generated_Source\PSoC4/cyfitter_cfg.c **** *
 169:Generated_Source\PSoC4/cyfitter_cfg.c **** * Return:
 170:Generated_Source\PSoC4/cyfitter_cfg.c **** *   void
 171:Generated_Source\PSoC4/cyfitter_cfg.c **** *
 172:Generated_Source\PSoC4/cyfitter_cfg.c **** *******************************************************************************/
 173:Generated_Source\PSoC4/cyfitter_cfg.c **** static void cfg_write_bytes32(const uint32 addr_table[], const cy_cfg_addrvalue_t data_table[]);
 174:Generated_Source\PSoC4/cyfitter_cfg.c **** static void cfg_write_bytes32(const uint32 addr_table[], const cy_cfg_addrvalue_t data_table[])
 175:Generated_Source\PSoC4/cyfitter_cfg.c **** {
  27              		.loc 1 175 0
  28              		.cfi_startproc
  29              		@ args = 0, pretend = 0, frame = 0
  30              		@ frame_needed = 0, uses_anonymous_args = 0
  31              	.LVL0:
  32 0000 F0B5     		push	{r4, r5, r6, r7, lr}
  33              		.cfi_def_cfa_offset 20
  34              		.cfi_offset 4, -20
  35              		.cfi_offset 5, -16
  36              		.cfi_offset 6, -12
  37              		.cfi_offset 7, -8
  38              		.cfi_offset 14, -4
  39              	.LVL1:
 176:Generated_Source\PSoC4/cyfitter_cfg.c **** 	/* For 32-bit little-endian architectures */
 177:Generated_Source\PSoC4/cyfitter_cfg.c **** 	uint32 i, j = 0u;
  40              		.loc 1 177 0
  41 0002 0025     		movs	r5, #0
 178:Generated_Source\PSoC4/cyfitter_cfg.c **** 	for (i = 0u; i < CY_CFG_BASE_ADDR_COUNT; i++)
  42              		.loc 1 178 0
  43 0004 0027     		movs	r7, #0
  44 0006 11E0     		b	.L2
  45              	.LVL2:
  46              	.L5:
  47              	.LBB2:
 179:Generated_Source\PSoC4/cyfitter_cfg.c **** 	{
 180:Generated_Source\PSoC4/cyfitter_cfg.c **** 		uint32 baseAddr = addr_table[i];
  48              		.loc 1 180 0
ARM GAS  C:\Users\NGUYEN~1\AppData\Local\Temp\ccYTVTFs.s 			page 5


  49 0008 BB00     		lsls	r3, r7, #2
  50 000a C658     		ldr	r6, [r0, r3]
  51              	.LVL3:
 181:Generated_Source\PSoC4/cyfitter_cfg.c **** 		uint8 count = (uint8)baseAddr;
  52              		.loc 1 181 0
  53 000c F3B2     		uxtb	r3, r6
  54              	.LVL4:
 182:Generated_Source\PSoC4/cyfitter_cfg.c **** 		baseAddr &= 0xFFFFFF00u;
  55              		.loc 1 182 0
  56 000e FF22     		movs	r2, #255
  57 0010 9643     		bics	r6, r2
  58              	.LVL5:
 183:Generated_Source\PSoC4/cyfitter_cfg.c **** 		while (count != 0u)
  59              		.loc 1 183 0
  60 0012 08E0     		b	.L3
  61              	.L4:
 184:Generated_Source\PSoC4/cyfitter_cfg.c **** 		{
 185:Generated_Source\PSoC4/cyfitter_cfg.c **** 			CY_SET_REG8((void *)(baseAddr + data_table[j].offset), data_table[j].value);
  62              		.loc 1 185 0
  63 0014 6A00     		lsls	r2, r5, #1
  64 0016 8A18     		adds	r2, r1, r2
  65 0018 1478     		ldrb	r4, [r2]
  66 001a A419     		adds	r4, r4, r6
  67 001c 5278     		ldrb	r2, [r2, #1]
  68 001e 2270     		strb	r2, [r4]
 186:Generated_Source\PSoC4/cyfitter_cfg.c **** 			j++;
  69              		.loc 1 186 0
  70 0020 0135     		adds	r5, r5, #1
  71              	.LVL6:
 187:Generated_Source\PSoC4/cyfitter_cfg.c **** 			count--;
  72              		.loc 1 187 0
  73 0022 013B     		subs	r3, r3, #1
  74              	.LVL7:
  75 0024 DBB2     		uxtb	r3, r3
  76              	.LVL8:
  77              	.L3:
 183:Generated_Source\PSoC4/cyfitter_cfg.c **** 		{
  78              		.loc 1 183 0
  79 0026 002B     		cmp	r3, #0
  80 0028 F4D1     		bne	.L4
  81              	.LBE2:
 178:Generated_Source\PSoC4/cyfitter_cfg.c **** 	{
  82              		.loc 1 178 0 discriminator 2
  83 002a 0137     		adds	r7, r7, #1
  84              	.LVL9:
  85              	.L2:
 178:Generated_Source\PSoC4/cyfitter_cfg.c **** 	{
  86              		.loc 1 178 0 is_stmt 0 discriminator 1
  87 002c 002F     		cmp	r7, #0
  88 002e EBD0     		beq	.L5
 188:Generated_Source\PSoC4/cyfitter_cfg.c **** 		}
 189:Generated_Source\PSoC4/cyfitter_cfg.c **** 	}
 190:Generated_Source\PSoC4/cyfitter_cfg.c **** }
  89              		.loc 1 190 0 is_stmt 1
  90              		@ sp needed
  91              	.LVL10:
  92              	.LVL11:
ARM GAS  C:\Users\NGUYEN~1\AppData\Local\Temp\ccYTVTFs.s 			page 6


  93 0030 F0BD     		pop	{r4, r5, r6, r7, pc}
  94              		.cfi_endproc
  95              	.LFE3:
  96              		.size	cfg_write_bytes32, .-cfg_write_bytes32
  97 0032 C046     		.section	.text.CYMEMZERO,"ax",%progbits
  98              		.align	2
  99              		.code	16
 100              		.thumb_func
 101              		.type	CYMEMZERO, %function
 102              	CYMEMZERO:
 103              	.LFB0:
  77:Generated_Source\PSoC4/cyfitter_cfg.c **** 	(void)memset(s, 0, n);
 104              		.loc 1 77 0
 105              		.cfi_startproc
 106              		@ args = 0, pretend = 0, frame = 0
 107              		@ frame_needed = 0, uses_anonymous_args = 0
 108              	.LVL12:
 109 0000 10B5     		push	{r4, lr}
 110              		.cfi_def_cfa_offset 8
 111              		.cfi_offset 4, -8
 112              		.cfi_offset 14, -4
 113 0002 0A00     		movs	r2, r1
  78:Generated_Source\PSoC4/cyfitter_cfg.c **** }
 114              		.loc 1 78 0
 115 0004 0021     		movs	r1, #0
 116              	.LVL13:
 117 0006 FFF7FEFF 		bl	memset
 118              	.LVL14:
  79:Generated_Source\PSoC4/cyfitter_cfg.c **** CY_CFG_UNUSED
 119              		.loc 1 79 0
 120              		@ sp needed
 121 000a 10BD     		pop	{r4, pc}
 122              		.cfi_endproc
 123              	.LFE0:
 124              		.size	CYMEMZERO, .-CYMEMZERO
 125              		.section	.psocinit,"ax",%progbits
 126              		.align	2
 127              		.code	16
 128              		.thumb_func
 129              		.type	ClockSetup, %function
 130              	ClockSetup:
 131              	.LFB4:
 191:Generated_Source\PSoC4/cyfitter_cfg.c **** 
 192:Generated_Source\PSoC4/cyfitter_cfg.c **** 
 193:Generated_Source\PSoC4/cyfitter_cfg.c **** /*******************************************************************************
 194:Generated_Source\PSoC4/cyfitter_cfg.c **** * Function Name: ClockSetup
 195:Generated_Source\PSoC4/cyfitter_cfg.c **** ********************************************************************************
 196:Generated_Source\PSoC4/cyfitter_cfg.c **** *
 197:Generated_Source\PSoC4/cyfitter_cfg.c **** * Summary:
 198:Generated_Source\PSoC4/cyfitter_cfg.c **** *   Performs the initialization of all of the clocks in the device based on the
 199:Generated_Source\PSoC4/cyfitter_cfg.c **** *   settings in the Clock tab of the DWR.  This includes enabling the requested
 200:Generated_Source\PSoC4/cyfitter_cfg.c **** *   clocks and setting the necessary dividers to produce the desired frequency. 
 201:Generated_Source\PSoC4/cyfitter_cfg.c **** *
 202:Generated_Source\PSoC4/cyfitter_cfg.c **** * Parameters:
 203:Generated_Source\PSoC4/cyfitter_cfg.c **** *   void
 204:Generated_Source\PSoC4/cyfitter_cfg.c **** *
 205:Generated_Source\PSoC4/cyfitter_cfg.c **** * Return:
ARM GAS  C:\Users\NGUYEN~1\AppData\Local\Temp\ccYTVTFs.s 			page 7


 206:Generated_Source\PSoC4/cyfitter_cfg.c **** *   void
 207:Generated_Source\PSoC4/cyfitter_cfg.c **** *
 208:Generated_Source\PSoC4/cyfitter_cfg.c **** *******************************************************************************/
 209:Generated_Source\PSoC4/cyfitter_cfg.c **** static void ClockSetup(void);
 210:Generated_Source\PSoC4/cyfitter_cfg.c **** CY_CFG_SECTION
 211:Generated_Source\PSoC4/cyfitter_cfg.c **** static void ClockSetup(void)
 212:Generated_Source\PSoC4/cyfitter_cfg.c **** {
 132              		.loc 1 212 0
 133              		.cfi_startproc
 134              		@ args = 0, pretend = 0, frame = 0
 135              		@ frame_needed = 0, uses_anonymous_args = 0
 136 0000 70B5     		push	{r4, r5, r6, lr}
 137              		.cfi_def_cfa_offset 16
 138              		.cfi_offset 4, -16
 139              		.cfi_offset 5, -12
 140              		.cfi_offset 6, -8
 141              		.cfi_offset 14, -4
 213:Generated_Source\PSoC4/cyfitter_cfg.c **** 	/* Enable HALF_EN before trimming for the flash accelerator. */
 214:Generated_Source\PSoC4/cyfitter_cfg.c **** 	CY_SET_REG32((void CYXDATA *)(CYREG_CLK_SELECT), (CY_GET_REG32((void *)CYREG_CLK_SELECT) | 0x00040
 142              		.loc 1 214 0
 143 0002 0F4C     		ldr	r4, .L8
 144 0004 2368     		ldr	r3, [r4]
 145 0006 8022     		movs	r2, #128
 146 0008 D202     		lsls	r2, r2, #11
 147 000a 1343     		orrs	r3, r2
 148 000c 2360     		str	r3, [r4]
 215:Generated_Source\PSoC4/cyfitter_cfg.c **** 
 216:Generated_Source\PSoC4/cyfitter_cfg.c **** 	/* Setup and trim IMO based on desired frequency. */
 217:Generated_Source\PSoC4/cyfitter_cfg.c **** 	CySysClkWriteImoFreq(24u);
 149              		.loc 1 217 0
 150 000e 1820     		movs	r0, #24
 151 0010 FFF7FEFF 		bl	CySysClkWriteImoFreq
 152              	.LVL15:
 218:Generated_Source\PSoC4/cyfitter_cfg.c **** 
 219:Generated_Source\PSoC4/cyfitter_cfg.c **** 	/* Disable HALF_EN since it is not required at this IMO frequency. */
 220:Generated_Source\PSoC4/cyfitter_cfg.c **** 	CY_SET_REG32((void CYXDATA *)(CYREG_CLK_SELECT), (CY_GET_REG32((void *)CYREG_CLK_SELECT) & 0xFFFBF
 153              		.loc 1 220 0
 154 0014 2268     		ldr	r2, [r4]
 155 0016 0B4B     		ldr	r3, .L8+4
 156 0018 1340     		ands	r3, r2
 157 001a 2360     		str	r3, [r4]
 221:Generated_Source\PSoC4/cyfitter_cfg.c **** 	/* CYDEV_CLK_ILO_CONFIG Starting address: CYDEV_CLK_ILO_CONFIG */
 222:Generated_Source\PSoC4/cyfitter_cfg.c **** 	CY_SET_REG32((void *)(CYREG_CLK_ILO_CONFIG), 0x80000006u);
 158              		.loc 1 222 0
 159 001c 0A4A     		ldr	r2, .L8+8
 160 001e 0B4B     		ldr	r3, .L8+12
 161 0020 1A60     		str	r2, [r3]
 223:Generated_Source\PSoC4/cyfitter_cfg.c **** 
 224:Generated_Source\PSoC4/cyfitter_cfg.c **** 
 225:Generated_Source\PSoC4/cyfitter_cfg.c **** 	/* CYDEV_CLK_IMO_CONFIG Starting address: CYDEV_CLK_IMO_CONFIG */
 226:Generated_Source\PSoC4/cyfitter_cfg.c **** 	CY_SET_REG32((void *)(CYREG_CLK_IMO_CONFIG), 0x80000000u);
 162              		.loc 1 226 0
 163 0022 063A     		subs	r2, r2, #6
 164 0024 0A4B     		ldr	r3, .L8+16
 165 0026 1A60     		str	r2, [r3]
 227:Generated_Source\PSoC4/cyfitter_cfg.c **** 
 228:Generated_Source\PSoC4/cyfitter_cfg.c **** 	/* CYDEV_CLK_SELECT Starting address: CYDEV_CLK_SELECT */
ARM GAS  C:\Users\NGUYEN~1\AppData\Local\Temp\ccYTVTFs.s 			page 8


 229:Generated_Source\PSoC4/cyfitter_cfg.c **** 	CY_SET_REG32((void *)(CYREG_CLK_SELECT), 0x00000000u);
 166              		.loc 1 229 0
 167 0028 0025     		movs	r5, #0
 168 002a 2560     		str	r5, [r4]
 230:Generated_Source\PSoC4/cyfitter_cfg.c **** 
 231:Generated_Source\PSoC4/cyfitter_cfg.c **** 	(void)CyIntSetVector(9u, &CySysWdtIsr);
 169              		.loc 1 231 0
 170 002c 0949     		ldr	r1, .L8+20
 171 002e 0920     		movs	r0, #9
 172 0030 FFF7FEFF 		bl	CyIntSetVector
 173              	.LVL16:
 232:Generated_Source\PSoC4/cyfitter_cfg.c **** 	CyIntEnable(9u);
 174              		.loc 1 232 0
 175 0034 0920     		movs	r0, #9
 176 0036 FFF7FEFF 		bl	CyIntEnable
 177              	.LVL17:
 233:Generated_Source\PSoC4/cyfitter_cfg.c **** 	CY_SET_REG32((void *)(CYREG_WDT_CONFIG), 0x00000000u);
 178              		.loc 1 233 0
 179 003a 074B     		ldr	r3, .L8+24
 180 003c 1D60     		str	r5, [r3]
 234:Generated_Source\PSoC4/cyfitter_cfg.c **** }
 181              		.loc 1 234 0
 182              		@ sp needed
 183 003e 70BD     		pop	{r4, r5, r6, pc}
 184              	.L9:
 185              		.align	2
 186              	.L8:
 187 0040 00010B40 		.word	1074462976
 188 0044 FFFFFBFF 		.word	-262145
 189 0048 06000080 		.word	-2147483642
 190 004c 04010B40 		.word	1074462980
 191 0050 08010B40 		.word	1074462984
 192 0054 00000000 		.word	CySysWdtIsr
 193 0058 0C020B40 		.word	1074463244
 194              		.cfi_endproc
 195              	.LFE4:
 196              		.size	ClockSetup, .-ClockSetup
 197              		.align	2
 198              		.global	cyfitter_cfg
 199              		.code	16
 200              		.thumb_func
 201              		.type	cyfitter_cfg, %function
 202              	cyfitter_cfg:
 203              	.LFB6:
 235:Generated_Source\PSoC4/cyfitter_cfg.c **** 
 236:Generated_Source\PSoC4/cyfitter_cfg.c **** 
 237:Generated_Source\PSoC4/cyfitter_cfg.c **** /* Analog API Functions */
 238:Generated_Source\PSoC4/cyfitter_cfg.c **** 
 239:Generated_Source\PSoC4/cyfitter_cfg.c **** 
 240:Generated_Source\PSoC4/cyfitter_cfg.c **** /*******************************************************************************
 241:Generated_Source\PSoC4/cyfitter_cfg.c **** * Function Name: AnalogSetDefault
 242:Generated_Source\PSoC4/cyfitter_cfg.c **** ********************************************************************************
 243:Generated_Source\PSoC4/cyfitter_cfg.c **** *
 244:Generated_Source\PSoC4/cyfitter_cfg.c **** * Summary:
 245:Generated_Source\PSoC4/cyfitter_cfg.c **** *  Sets up the analog portions of the chip to default values based on chip
 246:Generated_Source\PSoC4/cyfitter_cfg.c **** *  configuration options from the project.
 247:Generated_Source\PSoC4/cyfitter_cfg.c **** *
ARM GAS  C:\Users\NGUYEN~1\AppData\Local\Temp\ccYTVTFs.s 			page 9


 248:Generated_Source\PSoC4/cyfitter_cfg.c **** * Parameters:
 249:Generated_Source\PSoC4/cyfitter_cfg.c **** *  void
 250:Generated_Source\PSoC4/cyfitter_cfg.c **** *
 251:Generated_Source\PSoC4/cyfitter_cfg.c **** * Return:
 252:Generated_Source\PSoC4/cyfitter_cfg.c **** *  void
 253:Generated_Source\PSoC4/cyfitter_cfg.c **** *
 254:Generated_Source\PSoC4/cyfitter_cfg.c **** *******************************************************************************/
 255:Generated_Source\PSoC4/cyfitter_cfg.c **** static void AnalogSetDefault(void);
 256:Generated_Source\PSoC4/cyfitter_cfg.c **** static void AnalogSetDefault(void)
 257:Generated_Source\PSoC4/cyfitter_cfg.c **** {
 258:Generated_Source\PSoC4/cyfitter_cfg.c **** }
 259:Generated_Source\PSoC4/cyfitter_cfg.c **** 
 260:Generated_Source\PSoC4/cyfitter_cfg.c **** 
 261:Generated_Source\PSoC4/cyfitter_cfg.c **** 
 262:Generated_Source\PSoC4/cyfitter_cfg.c **** 
 263:Generated_Source\PSoC4/cyfitter_cfg.c **** /*******************************************************************************
 264:Generated_Source\PSoC4/cyfitter_cfg.c **** * Function Name: cyfitter_cfg
 265:Generated_Source\PSoC4/cyfitter_cfg.c **** ********************************************************************************
 266:Generated_Source\PSoC4/cyfitter_cfg.c **** * Summary:
 267:Generated_Source\PSoC4/cyfitter_cfg.c **** *  This function is called by the start-up code for the selected device. It
 268:Generated_Source\PSoC4/cyfitter_cfg.c **** *  performs all of the necessary device configuration based on the design
 269:Generated_Source\PSoC4/cyfitter_cfg.c **** *  settings.  This includes settings from the Design Wide Resources (DWR) such
 270:Generated_Source\PSoC4/cyfitter_cfg.c **** *  as Clocks and Pins as well as any component configuration that is necessary.
 271:Generated_Source\PSoC4/cyfitter_cfg.c **** *
 272:Generated_Source\PSoC4/cyfitter_cfg.c **** * Parameters:
 273:Generated_Source\PSoC4/cyfitter_cfg.c **** *   void
 274:Generated_Source\PSoC4/cyfitter_cfg.c **** *
 275:Generated_Source\PSoC4/cyfitter_cfg.c **** * Return:
 276:Generated_Source\PSoC4/cyfitter_cfg.c **** *   void
 277:Generated_Source\PSoC4/cyfitter_cfg.c **** *
 278:Generated_Source\PSoC4/cyfitter_cfg.c **** *******************************************************************************/
 279:Generated_Source\PSoC4/cyfitter_cfg.c **** CY_CFG_SECTION
 280:Generated_Source\PSoC4/cyfitter_cfg.c **** void cyfitter_cfg(void)
 281:Generated_Source\PSoC4/cyfitter_cfg.c **** {
 204              		.loc 1 281 0
 205              		.cfi_startproc
 206              		@ args = 0, pretend = 0, frame = 0
 207              		@ frame_needed = 0, uses_anonymous_args = 0
 208 005c 10B5     		push	{r4, lr}
 209              		.cfi_def_cfa_offset 8
 210              		.cfi_offset 4, -8
 211              		.cfi_offset 14, -4
 282:Generated_Source\PSoC4/cyfitter_cfg.c **** 	/* Disable interrupts by default. Let user enable if/when they want. */
 283:Generated_Source\PSoC4/cyfitter_cfg.c **** 	CyGlobalIntDisable;
 212              		.loc 1 283 0
 213              		.syntax divided
 214              	@ 283 "Generated_Source\PSoC4\cyfitter_cfg.c" 1
 215 005e 72B6     		CPSID   i
 216              	@ 0 "" 2
 217              	.LVL18:
 218              		.thumb
 219              		.syntax unified
 220              	.LBB3:
 284:Generated_Source\PSoC4/cyfitter_cfg.c **** 
 285:Generated_Source\PSoC4/cyfitter_cfg.c **** 	{
 286:Generated_Source\PSoC4/cyfitter_cfg.c **** 		static const uint32 CYCODE cy_cfg_addr_table[] = {
 287:Generated_Source\PSoC4/cyfitter_cfg.c **** 			0x400F6002u, /* Base address: 0x400F6000 Count: 2 */
ARM GAS  C:\Users\NGUYEN~1\AppData\Local\Temp\ccYTVTFs.s 			page 10


 288:Generated_Source\PSoC4/cyfitter_cfg.c **** 		};
 289:Generated_Source\PSoC4/cyfitter_cfg.c **** 
 290:Generated_Source\PSoC4/cyfitter_cfg.c **** 		static const cy_cfg_addrvalue_t CYCODE cy_cfg_data_table[] = {
 291:Generated_Source\PSoC4/cyfitter_cfg.c **** 			{0x02u, 0x01u},
 292:Generated_Source\PSoC4/cyfitter_cfg.c **** 			{0x11u, 0x01u},
 293:Generated_Source\PSoC4/cyfitter_cfg.c **** 		};
 294:Generated_Source\PSoC4/cyfitter_cfg.c **** 
 295:Generated_Source\PSoC4/cyfitter_cfg.c **** 
 296:Generated_Source\PSoC4/cyfitter_cfg.c **** 
 297:Generated_Source\PSoC4/cyfitter_cfg.c **** 		CYPACKED typedef struct {
 298:Generated_Source\PSoC4/cyfitter_cfg.c **** 			void CYFAR *address;
 299:Generated_Source\PSoC4/cyfitter_cfg.c **** 			uint16 size;
 300:Generated_Source\PSoC4/cyfitter_cfg.c **** 		} CYPACKED_ATTR cfg_memset_t;
 301:Generated_Source\PSoC4/cyfitter_cfg.c **** 
 302:Generated_Source\PSoC4/cyfitter_cfg.c **** 		static const cfg_memset_t CYCODE cfg_memset_list[] = {
 303:Generated_Source\PSoC4/cyfitter_cfg.c **** 			/* address, size */
 304:Generated_Source\PSoC4/cyfitter_cfg.c **** 			{(void CYFAR *)(CYDEV_UDB_P0_U0_BASE), 1024u},
 305:Generated_Source\PSoC4/cyfitter_cfg.c **** 			{(void CYFAR *)(CYDEV_UDB_DSI0_BASE), 1024u},
 306:Generated_Source\PSoC4/cyfitter_cfg.c **** 		};
 307:Generated_Source\PSoC4/cyfitter_cfg.c **** 
 308:Generated_Source\PSoC4/cyfitter_cfg.c **** 		uint8 CYDATA i;
 309:Generated_Source\PSoC4/cyfitter_cfg.c **** 
 310:Generated_Source\PSoC4/cyfitter_cfg.c **** 		/* Zero out critical memory blocks before beginning configuration */
 311:Generated_Source\PSoC4/cyfitter_cfg.c **** 		for (i = 0u; i < (sizeof(cfg_memset_list)/sizeof(cfg_memset_list[0])); i++)
 221              		.loc 1 311 0
 222 0060 0024     		movs	r4, #0
 223 0062 0FE0     		b	.L11
 224              	.LVL19:
 225              	.L12:
 226              	.LBB4:
 312:Generated_Source\PSoC4/cyfitter_cfg.c **** 		{
 313:Generated_Source\PSoC4/cyfitter_cfg.c **** 			const cfg_memset_t CYCODE * CYDATA ms = &cfg_memset_list[i];
 314:Generated_Source\PSoC4/cyfitter_cfg.c **** 			CYMEMZERO(ms->address, (size_t)(uint32)(ms->size));
 227              		.loc 1 314 0 discriminator 3
 228 0064 1E48     		ldr	r0, .L13
 229 0066 6200     		lsls	r2, r4, #1
 230 0068 1319     		adds	r3, r2, r4
 231 006a 5900     		lsls	r1, r3, #1
 232 006c 0B00     		movs	r3, r1
 233 006e 4118     		adds	r1, r0, r1
 234 0070 8988     		ldrh	r1, [r1, #4]
 235 0072 1A5A     		ldrh	r2, [r3, r0]
 236 0074 C318     		adds	r3, r0, r3
 237 0076 5888     		ldrh	r0, [r3, #2]
 238 0078 0004     		lsls	r0, r0, #16
 239 007a 1043     		orrs	r0, r2
 240 007c FFF7FEFF 		bl	CYMEMZERO
 241              	.LVL20:
 242              	.LBE4:
 311:Generated_Source\PSoC4/cyfitter_cfg.c **** 		{
 243              		.loc 1 311 0 discriminator 3
 244 0080 0134     		adds	r4, r4, #1
 245              	.LVL21:
 246 0082 E4B2     		uxtb	r4, r4
 247              	.LVL22:
 248              	.L11:
 311:Generated_Source\PSoC4/cyfitter_cfg.c **** 		{
ARM GAS  C:\Users\NGUYEN~1\AppData\Local\Temp\ccYTVTFs.s 			page 11


 249              		.loc 1 311 0 is_stmt 0 discriminator 1
 250 0084 012C     		cmp	r4, #1
 251 0086 EDD9     		bls	.L12
 315:Generated_Source\PSoC4/cyfitter_cfg.c **** 		}
 316:Generated_Source\PSoC4/cyfitter_cfg.c **** 
 317:Generated_Source\PSoC4/cyfitter_cfg.c **** 		cfg_write_bytes32(cy_cfg_addr_table, cy_cfg_data_table);
 252              		.loc 1 317 0 is_stmt 1
 253 0088 1548     		ldr	r0, .L13
 254 008a 0100     		movs	r1, r0
 255 008c 0C31     		adds	r1, r1, #12
 256 008e 1030     		adds	r0, r0, #16
 257 0090 FFF7FEFF 		bl	cfg_write_bytes32
 258              	.LVL23:
 318:Generated_Source\PSoC4/cyfitter_cfg.c **** 
 319:Generated_Source\PSoC4/cyfitter_cfg.c **** 		/* HSIOM Starting address: CYDEV_HSIOM_BASE */
 320:Generated_Source\PSoC4/cyfitter_cfg.c **** 		CY_SET_REG32((void *)(CYREG_HSIOM_PORT_SEL3), 0x0000EE00u);
 259              		.loc 1 320 0
 260 0094 EE22     		movs	r2, #238
 261 0096 1202     		lsls	r2, r2, #8
 262 0098 124B     		ldr	r3, .L13+4
 263 009a 1A60     		str	r2, [r3]
 321:Generated_Source\PSoC4/cyfitter_cfg.c **** 
 322:Generated_Source\PSoC4/cyfitter_cfg.c **** 		/* UDB_PA_1 Starting address: CYDEV_UDB_PA1_BASE */
 323:Generated_Source\PSoC4/cyfitter_cfg.c **** 		CY_SET_REG32((void *)(CYDEV_UDB_PA1_BASE), 0x00990000u);
 264              		.loc 1 323 0
 265 009c 9923     		movs	r3, #153
 266 009e 1B04     		lsls	r3, r3, #16
 267 00a0 114A     		ldr	r2, .L13+8
 268 00a2 1360     		str	r3, [r2]
 324:Generated_Source\PSoC4/cyfitter_cfg.c **** 		CY_SET_REG32((void *)(CYREG_UDB_PA1_CFG4), 0x00080000u);
 269              		.loc 1 324 0
 270 00a4 8021     		movs	r1, #128
 271 00a6 0903     		lsls	r1, r1, #12
 272 00a8 104A     		ldr	r2, .L13+12
 273 00aa 1160     		str	r1, [r2]
 325:Generated_Source\PSoC4/cyfitter_cfg.c **** 
 326:Generated_Source\PSoC4/cyfitter_cfg.c **** 		/* UDB_PA_3 Starting address: CYDEV_UDB_PA3_BASE */
 327:Generated_Source\PSoC4/cyfitter_cfg.c **** 		CY_SET_REG32((void *)(CYDEV_UDB_PA3_BASE), 0x00990000u);
 274              		.loc 1 327 0
 275 00ac 104A     		ldr	r2, .L13+16
 276 00ae 1360     		str	r3, [r2]
 328:Generated_Source\PSoC4/cyfitter_cfg.c **** 
 329:Generated_Source\PSoC4/cyfitter_cfg.c **** 		/* Enable digital routing */
 330:Generated_Source\PSoC4/cyfitter_cfg.c **** 		CY_SET_XTND_REG8((void *)CYREG_UDB_UDBIF_BANK_CTL, (uint8)(CY_GET_XTND_REG8((void *)CYREG_UDB_UDB
 277              		.loc 1 330 0
 278 00b0 104A     		ldr	r2, .L13+20
 279 00b2 1178     		ldrb	r1, [r2]
 280 00b4 0623     		movs	r3, #6
 281 00b6 0B43     		orrs	r3, r1
 282 00b8 DBB2     		uxtb	r3, r3
 283 00ba 1370     		strb	r3, [r2]
 284              	.LBE3:
 331:Generated_Source\PSoC4/cyfitter_cfg.c **** 	}
 332:Generated_Source\PSoC4/cyfitter_cfg.c **** 
 333:Generated_Source\PSoC4/cyfitter_cfg.c **** 	/* Perform second pass device configuration. These items must be configured in specific order afte
 334:Generated_Source\PSoC4/cyfitter_cfg.c **** 	/* IOPINS0_1 Starting address: CYDEV_PRT1_BASE */
 335:Generated_Source\PSoC4/cyfitter_cfg.c **** 	CY_SET_REG32((void *)(CYDEV_PRT1_BASE), 0x00000003u);
ARM GAS  C:\Users\NGUYEN~1\AppData\Local\Temp\ccYTVTFs.s 			page 12


 285              		.loc 1 335 0
 286 00bc 0322     		movs	r2, #3
 287 00be 0E4B     		ldr	r3, .L13+24
 288 00c0 1A60     		str	r2, [r3]
 336:Generated_Source\PSoC4/cyfitter_cfg.c **** 	CY_SET_REG32((void *)(CYREG_PRT1_PC), 0x00000196u);
 289              		.loc 1 336 0
 290 00c2 9432     		adds	r2, r2, #148
 291 00c4 FF32     		adds	r2, r2, #255
 292 00c6 0D4B     		ldr	r3, .L13+28
 293 00c8 1A60     		str	r2, [r3]
 337:Generated_Source\PSoC4/cyfitter_cfg.c **** 	CY_SET_REG32((void *)(CYREG_PRT1_INTCFG), 0x00000008u);
 294              		.loc 1 337 0
 295 00ca 8F3A     		subs	r2, r2, #143
 296 00cc FF3A     		subs	r2, r2, #255
 297 00ce 0C4B     		ldr	r3, .L13+32
 298 00d0 1A60     		str	r2, [r3]
 338:Generated_Source\PSoC4/cyfitter_cfg.c **** 
 339:Generated_Source\PSoC4/cyfitter_cfg.c **** 	/* IOPINS0_3 Starting address: CYDEV_PRT3_BASE */
 340:Generated_Source\PSoC4/cyfitter_cfg.c **** 	CY_SET_REG32((void *)(CYREG_PRT3_PC), 0x00000D80u);
 299              		.loc 1 340 0
 300 00d2 D822     		movs	r2, #216
 301 00d4 1201     		lsls	r2, r2, #4
 302 00d6 0B4B     		ldr	r3, .L13+36
 303 00d8 1A60     		str	r2, [r3]
 341:Generated_Source\PSoC4/cyfitter_cfg.c **** 
 342:Generated_Source\PSoC4/cyfitter_cfg.c **** 
 343:Generated_Source\PSoC4/cyfitter_cfg.c **** 	/* Setup clocks based on selections from Clock DWR */
 344:Generated_Source\PSoC4/cyfitter_cfg.c **** 	ClockSetup();
 304              		.loc 1 344 0
 305 00da FFF791FF 		bl	ClockSetup
 306              	.LVL24:
 345:Generated_Source\PSoC4/cyfitter_cfg.c **** 
 346:Generated_Source\PSoC4/cyfitter_cfg.c **** 	/* Perform basic analog initialization to defaults */
 347:Generated_Source\PSoC4/cyfitter_cfg.c **** 	AnalogSetDefault();
 348:Generated_Source\PSoC4/cyfitter_cfg.c **** 
 349:Generated_Source\PSoC4/cyfitter_cfg.c **** }
 307              		.loc 1 349 0
 308              		@ sp needed
 309              	.LVL25:
 310 00de 10BD     		pop	{r4, pc}
 311              	.L14:
 312              		.align	2
 313              	.L13:
 314 00e0 00000000 		.word	.LANCHOR0
 315 00e4 0C000140 		.word	1073807372
 316 00e8 10500F40 		.word	1074745360
 317 00ec 14500F40 		.word	1074745364
 318 00f0 30500F40 		.word	1074745392
 319 00f4 00700F40 		.word	1074753536
 320 00f8 00010440 		.word	1074004224
 321 00fc 08010440 		.word	1074004232
 322 0100 0C010440 		.word	1074004236
 323 0104 08030440 		.word	1074004744
 324              		.cfi_endproc
 325              	.LFE6:
 326              		.size	cyfitter_cfg, .-cyfitter_cfg
 327              		.section	.rodata
ARM GAS  C:\Users\NGUYEN~1\AppData\Local\Temp\ccYTVTFs.s 			page 13


 328              		.align	2
 329              		.set	.LANCHOR0,. + 0
 330              		.type	cfg_memset_list.4870, %object
 331              		.size	cfg_memset_list.4870, 12
 332              	cfg_memset_list.4870:
 333 0000 00300F40 		.word	1074737152
 334 0004 0004     		.short	1024
 335 0006 00400F40 		.4byte	1074741248
 336 000a 0004     		.short	1024
 337              		.type	cy_cfg_data_table.4865, %object
 338              		.size	cy_cfg_data_table.4865, 4
 339              	cy_cfg_data_table.4865:
 340 000c 02       		.byte	2
 341 000d 01       		.byte	1
 342 000e 11       		.byte	17
 343 000f 01       		.byte	1
 344              		.type	cy_cfg_addr_table.4864, %object
 345              		.size	cy_cfg_addr_table.4864, 4
 346              	cy_cfg_addr_table.4864:
 347 0010 02600F40 		.word	1074749442
 348              		.text
 349              	.Letext0:
 350              		.file 2 "c:\\program files (x86)\\cypress\\psoc creator\\4.4\\psoc creator\\import\\gnu\\arm\\5.4.
 351              		.file 3 "Generated_Source\\PSoC4\\cytypes.h"
 352              		.file 4 "Generated_Source\\PSoC4\\CyLib.h"
 353              		.section	.debug_info,"",%progbits
 354              	.Ldebug_info0:
 355 0000 9C030000 		.4byte	0x39c
 356 0004 0400     		.2byte	0x4
 357 0006 00000000 		.4byte	.Ldebug_abbrev0
 358 000a 04       		.byte	0x4
 359 000b 01       		.uleb128 0x1
 360 000c 30010000 		.4byte	.LASF39
 361 0010 0C       		.byte	0xc
 362 0011 87020000 		.4byte	.LASF40
 363 0015 3C020000 		.4byte	.LASF41
 364 0019 00000000 		.4byte	.Ldebug_ranges0+0
 365 001d 00000000 		.4byte	0
 366 0021 00000000 		.4byte	.Ldebug_line0
 367 0025 02       		.uleb128 0x2
 368 0026 04       		.byte	0x4
 369 0027 05       		.byte	0x5
 370 0028 696E7400 		.ascii	"int\000"
 371 002c 03       		.uleb128 0x3
 372 002d 06000000 		.4byte	.LASF12
 373 0031 02       		.byte	0x2
 374 0032 D8       		.byte	0xd8
 375 0033 37000000 		.4byte	0x37
 376 0037 04       		.uleb128 0x4
 377 0038 04       		.byte	0x4
 378 0039 07       		.byte	0x7
 379 003a F7000000 		.4byte	.LASF0
 380 003e 04       		.uleb128 0x4
 381 003f 08       		.byte	0x8
 382 0040 05       		.byte	0x5
 383 0041 F0010000 		.4byte	.LASF1
 384 0045 04       		.uleb128 0x4
ARM GAS  C:\Users\NGUYEN~1\AppData\Local\Temp\ccYTVTFs.s 			page 14


 385 0046 08       		.byte	0x8
 386 0047 04       		.byte	0x4
 387 0048 6F020000 		.4byte	.LASF2
 388 004c 04       		.uleb128 0x4
 389 004d 01       		.byte	0x1
 390 004e 06       		.byte	0x6
 391 004f 7B020000 		.4byte	.LASF3
 392 0053 04       		.uleb128 0x4
 393 0054 01       		.byte	0x1
 394 0055 08       		.byte	0x8
 395 0056 99000000 		.4byte	.LASF4
 396 005a 04       		.uleb128 0x4
 397 005b 02       		.byte	0x2
 398 005c 05       		.byte	0x5
 399 005d 1D020000 		.4byte	.LASF5
 400 0061 04       		.uleb128 0x4
 401 0062 02       		.byte	0x2
 402 0063 07       		.byte	0x7
 403 0064 DD010000 		.4byte	.LASF6
 404 0068 04       		.uleb128 0x4
 405 0069 04       		.byte	0x4
 406 006a 05       		.byte	0x5
 407 006b 66020000 		.4byte	.LASF7
 408 006f 04       		.uleb128 0x4
 409 0070 04       		.byte	0x4
 410 0071 07       		.byte	0x7
 411 0072 77000000 		.4byte	.LASF8
 412 0076 04       		.uleb128 0x4
 413 0077 08       		.byte	0x8
 414 0078 07       		.byte	0x7
 415 0079 19010000 		.4byte	.LASF9
 416 007d 04       		.uleb128 0x4
 417 007e 04       		.byte	0x4
 418 007f 07       		.byte	0x7
 419 0080 D4010000 		.4byte	.LASF10
 420 0084 05       		.uleb128 0x5
 421 0085 04       		.byte	0x4
 422 0086 04       		.uleb128 0x4
 423 0087 01       		.byte	0x1
 424 0088 08       		.byte	0x8
 425 0089 FE010000 		.4byte	.LASF11
 426 008d 06       		.uleb128 0x6
 427 008e 89000000 		.4byte	.LASF13
 428 0092 03       		.byte	0x3
 429 0093 FB01     		.2byte	0x1fb
 430 0095 53000000 		.4byte	0x53
 431 0099 06       		.uleb128 0x6
 432 009a DE000000 		.4byte	.LASF14
 433 009e 03       		.byte	0x3
 434 009f FC01     		.2byte	0x1fc
 435 00a1 61000000 		.4byte	0x61
 436 00a5 06       		.uleb128 0x6
 437 00a6 F0000000 		.4byte	.LASF15
 438 00aa 03       		.byte	0x3
 439 00ab FD01     		.2byte	0x1fd
 440 00ad 6F000000 		.4byte	0x6f
 441 00b1 04       		.uleb128 0x4
ARM GAS  C:\Users\NGUYEN~1\AppData\Local\Temp\ccYTVTFs.s 			page 15


 442 00b2 04       		.byte	0x4
 443 00b3 04       		.byte	0x4
 444 00b4 57000000 		.4byte	.LASF16
 445 00b8 04       		.uleb128 0x4
 446 00b9 08       		.byte	0x8
 447 00ba 04       		.byte	0x4
 448 00bb AE000000 		.4byte	.LASF17
 449 00bf 06       		.uleb128 0x6
 450 00c0 72000000 		.4byte	.LASF18
 451 00c4 03       		.byte	0x3
 452 00c5 A502     		.2byte	0x2a5
 453 00c7 CB000000 		.4byte	0xcb
 454 00cb 07       		.uleb128 0x7
 455 00cc 8D000000 		.4byte	0x8d
 456 00d0 06       		.uleb128 0x6
 457 00d1 00000000 		.4byte	.LASF19
 458 00d5 03       		.byte	0x3
 459 00d6 A702     		.2byte	0x2a7
 460 00d8 DC000000 		.4byte	0xdc
 461 00dc 07       		.uleb128 0x7
 462 00dd A5000000 		.4byte	0xa5
 463 00e1 08       		.uleb128 0x8
 464 00e2 02       		.byte	0x2
 465 00e3 01       		.byte	0x1
 466 00e4 97       		.byte	0x97
 467 00e5 02010000 		.4byte	0x102
 468 00e9 09       		.uleb128 0x9
 469 00ea 16020000 		.4byte	.LASF20
 470 00ee 01       		.byte	0x1
 471 00ef 99       		.byte	0x99
 472 00f0 8D000000 		.4byte	0x8d
 473 00f4 00       		.byte	0
 474 00f5 09       		.uleb128 0x9
 475 00f6 1C000000 		.4byte	.LASF21
 476 00fa 01       		.byte	0x1
 477 00fb 9A       		.byte	0x9a
 478 00fc 8D000000 		.4byte	0x8d
 479 0100 01       		.byte	0x1
 480 0101 00       		.byte	0
 481 0102 03       		.uleb128 0x3
 482 0103 03020000 		.4byte	.LASF22
 483 0107 01       		.byte	0x1
 484 0108 9B       		.byte	0x9b
 485 0109 E1000000 		.4byte	0xe1
 486 010d 0A       		.uleb128 0xa
 487 010e B5000000 		.4byte	.LASF27
 488 0112 01       		.byte	0x1
 489 0113 AE       		.byte	0xae
 490 0114 00000000 		.4byte	.LFB3
 491 0118 32000000 		.4byte	.LFE3-.LFB3
 492 011c 01       		.uleb128 0x1
 493 011d 9C       		.byte	0x9c
 494 011e 7F010000 		.4byte	0x17f
 495 0122 0B       		.uleb128 0xb
 496 0123 D3000000 		.4byte	.LASF23
 497 0127 01       		.byte	0x1
 498 0128 AE       		.byte	0xae
ARM GAS  C:\Users\NGUYEN~1\AppData\Local\Temp\ccYTVTFs.s 			page 16


 499 0129 7F010000 		.4byte	0x17f
 500 012d 01       		.uleb128 0x1
 501 012e 50       		.byte	0x50
 502 012f 0B       		.uleb128 0xb
 503 0130 E5000000 		.4byte	.LASF24
 504 0134 01       		.byte	0x1
 505 0135 AE       		.byte	0xae
 506 0136 8A010000 		.4byte	0x18a
 507 013a 01       		.uleb128 0x1
 508 013b 51       		.byte	0x51
 509 013c 0C       		.uleb128 0xc
 510 013d 6900     		.ascii	"i\000"
 511 013f 01       		.byte	0x1
 512 0140 B1       		.byte	0xb1
 513 0141 A5000000 		.4byte	0xa5
 514 0145 00000000 		.4byte	.LLST0
 515 0149 0C       		.uleb128 0xc
 516 014a 6A00     		.ascii	"j\000"
 517 014c 01       		.byte	0x1
 518 014d B1       		.byte	0xb1
 519 014e A5000000 		.4byte	0xa5
 520 0152 1F000000 		.4byte	.LLST1
 521 0156 0D       		.uleb128 0xd
 522 0157 08000000 		.4byte	.LBB2
 523 015b 22000000 		.4byte	.LBE2-.LBB2
 524 015f 0E       		.uleb128 0xe
 525 0160 CB010000 		.4byte	.LASF25
 526 0164 01       		.byte	0x1
 527 0165 B4       		.byte	0xb4
 528 0166 A5000000 		.4byte	0xa5
 529 016a 3E000000 		.4byte	.LLST2
 530 016e 0E       		.uleb128 0xe
 531 016f 22000000 		.4byte	.LASF26
 532 0173 01       		.byte	0x1
 533 0174 B5       		.byte	0xb5
 534 0175 8D000000 		.4byte	0x8d
 535 0179 51000000 		.4byte	.LLST3
 536 017d 00       		.byte	0
 537 017e 00       		.byte	0
 538 017f 0F       		.uleb128 0xf
 539 0180 04       		.byte	0x4
 540 0181 85010000 		.4byte	0x185
 541 0185 10       		.uleb128 0x10
 542 0186 A5000000 		.4byte	0xa5
 543 018a 0F       		.uleb128 0xf
 544 018b 04       		.byte	0x4
 545 018c 90010000 		.4byte	0x190
 546 0190 10       		.uleb128 0x10
 547 0191 02010000 		.4byte	0x102
 548 0195 0A       		.uleb128 0xa
 549 0196 8F000000 		.4byte	.LASF28
 550 019a 01       		.byte	0x1
 551 019b 4C       		.byte	0x4c
 552 019c 00000000 		.4byte	.LFB0
 553 01a0 0C000000 		.4byte	.LFE0-.LFB0
 554 01a4 01       		.uleb128 0x1
 555 01a5 9C       		.byte	0x9c
ARM GAS  C:\Users\NGUYEN~1\AppData\Local\Temp\ccYTVTFs.s 			page 17


 556 01a6 E2010000 		.4byte	0x1e2
 557 01aa 11       		.uleb128 0x11
 558 01ab 7300     		.ascii	"s\000"
 559 01ad 01       		.byte	0x1
 560 01ae 4C       		.byte	0x4c
 561 01af 84000000 		.4byte	0x84
 562 01b3 6F000000 		.4byte	.LLST4
 563 01b7 11       		.uleb128 0x11
 564 01b8 6E00     		.ascii	"n\000"
 565 01ba 01       		.byte	0x1
 566 01bb 4C       		.byte	0x4c
 567 01bc 2C000000 		.4byte	0x2c
 568 01c0 90000000 		.4byte	.LLST5
 569 01c4 12       		.uleb128 0x12
 570 01c5 0A000000 		.4byte	.LVL14
 571 01c9 75030000 		.4byte	0x375
 572 01cd 13       		.uleb128 0x13
 573 01ce 01       		.uleb128 0x1
 574 01cf 50       		.byte	0x50
 575 01d0 03       		.uleb128 0x3
 576 01d1 F3       		.byte	0xf3
 577 01d2 01       		.uleb128 0x1
 578 01d3 50       		.byte	0x50
 579 01d4 13       		.uleb128 0x13
 580 01d5 01       		.uleb128 0x1
 581 01d6 51       		.byte	0x51
 582 01d7 01       		.uleb128 0x1
 583 01d8 30       		.byte	0x30
 584 01d9 13       		.uleb128 0x13
 585 01da 01       		.uleb128 0x1
 586 01db 52       		.byte	0x52
 587 01dc 03       		.uleb128 0x3
 588 01dd F3       		.byte	0xf3
 589 01de 01       		.uleb128 0x1
 590 01df 51       		.byte	0x51
 591 01e0 00       		.byte	0
 592 01e1 00       		.byte	0
 593 01e2 0A       		.uleb128 0xa
 594 01e3 28000000 		.4byte	.LASF29
 595 01e7 01       		.byte	0x1
 596 01e8 D3       		.byte	0xd3
 597 01e9 00000000 		.4byte	.LFB4
 598 01ed 5C000000 		.4byte	.LFE4-.LFB4
 599 01f1 01       		.uleb128 0x1
 600 01f2 9C       		.byte	0x9c
 601 01f3 2D020000 		.4byte	0x22d
 602 01f7 14       		.uleb128 0x14
 603 01f8 14000000 		.4byte	.LVL15
 604 01fc 7E030000 		.4byte	0x37e
 605 0200 0A020000 		.4byte	0x20a
 606 0204 13       		.uleb128 0x13
 607 0205 01       		.uleb128 0x1
 608 0206 50       		.byte	0x50
 609 0207 01       		.uleb128 0x1
 610 0208 48       		.byte	0x48
 611 0209 00       		.byte	0
 612 020a 14       		.uleb128 0x14
ARM GAS  C:\Users\NGUYEN~1\AppData\Local\Temp\ccYTVTFs.s 			page 18


 613 020b 34000000 		.4byte	.LVL16
 614 020f 89030000 		.4byte	0x389
 615 0213 1D020000 		.4byte	0x21d
 616 0217 13       		.uleb128 0x13
 617 0218 01       		.uleb128 0x1
 618 0219 50       		.byte	0x50
 619 021a 01       		.uleb128 0x1
 620 021b 39       		.byte	0x39
 621 021c 00       		.byte	0
 622 021d 12       		.uleb128 0x12
 623 021e 3A000000 		.4byte	.LVL17
 624 0222 94030000 		.4byte	0x394
 625 0226 13       		.uleb128 0x13
 626 0227 01       		.uleb128 0x1
 627 0228 50       		.byte	0x50
 628 0229 01       		.uleb128 0x1
 629 022a 39       		.byte	0x39
 630 022b 00       		.byte	0
 631 022c 00       		.byte	0
 632 022d 15       		.uleb128 0x15
 633 022e 04010000 		.4byte	.LASF42
 634 0232 01       		.byte	0x1
 635 0233 1801     		.2byte	0x118
 636 0235 5C000000 		.4byte	.LFB6
 637 0239 AC000000 		.4byte	.LFE6-.LFB6
 638 023d 01       		.uleb128 0x1
 639 023e 9C       		.byte	0x9c
 640 023f 4B030000 		.4byte	0x34b
 641 0243 16       		.uleb128 0x16
 642 0244 60000000 		.4byte	.LBB3
 643 0248 5C000000 		.4byte	.LBE3-.LBB3
 644 024c 41030000 		.4byte	0x341
 645 0250 17       		.uleb128 0x17
 646 0251 33000000 		.4byte	.LASF30
 647 0255 01       		.byte	0x1
 648 0256 1E01     		.2byte	0x11e
 649 0258 5B030000 		.4byte	0x35b
 650 025c 05       		.uleb128 0x5
 651 025d 03       		.byte	0x3
 652 025e 10000000 		.4byte	cy_cfg_addr_table.4864
 653 0262 17       		.uleb128 0x17
 654 0263 45000000 		.4byte	.LASF31
 655 0267 01       		.byte	0x1
 656 0268 2201     		.2byte	0x122
 657 026a 70030000 		.4byte	0x370
 658 026e 05       		.uleb128 0x5
 659 026f 03       		.byte	0x3
 660 0270 0C000000 		.4byte	cy_cfg_data_table.4865
 661 0274 18       		.uleb128 0x18
 662 0275 06       		.byte	0x6
 663 0276 01       		.byte	0x1
 664 0277 2901     		.2byte	0x129
 665 0279 98020000 		.4byte	0x298
 666 027d 19       		.uleb128 0x19
 667 027e 11010000 		.4byte	.LASF32
 668 0282 01       		.byte	0x1
 669 0283 2A01     		.2byte	0x12a
ARM GAS  C:\Users\NGUYEN~1\AppData\Local\Temp\ccYTVTFs.s 			page 19


 670 0285 84000000 		.4byte	0x84
 671 0289 00       		.byte	0
 672 028a 19       		.uleb128 0x19
 673 028b 6D000000 		.4byte	.LASF33
 674 028f 01       		.byte	0x1
 675 0290 2B01     		.2byte	0x12b
 676 0292 99000000 		.4byte	0x99
 677 0296 04       		.byte	0x4
 678 0297 00       		.byte	0
 679 0298 06       		.uleb128 0x6
 680 0299 BE010000 		.4byte	.LASF34
 681 029d 01       		.byte	0x1
 682 029e 2C01     		.2byte	0x12c
 683 02a0 74020000 		.4byte	0x274
 684 02a4 1A       		.uleb128 0x1a
 685 02a5 B4020000 		.4byte	0x2b4
 686 02a9 B4020000 		.4byte	0x2b4
 687 02ad 1B       		.uleb128 0x1b
 688 02ae 7D000000 		.4byte	0x7d
 689 02b2 01       		.byte	0x1
 690 02b3 00       		.byte	0
 691 02b4 10       		.uleb128 0x10
 692 02b5 98020000 		.4byte	0x298
 693 02b9 17       		.uleb128 0x17
 694 02ba 5D000000 		.4byte	.LASF35
 695 02be 01       		.byte	0x1
 696 02bf 2E01     		.2byte	0x12e
 697 02c1 CB020000 		.4byte	0x2cb
 698 02c5 05       		.uleb128 0x5
 699 02c6 03       		.byte	0x3
 700 02c7 00000000 		.4byte	cfg_memset_list.4870
 701 02cb 10       		.uleb128 0x10
 702 02cc A4020000 		.4byte	0x2a4
 703 02d0 1C       		.uleb128 0x1c
 704 02d1 6900     		.ascii	"i\000"
 705 02d3 01       		.byte	0x1
 706 02d4 3401     		.2byte	0x134
 707 02d6 8D000000 		.4byte	0x8d
 708 02da BC000000 		.4byte	.LLST6
 709 02de 16       		.uleb128 0x16
 710 02df 64000000 		.4byte	.LBB4
 711 02e3 1C000000 		.4byte	.LBE4-.LBB4
 712 02e7 24030000 		.4byte	0x324
 713 02eb 1C       		.uleb128 0x1c
 714 02ec 6D7300   		.ascii	"ms\000"
 715 02ef 01       		.byte	0x1
 716 02f0 3901     		.2byte	0x139
 717 02f2 FA020000 		.4byte	0x2fa
 718 02f6 E6000000 		.4byte	.LLST7
 719 02fa 0F       		.uleb128 0xf
 720 02fb 04       		.byte	0x4
 721 02fc B4020000 		.4byte	0x2b4
 722 0300 12       		.uleb128 0x12
 723 0301 80000000 		.4byte	.LVL20
 724 0305 95010000 		.4byte	0x195
 725 0309 13       		.uleb128 0x13
 726 030a 01       		.uleb128 0x1
ARM GAS  C:\Users\NGUYEN~1\AppData\Local\Temp\ccYTVTFs.s 			page 20


 727 030b 51       		.byte	0x51
 728 030c 15       		.uleb128 0x15
 729 030d 74       		.byte	0x74
 730 030e 00       		.sleb128 0
 731 030f 31       		.byte	0x31
 732 0310 24       		.byte	0x24
 733 0311 74       		.byte	0x74
 734 0312 00       		.sleb128 0
 735 0313 22       		.byte	0x22
 736 0314 31       		.byte	0x31
 737 0315 24       		.byte	0x24
 738 0316 03       		.byte	0x3
 739 0317 04000000 		.4byte	.LANCHOR0+4
 740 031b 22       		.byte	0x22
 741 031c 94       		.byte	0x94
 742 031d 02       		.byte	0x2
 743 031e 0A       		.byte	0xa
 744 031f FFFF     		.2byte	0xffff
 745 0321 1A       		.byte	0x1a
 746 0322 00       		.byte	0
 747 0323 00       		.byte	0
 748 0324 12       		.uleb128 0x12
 749 0325 94000000 		.4byte	.LVL23
 750 0329 0D010000 		.4byte	0x10d
 751 032d 13       		.uleb128 0x13
 752 032e 01       		.uleb128 0x1
 753 032f 50       		.byte	0x50
 754 0330 05       		.uleb128 0x5
 755 0331 03       		.byte	0x3
 756 0332 10000000 		.4byte	.LANCHOR0+16
 757 0336 13       		.uleb128 0x13
 758 0337 01       		.uleb128 0x1
 759 0338 51       		.byte	0x51
 760 0339 05       		.uleb128 0x5
 761 033a 03       		.byte	0x3
 762 033b 0C000000 		.4byte	.LANCHOR0+12
 763 033f 00       		.byte	0
 764 0340 00       		.byte	0
 765 0341 1D       		.uleb128 0x1d
 766 0342 DE000000 		.4byte	.LVL24
 767 0346 E2010000 		.4byte	0x1e2
 768 034a 00       		.byte	0
 769 034b 1A       		.uleb128 0x1a
 770 034c 85010000 		.4byte	0x185
 771 0350 5B030000 		.4byte	0x35b
 772 0354 1B       		.uleb128 0x1b
 773 0355 7D000000 		.4byte	0x7d
 774 0359 00       		.byte	0
 775 035a 00       		.byte	0
 776 035b 10       		.uleb128 0x10
 777 035c 4B030000 		.4byte	0x34b
 778 0360 1A       		.uleb128 0x1a
 779 0361 90010000 		.4byte	0x190
 780 0365 70030000 		.4byte	0x370
 781 0369 1B       		.uleb128 0x1b
 782 036a 7D000000 		.4byte	0x7d
 783 036e 01       		.byte	0x1
ARM GAS  C:\Users\NGUYEN~1\AppData\Local\Temp\ccYTVTFs.s 			page 21


 784 036f 00       		.byte	0
 785 0370 10       		.uleb128 0x10
 786 0371 60030000 		.4byte	0x360
 787 0375 1E       		.uleb128 0x1e
 788 0376 A7000000 		.4byte	.LASF43
 789 037a A7000000 		.4byte	.LASF43
 790 037e 1F       		.uleb128 0x1f
 791 037f 27020000 		.4byte	.LASF36
 792 0383 27020000 		.4byte	.LASF36
 793 0387 04       		.byte	0x4
 794 0388 6C       		.byte	0x6c
 795 0389 1F       		.uleb128 0x1f
 796 038a 0D000000 		.4byte	.LASF37
 797 038e 0D000000 		.4byte	.LASF37
 798 0392 04       		.byte	0x4
 799 0393 D0       		.byte	0xd0
 800 0394 1F       		.uleb128 0x1f
 801 0395 C7000000 		.4byte	.LASF38
 802 0399 C7000000 		.4byte	.LASF38
 803 039d 04       		.byte	0x4
 804 039e D6       		.byte	0xd6
 805 039f 00       		.byte	0
 806              		.section	.debug_abbrev,"",%progbits
 807              	.Ldebug_abbrev0:
 808 0000 01       		.uleb128 0x1
 809 0001 11       		.uleb128 0x11
 810 0002 01       		.byte	0x1
 811 0003 25       		.uleb128 0x25
 812 0004 0E       		.uleb128 0xe
 813 0005 13       		.uleb128 0x13
 814 0006 0B       		.uleb128 0xb
 815 0007 03       		.uleb128 0x3
 816 0008 0E       		.uleb128 0xe
 817 0009 1B       		.uleb128 0x1b
 818 000a 0E       		.uleb128 0xe
 819 000b 55       		.uleb128 0x55
 820 000c 17       		.uleb128 0x17
 821 000d 11       		.uleb128 0x11
 822 000e 01       		.uleb128 0x1
 823 000f 10       		.uleb128 0x10
 824 0010 17       		.uleb128 0x17
 825 0011 00       		.byte	0
 826 0012 00       		.byte	0
 827 0013 02       		.uleb128 0x2
 828 0014 24       		.uleb128 0x24
 829 0015 00       		.byte	0
 830 0016 0B       		.uleb128 0xb
 831 0017 0B       		.uleb128 0xb
 832 0018 3E       		.uleb128 0x3e
 833 0019 0B       		.uleb128 0xb
 834 001a 03       		.uleb128 0x3
 835 001b 08       		.uleb128 0x8
 836 001c 00       		.byte	0
 837 001d 00       		.byte	0
 838 001e 03       		.uleb128 0x3
 839 001f 16       		.uleb128 0x16
 840 0020 00       		.byte	0
ARM GAS  C:\Users\NGUYEN~1\AppData\Local\Temp\ccYTVTFs.s 			page 22


 841 0021 03       		.uleb128 0x3
 842 0022 0E       		.uleb128 0xe
 843 0023 3A       		.uleb128 0x3a
 844 0024 0B       		.uleb128 0xb
 845 0025 3B       		.uleb128 0x3b
 846 0026 0B       		.uleb128 0xb
 847 0027 49       		.uleb128 0x49
 848 0028 13       		.uleb128 0x13
 849 0029 00       		.byte	0
 850 002a 00       		.byte	0
 851 002b 04       		.uleb128 0x4
 852 002c 24       		.uleb128 0x24
 853 002d 00       		.byte	0
 854 002e 0B       		.uleb128 0xb
 855 002f 0B       		.uleb128 0xb
 856 0030 3E       		.uleb128 0x3e
 857 0031 0B       		.uleb128 0xb
 858 0032 03       		.uleb128 0x3
 859 0033 0E       		.uleb128 0xe
 860 0034 00       		.byte	0
 861 0035 00       		.byte	0
 862 0036 05       		.uleb128 0x5
 863 0037 0F       		.uleb128 0xf
 864 0038 00       		.byte	0
 865 0039 0B       		.uleb128 0xb
 866 003a 0B       		.uleb128 0xb
 867 003b 00       		.byte	0
 868 003c 00       		.byte	0
 869 003d 06       		.uleb128 0x6
 870 003e 16       		.uleb128 0x16
 871 003f 00       		.byte	0
 872 0040 03       		.uleb128 0x3
 873 0041 0E       		.uleb128 0xe
 874 0042 3A       		.uleb128 0x3a
 875 0043 0B       		.uleb128 0xb
 876 0044 3B       		.uleb128 0x3b
 877 0045 05       		.uleb128 0x5
 878 0046 49       		.uleb128 0x49
 879 0047 13       		.uleb128 0x13
 880 0048 00       		.byte	0
 881 0049 00       		.byte	0
 882 004a 07       		.uleb128 0x7
 883 004b 35       		.uleb128 0x35
 884 004c 00       		.byte	0
 885 004d 49       		.uleb128 0x49
 886 004e 13       		.uleb128 0x13
 887 004f 00       		.byte	0
 888 0050 00       		.byte	0
 889 0051 08       		.uleb128 0x8
 890 0052 13       		.uleb128 0x13
 891 0053 01       		.byte	0x1
 892 0054 0B       		.uleb128 0xb
 893 0055 0B       		.uleb128 0xb
 894 0056 3A       		.uleb128 0x3a
 895 0057 0B       		.uleb128 0xb
 896 0058 3B       		.uleb128 0x3b
 897 0059 0B       		.uleb128 0xb
ARM GAS  C:\Users\NGUYEN~1\AppData\Local\Temp\ccYTVTFs.s 			page 23


 898 005a 01       		.uleb128 0x1
 899 005b 13       		.uleb128 0x13
 900 005c 00       		.byte	0
 901 005d 00       		.byte	0
 902 005e 09       		.uleb128 0x9
 903 005f 0D       		.uleb128 0xd
 904 0060 00       		.byte	0
 905 0061 03       		.uleb128 0x3
 906 0062 0E       		.uleb128 0xe
 907 0063 3A       		.uleb128 0x3a
 908 0064 0B       		.uleb128 0xb
 909 0065 3B       		.uleb128 0x3b
 910 0066 0B       		.uleb128 0xb
 911 0067 49       		.uleb128 0x49
 912 0068 13       		.uleb128 0x13
 913 0069 38       		.uleb128 0x38
 914 006a 0B       		.uleb128 0xb
 915 006b 00       		.byte	0
 916 006c 00       		.byte	0
 917 006d 0A       		.uleb128 0xa
 918 006e 2E       		.uleb128 0x2e
 919 006f 01       		.byte	0x1
 920 0070 03       		.uleb128 0x3
 921 0071 0E       		.uleb128 0xe
 922 0072 3A       		.uleb128 0x3a
 923 0073 0B       		.uleb128 0xb
 924 0074 3B       		.uleb128 0x3b
 925 0075 0B       		.uleb128 0xb
 926 0076 27       		.uleb128 0x27
 927 0077 19       		.uleb128 0x19
 928 0078 11       		.uleb128 0x11
 929 0079 01       		.uleb128 0x1
 930 007a 12       		.uleb128 0x12
 931 007b 06       		.uleb128 0x6
 932 007c 40       		.uleb128 0x40
 933 007d 18       		.uleb128 0x18
 934 007e 9742     		.uleb128 0x2117
 935 0080 19       		.uleb128 0x19
 936 0081 01       		.uleb128 0x1
 937 0082 13       		.uleb128 0x13
 938 0083 00       		.byte	0
 939 0084 00       		.byte	0
 940 0085 0B       		.uleb128 0xb
 941 0086 05       		.uleb128 0x5
 942 0087 00       		.byte	0
 943 0088 03       		.uleb128 0x3
 944 0089 0E       		.uleb128 0xe
 945 008a 3A       		.uleb128 0x3a
 946 008b 0B       		.uleb128 0xb
 947 008c 3B       		.uleb128 0x3b
 948 008d 0B       		.uleb128 0xb
 949 008e 49       		.uleb128 0x49
 950 008f 13       		.uleb128 0x13
 951 0090 02       		.uleb128 0x2
 952 0091 18       		.uleb128 0x18
 953 0092 00       		.byte	0
 954 0093 00       		.byte	0
ARM GAS  C:\Users\NGUYEN~1\AppData\Local\Temp\ccYTVTFs.s 			page 24


 955 0094 0C       		.uleb128 0xc
 956 0095 34       		.uleb128 0x34
 957 0096 00       		.byte	0
 958 0097 03       		.uleb128 0x3
 959 0098 08       		.uleb128 0x8
 960 0099 3A       		.uleb128 0x3a
 961 009a 0B       		.uleb128 0xb
 962 009b 3B       		.uleb128 0x3b
 963 009c 0B       		.uleb128 0xb
 964 009d 49       		.uleb128 0x49
 965 009e 13       		.uleb128 0x13
 966 009f 02       		.uleb128 0x2
 967 00a0 17       		.uleb128 0x17
 968 00a1 00       		.byte	0
 969 00a2 00       		.byte	0
 970 00a3 0D       		.uleb128 0xd
 971 00a4 0B       		.uleb128 0xb
 972 00a5 01       		.byte	0x1
 973 00a6 11       		.uleb128 0x11
 974 00a7 01       		.uleb128 0x1
 975 00a8 12       		.uleb128 0x12
 976 00a9 06       		.uleb128 0x6
 977 00aa 00       		.byte	0
 978 00ab 00       		.byte	0
 979 00ac 0E       		.uleb128 0xe
 980 00ad 34       		.uleb128 0x34
 981 00ae 00       		.byte	0
 982 00af 03       		.uleb128 0x3
 983 00b0 0E       		.uleb128 0xe
 984 00b1 3A       		.uleb128 0x3a
 985 00b2 0B       		.uleb128 0xb
 986 00b3 3B       		.uleb128 0x3b
 987 00b4 0B       		.uleb128 0xb
 988 00b5 49       		.uleb128 0x49
 989 00b6 13       		.uleb128 0x13
 990 00b7 02       		.uleb128 0x2
 991 00b8 17       		.uleb128 0x17
 992 00b9 00       		.byte	0
 993 00ba 00       		.byte	0
 994 00bb 0F       		.uleb128 0xf
 995 00bc 0F       		.uleb128 0xf
 996 00bd 00       		.byte	0
 997 00be 0B       		.uleb128 0xb
 998 00bf 0B       		.uleb128 0xb
 999 00c0 49       		.uleb128 0x49
 1000 00c1 13       		.uleb128 0x13
 1001 00c2 00       		.byte	0
 1002 00c3 00       		.byte	0
 1003 00c4 10       		.uleb128 0x10
 1004 00c5 26       		.uleb128 0x26
 1005 00c6 00       		.byte	0
 1006 00c7 49       		.uleb128 0x49
 1007 00c8 13       		.uleb128 0x13
 1008 00c9 00       		.byte	0
 1009 00ca 00       		.byte	0
 1010 00cb 11       		.uleb128 0x11
 1011 00cc 05       		.uleb128 0x5
ARM GAS  C:\Users\NGUYEN~1\AppData\Local\Temp\ccYTVTFs.s 			page 25


 1012 00cd 00       		.byte	0
 1013 00ce 03       		.uleb128 0x3
 1014 00cf 08       		.uleb128 0x8
 1015 00d0 3A       		.uleb128 0x3a
 1016 00d1 0B       		.uleb128 0xb
 1017 00d2 3B       		.uleb128 0x3b
 1018 00d3 0B       		.uleb128 0xb
 1019 00d4 49       		.uleb128 0x49
 1020 00d5 13       		.uleb128 0x13
 1021 00d6 02       		.uleb128 0x2
 1022 00d7 17       		.uleb128 0x17
 1023 00d8 00       		.byte	0
 1024 00d9 00       		.byte	0
 1025 00da 12       		.uleb128 0x12
 1026 00db 898201   		.uleb128 0x4109
 1027 00de 01       		.byte	0x1
 1028 00df 11       		.uleb128 0x11
 1029 00e0 01       		.uleb128 0x1
 1030 00e1 31       		.uleb128 0x31
 1031 00e2 13       		.uleb128 0x13
 1032 00e3 00       		.byte	0
 1033 00e4 00       		.byte	0
 1034 00e5 13       		.uleb128 0x13
 1035 00e6 8A8201   		.uleb128 0x410a
 1036 00e9 00       		.byte	0
 1037 00ea 02       		.uleb128 0x2
 1038 00eb 18       		.uleb128 0x18
 1039 00ec 9142     		.uleb128 0x2111
 1040 00ee 18       		.uleb128 0x18
 1041 00ef 00       		.byte	0
 1042 00f0 00       		.byte	0
 1043 00f1 14       		.uleb128 0x14
 1044 00f2 898201   		.uleb128 0x4109
 1045 00f5 01       		.byte	0x1
 1046 00f6 11       		.uleb128 0x11
 1047 00f7 01       		.uleb128 0x1
 1048 00f8 31       		.uleb128 0x31
 1049 00f9 13       		.uleb128 0x13
 1050 00fa 01       		.uleb128 0x1
 1051 00fb 13       		.uleb128 0x13
 1052 00fc 00       		.byte	0
 1053 00fd 00       		.byte	0
 1054 00fe 15       		.uleb128 0x15
 1055 00ff 2E       		.uleb128 0x2e
 1056 0100 01       		.byte	0x1
 1057 0101 3F       		.uleb128 0x3f
 1058 0102 19       		.uleb128 0x19
 1059 0103 03       		.uleb128 0x3
 1060 0104 0E       		.uleb128 0xe
 1061 0105 3A       		.uleb128 0x3a
 1062 0106 0B       		.uleb128 0xb
 1063 0107 3B       		.uleb128 0x3b
 1064 0108 05       		.uleb128 0x5
 1065 0109 27       		.uleb128 0x27
 1066 010a 19       		.uleb128 0x19
 1067 010b 11       		.uleb128 0x11
 1068 010c 01       		.uleb128 0x1
ARM GAS  C:\Users\NGUYEN~1\AppData\Local\Temp\ccYTVTFs.s 			page 26


 1069 010d 12       		.uleb128 0x12
 1070 010e 06       		.uleb128 0x6
 1071 010f 40       		.uleb128 0x40
 1072 0110 18       		.uleb128 0x18
 1073 0111 9742     		.uleb128 0x2117
 1074 0113 19       		.uleb128 0x19
 1075 0114 01       		.uleb128 0x1
 1076 0115 13       		.uleb128 0x13
 1077 0116 00       		.byte	0
 1078 0117 00       		.byte	0
 1079 0118 16       		.uleb128 0x16
 1080 0119 0B       		.uleb128 0xb
 1081 011a 01       		.byte	0x1
 1082 011b 11       		.uleb128 0x11
 1083 011c 01       		.uleb128 0x1
 1084 011d 12       		.uleb128 0x12
 1085 011e 06       		.uleb128 0x6
 1086 011f 01       		.uleb128 0x1
 1087 0120 13       		.uleb128 0x13
 1088 0121 00       		.byte	0
 1089 0122 00       		.byte	0
 1090 0123 17       		.uleb128 0x17
 1091 0124 34       		.uleb128 0x34
 1092 0125 00       		.byte	0
 1093 0126 03       		.uleb128 0x3
 1094 0127 0E       		.uleb128 0xe
 1095 0128 3A       		.uleb128 0x3a
 1096 0129 0B       		.uleb128 0xb
 1097 012a 3B       		.uleb128 0x3b
 1098 012b 05       		.uleb128 0x5
 1099 012c 49       		.uleb128 0x49
 1100 012d 13       		.uleb128 0x13
 1101 012e 02       		.uleb128 0x2
 1102 012f 18       		.uleb128 0x18
 1103 0130 00       		.byte	0
 1104 0131 00       		.byte	0
 1105 0132 18       		.uleb128 0x18
 1106 0133 13       		.uleb128 0x13
 1107 0134 01       		.byte	0x1
 1108 0135 0B       		.uleb128 0xb
 1109 0136 0B       		.uleb128 0xb
 1110 0137 3A       		.uleb128 0x3a
 1111 0138 0B       		.uleb128 0xb
 1112 0139 3B       		.uleb128 0x3b
 1113 013a 05       		.uleb128 0x5
 1114 013b 01       		.uleb128 0x1
 1115 013c 13       		.uleb128 0x13
 1116 013d 00       		.byte	0
 1117 013e 00       		.byte	0
 1118 013f 19       		.uleb128 0x19
 1119 0140 0D       		.uleb128 0xd
 1120 0141 00       		.byte	0
 1121 0142 03       		.uleb128 0x3
 1122 0143 0E       		.uleb128 0xe
 1123 0144 3A       		.uleb128 0x3a
 1124 0145 0B       		.uleb128 0xb
 1125 0146 3B       		.uleb128 0x3b
ARM GAS  C:\Users\NGUYEN~1\AppData\Local\Temp\ccYTVTFs.s 			page 27


 1126 0147 05       		.uleb128 0x5
 1127 0148 49       		.uleb128 0x49
 1128 0149 13       		.uleb128 0x13
 1129 014a 38       		.uleb128 0x38
 1130 014b 0B       		.uleb128 0xb
 1131 014c 00       		.byte	0
 1132 014d 00       		.byte	0
 1133 014e 1A       		.uleb128 0x1a
 1134 014f 01       		.uleb128 0x1
 1135 0150 01       		.byte	0x1
 1136 0151 49       		.uleb128 0x49
 1137 0152 13       		.uleb128 0x13
 1138 0153 01       		.uleb128 0x1
 1139 0154 13       		.uleb128 0x13
 1140 0155 00       		.byte	0
 1141 0156 00       		.byte	0
 1142 0157 1B       		.uleb128 0x1b
 1143 0158 21       		.uleb128 0x21
 1144 0159 00       		.byte	0
 1145 015a 49       		.uleb128 0x49
 1146 015b 13       		.uleb128 0x13
 1147 015c 2F       		.uleb128 0x2f
 1148 015d 0B       		.uleb128 0xb
 1149 015e 00       		.byte	0
 1150 015f 00       		.byte	0
 1151 0160 1C       		.uleb128 0x1c
 1152 0161 34       		.uleb128 0x34
 1153 0162 00       		.byte	0
 1154 0163 03       		.uleb128 0x3
 1155 0164 08       		.uleb128 0x8
 1156 0165 3A       		.uleb128 0x3a
 1157 0166 0B       		.uleb128 0xb
 1158 0167 3B       		.uleb128 0x3b
 1159 0168 05       		.uleb128 0x5
 1160 0169 49       		.uleb128 0x49
 1161 016a 13       		.uleb128 0x13
 1162 016b 02       		.uleb128 0x2
 1163 016c 17       		.uleb128 0x17
 1164 016d 00       		.byte	0
 1165 016e 00       		.byte	0
 1166 016f 1D       		.uleb128 0x1d
 1167 0170 898201   		.uleb128 0x4109
 1168 0173 00       		.byte	0
 1169 0174 11       		.uleb128 0x11
 1170 0175 01       		.uleb128 0x1
 1171 0176 31       		.uleb128 0x31
 1172 0177 13       		.uleb128 0x13
 1173 0178 00       		.byte	0
 1174 0179 00       		.byte	0
 1175 017a 1E       		.uleb128 0x1e
 1176 017b 2E       		.uleb128 0x2e
 1177 017c 00       		.byte	0
 1178 017d 3F       		.uleb128 0x3f
 1179 017e 19       		.uleb128 0x19
 1180 017f 3C       		.uleb128 0x3c
 1181 0180 19       		.uleb128 0x19
 1182 0181 6E       		.uleb128 0x6e
ARM GAS  C:\Users\NGUYEN~1\AppData\Local\Temp\ccYTVTFs.s 			page 28


 1183 0182 0E       		.uleb128 0xe
 1184 0183 03       		.uleb128 0x3
 1185 0184 0E       		.uleb128 0xe
 1186 0185 00       		.byte	0
 1187 0186 00       		.byte	0
 1188 0187 1F       		.uleb128 0x1f
 1189 0188 2E       		.uleb128 0x2e
 1190 0189 00       		.byte	0
 1191 018a 3F       		.uleb128 0x3f
 1192 018b 19       		.uleb128 0x19
 1193 018c 3C       		.uleb128 0x3c
 1194 018d 19       		.uleb128 0x19
 1195 018e 6E       		.uleb128 0x6e
 1196 018f 0E       		.uleb128 0xe
 1197 0190 03       		.uleb128 0x3
 1198 0191 0E       		.uleb128 0xe
 1199 0192 3A       		.uleb128 0x3a
 1200 0193 0B       		.uleb128 0xb
 1201 0194 3B       		.uleb128 0x3b
 1202 0195 0B       		.uleb128 0xb
 1203 0196 00       		.byte	0
 1204 0197 00       		.byte	0
 1205 0198 00       		.byte	0
 1206              		.section	.debug_loc,"",%progbits
 1207              	.Ldebug_loc0:
 1208              	.LLST0:
 1209 0000 02000000 		.4byte	.LVL1
 1210 0004 08000000 		.4byte	.LVL2
 1211 0008 0200     		.2byte	0x2
 1212 000a 30       		.byte	0x30
 1213 000b 9F       		.byte	0x9f
 1214 000c 08000000 		.4byte	.LVL2
 1215 0010 30000000 		.4byte	.LVL11
 1216 0014 0100     		.2byte	0x1
 1217 0016 57       		.byte	0x57
 1218 0017 00000000 		.4byte	0
 1219 001b 00000000 		.4byte	0
 1220              	.LLST1:
 1221 001f 02000000 		.4byte	.LVL1
 1222 0023 08000000 		.4byte	.LVL2
 1223 0027 0200     		.2byte	0x2
 1224 0029 30       		.byte	0x30
 1225 002a 9F       		.byte	0x9f
 1226 002b 08000000 		.4byte	.LVL2
 1227 002f 30000000 		.4byte	.LVL10
 1228 0033 0100     		.2byte	0x1
 1229 0035 55       		.byte	0x55
 1230 0036 00000000 		.4byte	0
 1231 003a 00000000 		.4byte	0
 1232              	.LLST2:
 1233 003e 0C000000 		.4byte	.LVL3
 1234 0042 2C000000 		.4byte	.LVL9
 1235 0046 0100     		.2byte	0x1
 1236 0048 56       		.byte	0x56
 1237 0049 00000000 		.4byte	0
 1238 004d 00000000 		.4byte	0
 1239              	.LLST3:
ARM GAS  C:\Users\NGUYEN~1\AppData\Local\Temp\ccYTVTFs.s 			page 29


 1240 0051 0E000000 		.4byte	.LVL4
 1241 0055 24000000 		.4byte	.LVL7
 1242 0059 0100     		.2byte	0x1
 1243 005b 53       		.byte	0x53
 1244 005c 26000000 		.4byte	.LVL8
 1245 0060 2C000000 		.4byte	.LVL9
 1246 0064 0100     		.2byte	0x1
 1247 0066 53       		.byte	0x53
 1248 0067 00000000 		.4byte	0
 1249 006b 00000000 		.4byte	0
 1250              	.LLST4:
 1251 006f 00000000 		.4byte	.LVL12
 1252 0073 09000000 		.4byte	.LVL14-1
 1253 0077 0100     		.2byte	0x1
 1254 0079 50       		.byte	0x50
 1255 007a 09000000 		.4byte	.LVL14-1
 1256 007e 0C000000 		.4byte	.LFE0
 1257 0082 0400     		.2byte	0x4
 1258 0084 F3       		.byte	0xf3
 1259 0085 01       		.uleb128 0x1
 1260 0086 50       		.byte	0x50
 1261 0087 9F       		.byte	0x9f
 1262 0088 00000000 		.4byte	0
 1263 008c 00000000 		.4byte	0
 1264              	.LLST5:
 1265 0090 00000000 		.4byte	.LVL12
 1266 0094 06000000 		.4byte	.LVL13
 1267 0098 0100     		.2byte	0x1
 1268 009a 51       		.byte	0x51
 1269 009b 06000000 		.4byte	.LVL13
 1270 009f 09000000 		.4byte	.LVL14-1
 1271 00a3 0100     		.2byte	0x1
 1272 00a5 52       		.byte	0x52
 1273 00a6 09000000 		.4byte	.LVL14-1
 1274 00aa 0C000000 		.4byte	.LFE0
 1275 00ae 0400     		.2byte	0x4
 1276 00b0 F3       		.byte	0xf3
 1277 00b1 01       		.uleb128 0x1
 1278 00b2 51       		.byte	0x51
 1279 00b3 9F       		.byte	0x9f
 1280 00b4 00000000 		.4byte	0
 1281 00b8 00000000 		.4byte	0
 1282              	.LLST6:
 1283 00bc 60000000 		.4byte	.LVL18
 1284 00c0 64000000 		.4byte	.LVL19
 1285 00c4 0200     		.2byte	0x2
 1286 00c6 30       		.byte	0x30
 1287 00c7 9F       		.byte	0x9f
 1288 00c8 64000000 		.4byte	.LVL19
 1289 00cc 82000000 		.4byte	.LVL21
 1290 00d0 0100     		.2byte	0x1
 1291 00d2 54       		.byte	0x54
 1292 00d3 84000000 		.4byte	.LVL22
 1293 00d7 DE000000 		.4byte	.LVL25
 1294 00db 0100     		.2byte	0x1
 1295 00dd 54       		.byte	0x54
 1296 00de 00000000 		.4byte	0
ARM GAS  C:\Users\NGUYEN~1\AppData\Local\Temp\ccYTVTFs.s 			page 30


 1297 00e2 00000000 		.4byte	0
 1298              	.LLST7:
 1299 00e6 64000000 		.4byte	.LVL19
 1300 00ea 82000000 		.4byte	.LVL21
 1301 00ee 0B00     		.2byte	0xb
 1302 00f0 74       		.byte	0x74
 1303 00f1 00       		.sleb128 0
 1304 00f2 36       		.byte	0x36
 1305 00f3 1E       		.byte	0x1e
 1306 00f4 03       		.byte	0x3
 1307 00f5 00000000 		.4byte	cfg_memset_list.4870
 1308 00f9 22       		.byte	0x22
 1309 00fa 9F       		.byte	0x9f
 1310 00fb 82000000 		.4byte	.LVL21
 1311 00ff 84000000 		.4byte	.LVL22
 1312 0103 0B00     		.2byte	0xb
 1313 0105 74       		.byte	0x74
 1314 0106 7F       		.sleb128 -1
 1315 0107 36       		.byte	0x36
 1316 0108 1E       		.byte	0x1e
 1317 0109 03       		.byte	0x3
 1318 010a 00000000 		.4byte	cfg_memset_list.4870
 1319 010e 22       		.byte	0x22
 1320 010f 9F       		.byte	0x9f
 1321 0110 00000000 		.4byte	0
 1322 0114 00000000 		.4byte	0
 1323              		.section	.debug_aranges,"",%progbits
 1324 0000 34000000 		.4byte	0x34
 1325 0004 0200     		.2byte	0x2
 1326 0006 00000000 		.4byte	.Ldebug_info0
 1327 000a 04       		.byte	0x4
 1328 000b 00       		.byte	0
 1329 000c 0000     		.2byte	0
 1330 000e 0000     		.2byte	0
 1331 0010 00000000 		.4byte	.LFB3
 1332 0014 32000000 		.4byte	.LFE3-.LFB3
 1333 0018 00000000 		.4byte	.LFB0
 1334 001c 0C000000 		.4byte	.LFE0-.LFB0
 1335 0020 00000000 		.4byte	.LFB4
 1336 0024 5C000000 		.4byte	.LFE4-.LFB4
 1337 0028 5C000000 		.4byte	.LFB6
 1338 002c AC000000 		.4byte	.LFE6-.LFB6
 1339 0030 00000000 		.4byte	0
 1340 0034 00000000 		.4byte	0
 1341              		.section	.debug_ranges,"",%progbits
 1342              	.Ldebug_ranges0:
 1343 0000 00000000 		.4byte	.LFB3
 1344 0004 32000000 		.4byte	.LFE3
 1345 0008 00000000 		.4byte	.LFB0
 1346 000c 0C000000 		.4byte	.LFE0
 1347 0010 00000000 		.4byte	.LFB4
 1348 0014 5C000000 		.4byte	.LFE4
 1349 0018 5C000000 		.4byte	.LFB6
 1350 001c 08010000 		.4byte	.LFE6
 1351 0020 00000000 		.4byte	0
 1352 0024 00000000 		.4byte	0
 1353              		.section	.debug_line,"",%progbits
ARM GAS  C:\Users\NGUYEN~1\AppData\Local\Temp\ccYTVTFs.s 			page 31


 1354              	.Ldebug_line0:
 1355 0000 55010000 		.section	.debug_str,"MS",%progbits,1
 1355      0200D600 
 1355      00000201 
 1355      FB0E0D00 
 1355      01010101 
 1356              	.LASF19:
 1357 0000 72656733 		.ascii	"reg32\000"
 1357      3200
 1358              	.LASF12:
 1359 0006 73697A65 		.ascii	"size_t\000"
 1359      5F7400
 1360              	.LASF37:
 1361 000d 4379496E 		.ascii	"CyIntSetVector\000"
 1361      74536574 
 1361      56656374 
 1361      6F7200
 1362              	.LASF21:
 1363 001c 76616C75 		.ascii	"value\000"
 1363      6500
 1364              	.LASF26:
 1365 0022 636F756E 		.ascii	"count\000"
 1365      7400
 1366              	.LASF29:
 1367 0028 436C6F63 		.ascii	"ClockSetup\000"
 1367      6B536574 
 1367      757000
 1368              	.LASF30:
 1369 0033 63795F63 		.ascii	"cy_cfg_addr_table\000"
 1369      66675F61 
 1369      6464725F 
 1369      7461626C 
 1369      6500
 1370              	.LASF31:
 1371 0045 63795F63 		.ascii	"cy_cfg_data_table\000"
 1371      66675F64 
 1371      6174615F 
 1371      7461626C 
 1371      6500
 1372              	.LASF16:
 1373 0057 666C6F61 		.ascii	"float\000"
 1373      7400
 1374              	.LASF35:
 1375 005d 6366675F 		.ascii	"cfg_memset_list\000"
 1375      6D656D73 
 1375      65745F6C 
 1375      69737400 
 1376              	.LASF33:
 1377 006d 73697A65 		.ascii	"size\000"
 1377      00
 1378              	.LASF18:
 1379 0072 72656738 		.ascii	"reg8\000"
 1379      00
 1380              	.LASF8:
 1381 0077 6C6F6E67 		.ascii	"long unsigned int\000"
 1381      20756E73 
 1381      69676E65 
ARM GAS  C:\Users\NGUYEN~1\AppData\Local\Temp\ccYTVTFs.s 			page 32


 1381      6420696E 
 1381      7400
 1382              	.LASF13:
 1383 0089 75696E74 		.ascii	"uint8\000"
 1383      3800
 1384              	.LASF28:
 1385 008f 43594D45 		.ascii	"CYMEMZERO\000"
 1385      4D5A4552 
 1385      4F00
 1386              	.LASF4:
 1387 0099 756E7369 		.ascii	"unsigned char\000"
 1387      676E6564 
 1387      20636861 
 1387      7200
 1388              	.LASF43:
 1389 00a7 6D656D73 		.ascii	"memset\000"
 1389      657400
 1390              	.LASF17:
 1391 00ae 646F7562 		.ascii	"double\000"
 1391      6C6500
 1392              	.LASF27:
 1393 00b5 6366675F 		.ascii	"cfg_write_bytes32\000"
 1393      77726974 
 1393      655F6279 
 1393      74657333 
 1393      3200
 1394              	.LASF38:
 1395 00c7 4379496E 		.ascii	"CyIntEnable\000"
 1395      74456E61 
 1395      626C6500 
 1396              	.LASF23:
 1397 00d3 61646472 		.ascii	"addr_table\000"
 1397      5F746162 
 1397      6C6500
 1398              	.LASF14:
 1399 00de 75696E74 		.ascii	"uint16\000"
 1399      313600
 1400              	.LASF24:
 1401 00e5 64617461 		.ascii	"data_table\000"
 1401      5F746162 
 1401      6C6500
 1402              	.LASF15:
 1403 00f0 75696E74 		.ascii	"uint32\000"
 1403      333200
 1404              	.LASF0:
 1405 00f7 756E7369 		.ascii	"unsigned int\000"
 1405      676E6564 
 1405      20696E74 
 1405      00
 1406              	.LASF42:
 1407 0104 63796669 		.ascii	"cyfitter_cfg\000"
 1407      74746572 
 1407      5F636667 
 1407      00
 1408              	.LASF32:
 1409 0111 61646472 		.ascii	"address\000"
 1409      65737300 
ARM GAS  C:\Users\NGUYEN~1\AppData\Local\Temp\ccYTVTFs.s 			page 33


 1410              	.LASF9:
 1411 0119 6C6F6E67 		.ascii	"long long unsigned int\000"
 1411      206C6F6E 
 1411      6720756E 
 1411      7369676E 
 1411      65642069 
 1412              	.LASF39:
 1413 0130 474E5520 		.ascii	"GNU C11 5.4.1 20160609 (release) [ARM/embedded-5-br"
 1413      43313120 
 1413      352E342E 
 1413      31203230 
 1413      31363036 
 1414 0163 616E6368 		.ascii	"anch revision 237715] -mcpu=cortex-m0 -mthumb -g -O"
 1414      20726576 
 1414      6973696F 
 1414      6E203233 
 1414      37373135 
 1415 0196 67202D66 		.ascii	"g -ffunction-sections -ffat-lto-objects\000"
 1415      66756E63 
 1415      74696F6E 
 1415      2D736563 
 1415      74696F6E 
 1416              	.LASF34:
 1417 01be 6366675F 		.ascii	"cfg_memset_t\000"
 1417      6D656D73 
 1417      65745F74 
 1417      00
 1418              	.LASF25:
 1419 01cb 62617365 		.ascii	"baseAddr\000"
 1419      41646472 
 1419      00
 1420              	.LASF10:
 1421 01d4 73697A65 		.ascii	"sizetype\000"
 1421      74797065 
 1421      00
 1422              	.LASF6:
 1423 01dd 73686F72 		.ascii	"short unsigned int\000"
 1423      7420756E 
 1423      7369676E 
 1423      65642069 
 1423      6E7400
 1424              	.LASF1:
 1425 01f0 6C6F6E67 		.ascii	"long long int\000"
 1425      206C6F6E 
 1425      6720696E 
 1425      7400
 1426              	.LASF11:
 1427 01fe 63686172 		.ascii	"char\000"
 1427      00
 1428              	.LASF22:
 1429 0203 63795F63 		.ascii	"cy_cfg_addrvalue_t\000"
 1429      66675F61 
 1429      64647276 
 1429      616C7565 
 1429      5F7400
 1430              	.LASF20:
 1431 0216 6F666673 		.ascii	"offset\000"
ARM GAS  C:\Users\NGUYEN~1\AppData\Local\Temp\ccYTVTFs.s 			page 34


 1431      657400
 1432              	.LASF5:
 1433 021d 73686F72 		.ascii	"short int\000"
 1433      7420696E 
 1433      7400
 1434              	.LASF36:
 1435 0227 43795379 		.ascii	"CySysClkWriteImoFreq\000"
 1435      73436C6B 
 1435      57726974 
 1435      65496D6F 
 1435      46726571 
 1436              	.LASF41:
 1437 023c 443A5C70 		.ascii	"D:\\psoc\\theory\\outputPin\\interrupts.cydsn\000"
 1437      736F635C 
 1437      7468656F 
 1437      72795C6F 
 1437      75747075 
 1438              	.LASF7:
 1439 0266 6C6F6E67 		.ascii	"long int\000"
 1439      20696E74 
 1439      00
 1440              	.LASF2:
 1441 026f 6C6F6E67 		.ascii	"long double\000"
 1441      20646F75 
 1441      626C6500 
 1442              	.LASF3:
 1443 027b 7369676E 		.ascii	"signed char\000"
 1443      65642063 
 1443      68617200 
 1444              	.LASF40:
 1445 0287 47656E65 		.ascii	"Generated_Source\\PSoC4\\cyfitter_cfg.c\000"
 1445      72617465 
 1445      645F536F 
 1445      75726365 
 1445      5C50536F 
 1446              		.ident	"GCC: (GNU Tools for ARM Embedded Processors) 5.4.1 20160609 (release) [ARM/embedded-5-bran
