ARM GAS  C:\Users\NGUYEN~1\AppData\Local\Temp\ccJ0iqQH.s 			page 1


   1              		.syntax unified
   2              		.cpu cortex-m0
   3              		.fpu softvfp
   4              		.eabi_attribute 20, 1
   5              		.eabi_attribute 21, 1
   6              		.eabi_attribute 23, 3
   7              		.eabi_attribute 24, 1
   8              		.eabi_attribute 25, 1
   9              		.eabi_attribute 26, 1
  10              		.eabi_attribute 30, 1
  11              		.eabi_attribute 34, 0
  12              		.eabi_attribute 18, 4
  13              		.thumb
  14              		.syntax unified
  15              		.file	"cyfitter_cfg.c"
  16              		.text
  17              	.Ltext0:
  18              		.cfi_sections	.debug_frame
  19              		.section	.text.CYMEMZERO,"ax",%progbits
  20              		.align	2
  21              		.code	16
  22              		.thumb_func
  23              		.type	CYMEMZERO, %function
  24              	CYMEMZERO:
  25              	.LFB0:
  26              		.file 1 "Generated_Source\\PSoC4\\cyfitter_cfg.c"
   1:Generated_Source\PSoC4/cyfitter_cfg.c **** 
   2:Generated_Source\PSoC4/cyfitter_cfg.c **** /*******************************************************************************
   3:Generated_Source\PSoC4/cyfitter_cfg.c **** * File Name: cyfitter_cfg.c
   4:Generated_Source\PSoC4/cyfitter_cfg.c **** * 
   5:Generated_Source\PSoC4/cyfitter_cfg.c **** * PSoC Creator  4.4
   6:Generated_Source\PSoC4/cyfitter_cfg.c **** *
   7:Generated_Source\PSoC4/cyfitter_cfg.c **** * Description:
   8:Generated_Source\PSoC4/cyfitter_cfg.c **** * This file contains device initialization code.
   9:Generated_Source\PSoC4/cyfitter_cfg.c **** * Except for the user defined sections in CyClockStartupError(), this file should not be modified.
  10:Generated_Source\PSoC4/cyfitter_cfg.c **** * This file is automatically generated by PSoC Creator.
  11:Generated_Source\PSoC4/cyfitter_cfg.c **** *
  12:Generated_Source\PSoC4/cyfitter_cfg.c **** ********************************************************************************
  13:Generated_Source\PSoC4/cyfitter_cfg.c **** * Copyright (c) 2007-2020 Cypress Semiconductor.  All rights reserved.
  14:Generated_Source\PSoC4/cyfitter_cfg.c **** * You may use this file only in accordance with the license, terms, conditions, 
  15:Generated_Source\PSoC4/cyfitter_cfg.c **** * disclaimers, and limitations in the end user license agreement accompanying 
  16:Generated_Source\PSoC4/cyfitter_cfg.c **** * the software package with which this file was provided.
  17:Generated_Source\PSoC4/cyfitter_cfg.c **** ********************************************************************************/
  18:Generated_Source\PSoC4/cyfitter_cfg.c **** 
  19:Generated_Source\PSoC4/cyfitter_cfg.c **** #include <string.h>
  20:Generated_Source\PSoC4/cyfitter_cfg.c **** #include "cytypes.h"
  21:Generated_Source\PSoC4/cyfitter_cfg.c **** #include "cydevice_trm.h"
  22:Generated_Source\PSoC4/cyfitter_cfg.c **** #include "cyfitter.h"
  23:Generated_Source\PSoC4/cyfitter_cfg.c **** #include "CyLib.h"
  24:Generated_Source\PSoC4/cyfitter_cfg.c **** #include "CyLFClk.h"
  25:Generated_Source\PSoC4/cyfitter_cfg.c **** #include "cyfitter_cfg.h"
  26:Generated_Source\PSoC4/cyfitter_cfg.c **** #include "cyapicallbacks.h"
  27:Generated_Source\PSoC4/cyfitter_cfg.c **** 
  28:Generated_Source\PSoC4/cyfitter_cfg.c **** 
  29:Generated_Source\PSoC4/cyfitter_cfg.c **** #if defined(__GNUC__) || defined(__ARMCC_VERSION)
  30:Generated_Source\PSoC4/cyfitter_cfg.c ****     #define CYPACKED 
  31:Generated_Source\PSoC4/cyfitter_cfg.c ****     #define CYPACKED_ATTR __attribute__ ((packed))
ARM GAS  C:\Users\NGUYEN~1\AppData\Local\Temp\ccJ0iqQH.s 			page 2


  32:Generated_Source\PSoC4/cyfitter_cfg.c ****     #define CYALIGNED __attribute__ ((aligned))
  33:Generated_Source\PSoC4/cyfitter_cfg.c ****     #define CY_CFG_UNUSED __attribute__ ((unused))
  34:Generated_Source\PSoC4/cyfitter_cfg.c ****     #ifndef CY_CFG_SECTION
  35:Generated_Source\PSoC4/cyfitter_cfg.c ****         #define CY_CFG_SECTION __attribute__ ((section(".psocinit")))
  36:Generated_Source\PSoC4/cyfitter_cfg.c ****     #endif
  37:Generated_Source\PSoC4/cyfitter_cfg.c ****     
  38:Generated_Source\PSoC4/cyfitter_cfg.c ****     #if defined(__ARMCC_VERSION)
  39:Generated_Source\PSoC4/cyfitter_cfg.c ****         #define CY_CFG_MEMORY_BARRIER() __memory_changed()
  40:Generated_Source\PSoC4/cyfitter_cfg.c ****     #else
  41:Generated_Source\PSoC4/cyfitter_cfg.c ****         #define CY_CFG_MEMORY_BARRIER() __sync_synchronize()
  42:Generated_Source\PSoC4/cyfitter_cfg.c ****     #endif
  43:Generated_Source\PSoC4/cyfitter_cfg.c ****     
  44:Generated_Source\PSoC4/cyfitter_cfg.c **** #elif defined(__ICCARM__)
  45:Generated_Source\PSoC4/cyfitter_cfg.c ****     #include <intrinsics.h>
  46:Generated_Source\PSoC4/cyfitter_cfg.c **** 
  47:Generated_Source\PSoC4/cyfitter_cfg.c ****     #define CYPACKED __packed
  48:Generated_Source\PSoC4/cyfitter_cfg.c ****     #define CYPACKED_ATTR 
  49:Generated_Source\PSoC4/cyfitter_cfg.c ****     #define CYALIGNED _Pragma("data_alignment=4")
  50:Generated_Source\PSoC4/cyfitter_cfg.c ****     #define CY_CFG_UNUSED _Pragma("diag_suppress=Pe177")
  51:Generated_Source\PSoC4/cyfitter_cfg.c ****     #define CY_CFG_SECTION _Pragma("location=\".psocinit\"")
  52:Generated_Source\PSoC4/cyfitter_cfg.c ****     
  53:Generated_Source\PSoC4/cyfitter_cfg.c ****     #define CY_CFG_MEMORY_BARRIER() __DMB()
  54:Generated_Source\PSoC4/cyfitter_cfg.c ****     
  55:Generated_Source\PSoC4/cyfitter_cfg.c **** #else
  56:Generated_Source\PSoC4/cyfitter_cfg.c ****     #error Unsupported toolchain
  57:Generated_Source\PSoC4/cyfitter_cfg.c **** #endif
  58:Generated_Source\PSoC4/cyfitter_cfg.c **** 
  59:Generated_Source\PSoC4/cyfitter_cfg.c **** #ifndef CYCODE
  60:Generated_Source\PSoC4/cyfitter_cfg.c ****     #define CYCODE
  61:Generated_Source\PSoC4/cyfitter_cfg.c **** #endif
  62:Generated_Source\PSoC4/cyfitter_cfg.c **** #ifndef CYDATA
  63:Generated_Source\PSoC4/cyfitter_cfg.c ****     #define CYDATA
  64:Generated_Source\PSoC4/cyfitter_cfg.c **** #endif
  65:Generated_Source\PSoC4/cyfitter_cfg.c **** #ifndef CYFAR
  66:Generated_Source\PSoC4/cyfitter_cfg.c ****     #define CYFAR
  67:Generated_Source\PSoC4/cyfitter_cfg.c **** #endif
  68:Generated_Source\PSoC4/cyfitter_cfg.c **** #ifndef CYXDATA
  69:Generated_Source\PSoC4/cyfitter_cfg.c ****     #define CYXDATA
  70:Generated_Source\PSoC4/cyfitter_cfg.c **** #endif
  71:Generated_Source\PSoC4/cyfitter_cfg.c **** 
  72:Generated_Source\PSoC4/cyfitter_cfg.c **** 
  73:Generated_Source\PSoC4/cyfitter_cfg.c **** CY_CFG_UNUSED
  74:Generated_Source\PSoC4/cyfitter_cfg.c **** static void CYMEMZERO(void *s, size_t n);
  75:Generated_Source\PSoC4/cyfitter_cfg.c **** CY_CFG_UNUSED
  76:Generated_Source\PSoC4/cyfitter_cfg.c **** static void CYMEMZERO(void *s, size_t n)
  77:Generated_Source\PSoC4/cyfitter_cfg.c **** {
  27              		.loc 1 77 0
  28              		.cfi_startproc
  29              		@ args = 0, pretend = 0, frame = 0
  30              		@ frame_needed = 0, uses_anonymous_args = 0
  31              	.LVL0:
  32 0000 10B5     		push	{r4, lr}
  33              		.cfi_def_cfa_offset 8
  34              		.cfi_offset 4, -8
  35              		.cfi_offset 14, -4
  36 0002 0A00     		movs	r2, r1
  78:Generated_Source\PSoC4/cyfitter_cfg.c **** 	(void)memset(s, 0, n);
ARM GAS  C:\Users\NGUYEN~1\AppData\Local\Temp\ccJ0iqQH.s 			page 3


  37              		.loc 1 78 0
  38 0004 0021     		movs	r1, #0
  39              	.LVL1:
  40 0006 FFF7FEFF 		bl	memset
  41              	.LVL2:
  79:Generated_Source\PSoC4/cyfitter_cfg.c **** }
  42              		.loc 1 79 0
  43              		@ sp needed
  44 000a 10BD     		pop	{r4, pc}
  45              		.cfi_endproc
  46              	.LFE0:
  47              		.size	CYMEMZERO, .-CYMEMZERO
  48              		.section	.psocinit,"ax",%progbits
  49              		.align	2
  50              		.code	16
  51              		.thumb_func
  52              		.type	ClockSetup, %function
  53              	ClockSetup:
  54              	.LFB3:
  80:Generated_Source\PSoC4/cyfitter_cfg.c **** CY_CFG_UNUSED
  81:Generated_Source\PSoC4/cyfitter_cfg.c **** static void CYCONFIGCPY(void *dest, const void *src, size_t n);
  82:Generated_Source\PSoC4/cyfitter_cfg.c **** CY_CFG_UNUSED
  83:Generated_Source\PSoC4/cyfitter_cfg.c **** static void CYCONFIGCPY(void *dest, const void *src, size_t n)
  84:Generated_Source\PSoC4/cyfitter_cfg.c **** {
  85:Generated_Source\PSoC4/cyfitter_cfg.c **** 	(void)memcpy(dest, src, n);
  86:Generated_Source\PSoC4/cyfitter_cfg.c **** }
  87:Generated_Source\PSoC4/cyfitter_cfg.c **** CY_CFG_UNUSED
  88:Generated_Source\PSoC4/cyfitter_cfg.c **** static void CYCONFIGCPYCODE(void *dest, const void *src, size_t n);
  89:Generated_Source\PSoC4/cyfitter_cfg.c **** CY_CFG_UNUSED
  90:Generated_Source\PSoC4/cyfitter_cfg.c **** static void CYCONFIGCPYCODE(void *dest, const void *src, size_t n)
  91:Generated_Source\PSoC4/cyfitter_cfg.c **** {
  92:Generated_Source\PSoC4/cyfitter_cfg.c **** 	(void)memcpy(dest, src, n);
  93:Generated_Source\PSoC4/cyfitter_cfg.c **** }
  94:Generated_Source\PSoC4/cyfitter_cfg.c **** 
  95:Generated_Source\PSoC4/cyfitter_cfg.c **** 
  96:Generated_Source\PSoC4/cyfitter_cfg.c **** 
  97:Generated_Source\PSoC4/cyfitter_cfg.c **** 
  98:Generated_Source\PSoC4/cyfitter_cfg.c **** /* Clock startup error codes                                                   */
  99:Generated_Source\PSoC4/cyfitter_cfg.c **** #define CYCLOCKSTART_NO_ERROR    0u
 100:Generated_Source\PSoC4/cyfitter_cfg.c **** #define CYCLOCKSTART_XTAL_ERROR  1u
 101:Generated_Source\PSoC4/cyfitter_cfg.c **** #define CYCLOCKSTART_32KHZ_ERROR 2u
 102:Generated_Source\PSoC4/cyfitter_cfg.c **** #define CYCLOCKSTART_PLL_ERROR   3u
 103:Generated_Source\PSoC4/cyfitter_cfg.c **** #define CYCLOCKSTART_FLL_ERROR   4u
 104:Generated_Source\PSoC4/cyfitter_cfg.c **** #define CYCLOCKSTART_WCO_ERROR   5u
 105:Generated_Source\PSoC4/cyfitter_cfg.c **** 
 106:Generated_Source\PSoC4/cyfitter_cfg.c **** 
 107:Generated_Source\PSoC4/cyfitter_cfg.c **** #ifdef CY_NEED_CYCLOCKSTARTUPERROR
 108:Generated_Source\PSoC4/cyfitter_cfg.c **** /*******************************************************************************
 109:Generated_Source\PSoC4/cyfitter_cfg.c **** * Function Name: CyClockStartupError
 110:Generated_Source\PSoC4/cyfitter_cfg.c **** ********************************************************************************
 111:Generated_Source\PSoC4/cyfitter_cfg.c **** * Summary:
 112:Generated_Source\PSoC4/cyfitter_cfg.c **** *  If an error is encountered during clock configuration (crystal startup error,
 113:Generated_Source\PSoC4/cyfitter_cfg.c **** *  PLL lock error, etc.), the system will end up here.  Unless reimplemented by
 114:Generated_Source\PSoC4/cyfitter_cfg.c **** *  the customer, this function will stop in an infinite loop.
 115:Generated_Source\PSoC4/cyfitter_cfg.c **** *
 116:Generated_Source\PSoC4/cyfitter_cfg.c **** * Parameters:
 117:Generated_Source\PSoC4/cyfitter_cfg.c **** *   void
ARM GAS  C:\Users\NGUYEN~1\AppData\Local\Temp\ccJ0iqQH.s 			page 4


 118:Generated_Source\PSoC4/cyfitter_cfg.c **** *
 119:Generated_Source\PSoC4/cyfitter_cfg.c **** * Return:
 120:Generated_Source\PSoC4/cyfitter_cfg.c **** *   void
 121:Generated_Source\PSoC4/cyfitter_cfg.c **** *
 122:Generated_Source\PSoC4/cyfitter_cfg.c **** *******************************************************************************/
 123:Generated_Source\PSoC4/cyfitter_cfg.c **** CY_CFG_UNUSED
 124:Generated_Source\PSoC4/cyfitter_cfg.c **** static void CyClockStartupError(uint8 errorCode);
 125:Generated_Source\PSoC4/cyfitter_cfg.c **** CY_CFG_UNUSED
 126:Generated_Source\PSoC4/cyfitter_cfg.c **** static void CyClockStartupError(uint8 errorCode)
 127:Generated_Source\PSoC4/cyfitter_cfg.c **** {
 128:Generated_Source\PSoC4/cyfitter_cfg.c ****     /* To remove the compiler warning if errorCode not used.                */
 129:Generated_Source\PSoC4/cyfitter_cfg.c ****     errorCode = errorCode;
 130:Generated_Source\PSoC4/cyfitter_cfg.c **** 
 131:Generated_Source\PSoC4/cyfitter_cfg.c ****     /* If we have a clock startup error (bad MHz crystal, PLL lock, etc.),  */
 132:Generated_Source\PSoC4/cyfitter_cfg.c ****     /* we will end up here to allow the customer to implement something to  */
 133:Generated_Source\PSoC4/cyfitter_cfg.c ****     /* deal with the clock condition.                                       */
 134:Generated_Source\PSoC4/cyfitter_cfg.c **** 
 135:Generated_Source\PSoC4/cyfitter_cfg.c **** #ifdef CY_CFG_CLOCK_STARTUP_ERROR_CALLBACK
 136:Generated_Source\PSoC4/cyfitter_cfg.c ****     CY_CFG_Clock_Startup_ErrorCallback();
 137:Generated_Source\PSoC4/cyfitter_cfg.c **** #else
 138:Generated_Source\PSoC4/cyfitter_cfg.c ****     /*  If not using CY_CFG_CLOCK_STARTUP_ERROR_CALLBACK, place your clock startup code here. */
 139:Generated_Source\PSoC4/cyfitter_cfg.c ****     /* `#START CyClockStartupError` */
 140:Generated_Source\PSoC4/cyfitter_cfg.c **** 
 141:Generated_Source\PSoC4/cyfitter_cfg.c **** 
 142:Generated_Source\PSoC4/cyfitter_cfg.c **** 
 143:Generated_Source\PSoC4/cyfitter_cfg.c ****     /* `#END` */
 144:Generated_Source\PSoC4/cyfitter_cfg.c **** 
 145:Generated_Source\PSoC4/cyfitter_cfg.c ****     while(1) {}
 146:Generated_Source\PSoC4/cyfitter_cfg.c **** #endif /* CY_CFG_CLOCK_STARTUP_ERROR_CALLBACK */
 147:Generated_Source\PSoC4/cyfitter_cfg.c **** }
 148:Generated_Source\PSoC4/cyfitter_cfg.c **** #endif
 149:Generated_Source\PSoC4/cyfitter_cfg.c **** 
 150:Generated_Source\PSoC4/cyfitter_cfg.c **** 
 151:Generated_Source\PSoC4/cyfitter_cfg.c **** 
 152:Generated_Source\PSoC4/cyfitter_cfg.c **** /*******************************************************************************
 153:Generated_Source\PSoC4/cyfitter_cfg.c **** * Function Name: ClockSetup
 154:Generated_Source\PSoC4/cyfitter_cfg.c **** ********************************************************************************
 155:Generated_Source\PSoC4/cyfitter_cfg.c **** *
 156:Generated_Source\PSoC4/cyfitter_cfg.c **** * Summary:
 157:Generated_Source\PSoC4/cyfitter_cfg.c **** *   Performs the initialization of all of the clocks in the device based on the
 158:Generated_Source\PSoC4/cyfitter_cfg.c **** *   settings in the Clock tab of the DWR.  This includes enabling the requested
 159:Generated_Source\PSoC4/cyfitter_cfg.c **** *   clocks and setting the necessary dividers to produce the desired frequency. 
 160:Generated_Source\PSoC4/cyfitter_cfg.c **** *
 161:Generated_Source\PSoC4/cyfitter_cfg.c **** * Parameters:
 162:Generated_Source\PSoC4/cyfitter_cfg.c **** *   void
 163:Generated_Source\PSoC4/cyfitter_cfg.c **** *
 164:Generated_Source\PSoC4/cyfitter_cfg.c **** * Return:
 165:Generated_Source\PSoC4/cyfitter_cfg.c **** *   void
 166:Generated_Source\PSoC4/cyfitter_cfg.c **** *
 167:Generated_Source\PSoC4/cyfitter_cfg.c **** *******************************************************************************/
 168:Generated_Source\PSoC4/cyfitter_cfg.c **** static void ClockSetup(void);
 169:Generated_Source\PSoC4/cyfitter_cfg.c **** CY_CFG_SECTION
 170:Generated_Source\PSoC4/cyfitter_cfg.c **** static void ClockSetup(void)
 171:Generated_Source\PSoC4/cyfitter_cfg.c **** {
  55              		.loc 1 171 0
  56              		.cfi_startproc
  57              		@ args = 0, pretend = 0, frame = 0
ARM GAS  C:\Users\NGUYEN~1\AppData\Local\Temp\ccJ0iqQH.s 			page 5


  58              		@ frame_needed = 0, uses_anonymous_args = 0
  59 0000 70B5     		push	{r4, r5, r6, lr}
  60              		.cfi_def_cfa_offset 16
  61              		.cfi_offset 4, -16
  62              		.cfi_offset 5, -12
  63              		.cfi_offset 6, -8
  64              		.cfi_offset 14, -4
 172:Generated_Source\PSoC4/cyfitter_cfg.c **** 	/* Enable HALF_EN before trimming for the flash accelerator. */
 173:Generated_Source\PSoC4/cyfitter_cfg.c **** 	CY_SET_REG32((void CYXDATA *)(CYREG_CLK_SELECT), (CY_GET_REG32((void *)CYREG_CLK_SELECT) | 0x00040
  65              		.loc 1 173 0
  66 0002 0F4C     		ldr	r4, .L3
  67 0004 2368     		ldr	r3, [r4]
  68 0006 8022     		movs	r2, #128
  69 0008 D202     		lsls	r2, r2, #11
  70 000a 1343     		orrs	r3, r2
  71 000c 2360     		str	r3, [r4]
 174:Generated_Source\PSoC4/cyfitter_cfg.c **** 
 175:Generated_Source\PSoC4/cyfitter_cfg.c **** 	/* Setup and trim IMO based on desired frequency. */
 176:Generated_Source\PSoC4/cyfitter_cfg.c **** 	CySysClkWriteImoFreq(24u);
  72              		.loc 1 176 0
  73 000e 1820     		movs	r0, #24
  74 0010 FFF7FEFF 		bl	CySysClkWriteImoFreq
  75              	.LVL3:
 177:Generated_Source\PSoC4/cyfitter_cfg.c **** 
 178:Generated_Source\PSoC4/cyfitter_cfg.c **** 	/* Disable HALF_EN since it is not required at this IMO frequency. */
 179:Generated_Source\PSoC4/cyfitter_cfg.c **** 	CY_SET_REG32((void CYXDATA *)(CYREG_CLK_SELECT), (CY_GET_REG32((void *)CYREG_CLK_SELECT) & 0xFFFBF
  76              		.loc 1 179 0
  77 0014 2268     		ldr	r2, [r4]
  78 0016 0B4B     		ldr	r3, .L3+4
  79 0018 1340     		ands	r3, r2
  80 001a 2360     		str	r3, [r4]
 180:Generated_Source\PSoC4/cyfitter_cfg.c **** 	/* CYDEV_CLK_ILO_CONFIG Starting address: CYDEV_CLK_ILO_CONFIG */
 181:Generated_Source\PSoC4/cyfitter_cfg.c **** 	CY_SET_REG32((void *)(CYREG_CLK_ILO_CONFIG), 0x80000006u);
  81              		.loc 1 181 0
  82 001c 0A4A     		ldr	r2, .L3+8
  83 001e 0B4B     		ldr	r3, .L3+12
  84 0020 1A60     		str	r2, [r3]
 182:Generated_Source\PSoC4/cyfitter_cfg.c **** 
 183:Generated_Source\PSoC4/cyfitter_cfg.c **** 
 184:Generated_Source\PSoC4/cyfitter_cfg.c **** 	/* CYDEV_CLK_IMO_CONFIG Starting address: CYDEV_CLK_IMO_CONFIG */
 185:Generated_Source\PSoC4/cyfitter_cfg.c **** 	CY_SET_REG32((void *)(CYREG_CLK_IMO_CONFIG), 0x80000000u);
  85              		.loc 1 185 0
  86 0022 063A     		subs	r2, r2, #6
  87 0024 0A4B     		ldr	r3, .L3+16
  88 0026 1A60     		str	r2, [r3]
 186:Generated_Source\PSoC4/cyfitter_cfg.c **** 
 187:Generated_Source\PSoC4/cyfitter_cfg.c **** 	/* CYDEV_CLK_SELECT Starting address: CYDEV_CLK_SELECT */
 188:Generated_Source\PSoC4/cyfitter_cfg.c **** 	CY_SET_REG32((void *)(CYREG_CLK_SELECT), 0x00000000u);
  89              		.loc 1 188 0
  90 0028 0025     		movs	r5, #0
  91 002a 2560     		str	r5, [r4]
 189:Generated_Source\PSoC4/cyfitter_cfg.c **** 
 190:Generated_Source\PSoC4/cyfitter_cfg.c **** 	(void)CyIntSetVector(9u, &CySysWdtIsr);
  92              		.loc 1 190 0
  93 002c 0949     		ldr	r1, .L3+20
  94 002e 0920     		movs	r0, #9
  95 0030 FFF7FEFF 		bl	CyIntSetVector
ARM GAS  C:\Users\NGUYEN~1\AppData\Local\Temp\ccJ0iqQH.s 			page 6


  96              	.LVL4:
 191:Generated_Source\PSoC4/cyfitter_cfg.c **** 	CyIntEnable(9u);
  97              		.loc 1 191 0
  98 0034 0920     		movs	r0, #9
  99 0036 FFF7FEFF 		bl	CyIntEnable
 100              	.LVL5:
 192:Generated_Source\PSoC4/cyfitter_cfg.c **** 	CY_SET_REG32((void *)(CYREG_WDT_CONFIG), 0x00000000u);
 101              		.loc 1 192 0
 102 003a 074B     		ldr	r3, .L3+24
 103 003c 1D60     		str	r5, [r3]
 193:Generated_Source\PSoC4/cyfitter_cfg.c **** }
 104              		.loc 1 193 0
 105              		@ sp needed
 106 003e 70BD     		pop	{r4, r5, r6, pc}
 107              	.L4:
 108              		.align	2
 109              	.L3:
 110 0040 00010B40 		.word	1074462976
 111 0044 FFFFFBFF 		.word	-262145
 112 0048 06000080 		.word	-2147483642
 113 004c 04010B40 		.word	1074462980
 114 0050 08010B40 		.word	1074462984
 115 0054 00000000 		.word	CySysWdtIsr
 116 0058 0C020B40 		.word	1074463244
 117              		.cfi_endproc
 118              	.LFE3:
 119              		.size	ClockSetup, .-ClockSetup
 120              		.align	2
 121              		.global	cyfitter_cfg
 122              		.code	16
 123              		.thumb_func
 124              		.type	cyfitter_cfg, %function
 125              	cyfitter_cfg:
 126              	.LFB5:
 194:Generated_Source\PSoC4/cyfitter_cfg.c **** 
 195:Generated_Source\PSoC4/cyfitter_cfg.c **** 
 196:Generated_Source\PSoC4/cyfitter_cfg.c **** /* Analog API Functions */
 197:Generated_Source\PSoC4/cyfitter_cfg.c **** 
 198:Generated_Source\PSoC4/cyfitter_cfg.c **** 
 199:Generated_Source\PSoC4/cyfitter_cfg.c **** /*******************************************************************************
 200:Generated_Source\PSoC4/cyfitter_cfg.c **** * Function Name: AnalogSetDefault
 201:Generated_Source\PSoC4/cyfitter_cfg.c **** ********************************************************************************
 202:Generated_Source\PSoC4/cyfitter_cfg.c **** *
 203:Generated_Source\PSoC4/cyfitter_cfg.c **** * Summary:
 204:Generated_Source\PSoC4/cyfitter_cfg.c **** *  Sets up the analog portions of the chip to default values based on chip
 205:Generated_Source\PSoC4/cyfitter_cfg.c **** *  configuration options from the project.
 206:Generated_Source\PSoC4/cyfitter_cfg.c **** *
 207:Generated_Source\PSoC4/cyfitter_cfg.c **** * Parameters:
 208:Generated_Source\PSoC4/cyfitter_cfg.c **** *  void
 209:Generated_Source\PSoC4/cyfitter_cfg.c **** *
 210:Generated_Source\PSoC4/cyfitter_cfg.c **** * Return:
 211:Generated_Source\PSoC4/cyfitter_cfg.c **** *  void
 212:Generated_Source\PSoC4/cyfitter_cfg.c **** *
 213:Generated_Source\PSoC4/cyfitter_cfg.c **** *******************************************************************************/
 214:Generated_Source\PSoC4/cyfitter_cfg.c **** static void AnalogSetDefault(void);
 215:Generated_Source\PSoC4/cyfitter_cfg.c **** static void AnalogSetDefault(void)
 216:Generated_Source\PSoC4/cyfitter_cfg.c **** {
ARM GAS  C:\Users\NGUYEN~1\AppData\Local\Temp\ccJ0iqQH.s 			page 7


 217:Generated_Source\PSoC4/cyfitter_cfg.c **** }
 218:Generated_Source\PSoC4/cyfitter_cfg.c **** 
 219:Generated_Source\PSoC4/cyfitter_cfg.c **** 
 220:Generated_Source\PSoC4/cyfitter_cfg.c **** 
 221:Generated_Source\PSoC4/cyfitter_cfg.c **** 
 222:Generated_Source\PSoC4/cyfitter_cfg.c **** /*******************************************************************************
 223:Generated_Source\PSoC4/cyfitter_cfg.c **** * Function Name: cyfitter_cfg
 224:Generated_Source\PSoC4/cyfitter_cfg.c **** ********************************************************************************
 225:Generated_Source\PSoC4/cyfitter_cfg.c **** * Summary:
 226:Generated_Source\PSoC4/cyfitter_cfg.c **** *  This function is called by the start-up code for the selected device. It
 227:Generated_Source\PSoC4/cyfitter_cfg.c **** *  performs all of the necessary device configuration based on the design
 228:Generated_Source\PSoC4/cyfitter_cfg.c **** *  settings.  This includes settings from the Design Wide Resources (DWR) such
 229:Generated_Source\PSoC4/cyfitter_cfg.c **** *  as Clocks and Pins as well as any component configuration that is necessary.
 230:Generated_Source\PSoC4/cyfitter_cfg.c **** *
 231:Generated_Source\PSoC4/cyfitter_cfg.c **** * Parameters:
 232:Generated_Source\PSoC4/cyfitter_cfg.c **** *   void
 233:Generated_Source\PSoC4/cyfitter_cfg.c **** *
 234:Generated_Source\PSoC4/cyfitter_cfg.c **** * Return:
 235:Generated_Source\PSoC4/cyfitter_cfg.c **** *   void
 236:Generated_Source\PSoC4/cyfitter_cfg.c **** *
 237:Generated_Source\PSoC4/cyfitter_cfg.c **** *******************************************************************************/
 238:Generated_Source\PSoC4/cyfitter_cfg.c **** CY_CFG_SECTION
 239:Generated_Source\PSoC4/cyfitter_cfg.c **** void cyfitter_cfg(void)
 240:Generated_Source\PSoC4/cyfitter_cfg.c **** {
 127              		.loc 1 240 0
 128              		.cfi_startproc
 129              		@ args = 0, pretend = 0, frame = 0
 130              		@ frame_needed = 0, uses_anonymous_args = 0
 131 005c 10B5     		push	{r4, lr}
 132              		.cfi_def_cfa_offset 8
 133              		.cfi_offset 4, -8
 134              		.cfi_offset 14, -4
 241:Generated_Source\PSoC4/cyfitter_cfg.c **** 	/* Disable interrupts by default. Let user enable if/when they want. */
 242:Generated_Source\PSoC4/cyfitter_cfg.c **** 	CyGlobalIntDisable;
 135              		.loc 1 242 0
 136              		.syntax divided
 137              	@ 242 "Generated_Source\PSoC4\cyfitter_cfg.c" 1
 138 005e 72B6     		CPSID   i
 139              	@ 0 "" 2
 140              	.LVL6:
 141              		.thumb
 142              		.syntax unified
 143              	.LBB2:
 243:Generated_Source\PSoC4/cyfitter_cfg.c **** 
 244:Generated_Source\PSoC4/cyfitter_cfg.c **** 	{
 245:Generated_Source\PSoC4/cyfitter_cfg.c **** 
 246:Generated_Source\PSoC4/cyfitter_cfg.c **** 		CYPACKED typedef struct {
 247:Generated_Source\PSoC4/cyfitter_cfg.c **** 			void CYFAR *address;
 248:Generated_Source\PSoC4/cyfitter_cfg.c **** 			uint16 size;
 249:Generated_Source\PSoC4/cyfitter_cfg.c **** 		} CYPACKED_ATTR cfg_memset_t;
 250:Generated_Source\PSoC4/cyfitter_cfg.c **** 
 251:Generated_Source\PSoC4/cyfitter_cfg.c **** 		static const cfg_memset_t CYCODE cfg_memset_list[] = {
 252:Generated_Source\PSoC4/cyfitter_cfg.c **** 			/* address, size */
 253:Generated_Source\PSoC4/cyfitter_cfg.c **** 			{(void CYFAR *)(CYDEV_UDB_P0_U0_BASE), 1024u},
 254:Generated_Source\PSoC4/cyfitter_cfg.c **** 			{(void CYFAR *)(CYDEV_UDB_DSI0_BASE), 1024u},
 255:Generated_Source\PSoC4/cyfitter_cfg.c **** 		};
 256:Generated_Source\PSoC4/cyfitter_cfg.c **** 
ARM GAS  C:\Users\NGUYEN~1\AppData\Local\Temp\ccJ0iqQH.s 			page 8


 257:Generated_Source\PSoC4/cyfitter_cfg.c **** 		uint8 CYDATA i;
 258:Generated_Source\PSoC4/cyfitter_cfg.c **** 
 259:Generated_Source\PSoC4/cyfitter_cfg.c **** 		/* Zero out critical memory blocks before beginning configuration */
 260:Generated_Source\PSoC4/cyfitter_cfg.c **** 		for (i = 0u; i < (sizeof(cfg_memset_list)/sizeof(cfg_memset_list[0])); i++)
 144              		.loc 1 260 0
 145 0060 0024     		movs	r4, #0
 146 0062 0FE0     		b	.L6
 147              	.LVL7:
 148              	.L7:
 149              	.LBB3:
 261:Generated_Source\PSoC4/cyfitter_cfg.c **** 		{
 262:Generated_Source\PSoC4/cyfitter_cfg.c **** 			const cfg_memset_t CYCODE * CYDATA ms = &cfg_memset_list[i];
 263:Generated_Source\PSoC4/cyfitter_cfg.c **** 			CYMEMZERO(ms->address, (size_t)(uint32)(ms->size));
 150              		.loc 1 263 0 discriminator 3
 151 0064 1748     		ldr	r0, .L8
 152 0066 6200     		lsls	r2, r4, #1
 153 0068 1319     		adds	r3, r2, r4
 154 006a 5900     		lsls	r1, r3, #1
 155 006c 0B00     		movs	r3, r1
 156 006e 4118     		adds	r1, r0, r1
 157 0070 8988     		ldrh	r1, [r1, #4]
 158 0072 1A5A     		ldrh	r2, [r3, r0]
 159 0074 C318     		adds	r3, r0, r3
 160 0076 5888     		ldrh	r0, [r3, #2]
 161 0078 0004     		lsls	r0, r0, #16
 162 007a 1043     		orrs	r0, r2
 163 007c FFF7FEFF 		bl	CYMEMZERO
 164              	.LVL8:
 165              	.LBE3:
 260:Generated_Source\PSoC4/cyfitter_cfg.c **** 		{
 166              		.loc 1 260 0 discriminator 3
 167 0080 0134     		adds	r4, r4, #1
 168              	.LVL9:
 169 0082 E4B2     		uxtb	r4, r4
 170              	.LVL10:
 171              	.L6:
 260:Generated_Source\PSoC4/cyfitter_cfg.c **** 		{
 172              		.loc 1 260 0 is_stmt 0 discriminator 1
 173 0084 012C     		cmp	r4, #1
 174 0086 EDD9     		bls	.L7
 264:Generated_Source\PSoC4/cyfitter_cfg.c **** 		}
 265:Generated_Source\PSoC4/cyfitter_cfg.c **** 
 266:Generated_Source\PSoC4/cyfitter_cfg.c **** 		/* HSIOM Starting address: CYDEV_HSIOM_BASE */
 267:Generated_Source\PSoC4/cyfitter_cfg.c **** 		CY_SET_REG32((void *)(CYREG_HSIOM_PORT_SEL3), 0x0000EE00u);
 175              		.loc 1 267 0 is_stmt 1
 176 0088 EE22     		movs	r2, #238
 177 008a 1202     		lsls	r2, r2, #8
 178 008c 0E4B     		ldr	r3, .L8+4
 179 008e 1A60     		str	r2, [r3]
 268:Generated_Source\PSoC4/cyfitter_cfg.c **** 
 269:Generated_Source\PSoC4/cyfitter_cfg.c **** 		/* UDB_PA_0 Starting address: CYDEV_UDB_PA0_BASE */
 270:Generated_Source\PSoC4/cyfitter_cfg.c **** 		CY_SET_REG32((void *)(CYDEV_UDB_PA0_BASE), 0x00990000u);
 180              		.loc 1 270 0
 181 0090 9923     		movs	r3, #153
 182 0092 1B04     		lsls	r3, r3, #16
 183 0094 0D4A     		ldr	r2, .L8+8
 184 0096 1360     		str	r3, [r2]
ARM GAS  C:\Users\NGUYEN~1\AppData\Local\Temp\ccJ0iqQH.s 			page 9


 271:Generated_Source\PSoC4/cyfitter_cfg.c **** 
 272:Generated_Source\PSoC4/cyfitter_cfg.c **** 		/* UDB_PA_2 Starting address: CYDEV_UDB_PA2_BASE */
 273:Generated_Source\PSoC4/cyfitter_cfg.c **** 		CY_SET_REG32((void *)(CYDEV_UDB_PA2_BASE), 0x00990000u);
 185              		.loc 1 273 0
 186 0098 0D4A     		ldr	r2, .L8+12
 187 009a 1360     		str	r3, [r2]
 274:Generated_Source\PSoC4/cyfitter_cfg.c **** 
 275:Generated_Source\PSoC4/cyfitter_cfg.c **** 		/* UDB_PA_3 Starting address: CYDEV_UDB_PA3_BASE */
 276:Generated_Source\PSoC4/cyfitter_cfg.c **** 		CY_SET_REG32((void *)(CYDEV_UDB_PA3_BASE), 0x00990000u);
 188              		.loc 1 276 0
 189 009c 0D4A     		ldr	r2, .L8+16
 190 009e 1360     		str	r3, [r2]
 277:Generated_Source\PSoC4/cyfitter_cfg.c **** 
 278:Generated_Source\PSoC4/cyfitter_cfg.c **** 		/* Enable digital routing */
 279:Generated_Source\PSoC4/cyfitter_cfg.c **** 		CY_SET_XTND_REG8((void *)CYREG_UDB_UDBIF_BANK_CTL, (uint8)(CY_GET_XTND_REG8((void *)CYREG_UDB_UDB
 191              		.loc 1 279 0
 192 00a0 0D4A     		ldr	r2, .L8+20
 193 00a2 1178     		ldrb	r1, [r2]
 194 00a4 0623     		movs	r3, #6
 195 00a6 0B43     		orrs	r3, r1
 196 00a8 DBB2     		uxtb	r3, r3
 197 00aa 1370     		strb	r3, [r2]
 198              	.LBE2:
 280:Generated_Source\PSoC4/cyfitter_cfg.c **** 	}
 281:Generated_Source\PSoC4/cyfitter_cfg.c **** 
 282:Generated_Source\PSoC4/cyfitter_cfg.c **** 	/* Perform second pass device configuration. These items must be configured in specific order afte
 283:Generated_Source\PSoC4/cyfitter_cfg.c **** 	/* IOPINS0_0 Starting address: CYDEV_PRT0_BASE */
 284:Generated_Source\PSoC4/cyfitter_cfg.c **** 	CY_SET_REG32((void *)(CYREG_PRT0_PC), 0x00DB6DB6u);
 199              		.loc 1 284 0
 200 00ac 0B4A     		ldr	r2, .L8+24
 201 00ae 0C4B     		ldr	r3, .L8+28
 202 00b0 1A60     		str	r2, [r3]
 285:Generated_Source\PSoC4/cyfitter_cfg.c **** 
 286:Generated_Source\PSoC4/cyfitter_cfg.c **** 	/* IOPINS0_2 Starting address: CYDEV_PRT2_BASE */
 287:Generated_Source\PSoC4/cyfitter_cfg.c **** 	CY_SET_REG32((void *)(CYREG_PRT2_PC), 0x00000DB6u);
 203              		.loc 1 287 0
 204 00b2 0C4A     		ldr	r2, .L8+32
 205 00b4 0C4B     		ldr	r3, .L8+36
 206 00b6 1A60     		str	r2, [r3]
 288:Generated_Source\PSoC4/cyfitter_cfg.c **** 
 289:Generated_Source\PSoC4/cyfitter_cfg.c **** 	/* IOPINS0_3 Starting address: CYDEV_PRT3_BASE */
 290:Generated_Source\PSoC4/cyfitter_cfg.c **** 	CY_SET_REG32((void *)(CYREG_PRT3_PC), 0x00000D80u);
 207              		.loc 1 290 0
 208 00b8 363A     		subs	r2, r2, #54
 209 00ba 0C4B     		ldr	r3, .L8+40
 210 00bc 1A60     		str	r2, [r3]
 291:Generated_Source\PSoC4/cyfitter_cfg.c **** 
 292:Generated_Source\PSoC4/cyfitter_cfg.c **** 
 293:Generated_Source\PSoC4/cyfitter_cfg.c **** 	/* Setup clocks based on selections from Clock DWR */
 294:Generated_Source\PSoC4/cyfitter_cfg.c **** 	ClockSetup();
 211              		.loc 1 294 0
 212 00be FFF79FFF 		bl	ClockSetup
 213              	.LVL11:
 295:Generated_Source\PSoC4/cyfitter_cfg.c **** 
 296:Generated_Source\PSoC4/cyfitter_cfg.c **** 	/* Perform basic analog initialization to defaults */
 297:Generated_Source\PSoC4/cyfitter_cfg.c **** 	AnalogSetDefault();
 298:Generated_Source\PSoC4/cyfitter_cfg.c **** 
ARM GAS  C:\Users\NGUYEN~1\AppData\Local\Temp\ccJ0iqQH.s 			page 10


 299:Generated_Source\PSoC4/cyfitter_cfg.c **** }
 214              		.loc 1 299 0
 215              		@ sp needed
 216              	.LVL12:
 217 00c2 10BD     		pop	{r4, pc}
 218              	.L9:
 219              		.align	2
 220              	.L8:
 221 00c4 00000000 		.word	.LANCHOR0
 222 00c8 0C000140 		.word	1073807372
 223 00cc 00500F40 		.word	1074745344
 224 00d0 20500F40 		.word	1074745376
 225 00d4 30500F40 		.word	1074745392
 226 00d8 00700F40 		.word	1074753536
 227 00dc B66DDB00 		.word	14380470
 228 00e0 08000440 		.word	1074003976
 229 00e4 B60D0000 		.word	3510
 230 00e8 08020440 		.word	1074004488
 231 00ec 08030440 		.word	1074004744
 232              		.cfi_endproc
 233              	.LFE5:
 234              		.size	cyfitter_cfg, .-cyfitter_cfg
 235              		.section	.rodata
 236              		.align	2
 237              		.set	.LANCHOR0,. + 0
 238              		.type	cfg_memset_list.4847, %object
 239              		.size	cfg_memset_list.4847, 12
 240              	cfg_memset_list.4847:
 241 0000 00300F40 		.word	1074737152
 242 0004 0004     		.short	1024
 243 0006 00400F40 		.4byte	1074741248
 244 000a 0004     		.short	1024
 245              		.text
 246              	.Letext0:
 247              		.file 2 "c:\\program files (x86)\\cypress\\psoc creator\\4.4\\psoc creator\\import\\gnu\\arm\\5.4.
 248              		.file 3 "Generated_Source\\PSoC4\\cytypes.h"
 249              		.file 4 "Generated_Source\\PSoC4\\CyLib.h"
 250              		.section	.debug_info,"",%progbits
 251              	.Ldebug_info0:
 252 0000 74020000 		.4byte	0x274
 253 0004 0400     		.2byte	0x4
 254 0006 00000000 		.4byte	.Ldebug_abbrev0
 255 000a 04       		.byte	0x4
 256 000b 01       		.uleb128 0x1
 257 000c 14010000 		.4byte	.LASF29
 258 0010 0C       		.byte	0xc
 259 0011 0B020000 		.4byte	.LASF30
 260 0015 4A000000 		.4byte	.LASF31
 261 0019 00000000 		.4byte	.Ldebug_ranges0+0
 262 001d 00000000 		.4byte	0
 263 0021 00000000 		.4byte	.Ldebug_line0
 264 0025 02       		.uleb128 0x2
 265 0026 04       		.byte	0x4
 266 0027 05       		.byte	0x5
 267 0028 696E7400 		.ascii	"int\000"
 268 002c 03       		.uleb128 0x3
 269 002d 06000000 		.4byte	.LASF12
ARM GAS  C:\Users\NGUYEN~1\AppData\Local\Temp\ccJ0iqQH.s 			page 11


 270 0031 02       		.byte	0x2
 271 0032 D8       		.byte	0xd8
 272 0033 37000000 		.4byte	0x37
 273 0037 04       		.uleb128 0x4
 274 0038 04       		.byte	0x4
 275 0039 07       		.byte	0x7
 276 003a DB000000 		.4byte	.LASF0
 277 003e 04       		.uleb128 0x4
 278 003f 08       		.byte	0x8
 279 0040 05       		.byte	0x5
 280 0041 B8010000 		.4byte	.LASF1
 281 0045 04       		.uleb128 0x4
 282 0046 08       		.byte	0x8
 283 0047 04       		.byte	0x4
 284 0048 F3010000 		.4byte	.LASF2
 285 004c 04       		.uleb128 0x4
 286 004d 01       		.byte	0x1
 287 004e 06       		.byte	0x6
 288 004f FF010000 		.4byte	.LASF3
 289 0053 04       		.uleb128 0x4
 290 0054 01       		.byte	0x1
 291 0055 08       		.byte	0x8
 292 0056 A5000000 		.4byte	.LASF4
 293 005a 04       		.uleb128 0x4
 294 005b 02       		.byte	0x2
 295 005c 05       		.byte	0x5
 296 005d CB010000 		.4byte	.LASF5
 297 0061 04       		.uleb128 0x4
 298 0062 02       		.byte	0x2
 299 0063 07       		.byte	0x7
 300 0064 37000000 		.4byte	.LASF6
 301 0068 04       		.uleb128 0x4
 302 0069 04       		.byte	0x4
 303 006a 05       		.byte	0x5
 304 006b EA010000 		.4byte	.LASF7
 305 006f 04       		.uleb128 0x4
 306 0070 04       		.byte	0x4
 307 0071 07       		.byte	0x7
 308 0072 83000000 		.4byte	.LASF8
 309 0076 04       		.uleb128 0x4
 310 0077 08       		.byte	0x8
 311 0078 07       		.byte	0x7
 312 0079 FD000000 		.4byte	.LASF9
 313 007d 04       		.uleb128 0x4
 314 007e 04       		.byte	0x4
 315 007f 07       		.byte	0x7
 316 0080 AF010000 		.4byte	.LASF10
 317 0084 05       		.uleb128 0x5
 318 0085 04       		.byte	0x4
 319 0086 04       		.uleb128 0x4
 320 0087 01       		.byte	0x1
 321 0088 08       		.byte	0x8
 322 0089 C6010000 		.4byte	.LASF11
 323 008d 06       		.uleb128 0x6
 324 008e 95000000 		.4byte	.LASF13
 325 0092 03       		.byte	0x3
 326 0093 FB01     		.2byte	0x1fb
ARM GAS  C:\Users\NGUYEN~1\AppData\Local\Temp\ccJ0iqQH.s 			page 12


 327 0095 53000000 		.4byte	0x53
 328 0099 06       		.uleb128 0x6
 329 009a CD000000 		.4byte	.LASF14
 330 009e 03       		.byte	0x3
 331 009f FC01     		.2byte	0x1fc
 332 00a1 61000000 		.4byte	0x61
 333 00a5 06       		.uleb128 0x6
 334 00a6 D4000000 		.4byte	.LASF15
 335 00aa 03       		.byte	0x3
 336 00ab FD01     		.2byte	0x1fd
 337 00ad 6F000000 		.4byte	0x6f
 338 00b1 04       		.uleb128 0x4
 339 00b2 04       		.byte	0x4
 340 00b3 04       		.byte	0x4
 341 00b4 73000000 		.4byte	.LASF16
 342 00b8 04       		.uleb128 0x4
 343 00b9 08       		.byte	0x8
 344 00ba 04       		.byte	0x4
 345 00bb BA000000 		.4byte	.LASF17
 346 00bf 06       		.uleb128 0x6
 347 00c0 7E000000 		.4byte	.LASF18
 348 00c4 03       		.byte	0x3
 349 00c5 A502     		.2byte	0x2a5
 350 00c7 CB000000 		.4byte	0xcb
 351 00cb 07       		.uleb128 0x7
 352 00cc 8D000000 		.4byte	0x8d
 353 00d0 06       		.uleb128 0x6
 354 00d1 00000000 		.4byte	.LASF19
 355 00d5 03       		.byte	0x3
 356 00d6 A702     		.2byte	0x2a7
 357 00d8 DC000000 		.4byte	0xdc
 358 00dc 07       		.uleb128 0x7
 359 00dd A5000000 		.4byte	0xa5
 360 00e1 08       		.uleb128 0x8
 361 00e2 9B000000 		.4byte	.LASF20
 362 00e6 01       		.byte	0x1
 363 00e7 4C       		.byte	0x4c
 364 00e8 00000000 		.4byte	.LFB0
 365 00ec 0C000000 		.4byte	.LFE0-.LFB0
 366 00f0 01       		.uleb128 0x1
 367 00f1 9C       		.byte	0x9c
 368 00f2 2E010000 		.4byte	0x12e
 369 00f6 09       		.uleb128 0x9
 370 00f7 7300     		.ascii	"s\000"
 371 00f9 01       		.byte	0x1
 372 00fa 4C       		.byte	0x4c
 373 00fb 84000000 		.4byte	0x84
 374 00ff 00000000 		.4byte	.LLST0
 375 0103 09       		.uleb128 0x9
 376 0104 6E00     		.ascii	"n\000"
 377 0106 01       		.byte	0x1
 378 0107 4C       		.byte	0x4c
 379 0108 2C000000 		.4byte	0x2c
 380 010c 21000000 		.4byte	.LLST1
 381 0110 0A       		.uleb128 0xa
 382 0111 0A000000 		.4byte	.LVL2
 383 0115 4D020000 		.4byte	0x24d
ARM GAS  C:\Users\NGUYEN~1\AppData\Local\Temp\ccJ0iqQH.s 			page 13


 384 0119 0B       		.uleb128 0xb
 385 011a 01       		.uleb128 0x1
 386 011b 50       		.byte	0x50
 387 011c 03       		.uleb128 0x3
 388 011d F3       		.byte	0xf3
 389 011e 01       		.uleb128 0x1
 390 011f 50       		.byte	0x50
 391 0120 0B       		.uleb128 0xb
 392 0121 01       		.uleb128 0x1
 393 0122 51       		.byte	0x51
 394 0123 01       		.uleb128 0x1
 395 0124 30       		.byte	0x30
 396 0125 0B       		.uleb128 0xb
 397 0126 01       		.uleb128 0x1
 398 0127 52       		.byte	0x52
 399 0128 03       		.uleb128 0x3
 400 0129 F3       		.byte	0xf3
 401 012a 01       		.uleb128 0x1
 402 012b 51       		.byte	0x51
 403 012c 00       		.byte	0
 404 012d 00       		.byte	0
 405 012e 08       		.uleb128 0x8
 406 012f 2C000000 		.4byte	.LASF21
 407 0133 01       		.byte	0x1
 408 0134 AA       		.byte	0xaa
 409 0135 00000000 		.4byte	.LFB3
 410 0139 5C000000 		.4byte	.LFE3-.LFB3
 411 013d 01       		.uleb128 0x1
 412 013e 9C       		.byte	0x9c
 413 013f 79010000 		.4byte	0x179
 414 0143 0C       		.uleb128 0xc
 415 0144 14000000 		.4byte	.LVL3
 416 0148 56020000 		.4byte	0x256
 417 014c 56010000 		.4byte	0x156
 418 0150 0B       		.uleb128 0xb
 419 0151 01       		.uleb128 0x1
 420 0152 50       		.byte	0x50
 421 0153 01       		.uleb128 0x1
 422 0154 48       		.byte	0x48
 423 0155 00       		.byte	0
 424 0156 0C       		.uleb128 0xc
 425 0157 34000000 		.4byte	.LVL4
 426 015b 61020000 		.4byte	0x261
 427 015f 69010000 		.4byte	0x169
 428 0163 0B       		.uleb128 0xb
 429 0164 01       		.uleb128 0x1
 430 0165 50       		.byte	0x50
 431 0166 01       		.uleb128 0x1
 432 0167 39       		.byte	0x39
 433 0168 00       		.byte	0
 434 0169 0A       		.uleb128 0xa
 435 016a 3A000000 		.4byte	.LVL5
 436 016e 6C020000 		.4byte	0x26c
 437 0172 0B       		.uleb128 0xb
 438 0173 01       		.uleb128 0x1
 439 0174 50       		.byte	0x50
 440 0175 01       		.uleb128 0x1
ARM GAS  C:\Users\NGUYEN~1\AppData\Local\Temp\ccJ0iqQH.s 			page 14


 441 0176 39       		.byte	0x39
 442 0177 00       		.byte	0
 443 0178 00       		.byte	0
 444 0179 0D       		.uleb128 0xd
 445 017a E8000000 		.4byte	.LASF32
 446 017e 01       		.byte	0x1
 447 017f EF       		.byte	0xef
 448 0180 5C000000 		.4byte	.LFB5
 449 0184 94000000 		.4byte	.LFE5-.LFB5
 450 0188 01       		.uleb128 0x1
 451 0189 9C       		.byte	0x9c
 452 018a 4D020000 		.4byte	0x24d
 453 018e 0E       		.uleb128 0xe
 454 018f 60000000 		.4byte	.LBB2
 455 0193 4C000000 		.4byte	.LBE2-.LBB2
 456 0197 43020000 		.4byte	0x243
 457 019b 0F       		.uleb128 0xf
 458 019c 06       		.byte	0x6
 459 019d 01       		.byte	0x1
 460 019e F6       		.byte	0xf6
 461 019f BC010000 		.4byte	0x1bc
 462 01a3 10       		.uleb128 0x10
 463 01a4 F5000000 		.4byte	.LASF22
 464 01a8 01       		.byte	0x1
 465 01a9 F7       		.byte	0xf7
 466 01aa 84000000 		.4byte	0x84
 467 01ae 00       		.byte	0
 468 01af 10       		.uleb128 0x10
 469 01b0 79000000 		.4byte	.LASF23
 470 01b4 01       		.byte	0x1
 471 01b5 F8       		.byte	0xf8
 472 01b6 99000000 		.4byte	0x99
 473 01ba 04       		.byte	0x4
 474 01bb 00       		.byte	0
 475 01bc 03       		.uleb128 0x3
 476 01bd A2010000 		.4byte	.LASF24
 477 01c1 01       		.byte	0x1
 478 01c2 F9       		.byte	0xf9
 479 01c3 9B010000 		.4byte	0x19b
 480 01c7 11       		.uleb128 0x11
 481 01c8 D7010000 		.4byte	0x1d7
 482 01cc D7010000 		.4byte	0x1d7
 483 01d0 12       		.uleb128 0x12
 484 01d1 7D000000 		.4byte	0x7d
 485 01d5 01       		.byte	0x1
 486 01d6 00       		.byte	0
 487 01d7 13       		.uleb128 0x13
 488 01d8 BC010000 		.4byte	0x1bc
 489 01dc 14       		.uleb128 0x14
 490 01dd 1C000000 		.4byte	.LASF25
 491 01e1 01       		.byte	0x1
 492 01e2 FB       		.byte	0xfb
 493 01e3 ED010000 		.4byte	0x1ed
 494 01e7 05       		.uleb128 0x5
 495 01e8 03       		.byte	0x3
 496 01e9 00000000 		.4byte	cfg_memset_list.4847
 497 01ed 13       		.uleb128 0x13
ARM GAS  C:\Users\NGUYEN~1\AppData\Local\Temp\ccJ0iqQH.s 			page 15


 498 01ee C7010000 		.4byte	0x1c7
 499 01f2 15       		.uleb128 0x15
 500 01f3 6900     		.ascii	"i\000"
 501 01f5 01       		.byte	0x1
 502 01f6 0101     		.2byte	0x101
 503 01f8 8D000000 		.4byte	0x8d
 504 01fc 4D000000 		.4byte	.LLST2
 505 0200 16       		.uleb128 0x16
 506 0201 64000000 		.4byte	.LBB3
 507 0205 1C000000 		.4byte	.LBE3-.LBB3
 508 0209 15       		.uleb128 0x15
 509 020a 6D7300   		.ascii	"ms\000"
 510 020d 01       		.byte	0x1
 511 020e 0601     		.2byte	0x106
 512 0210 18020000 		.4byte	0x218
 513 0214 77000000 		.4byte	.LLST3
 514 0218 17       		.uleb128 0x17
 515 0219 04       		.byte	0x4
 516 021a D7010000 		.4byte	0x1d7
 517 021e 0A       		.uleb128 0xa
 518 021f 80000000 		.4byte	.LVL8
 519 0223 E1000000 		.4byte	0xe1
 520 0227 0B       		.uleb128 0xb
 521 0228 01       		.uleb128 0x1
 522 0229 51       		.byte	0x51
 523 022a 15       		.uleb128 0x15
 524 022b 74       		.byte	0x74
 525 022c 00       		.sleb128 0
 526 022d 31       		.byte	0x31
 527 022e 24       		.byte	0x24
 528 022f 74       		.byte	0x74
 529 0230 00       		.sleb128 0
 530 0231 22       		.byte	0x22
 531 0232 31       		.byte	0x31
 532 0233 24       		.byte	0x24
 533 0234 03       		.byte	0x3
 534 0235 04000000 		.4byte	.LANCHOR0+4
 535 0239 22       		.byte	0x22
 536 023a 94       		.byte	0x94
 537 023b 02       		.byte	0x2
 538 023c 0A       		.byte	0xa
 539 023d FFFF     		.2byte	0xffff
 540 023f 1A       		.byte	0x1a
 541 0240 00       		.byte	0
 542 0241 00       		.byte	0
 543 0242 00       		.byte	0
 544 0243 18       		.uleb128 0x18
 545 0244 C2000000 		.4byte	.LVL11
 546 0248 2E010000 		.4byte	0x12e
 547 024c 00       		.byte	0
 548 024d 19       		.uleb128 0x19
 549 024e B3000000 		.4byte	.LASF33
 550 0252 B3000000 		.4byte	.LASF33
 551 0256 1A       		.uleb128 0x1a
 552 0257 D5010000 		.4byte	.LASF26
 553 025b D5010000 		.4byte	.LASF26
 554 025f 04       		.byte	0x4
ARM GAS  C:\Users\NGUYEN~1\AppData\Local\Temp\ccJ0iqQH.s 			page 16


 555 0260 6C       		.byte	0x6c
 556 0261 1A       		.uleb128 0x1a
 557 0262 0D000000 		.4byte	.LASF27
 558 0266 0D000000 		.4byte	.LASF27
 559 026a 04       		.byte	0x4
 560 026b D0       		.byte	0xd0
 561 026c 1A       		.uleb128 0x1a
 562 026d C1000000 		.4byte	.LASF28
 563 0271 C1000000 		.4byte	.LASF28
 564 0275 04       		.byte	0x4
 565 0276 D6       		.byte	0xd6
 566 0277 00       		.byte	0
 567              		.section	.debug_abbrev,"",%progbits
 568              	.Ldebug_abbrev0:
 569 0000 01       		.uleb128 0x1
 570 0001 11       		.uleb128 0x11
 571 0002 01       		.byte	0x1
 572 0003 25       		.uleb128 0x25
 573 0004 0E       		.uleb128 0xe
 574 0005 13       		.uleb128 0x13
 575 0006 0B       		.uleb128 0xb
 576 0007 03       		.uleb128 0x3
 577 0008 0E       		.uleb128 0xe
 578 0009 1B       		.uleb128 0x1b
 579 000a 0E       		.uleb128 0xe
 580 000b 55       		.uleb128 0x55
 581 000c 17       		.uleb128 0x17
 582 000d 11       		.uleb128 0x11
 583 000e 01       		.uleb128 0x1
 584 000f 10       		.uleb128 0x10
 585 0010 17       		.uleb128 0x17
 586 0011 00       		.byte	0
 587 0012 00       		.byte	0
 588 0013 02       		.uleb128 0x2
 589 0014 24       		.uleb128 0x24
 590 0015 00       		.byte	0
 591 0016 0B       		.uleb128 0xb
 592 0017 0B       		.uleb128 0xb
 593 0018 3E       		.uleb128 0x3e
 594 0019 0B       		.uleb128 0xb
 595 001a 03       		.uleb128 0x3
 596 001b 08       		.uleb128 0x8
 597 001c 00       		.byte	0
 598 001d 00       		.byte	0
 599 001e 03       		.uleb128 0x3
 600 001f 16       		.uleb128 0x16
 601 0020 00       		.byte	0
 602 0021 03       		.uleb128 0x3
 603 0022 0E       		.uleb128 0xe
 604 0023 3A       		.uleb128 0x3a
 605 0024 0B       		.uleb128 0xb
 606 0025 3B       		.uleb128 0x3b
 607 0026 0B       		.uleb128 0xb
 608 0027 49       		.uleb128 0x49
 609 0028 13       		.uleb128 0x13
 610 0029 00       		.byte	0
 611 002a 00       		.byte	0
ARM GAS  C:\Users\NGUYEN~1\AppData\Local\Temp\ccJ0iqQH.s 			page 17


 612 002b 04       		.uleb128 0x4
 613 002c 24       		.uleb128 0x24
 614 002d 00       		.byte	0
 615 002e 0B       		.uleb128 0xb
 616 002f 0B       		.uleb128 0xb
 617 0030 3E       		.uleb128 0x3e
 618 0031 0B       		.uleb128 0xb
 619 0032 03       		.uleb128 0x3
 620 0033 0E       		.uleb128 0xe
 621 0034 00       		.byte	0
 622 0035 00       		.byte	0
 623 0036 05       		.uleb128 0x5
 624 0037 0F       		.uleb128 0xf
 625 0038 00       		.byte	0
 626 0039 0B       		.uleb128 0xb
 627 003a 0B       		.uleb128 0xb
 628 003b 00       		.byte	0
 629 003c 00       		.byte	0
 630 003d 06       		.uleb128 0x6
 631 003e 16       		.uleb128 0x16
 632 003f 00       		.byte	0
 633 0040 03       		.uleb128 0x3
 634 0041 0E       		.uleb128 0xe
 635 0042 3A       		.uleb128 0x3a
 636 0043 0B       		.uleb128 0xb
 637 0044 3B       		.uleb128 0x3b
 638 0045 05       		.uleb128 0x5
 639 0046 49       		.uleb128 0x49
 640 0047 13       		.uleb128 0x13
 641 0048 00       		.byte	0
 642 0049 00       		.byte	0
 643 004a 07       		.uleb128 0x7
 644 004b 35       		.uleb128 0x35
 645 004c 00       		.byte	0
 646 004d 49       		.uleb128 0x49
 647 004e 13       		.uleb128 0x13
 648 004f 00       		.byte	0
 649 0050 00       		.byte	0
 650 0051 08       		.uleb128 0x8
 651 0052 2E       		.uleb128 0x2e
 652 0053 01       		.byte	0x1
 653 0054 03       		.uleb128 0x3
 654 0055 0E       		.uleb128 0xe
 655 0056 3A       		.uleb128 0x3a
 656 0057 0B       		.uleb128 0xb
 657 0058 3B       		.uleb128 0x3b
 658 0059 0B       		.uleb128 0xb
 659 005a 27       		.uleb128 0x27
 660 005b 19       		.uleb128 0x19
 661 005c 11       		.uleb128 0x11
 662 005d 01       		.uleb128 0x1
 663 005e 12       		.uleb128 0x12
 664 005f 06       		.uleb128 0x6
 665 0060 40       		.uleb128 0x40
 666 0061 18       		.uleb128 0x18
 667 0062 9742     		.uleb128 0x2117
 668 0064 19       		.uleb128 0x19
ARM GAS  C:\Users\NGUYEN~1\AppData\Local\Temp\ccJ0iqQH.s 			page 18


 669 0065 01       		.uleb128 0x1
 670 0066 13       		.uleb128 0x13
 671 0067 00       		.byte	0
 672 0068 00       		.byte	0
 673 0069 09       		.uleb128 0x9
 674 006a 05       		.uleb128 0x5
 675 006b 00       		.byte	0
 676 006c 03       		.uleb128 0x3
 677 006d 08       		.uleb128 0x8
 678 006e 3A       		.uleb128 0x3a
 679 006f 0B       		.uleb128 0xb
 680 0070 3B       		.uleb128 0x3b
 681 0071 0B       		.uleb128 0xb
 682 0072 49       		.uleb128 0x49
 683 0073 13       		.uleb128 0x13
 684 0074 02       		.uleb128 0x2
 685 0075 17       		.uleb128 0x17
 686 0076 00       		.byte	0
 687 0077 00       		.byte	0
 688 0078 0A       		.uleb128 0xa
 689 0079 898201   		.uleb128 0x4109
 690 007c 01       		.byte	0x1
 691 007d 11       		.uleb128 0x11
 692 007e 01       		.uleb128 0x1
 693 007f 31       		.uleb128 0x31
 694 0080 13       		.uleb128 0x13
 695 0081 00       		.byte	0
 696 0082 00       		.byte	0
 697 0083 0B       		.uleb128 0xb
 698 0084 8A8201   		.uleb128 0x410a
 699 0087 00       		.byte	0
 700 0088 02       		.uleb128 0x2
 701 0089 18       		.uleb128 0x18
 702 008a 9142     		.uleb128 0x2111
 703 008c 18       		.uleb128 0x18
 704 008d 00       		.byte	0
 705 008e 00       		.byte	0
 706 008f 0C       		.uleb128 0xc
 707 0090 898201   		.uleb128 0x4109
 708 0093 01       		.byte	0x1
 709 0094 11       		.uleb128 0x11
 710 0095 01       		.uleb128 0x1
 711 0096 31       		.uleb128 0x31
 712 0097 13       		.uleb128 0x13
 713 0098 01       		.uleb128 0x1
 714 0099 13       		.uleb128 0x13
 715 009a 00       		.byte	0
 716 009b 00       		.byte	0
 717 009c 0D       		.uleb128 0xd
 718 009d 2E       		.uleb128 0x2e
 719 009e 01       		.byte	0x1
 720 009f 3F       		.uleb128 0x3f
 721 00a0 19       		.uleb128 0x19
 722 00a1 03       		.uleb128 0x3
 723 00a2 0E       		.uleb128 0xe
 724 00a3 3A       		.uleb128 0x3a
 725 00a4 0B       		.uleb128 0xb
ARM GAS  C:\Users\NGUYEN~1\AppData\Local\Temp\ccJ0iqQH.s 			page 19


 726 00a5 3B       		.uleb128 0x3b
 727 00a6 0B       		.uleb128 0xb
 728 00a7 27       		.uleb128 0x27
 729 00a8 19       		.uleb128 0x19
 730 00a9 11       		.uleb128 0x11
 731 00aa 01       		.uleb128 0x1
 732 00ab 12       		.uleb128 0x12
 733 00ac 06       		.uleb128 0x6
 734 00ad 40       		.uleb128 0x40
 735 00ae 18       		.uleb128 0x18
 736 00af 9742     		.uleb128 0x2117
 737 00b1 19       		.uleb128 0x19
 738 00b2 01       		.uleb128 0x1
 739 00b3 13       		.uleb128 0x13
 740 00b4 00       		.byte	0
 741 00b5 00       		.byte	0
 742 00b6 0E       		.uleb128 0xe
 743 00b7 0B       		.uleb128 0xb
 744 00b8 01       		.byte	0x1
 745 00b9 11       		.uleb128 0x11
 746 00ba 01       		.uleb128 0x1
 747 00bb 12       		.uleb128 0x12
 748 00bc 06       		.uleb128 0x6
 749 00bd 01       		.uleb128 0x1
 750 00be 13       		.uleb128 0x13
 751 00bf 00       		.byte	0
 752 00c0 00       		.byte	0
 753 00c1 0F       		.uleb128 0xf
 754 00c2 13       		.uleb128 0x13
 755 00c3 01       		.byte	0x1
 756 00c4 0B       		.uleb128 0xb
 757 00c5 0B       		.uleb128 0xb
 758 00c6 3A       		.uleb128 0x3a
 759 00c7 0B       		.uleb128 0xb
 760 00c8 3B       		.uleb128 0x3b
 761 00c9 0B       		.uleb128 0xb
 762 00ca 01       		.uleb128 0x1
 763 00cb 13       		.uleb128 0x13
 764 00cc 00       		.byte	0
 765 00cd 00       		.byte	0
 766 00ce 10       		.uleb128 0x10
 767 00cf 0D       		.uleb128 0xd
 768 00d0 00       		.byte	0
 769 00d1 03       		.uleb128 0x3
 770 00d2 0E       		.uleb128 0xe
 771 00d3 3A       		.uleb128 0x3a
 772 00d4 0B       		.uleb128 0xb
 773 00d5 3B       		.uleb128 0x3b
 774 00d6 0B       		.uleb128 0xb
 775 00d7 49       		.uleb128 0x49
 776 00d8 13       		.uleb128 0x13
 777 00d9 38       		.uleb128 0x38
 778 00da 0B       		.uleb128 0xb
 779 00db 00       		.byte	0
 780 00dc 00       		.byte	0
 781 00dd 11       		.uleb128 0x11
 782 00de 01       		.uleb128 0x1
ARM GAS  C:\Users\NGUYEN~1\AppData\Local\Temp\ccJ0iqQH.s 			page 20


 783 00df 01       		.byte	0x1
 784 00e0 49       		.uleb128 0x49
 785 00e1 13       		.uleb128 0x13
 786 00e2 01       		.uleb128 0x1
 787 00e3 13       		.uleb128 0x13
 788 00e4 00       		.byte	0
 789 00e5 00       		.byte	0
 790 00e6 12       		.uleb128 0x12
 791 00e7 21       		.uleb128 0x21
 792 00e8 00       		.byte	0
 793 00e9 49       		.uleb128 0x49
 794 00ea 13       		.uleb128 0x13
 795 00eb 2F       		.uleb128 0x2f
 796 00ec 0B       		.uleb128 0xb
 797 00ed 00       		.byte	0
 798 00ee 00       		.byte	0
 799 00ef 13       		.uleb128 0x13
 800 00f0 26       		.uleb128 0x26
 801 00f1 00       		.byte	0
 802 00f2 49       		.uleb128 0x49
 803 00f3 13       		.uleb128 0x13
 804 00f4 00       		.byte	0
 805 00f5 00       		.byte	0
 806 00f6 14       		.uleb128 0x14
 807 00f7 34       		.uleb128 0x34
 808 00f8 00       		.byte	0
 809 00f9 03       		.uleb128 0x3
 810 00fa 0E       		.uleb128 0xe
 811 00fb 3A       		.uleb128 0x3a
 812 00fc 0B       		.uleb128 0xb
 813 00fd 3B       		.uleb128 0x3b
 814 00fe 0B       		.uleb128 0xb
 815 00ff 49       		.uleb128 0x49
 816 0100 13       		.uleb128 0x13
 817 0101 02       		.uleb128 0x2
 818 0102 18       		.uleb128 0x18
 819 0103 00       		.byte	0
 820 0104 00       		.byte	0
 821 0105 15       		.uleb128 0x15
 822 0106 34       		.uleb128 0x34
 823 0107 00       		.byte	0
 824 0108 03       		.uleb128 0x3
 825 0109 08       		.uleb128 0x8
 826 010a 3A       		.uleb128 0x3a
 827 010b 0B       		.uleb128 0xb
 828 010c 3B       		.uleb128 0x3b
 829 010d 05       		.uleb128 0x5
 830 010e 49       		.uleb128 0x49
 831 010f 13       		.uleb128 0x13
 832 0110 02       		.uleb128 0x2
 833 0111 17       		.uleb128 0x17
 834 0112 00       		.byte	0
 835 0113 00       		.byte	0
 836 0114 16       		.uleb128 0x16
 837 0115 0B       		.uleb128 0xb
 838 0116 01       		.byte	0x1
 839 0117 11       		.uleb128 0x11
ARM GAS  C:\Users\NGUYEN~1\AppData\Local\Temp\ccJ0iqQH.s 			page 21


 840 0118 01       		.uleb128 0x1
 841 0119 12       		.uleb128 0x12
 842 011a 06       		.uleb128 0x6
 843 011b 00       		.byte	0
 844 011c 00       		.byte	0
 845 011d 17       		.uleb128 0x17
 846 011e 0F       		.uleb128 0xf
 847 011f 00       		.byte	0
 848 0120 0B       		.uleb128 0xb
 849 0121 0B       		.uleb128 0xb
 850 0122 49       		.uleb128 0x49
 851 0123 13       		.uleb128 0x13
 852 0124 00       		.byte	0
 853 0125 00       		.byte	0
 854 0126 18       		.uleb128 0x18
 855 0127 898201   		.uleb128 0x4109
 856 012a 00       		.byte	0
 857 012b 11       		.uleb128 0x11
 858 012c 01       		.uleb128 0x1
 859 012d 31       		.uleb128 0x31
 860 012e 13       		.uleb128 0x13
 861 012f 00       		.byte	0
 862 0130 00       		.byte	0
 863 0131 19       		.uleb128 0x19
 864 0132 2E       		.uleb128 0x2e
 865 0133 00       		.byte	0
 866 0134 3F       		.uleb128 0x3f
 867 0135 19       		.uleb128 0x19
 868 0136 3C       		.uleb128 0x3c
 869 0137 19       		.uleb128 0x19
 870 0138 6E       		.uleb128 0x6e
 871 0139 0E       		.uleb128 0xe
 872 013a 03       		.uleb128 0x3
 873 013b 0E       		.uleb128 0xe
 874 013c 00       		.byte	0
 875 013d 00       		.byte	0
 876 013e 1A       		.uleb128 0x1a
 877 013f 2E       		.uleb128 0x2e
 878 0140 00       		.byte	0
 879 0141 3F       		.uleb128 0x3f
 880 0142 19       		.uleb128 0x19
 881 0143 3C       		.uleb128 0x3c
 882 0144 19       		.uleb128 0x19
 883 0145 6E       		.uleb128 0x6e
 884 0146 0E       		.uleb128 0xe
 885 0147 03       		.uleb128 0x3
 886 0148 0E       		.uleb128 0xe
 887 0149 3A       		.uleb128 0x3a
 888 014a 0B       		.uleb128 0xb
 889 014b 3B       		.uleb128 0x3b
 890 014c 0B       		.uleb128 0xb
 891 014d 00       		.byte	0
 892 014e 00       		.byte	0
 893 014f 00       		.byte	0
 894              		.section	.debug_loc,"",%progbits
 895              	.Ldebug_loc0:
 896              	.LLST0:
ARM GAS  C:\Users\NGUYEN~1\AppData\Local\Temp\ccJ0iqQH.s 			page 22


 897 0000 00000000 		.4byte	.LVL0
 898 0004 09000000 		.4byte	.LVL2-1
 899 0008 0100     		.2byte	0x1
 900 000a 50       		.byte	0x50
 901 000b 09000000 		.4byte	.LVL2-1
 902 000f 0C000000 		.4byte	.LFE0
 903 0013 0400     		.2byte	0x4
 904 0015 F3       		.byte	0xf3
 905 0016 01       		.uleb128 0x1
 906 0017 50       		.byte	0x50
 907 0018 9F       		.byte	0x9f
 908 0019 00000000 		.4byte	0
 909 001d 00000000 		.4byte	0
 910              	.LLST1:
 911 0021 00000000 		.4byte	.LVL0
 912 0025 06000000 		.4byte	.LVL1
 913 0029 0100     		.2byte	0x1
 914 002b 51       		.byte	0x51
 915 002c 06000000 		.4byte	.LVL1
 916 0030 09000000 		.4byte	.LVL2-1
 917 0034 0100     		.2byte	0x1
 918 0036 52       		.byte	0x52
 919 0037 09000000 		.4byte	.LVL2-1
 920 003b 0C000000 		.4byte	.LFE0
 921 003f 0400     		.2byte	0x4
 922 0041 F3       		.byte	0xf3
 923 0042 01       		.uleb128 0x1
 924 0043 51       		.byte	0x51
 925 0044 9F       		.byte	0x9f
 926 0045 00000000 		.4byte	0
 927 0049 00000000 		.4byte	0
 928              	.LLST2:
 929 004d 60000000 		.4byte	.LVL6
 930 0051 64000000 		.4byte	.LVL7
 931 0055 0200     		.2byte	0x2
 932 0057 30       		.byte	0x30
 933 0058 9F       		.byte	0x9f
 934 0059 64000000 		.4byte	.LVL7
 935 005d 82000000 		.4byte	.LVL9
 936 0061 0100     		.2byte	0x1
 937 0063 54       		.byte	0x54
 938 0064 84000000 		.4byte	.LVL10
 939 0068 C2000000 		.4byte	.LVL12
 940 006c 0100     		.2byte	0x1
 941 006e 54       		.byte	0x54
 942 006f 00000000 		.4byte	0
 943 0073 00000000 		.4byte	0
 944              	.LLST3:
 945 0077 64000000 		.4byte	.LVL7
 946 007b 82000000 		.4byte	.LVL9
 947 007f 0B00     		.2byte	0xb
 948 0081 74       		.byte	0x74
 949 0082 00       		.sleb128 0
 950 0083 36       		.byte	0x36
 951 0084 1E       		.byte	0x1e
 952 0085 03       		.byte	0x3
 953 0086 00000000 		.4byte	cfg_memset_list.4847
ARM GAS  C:\Users\NGUYEN~1\AppData\Local\Temp\ccJ0iqQH.s 			page 23


 954 008a 22       		.byte	0x22
 955 008b 9F       		.byte	0x9f
 956 008c 82000000 		.4byte	.LVL9
 957 0090 84000000 		.4byte	.LVL10
 958 0094 0B00     		.2byte	0xb
 959 0096 74       		.byte	0x74
 960 0097 7F       		.sleb128 -1
 961 0098 36       		.byte	0x36
 962 0099 1E       		.byte	0x1e
 963 009a 03       		.byte	0x3
 964 009b 00000000 		.4byte	cfg_memset_list.4847
 965 009f 22       		.byte	0x22
 966 00a0 9F       		.byte	0x9f
 967 00a1 00000000 		.4byte	0
 968 00a5 00000000 		.4byte	0
 969              		.section	.debug_aranges,"",%progbits
 970 0000 2C000000 		.4byte	0x2c
 971 0004 0200     		.2byte	0x2
 972 0006 00000000 		.4byte	.Ldebug_info0
 973 000a 04       		.byte	0x4
 974 000b 00       		.byte	0
 975 000c 0000     		.2byte	0
 976 000e 0000     		.2byte	0
 977 0010 00000000 		.4byte	.LFB0
 978 0014 0C000000 		.4byte	.LFE0-.LFB0
 979 0018 00000000 		.4byte	.LFB3
 980 001c 5C000000 		.4byte	.LFE3-.LFB3
 981 0020 5C000000 		.4byte	.LFB5
 982 0024 94000000 		.4byte	.LFE5-.LFB5
 983 0028 00000000 		.4byte	0
 984 002c 00000000 		.4byte	0
 985              		.section	.debug_ranges,"",%progbits
 986              	.Ldebug_ranges0:
 987 0000 00000000 		.4byte	.LFB0
 988 0004 0C000000 		.4byte	.LFE0
 989 0008 00000000 		.4byte	.LFB3
 990 000c 5C000000 		.4byte	.LFE3
 991 0010 5C000000 		.4byte	.LFB5
 992 0014 F0000000 		.4byte	.LFE5
 993 0018 00000000 		.4byte	0
 994 001c 00000000 		.4byte	0
 995              		.section	.debug_line,"",%progbits
 996              	.Ldebug_line0:
 997 0000 2A010000 		.section	.debug_str,"MS",%progbits,1
 997      0200D600 
 997      00000201 
 997      FB0E0D00 
 997      01010101 
 998              	.LASF19:
 999 0000 72656733 		.ascii	"reg32\000"
 999      3200
 1000              	.LASF12:
 1001 0006 73697A65 		.ascii	"size_t\000"
 1001      5F7400
 1002              	.LASF27:
 1003 000d 4379496E 		.ascii	"CyIntSetVector\000"
 1003      74536574 
ARM GAS  C:\Users\NGUYEN~1\AppData\Local\Temp\ccJ0iqQH.s 			page 24


 1003      56656374 
 1003      6F7200
 1004              	.LASF25:
 1005 001c 6366675F 		.ascii	"cfg_memset_list\000"
 1005      6D656D73 
 1005      65745F6C 
 1005      69737400 
 1006              	.LASF21:
 1007 002c 436C6F63 		.ascii	"ClockSetup\000"
 1007      6B536574 
 1007      757000
 1008              	.LASF6:
 1009 0037 73686F72 		.ascii	"short unsigned int\000"
 1009      7420756E 
 1009      7369676E 
 1009      65642069 
 1009      6E7400
 1010              	.LASF31:
 1011 004a 443A5C70 		.ascii	"D:\\psoc\\theory\\led_7_seg\\led_7_seg.cydsn\000"
 1011      736F635C 
 1011      7468656F 
 1011      72795C6C 
 1011      65645F37 
 1012              	.LASF16:
 1013 0073 666C6F61 		.ascii	"float\000"
 1013      7400
 1014              	.LASF23:
 1015 0079 73697A65 		.ascii	"size\000"
 1015      00
 1016              	.LASF18:
 1017 007e 72656738 		.ascii	"reg8\000"
 1017      00
 1018              	.LASF8:
 1019 0083 6C6F6E67 		.ascii	"long unsigned int\000"
 1019      20756E73 
 1019      69676E65 
 1019      6420696E 
 1019      7400
 1020              	.LASF13:
 1021 0095 75696E74 		.ascii	"uint8\000"
 1021      3800
 1022              	.LASF20:
 1023 009b 43594D45 		.ascii	"CYMEMZERO\000"
 1023      4D5A4552 
 1023      4F00
 1024              	.LASF4:
 1025 00a5 756E7369 		.ascii	"unsigned char\000"
 1025      676E6564 
 1025      20636861 
 1025      7200
 1026              	.LASF33:
 1027 00b3 6D656D73 		.ascii	"memset\000"
 1027      657400
 1028              	.LASF17:
 1029 00ba 646F7562 		.ascii	"double\000"
 1029      6C6500
 1030              	.LASF28:
ARM GAS  C:\Users\NGUYEN~1\AppData\Local\Temp\ccJ0iqQH.s 			page 25


 1031 00c1 4379496E 		.ascii	"CyIntEnable\000"
 1031      74456E61 
 1031      626C6500 
 1032              	.LASF14:
 1033 00cd 75696E74 		.ascii	"uint16\000"
 1033      313600
 1034              	.LASF15:
 1035 00d4 75696E74 		.ascii	"uint32\000"
 1035      333200
 1036              	.LASF0:
 1037 00db 756E7369 		.ascii	"unsigned int\000"
 1037      676E6564 
 1037      20696E74 
 1037      00
 1038              	.LASF32:
 1039 00e8 63796669 		.ascii	"cyfitter_cfg\000"
 1039      74746572 
 1039      5F636667 
 1039      00
 1040              	.LASF22:
 1041 00f5 61646472 		.ascii	"address\000"
 1041      65737300 
 1042              	.LASF9:
 1043 00fd 6C6F6E67 		.ascii	"long long unsigned int\000"
 1043      206C6F6E 
 1043      6720756E 
 1043      7369676E 
 1043      65642069 
 1044              	.LASF29:
 1045 0114 474E5520 		.ascii	"GNU C11 5.4.1 20160609 (release) [ARM/embedded-5-br"
 1045      43313120 
 1045      352E342E 
 1045      31203230 
 1045      31363036 
 1046 0147 616E6368 		.ascii	"anch revision 237715] -mcpu=cortex-m0 -mthumb -g -O"
 1046      20726576 
 1046      6973696F 
 1046      6E203233 
 1046      37373135 
 1047 017a 67202D66 		.ascii	"g -ffunction-sections -ffat-lto-objects\000"
 1047      66756E63 
 1047      74696F6E 
 1047      2D736563 
 1047      74696F6E 
 1048              	.LASF24:
 1049 01a2 6366675F 		.ascii	"cfg_memset_t\000"
 1049      6D656D73 
 1049      65745F74 
 1049      00
 1050              	.LASF10:
 1051 01af 73697A65 		.ascii	"sizetype\000"
 1051      74797065 
 1051      00
 1052              	.LASF1:
 1053 01b8 6C6F6E67 		.ascii	"long long int\000"
 1053      206C6F6E 
 1053      6720696E 
ARM GAS  C:\Users\NGUYEN~1\AppData\Local\Temp\ccJ0iqQH.s 			page 26


 1053      7400
 1054              	.LASF11:
 1055 01c6 63686172 		.ascii	"char\000"
 1055      00
 1056              	.LASF5:
 1057 01cb 73686F72 		.ascii	"short int\000"
 1057      7420696E 
 1057      7400
 1058              	.LASF26:
 1059 01d5 43795379 		.ascii	"CySysClkWriteImoFreq\000"
 1059      73436C6B 
 1059      57726974 
 1059      65496D6F 
 1059      46726571 
 1060              	.LASF7:
 1061 01ea 6C6F6E67 		.ascii	"long int\000"
 1061      20696E74 
 1061      00
 1062              	.LASF2:
 1063 01f3 6C6F6E67 		.ascii	"long double\000"
 1063      20646F75 
 1063      626C6500 
 1064              	.LASF3:
 1065 01ff 7369676E 		.ascii	"signed char\000"
 1065      65642063 
 1065      68617200 
 1066              	.LASF30:
 1067 020b 47656E65 		.ascii	"Generated_Source\\PSoC4\\cyfitter_cfg.c\000"
 1067      72617465 
 1067      645F536F 
 1067      75726365 
 1067      5C50536F 
 1068              		.ident	"GCC: (GNU Tools for ARM Embedded Processors) 5.4.1 20160609 (release) [ARM/embedded-5-bran
