ARM GAS  C:\Users\NGUYEN~1\AppData\Local\Temp\cctpeg0a.s 			page 1


   1              		.syntax unified
   2              		.cpu cortex-m0
   3              		.fpu softvfp
   4              		.eabi_attribute 20, 1
   5              		.eabi_attribute 21, 1
   6              		.eabi_attribute 23, 3
   7              		.eabi_attribute 24, 1
   8              		.eabi_attribute 25, 1
   9              		.eabi_attribute 26, 1
  10              		.eabi_attribute 30, 1
  11              		.eabi_attribute 34, 0
  12              		.eabi_attribute 18, 4
  13              		.thumb
  14              		.syntax unified
  15              		.file	"main.c"
  16              		.text
  17              	.Ltext0:
  18              		.cfi_sections	.debug_frame
  19              		.section	.text.main,"ax",%progbits
  20              		.align	2
  21              		.global	main
  22              		.code	16
  23              		.thumb_func
  24              		.type	main, %function
  25              	main:
  26              	.LFB33:
  27              		.file 1 "main.c"
   1:main.c        **** /* ========================================
   2:main.c        ****  *
   3:main.c        ****  * Copyright YOUR COMPANY, THE YEAR
   4:main.c        ****  * All Rights Reserved
   5:main.c        ****  * UNPUBLISHED, LICENSED SOFTWARE.
   6:main.c        ****  *
   7:main.c        ****  * CONFIDENTIAL AND PROPRIETARY INFORMATION
   8:main.c        ****  * WHICH IS THE PROPERTY OF your company.
   9:main.c        ****  *
  10:main.c        ****  * ========================================
  11:main.c        **** */
  12:main.c        **** #include "main.h"
  13:main.c        **** 
  14:main.c        **** 
  15:main.c        **** int main(void)
  16:main.c        **** {
  28              		.loc 1 16 0
  29              		.cfi_startproc
  30              		@ Volatile: function does not return.
  31              		@ args = 0, pretend = 0, frame = 0
  32              		@ frame_needed = 0, uses_anonymous_args = 0
  33 0000 10B5     		push	{r4, lr}
  34              		.cfi_def_cfa_offset 8
  35              		.cfi_offset 4, -8
  36              		.cfi_offset 14, -4
  17:main.c        ****     CyGlobalIntEnable; /* Enable global interrupts. */
  37              		.loc 1 17 0
  38              		.syntax divided
  39              	@ 17 "main.c" 1
  40 0002 62B6     		CPSIE   i
ARM GAS  C:\Users\NGUYEN~1\AppData\Local\Temp\cctpeg0a.s 			page 2


  41              	@ 0 "" 2
  42              		.thumb
  43              		.syntax unified
  44              	.L2:
  18:main.c        **** 
  19:main.c        ****     /* Place your initialization/startup code here (e.g. MyInst_Start()) */
  20:main.c        **** 
  21:main.c        ****     for(;;)
  22:main.c        ****     {
  23:main.c        ****         scanLed(7896);
  45              		.loc 1 23 0 discriminator 1
  46 0004 0148     		ldr	r0, .L3
  47 0006 FFF7FEFF 		bl	scanLed
  48              	.LVL0:
  49 000a FBE7     		b	.L2
  50              	.L4:
  51              		.align	2
  52              	.L3:
  53 000c D81E0000 		.word	7896
  54              		.cfi_endproc
  55              	.LFE33:
  56              		.size	main, .-main
  57              		.text
  58              	.Letext0:
  59              		.file 2 "Led7_Seg.h"
  60              		.section	.debug_info,"",%progbits
  61              	.Ldebug_info0:
  62 0000 C1000000 		.4byte	0xc1
  63 0004 0400     		.2byte	0x4
  64 0006 00000000 		.4byte	.Ldebug_abbrev0
  65 000a 04       		.byte	0x4
  66 000b 01       		.uleb128 0x1
  67 000c 0E000000 		.4byte	.LASF14
  68 0010 0C       		.byte	0xc
  69 0011 D2000000 		.4byte	.LASF15
  70 0015 A9000000 		.4byte	.LASF16
  71 0019 00000000 		.4byte	.Ldebug_ranges0+0
  72 001d 00000000 		.4byte	0
  73 0021 00000000 		.4byte	.Ldebug_line0
  74 0025 02       		.uleb128 0x2
  75 0026 01       		.byte	0x1
  76 0027 06       		.byte	0x6
  77 0028 45010000 		.4byte	.LASF0
  78 002c 02       		.uleb128 0x2
  79 002d 01       		.byte	0x1
  80 002e 08       		.byte	0x8
  81 002f 07010000 		.4byte	.LASF1
  82 0033 02       		.uleb128 0x2
  83 0034 02       		.byte	0x2
  84 0035 05       		.byte	0x5
  85 0036 63010000 		.4byte	.LASF2
  86 003a 02       		.uleb128 0x2
  87 003b 02       		.byte	0x2
  88 003c 07       		.byte	0x7
  89 003d 32010000 		.4byte	.LASF3
  90 0041 02       		.uleb128 0x2
  91 0042 04       		.byte	0x4
ARM GAS  C:\Users\NGUYEN~1\AppData\Local\Temp\cctpeg0a.s 			page 3


  92 0043 05       		.byte	0x5
  93 0044 1A010000 		.4byte	.LASF4
  94 0048 02       		.uleb128 0x2
  95 0049 04       		.byte	0x4
  96 004a 07       		.byte	0x7
  97 004b DE000000 		.4byte	.LASF5
  98 004f 02       		.uleb128 0x2
  99 0050 08       		.byte	0x8
 100 0051 05       		.byte	0x5
 101 0052 00000000 		.4byte	.LASF6
 102 0056 02       		.uleb128 0x2
 103 0057 08       		.byte	0x8
 104 0058 07       		.byte	0x7
 105 0059 F0000000 		.4byte	.LASF7
 106 005d 03       		.uleb128 0x3
 107 005e 04       		.byte	0x4
 108 005f 05       		.byte	0x5
 109 0060 696E7400 		.ascii	"int\000"
 110 0064 02       		.uleb128 0x2
 111 0065 04       		.byte	0x4
 112 0066 07       		.byte	0x7
 113 0067 9C000000 		.4byte	.LASF8
 114 006b 02       		.uleb128 0x2
 115 006c 08       		.byte	0x8
 116 006d 04       		.byte	0x4
 117 006e 51010000 		.4byte	.LASF9
 118 0072 02       		.uleb128 0x2
 119 0073 04       		.byte	0x4
 120 0074 07       		.byte	0x7
 121 0075 6D010000 		.4byte	.LASF10
 122 0079 02       		.uleb128 0x2
 123 007a 01       		.byte	0x1
 124 007b 08       		.byte	0x8
 125 007c 15010000 		.4byte	.LASF11
 126 0080 02       		.uleb128 0x2
 127 0081 04       		.byte	0x4
 128 0082 04       		.byte	0x4
 129 0083 5D010000 		.4byte	.LASF12
 130 0087 02       		.uleb128 0x2
 131 0088 08       		.byte	0x8
 132 0089 04       		.byte	0x4
 133 008a 23010000 		.4byte	.LASF13
 134 008e 04       		.uleb128 0x4
 135 008f D9000000 		.4byte	.LASF17
 136 0093 01       		.byte	0x1
 137 0094 0F       		.byte	0xf
 138 0095 5D000000 		.4byte	0x5d
 139 0099 00000000 		.4byte	.LFB33
 140 009d 10000000 		.4byte	.LFE33-.LFB33
 141 00a1 01       		.uleb128 0x1
 142 00a2 9C       		.byte	0x9c
 143 00a3 B9000000 		.4byte	0xb9
 144 00a7 05       		.uleb128 0x5
 145 00a8 0A000000 		.4byte	.LVL0
 146 00ac B9000000 		.4byte	0xb9
 147 00b0 06       		.uleb128 0x6
 148 00b1 01       		.uleb128 0x1
ARM GAS  C:\Users\NGUYEN~1\AppData\Local\Temp\cctpeg0a.s 			page 4


 149 00b2 50       		.byte	0x50
 150 00b3 03       		.uleb128 0x3
 151 00b4 0A       		.byte	0xa
 152 00b5 D81E     		.2byte	0x1ed8
 153 00b7 00       		.byte	0
 154 00b8 00       		.byte	0
 155 00b9 07       		.uleb128 0x7
 156 00ba 2A010000 		.4byte	.LASF18
 157 00be 2A010000 		.4byte	.LASF18
 158 00c2 02       		.byte	0x2
 159 00c3 18       		.byte	0x18
 160 00c4 00       		.byte	0
 161              		.section	.debug_abbrev,"",%progbits
 162              	.Ldebug_abbrev0:
 163 0000 01       		.uleb128 0x1
 164 0001 11       		.uleb128 0x11
 165 0002 01       		.byte	0x1
 166 0003 25       		.uleb128 0x25
 167 0004 0E       		.uleb128 0xe
 168 0005 13       		.uleb128 0x13
 169 0006 0B       		.uleb128 0xb
 170 0007 03       		.uleb128 0x3
 171 0008 0E       		.uleb128 0xe
 172 0009 1B       		.uleb128 0x1b
 173 000a 0E       		.uleb128 0xe
 174 000b 55       		.uleb128 0x55
 175 000c 17       		.uleb128 0x17
 176 000d 11       		.uleb128 0x11
 177 000e 01       		.uleb128 0x1
 178 000f 10       		.uleb128 0x10
 179 0010 17       		.uleb128 0x17
 180 0011 00       		.byte	0
 181 0012 00       		.byte	0
 182 0013 02       		.uleb128 0x2
 183 0014 24       		.uleb128 0x24
 184 0015 00       		.byte	0
 185 0016 0B       		.uleb128 0xb
 186 0017 0B       		.uleb128 0xb
 187 0018 3E       		.uleb128 0x3e
 188 0019 0B       		.uleb128 0xb
 189 001a 03       		.uleb128 0x3
 190 001b 0E       		.uleb128 0xe
 191 001c 00       		.byte	0
 192 001d 00       		.byte	0
 193 001e 03       		.uleb128 0x3
 194 001f 24       		.uleb128 0x24
 195 0020 00       		.byte	0
 196 0021 0B       		.uleb128 0xb
 197 0022 0B       		.uleb128 0xb
 198 0023 3E       		.uleb128 0x3e
 199 0024 0B       		.uleb128 0xb
 200 0025 03       		.uleb128 0x3
 201 0026 08       		.uleb128 0x8
 202 0027 00       		.byte	0
 203 0028 00       		.byte	0
 204 0029 04       		.uleb128 0x4
 205 002a 2E       		.uleb128 0x2e
ARM GAS  C:\Users\NGUYEN~1\AppData\Local\Temp\cctpeg0a.s 			page 5


 206 002b 01       		.byte	0x1
 207 002c 3F       		.uleb128 0x3f
 208 002d 19       		.uleb128 0x19
 209 002e 03       		.uleb128 0x3
 210 002f 0E       		.uleb128 0xe
 211 0030 3A       		.uleb128 0x3a
 212 0031 0B       		.uleb128 0xb
 213 0032 3B       		.uleb128 0x3b
 214 0033 0B       		.uleb128 0xb
 215 0034 27       		.uleb128 0x27
 216 0035 19       		.uleb128 0x19
 217 0036 49       		.uleb128 0x49
 218 0037 13       		.uleb128 0x13
 219 0038 8701     		.uleb128 0x87
 220 003a 19       		.uleb128 0x19
 221 003b 11       		.uleb128 0x11
 222 003c 01       		.uleb128 0x1
 223 003d 12       		.uleb128 0x12
 224 003e 06       		.uleb128 0x6
 225 003f 40       		.uleb128 0x40
 226 0040 18       		.uleb128 0x18
 227 0041 9742     		.uleb128 0x2117
 228 0043 19       		.uleb128 0x19
 229 0044 01       		.uleb128 0x1
 230 0045 13       		.uleb128 0x13
 231 0046 00       		.byte	0
 232 0047 00       		.byte	0
 233 0048 05       		.uleb128 0x5
 234 0049 898201   		.uleb128 0x4109
 235 004c 01       		.byte	0x1
 236 004d 11       		.uleb128 0x11
 237 004e 01       		.uleb128 0x1
 238 004f 31       		.uleb128 0x31
 239 0050 13       		.uleb128 0x13
 240 0051 00       		.byte	0
 241 0052 00       		.byte	0
 242 0053 06       		.uleb128 0x6
 243 0054 8A8201   		.uleb128 0x410a
 244 0057 00       		.byte	0
 245 0058 02       		.uleb128 0x2
 246 0059 18       		.uleb128 0x18
 247 005a 9142     		.uleb128 0x2111
 248 005c 18       		.uleb128 0x18
 249 005d 00       		.byte	0
 250 005e 00       		.byte	0
 251 005f 07       		.uleb128 0x7
 252 0060 2E       		.uleb128 0x2e
 253 0061 00       		.byte	0
 254 0062 3F       		.uleb128 0x3f
 255 0063 19       		.uleb128 0x19
 256 0064 3C       		.uleb128 0x3c
 257 0065 19       		.uleb128 0x19
 258 0066 6E       		.uleb128 0x6e
 259 0067 0E       		.uleb128 0xe
 260 0068 03       		.uleb128 0x3
 261 0069 0E       		.uleb128 0xe
 262 006a 3A       		.uleb128 0x3a
ARM GAS  C:\Users\NGUYEN~1\AppData\Local\Temp\cctpeg0a.s 			page 6


 263 006b 0B       		.uleb128 0xb
 264 006c 3B       		.uleb128 0x3b
 265 006d 0B       		.uleb128 0xb
 266 006e 00       		.byte	0
 267 006f 00       		.byte	0
 268 0070 00       		.byte	0
 269              		.section	.debug_aranges,"",%progbits
 270 0000 1C000000 		.4byte	0x1c
 271 0004 0200     		.2byte	0x2
 272 0006 00000000 		.4byte	.Ldebug_info0
 273 000a 04       		.byte	0x4
 274 000b 00       		.byte	0
 275 000c 0000     		.2byte	0
 276 000e 0000     		.2byte	0
 277 0010 00000000 		.4byte	.LFB33
 278 0014 10000000 		.4byte	.LFE33-.LFB33
 279 0018 00000000 		.4byte	0
 280 001c 00000000 		.4byte	0
 281              		.section	.debug_ranges,"",%progbits
 282              	.Ldebug_ranges0:
 283 0000 00000000 		.4byte	.LFB33
 284 0004 10000000 		.4byte	.LFE33
 285 0008 00000000 		.4byte	0
 286 000c 00000000 		.4byte	0
 287              		.section	.debug_line,"",%progbits
 288              	.Ldebug_line0:
 289 0000 46000000 		.section	.debug_str,"MS",%progbits,1
 289      02002B00 
 289      00000201 
 289      FB0E0D00 
 289      01010101 
 290              	.LASF6:
 291 0000 6C6F6E67 		.ascii	"long long int\000"
 291      206C6F6E 
 291      6720696E 
 291      7400
 292              	.LASF14:
 293 000e 474E5520 		.ascii	"GNU C11 5.4.1 20160609 (release) [ARM/embedded-5-br"
 293      43313120 
 293      352E342E 
 293      31203230 
 293      31363036 
 294 0041 616E6368 		.ascii	"anch revision 237715] -mcpu=cortex-m0 -mthumb -g -O"
 294      20726576 
 294      6973696F 
 294      6E203233 
 294      37373135 
 295 0074 67202D66 		.ascii	"g -ffunction-sections -ffat-lto-objects\000"
 295      66756E63 
 295      74696F6E 
 295      2D736563 
 295      74696F6E 
 296              	.LASF8:
 297 009c 756E7369 		.ascii	"unsigned int\000"
 297      676E6564 
 297      20696E74 
 297      00
ARM GAS  C:\Users\NGUYEN~1\AppData\Local\Temp\cctpeg0a.s 			page 7


 298              	.LASF16:
 299 00a9 443A5C70 		.ascii	"D:\\psoc\\theory\\led_7_seg\\led_7_seg.cydsn\000"
 299      736F635C 
 299      7468656F 
 299      72795C6C 
 299      65645F37 
 300              	.LASF15:
 301 00d2 6D61696E 		.ascii	"main.c\000"
 301      2E6300
 302              	.LASF17:
 303 00d9 6D61696E 		.ascii	"main\000"
 303      00
 304              	.LASF5:
 305 00de 6C6F6E67 		.ascii	"long unsigned int\000"
 305      20756E73 
 305      69676E65 
 305      6420696E 
 305      7400
 306              	.LASF7:
 307 00f0 6C6F6E67 		.ascii	"long long unsigned int\000"
 307      206C6F6E 
 307      6720756E 
 307      7369676E 
 307      65642069 
 308              	.LASF1:
 309 0107 756E7369 		.ascii	"unsigned char\000"
 309      676E6564 
 309      20636861 
 309      7200
 310              	.LASF11:
 311 0115 63686172 		.ascii	"char\000"
 311      00
 312              	.LASF4:
 313 011a 6C6F6E67 		.ascii	"long int\000"
 313      20696E74 
 313      00
 314              	.LASF13:
 315 0123 646F7562 		.ascii	"double\000"
 315      6C6500
 316              	.LASF18:
 317 012a 7363616E 		.ascii	"scanLed\000"
 317      4C656400 
 318              	.LASF3:
 319 0132 73686F72 		.ascii	"short unsigned int\000"
 319      7420756E 
 319      7369676E 
 319      65642069 
 319      6E7400
 320              	.LASF0:
 321 0145 7369676E 		.ascii	"signed char\000"
 321      65642063 
 321      68617200 
 322              	.LASF9:
 323 0151 6C6F6E67 		.ascii	"long double\000"
 323      20646F75 
 323      626C6500 
 324              	.LASF12:
ARM GAS  C:\Users\NGUYEN~1\AppData\Local\Temp\cctpeg0a.s 			page 8


 325 015d 666C6F61 		.ascii	"float\000"
 325      7400
 326              	.LASF2:
 327 0163 73686F72 		.ascii	"short int\000"
 327      7420696E 
 327      7400
 328              	.LASF10:
 329 016d 73697A65 		.ascii	"sizetype\000"
 329      74797065 
 329      00
 330              		.ident	"GCC: (GNU Tools for ARM Embedded Processors) 5.4.1 20160609 (release) [ARM/embedded-5-bran
