ARM GAS  C:\Users\NGUYEN~1\AppData\Local\Temp\cc3wd2jD.s 			page 1


   1              		.syntax unified
   2              		.cpu cortex-m0
   3              		.fpu softvfp
   4              		.eabi_attribute 20, 1
   5              		.eabi_attribute 21, 1
   6              		.eabi_attribute 23, 3
   7              		.eabi_attribute 24, 1
   8              		.eabi_attribute 25, 1
   9              		.eabi_attribute 26, 1
  10              		.eabi_attribute 30, 1
  11              		.eabi_attribute 34, 0
  12              		.eabi_attribute 18, 4
  13              		.thumb
  14              		.syntax unified
  15              		.file	"cyfitter_cfg.c"
  16              		.text
  17              	.Ltext0:
  18              		.cfi_sections	.debug_frame
  19              		.section	.text.CYMEMZERO,"ax",%progbits
  20              		.align	2
  21              		.code	16
  22              		.thumb_func
  23              		.type	CYMEMZERO, %function
  24              	CYMEMZERO:
  25              	.LFB0:
  26              		.file 1 "Generated_Source\\PSoC4\\cyfitter_cfg.c"
   1:Generated_Source\PSoC4/cyfitter_cfg.c **** 
   2:Generated_Source\PSoC4/cyfitter_cfg.c **** /*******************************************************************************
   3:Generated_Source\PSoC4/cyfitter_cfg.c **** * File Name: cyfitter_cfg.c
   4:Generated_Source\PSoC4/cyfitter_cfg.c **** * 
   5:Generated_Source\PSoC4/cyfitter_cfg.c **** * PSoC Creator  4.4
   6:Generated_Source\PSoC4/cyfitter_cfg.c **** *
   7:Generated_Source\PSoC4/cyfitter_cfg.c **** * Description:
   8:Generated_Source\PSoC4/cyfitter_cfg.c **** * This file contains device initialization code.
   9:Generated_Source\PSoC4/cyfitter_cfg.c **** * Except for the user defined sections in CyClockStartupError(), this file should not be modified.
  10:Generated_Source\PSoC4/cyfitter_cfg.c **** * This file is automatically generated by PSoC Creator.
  11:Generated_Source\PSoC4/cyfitter_cfg.c **** *
  12:Generated_Source\PSoC4/cyfitter_cfg.c **** ********************************************************************************
  13:Generated_Source\PSoC4/cyfitter_cfg.c **** * Copyright (c) 2007-2020 Cypress Semiconductor.  All rights reserved.
  14:Generated_Source\PSoC4/cyfitter_cfg.c **** * You may use this file only in accordance with the license, terms, conditions, 
  15:Generated_Source\PSoC4/cyfitter_cfg.c **** * disclaimers, and limitations in the end user license agreement accompanying 
  16:Generated_Source\PSoC4/cyfitter_cfg.c **** * the software package with which this file was provided.
  17:Generated_Source\PSoC4/cyfitter_cfg.c **** ********************************************************************************/
  18:Generated_Source\PSoC4/cyfitter_cfg.c **** 
  19:Generated_Source\PSoC4/cyfitter_cfg.c **** #include <string.h>
  20:Generated_Source\PSoC4/cyfitter_cfg.c **** #include "cytypes.h"
  21:Generated_Source\PSoC4/cyfitter_cfg.c **** #include "cydevice_trm.h"
  22:Generated_Source\PSoC4/cyfitter_cfg.c **** #include "cyfitter.h"
  23:Generated_Source\PSoC4/cyfitter_cfg.c **** #include "CyLib.h"
  24:Generated_Source\PSoC4/cyfitter_cfg.c **** #include "CyLFClk.h"
  25:Generated_Source\PSoC4/cyfitter_cfg.c **** #include "cyfitter_cfg.h"
  26:Generated_Source\PSoC4/cyfitter_cfg.c **** #include "cyapicallbacks.h"
  27:Generated_Source\PSoC4/cyfitter_cfg.c **** 
  28:Generated_Source\PSoC4/cyfitter_cfg.c **** 
  29:Generated_Source\PSoC4/cyfitter_cfg.c **** #if defined(__GNUC__) || defined(__ARMCC_VERSION)
  30:Generated_Source\PSoC4/cyfitter_cfg.c ****     #define CYPACKED 
  31:Generated_Source\PSoC4/cyfitter_cfg.c ****     #define CYPACKED_ATTR __attribute__ ((packed))
ARM GAS  C:\Users\NGUYEN~1\AppData\Local\Temp\cc3wd2jD.s 			page 2


  32:Generated_Source\PSoC4/cyfitter_cfg.c ****     #define CYALIGNED __attribute__ ((aligned))
  33:Generated_Source\PSoC4/cyfitter_cfg.c ****     #define CY_CFG_UNUSED __attribute__ ((unused))
  34:Generated_Source\PSoC4/cyfitter_cfg.c ****     #ifndef CY_CFG_SECTION
  35:Generated_Source\PSoC4/cyfitter_cfg.c ****         #define CY_CFG_SECTION __attribute__ ((section(".psocinit")))
  36:Generated_Source\PSoC4/cyfitter_cfg.c ****     #endif
  37:Generated_Source\PSoC4/cyfitter_cfg.c ****     
  38:Generated_Source\PSoC4/cyfitter_cfg.c ****     #if defined(__ARMCC_VERSION)
  39:Generated_Source\PSoC4/cyfitter_cfg.c ****         #define CY_CFG_MEMORY_BARRIER() __memory_changed()
  40:Generated_Source\PSoC4/cyfitter_cfg.c ****     #else
  41:Generated_Source\PSoC4/cyfitter_cfg.c ****         #define CY_CFG_MEMORY_BARRIER() __sync_synchronize()
  42:Generated_Source\PSoC4/cyfitter_cfg.c ****     #endif
  43:Generated_Source\PSoC4/cyfitter_cfg.c ****     
  44:Generated_Source\PSoC4/cyfitter_cfg.c **** #elif defined(__ICCARM__)
  45:Generated_Source\PSoC4/cyfitter_cfg.c ****     #include <intrinsics.h>
  46:Generated_Source\PSoC4/cyfitter_cfg.c **** 
  47:Generated_Source\PSoC4/cyfitter_cfg.c ****     #define CYPACKED __packed
  48:Generated_Source\PSoC4/cyfitter_cfg.c ****     #define CYPACKED_ATTR 
  49:Generated_Source\PSoC4/cyfitter_cfg.c ****     #define CYALIGNED _Pragma("data_alignment=4")
  50:Generated_Source\PSoC4/cyfitter_cfg.c ****     #define CY_CFG_UNUSED _Pragma("diag_suppress=Pe177")
  51:Generated_Source\PSoC4/cyfitter_cfg.c ****     #define CY_CFG_SECTION _Pragma("location=\".psocinit\"")
  52:Generated_Source\PSoC4/cyfitter_cfg.c ****     
  53:Generated_Source\PSoC4/cyfitter_cfg.c ****     #define CY_CFG_MEMORY_BARRIER() __DMB()
  54:Generated_Source\PSoC4/cyfitter_cfg.c ****     
  55:Generated_Source\PSoC4/cyfitter_cfg.c **** #else
  56:Generated_Source\PSoC4/cyfitter_cfg.c ****     #error Unsupported toolchain
  57:Generated_Source\PSoC4/cyfitter_cfg.c **** #endif
  58:Generated_Source\PSoC4/cyfitter_cfg.c **** 
  59:Generated_Source\PSoC4/cyfitter_cfg.c **** #ifndef CYCODE
  60:Generated_Source\PSoC4/cyfitter_cfg.c ****     #define CYCODE
  61:Generated_Source\PSoC4/cyfitter_cfg.c **** #endif
  62:Generated_Source\PSoC4/cyfitter_cfg.c **** #ifndef CYDATA
  63:Generated_Source\PSoC4/cyfitter_cfg.c ****     #define CYDATA
  64:Generated_Source\PSoC4/cyfitter_cfg.c **** #endif
  65:Generated_Source\PSoC4/cyfitter_cfg.c **** #ifndef CYFAR
  66:Generated_Source\PSoC4/cyfitter_cfg.c ****     #define CYFAR
  67:Generated_Source\PSoC4/cyfitter_cfg.c **** #endif
  68:Generated_Source\PSoC4/cyfitter_cfg.c **** #ifndef CYXDATA
  69:Generated_Source\PSoC4/cyfitter_cfg.c ****     #define CYXDATA
  70:Generated_Source\PSoC4/cyfitter_cfg.c **** #endif
  71:Generated_Source\PSoC4/cyfitter_cfg.c **** 
  72:Generated_Source\PSoC4/cyfitter_cfg.c **** 
  73:Generated_Source\PSoC4/cyfitter_cfg.c **** CY_CFG_UNUSED
  74:Generated_Source\PSoC4/cyfitter_cfg.c **** static void CYMEMZERO(void *s, size_t n);
  75:Generated_Source\PSoC4/cyfitter_cfg.c **** CY_CFG_UNUSED
  76:Generated_Source\PSoC4/cyfitter_cfg.c **** static void CYMEMZERO(void *s, size_t n)
  77:Generated_Source\PSoC4/cyfitter_cfg.c **** {
  27              		.loc 1 77 0
  28              		.cfi_startproc
  29              		@ args = 0, pretend = 0, frame = 0
  30              		@ frame_needed = 0, uses_anonymous_args = 0
  31              	.LVL0:
  32 0000 10B5     		push	{r4, lr}
  33              		.cfi_def_cfa_offset 8
  34              		.cfi_offset 4, -8
  35              		.cfi_offset 14, -4
  36 0002 0A00     		movs	r2, r1
  78:Generated_Source\PSoC4/cyfitter_cfg.c **** 	(void)memset(s, 0, n);
ARM GAS  C:\Users\NGUYEN~1\AppData\Local\Temp\cc3wd2jD.s 			page 3


  37              		.loc 1 78 0
  38 0004 0021     		movs	r1, #0
  39              	.LVL1:
  40 0006 FFF7FEFF 		bl	memset
  41              	.LVL2:
  79:Generated_Source\PSoC4/cyfitter_cfg.c **** }
  42              		.loc 1 79 0
  43              		@ sp needed
  44 000a 10BD     		pop	{r4, pc}
  45              		.cfi_endproc
  46              	.LFE0:
  47              		.size	CYMEMZERO, .-CYMEMZERO
  48              		.section	.psocinit,"ax",%progbits
  49              		.align	2
  50              		.code	16
  51              		.thumb_func
  52              		.type	ClockSetup, %function
  53              	ClockSetup:
  54              	.LFB3:
  80:Generated_Source\PSoC4/cyfitter_cfg.c **** CY_CFG_UNUSED
  81:Generated_Source\PSoC4/cyfitter_cfg.c **** static void CYCONFIGCPY(void *dest, const void *src, size_t n);
  82:Generated_Source\PSoC4/cyfitter_cfg.c **** CY_CFG_UNUSED
  83:Generated_Source\PSoC4/cyfitter_cfg.c **** static void CYCONFIGCPY(void *dest, const void *src, size_t n)
  84:Generated_Source\PSoC4/cyfitter_cfg.c **** {
  85:Generated_Source\PSoC4/cyfitter_cfg.c **** 	(void)memcpy(dest, src, n);
  86:Generated_Source\PSoC4/cyfitter_cfg.c **** }
  87:Generated_Source\PSoC4/cyfitter_cfg.c **** CY_CFG_UNUSED
  88:Generated_Source\PSoC4/cyfitter_cfg.c **** static void CYCONFIGCPYCODE(void *dest, const void *src, size_t n);
  89:Generated_Source\PSoC4/cyfitter_cfg.c **** CY_CFG_UNUSED
  90:Generated_Source\PSoC4/cyfitter_cfg.c **** static void CYCONFIGCPYCODE(void *dest, const void *src, size_t n)
  91:Generated_Source\PSoC4/cyfitter_cfg.c **** {
  92:Generated_Source\PSoC4/cyfitter_cfg.c **** 	(void)memcpy(dest, src, n);
  93:Generated_Source\PSoC4/cyfitter_cfg.c **** }
  94:Generated_Source\PSoC4/cyfitter_cfg.c **** 
  95:Generated_Source\PSoC4/cyfitter_cfg.c **** 
  96:Generated_Source\PSoC4/cyfitter_cfg.c **** 
  97:Generated_Source\PSoC4/cyfitter_cfg.c **** 
  98:Generated_Source\PSoC4/cyfitter_cfg.c **** /* Clock startup error codes                                                   */
  99:Generated_Source\PSoC4/cyfitter_cfg.c **** #define CYCLOCKSTART_NO_ERROR    0u
 100:Generated_Source\PSoC4/cyfitter_cfg.c **** #define CYCLOCKSTART_XTAL_ERROR  1u
 101:Generated_Source\PSoC4/cyfitter_cfg.c **** #define CYCLOCKSTART_32KHZ_ERROR 2u
 102:Generated_Source\PSoC4/cyfitter_cfg.c **** #define CYCLOCKSTART_PLL_ERROR   3u
 103:Generated_Source\PSoC4/cyfitter_cfg.c **** #define CYCLOCKSTART_FLL_ERROR   4u
 104:Generated_Source\PSoC4/cyfitter_cfg.c **** #define CYCLOCKSTART_WCO_ERROR   5u
 105:Generated_Source\PSoC4/cyfitter_cfg.c **** 
 106:Generated_Source\PSoC4/cyfitter_cfg.c **** 
 107:Generated_Source\PSoC4/cyfitter_cfg.c **** #ifdef CY_NEED_CYCLOCKSTARTUPERROR
 108:Generated_Source\PSoC4/cyfitter_cfg.c **** /*******************************************************************************
 109:Generated_Source\PSoC4/cyfitter_cfg.c **** * Function Name: CyClockStartupError
 110:Generated_Source\PSoC4/cyfitter_cfg.c **** ********************************************************************************
 111:Generated_Source\PSoC4/cyfitter_cfg.c **** * Summary:
 112:Generated_Source\PSoC4/cyfitter_cfg.c **** *  If an error is encountered during clock configuration (crystal startup error,
 113:Generated_Source\PSoC4/cyfitter_cfg.c **** *  PLL lock error, etc.), the system will end up here.  Unless reimplemented by
 114:Generated_Source\PSoC4/cyfitter_cfg.c **** *  the customer, this function will stop in an infinite loop.
 115:Generated_Source\PSoC4/cyfitter_cfg.c **** *
 116:Generated_Source\PSoC4/cyfitter_cfg.c **** * Parameters:
 117:Generated_Source\PSoC4/cyfitter_cfg.c **** *   void
ARM GAS  C:\Users\NGUYEN~1\AppData\Local\Temp\cc3wd2jD.s 			page 4


 118:Generated_Source\PSoC4/cyfitter_cfg.c **** *
 119:Generated_Source\PSoC4/cyfitter_cfg.c **** * Return:
 120:Generated_Source\PSoC4/cyfitter_cfg.c **** *   void
 121:Generated_Source\PSoC4/cyfitter_cfg.c **** *
 122:Generated_Source\PSoC4/cyfitter_cfg.c **** *******************************************************************************/
 123:Generated_Source\PSoC4/cyfitter_cfg.c **** CY_CFG_UNUSED
 124:Generated_Source\PSoC4/cyfitter_cfg.c **** static void CyClockStartupError(uint8 errorCode);
 125:Generated_Source\PSoC4/cyfitter_cfg.c **** CY_CFG_UNUSED
 126:Generated_Source\PSoC4/cyfitter_cfg.c **** static void CyClockStartupError(uint8 errorCode)
 127:Generated_Source\PSoC4/cyfitter_cfg.c **** {
 128:Generated_Source\PSoC4/cyfitter_cfg.c ****     /* To remove the compiler warning if errorCode not used.                */
 129:Generated_Source\PSoC4/cyfitter_cfg.c ****     errorCode = errorCode;
 130:Generated_Source\PSoC4/cyfitter_cfg.c **** 
 131:Generated_Source\PSoC4/cyfitter_cfg.c ****     /* If we have a clock startup error (bad MHz crystal, PLL lock, etc.),  */
 132:Generated_Source\PSoC4/cyfitter_cfg.c ****     /* we will end up here to allow the customer to implement something to  */
 133:Generated_Source\PSoC4/cyfitter_cfg.c ****     /* deal with the clock condition.                                       */
 134:Generated_Source\PSoC4/cyfitter_cfg.c **** 
 135:Generated_Source\PSoC4/cyfitter_cfg.c **** #ifdef CY_CFG_CLOCK_STARTUP_ERROR_CALLBACK
 136:Generated_Source\PSoC4/cyfitter_cfg.c ****     CY_CFG_Clock_Startup_ErrorCallback();
 137:Generated_Source\PSoC4/cyfitter_cfg.c **** #else
 138:Generated_Source\PSoC4/cyfitter_cfg.c ****     /*  If not using CY_CFG_CLOCK_STARTUP_ERROR_CALLBACK, place your clock startup code here. */
 139:Generated_Source\PSoC4/cyfitter_cfg.c ****     /* `#START CyClockStartupError` */
 140:Generated_Source\PSoC4/cyfitter_cfg.c **** 
 141:Generated_Source\PSoC4/cyfitter_cfg.c **** 
 142:Generated_Source\PSoC4/cyfitter_cfg.c **** 
 143:Generated_Source\PSoC4/cyfitter_cfg.c ****     /* `#END` */
 144:Generated_Source\PSoC4/cyfitter_cfg.c **** 
 145:Generated_Source\PSoC4/cyfitter_cfg.c ****     while(1) {}
 146:Generated_Source\PSoC4/cyfitter_cfg.c **** #endif /* CY_CFG_CLOCK_STARTUP_ERROR_CALLBACK */
 147:Generated_Source\PSoC4/cyfitter_cfg.c **** }
 148:Generated_Source\PSoC4/cyfitter_cfg.c **** #endif
 149:Generated_Source\PSoC4/cyfitter_cfg.c **** 
 150:Generated_Source\PSoC4/cyfitter_cfg.c **** 
 151:Generated_Source\PSoC4/cyfitter_cfg.c **** 
 152:Generated_Source\PSoC4/cyfitter_cfg.c **** /*******************************************************************************
 153:Generated_Source\PSoC4/cyfitter_cfg.c **** * Function Name: ClockSetup
 154:Generated_Source\PSoC4/cyfitter_cfg.c **** ********************************************************************************
 155:Generated_Source\PSoC4/cyfitter_cfg.c **** *
 156:Generated_Source\PSoC4/cyfitter_cfg.c **** * Summary:
 157:Generated_Source\PSoC4/cyfitter_cfg.c **** *   Performs the initialization of all of the clocks in the device based on the
 158:Generated_Source\PSoC4/cyfitter_cfg.c **** *   settings in the Clock tab of the DWR.  This includes enabling the requested
 159:Generated_Source\PSoC4/cyfitter_cfg.c **** *   clocks and setting the necessary dividers to produce the desired frequency. 
 160:Generated_Source\PSoC4/cyfitter_cfg.c **** *
 161:Generated_Source\PSoC4/cyfitter_cfg.c **** * Parameters:
 162:Generated_Source\PSoC4/cyfitter_cfg.c **** *   void
 163:Generated_Source\PSoC4/cyfitter_cfg.c **** *
 164:Generated_Source\PSoC4/cyfitter_cfg.c **** * Return:
 165:Generated_Source\PSoC4/cyfitter_cfg.c **** *   void
 166:Generated_Source\PSoC4/cyfitter_cfg.c **** *
 167:Generated_Source\PSoC4/cyfitter_cfg.c **** *******************************************************************************/
 168:Generated_Source\PSoC4/cyfitter_cfg.c **** static void ClockSetup(void);
 169:Generated_Source\PSoC4/cyfitter_cfg.c **** CY_CFG_SECTION
 170:Generated_Source\PSoC4/cyfitter_cfg.c **** static void ClockSetup(void)
 171:Generated_Source\PSoC4/cyfitter_cfg.c **** {
  55              		.loc 1 171 0
  56              		.cfi_startproc
  57              		@ args = 0, pretend = 0, frame = 0
ARM GAS  C:\Users\NGUYEN~1\AppData\Local\Temp\cc3wd2jD.s 			page 5


  58              		@ frame_needed = 0, uses_anonymous_args = 0
  59 0000 70B5     		push	{r4, r5, r6, lr}
  60              		.cfi_def_cfa_offset 16
  61              		.cfi_offset 4, -16
  62              		.cfi_offset 5, -12
  63              		.cfi_offset 6, -8
  64              		.cfi_offset 14, -4
 172:Generated_Source\PSoC4/cyfitter_cfg.c **** 	/* Enable HALF_EN before trimming for the flash accelerator. */
 173:Generated_Source\PSoC4/cyfitter_cfg.c **** 	CY_SET_REG32((void CYXDATA *)(CYREG_CLK_SELECT), (CY_GET_REG32((void *)CYREG_CLK_SELECT) | 0x00040
  65              		.loc 1 173 0
  66 0002 164C     		ldr	r4, .L3
  67 0004 2368     		ldr	r3, [r4]
  68 0006 8022     		movs	r2, #128
  69 0008 D202     		lsls	r2, r2, #11
  70 000a 1343     		orrs	r3, r2
  71 000c 2360     		str	r3, [r4]
 174:Generated_Source\PSoC4/cyfitter_cfg.c **** 
 175:Generated_Source\PSoC4/cyfitter_cfg.c **** 	/* Setup and trim IMO based on desired frequency. */
 176:Generated_Source\PSoC4/cyfitter_cfg.c **** 	CySysClkWriteImoFreq(24u);
  72              		.loc 1 176 0
  73 000e 1820     		movs	r0, #24
  74 0010 FFF7FEFF 		bl	CySysClkWriteImoFreq
  75              	.LVL3:
 177:Generated_Source\PSoC4/cyfitter_cfg.c **** 
 178:Generated_Source\PSoC4/cyfitter_cfg.c **** 	/* Disable HALF_EN since it is not required at this IMO frequency. */
 179:Generated_Source\PSoC4/cyfitter_cfg.c **** 	CY_SET_REG32((void CYXDATA *)(CYREG_CLK_SELECT), (CY_GET_REG32((void *)CYREG_CLK_SELECT) & 0xFFFBF
  76              		.loc 1 179 0
  77 0014 2268     		ldr	r2, [r4]
  78 0016 124B     		ldr	r3, .L3+4
  79 0018 1340     		ands	r3, r2
  80 001a 2360     		str	r3, [r4]
 180:Generated_Source\PSoC4/cyfitter_cfg.c **** 	/* CYDEV_CLK_ILO_CONFIG Starting address: CYDEV_CLK_ILO_CONFIG */
 181:Generated_Source\PSoC4/cyfitter_cfg.c **** 	CY_SET_REG32((void *)(CYREG_CLK_ILO_CONFIG), 0x80000006u);
  81              		.loc 1 181 0
  82 001c 114A     		ldr	r2, .L3+8
  83 001e 124B     		ldr	r3, .L3+12
  84 0020 1A60     		str	r2, [r3]
 182:Generated_Source\PSoC4/cyfitter_cfg.c **** 
 183:Generated_Source\PSoC4/cyfitter_cfg.c **** 
 184:Generated_Source\PSoC4/cyfitter_cfg.c **** 	/* CYDEV_CLK_SELECT00 Starting address: CYDEV_CLK_SELECT00 */
 185:Generated_Source\PSoC4/cyfitter_cfg.c **** 	CY_SET_REG32((void *)(CYREG_CLK_SELECT02), 0x00000020u);
  85              		.loc 1 185 0
  86 0022 2022     		movs	r2, #32
  87 0024 114B     		ldr	r3, .L3+16
  88 0026 1A60     		str	r2, [r3]
 186:Generated_Source\PSoC4/cyfitter_cfg.c **** 	CY_SET_REG32((void *)(CYREG_CLK_SELECT07), 0x00000010u);
  89              		.loc 1 186 0
  90 0028 103A     		subs	r2, r2, #16
  91 002a 114B     		ldr	r3, .L3+20
  92 002c 1A60     		str	r2, [r3]
 187:Generated_Source\PSoC4/cyfitter_cfg.c **** 
 188:Generated_Source\PSoC4/cyfitter_cfg.c **** 	/* CYDEV_CLK_IMO_CONFIG Starting address: CYDEV_CLK_IMO_CONFIG */
 189:Generated_Source\PSoC4/cyfitter_cfg.c **** 	CY_SET_REG32((void *)(CYREG_CLK_IMO_CONFIG), 0x82000000u);
  93              		.loc 1 189 0
  94 002e 8222     		movs	r2, #130
  95 0030 1206     		lsls	r2, r2, #24
  96 0032 104B     		ldr	r3, .L3+24
ARM GAS  C:\Users\NGUYEN~1\AppData\Local\Temp\cc3wd2jD.s 			page 6


  97 0034 1A60     		str	r2, [r3]
 190:Generated_Source\PSoC4/cyfitter_cfg.c **** 
 191:Generated_Source\PSoC4/cyfitter_cfg.c **** 	/* CYDEV_CLK_SELECT Starting address: CYDEV_CLK_SELECT */
 192:Generated_Source\PSoC4/cyfitter_cfg.c **** 	CY_SET_REG32((void *)(CYREG_CLK_SELECT), 0x00000000u);
  98              		.loc 1 192 0
  99 0036 0025     		movs	r5, #0
 100 0038 2560     		str	r5, [r4]
 193:Generated_Source\PSoC4/cyfitter_cfg.c **** 
 194:Generated_Source\PSoC4/cyfitter_cfg.c **** 	/* CYDEV_CLK_DIVIDER_A00 Starting address: CYDEV_CLK_DIVIDER_A00 */
 195:Generated_Source\PSoC4/cyfitter_cfg.c **** 	CY_SET_REG32((void *)(CYREG_CLK_DIVIDER_A00), 0x80000007u);
 101              		.loc 1 195 0
 102 003a 0F4A     		ldr	r2, .L3+28
 103 003c 0F4B     		ldr	r3, .L3+32
 104 003e 1A60     		str	r2, [r3]
 196:Generated_Source\PSoC4/cyfitter_cfg.c **** 
 197:Generated_Source\PSoC4/cyfitter_cfg.c **** 	/* CYDEV_CLK_DIVIDER_B00 Starting address: CYDEV_CLK_DIVIDER_B00 */
 198:Generated_Source\PSoC4/cyfitter_cfg.c **** 	CY_SET_REG32((void *)(CYREG_CLK_DIVIDER_B00), 0x80000010u);
 105              		.loc 1 198 0
 106 0040 0F4A     		ldr	r2, .L3+36
 107 0042 104B     		ldr	r3, .L3+40
 108 0044 1A60     		str	r2, [r3]
 199:Generated_Source\PSoC4/cyfitter_cfg.c **** 
 200:Generated_Source\PSoC4/cyfitter_cfg.c **** 	(void)CyIntSetVector(9u, &CySysWdtIsr);
 109              		.loc 1 200 0
 110 0046 1049     		ldr	r1, .L3+44
 111 0048 0920     		movs	r0, #9
 112 004a FFF7FEFF 		bl	CyIntSetVector
 113              	.LVL4:
 201:Generated_Source\PSoC4/cyfitter_cfg.c **** 	CyIntEnable(9u);
 114              		.loc 1 201 0
 115 004e 0920     		movs	r0, #9
 116 0050 FFF7FEFF 		bl	CyIntEnable
 117              	.LVL5:
 202:Generated_Source\PSoC4/cyfitter_cfg.c **** 	CY_SET_REG32((void *)(CYREG_WDT_CONFIG), 0x00000000u);
 118              		.loc 1 202 0
 119 0054 0D4B     		ldr	r3, .L3+48
 120 0056 1D60     		str	r5, [r3]
 203:Generated_Source\PSoC4/cyfitter_cfg.c **** }
 121              		.loc 1 203 0
 122              		@ sp needed
 123 0058 70BD     		pop	{r4, r5, r6, pc}
 124              	.L4:
 125 005a C046     		.align	2
 126              	.L3:
 127 005c 00010B40 		.word	1074462976
 128 0060 FFFFFBFF 		.word	-262145
 129 0064 06000080 		.word	-2147483642
 130 0068 04010B40 		.word	1074462980
 131 006c 08020240 		.word	1073873416
 132 0070 1C020240 		.word	1073873436
 133 0074 08010B40 		.word	1074462984
 134 0078 07000080 		.word	-2147483641
 135 007c 00000240 		.word	1073872896
 136 0080 10000080 		.word	-2147483632
 137 0084 40000240 		.word	1073872960
 138 0088 00000000 		.word	CySysWdtIsr
 139 008c 0C020B40 		.word	1074463244
ARM GAS  C:\Users\NGUYEN~1\AppData\Local\Temp\cc3wd2jD.s 			page 7


 140              		.cfi_endproc
 141              	.LFE3:
 142              		.size	ClockSetup, .-ClockSetup
 143              		.section	.text.SetAnalogRoutingPumps,"ax",%progbits
 144              		.align	2
 145              		.global	SetAnalogRoutingPumps
 146              		.code	16
 147              		.thumb_func
 148              		.type	SetAnalogRoutingPumps, %function
 149              	SetAnalogRoutingPumps:
 150              	.LFB5:
 204:Generated_Source\PSoC4/cyfitter_cfg.c **** 
 205:Generated_Source\PSoC4/cyfitter_cfg.c **** 
 206:Generated_Source\PSoC4/cyfitter_cfg.c **** /* Analog API Functions */
 207:Generated_Source\PSoC4/cyfitter_cfg.c **** 
 208:Generated_Source\PSoC4/cyfitter_cfg.c **** 
 209:Generated_Source\PSoC4/cyfitter_cfg.c **** /*******************************************************************************
 210:Generated_Source\PSoC4/cyfitter_cfg.c **** * Function Name: AnalogSetDefault
 211:Generated_Source\PSoC4/cyfitter_cfg.c **** ********************************************************************************
 212:Generated_Source\PSoC4/cyfitter_cfg.c **** *
 213:Generated_Source\PSoC4/cyfitter_cfg.c **** * Summary:
 214:Generated_Source\PSoC4/cyfitter_cfg.c **** *  Sets up the analog portions of the chip to default values based on chip
 215:Generated_Source\PSoC4/cyfitter_cfg.c **** *  configuration options from the project.
 216:Generated_Source\PSoC4/cyfitter_cfg.c **** *
 217:Generated_Source\PSoC4/cyfitter_cfg.c **** * Parameters:
 218:Generated_Source\PSoC4/cyfitter_cfg.c **** *  void
 219:Generated_Source\PSoC4/cyfitter_cfg.c **** *
 220:Generated_Source\PSoC4/cyfitter_cfg.c **** * Return:
 221:Generated_Source\PSoC4/cyfitter_cfg.c **** *  void
 222:Generated_Source\PSoC4/cyfitter_cfg.c **** *
 223:Generated_Source\PSoC4/cyfitter_cfg.c **** *******************************************************************************/
 224:Generated_Source\PSoC4/cyfitter_cfg.c **** static void AnalogSetDefault(void);
 225:Generated_Source\PSoC4/cyfitter_cfg.c **** static void AnalogSetDefault(void)
 226:Generated_Source\PSoC4/cyfitter_cfg.c **** {
 227:Generated_Source\PSoC4/cyfitter_cfg.c **** 	SetAnalogRoutingPumps(1);
 228:Generated_Source\PSoC4/cyfitter_cfg.c **** }
 229:Generated_Source\PSoC4/cyfitter_cfg.c **** 
 230:Generated_Source\PSoC4/cyfitter_cfg.c **** 
 231:Generated_Source\PSoC4/cyfitter_cfg.c **** /*******************************************************************************
 232:Generated_Source\PSoC4/cyfitter_cfg.c **** * Function Name: SetAnalogRoutingPumps
 233:Generated_Source\PSoC4/cyfitter_cfg.c **** ********************************************************************************
 234:Generated_Source\PSoC4/cyfitter_cfg.c **** *
 235:Generated_Source\PSoC4/cyfitter_cfg.c **** * Summary:
 236:Generated_Source\PSoC4/cyfitter_cfg.c **** * Enables or disables the analog pumps feeding analog routing switches.
 237:Generated_Source\PSoC4/cyfitter_cfg.c **** * Intended to be called at startup, based on the Vdda system configuration;
 238:Generated_Source\PSoC4/cyfitter_cfg.c **** * may be called during operation when the user informs us that the Vdda voltage crossed the pump th
 239:Generated_Source\PSoC4/cyfitter_cfg.c **** *
 240:Generated_Source\PSoC4/cyfitter_cfg.c **** * Parameters:
 241:Generated_Source\PSoC4/cyfitter_cfg.c **** *  enabled - 1 to enable the pumps, 0 to disable the pumps
 242:Generated_Source\PSoC4/cyfitter_cfg.c **** *
 243:Generated_Source\PSoC4/cyfitter_cfg.c **** * Return:
 244:Generated_Source\PSoC4/cyfitter_cfg.c **** *  void
 245:Generated_Source\PSoC4/cyfitter_cfg.c **** *
 246:Generated_Source\PSoC4/cyfitter_cfg.c **** *******************************************************************************/
 247:Generated_Source\PSoC4/cyfitter_cfg.c **** void SetAnalogRoutingPumps(uint8 enabled)
 248:Generated_Source\PSoC4/cyfitter_cfg.c **** {
 151              		.loc 1 248 0
ARM GAS  C:\Users\NGUYEN~1\AppData\Local\Temp\cc3wd2jD.s 			page 8


 152              		.cfi_startproc
 153              		@ args = 0, pretend = 0, frame = 0
 154              		@ frame_needed = 0, uses_anonymous_args = 0
 155              		@ link register save eliminated.
 156              	.LVL6:
 249:Generated_Source\PSoC4/cyfitter_cfg.c **** 	uint32 regValue = CY_GET_XTND_REG32((void *)(CYREG_SAR_PUMP_CTRL));
 157              		.loc 1 249 0
 158 0000 064B     		ldr	r3, .L8
 159 0002 1B68     		ldr	r3, [r3]
 160              	.LVL7:
 250:Generated_Source\PSoC4/cyfitter_cfg.c **** 	if (enabled != 0u)
 161              		.loc 1 250 0
 162 0004 0028     		cmp	r0, #0
 163 0006 03D0     		beq	.L6
 251:Generated_Source\PSoC4/cyfitter_cfg.c **** 	{
 252:Generated_Source\PSoC4/cyfitter_cfg.c **** 		regValue |= 0x80000000u;
 164              		.loc 1 252 0
 165 0008 8022     		movs	r2, #128
 166 000a 1206     		lsls	r2, r2, #24
 167 000c 1343     		orrs	r3, r2
 168              	.LVL8:
 169 000e 01E0     		b	.L7
 170              	.L6:
 253:Generated_Source\PSoC4/cyfitter_cfg.c **** 	}
 254:Generated_Source\PSoC4/cyfitter_cfg.c **** 	else
 255:Generated_Source\PSoC4/cyfitter_cfg.c **** 	{
 256:Generated_Source\PSoC4/cyfitter_cfg.c **** 		regValue &= ~0x80000000u;
 171              		.loc 1 256 0
 172 0010 5B00     		lsls	r3, r3, #1
 173              	.LVL9:
 174 0012 5B08     		lsrs	r3, r3, #1
 175              	.LVL10:
 176              	.L7:
 257:Generated_Source\PSoC4/cyfitter_cfg.c **** 	}
 258:Generated_Source\PSoC4/cyfitter_cfg.c **** 	CY_SET_XTND_REG32((void *)(CYREG_SAR_PUMP_CTRL), regValue);
 177              		.loc 1 258 0
 178 0014 014A     		ldr	r2, .L8
 179 0016 1360     		str	r3, [r2]
 259:Generated_Source\PSoC4/cyfitter_cfg.c **** }
 180              		.loc 1 259 0
 181              		@ sp needed
 182 0018 7047     		bx	lr
 183              	.L9:
 184 001a C046     		.align	2
 185              	.L8:
 186 001c 80031A40 		.word	1075446656
 187              		.cfi_endproc
 188              	.LFE5:
 189              		.size	SetAnalogRoutingPumps, .-SetAnalogRoutingPumps
 190              		.section	.text.AnalogSetDefault,"ax",%progbits
 191              		.align	2
 192              		.code	16
 193              		.thumb_func
 194              		.type	AnalogSetDefault, %function
 195              	AnalogSetDefault:
 196              	.LFB4:
 226:Generated_Source\PSoC4/cyfitter_cfg.c **** 	SetAnalogRoutingPumps(1);
ARM GAS  C:\Users\NGUYEN~1\AppData\Local\Temp\cc3wd2jD.s 			page 9


 197              		.loc 1 226 0
 198              		.cfi_startproc
 199              		@ args = 0, pretend = 0, frame = 0
 200              		@ frame_needed = 0, uses_anonymous_args = 0
 201 0000 10B5     		push	{r4, lr}
 202              		.cfi_def_cfa_offset 8
 203              		.cfi_offset 4, -8
 204              		.cfi_offset 14, -4
 227:Generated_Source\PSoC4/cyfitter_cfg.c **** }
 205              		.loc 1 227 0
 206 0002 0120     		movs	r0, #1
 207 0004 FFF7FEFF 		bl	SetAnalogRoutingPumps
 208              	.LVL11:
 228:Generated_Source\PSoC4/cyfitter_cfg.c **** 
 209              		.loc 1 228 0
 210              		@ sp needed
 211 0008 10BD     		pop	{r4, pc}
 212              		.cfi_endproc
 213              	.LFE4:
 214              		.size	AnalogSetDefault, .-AnalogSetDefault
 215              		.section	.psocinit
 216              		.align	2
 217              		.global	cyfitter_cfg
 218              		.code	16
 219              		.thumb_func
 220              		.type	cyfitter_cfg, %function
 221              	cyfitter_cfg:
 222              	.LFB6:
 260:Generated_Source\PSoC4/cyfitter_cfg.c **** 
 261:Generated_Source\PSoC4/cyfitter_cfg.c **** 
 262:Generated_Source\PSoC4/cyfitter_cfg.c **** 
 263:Generated_Source\PSoC4/cyfitter_cfg.c **** 
 264:Generated_Source\PSoC4/cyfitter_cfg.c **** /*******************************************************************************
 265:Generated_Source\PSoC4/cyfitter_cfg.c **** * Function Name: cyfitter_cfg
 266:Generated_Source\PSoC4/cyfitter_cfg.c **** ********************************************************************************
 267:Generated_Source\PSoC4/cyfitter_cfg.c **** * Summary:
 268:Generated_Source\PSoC4/cyfitter_cfg.c **** *  This function is called by the start-up code for the selected device. It
 269:Generated_Source\PSoC4/cyfitter_cfg.c **** *  performs all of the necessary device configuration based on the design
 270:Generated_Source\PSoC4/cyfitter_cfg.c **** *  settings.  This includes settings from the Design Wide Resources (DWR) such
 271:Generated_Source\PSoC4/cyfitter_cfg.c **** *  as Clocks and Pins as well as any component configuration that is necessary.
 272:Generated_Source\PSoC4/cyfitter_cfg.c **** *
 273:Generated_Source\PSoC4/cyfitter_cfg.c **** * Parameters:
 274:Generated_Source\PSoC4/cyfitter_cfg.c **** *   void
 275:Generated_Source\PSoC4/cyfitter_cfg.c **** *
 276:Generated_Source\PSoC4/cyfitter_cfg.c **** * Return:
 277:Generated_Source\PSoC4/cyfitter_cfg.c **** *   void
 278:Generated_Source\PSoC4/cyfitter_cfg.c **** *
 279:Generated_Source\PSoC4/cyfitter_cfg.c **** *******************************************************************************/
 280:Generated_Source\PSoC4/cyfitter_cfg.c **** CY_CFG_SECTION
 281:Generated_Source\PSoC4/cyfitter_cfg.c **** void cyfitter_cfg(void)
 282:Generated_Source\PSoC4/cyfitter_cfg.c **** {
 223              		.loc 1 282 0
 224              		.cfi_startproc
 225              		@ args = 0, pretend = 0, frame = 0
 226              		@ frame_needed = 0, uses_anonymous_args = 0
 227 0090 10B5     		push	{r4, lr}
 228              		.cfi_def_cfa_offset 8
ARM GAS  C:\Users\NGUYEN~1\AppData\Local\Temp\cc3wd2jD.s 			page 10


 229              		.cfi_offset 4, -8
 230              		.cfi_offset 14, -4
 283:Generated_Source\PSoC4/cyfitter_cfg.c **** 	/* Disable interrupts by default. Let user enable if/when they want. */
 284:Generated_Source\PSoC4/cyfitter_cfg.c **** 	CyGlobalIntDisable;
 231              		.loc 1 284 0
 232              		.syntax divided
 233              	@ 284 "Generated_Source\PSoC4\cyfitter_cfg.c" 1
 234 0092 72B6     		CPSID   i
 235              	@ 0 "" 2
 236              	.LVL12:
 237              		.thumb
 238              		.syntax unified
 239              	.LBB2:
 285:Generated_Source\PSoC4/cyfitter_cfg.c **** 
 286:Generated_Source\PSoC4/cyfitter_cfg.c **** 	{
 287:Generated_Source\PSoC4/cyfitter_cfg.c **** 
 288:Generated_Source\PSoC4/cyfitter_cfg.c **** 		CYPACKED typedef struct {
 289:Generated_Source\PSoC4/cyfitter_cfg.c **** 			void CYFAR *address;
 290:Generated_Source\PSoC4/cyfitter_cfg.c **** 			uint16 size;
 291:Generated_Source\PSoC4/cyfitter_cfg.c **** 		} CYPACKED_ATTR cfg_memset_t;
 292:Generated_Source\PSoC4/cyfitter_cfg.c **** 
 293:Generated_Source\PSoC4/cyfitter_cfg.c **** 		static const cfg_memset_t CYCODE cfg_memset_list[] = {
 294:Generated_Source\PSoC4/cyfitter_cfg.c **** 			/* address, size */
 295:Generated_Source\PSoC4/cyfitter_cfg.c **** 			{(void CYFAR *)(CYDEV_UDB_P0_U0_BASE), 1024u},
 296:Generated_Source\PSoC4/cyfitter_cfg.c **** 			{(void CYFAR *)(CYDEV_UDB_DSI0_BASE), 1024u},
 297:Generated_Source\PSoC4/cyfitter_cfg.c **** 		};
 298:Generated_Source\PSoC4/cyfitter_cfg.c **** 
 299:Generated_Source\PSoC4/cyfitter_cfg.c **** 		uint8 CYDATA i;
 300:Generated_Source\PSoC4/cyfitter_cfg.c **** 
 301:Generated_Source\PSoC4/cyfitter_cfg.c **** 		/* Zero out critical memory blocks before beginning configuration */
 302:Generated_Source\PSoC4/cyfitter_cfg.c **** 		for (i = 0u; i < (sizeof(cfg_memset_list)/sizeof(cfg_memset_list[0])); i++)
 240              		.loc 1 302 0
 241 0094 0024     		movs	r4, #0
 242 0096 0FE0     		b	.L12
 243              	.LVL13:
 244              	.L13:
 245              	.LBB3:
 303:Generated_Source\PSoC4/cyfitter_cfg.c **** 		{
 304:Generated_Source\PSoC4/cyfitter_cfg.c **** 			const cfg_memset_t CYCODE * CYDATA ms = &cfg_memset_list[i];
 305:Generated_Source\PSoC4/cyfitter_cfg.c **** 			CYMEMZERO(ms->address, (size_t)(uint32)(ms->size));
 246              		.loc 1 305 0 discriminator 3
 247 0098 1C48     		ldr	r0, .L14
 248 009a 6200     		lsls	r2, r4, #1
 249 009c 1319     		adds	r3, r2, r4
 250 009e 5900     		lsls	r1, r3, #1
 251 00a0 0B00     		movs	r3, r1
 252 00a2 4118     		adds	r1, r0, r1
 253 00a4 8988     		ldrh	r1, [r1, #4]
 254 00a6 1A5A     		ldrh	r2, [r3, r0]
 255 00a8 C318     		adds	r3, r0, r3
 256 00aa 5888     		ldrh	r0, [r3, #2]
 257 00ac 0004     		lsls	r0, r0, #16
 258 00ae 1043     		orrs	r0, r2
 259 00b0 FFF7FEFF 		bl	CYMEMZERO
 260              	.LVL14:
 261              	.LBE3:
 302:Generated_Source\PSoC4/cyfitter_cfg.c **** 		{
ARM GAS  C:\Users\NGUYEN~1\AppData\Local\Temp\cc3wd2jD.s 			page 11


 262              		.loc 1 302 0 discriminator 3
 263 00b4 0134     		adds	r4, r4, #1
 264              	.LVL15:
 265 00b6 E4B2     		uxtb	r4, r4
 266              	.LVL16:
 267              	.L12:
 302:Generated_Source\PSoC4/cyfitter_cfg.c **** 		{
 268              		.loc 1 302 0 is_stmt 0 discriminator 1
 269 00b8 012C     		cmp	r4, #1
 270 00ba EDD9     		bls	.L13
 306:Generated_Source\PSoC4/cyfitter_cfg.c **** 		}
 307:Generated_Source\PSoC4/cyfitter_cfg.c **** 
 308:Generated_Source\PSoC4/cyfitter_cfg.c **** 		/* HSIOM Starting address: CYDEV_HSIOM_BASE */
 309:Generated_Source\PSoC4/cyfitter_cfg.c **** 		CY_SET_REG32((void *)(CYREG_HSIOM_PORT_SEL3), 0x0000EE00u);
 271              		.loc 1 309 0 is_stmt 1
 272 00bc EE22     		movs	r2, #238
 273 00be 1202     		lsls	r2, r2, #8
 274 00c0 134B     		ldr	r3, .L14+4
 275 00c2 1A60     		str	r2, [r3]
 310:Generated_Source\PSoC4/cyfitter_cfg.c **** 		CY_SET_REG32((void *)(CYREG_HSIOM_PORT_SEL4), 0x00000099u);
 276              		.loc 1 310 0
 277 00c4 9922     		movs	r2, #153
 278 00c6 134B     		ldr	r3, .L14+8
 279 00c8 1A60     		str	r2, [r3]
 311:Generated_Source\PSoC4/cyfitter_cfg.c **** 
 312:Generated_Source\PSoC4/cyfitter_cfg.c **** 		/* UDB_PA_1 Starting address: CYDEV_UDB_PA1_BASE */
 313:Generated_Source\PSoC4/cyfitter_cfg.c **** 		CY_SET_REG32((void *)(CYDEV_UDB_PA1_BASE), 0x00990000u);
 280              		.loc 1 313 0
 281 00ca 9923     		movs	r3, #153
 282 00cc 1B04     		lsls	r3, r3, #16
 283 00ce 124A     		ldr	r2, .L14+12
 284 00d0 1360     		str	r3, [r2]
 314:Generated_Source\PSoC4/cyfitter_cfg.c **** 
 315:Generated_Source\PSoC4/cyfitter_cfg.c **** 		/* UDB_PA_3 Starting address: CYDEV_UDB_PA3_BASE */
 316:Generated_Source\PSoC4/cyfitter_cfg.c **** 		CY_SET_REG32((void *)(CYDEV_UDB_PA3_BASE), 0x00990000u);
 285              		.loc 1 316 0
 286 00d2 124A     		ldr	r2, .L14+16
 287 00d4 1360     		str	r3, [r2]
 317:Generated_Source\PSoC4/cyfitter_cfg.c **** 
 318:Generated_Source\PSoC4/cyfitter_cfg.c **** 		/* Enable digital routing */
 319:Generated_Source\PSoC4/cyfitter_cfg.c **** 		CY_SET_XTND_REG8((void *)CYREG_UDB_UDBIF_BANK_CTL, (uint8)(CY_GET_XTND_REG8((void *)CYREG_UDB_UDB
 288              		.loc 1 319 0
 289 00d6 124A     		ldr	r2, .L14+20
 290 00d8 1178     		ldrb	r1, [r2]
 291 00da 0623     		movs	r3, #6
 292 00dc 0B43     		orrs	r3, r1
 293 00de DBB2     		uxtb	r3, r3
 294 00e0 1370     		strb	r3, [r2]
 295              	.LBE2:
 320:Generated_Source\PSoC4/cyfitter_cfg.c **** 	}
 321:Generated_Source\PSoC4/cyfitter_cfg.c **** 
 322:Generated_Source\PSoC4/cyfitter_cfg.c **** 	/* Perform second pass device configuration. These items must be configured in specific order afte
 323:Generated_Source\PSoC4/cyfitter_cfg.c **** 	/* IOPINS0_1 Starting address: CYDEV_PRT1_BASE */
 324:Generated_Source\PSoC4/cyfitter_cfg.c **** 	CY_SET_REG32((void *)(CYREG_PRT1_PC2), 0x00000080u);
 296              		.loc 1 324 0
 297 00e2 8022     		movs	r2, #128
 298 00e4 0F4B     		ldr	r3, .L14+24
ARM GAS  C:\Users\NGUYEN~1\AppData\Local\Temp\cc3wd2jD.s 			page 12


 299 00e6 1A60     		str	r2, [r3]
 325:Generated_Source\PSoC4/cyfitter_cfg.c **** 
 326:Generated_Source\PSoC4/cyfitter_cfg.c **** 	/* IOPINS0_3 Starting address: CYDEV_PRT3_BASE */
 327:Generated_Source\PSoC4/cyfitter_cfg.c **** 	CY_SET_REG32((void *)(CYREG_PRT3_PC), 0x00000D80u);
 300              		.loc 1 327 0
 301 00e8 D822     		movs	r2, #216
 302 00ea 1201     		lsls	r2, r2, #4
 303 00ec 0E4B     		ldr	r3, .L14+28
 304 00ee 1A60     		str	r2, [r3]
 328:Generated_Source\PSoC4/cyfitter_cfg.c **** 
 329:Generated_Source\PSoC4/cyfitter_cfg.c **** 	/* IOPINS0_4 Starting address: CYDEV_PRT4_BASE */
 330:Generated_Source\PSoC4/cyfitter_cfg.c **** 	CY_SET_REG32((void *)(CYDEV_PRT4_BASE), 0x00000002u);
 305              		.loc 1 330 0
 306 00f0 0223     		movs	r3, #2
 307 00f2 0E4A     		ldr	r2, .L14+32
 308 00f4 1360     		str	r3, [r2]
 331:Generated_Source\PSoC4/cyfitter_cfg.c **** 	CY_SET_REG32((void *)(CYREG_PRT4_PC), 0x00000031u);
 309              		.loc 1 331 0
 310 00f6 3121     		movs	r1, #49
 311 00f8 0D4A     		ldr	r2, .L14+36
 312 00fa 1160     		str	r1, [r2]
 332:Generated_Source\PSoC4/cyfitter_cfg.c **** 	CY_SET_REG32((void *)(CYREG_PRT4_PC2), 0x00000002u);
 313              		.loc 1 332 0
 314 00fc 0D4A     		ldr	r2, .L14+40
 315 00fe 1360     		str	r3, [r2]
 333:Generated_Source\PSoC4/cyfitter_cfg.c **** 
 334:Generated_Source\PSoC4/cyfitter_cfg.c **** 
 335:Generated_Source\PSoC4/cyfitter_cfg.c **** 	/* Setup clocks based on selections from Clock DWR */
 336:Generated_Source\PSoC4/cyfitter_cfg.c **** 	ClockSetup();
 316              		.loc 1 336 0
 317 0100 FFF77EFF 		bl	ClockSetup
 318              	.LVL17:
 337:Generated_Source\PSoC4/cyfitter_cfg.c **** 
 338:Generated_Source\PSoC4/cyfitter_cfg.c **** 	/* Perform basic analog initialization to defaults */
 339:Generated_Source\PSoC4/cyfitter_cfg.c **** 	AnalogSetDefault();
 319              		.loc 1 339 0
 320 0104 FFF7FEFF 		bl	AnalogSetDefault
 321              	.LVL18:
 340:Generated_Source\PSoC4/cyfitter_cfg.c **** 
 341:Generated_Source\PSoC4/cyfitter_cfg.c **** }
 322              		.loc 1 341 0
 323              		@ sp needed
 324              	.LVL19:
 325 0108 10BD     		pop	{r4, pc}
 326              	.L15:
 327 010a C046     		.align	2
 328              	.L14:
 329 010c 00000000 		.word	.LANCHOR0
 330 0110 0C000140 		.word	1073807372
 331 0114 10000140 		.word	1073807376
 332 0118 10500F40 		.word	1074745360
 333 011c 30500F40 		.word	1074745392
 334 0120 00700F40 		.word	1074753536
 335 0124 18010440 		.word	1074004248
 336 0128 08030440 		.word	1074004744
 337 012c 00040440 		.word	1074004992
 338 0130 08040440 		.word	1074005000
ARM GAS  C:\Users\NGUYEN~1\AppData\Local\Temp\cc3wd2jD.s 			page 13


 339 0134 18040440 		.word	1074005016
 340              		.cfi_endproc
 341              	.LFE6:
 342              		.size	cyfitter_cfg, .-cyfitter_cfg
 343              		.section	.rodata
 344              		.align	2
 345              		.set	.LANCHOR0,. + 0
 346              		.type	cfg_memset_list.4853, %object
 347              		.size	cfg_memset_list.4853, 12
 348              	cfg_memset_list.4853:
 349 0000 00300F40 		.word	1074737152
 350 0004 0004     		.short	1024
 351 0006 00400F40 		.4byte	1074741248
 352 000a 0004     		.short	1024
 353              		.text
 354              	.Letext0:
 355              		.file 2 "c:\\program files (x86)\\cypress\\psoc creator\\4.4\\psoc creator\\import\\gnu\\arm\\5.4.
 356              		.file 3 "Generated_Source\\PSoC4\\cytypes.h"
 357              		.file 4 "Generated_Source\\PSoC4\\CyLib.h"
 358              		.section	.debug_info,"",%progbits
 359              	.Ldebug_info0:
 360 0000 DA020000 		.4byte	0x2da
 361 0004 0400     		.2byte	0x4
 362 0006 00000000 		.4byte	.Ldebug_abbrev0
 363 000a 04       		.byte	0x4
 364 000b 01       		.uleb128 0x1
 365 000c 12010000 		.4byte	.LASF34
 366 0010 0C       		.byte	0xc
 367 0011 3B020000 		.4byte	.LASF35
 368 0015 F0010000 		.4byte	.LASF36
 369 0019 00000000 		.4byte	.Ldebug_ranges0+0
 370 001d 00000000 		.4byte	0
 371 0021 00000000 		.4byte	.Ldebug_line0
 372 0025 02       		.uleb128 0x2
 373 0026 04       		.byte	0x4
 374 0027 05       		.byte	0x5
 375 0028 696E7400 		.ascii	"int\000"
 376 002c 03       		.uleb128 0x3
 377 002d 06000000 		.4byte	.LASF12
 378 0031 02       		.byte	0x2
 379 0032 D8       		.byte	0xd8
 380 0033 37000000 		.4byte	0x37
 381 0037 04       		.uleb128 0x4
 382 0038 04       		.byte	0x4
 383 0039 07       		.byte	0x7
 384 003a D9000000 		.4byte	.LASF0
 385 003e 04       		.uleb128 0x4
 386 003f 08       		.byte	0x8
 387 0040 05       		.byte	0x5
 388 0041 B6010000 		.4byte	.LASF1
 389 0045 04       		.uleb128 0x4
 390 0046 08       		.byte	0x8
 391 0047 04       		.byte	0x4
 392 0048 23020000 		.4byte	.LASF2
 393 004c 04       		.uleb128 0x4
 394 004d 01       		.byte	0x1
 395 004e 06       		.byte	0x6
ARM GAS  C:\Users\NGUYEN~1\AppData\Local\Temp\cc3wd2jD.s 			page 14


 396 004f 2F020000 		.4byte	.LASF3
 397 0053 04       		.uleb128 0x4
 398 0054 01       		.byte	0x1
 399 0055 08       		.byte	0x8
 400 0056 A3000000 		.4byte	.LASF4
 401 005a 04       		.uleb128 0x4
 402 005b 02       		.byte	0x2
 403 005c 05       		.byte	0x5
 404 005d D1010000 		.4byte	.LASF5
 405 0061 04       		.uleb128 0x4
 406 0062 02       		.byte	0x2
 407 0063 07       		.byte	0x7
 408 0064 48000000 		.4byte	.LASF6
 409 0068 04       		.uleb128 0x4
 410 0069 04       		.byte	0x4
 411 006a 05       		.byte	0x5
 412 006b 1A020000 		.4byte	.LASF7
 413 006f 04       		.uleb128 0x4
 414 0070 04       		.byte	0x4
 415 0071 07       		.byte	0x7
 416 0072 6B000000 		.4byte	.LASF8
 417 0076 04       		.uleb128 0x4
 418 0077 08       		.byte	0x8
 419 0078 07       		.byte	0x7
 420 0079 FB000000 		.4byte	.LASF9
 421 007d 04       		.uleb128 0x4
 422 007e 04       		.byte	0x4
 423 007f 07       		.byte	0x7
 424 0080 AD010000 		.4byte	.LASF10
 425 0084 05       		.uleb128 0x5
 426 0085 04       		.byte	0x4
 427 0086 04       		.uleb128 0x4
 428 0087 01       		.byte	0x1
 429 0088 08       		.byte	0x8
 430 0089 C4010000 		.4byte	.LASF11
 431 008d 06       		.uleb128 0x6
 432 008e 7D000000 		.4byte	.LASF13
 433 0092 03       		.byte	0x3
 434 0093 FB01     		.2byte	0x1fb
 435 0095 53000000 		.4byte	0x53
 436 0099 06       		.uleb128 0x6
 437 009a CB000000 		.4byte	.LASF14
 438 009e 03       		.byte	0x3
 439 009f FC01     		.2byte	0x1fc
 440 00a1 61000000 		.4byte	0x61
 441 00a5 06       		.uleb128 0x6
 442 00a6 D2000000 		.4byte	.LASF15
 443 00aa 03       		.byte	0x3
 444 00ab FD01     		.2byte	0x1fd
 445 00ad 6F000000 		.4byte	0x6f
 446 00b1 04       		.uleb128 0x4
 447 00b2 04       		.byte	0x4
 448 00b3 04       		.byte	0x4
 449 00b4 5B000000 		.4byte	.LASF16
 450 00b8 04       		.uleb128 0x4
 451 00b9 08       		.byte	0x8
 452 00ba 04       		.byte	0x4
ARM GAS  C:\Users\NGUYEN~1\AppData\Local\Temp\cc3wd2jD.s 			page 15


 453 00bb B8000000 		.4byte	.LASF17
 454 00bf 06       		.uleb128 0x6
 455 00c0 66000000 		.4byte	.LASF18
 456 00c4 03       		.byte	0x3
 457 00c5 A502     		.2byte	0x2a5
 458 00c7 CB000000 		.4byte	0xcb
 459 00cb 07       		.uleb128 0x7
 460 00cc 8D000000 		.4byte	0x8d
 461 00d0 06       		.uleb128 0x6
 462 00d1 00000000 		.4byte	.LASF19
 463 00d5 03       		.byte	0x3
 464 00d6 A702     		.2byte	0x2a7
 465 00d8 DC000000 		.4byte	0xdc
 466 00dc 07       		.uleb128 0x7
 467 00dd A5000000 		.4byte	0xa5
 468 00e1 08       		.uleb128 0x8
 469 00e2 83000000 		.4byte	.LASF20
 470 00e6 01       		.byte	0x1
 471 00e7 4C       		.byte	0x4c
 472 00e8 00000000 		.4byte	.LFB0
 473 00ec 0C000000 		.4byte	.LFE0-.LFB0
 474 00f0 01       		.uleb128 0x1
 475 00f1 9C       		.byte	0x9c
 476 00f2 2E010000 		.4byte	0x12e
 477 00f6 09       		.uleb128 0x9
 478 00f7 7300     		.ascii	"s\000"
 479 00f9 01       		.byte	0x1
 480 00fa 4C       		.byte	0x4c
 481 00fb 84000000 		.4byte	0x84
 482 00ff 00000000 		.4byte	.LLST0
 483 0103 09       		.uleb128 0x9
 484 0104 6E00     		.ascii	"n\000"
 485 0106 01       		.byte	0x1
 486 0107 4C       		.byte	0x4c
 487 0108 2C000000 		.4byte	0x2c
 488 010c 21000000 		.4byte	.LLST1
 489 0110 0A       		.uleb128 0xa
 490 0111 0A000000 		.4byte	.LVL2
 491 0115 B3020000 		.4byte	0x2b3
 492 0119 0B       		.uleb128 0xb
 493 011a 01       		.uleb128 0x1
 494 011b 50       		.byte	0x50
 495 011c 03       		.uleb128 0x3
 496 011d F3       		.byte	0xf3
 497 011e 01       		.uleb128 0x1
 498 011f 50       		.byte	0x50
 499 0120 0B       		.uleb128 0xb
 500 0121 01       		.uleb128 0x1
 501 0122 51       		.byte	0x51
 502 0123 01       		.uleb128 0x1
 503 0124 30       		.byte	0x30
 504 0125 0B       		.uleb128 0xb
 505 0126 01       		.uleb128 0x1
 506 0127 52       		.byte	0x52
 507 0128 03       		.uleb128 0x3
 508 0129 F3       		.byte	0xf3
 509 012a 01       		.uleb128 0x1
ARM GAS  C:\Users\NGUYEN~1\AppData\Local\Temp\cc3wd2jD.s 			page 16


 510 012b 51       		.byte	0x51
 511 012c 00       		.byte	0
 512 012d 00       		.byte	0
 513 012e 08       		.uleb128 0x8
 514 012f 3D000000 		.4byte	.LASF21
 515 0133 01       		.byte	0x1
 516 0134 AA       		.byte	0xaa
 517 0135 00000000 		.4byte	.LFB3
 518 0139 90000000 		.4byte	.LFE3-.LFB3
 519 013d 01       		.uleb128 0x1
 520 013e 9C       		.byte	0x9c
 521 013f 79010000 		.4byte	0x179
 522 0143 0C       		.uleb128 0xc
 523 0144 14000000 		.4byte	.LVL3
 524 0148 BC020000 		.4byte	0x2bc
 525 014c 56010000 		.4byte	0x156
 526 0150 0B       		.uleb128 0xb
 527 0151 01       		.uleb128 0x1
 528 0152 50       		.byte	0x50
 529 0153 01       		.uleb128 0x1
 530 0154 48       		.byte	0x48
 531 0155 00       		.byte	0
 532 0156 0C       		.uleb128 0xc
 533 0157 4E000000 		.4byte	.LVL4
 534 015b C7020000 		.4byte	0x2c7
 535 015f 69010000 		.4byte	0x169
 536 0163 0B       		.uleb128 0xb
 537 0164 01       		.uleb128 0x1
 538 0165 50       		.byte	0x50
 539 0166 01       		.uleb128 0x1
 540 0167 39       		.byte	0x39
 541 0168 00       		.byte	0
 542 0169 0A       		.uleb128 0xa
 543 016a 54000000 		.4byte	.LVL5
 544 016e D2020000 		.4byte	0x2d2
 545 0172 0B       		.uleb128 0xb
 546 0173 01       		.uleb128 0x1
 547 0174 50       		.byte	0x50
 548 0175 01       		.uleb128 0x1
 549 0176 39       		.byte	0x39
 550 0177 00       		.byte	0
 551 0178 00       		.byte	0
 552 0179 0D       		.uleb128 0xd
 553 017a 8D000000 		.4byte	.LASF24
 554 017e 01       		.byte	0x1
 555 017f F7       		.byte	0xf7
 556 0180 00000000 		.4byte	.LFB5
 557 0184 20000000 		.4byte	.LFE5-.LFB5
 558 0188 01       		.uleb128 0x1
 559 0189 9C       		.byte	0x9c
 560 018a AB010000 		.4byte	0x1ab
 561 018e 0E       		.uleb128 0xe
 562 018f C9010000 		.4byte	.LASF22
 563 0193 01       		.byte	0x1
 564 0194 F7       		.byte	0xf7
 565 0195 8D000000 		.4byte	0x8d
 566 0199 01       		.uleb128 0x1
ARM GAS  C:\Users\NGUYEN~1\AppData\Local\Temp\cc3wd2jD.s 			page 17


 567 019a 50       		.byte	0x50
 568 019b 0F       		.uleb128 0xf
 569 019c 61020000 		.4byte	.LASF29
 570 01a0 01       		.byte	0x1
 571 01a1 F9       		.byte	0xf9
 572 01a2 A5000000 		.4byte	0xa5
 573 01a6 4D000000 		.4byte	.LLST2
 574 01aa 00       		.byte	0
 575 01ab 08       		.uleb128 0x8
 576 01ac 0D000000 		.4byte	.LASF23
 577 01b0 01       		.byte	0x1
 578 01b1 E1       		.byte	0xe1
 579 01b2 00000000 		.4byte	.LFB4
 580 01b6 0A000000 		.4byte	.LFE4-.LFB4
 581 01ba 01       		.uleb128 0x1
 582 01bb 9C       		.byte	0x9c
 583 01bc D0010000 		.4byte	0x1d0
 584 01c0 0A       		.uleb128 0xa
 585 01c1 08000000 		.4byte	.LVL11
 586 01c5 79010000 		.4byte	0x179
 587 01c9 0B       		.uleb128 0xb
 588 01ca 01       		.uleb128 0x1
 589 01cb 50       		.byte	0x50
 590 01cc 01       		.uleb128 0x1
 591 01cd 31       		.byte	0x31
 592 01ce 00       		.byte	0
 593 01cf 00       		.byte	0
 594 01d0 10       		.uleb128 0x10
 595 01d1 E6000000 		.4byte	.LASF25
 596 01d5 01       		.byte	0x1
 597 01d6 1901     		.2byte	0x119
 598 01d8 90000000 		.4byte	.LFB6
 599 01dc A8000000 		.4byte	.LFE6-.LFB6
 600 01e0 01       		.uleb128 0x1
 601 01e1 9C       		.byte	0x9c
 602 01e2 B3020000 		.4byte	0x2b3
 603 01e6 11       		.uleb128 0x11
 604 01e7 94000000 		.4byte	.LBB2
 605 01eb 4E000000 		.4byte	.LBE2-.LBB2
 606 01ef A0020000 		.4byte	0x2a0
 607 01f3 12       		.uleb128 0x12
 608 01f4 06       		.byte	0x6
 609 01f5 01       		.byte	0x1
 610 01f6 2001     		.2byte	0x120
 611 01f8 17020000 		.4byte	0x217
 612 01fc 13       		.uleb128 0x13
 613 01fd F3000000 		.4byte	.LASF26
 614 0201 01       		.byte	0x1
 615 0202 2101     		.2byte	0x121
 616 0204 84000000 		.4byte	0x84
 617 0208 00       		.byte	0
 618 0209 13       		.uleb128 0x13
 619 020a 61000000 		.4byte	.LASF27
 620 020e 01       		.byte	0x1
 621 020f 2201     		.2byte	0x122
 622 0211 99000000 		.4byte	0x99
 623 0215 04       		.byte	0x4
ARM GAS  C:\Users\NGUYEN~1\AppData\Local\Temp\cc3wd2jD.s 			page 18


 624 0216 00       		.byte	0
 625 0217 06       		.uleb128 0x6
 626 0218 A0010000 		.4byte	.LASF28
 627 021c 01       		.byte	0x1
 628 021d 2301     		.2byte	0x123
 629 021f F3010000 		.4byte	0x1f3
 630 0223 14       		.uleb128 0x14
 631 0224 33020000 		.4byte	0x233
 632 0228 33020000 		.4byte	0x233
 633 022c 15       		.uleb128 0x15
 634 022d 7D000000 		.4byte	0x7d
 635 0231 01       		.byte	0x1
 636 0232 00       		.byte	0
 637 0233 16       		.uleb128 0x16
 638 0234 17020000 		.4byte	0x217
 639 0238 17       		.uleb128 0x17
 640 0239 2D000000 		.4byte	.LASF30
 641 023d 01       		.byte	0x1
 642 023e 2501     		.2byte	0x125
 643 0240 4A020000 		.4byte	0x24a
 644 0244 05       		.uleb128 0x5
 645 0245 03       		.byte	0x3
 646 0246 00000000 		.4byte	cfg_memset_list.4853
 647 024a 16       		.uleb128 0x16
 648 024b 23020000 		.4byte	0x223
 649 024f 18       		.uleb128 0x18
 650 0250 6900     		.ascii	"i\000"
 651 0252 01       		.byte	0x1
 652 0253 2B01     		.2byte	0x12b
 653 0255 8D000000 		.4byte	0x8d
 654 0259 6B000000 		.4byte	.LLST3
 655 025d 19       		.uleb128 0x19
 656 025e 98000000 		.4byte	.LBB3
 657 0262 1C000000 		.4byte	.LBE3-.LBB3
 658 0266 18       		.uleb128 0x18
 659 0267 6D7300   		.ascii	"ms\000"
 660 026a 01       		.byte	0x1
 661 026b 3001     		.2byte	0x130
 662 026d 75020000 		.4byte	0x275
 663 0271 95000000 		.4byte	.LLST4
 664 0275 1A       		.uleb128 0x1a
 665 0276 04       		.byte	0x4
 666 0277 33020000 		.4byte	0x233
 667 027b 0A       		.uleb128 0xa
 668 027c B4000000 		.4byte	.LVL14
 669 0280 E1000000 		.4byte	0xe1
 670 0284 0B       		.uleb128 0xb
 671 0285 01       		.uleb128 0x1
 672 0286 51       		.byte	0x51
 673 0287 15       		.uleb128 0x15
 674 0288 74       		.byte	0x74
 675 0289 00       		.sleb128 0
 676 028a 31       		.byte	0x31
 677 028b 24       		.byte	0x24
 678 028c 74       		.byte	0x74
 679 028d 00       		.sleb128 0
 680 028e 22       		.byte	0x22
ARM GAS  C:\Users\NGUYEN~1\AppData\Local\Temp\cc3wd2jD.s 			page 19


 681 028f 31       		.byte	0x31
 682 0290 24       		.byte	0x24
 683 0291 03       		.byte	0x3
 684 0292 04000000 		.4byte	.LANCHOR0+4
 685 0296 22       		.byte	0x22
 686 0297 94       		.byte	0x94
 687 0298 02       		.byte	0x2
 688 0299 0A       		.byte	0xa
 689 029a FFFF     		.2byte	0xffff
 690 029c 1A       		.byte	0x1a
 691 029d 00       		.byte	0
 692 029e 00       		.byte	0
 693 029f 00       		.byte	0
 694 02a0 1B       		.uleb128 0x1b
 695 02a1 04010000 		.4byte	.LVL17
 696 02a5 2E010000 		.4byte	0x12e
 697 02a9 1B       		.uleb128 0x1b
 698 02aa 08010000 		.4byte	.LVL18
 699 02ae AB010000 		.4byte	0x1ab
 700 02b2 00       		.byte	0
 701 02b3 1C       		.uleb128 0x1c
 702 02b4 B1000000 		.4byte	.LASF37
 703 02b8 B1000000 		.4byte	.LASF37
 704 02bc 1D       		.uleb128 0x1d
 705 02bd DB010000 		.4byte	.LASF31
 706 02c1 DB010000 		.4byte	.LASF31
 707 02c5 04       		.byte	0x4
 708 02c6 6C       		.byte	0x6c
 709 02c7 1D       		.uleb128 0x1d
 710 02c8 1E000000 		.4byte	.LASF32
 711 02cc 1E000000 		.4byte	.LASF32
 712 02d0 04       		.byte	0x4
 713 02d1 D0       		.byte	0xd0
 714 02d2 1D       		.uleb128 0x1d
 715 02d3 BF000000 		.4byte	.LASF33
 716 02d7 BF000000 		.4byte	.LASF33
 717 02db 04       		.byte	0x4
 718 02dc D6       		.byte	0xd6
 719 02dd 00       		.byte	0
 720              		.section	.debug_abbrev,"",%progbits
 721              	.Ldebug_abbrev0:
 722 0000 01       		.uleb128 0x1
 723 0001 11       		.uleb128 0x11
 724 0002 01       		.byte	0x1
 725 0003 25       		.uleb128 0x25
 726 0004 0E       		.uleb128 0xe
 727 0005 13       		.uleb128 0x13
 728 0006 0B       		.uleb128 0xb
 729 0007 03       		.uleb128 0x3
 730 0008 0E       		.uleb128 0xe
 731 0009 1B       		.uleb128 0x1b
 732 000a 0E       		.uleb128 0xe
 733 000b 55       		.uleb128 0x55
 734 000c 17       		.uleb128 0x17
 735 000d 11       		.uleb128 0x11
 736 000e 01       		.uleb128 0x1
 737 000f 10       		.uleb128 0x10
ARM GAS  C:\Users\NGUYEN~1\AppData\Local\Temp\cc3wd2jD.s 			page 20


 738 0010 17       		.uleb128 0x17
 739 0011 00       		.byte	0
 740 0012 00       		.byte	0
 741 0013 02       		.uleb128 0x2
 742 0014 24       		.uleb128 0x24
 743 0015 00       		.byte	0
 744 0016 0B       		.uleb128 0xb
 745 0017 0B       		.uleb128 0xb
 746 0018 3E       		.uleb128 0x3e
 747 0019 0B       		.uleb128 0xb
 748 001a 03       		.uleb128 0x3
 749 001b 08       		.uleb128 0x8
 750 001c 00       		.byte	0
 751 001d 00       		.byte	0
 752 001e 03       		.uleb128 0x3
 753 001f 16       		.uleb128 0x16
 754 0020 00       		.byte	0
 755 0021 03       		.uleb128 0x3
 756 0022 0E       		.uleb128 0xe
 757 0023 3A       		.uleb128 0x3a
 758 0024 0B       		.uleb128 0xb
 759 0025 3B       		.uleb128 0x3b
 760 0026 0B       		.uleb128 0xb
 761 0027 49       		.uleb128 0x49
 762 0028 13       		.uleb128 0x13
 763 0029 00       		.byte	0
 764 002a 00       		.byte	0
 765 002b 04       		.uleb128 0x4
 766 002c 24       		.uleb128 0x24
 767 002d 00       		.byte	0
 768 002e 0B       		.uleb128 0xb
 769 002f 0B       		.uleb128 0xb
 770 0030 3E       		.uleb128 0x3e
 771 0031 0B       		.uleb128 0xb
 772 0032 03       		.uleb128 0x3
 773 0033 0E       		.uleb128 0xe
 774 0034 00       		.byte	0
 775 0035 00       		.byte	0
 776 0036 05       		.uleb128 0x5
 777 0037 0F       		.uleb128 0xf
 778 0038 00       		.byte	0
 779 0039 0B       		.uleb128 0xb
 780 003a 0B       		.uleb128 0xb
 781 003b 00       		.byte	0
 782 003c 00       		.byte	0
 783 003d 06       		.uleb128 0x6
 784 003e 16       		.uleb128 0x16
 785 003f 00       		.byte	0
 786 0040 03       		.uleb128 0x3
 787 0041 0E       		.uleb128 0xe
 788 0042 3A       		.uleb128 0x3a
 789 0043 0B       		.uleb128 0xb
 790 0044 3B       		.uleb128 0x3b
 791 0045 05       		.uleb128 0x5
 792 0046 49       		.uleb128 0x49
 793 0047 13       		.uleb128 0x13
 794 0048 00       		.byte	0
ARM GAS  C:\Users\NGUYEN~1\AppData\Local\Temp\cc3wd2jD.s 			page 21


 795 0049 00       		.byte	0
 796 004a 07       		.uleb128 0x7
 797 004b 35       		.uleb128 0x35
 798 004c 00       		.byte	0
 799 004d 49       		.uleb128 0x49
 800 004e 13       		.uleb128 0x13
 801 004f 00       		.byte	0
 802 0050 00       		.byte	0
 803 0051 08       		.uleb128 0x8
 804 0052 2E       		.uleb128 0x2e
 805 0053 01       		.byte	0x1
 806 0054 03       		.uleb128 0x3
 807 0055 0E       		.uleb128 0xe
 808 0056 3A       		.uleb128 0x3a
 809 0057 0B       		.uleb128 0xb
 810 0058 3B       		.uleb128 0x3b
 811 0059 0B       		.uleb128 0xb
 812 005a 27       		.uleb128 0x27
 813 005b 19       		.uleb128 0x19
 814 005c 11       		.uleb128 0x11
 815 005d 01       		.uleb128 0x1
 816 005e 12       		.uleb128 0x12
 817 005f 06       		.uleb128 0x6
 818 0060 40       		.uleb128 0x40
 819 0061 18       		.uleb128 0x18
 820 0062 9742     		.uleb128 0x2117
 821 0064 19       		.uleb128 0x19
 822 0065 01       		.uleb128 0x1
 823 0066 13       		.uleb128 0x13
 824 0067 00       		.byte	0
 825 0068 00       		.byte	0
 826 0069 09       		.uleb128 0x9
 827 006a 05       		.uleb128 0x5
 828 006b 00       		.byte	0
 829 006c 03       		.uleb128 0x3
 830 006d 08       		.uleb128 0x8
 831 006e 3A       		.uleb128 0x3a
 832 006f 0B       		.uleb128 0xb
 833 0070 3B       		.uleb128 0x3b
 834 0071 0B       		.uleb128 0xb
 835 0072 49       		.uleb128 0x49
 836 0073 13       		.uleb128 0x13
 837 0074 02       		.uleb128 0x2
 838 0075 17       		.uleb128 0x17
 839 0076 00       		.byte	0
 840 0077 00       		.byte	0
 841 0078 0A       		.uleb128 0xa
 842 0079 898201   		.uleb128 0x4109
 843 007c 01       		.byte	0x1
 844 007d 11       		.uleb128 0x11
 845 007e 01       		.uleb128 0x1
 846 007f 31       		.uleb128 0x31
 847 0080 13       		.uleb128 0x13
 848 0081 00       		.byte	0
 849 0082 00       		.byte	0
 850 0083 0B       		.uleb128 0xb
 851 0084 8A8201   		.uleb128 0x410a
ARM GAS  C:\Users\NGUYEN~1\AppData\Local\Temp\cc3wd2jD.s 			page 22


 852 0087 00       		.byte	0
 853 0088 02       		.uleb128 0x2
 854 0089 18       		.uleb128 0x18
 855 008a 9142     		.uleb128 0x2111
 856 008c 18       		.uleb128 0x18
 857 008d 00       		.byte	0
 858 008e 00       		.byte	0
 859 008f 0C       		.uleb128 0xc
 860 0090 898201   		.uleb128 0x4109
 861 0093 01       		.byte	0x1
 862 0094 11       		.uleb128 0x11
 863 0095 01       		.uleb128 0x1
 864 0096 31       		.uleb128 0x31
 865 0097 13       		.uleb128 0x13
 866 0098 01       		.uleb128 0x1
 867 0099 13       		.uleb128 0x13
 868 009a 00       		.byte	0
 869 009b 00       		.byte	0
 870 009c 0D       		.uleb128 0xd
 871 009d 2E       		.uleb128 0x2e
 872 009e 01       		.byte	0x1
 873 009f 3F       		.uleb128 0x3f
 874 00a0 19       		.uleb128 0x19
 875 00a1 03       		.uleb128 0x3
 876 00a2 0E       		.uleb128 0xe
 877 00a3 3A       		.uleb128 0x3a
 878 00a4 0B       		.uleb128 0xb
 879 00a5 3B       		.uleb128 0x3b
 880 00a6 0B       		.uleb128 0xb
 881 00a7 27       		.uleb128 0x27
 882 00a8 19       		.uleb128 0x19
 883 00a9 11       		.uleb128 0x11
 884 00aa 01       		.uleb128 0x1
 885 00ab 12       		.uleb128 0x12
 886 00ac 06       		.uleb128 0x6
 887 00ad 40       		.uleb128 0x40
 888 00ae 18       		.uleb128 0x18
 889 00af 9742     		.uleb128 0x2117
 890 00b1 19       		.uleb128 0x19
 891 00b2 01       		.uleb128 0x1
 892 00b3 13       		.uleb128 0x13
 893 00b4 00       		.byte	0
 894 00b5 00       		.byte	0
 895 00b6 0E       		.uleb128 0xe
 896 00b7 05       		.uleb128 0x5
 897 00b8 00       		.byte	0
 898 00b9 03       		.uleb128 0x3
 899 00ba 0E       		.uleb128 0xe
 900 00bb 3A       		.uleb128 0x3a
 901 00bc 0B       		.uleb128 0xb
 902 00bd 3B       		.uleb128 0x3b
 903 00be 0B       		.uleb128 0xb
 904 00bf 49       		.uleb128 0x49
 905 00c0 13       		.uleb128 0x13
 906 00c1 02       		.uleb128 0x2
 907 00c2 18       		.uleb128 0x18
 908 00c3 00       		.byte	0
ARM GAS  C:\Users\NGUYEN~1\AppData\Local\Temp\cc3wd2jD.s 			page 23


 909 00c4 00       		.byte	0
 910 00c5 0F       		.uleb128 0xf
 911 00c6 34       		.uleb128 0x34
 912 00c7 00       		.byte	0
 913 00c8 03       		.uleb128 0x3
 914 00c9 0E       		.uleb128 0xe
 915 00ca 3A       		.uleb128 0x3a
 916 00cb 0B       		.uleb128 0xb
 917 00cc 3B       		.uleb128 0x3b
 918 00cd 0B       		.uleb128 0xb
 919 00ce 49       		.uleb128 0x49
 920 00cf 13       		.uleb128 0x13
 921 00d0 02       		.uleb128 0x2
 922 00d1 17       		.uleb128 0x17
 923 00d2 00       		.byte	0
 924 00d3 00       		.byte	0
 925 00d4 10       		.uleb128 0x10
 926 00d5 2E       		.uleb128 0x2e
 927 00d6 01       		.byte	0x1
 928 00d7 3F       		.uleb128 0x3f
 929 00d8 19       		.uleb128 0x19
 930 00d9 03       		.uleb128 0x3
 931 00da 0E       		.uleb128 0xe
 932 00db 3A       		.uleb128 0x3a
 933 00dc 0B       		.uleb128 0xb
 934 00dd 3B       		.uleb128 0x3b
 935 00de 05       		.uleb128 0x5
 936 00df 27       		.uleb128 0x27
 937 00e0 19       		.uleb128 0x19
 938 00e1 11       		.uleb128 0x11
 939 00e2 01       		.uleb128 0x1
 940 00e3 12       		.uleb128 0x12
 941 00e4 06       		.uleb128 0x6
 942 00e5 40       		.uleb128 0x40
 943 00e6 18       		.uleb128 0x18
 944 00e7 9742     		.uleb128 0x2117
 945 00e9 19       		.uleb128 0x19
 946 00ea 01       		.uleb128 0x1
 947 00eb 13       		.uleb128 0x13
 948 00ec 00       		.byte	0
 949 00ed 00       		.byte	0
 950 00ee 11       		.uleb128 0x11
 951 00ef 0B       		.uleb128 0xb
 952 00f0 01       		.byte	0x1
 953 00f1 11       		.uleb128 0x11
 954 00f2 01       		.uleb128 0x1
 955 00f3 12       		.uleb128 0x12
 956 00f4 06       		.uleb128 0x6
 957 00f5 01       		.uleb128 0x1
 958 00f6 13       		.uleb128 0x13
 959 00f7 00       		.byte	0
 960 00f8 00       		.byte	0
 961 00f9 12       		.uleb128 0x12
 962 00fa 13       		.uleb128 0x13
 963 00fb 01       		.byte	0x1
 964 00fc 0B       		.uleb128 0xb
 965 00fd 0B       		.uleb128 0xb
ARM GAS  C:\Users\NGUYEN~1\AppData\Local\Temp\cc3wd2jD.s 			page 24


 966 00fe 3A       		.uleb128 0x3a
 967 00ff 0B       		.uleb128 0xb
 968 0100 3B       		.uleb128 0x3b
 969 0101 05       		.uleb128 0x5
 970 0102 01       		.uleb128 0x1
 971 0103 13       		.uleb128 0x13
 972 0104 00       		.byte	0
 973 0105 00       		.byte	0
 974 0106 13       		.uleb128 0x13
 975 0107 0D       		.uleb128 0xd
 976 0108 00       		.byte	0
 977 0109 03       		.uleb128 0x3
 978 010a 0E       		.uleb128 0xe
 979 010b 3A       		.uleb128 0x3a
 980 010c 0B       		.uleb128 0xb
 981 010d 3B       		.uleb128 0x3b
 982 010e 05       		.uleb128 0x5
 983 010f 49       		.uleb128 0x49
 984 0110 13       		.uleb128 0x13
 985 0111 38       		.uleb128 0x38
 986 0112 0B       		.uleb128 0xb
 987 0113 00       		.byte	0
 988 0114 00       		.byte	0
 989 0115 14       		.uleb128 0x14
 990 0116 01       		.uleb128 0x1
 991 0117 01       		.byte	0x1
 992 0118 49       		.uleb128 0x49
 993 0119 13       		.uleb128 0x13
 994 011a 01       		.uleb128 0x1
 995 011b 13       		.uleb128 0x13
 996 011c 00       		.byte	0
 997 011d 00       		.byte	0
 998 011e 15       		.uleb128 0x15
 999 011f 21       		.uleb128 0x21
 1000 0120 00       		.byte	0
 1001 0121 49       		.uleb128 0x49
 1002 0122 13       		.uleb128 0x13
 1003 0123 2F       		.uleb128 0x2f
 1004 0124 0B       		.uleb128 0xb
 1005 0125 00       		.byte	0
 1006 0126 00       		.byte	0
 1007 0127 16       		.uleb128 0x16
 1008 0128 26       		.uleb128 0x26
 1009 0129 00       		.byte	0
 1010 012a 49       		.uleb128 0x49
 1011 012b 13       		.uleb128 0x13
 1012 012c 00       		.byte	0
 1013 012d 00       		.byte	0
 1014 012e 17       		.uleb128 0x17
 1015 012f 34       		.uleb128 0x34
 1016 0130 00       		.byte	0
 1017 0131 03       		.uleb128 0x3
 1018 0132 0E       		.uleb128 0xe
 1019 0133 3A       		.uleb128 0x3a
 1020 0134 0B       		.uleb128 0xb
 1021 0135 3B       		.uleb128 0x3b
 1022 0136 05       		.uleb128 0x5
ARM GAS  C:\Users\NGUYEN~1\AppData\Local\Temp\cc3wd2jD.s 			page 25


 1023 0137 49       		.uleb128 0x49
 1024 0138 13       		.uleb128 0x13
 1025 0139 02       		.uleb128 0x2
 1026 013a 18       		.uleb128 0x18
 1027 013b 00       		.byte	0
 1028 013c 00       		.byte	0
 1029 013d 18       		.uleb128 0x18
 1030 013e 34       		.uleb128 0x34
 1031 013f 00       		.byte	0
 1032 0140 03       		.uleb128 0x3
 1033 0141 08       		.uleb128 0x8
 1034 0142 3A       		.uleb128 0x3a
 1035 0143 0B       		.uleb128 0xb
 1036 0144 3B       		.uleb128 0x3b
 1037 0145 05       		.uleb128 0x5
 1038 0146 49       		.uleb128 0x49
 1039 0147 13       		.uleb128 0x13
 1040 0148 02       		.uleb128 0x2
 1041 0149 17       		.uleb128 0x17
 1042 014a 00       		.byte	0
 1043 014b 00       		.byte	0
 1044 014c 19       		.uleb128 0x19
 1045 014d 0B       		.uleb128 0xb
 1046 014e 01       		.byte	0x1
 1047 014f 11       		.uleb128 0x11
 1048 0150 01       		.uleb128 0x1
 1049 0151 12       		.uleb128 0x12
 1050 0152 06       		.uleb128 0x6
 1051 0153 00       		.byte	0
 1052 0154 00       		.byte	0
 1053 0155 1A       		.uleb128 0x1a
 1054 0156 0F       		.uleb128 0xf
 1055 0157 00       		.byte	0
 1056 0158 0B       		.uleb128 0xb
 1057 0159 0B       		.uleb128 0xb
 1058 015a 49       		.uleb128 0x49
 1059 015b 13       		.uleb128 0x13
 1060 015c 00       		.byte	0
 1061 015d 00       		.byte	0
 1062 015e 1B       		.uleb128 0x1b
 1063 015f 898201   		.uleb128 0x4109
 1064 0162 00       		.byte	0
 1065 0163 11       		.uleb128 0x11
 1066 0164 01       		.uleb128 0x1
 1067 0165 31       		.uleb128 0x31
 1068 0166 13       		.uleb128 0x13
 1069 0167 00       		.byte	0
 1070 0168 00       		.byte	0
 1071 0169 1C       		.uleb128 0x1c
 1072 016a 2E       		.uleb128 0x2e
 1073 016b 00       		.byte	0
 1074 016c 3F       		.uleb128 0x3f
 1075 016d 19       		.uleb128 0x19
 1076 016e 3C       		.uleb128 0x3c
 1077 016f 19       		.uleb128 0x19
 1078 0170 6E       		.uleb128 0x6e
 1079 0171 0E       		.uleb128 0xe
ARM GAS  C:\Users\NGUYEN~1\AppData\Local\Temp\cc3wd2jD.s 			page 26


 1080 0172 03       		.uleb128 0x3
 1081 0173 0E       		.uleb128 0xe
 1082 0174 00       		.byte	0
 1083 0175 00       		.byte	0
 1084 0176 1D       		.uleb128 0x1d
 1085 0177 2E       		.uleb128 0x2e
 1086 0178 00       		.byte	0
 1087 0179 3F       		.uleb128 0x3f
 1088 017a 19       		.uleb128 0x19
 1089 017b 3C       		.uleb128 0x3c
 1090 017c 19       		.uleb128 0x19
 1091 017d 6E       		.uleb128 0x6e
 1092 017e 0E       		.uleb128 0xe
 1093 017f 03       		.uleb128 0x3
 1094 0180 0E       		.uleb128 0xe
 1095 0181 3A       		.uleb128 0x3a
 1096 0182 0B       		.uleb128 0xb
 1097 0183 3B       		.uleb128 0x3b
 1098 0184 0B       		.uleb128 0xb
 1099 0185 00       		.byte	0
 1100 0186 00       		.byte	0
 1101 0187 00       		.byte	0
 1102              		.section	.debug_loc,"",%progbits
 1103              	.Ldebug_loc0:
 1104              	.LLST0:
 1105 0000 00000000 		.4byte	.LVL0
 1106 0004 09000000 		.4byte	.LVL2-1
 1107 0008 0100     		.2byte	0x1
 1108 000a 50       		.byte	0x50
 1109 000b 09000000 		.4byte	.LVL2-1
 1110 000f 0C000000 		.4byte	.LFE0
 1111 0013 0400     		.2byte	0x4
 1112 0015 F3       		.byte	0xf3
 1113 0016 01       		.uleb128 0x1
 1114 0017 50       		.byte	0x50
 1115 0018 9F       		.byte	0x9f
 1116 0019 00000000 		.4byte	0
 1117 001d 00000000 		.4byte	0
 1118              	.LLST1:
 1119 0021 00000000 		.4byte	.LVL0
 1120 0025 06000000 		.4byte	.LVL1
 1121 0029 0100     		.2byte	0x1
 1122 002b 51       		.byte	0x51
 1123 002c 06000000 		.4byte	.LVL1
 1124 0030 09000000 		.4byte	.LVL2-1
 1125 0034 0100     		.2byte	0x1
 1126 0036 52       		.byte	0x52
 1127 0037 09000000 		.4byte	.LVL2-1
 1128 003b 0C000000 		.4byte	.LFE0
 1129 003f 0400     		.2byte	0x4
 1130 0041 F3       		.byte	0xf3
 1131 0042 01       		.uleb128 0x1
 1132 0043 51       		.byte	0x51
 1133 0044 9F       		.byte	0x9f
 1134 0045 00000000 		.4byte	0
 1135 0049 00000000 		.4byte	0
 1136              	.LLST2:
ARM GAS  C:\Users\NGUYEN~1\AppData\Local\Temp\cc3wd2jD.s 			page 27


 1137 004d 04000000 		.4byte	.LVL7
 1138 0051 12000000 		.4byte	.LVL9
 1139 0055 0100     		.2byte	0x1
 1140 0057 53       		.byte	0x53
 1141 0058 14000000 		.4byte	.LVL10
 1142 005c 20000000 		.4byte	.LFE5
 1143 0060 0100     		.2byte	0x1
 1144 0062 53       		.byte	0x53
 1145 0063 00000000 		.4byte	0
 1146 0067 00000000 		.4byte	0
 1147              	.LLST3:
 1148 006b 94000000 		.4byte	.LVL12
 1149 006f 98000000 		.4byte	.LVL13
 1150 0073 0200     		.2byte	0x2
 1151 0075 30       		.byte	0x30
 1152 0076 9F       		.byte	0x9f
 1153 0077 98000000 		.4byte	.LVL13
 1154 007b B6000000 		.4byte	.LVL15
 1155 007f 0100     		.2byte	0x1
 1156 0081 54       		.byte	0x54
 1157 0082 B8000000 		.4byte	.LVL16
 1158 0086 08010000 		.4byte	.LVL19
 1159 008a 0100     		.2byte	0x1
 1160 008c 54       		.byte	0x54
 1161 008d 00000000 		.4byte	0
 1162 0091 00000000 		.4byte	0
 1163              	.LLST4:
 1164 0095 98000000 		.4byte	.LVL13
 1165 0099 B6000000 		.4byte	.LVL15
 1166 009d 0B00     		.2byte	0xb
 1167 009f 74       		.byte	0x74
 1168 00a0 00       		.sleb128 0
 1169 00a1 36       		.byte	0x36
 1170 00a2 1E       		.byte	0x1e
 1171 00a3 03       		.byte	0x3
 1172 00a4 00000000 		.4byte	cfg_memset_list.4853
 1173 00a8 22       		.byte	0x22
 1174 00a9 9F       		.byte	0x9f
 1175 00aa B6000000 		.4byte	.LVL15
 1176 00ae B8000000 		.4byte	.LVL16
 1177 00b2 0B00     		.2byte	0xb
 1178 00b4 74       		.byte	0x74
 1179 00b5 7F       		.sleb128 -1
 1180 00b6 36       		.byte	0x36
 1181 00b7 1E       		.byte	0x1e
 1182 00b8 03       		.byte	0x3
 1183 00b9 00000000 		.4byte	cfg_memset_list.4853
 1184 00bd 22       		.byte	0x22
 1185 00be 9F       		.byte	0x9f
 1186 00bf 00000000 		.4byte	0
 1187 00c3 00000000 		.4byte	0
 1188              		.section	.debug_aranges,"",%progbits
 1189 0000 3C000000 		.4byte	0x3c
 1190 0004 0200     		.2byte	0x2
 1191 0006 00000000 		.4byte	.Ldebug_info0
 1192 000a 04       		.byte	0x4
 1193 000b 00       		.byte	0
ARM GAS  C:\Users\NGUYEN~1\AppData\Local\Temp\cc3wd2jD.s 			page 28


 1194 000c 0000     		.2byte	0
 1195 000e 0000     		.2byte	0
 1196 0010 00000000 		.4byte	.LFB0
 1197 0014 0C000000 		.4byte	.LFE0-.LFB0
 1198 0018 00000000 		.4byte	.LFB3
 1199 001c 90000000 		.4byte	.LFE3-.LFB3
 1200 0020 00000000 		.4byte	.LFB5
 1201 0024 20000000 		.4byte	.LFE5-.LFB5
 1202 0028 00000000 		.4byte	.LFB4
 1203 002c 0A000000 		.4byte	.LFE4-.LFB4
 1204 0030 90000000 		.4byte	.LFB6
 1205 0034 A8000000 		.4byte	.LFE6-.LFB6
 1206 0038 00000000 		.4byte	0
 1207 003c 00000000 		.4byte	0
 1208              		.section	.debug_ranges,"",%progbits
 1209              	.Ldebug_ranges0:
 1210 0000 00000000 		.4byte	.LFB0
 1211 0004 0C000000 		.4byte	.LFE0
 1212 0008 00000000 		.4byte	.LFB3
 1213 000c 90000000 		.4byte	.LFE3
 1214 0010 00000000 		.4byte	.LFB5
 1215 0014 20000000 		.4byte	.LFE5
 1216 0018 00000000 		.4byte	.LFB4
 1217 001c 0A000000 		.4byte	.LFE4
 1218 0020 90000000 		.4byte	.LFB6
 1219 0024 38010000 		.4byte	.LFE6
 1220 0028 00000000 		.4byte	0
 1221 002c 00000000 		.4byte	0
 1222              		.section	.debug_line,"",%progbits
 1223              	.Ldebug_line0:
 1224 0000 5B010000 		.section	.debug_str,"MS",%progbits,1
 1224      0200D600 
 1224      00000201 
 1224      FB0E0D00 
 1224      01010101 
 1225              	.LASF19:
 1226 0000 72656733 		.ascii	"reg32\000"
 1226      3200
 1227              	.LASF12:
 1228 0006 73697A65 		.ascii	"size_t\000"
 1228      5F7400
 1229              	.LASF23:
 1230 000d 416E616C 		.ascii	"AnalogSetDefault\000"
 1230      6F675365 
 1230      74446566 
 1230      61756C74 
 1230      00
 1231              	.LASF32:
 1232 001e 4379496E 		.ascii	"CyIntSetVector\000"
 1232      74536574 
 1232      56656374 
 1232      6F7200
 1233              	.LASF30:
 1234 002d 6366675F 		.ascii	"cfg_memset_list\000"
 1234      6D656D73 
 1234      65745F6C 
 1234      69737400 
ARM GAS  C:\Users\NGUYEN~1\AppData\Local\Temp\cc3wd2jD.s 			page 29


 1235              	.LASF21:
 1236 003d 436C6F63 		.ascii	"ClockSetup\000"
 1236      6B536574 
 1236      757000
 1237              	.LASF6:
 1238 0048 73686F72 		.ascii	"short unsigned int\000"
 1238      7420756E 
 1238      7369676E 
 1238      65642069 
 1238      6E7400
 1239              	.LASF16:
 1240 005b 666C6F61 		.ascii	"float\000"
 1240      7400
 1241              	.LASF27:
 1242 0061 73697A65 		.ascii	"size\000"
 1242      00
 1243              	.LASF18:
 1244 0066 72656738 		.ascii	"reg8\000"
 1244      00
 1245              	.LASF8:
 1246 006b 6C6F6E67 		.ascii	"long unsigned int\000"
 1246      20756E73 
 1246      69676E65 
 1246      6420696E 
 1246      7400
 1247              	.LASF13:
 1248 007d 75696E74 		.ascii	"uint8\000"
 1248      3800
 1249              	.LASF20:
 1250 0083 43594D45 		.ascii	"CYMEMZERO\000"
 1250      4D5A4552 
 1250      4F00
 1251              	.LASF24:
 1252 008d 53657441 		.ascii	"SetAnalogRoutingPumps\000"
 1252      6E616C6F 
 1252      67526F75 
 1252      74696E67 
 1252      50756D70 
 1253              	.LASF4:
 1254 00a3 756E7369 		.ascii	"unsigned char\000"
 1254      676E6564 
 1254      20636861 
 1254      7200
 1255              	.LASF37:
 1256 00b1 6D656D73 		.ascii	"memset\000"
 1256      657400
 1257              	.LASF17:
 1258 00b8 646F7562 		.ascii	"double\000"
 1258      6C6500
 1259              	.LASF33:
 1260 00bf 4379496E 		.ascii	"CyIntEnable\000"
 1260      74456E61 
 1260      626C6500 
 1261              	.LASF14:
 1262 00cb 75696E74 		.ascii	"uint16\000"
 1262      313600
 1263              	.LASF15:
ARM GAS  C:\Users\NGUYEN~1\AppData\Local\Temp\cc3wd2jD.s 			page 30


 1264 00d2 75696E74 		.ascii	"uint32\000"
 1264      333200
 1265              	.LASF0:
 1266 00d9 756E7369 		.ascii	"unsigned int\000"
 1266      676E6564 
 1266      20696E74 
 1266      00
 1267              	.LASF25:
 1268 00e6 63796669 		.ascii	"cyfitter_cfg\000"
 1268      74746572 
 1268      5F636667 
 1268      00
 1269              	.LASF26:
 1270 00f3 61646472 		.ascii	"address\000"
 1270      65737300 
 1271              	.LASF9:
 1272 00fb 6C6F6E67 		.ascii	"long long unsigned int\000"
 1272      206C6F6E 
 1272      6720756E 
 1272      7369676E 
 1272      65642069 
 1273              	.LASF34:
 1274 0112 474E5520 		.ascii	"GNU C11 5.4.1 20160609 (release) [ARM/embedded-5-br"
 1274      43313120 
 1274      352E342E 
 1274      31203230 
 1274      31363036 
 1275 0145 616E6368 		.ascii	"anch revision 237715] -mcpu=cortex-m0 -mthumb -g -O"
 1275      20726576 
 1275      6973696F 
 1275      6E203233 
 1275      37373135 
 1276 0178 67202D66 		.ascii	"g -ffunction-sections -ffat-lto-objects\000"
 1276      66756E63 
 1276      74696F6E 
 1276      2D736563 
 1276      74696F6E 
 1277              	.LASF28:
 1278 01a0 6366675F 		.ascii	"cfg_memset_t\000"
 1278      6D656D73 
 1278      65745F74 
 1278      00
 1279              	.LASF10:
 1280 01ad 73697A65 		.ascii	"sizetype\000"
 1280      74797065 
 1280      00
 1281              	.LASF1:
 1282 01b6 6C6F6E67 		.ascii	"long long int\000"
 1282      206C6F6E 
 1282      6720696E 
 1282      7400
 1283              	.LASF11:
 1284 01c4 63686172 		.ascii	"char\000"
 1284      00
 1285              	.LASF22:
 1286 01c9 656E6162 		.ascii	"enabled\000"
 1286      6C656400 
ARM GAS  C:\Users\NGUYEN~1\AppData\Local\Temp\cc3wd2jD.s 			page 31


 1287              	.LASF5:
 1288 01d1 73686F72 		.ascii	"short int\000"
 1288      7420696E 
 1288      7400
 1289              	.LASF31:
 1290 01db 43795379 		.ascii	"CySysClkWriteImoFreq\000"
 1290      73436C6B 
 1290      57726974 
 1290      65496D6F 
 1290      46726571 
 1291              	.LASF36:
 1292 01f0 443A5C70 		.ascii	"D:\\psoc\\theory\\not-done-yet\\adc\\adc.cydsn\000"
 1292      736F635C 
 1292      7468656F 
 1292      72795C6E 
 1292      6F742D64 
 1293              	.LASF7:
 1294 021a 6C6F6E67 		.ascii	"long int\000"
 1294      20696E74 
 1294      00
 1295              	.LASF2:
 1296 0223 6C6F6E67 		.ascii	"long double\000"
 1296      20646F75 
 1296      626C6500 
 1297              	.LASF3:
 1298 022f 7369676E 		.ascii	"signed char\000"
 1298      65642063 
 1298      68617200 
 1299              	.LASF35:
 1300 023b 47656E65 		.ascii	"Generated_Source\\PSoC4\\cyfitter_cfg.c\000"
 1300      72617465 
 1300      645F536F 
 1300      75726365 
 1300      5C50536F 
 1301              	.LASF29:
 1302 0261 72656756 		.ascii	"regValue\000"
 1302      616C7565 
 1302      00
 1303              		.ident	"GCC: (GNU Tools for ARM Embedded Processors) 5.4.1 20160609 (release) [ARM/embedded-5-bran
