ARM GAS  C:\Users\NGUYEN~1\AppData\Local\Temp\cc2nOUL1.s 			page 1


   1              		.syntax unified
   2              		.cpu cortex-m0
   3              		.fpu softvfp
   4              		.eabi_attribute 20, 1
   5              		.eabi_attribute 21, 1
   6              		.eabi_attribute 23, 3
   7              		.eabi_attribute 24, 1
   8              		.eabi_attribute 25, 1
   9              		.eabi_attribute 26, 1
  10              		.eabi_attribute 30, 1
  11              		.eabi_attribute 34, 0
  12              		.eabi_attribute 18, 4
  13              		.thumb
  14              		.syntax unified
  15              		.file	"main.c"
  16              		.text
  17              	.Ltext0:
  18              		.cfi_sections	.debug_frame
  19              		.section	.text.main,"ax",%progbits
  20              		.align	2
  21              		.global	main
  22              		.code	16
  23              		.thumb_func
  24              		.type	main, %function
  25              	main:
  26              	.LFB32:
  27              		.file 1 "main.c"
   1:main.c        **** /* ========================================
   2:main.c        ****  *
   3:main.c        ****  * Copyright YOUR COMPANY, THE YEAR
   4:main.c        ****  * All Rights Reserved
   5:main.c        ****  * UNPUBLISHED, LICENSED SOFTWARE.
   6:main.c        ****  *
   7:main.c        ****  * CONFIDENTIAL AND PROPRIETARY INFORMATION
   8:main.c        ****  * WHICH IS THE PROPERTY OF your company.
   9:main.c        ****  *
  10:main.c        ****  * ========================================
  11:main.c        **** */
  12:main.c        **** #include "project.h"
  13:main.c        **** 
  14:main.c        **** int main(void)
  15:main.c        **** {
  28              		.loc 1 15 0
  29              		.cfi_startproc
  30              		@ Volatile: function does not return.
  31              		@ args = 0, pretend = 0, frame = 0
  32              		@ frame_needed = 0, uses_anonymous_args = 0
  33 0000 10B5     		push	{r4, lr}
  34              		.cfi_def_cfa_offset 8
  35              		.cfi_offset 4, -8
  36              		.cfi_offset 14, -4
  16:main.c        ****     CyGlobalIntEnable; /* Enable global interrupts. */
  37              		.loc 1 16 0
  38              		.syntax divided
  39              	@ 16 "main.c" 1
  40 0002 62B6     		CPSIE   i
  41              	@ 0 "" 2
ARM GAS  C:\Users\NGUYEN~1\AppData\Local\Temp\cc2nOUL1.s 			page 2


  42              		.thumb
  43              		.syntax unified
  44              	.L2:
  17:main.c        **** 
  18:main.c        ****     /* Place your initialization/startup code here (e.g. MyInst_Start()) */
  19:main.c        **** 
  20:main.c        ****     for(;;)
  21:main.c        ****     {
  22:main.c        ****         /* Place your application code here. */
  23:main.c        ****         led_blue_Write(1);
  45              		.loc 1 23 0 discriminator 1
  46 0004 0120     		movs	r0, #1
  47 0006 FFF7FEFF 		bl	led_blue_Write
  48              	.LVL0:
  24:main.c        ****         CyDelay(500);
  49              		.loc 1 24 0 discriminator 1
  50 000a FA24     		movs	r4, #250
  51 000c 6400     		lsls	r4, r4, #1
  52 000e 2000     		movs	r0, r4
  53 0010 FFF7FEFF 		bl	CyDelay
  54              	.LVL1:
  25:main.c        ****         led_blue_Write(0);
  55              		.loc 1 25 0 discriminator 1
  56 0014 0020     		movs	r0, #0
  57 0016 FFF7FEFF 		bl	led_blue_Write
  58              	.LVL2:
  26:main.c        ****         CyDelay(500);
  59              		.loc 1 26 0 discriminator 1
  60 001a 2000     		movs	r0, r4
  61 001c FFF7FEFF 		bl	CyDelay
  62              	.LVL3:
  63 0020 F0E7     		b	.L2
  64              		.cfi_endproc
  65              	.LFE32:
  66              		.size	main, .-main
  67 0022 C046     		.text
  68              	.Letext0:
  69              		.file 2 "Generated_Source\\PSoC4/led_blue.h"
  70              		.file 3 "Generated_Source\\PSoC4/CyLib.h"
  71              		.section	.debug_info,"",%progbits
  72              	.Ldebug_info0:
  73 0000 05010000 		.4byte	0x105
  74 0004 0400     		.2byte	0x4
  75 0006 00000000 		.4byte	.Ldebug_abbrev0
  76 000a 04       		.byte	0x4
  77 000b 01       		.uleb128 0x1
  78 000c 90000000 		.4byte	.LASF16
  79 0010 0C       		.byte	0xc
  80 0011 1B000000 		.4byte	.LASF17
  81 0015 53010000 		.4byte	.LASF18
  82 0019 00000000 		.4byte	.Ldebug_ranges0+0
  83 001d 00000000 		.4byte	0
  84 0021 00000000 		.4byte	.Ldebug_line0
  85 0025 02       		.uleb128 0x2
  86 0026 01       		.byte	0x1
  87 0027 06       		.byte	0x6
  88 0028 31010000 		.4byte	.LASF0
ARM GAS  C:\Users\NGUYEN~1\AppData\Local\Temp\cc2nOUL1.s 			page 3


  89 002c 02       		.uleb128 0x2
  90 002d 01       		.byte	0x1
  91 002e 08       		.byte	0x8
  92 002f 5E000000 		.4byte	.LASF1
  93 0033 02       		.uleb128 0x2
  94 0034 02       		.byte	0x2
  95 0035 05       		.byte	0x5
  96 0036 49010000 		.4byte	.LASF2
  97 003a 02       		.uleb128 0x2
  98 003b 02       		.byte	0x2
  99 003c 07       		.byte	0x7
 100 003d 1E010000 		.4byte	.LASF3
 101 0041 02       		.uleb128 0x2
 102 0042 04       		.byte	0x4
 103 0043 05       		.byte	0x5
 104 0044 71000000 		.4byte	.LASF4
 105 0048 02       		.uleb128 0x2
 106 0049 04       		.byte	0x4
 107 004a 07       		.byte	0x7
 108 004b 2F000000 		.4byte	.LASF5
 109 004f 02       		.uleb128 0x2
 110 0050 08       		.byte	0x8
 111 0051 05       		.byte	0x5
 112 0052 00000000 		.4byte	.LASF6
 113 0056 02       		.uleb128 0x2
 114 0057 08       		.byte	0x8
 115 0058 07       		.byte	0x7
 116 0059 41000000 		.4byte	.LASF7
 117 005d 03       		.uleb128 0x3
 118 005e 04       		.byte	0x4
 119 005f 05       		.byte	0x5
 120 0060 696E7400 		.ascii	"int\000"
 121 0064 02       		.uleb128 0x2
 122 0065 04       		.byte	0x4
 123 0066 07       		.byte	0x7
 124 0067 0E000000 		.4byte	.LASF8
 125 006b 02       		.uleb128 0x2
 126 006c 04       		.byte	0x4
 127 006d 04       		.byte	0x4
 128 006e 58000000 		.4byte	.LASF9
 129 0072 02       		.uleb128 0x2
 130 0073 08       		.byte	0x8
 131 0074 04       		.byte	0x4
 132 0075 89000000 		.4byte	.LASF10
 133 0079 02       		.uleb128 0x2
 134 007a 01       		.byte	0x1
 135 007b 08       		.byte	0x8
 136 007c 6C000000 		.4byte	.LASF11
 137 0080 02       		.uleb128 0x2
 138 0081 04       		.byte	0x4
 139 0082 07       		.byte	0x7
 140 0083 7C010000 		.4byte	.LASF12
 141 0087 02       		.uleb128 0x2
 142 0088 08       		.byte	0x8
 143 0089 04       		.byte	0x4
 144 008a 3D010000 		.4byte	.LASF13
 145 008e 04       		.uleb128 0x4
ARM GAS  C:\Users\NGUYEN~1\AppData\Local\Temp\cc2nOUL1.s 			page 4


 146 008f 22000000 		.4byte	.LASF19
 147 0093 01       		.byte	0x1
 148 0094 0E       		.byte	0xe
 149 0095 5D000000 		.4byte	0x5d
 150 0099 00000000 		.4byte	.LFB32
 151 009d 22000000 		.4byte	.LFE32-.LFB32
 152 00a1 01       		.uleb128 0x1
 153 00a2 9C       		.byte	0x9c
 154 00a3 F2000000 		.4byte	0xf2
 155 00a7 05       		.uleb128 0x5
 156 00a8 0A000000 		.4byte	.LVL0
 157 00ac F2000000 		.4byte	0xf2
 158 00b0 BA000000 		.4byte	0xba
 159 00b4 06       		.uleb128 0x6
 160 00b5 01       		.uleb128 0x1
 161 00b6 50       		.byte	0x50
 162 00b7 01       		.uleb128 0x1
 163 00b8 31       		.byte	0x31
 164 00b9 00       		.byte	0
 165 00ba 05       		.uleb128 0x5
 166 00bb 14000000 		.4byte	.LVL1
 167 00bf FD000000 		.4byte	0xfd
 168 00c3 CE000000 		.4byte	0xce
 169 00c7 06       		.uleb128 0x6
 170 00c8 01       		.uleb128 0x1
 171 00c9 50       		.byte	0x50
 172 00ca 02       		.uleb128 0x2
 173 00cb 74       		.byte	0x74
 174 00cc 00       		.sleb128 0
 175 00cd 00       		.byte	0
 176 00ce 05       		.uleb128 0x5
 177 00cf 1A000000 		.4byte	.LVL2
 178 00d3 F2000000 		.4byte	0xf2
 179 00d7 E1000000 		.4byte	0xe1
 180 00db 06       		.uleb128 0x6
 181 00dc 01       		.uleb128 0x1
 182 00dd 50       		.byte	0x50
 183 00de 01       		.uleb128 0x1
 184 00df 30       		.byte	0x30
 185 00e0 00       		.byte	0
 186 00e1 07       		.uleb128 0x7
 187 00e2 20000000 		.4byte	.LVL3
 188 00e6 FD000000 		.4byte	0xfd
 189 00ea 06       		.uleb128 0x6
 190 00eb 01       		.uleb128 0x1
 191 00ec 50       		.byte	0x50
 192 00ed 02       		.uleb128 0x2
 193 00ee 74       		.byte	0x74
 194 00ef 00       		.sleb128 0
 195 00f0 00       		.byte	0
 196 00f1 00       		.byte	0
 197 00f2 08       		.uleb128 0x8
 198 00f3 7A000000 		.4byte	.LASF14
 199 00f7 7A000000 		.4byte	.LASF14
 200 00fb 02       		.byte	0x2
 201 00fc 33       		.byte	0x33
 202 00fd 08       		.uleb128 0x8
ARM GAS  C:\Users\NGUYEN~1\AppData\Local\Temp\cc2nOUL1.s 			page 5


 203 00fe 27000000 		.4byte	.LASF15
 204 0102 27000000 		.4byte	.LASF15
 205 0106 03       		.byte	0x3
 206 0107 EC       		.byte	0xec
 207 0108 00       		.byte	0
 208              		.section	.debug_abbrev,"",%progbits
 209              	.Ldebug_abbrev0:
 210 0000 01       		.uleb128 0x1
 211 0001 11       		.uleb128 0x11
 212 0002 01       		.byte	0x1
 213 0003 25       		.uleb128 0x25
 214 0004 0E       		.uleb128 0xe
 215 0005 13       		.uleb128 0x13
 216 0006 0B       		.uleb128 0xb
 217 0007 03       		.uleb128 0x3
 218 0008 0E       		.uleb128 0xe
 219 0009 1B       		.uleb128 0x1b
 220 000a 0E       		.uleb128 0xe
 221 000b 55       		.uleb128 0x55
 222 000c 17       		.uleb128 0x17
 223 000d 11       		.uleb128 0x11
 224 000e 01       		.uleb128 0x1
 225 000f 10       		.uleb128 0x10
 226 0010 17       		.uleb128 0x17
 227 0011 00       		.byte	0
 228 0012 00       		.byte	0
 229 0013 02       		.uleb128 0x2
 230 0014 24       		.uleb128 0x24
 231 0015 00       		.byte	0
 232 0016 0B       		.uleb128 0xb
 233 0017 0B       		.uleb128 0xb
 234 0018 3E       		.uleb128 0x3e
 235 0019 0B       		.uleb128 0xb
 236 001a 03       		.uleb128 0x3
 237 001b 0E       		.uleb128 0xe
 238 001c 00       		.byte	0
 239 001d 00       		.byte	0
 240 001e 03       		.uleb128 0x3
 241 001f 24       		.uleb128 0x24
 242 0020 00       		.byte	0
 243 0021 0B       		.uleb128 0xb
 244 0022 0B       		.uleb128 0xb
 245 0023 3E       		.uleb128 0x3e
 246 0024 0B       		.uleb128 0xb
 247 0025 03       		.uleb128 0x3
 248 0026 08       		.uleb128 0x8
 249 0027 00       		.byte	0
 250 0028 00       		.byte	0
 251 0029 04       		.uleb128 0x4
 252 002a 2E       		.uleb128 0x2e
 253 002b 01       		.byte	0x1
 254 002c 3F       		.uleb128 0x3f
 255 002d 19       		.uleb128 0x19
 256 002e 03       		.uleb128 0x3
 257 002f 0E       		.uleb128 0xe
 258 0030 3A       		.uleb128 0x3a
 259 0031 0B       		.uleb128 0xb
ARM GAS  C:\Users\NGUYEN~1\AppData\Local\Temp\cc2nOUL1.s 			page 6


 260 0032 3B       		.uleb128 0x3b
 261 0033 0B       		.uleb128 0xb
 262 0034 27       		.uleb128 0x27
 263 0035 19       		.uleb128 0x19
 264 0036 49       		.uleb128 0x49
 265 0037 13       		.uleb128 0x13
 266 0038 8701     		.uleb128 0x87
 267 003a 19       		.uleb128 0x19
 268 003b 11       		.uleb128 0x11
 269 003c 01       		.uleb128 0x1
 270 003d 12       		.uleb128 0x12
 271 003e 06       		.uleb128 0x6
 272 003f 40       		.uleb128 0x40
 273 0040 18       		.uleb128 0x18
 274 0041 9742     		.uleb128 0x2117
 275 0043 19       		.uleb128 0x19
 276 0044 01       		.uleb128 0x1
 277 0045 13       		.uleb128 0x13
 278 0046 00       		.byte	0
 279 0047 00       		.byte	0
 280 0048 05       		.uleb128 0x5
 281 0049 898201   		.uleb128 0x4109
 282 004c 01       		.byte	0x1
 283 004d 11       		.uleb128 0x11
 284 004e 01       		.uleb128 0x1
 285 004f 31       		.uleb128 0x31
 286 0050 13       		.uleb128 0x13
 287 0051 01       		.uleb128 0x1
 288 0052 13       		.uleb128 0x13
 289 0053 00       		.byte	0
 290 0054 00       		.byte	0
 291 0055 06       		.uleb128 0x6
 292 0056 8A8201   		.uleb128 0x410a
 293 0059 00       		.byte	0
 294 005a 02       		.uleb128 0x2
 295 005b 18       		.uleb128 0x18
 296 005c 9142     		.uleb128 0x2111
 297 005e 18       		.uleb128 0x18
 298 005f 00       		.byte	0
 299 0060 00       		.byte	0
 300 0061 07       		.uleb128 0x7
 301 0062 898201   		.uleb128 0x4109
 302 0065 01       		.byte	0x1
 303 0066 11       		.uleb128 0x11
 304 0067 01       		.uleb128 0x1
 305 0068 31       		.uleb128 0x31
 306 0069 13       		.uleb128 0x13
 307 006a 00       		.byte	0
 308 006b 00       		.byte	0
 309 006c 08       		.uleb128 0x8
 310 006d 2E       		.uleb128 0x2e
 311 006e 00       		.byte	0
 312 006f 3F       		.uleb128 0x3f
 313 0070 19       		.uleb128 0x19
 314 0071 3C       		.uleb128 0x3c
 315 0072 19       		.uleb128 0x19
 316 0073 6E       		.uleb128 0x6e
ARM GAS  C:\Users\NGUYEN~1\AppData\Local\Temp\cc2nOUL1.s 			page 7


 317 0074 0E       		.uleb128 0xe
 318 0075 03       		.uleb128 0x3
 319 0076 0E       		.uleb128 0xe
 320 0077 3A       		.uleb128 0x3a
 321 0078 0B       		.uleb128 0xb
 322 0079 3B       		.uleb128 0x3b
 323 007a 0B       		.uleb128 0xb
 324 007b 00       		.byte	0
 325 007c 00       		.byte	0
 326 007d 00       		.byte	0
 327              		.section	.debug_aranges,"",%progbits
 328 0000 1C000000 		.4byte	0x1c
 329 0004 0200     		.2byte	0x2
 330 0006 00000000 		.4byte	.Ldebug_info0
 331 000a 04       		.byte	0x4
 332 000b 00       		.byte	0
 333 000c 0000     		.2byte	0
 334 000e 0000     		.2byte	0
 335 0010 00000000 		.4byte	.LFB32
 336 0014 22000000 		.4byte	.LFE32-.LFB32
 337 0018 00000000 		.4byte	0
 338 001c 00000000 		.4byte	0
 339              		.section	.debug_ranges,"",%progbits
 340              	.Ldebug_ranges0:
 341 0000 00000000 		.4byte	.LFB32
 342 0004 22000000 		.4byte	.LFE32
 343 0008 00000000 		.4byte	0
 344 000c 00000000 		.4byte	0
 345              		.section	.debug_line,"",%progbits
 346              	.Ldebug_line0:
 347 0000 77000000 		.section	.debug_str,"MS",%progbits,1
 347      02004D00 
 347      00000201 
 347      FB0E0D00 
 347      01010101 
 348              	.LASF6:
 349 0000 6C6F6E67 		.ascii	"long long int\000"
 349      206C6F6E 
 349      6720696E 
 349      7400
 350              	.LASF8:
 351 000e 756E7369 		.ascii	"unsigned int\000"
 351      676E6564 
 351      20696E74 
 351      00
 352              	.LASF17:
 353 001b 6D61696E 		.ascii	"main.c\000"
 353      2E6300
 354              	.LASF19:
 355 0022 6D61696E 		.ascii	"main\000"
 355      00
 356              	.LASF15:
 357 0027 43794465 		.ascii	"CyDelay\000"
 357      6C617900 
 358              	.LASF5:
 359 002f 6C6F6E67 		.ascii	"long unsigned int\000"
 359      20756E73 
ARM GAS  C:\Users\NGUYEN~1\AppData\Local\Temp\cc2nOUL1.s 			page 8


 359      69676E65 
 359      6420696E 
 359      7400
 360              	.LASF7:
 361 0041 6C6F6E67 		.ascii	"long long unsigned int\000"
 361      206C6F6E 
 361      6720756E 
 361      7369676E 
 361      65642069 
 362              	.LASF9:
 363 0058 666C6F61 		.ascii	"float\000"
 363      7400
 364              	.LASF1:
 365 005e 756E7369 		.ascii	"unsigned char\000"
 365      676E6564 
 365      20636861 
 365      7200
 366              	.LASF11:
 367 006c 63686172 		.ascii	"char\000"
 367      00
 368              	.LASF4:
 369 0071 6C6F6E67 		.ascii	"long int\000"
 369      20696E74 
 369      00
 370              	.LASF14:
 371 007a 6C65645F 		.ascii	"led_blue_Write\000"
 371      626C7565 
 371      5F577269 
 371      746500
 372              	.LASF10:
 373 0089 646F7562 		.ascii	"double\000"
 373      6C6500
 374              	.LASF16:
 375 0090 474E5520 		.ascii	"GNU C11 5.4.1 20160609 (release) [ARM/embedded-5-br"
 375      43313120 
 375      352E342E 
 375      31203230 
 375      31363036 
 376 00c3 616E6368 		.ascii	"anch revision 237715] -mcpu=cortex-m0 -mthumb -g -O"
 376      20726576 
 376      6973696F 
 376      6E203233 
 376      37373135 
 377 00f6 67202D66 		.ascii	"g -ffunction-sections -ffat-lto-objects\000"
 377      66756E63 
 377      74696F6E 
 377      2D736563 
 377      74696F6E 
 378              	.LASF3:
 379 011e 73686F72 		.ascii	"short unsigned int\000"
 379      7420756E 
 379      7369676E 
 379      65642069 
 379      6E7400
 380              	.LASF0:
 381 0131 7369676E 		.ascii	"signed char\000"
 381      65642063 
ARM GAS  C:\Users\NGUYEN~1\AppData\Local\Temp\cc2nOUL1.s 			page 9


 381      68617200 
 382              	.LASF13:
 383 013d 6C6F6E67 		.ascii	"long double\000"
 383      20646F75 
 383      626C6500 
 384              	.LASF2:
 385 0149 73686F72 		.ascii	"short int\000"
 385      7420696E 
 385      7400
 386              	.LASF18:
 387 0153 443A5C70 		.ascii	"D:\\psoc\\theory\\outputPin\\outputPin.cydsn\000"
 387      736F635C 
 387      7468656F 
 387      72795C6F 
 387      75747075 
 388              	.LASF12:
 389 017c 73697A65 		.ascii	"sizetype\000"
 389      74797065 
 389      00
 390              		.ident	"GCC: (GNU Tools for ARM Embedded Processors) 5.4.1 20160609 (release) [ARM/embedded-5-bran
