ARM GAS  C:\Users\NGUYEN~1\AppData\Local\Temp\ccidNm5v.s 			page 1


   1              		.syntax unified
   2              		.cpu cortex-m0
   3              		.fpu softvfp
   4              		.eabi_attribute 20, 1
   5              		.eabi_attribute 21, 1
   6              		.eabi_attribute 23, 3
   7              		.eabi_attribute 24, 1
   8              		.eabi_attribute 25, 1
   9              		.eabi_attribute 26, 1
  10              		.eabi_attribute 30, 1
  11              		.eabi_attribute 34, 0
  12              		.eabi_attribute 18, 4
  13              		.thumb
  14              		.syntax unified
  15              		.file	"cyfitter_cfg.c"
  16              		.text
  17              	.Ltext0:
  18              		.cfi_sections	.debug_frame
  19              		.section	.text.cfg_write_bytes32,"ax",%progbits
  20              		.align	2
  21              		.code	16
  22              		.thumb_func
  23              		.type	cfg_write_bytes32, %function
  24              	cfg_write_bytes32:
  25              	.LFB3:
  26              		.file 1 "Generated_Source\\PSoC4\\cyfitter_cfg.c"
   1:Generated_Source\PSoC4/cyfitter_cfg.c **** 
   2:Generated_Source\PSoC4/cyfitter_cfg.c **** /*******************************************************************************
   3:Generated_Source\PSoC4/cyfitter_cfg.c **** * File Name: cyfitter_cfg.c
   4:Generated_Source\PSoC4/cyfitter_cfg.c **** * 
   5:Generated_Source\PSoC4/cyfitter_cfg.c **** * PSoC Creator  4.4
   6:Generated_Source\PSoC4/cyfitter_cfg.c **** *
   7:Generated_Source\PSoC4/cyfitter_cfg.c **** * Description:
   8:Generated_Source\PSoC4/cyfitter_cfg.c **** * This file contains device initialization code.
   9:Generated_Source\PSoC4/cyfitter_cfg.c **** * Except for the user defined sections in CyClockStartupError(), this file should not be modified.
  10:Generated_Source\PSoC4/cyfitter_cfg.c **** * This file is automatically generated by PSoC Creator.
  11:Generated_Source\PSoC4/cyfitter_cfg.c **** *
  12:Generated_Source\PSoC4/cyfitter_cfg.c **** ********************************************************************************
  13:Generated_Source\PSoC4/cyfitter_cfg.c **** * Copyright (c) 2007-2020 Cypress Semiconductor.  All rights reserved.
  14:Generated_Source\PSoC4/cyfitter_cfg.c **** * You may use this file only in accordance with the license, terms, conditions, 
  15:Generated_Source\PSoC4/cyfitter_cfg.c **** * disclaimers, and limitations in the end user license agreement accompanying 
  16:Generated_Source\PSoC4/cyfitter_cfg.c **** * the software package with which this file was provided.
  17:Generated_Source\PSoC4/cyfitter_cfg.c **** ********************************************************************************/
  18:Generated_Source\PSoC4/cyfitter_cfg.c **** 
  19:Generated_Source\PSoC4/cyfitter_cfg.c **** #include <string.h>
  20:Generated_Source\PSoC4/cyfitter_cfg.c **** #include "cytypes.h"
  21:Generated_Source\PSoC4/cyfitter_cfg.c **** #include "cydevice_trm.h"
  22:Generated_Source\PSoC4/cyfitter_cfg.c **** #include "cyfitter.h"
  23:Generated_Source\PSoC4/cyfitter_cfg.c **** #include "CyLib.h"
  24:Generated_Source\PSoC4/cyfitter_cfg.c **** #include "CyLFClk.h"
  25:Generated_Source\PSoC4/cyfitter_cfg.c **** #include "cyfitter_cfg.h"
  26:Generated_Source\PSoC4/cyfitter_cfg.c **** #include "cyapicallbacks.h"
  27:Generated_Source\PSoC4/cyfitter_cfg.c **** 
  28:Generated_Source\PSoC4/cyfitter_cfg.c **** 
  29:Generated_Source\PSoC4/cyfitter_cfg.c **** #if defined(__GNUC__) || defined(__ARMCC_VERSION)
  30:Generated_Source\PSoC4/cyfitter_cfg.c ****     #define CYPACKED 
  31:Generated_Source\PSoC4/cyfitter_cfg.c ****     #define CYPACKED_ATTR __attribute__ ((packed))
ARM GAS  C:\Users\NGUYEN~1\AppData\Local\Temp\ccidNm5v.s 			page 2


  32:Generated_Source\PSoC4/cyfitter_cfg.c ****     #define CYALIGNED __attribute__ ((aligned))
  33:Generated_Source\PSoC4/cyfitter_cfg.c ****     #define CY_CFG_UNUSED __attribute__ ((unused))
  34:Generated_Source\PSoC4/cyfitter_cfg.c ****     #ifndef CY_CFG_SECTION
  35:Generated_Source\PSoC4/cyfitter_cfg.c ****         #define CY_CFG_SECTION __attribute__ ((section(".psocinit")))
  36:Generated_Source\PSoC4/cyfitter_cfg.c ****     #endif
  37:Generated_Source\PSoC4/cyfitter_cfg.c ****     
  38:Generated_Source\PSoC4/cyfitter_cfg.c ****     #if defined(__ARMCC_VERSION)
  39:Generated_Source\PSoC4/cyfitter_cfg.c ****         #define CY_CFG_MEMORY_BARRIER() __memory_changed()
  40:Generated_Source\PSoC4/cyfitter_cfg.c ****     #else
  41:Generated_Source\PSoC4/cyfitter_cfg.c ****         #define CY_CFG_MEMORY_BARRIER() __sync_synchronize()
  42:Generated_Source\PSoC4/cyfitter_cfg.c ****     #endif
  43:Generated_Source\PSoC4/cyfitter_cfg.c ****     
  44:Generated_Source\PSoC4/cyfitter_cfg.c **** #elif defined(__ICCARM__)
  45:Generated_Source\PSoC4/cyfitter_cfg.c ****     #include <intrinsics.h>
  46:Generated_Source\PSoC4/cyfitter_cfg.c **** 
  47:Generated_Source\PSoC4/cyfitter_cfg.c ****     #define CYPACKED __packed
  48:Generated_Source\PSoC4/cyfitter_cfg.c ****     #define CYPACKED_ATTR 
  49:Generated_Source\PSoC4/cyfitter_cfg.c ****     #define CYALIGNED _Pragma("data_alignment=4")
  50:Generated_Source\PSoC4/cyfitter_cfg.c ****     #define CY_CFG_UNUSED _Pragma("diag_suppress=Pe177")
  51:Generated_Source\PSoC4/cyfitter_cfg.c ****     #define CY_CFG_SECTION _Pragma("location=\".psocinit\"")
  52:Generated_Source\PSoC4/cyfitter_cfg.c ****     
  53:Generated_Source\PSoC4/cyfitter_cfg.c ****     #define CY_CFG_MEMORY_BARRIER() __DMB()
  54:Generated_Source\PSoC4/cyfitter_cfg.c ****     
  55:Generated_Source\PSoC4/cyfitter_cfg.c **** #else
  56:Generated_Source\PSoC4/cyfitter_cfg.c ****     #error Unsupported toolchain
  57:Generated_Source\PSoC4/cyfitter_cfg.c **** #endif
  58:Generated_Source\PSoC4/cyfitter_cfg.c **** 
  59:Generated_Source\PSoC4/cyfitter_cfg.c **** #ifndef CYCODE
  60:Generated_Source\PSoC4/cyfitter_cfg.c ****     #define CYCODE
  61:Generated_Source\PSoC4/cyfitter_cfg.c **** #endif
  62:Generated_Source\PSoC4/cyfitter_cfg.c **** #ifndef CYDATA
  63:Generated_Source\PSoC4/cyfitter_cfg.c ****     #define CYDATA
  64:Generated_Source\PSoC4/cyfitter_cfg.c **** #endif
  65:Generated_Source\PSoC4/cyfitter_cfg.c **** #ifndef CYFAR
  66:Generated_Source\PSoC4/cyfitter_cfg.c ****     #define CYFAR
  67:Generated_Source\PSoC4/cyfitter_cfg.c **** #endif
  68:Generated_Source\PSoC4/cyfitter_cfg.c **** #ifndef CYXDATA
  69:Generated_Source\PSoC4/cyfitter_cfg.c ****     #define CYXDATA
  70:Generated_Source\PSoC4/cyfitter_cfg.c **** #endif
  71:Generated_Source\PSoC4/cyfitter_cfg.c **** 
  72:Generated_Source\PSoC4/cyfitter_cfg.c **** 
  73:Generated_Source\PSoC4/cyfitter_cfg.c **** CY_CFG_UNUSED
  74:Generated_Source\PSoC4/cyfitter_cfg.c **** static void CYMEMZERO(void *s, size_t n);
  75:Generated_Source\PSoC4/cyfitter_cfg.c **** CY_CFG_UNUSED
  76:Generated_Source\PSoC4/cyfitter_cfg.c **** static void CYMEMZERO(void *s, size_t n)
  77:Generated_Source\PSoC4/cyfitter_cfg.c **** {
  78:Generated_Source\PSoC4/cyfitter_cfg.c **** 	(void)memset(s, 0, n);
  79:Generated_Source\PSoC4/cyfitter_cfg.c **** }
  80:Generated_Source\PSoC4/cyfitter_cfg.c **** CY_CFG_UNUSED
  81:Generated_Source\PSoC4/cyfitter_cfg.c **** static void CYCONFIGCPY(void *dest, const void *src, size_t n);
  82:Generated_Source\PSoC4/cyfitter_cfg.c **** CY_CFG_UNUSED
  83:Generated_Source\PSoC4/cyfitter_cfg.c **** static void CYCONFIGCPY(void *dest, const void *src, size_t n)
  84:Generated_Source\PSoC4/cyfitter_cfg.c **** {
  85:Generated_Source\PSoC4/cyfitter_cfg.c **** 	(void)memcpy(dest, src, n);
  86:Generated_Source\PSoC4/cyfitter_cfg.c **** }
  87:Generated_Source\PSoC4/cyfitter_cfg.c **** CY_CFG_UNUSED
  88:Generated_Source\PSoC4/cyfitter_cfg.c **** static void CYCONFIGCPYCODE(void *dest, const void *src, size_t n);
ARM GAS  C:\Users\NGUYEN~1\AppData\Local\Temp\ccidNm5v.s 			page 3


  89:Generated_Source\PSoC4/cyfitter_cfg.c **** CY_CFG_UNUSED
  90:Generated_Source\PSoC4/cyfitter_cfg.c **** static void CYCONFIGCPYCODE(void *dest, const void *src, size_t n)
  91:Generated_Source\PSoC4/cyfitter_cfg.c **** {
  92:Generated_Source\PSoC4/cyfitter_cfg.c **** 	(void)memcpy(dest, src, n);
  93:Generated_Source\PSoC4/cyfitter_cfg.c **** }
  94:Generated_Source\PSoC4/cyfitter_cfg.c **** 
  95:Generated_Source\PSoC4/cyfitter_cfg.c **** 
  96:Generated_Source\PSoC4/cyfitter_cfg.c **** 
  97:Generated_Source\PSoC4/cyfitter_cfg.c **** 
  98:Generated_Source\PSoC4/cyfitter_cfg.c **** /* Clock startup error codes                                                   */
  99:Generated_Source\PSoC4/cyfitter_cfg.c **** #define CYCLOCKSTART_NO_ERROR    0u
 100:Generated_Source\PSoC4/cyfitter_cfg.c **** #define CYCLOCKSTART_XTAL_ERROR  1u
 101:Generated_Source\PSoC4/cyfitter_cfg.c **** #define CYCLOCKSTART_32KHZ_ERROR 2u
 102:Generated_Source\PSoC4/cyfitter_cfg.c **** #define CYCLOCKSTART_PLL_ERROR   3u
 103:Generated_Source\PSoC4/cyfitter_cfg.c **** #define CYCLOCKSTART_FLL_ERROR   4u
 104:Generated_Source\PSoC4/cyfitter_cfg.c **** #define CYCLOCKSTART_WCO_ERROR   5u
 105:Generated_Source\PSoC4/cyfitter_cfg.c **** 
 106:Generated_Source\PSoC4/cyfitter_cfg.c **** 
 107:Generated_Source\PSoC4/cyfitter_cfg.c **** #ifdef CY_NEED_CYCLOCKSTARTUPERROR
 108:Generated_Source\PSoC4/cyfitter_cfg.c **** /*******************************************************************************
 109:Generated_Source\PSoC4/cyfitter_cfg.c **** * Function Name: CyClockStartupError
 110:Generated_Source\PSoC4/cyfitter_cfg.c **** ********************************************************************************
 111:Generated_Source\PSoC4/cyfitter_cfg.c **** * Summary:
 112:Generated_Source\PSoC4/cyfitter_cfg.c **** *  If an error is encountered during clock configuration (crystal startup error,
 113:Generated_Source\PSoC4/cyfitter_cfg.c **** *  PLL lock error, etc.), the system will end up here.  Unless reimplemented by
 114:Generated_Source\PSoC4/cyfitter_cfg.c **** *  the customer, this function will stop in an infinite loop.
 115:Generated_Source\PSoC4/cyfitter_cfg.c **** *
 116:Generated_Source\PSoC4/cyfitter_cfg.c **** * Parameters:
 117:Generated_Source\PSoC4/cyfitter_cfg.c **** *   void
 118:Generated_Source\PSoC4/cyfitter_cfg.c **** *
 119:Generated_Source\PSoC4/cyfitter_cfg.c **** * Return:
 120:Generated_Source\PSoC4/cyfitter_cfg.c **** *   void
 121:Generated_Source\PSoC4/cyfitter_cfg.c **** *
 122:Generated_Source\PSoC4/cyfitter_cfg.c **** *******************************************************************************/
 123:Generated_Source\PSoC4/cyfitter_cfg.c **** CY_CFG_UNUSED
 124:Generated_Source\PSoC4/cyfitter_cfg.c **** static void CyClockStartupError(uint8 errorCode);
 125:Generated_Source\PSoC4/cyfitter_cfg.c **** CY_CFG_UNUSED
 126:Generated_Source\PSoC4/cyfitter_cfg.c **** static void CyClockStartupError(uint8 errorCode)
 127:Generated_Source\PSoC4/cyfitter_cfg.c **** {
 128:Generated_Source\PSoC4/cyfitter_cfg.c ****     /* To remove the compiler warning if errorCode not used.                */
 129:Generated_Source\PSoC4/cyfitter_cfg.c ****     errorCode = errorCode;
 130:Generated_Source\PSoC4/cyfitter_cfg.c **** 
 131:Generated_Source\PSoC4/cyfitter_cfg.c ****     /* If we have a clock startup error (bad MHz crystal, PLL lock, etc.),  */
 132:Generated_Source\PSoC4/cyfitter_cfg.c ****     /* we will end up here to allow the customer to implement something to  */
 133:Generated_Source\PSoC4/cyfitter_cfg.c ****     /* deal with the clock condition.                                       */
 134:Generated_Source\PSoC4/cyfitter_cfg.c **** 
 135:Generated_Source\PSoC4/cyfitter_cfg.c **** #ifdef CY_CFG_CLOCK_STARTUP_ERROR_CALLBACK
 136:Generated_Source\PSoC4/cyfitter_cfg.c ****     CY_CFG_Clock_Startup_ErrorCallback();
 137:Generated_Source\PSoC4/cyfitter_cfg.c **** #else
 138:Generated_Source\PSoC4/cyfitter_cfg.c ****     /*  If not using CY_CFG_CLOCK_STARTUP_ERROR_CALLBACK, place your clock startup code here. */
 139:Generated_Source\PSoC4/cyfitter_cfg.c ****     /* `#START CyClockStartupError` */
 140:Generated_Source\PSoC4/cyfitter_cfg.c **** 
 141:Generated_Source\PSoC4/cyfitter_cfg.c **** 
 142:Generated_Source\PSoC4/cyfitter_cfg.c **** 
 143:Generated_Source\PSoC4/cyfitter_cfg.c ****     /* `#END` */
 144:Generated_Source\PSoC4/cyfitter_cfg.c **** 
 145:Generated_Source\PSoC4/cyfitter_cfg.c ****     while(1) {}
ARM GAS  C:\Users\NGUYEN~1\AppData\Local\Temp\ccidNm5v.s 			page 4


 146:Generated_Source\PSoC4/cyfitter_cfg.c **** #endif /* CY_CFG_CLOCK_STARTUP_ERROR_CALLBACK */
 147:Generated_Source\PSoC4/cyfitter_cfg.c **** }
 148:Generated_Source\PSoC4/cyfitter_cfg.c **** #endif
 149:Generated_Source\PSoC4/cyfitter_cfg.c **** 
 150:Generated_Source\PSoC4/cyfitter_cfg.c **** #define CY_CFG_BASE_ADDR_COUNT 3u
 151:Generated_Source\PSoC4/cyfitter_cfg.c **** CYPACKED typedef struct
 152:Generated_Source\PSoC4/cyfitter_cfg.c **** {
 153:Generated_Source\PSoC4/cyfitter_cfg.c **** 	uint8 offset;
 154:Generated_Source\PSoC4/cyfitter_cfg.c **** 	uint8 value;
 155:Generated_Source\PSoC4/cyfitter_cfg.c **** } CYPACKED_ATTR cy_cfg_addrvalue_t;
 156:Generated_Source\PSoC4/cyfitter_cfg.c **** 
 157:Generated_Source\PSoC4/cyfitter_cfg.c **** 
 158:Generated_Source\PSoC4/cyfitter_cfg.c **** 
 159:Generated_Source\PSoC4/cyfitter_cfg.c **** /*******************************************************************************
 160:Generated_Source\PSoC4/cyfitter_cfg.c **** * Function Name: cfg_write_bytes32
 161:Generated_Source\PSoC4/cyfitter_cfg.c **** ********************************************************************************
 162:Generated_Source\PSoC4/cyfitter_cfg.c **** * Summary:
 163:Generated_Source\PSoC4/cyfitter_cfg.c **** *  This function is used for setting up the chip configuration areas that
 164:Generated_Source\PSoC4/cyfitter_cfg.c **** *  contain relatively sparse data.
 165:Generated_Source\PSoC4/cyfitter_cfg.c **** *
 166:Generated_Source\PSoC4/cyfitter_cfg.c **** * Parameters:
 167:Generated_Source\PSoC4/cyfitter_cfg.c **** *   void
 168:Generated_Source\PSoC4/cyfitter_cfg.c **** *
 169:Generated_Source\PSoC4/cyfitter_cfg.c **** * Return:
 170:Generated_Source\PSoC4/cyfitter_cfg.c **** *   void
 171:Generated_Source\PSoC4/cyfitter_cfg.c **** *
 172:Generated_Source\PSoC4/cyfitter_cfg.c **** *******************************************************************************/
 173:Generated_Source\PSoC4/cyfitter_cfg.c **** static void cfg_write_bytes32(const uint32 addr_table[], const cy_cfg_addrvalue_t data_table[]);
 174:Generated_Source\PSoC4/cyfitter_cfg.c **** static void cfg_write_bytes32(const uint32 addr_table[], const cy_cfg_addrvalue_t data_table[])
 175:Generated_Source\PSoC4/cyfitter_cfg.c **** {
  27              		.loc 1 175 0
  28              		.cfi_startproc
  29              		@ args = 0, pretend = 0, frame = 0
  30              		@ frame_needed = 0, uses_anonymous_args = 0
  31              	.LVL0:
  32 0000 F0B5     		push	{r4, r5, r6, r7, lr}
  33              		.cfi_def_cfa_offset 20
  34              		.cfi_offset 4, -20
  35              		.cfi_offset 5, -16
  36              		.cfi_offset 6, -12
  37              		.cfi_offset 7, -8
  38              		.cfi_offset 14, -4
  39              	.LVL1:
 176:Generated_Source\PSoC4/cyfitter_cfg.c **** 	/* For 32-bit little-endian architectures */
 177:Generated_Source\PSoC4/cyfitter_cfg.c **** 	uint32 i, j = 0u;
  40              		.loc 1 177 0
  41 0002 0025     		movs	r5, #0
 178:Generated_Source\PSoC4/cyfitter_cfg.c **** 	for (i = 0u; i < CY_CFG_BASE_ADDR_COUNT; i++)
  42              		.loc 1 178 0
  43 0004 0027     		movs	r7, #0
  44 0006 11E0     		b	.L2
  45              	.LVL2:
  46              	.L5:
  47              	.LBB2:
 179:Generated_Source\PSoC4/cyfitter_cfg.c **** 	{
 180:Generated_Source\PSoC4/cyfitter_cfg.c **** 		uint32 baseAddr = addr_table[i];
  48              		.loc 1 180 0
ARM GAS  C:\Users\NGUYEN~1\AppData\Local\Temp\ccidNm5v.s 			page 5


  49 0008 BB00     		lsls	r3, r7, #2
  50 000a C658     		ldr	r6, [r0, r3]
  51              	.LVL3:
 181:Generated_Source\PSoC4/cyfitter_cfg.c **** 		uint8 count = (uint8)baseAddr;
  52              		.loc 1 181 0
  53 000c F3B2     		uxtb	r3, r6
  54              	.LVL4:
 182:Generated_Source\PSoC4/cyfitter_cfg.c **** 		baseAddr &= 0xFFFFFF00u;
  55              		.loc 1 182 0
  56 000e FF22     		movs	r2, #255
  57 0010 9643     		bics	r6, r2
  58              	.LVL5:
 183:Generated_Source\PSoC4/cyfitter_cfg.c **** 		while (count != 0u)
  59              		.loc 1 183 0
  60 0012 08E0     		b	.L3
  61              	.L4:
 184:Generated_Source\PSoC4/cyfitter_cfg.c **** 		{
 185:Generated_Source\PSoC4/cyfitter_cfg.c **** 			CY_SET_REG8((void *)(baseAddr + data_table[j].offset), data_table[j].value);
  62              		.loc 1 185 0
  63 0014 6A00     		lsls	r2, r5, #1
  64 0016 8A18     		adds	r2, r1, r2
  65 0018 1478     		ldrb	r4, [r2]
  66 001a A419     		adds	r4, r4, r6
  67 001c 5278     		ldrb	r2, [r2, #1]
  68 001e 2270     		strb	r2, [r4]
 186:Generated_Source\PSoC4/cyfitter_cfg.c **** 			j++;
  69              		.loc 1 186 0
  70 0020 0135     		adds	r5, r5, #1
  71              	.LVL6:
 187:Generated_Source\PSoC4/cyfitter_cfg.c **** 			count--;
  72              		.loc 1 187 0
  73 0022 013B     		subs	r3, r3, #1
  74              	.LVL7:
  75 0024 DBB2     		uxtb	r3, r3
  76              	.LVL8:
  77              	.L3:
 183:Generated_Source\PSoC4/cyfitter_cfg.c **** 		{
  78              		.loc 1 183 0
  79 0026 002B     		cmp	r3, #0
  80 0028 F4D1     		bne	.L4
  81              	.LBE2:
 178:Generated_Source\PSoC4/cyfitter_cfg.c **** 	{
  82              		.loc 1 178 0 discriminator 2
  83 002a 0137     		adds	r7, r7, #1
  84              	.LVL9:
  85              	.L2:
 178:Generated_Source\PSoC4/cyfitter_cfg.c **** 	{
  86              		.loc 1 178 0 is_stmt 0 discriminator 1
  87 002c 022F     		cmp	r7, #2
  88 002e EBD9     		bls	.L5
 188:Generated_Source\PSoC4/cyfitter_cfg.c **** 		}
 189:Generated_Source\PSoC4/cyfitter_cfg.c **** 	}
 190:Generated_Source\PSoC4/cyfitter_cfg.c **** }
  89              		.loc 1 190 0 is_stmt 1
  90              		@ sp needed
  91              	.LVL10:
  92              	.LVL11:
ARM GAS  C:\Users\NGUYEN~1\AppData\Local\Temp\ccidNm5v.s 			page 6


  93 0030 F0BD     		pop	{r4, r5, r6, r7, pc}
  94              		.cfi_endproc
  95              	.LFE3:
  96              		.size	cfg_write_bytes32, .-cfg_write_bytes32
  97 0032 C046     		.section	.text.CYMEMZERO,"ax",%progbits
  98              		.align	2
  99              		.code	16
 100              		.thumb_func
 101              		.type	CYMEMZERO, %function
 102              	CYMEMZERO:
 103              	.LFB0:
  77:Generated_Source\PSoC4/cyfitter_cfg.c **** 	(void)memset(s, 0, n);
 104              		.loc 1 77 0
 105              		.cfi_startproc
 106              		@ args = 0, pretend = 0, frame = 0
 107              		@ frame_needed = 0, uses_anonymous_args = 0
 108              	.LVL12:
 109 0000 10B5     		push	{r4, lr}
 110              		.cfi_def_cfa_offset 8
 111              		.cfi_offset 4, -8
 112              		.cfi_offset 14, -4
 113 0002 0A00     		movs	r2, r1
  78:Generated_Source\PSoC4/cyfitter_cfg.c **** }
 114              		.loc 1 78 0
 115 0004 0021     		movs	r1, #0
 116              	.LVL13:
 117 0006 FFF7FEFF 		bl	memset
 118              	.LVL14:
  79:Generated_Source\PSoC4/cyfitter_cfg.c **** CY_CFG_UNUSED
 119              		.loc 1 79 0
 120              		@ sp needed
 121 000a 10BD     		pop	{r4, pc}
 122              		.cfi_endproc
 123              	.LFE0:
 124              		.size	CYMEMZERO, .-CYMEMZERO
 125              		.section	.psocinit,"ax",%progbits
 126              		.align	2
 127              		.code	16
 128              		.thumb_func
 129              		.type	ClockSetup, %function
 130              	ClockSetup:
 131              	.LFB4:
 191:Generated_Source\PSoC4/cyfitter_cfg.c **** 
 192:Generated_Source\PSoC4/cyfitter_cfg.c **** 
 193:Generated_Source\PSoC4/cyfitter_cfg.c **** /*******************************************************************************
 194:Generated_Source\PSoC4/cyfitter_cfg.c **** * Function Name: ClockSetup
 195:Generated_Source\PSoC4/cyfitter_cfg.c **** ********************************************************************************
 196:Generated_Source\PSoC4/cyfitter_cfg.c **** *
 197:Generated_Source\PSoC4/cyfitter_cfg.c **** * Summary:
 198:Generated_Source\PSoC4/cyfitter_cfg.c **** *   Performs the initialization of all of the clocks in the device based on the
 199:Generated_Source\PSoC4/cyfitter_cfg.c **** *   settings in the Clock tab of the DWR.  This includes enabling the requested
 200:Generated_Source\PSoC4/cyfitter_cfg.c **** *   clocks and setting the necessary dividers to produce the desired frequency. 
 201:Generated_Source\PSoC4/cyfitter_cfg.c **** *
 202:Generated_Source\PSoC4/cyfitter_cfg.c **** * Parameters:
 203:Generated_Source\PSoC4/cyfitter_cfg.c **** *   void
 204:Generated_Source\PSoC4/cyfitter_cfg.c **** *
 205:Generated_Source\PSoC4/cyfitter_cfg.c **** * Return:
ARM GAS  C:\Users\NGUYEN~1\AppData\Local\Temp\ccidNm5v.s 			page 7


 206:Generated_Source\PSoC4/cyfitter_cfg.c **** *   void
 207:Generated_Source\PSoC4/cyfitter_cfg.c **** *
 208:Generated_Source\PSoC4/cyfitter_cfg.c **** *******************************************************************************/
 209:Generated_Source\PSoC4/cyfitter_cfg.c **** static void ClockSetup(void);
 210:Generated_Source\PSoC4/cyfitter_cfg.c **** CY_CFG_SECTION
 211:Generated_Source\PSoC4/cyfitter_cfg.c **** static void ClockSetup(void)
 212:Generated_Source\PSoC4/cyfitter_cfg.c **** {
 132              		.loc 1 212 0
 133              		.cfi_startproc
 134              		@ args = 0, pretend = 0, frame = 0
 135              		@ frame_needed = 0, uses_anonymous_args = 0
 136 0000 70B5     		push	{r4, r5, r6, lr}
 137              		.cfi_def_cfa_offset 16
 138              		.cfi_offset 4, -16
 139              		.cfi_offset 5, -12
 140              		.cfi_offset 6, -8
 141              		.cfi_offset 14, -4
 213:Generated_Source\PSoC4/cyfitter_cfg.c **** 	/* Enable HALF_EN before trimming for the flash accelerator. */
 214:Generated_Source\PSoC4/cyfitter_cfg.c **** 	CY_SET_REG32((void CYXDATA *)(CYREG_CLK_SELECT), (CY_GET_REG32((void *)CYREG_CLK_SELECT) | 0x00040
 142              		.loc 1 214 0
 143 0002 164C     		ldr	r4, .L8
 144 0004 2368     		ldr	r3, [r4]
 145 0006 8022     		movs	r2, #128
 146 0008 D202     		lsls	r2, r2, #11
 147 000a 1343     		orrs	r3, r2
 148 000c 2360     		str	r3, [r4]
 215:Generated_Source\PSoC4/cyfitter_cfg.c **** 
 216:Generated_Source\PSoC4/cyfitter_cfg.c **** 	/* Setup and trim IMO based on desired frequency. */
 217:Generated_Source\PSoC4/cyfitter_cfg.c **** 	CySysClkWriteImoFreq(24u);
 149              		.loc 1 217 0
 150 000e 1820     		movs	r0, #24
 151 0010 FFF7FEFF 		bl	CySysClkWriteImoFreq
 152              	.LVL15:
 218:Generated_Source\PSoC4/cyfitter_cfg.c **** 
 219:Generated_Source\PSoC4/cyfitter_cfg.c **** 	/* Disable HALF_EN since it is not required at this IMO frequency. */
 220:Generated_Source\PSoC4/cyfitter_cfg.c **** 	CY_SET_REG32((void CYXDATA *)(CYREG_CLK_SELECT), (CY_GET_REG32((void *)CYREG_CLK_SELECT) & 0xFFFBF
 153              		.loc 1 220 0
 154 0014 2268     		ldr	r2, [r4]
 155 0016 124B     		ldr	r3, .L8+4
 156 0018 1340     		ands	r3, r2
 157 001a 2360     		str	r3, [r4]
 221:Generated_Source\PSoC4/cyfitter_cfg.c **** 	/* CYDEV_CLK_ILO_CONFIG Starting address: CYDEV_CLK_ILO_CONFIG */
 222:Generated_Source\PSoC4/cyfitter_cfg.c **** 	CY_SET_REG32((void *)(CYREG_CLK_ILO_CONFIG), 0x80000006u);
 158              		.loc 1 222 0
 159 001c 114A     		ldr	r2, .L8+8
 160 001e 124B     		ldr	r3, .L8+12
 161 0020 1A60     		str	r2, [r3]
 223:Generated_Source\PSoC4/cyfitter_cfg.c **** 
 224:Generated_Source\PSoC4/cyfitter_cfg.c **** 
 225:Generated_Source\PSoC4/cyfitter_cfg.c **** 	/* CYDEV_CLK_SELECT00 Starting address: CYDEV_CLK_SELECT00 */
 226:Generated_Source\PSoC4/cyfitter_cfg.c **** 	CY_SET_REG32((void *)(CYREG_CLK_SELECT08), 0x00000010u);
 162              		.loc 1 226 0
 163 0022 1022     		movs	r2, #16
 164 0024 114B     		ldr	r3, .L8+16
 165 0026 1A60     		str	r2, [r3]
 227:Generated_Source\PSoC4/cyfitter_cfg.c **** 	CY_SET_REG32((void *)(CYREG_CLK_SELECT09), 0x00000020u);
 166              		.loc 1 227 0
ARM GAS  C:\Users\NGUYEN~1\AppData\Local\Temp\ccidNm5v.s 			page 8


 167 0028 1032     		adds	r2, r2, #16
 168 002a 114B     		ldr	r3, .L8+20
 169 002c 1A60     		str	r2, [r3]
 228:Generated_Source\PSoC4/cyfitter_cfg.c **** 
 229:Generated_Source\PSoC4/cyfitter_cfg.c **** 	/* CYDEV_CLK_IMO_CONFIG Starting address: CYDEV_CLK_IMO_CONFIG */
 230:Generated_Source\PSoC4/cyfitter_cfg.c **** 	CY_SET_REG32((void *)(CYREG_CLK_IMO_CONFIG), 0x80000000u);
 170              		.loc 1 230 0
 171 002e 8022     		movs	r2, #128
 172 0030 1206     		lsls	r2, r2, #24
 173 0032 104B     		ldr	r3, .L8+24
 174 0034 1A60     		str	r2, [r3]
 231:Generated_Source\PSoC4/cyfitter_cfg.c **** 
 232:Generated_Source\PSoC4/cyfitter_cfg.c **** 	/* CYDEV_CLK_SELECT Starting address: CYDEV_CLK_SELECT */
 233:Generated_Source\PSoC4/cyfitter_cfg.c **** 	CY_SET_REG32((void *)(CYREG_CLK_SELECT), 0x00000000u);
 175              		.loc 1 233 0
 176 0036 0025     		movs	r5, #0
 177 0038 2560     		str	r5, [r4]
 234:Generated_Source\PSoC4/cyfitter_cfg.c **** 
 235:Generated_Source\PSoC4/cyfitter_cfg.c **** 	/* CYDEV_CLK_DIVIDER_A00 Starting address: CYDEV_CLK_DIVIDER_A00 */
 236:Generated_Source\PSoC4/cyfitter_cfg.c **** 	CY_SET_REG32((void *)(CYREG_CLK_DIVIDER_A00), 0x80000001u);
 178              		.loc 1 236 0
 179 003a 0F4A     		ldr	r2, .L8+28
 180 003c 0F4B     		ldr	r3, .L8+32
 181 003e 1A60     		str	r2, [r3]
 237:Generated_Source\PSoC4/cyfitter_cfg.c **** 
 238:Generated_Source\PSoC4/cyfitter_cfg.c **** 	/* CYDEV_CLK_DIVIDER_B00 Starting address: CYDEV_CLK_DIVIDER_B00 */
 239:Generated_Source\PSoC4/cyfitter_cfg.c **** 	CY_SET_REG32((void *)(CYREG_CLK_DIVIDER_B00), 0x80005DBFu);
 182              		.loc 1 239 0
 183 0040 0F4A     		ldr	r2, .L8+36
 184 0042 104B     		ldr	r3, .L8+40
 185 0044 1A60     		str	r2, [r3]
 240:Generated_Source\PSoC4/cyfitter_cfg.c **** 
 241:Generated_Source\PSoC4/cyfitter_cfg.c **** 	(void)CyIntSetVector(9u, &CySysWdtIsr);
 186              		.loc 1 241 0
 187 0046 1049     		ldr	r1, .L8+44
 188 0048 0920     		movs	r0, #9
 189 004a FFF7FEFF 		bl	CyIntSetVector
 190              	.LVL16:
 242:Generated_Source\PSoC4/cyfitter_cfg.c **** 	CyIntEnable(9u);
 191              		.loc 1 242 0
 192 004e 0920     		movs	r0, #9
 193 0050 FFF7FEFF 		bl	CyIntEnable
 194              	.LVL17:
 243:Generated_Source\PSoC4/cyfitter_cfg.c **** 	CY_SET_REG32((void *)(CYREG_WDT_CONFIG), 0x00000000u);
 195              		.loc 1 243 0
 196 0054 0D4B     		ldr	r3, .L8+48
 197 0056 1D60     		str	r5, [r3]
 244:Generated_Source\PSoC4/cyfitter_cfg.c **** }
 198              		.loc 1 244 0
 199              		@ sp needed
 200 0058 70BD     		pop	{r4, r5, r6, pc}
 201              	.L9:
 202 005a C046     		.align	2
 203              	.L8:
 204 005c 00010B40 		.word	1074462976
 205 0060 FFFFFBFF 		.word	-262145
 206 0064 06000080 		.word	-2147483642
ARM GAS  C:\Users\NGUYEN~1\AppData\Local\Temp\ccidNm5v.s 			page 9


 207 0068 04010B40 		.word	1074462980
 208 006c 20020240 		.word	1073873440
 209 0070 24020240 		.word	1073873444
 210 0074 08010B40 		.word	1074462984
 211 0078 01000080 		.word	-2147483647
 212 007c 00000240 		.word	1073872896
 213 0080 BF5D0080 		.word	-2147459649
 214 0084 40000240 		.word	1073872960
 215 0088 00000000 		.word	CySysWdtIsr
 216 008c 0C020B40 		.word	1074463244
 217              		.cfi_endproc
 218              	.LFE4:
 219              		.size	ClockSetup, .-ClockSetup
 220              		.align	2
 221              		.global	cyfitter_cfg
 222              		.code	16
 223              		.thumb_func
 224              		.type	cyfitter_cfg, %function
 225              	cyfitter_cfg:
 226              	.LFB6:
 245:Generated_Source\PSoC4/cyfitter_cfg.c **** 
 246:Generated_Source\PSoC4/cyfitter_cfg.c **** 
 247:Generated_Source\PSoC4/cyfitter_cfg.c **** /* Analog API Functions */
 248:Generated_Source\PSoC4/cyfitter_cfg.c **** 
 249:Generated_Source\PSoC4/cyfitter_cfg.c **** 
 250:Generated_Source\PSoC4/cyfitter_cfg.c **** /*******************************************************************************
 251:Generated_Source\PSoC4/cyfitter_cfg.c **** * Function Name: AnalogSetDefault
 252:Generated_Source\PSoC4/cyfitter_cfg.c **** ********************************************************************************
 253:Generated_Source\PSoC4/cyfitter_cfg.c **** *
 254:Generated_Source\PSoC4/cyfitter_cfg.c **** * Summary:
 255:Generated_Source\PSoC4/cyfitter_cfg.c **** *  Sets up the analog portions of the chip to default values based on chip
 256:Generated_Source\PSoC4/cyfitter_cfg.c **** *  configuration options from the project.
 257:Generated_Source\PSoC4/cyfitter_cfg.c **** *
 258:Generated_Source\PSoC4/cyfitter_cfg.c **** * Parameters:
 259:Generated_Source\PSoC4/cyfitter_cfg.c **** *  void
 260:Generated_Source\PSoC4/cyfitter_cfg.c **** *
 261:Generated_Source\PSoC4/cyfitter_cfg.c **** * Return:
 262:Generated_Source\PSoC4/cyfitter_cfg.c **** *  void
 263:Generated_Source\PSoC4/cyfitter_cfg.c **** *
 264:Generated_Source\PSoC4/cyfitter_cfg.c **** *******************************************************************************/
 265:Generated_Source\PSoC4/cyfitter_cfg.c **** static void AnalogSetDefault(void);
 266:Generated_Source\PSoC4/cyfitter_cfg.c **** static void AnalogSetDefault(void)
 267:Generated_Source\PSoC4/cyfitter_cfg.c **** {
 268:Generated_Source\PSoC4/cyfitter_cfg.c **** }
 269:Generated_Source\PSoC4/cyfitter_cfg.c **** 
 270:Generated_Source\PSoC4/cyfitter_cfg.c **** 
 271:Generated_Source\PSoC4/cyfitter_cfg.c **** 
 272:Generated_Source\PSoC4/cyfitter_cfg.c **** 
 273:Generated_Source\PSoC4/cyfitter_cfg.c **** /*******************************************************************************
 274:Generated_Source\PSoC4/cyfitter_cfg.c **** * Function Name: cyfitter_cfg
 275:Generated_Source\PSoC4/cyfitter_cfg.c **** ********************************************************************************
 276:Generated_Source\PSoC4/cyfitter_cfg.c **** * Summary:
 277:Generated_Source\PSoC4/cyfitter_cfg.c **** *  This function is called by the start-up code for the selected device. It
 278:Generated_Source\PSoC4/cyfitter_cfg.c **** *  performs all of the necessary device configuration based on the design
 279:Generated_Source\PSoC4/cyfitter_cfg.c **** *  settings.  This includes settings from the Design Wide Resources (DWR) such
 280:Generated_Source\PSoC4/cyfitter_cfg.c **** *  as Clocks and Pins as well as any component configuration that is necessary.
 281:Generated_Source\PSoC4/cyfitter_cfg.c **** *
ARM GAS  C:\Users\NGUYEN~1\AppData\Local\Temp\ccidNm5v.s 			page 10


 282:Generated_Source\PSoC4/cyfitter_cfg.c **** * Parameters:
 283:Generated_Source\PSoC4/cyfitter_cfg.c **** *   void
 284:Generated_Source\PSoC4/cyfitter_cfg.c **** *
 285:Generated_Source\PSoC4/cyfitter_cfg.c **** * Return:
 286:Generated_Source\PSoC4/cyfitter_cfg.c **** *   void
 287:Generated_Source\PSoC4/cyfitter_cfg.c **** *
 288:Generated_Source\PSoC4/cyfitter_cfg.c **** *******************************************************************************/
 289:Generated_Source\PSoC4/cyfitter_cfg.c **** CY_CFG_SECTION
 290:Generated_Source\PSoC4/cyfitter_cfg.c **** void cyfitter_cfg(void)
 291:Generated_Source\PSoC4/cyfitter_cfg.c **** {
 227              		.loc 1 291 0
 228              		.cfi_startproc
 229              		@ args = 0, pretend = 0, frame = 0
 230              		@ frame_needed = 0, uses_anonymous_args = 0
 231 0090 10B5     		push	{r4, lr}
 232              		.cfi_def_cfa_offset 8
 233              		.cfi_offset 4, -8
 234              		.cfi_offset 14, -4
 292:Generated_Source\PSoC4/cyfitter_cfg.c **** 	/* Disable interrupts by default. Let user enable if/when they want. */
 293:Generated_Source\PSoC4/cyfitter_cfg.c **** 	CyGlobalIntDisable;
 235              		.loc 1 293 0
 236              		.syntax divided
 237              	@ 293 "Generated_Source\PSoC4\cyfitter_cfg.c" 1
 238 0092 72B6     		CPSID   i
 239              	@ 0 "" 2
 240              	.LVL18:
 241              		.thumb
 242              		.syntax unified
 243              	.LBB3:
 294:Generated_Source\PSoC4/cyfitter_cfg.c **** 
 295:Generated_Source\PSoC4/cyfitter_cfg.c **** 	{
 296:Generated_Source\PSoC4/cyfitter_cfg.c **** 		static const uint32 CYCODE cy_cfg_addr_table[] = {
 297:Generated_Source\PSoC4/cyfitter_cfg.c **** 			0x400F4002u, /* Base address: 0x400F4000 Count: 2 */
 298:Generated_Source\PSoC4/cyfitter_cfg.c **** 			0x400F4103u, /* Base address: 0x400F4100 Count: 3 */
 299:Generated_Source\PSoC4/cyfitter_cfg.c **** 			0x400F6002u, /* Base address: 0x400F6000 Count: 2 */
 300:Generated_Source\PSoC4/cyfitter_cfg.c **** 		};
 301:Generated_Source\PSoC4/cyfitter_cfg.c **** 
 302:Generated_Source\PSoC4/cyfitter_cfg.c **** 		static const cy_cfg_addrvalue_t CYCODE cy_cfg_data_table[] = {
 303:Generated_Source\PSoC4/cyfitter_cfg.c **** 			{0x02u, 0x40u},
 304:Generated_Source\PSoC4/cyfitter_cfg.c **** 			{0xC0u, 0x10u},
 305:Generated_Source\PSoC4/cyfitter_cfg.c **** 			{0x46u, 0x40u},
 306:Generated_Source\PSoC4/cyfitter_cfg.c **** 			{0x9Au, 0x40u},
 307:Generated_Source\PSoC4/cyfitter_cfg.c **** 			{0xD0u, 0x80u},
 308:Generated_Source\PSoC4/cyfitter_cfg.c **** 			{0x02u, 0x01u},
 309:Generated_Source\PSoC4/cyfitter_cfg.c **** 			{0x11u, 0x01u},
 310:Generated_Source\PSoC4/cyfitter_cfg.c **** 		};
 311:Generated_Source\PSoC4/cyfitter_cfg.c **** 
 312:Generated_Source\PSoC4/cyfitter_cfg.c **** 
 313:Generated_Source\PSoC4/cyfitter_cfg.c **** 
 314:Generated_Source\PSoC4/cyfitter_cfg.c **** 		CYPACKED typedef struct {
 315:Generated_Source\PSoC4/cyfitter_cfg.c **** 			void CYFAR *address;
 316:Generated_Source\PSoC4/cyfitter_cfg.c **** 			uint16 size;
 317:Generated_Source\PSoC4/cyfitter_cfg.c **** 		} CYPACKED_ATTR cfg_memset_t;
 318:Generated_Source\PSoC4/cyfitter_cfg.c **** 
 319:Generated_Source\PSoC4/cyfitter_cfg.c **** 		static const cfg_memset_t CYCODE cfg_memset_list[] = {
 320:Generated_Source\PSoC4/cyfitter_cfg.c **** 			/* address, size */
 321:Generated_Source\PSoC4/cyfitter_cfg.c **** 			{(void CYFAR *)(CYDEV_UDB_P0_U0_BASE), 1024u},
ARM GAS  C:\Users\NGUYEN~1\AppData\Local\Temp\ccidNm5v.s 			page 11


 322:Generated_Source\PSoC4/cyfitter_cfg.c **** 			{(void CYFAR *)(CYDEV_UDB_DSI0_BASE), 1024u},
 323:Generated_Source\PSoC4/cyfitter_cfg.c **** 		};
 324:Generated_Source\PSoC4/cyfitter_cfg.c **** 
 325:Generated_Source\PSoC4/cyfitter_cfg.c **** 		uint8 CYDATA i;
 326:Generated_Source\PSoC4/cyfitter_cfg.c **** 
 327:Generated_Source\PSoC4/cyfitter_cfg.c **** 		/* Zero out critical memory blocks before beginning configuration */
 328:Generated_Source\PSoC4/cyfitter_cfg.c **** 		for (i = 0u; i < (sizeof(cfg_memset_list)/sizeof(cfg_memset_list[0])); i++)
 244              		.loc 1 328 0
 245 0094 0024     		movs	r4, #0
 246 0096 0FE0     		b	.L11
 247              	.LVL19:
 248              	.L12:
 249              	.LBB4:
 329:Generated_Source\PSoC4/cyfitter_cfg.c **** 		{
 330:Generated_Source\PSoC4/cyfitter_cfg.c **** 			const cfg_memset_t CYCODE * CYDATA ms = &cfg_memset_list[i];
 331:Generated_Source\PSoC4/cyfitter_cfg.c **** 			CYMEMZERO(ms->address, (size_t)(uint32)(ms->size));
 250              		.loc 1 331 0 discriminator 3
 251 0098 2448     		ldr	r0, .L13
 252 009a 6200     		lsls	r2, r4, #1
 253 009c 1319     		adds	r3, r2, r4
 254 009e 5900     		lsls	r1, r3, #1
 255 00a0 0B00     		movs	r3, r1
 256 00a2 4118     		adds	r1, r0, r1
 257 00a4 8988     		ldrh	r1, [r1, #4]
 258 00a6 1A5A     		ldrh	r2, [r3, r0]
 259 00a8 C318     		adds	r3, r0, r3
 260 00aa 5888     		ldrh	r0, [r3, #2]
 261 00ac 0004     		lsls	r0, r0, #16
 262 00ae 1043     		orrs	r0, r2
 263 00b0 FFF7FEFF 		bl	CYMEMZERO
 264              	.LVL20:
 265              	.LBE4:
 328:Generated_Source\PSoC4/cyfitter_cfg.c **** 		{
 266              		.loc 1 328 0 discriminator 3
 267 00b4 0134     		adds	r4, r4, #1
 268              	.LVL21:
 269 00b6 E4B2     		uxtb	r4, r4
 270              	.LVL22:
 271              	.L11:
 328:Generated_Source\PSoC4/cyfitter_cfg.c **** 		{
 272              		.loc 1 328 0 is_stmt 0 discriminator 1
 273 00b8 012C     		cmp	r4, #1
 274 00ba EDD9     		bls	.L12
 332:Generated_Source\PSoC4/cyfitter_cfg.c **** 		}
 333:Generated_Source\PSoC4/cyfitter_cfg.c **** 
 334:Generated_Source\PSoC4/cyfitter_cfg.c **** 		cfg_write_bytes32(cy_cfg_addr_table, cy_cfg_data_table);
 275              		.loc 1 334 0 is_stmt 1
 276 00bc 1B48     		ldr	r0, .L13
 277 00be 0100     		movs	r1, r0
 278 00c0 0C31     		adds	r1, r1, #12
 279 00c2 1C30     		adds	r0, r0, #28
 280 00c4 FFF7FEFF 		bl	cfg_write_bytes32
 281              	.LVL23:
 335:Generated_Source\PSoC4/cyfitter_cfg.c **** 
 336:Generated_Source\PSoC4/cyfitter_cfg.c **** 		/* HSIOM Starting address: CYDEV_HSIOM_BASE */
 337:Generated_Source\PSoC4/cyfitter_cfg.c **** 		CY_SET_REG32((void *)(CYREG_HSIOM_PORT_SEL2), 0x00080000u);
 282              		.loc 1 337 0
ARM GAS  C:\Users\NGUYEN~1\AppData\Local\Temp\ccidNm5v.s 			page 12


 283 00c8 8022     		movs	r2, #128
 284 00ca 1203     		lsls	r2, r2, #12
 285 00cc 184B     		ldr	r3, .L13+4
 286 00ce 1A60     		str	r2, [r3]
 338:Generated_Source\PSoC4/cyfitter_cfg.c **** 		CY_SET_REG32((void *)(CYREG_HSIOM_PORT_SEL3), 0x0000EE00u);
 287              		.loc 1 338 0
 288 00d0 EE22     		movs	r2, #238
 289 00d2 1202     		lsls	r2, r2, #8
 290 00d4 174B     		ldr	r3, .L13+8
 291 00d6 1A60     		str	r2, [r3]
 339:Generated_Source\PSoC4/cyfitter_cfg.c **** 
 340:Generated_Source\PSoC4/cyfitter_cfg.c **** 		/* UDB_PA_0 Starting address: CYDEV_UDB_PA0_BASE */
 341:Generated_Source\PSoC4/cyfitter_cfg.c **** 		CY_SET_REG32((void *)(CYDEV_UDB_PA0_BASE), 0x00990004u);
 292              		.loc 1 341 0
 293 00d8 174A     		ldr	r2, .L13+12
 294 00da 184B     		ldr	r3, .L13+16
 295 00dc 1A60     		str	r2, [r3]
 342:Generated_Source\PSoC4/cyfitter_cfg.c **** 		CY_SET_REG32((void *)(CYREG_UDB_PA0_CFG4), 0x00020000u);
 296              		.loc 1 342 0
 297 00de 8022     		movs	r2, #128
 298 00e0 9202     		lsls	r2, r2, #10
 299 00e2 174B     		ldr	r3, .L13+20
 300 00e4 1A60     		str	r2, [r3]
 343:Generated_Source\PSoC4/cyfitter_cfg.c **** 
 344:Generated_Source\PSoC4/cyfitter_cfg.c **** 		/* UDB_PA_2 Starting address: CYDEV_UDB_PA2_BASE */
 345:Generated_Source\PSoC4/cyfitter_cfg.c **** 		CY_SET_REG32((void *)(CYDEV_UDB_PA2_BASE), 0x00990000u);
 301              		.loc 1 345 0
 302 00e6 9923     		movs	r3, #153
 303 00e8 1B04     		lsls	r3, r3, #16
 304 00ea 164A     		ldr	r2, .L13+24
 305 00ec 1360     		str	r3, [r2]
 346:Generated_Source\PSoC4/cyfitter_cfg.c **** 
 347:Generated_Source\PSoC4/cyfitter_cfg.c **** 		/* UDB_PA_3 Starting address: CYDEV_UDB_PA3_BASE */
 348:Generated_Source\PSoC4/cyfitter_cfg.c **** 		CY_SET_REG32((void *)(CYDEV_UDB_PA3_BASE), 0x00990000u);
 306              		.loc 1 348 0
 307 00ee 164A     		ldr	r2, .L13+28
 308 00f0 1360     		str	r3, [r2]
 349:Generated_Source\PSoC4/cyfitter_cfg.c **** 
 350:Generated_Source\PSoC4/cyfitter_cfg.c **** 		/* TCPWM_CNT1 Starting address: CYDEV_TCPWM_CNT1_TR_CTRL0 */
 351:Generated_Source\PSoC4/cyfitter_cfg.c **** 		CY_SET_REG32((void *)(CYREG_TCPWM_CNT1_TR_CTRL0), 0x000DDD1Du);
 309              		.loc 1 351 0
 310 00f2 164A     		ldr	r2, .L13+32
 311 00f4 164B     		ldr	r3, .L13+36
 312 00f6 1A60     		str	r2, [r3]
 352:Generated_Source\PSoC4/cyfitter_cfg.c **** 
 353:Generated_Source\PSoC4/cyfitter_cfg.c **** 		/* Enable digital routing */
 354:Generated_Source\PSoC4/cyfitter_cfg.c **** 		CY_SET_XTND_REG8((void *)CYREG_UDB_UDBIF_BANK_CTL, (uint8)(CY_GET_XTND_REG8((void *)CYREG_UDB_UDB
 313              		.loc 1 354 0
 314 00f8 164A     		ldr	r2, .L13+40
 315 00fa 1178     		ldrb	r1, [r2]
 316 00fc 0623     		movs	r3, #6
 317 00fe 0B43     		orrs	r3, r1
 318 0100 DBB2     		uxtb	r3, r3
 319 0102 1370     		strb	r3, [r2]
 320              	.LBE3:
 355:Generated_Source\PSoC4/cyfitter_cfg.c **** 	}
 356:Generated_Source\PSoC4/cyfitter_cfg.c **** 
ARM GAS  C:\Users\NGUYEN~1\AppData\Local\Temp\ccidNm5v.s 			page 13


 357:Generated_Source\PSoC4/cyfitter_cfg.c **** 	/* Perform second pass device configuration. These items must be configured in specific order afte
 358:Generated_Source\PSoC4/cyfitter_cfg.c **** 	/* IOPINS0_0 Starting address: CYDEV_PRT0_BASE */
 359:Generated_Source\PSoC4/cyfitter_cfg.c **** 	CY_SET_REG32((void *)(CYDEV_PRT0_BASE), 0x00000001u);
 321              		.loc 1 359 0
 322 0104 0122     		movs	r2, #1
 323 0106 144B     		ldr	r3, .L13+44
 324 0108 1A60     		str	r2, [r3]
 360:Generated_Source\PSoC4/cyfitter_cfg.c **** 	CY_SET_REG32((void *)(CYREG_PRT0_PC), 0x00000002u);
 325              		.loc 1 360 0
 326 010a 0132     		adds	r2, r2, #1
 327 010c 134B     		ldr	r3, .L13+48
 328 010e 1A60     		str	r2, [r3]
 361:Generated_Source\PSoC4/cyfitter_cfg.c **** 
 362:Generated_Source\PSoC4/cyfitter_cfg.c **** 	/* IOPINS0_2 Starting address: CYDEV_PRT2_BASE */
 363:Generated_Source\PSoC4/cyfitter_cfg.c **** 	CY_SET_REG32((void *)(CYDEV_PRT2_BASE), 0x00000010u);
 329              		.loc 1 363 0
 330 0110 0E32     		adds	r2, r2, #14
 331 0112 134B     		ldr	r3, .L13+52
 332 0114 1A60     		str	r2, [r3]
 364:Generated_Source\PSoC4/cyfitter_cfg.c **** 	CY_SET_REG32((void *)(CYREG_PRT2_PC), 0x00006000u);
 333              		.loc 1 364 0
 334 0116 C022     		movs	r2, #192
 335 0118 D201     		lsls	r2, r2, #7
 336 011a 124B     		ldr	r3, .L13+56
 337 011c 1A60     		str	r2, [r3]
 365:Generated_Source\PSoC4/cyfitter_cfg.c **** 
 366:Generated_Source\PSoC4/cyfitter_cfg.c **** 	/* IOPINS0_3 Starting address: CYDEV_PRT3_BASE */
 367:Generated_Source\PSoC4/cyfitter_cfg.c **** 	CY_SET_REG32((void *)(CYREG_PRT3_PC), 0x00000D80u);
 338              		.loc 1 367 0
 339 011e D822     		movs	r2, #216
 340 0120 1201     		lsls	r2, r2, #4
 341 0122 114B     		ldr	r3, .L13+60
 342 0124 1A60     		str	r2, [r3]
 368:Generated_Source\PSoC4/cyfitter_cfg.c **** 
 369:Generated_Source\PSoC4/cyfitter_cfg.c **** 
 370:Generated_Source\PSoC4/cyfitter_cfg.c **** 	/* Setup clocks based on selections from Clock DWR */
 371:Generated_Source\PSoC4/cyfitter_cfg.c **** 	ClockSetup();
 343              		.loc 1 371 0
 344 0126 FFF76BFF 		bl	ClockSetup
 345              	.LVL24:
 372:Generated_Source\PSoC4/cyfitter_cfg.c **** 
 373:Generated_Source\PSoC4/cyfitter_cfg.c **** 	/* Perform basic analog initialization to defaults */
 374:Generated_Source\PSoC4/cyfitter_cfg.c **** 	AnalogSetDefault();
 375:Generated_Source\PSoC4/cyfitter_cfg.c **** 
 376:Generated_Source\PSoC4/cyfitter_cfg.c **** }
 346              		.loc 1 376 0
 347              		@ sp needed
 348              	.LVL25:
 349 012a 10BD     		pop	{r4, pc}
 350              	.L14:
 351              		.align	2
 352              	.L13:
 353 012c 00000000 		.word	.LANCHOR0
 354 0130 08000140 		.word	1073807368
 355 0134 0C000140 		.word	1073807372
 356 0138 04009900 		.word	10027012
 357 013c 00500F40 		.word	1074745344
ARM GAS  C:\Users\NGUYEN~1\AppData\Local\Temp\ccidNm5v.s 			page 14


 358 0140 04500F40 		.word	1074745348
 359 0144 20500F40 		.word	1074745376
 360 0148 30500F40 		.word	1074745392
 361 014c 1DDD0D00 		.word	908573
 362 0150 60010540 		.word	1074069856
 363 0154 00700F40 		.word	1074753536
 364 0158 00000440 		.word	1074003968
 365 015c 08000440 		.word	1074003976
 366 0160 00020440 		.word	1074004480
 367 0164 08020440 		.word	1074004488
 368 0168 08030440 		.word	1074004744
 369              		.cfi_endproc
 370              	.LFE6:
 371              		.size	cyfitter_cfg, .-cyfitter_cfg
 372              		.section	.rodata
 373              		.align	2
 374              		.set	.LANCHOR0,. + 0
 375              		.type	cfg_memset_list.4870, %object
 376              		.size	cfg_memset_list.4870, 12
 377              	cfg_memset_list.4870:
 378 0000 00300F40 		.word	1074737152
 379 0004 0004     		.short	1024
 380 0006 00400F40 		.4byte	1074741248
 381 000a 0004     		.short	1024
 382              		.type	cy_cfg_data_table.4865, %object
 383              		.size	cy_cfg_data_table.4865, 14
 384              	cy_cfg_data_table.4865:
 385 000c 02       		.byte	2
 386 000d 40       		.byte	64
 387 000e C0       		.byte	-64
 388 000f 10       		.byte	16
 389 0010 46       		.byte	70
 390 0011 40       		.byte	64
 391 0012 9A       		.byte	-102
 392 0013 40       		.byte	64
 393 0014 D0       		.byte	-48
 394 0015 80       		.byte	-128
 395 0016 02       		.byte	2
 396 0017 01       		.byte	1
 397 0018 11       		.byte	17
 398 0019 01       		.byte	1
 399 001a 0000     		.space	2
 400              		.type	cy_cfg_addr_table.4864, %object
 401              		.size	cy_cfg_addr_table.4864, 12
 402              	cy_cfg_addr_table.4864:
 403 001c 02400F40 		.word	1074741250
 404 0020 03410F40 		.word	1074741507
 405 0024 02600F40 		.word	1074749442
 406              		.text
 407              	.Letext0:
 408              		.file 2 "c:\\program files (x86)\\cypress\\psoc creator\\4.4\\psoc creator\\import\\gnu\\arm\\5.4.
 409              		.file 3 "Generated_Source\\PSoC4\\cytypes.h"
 410              		.file 4 "Generated_Source\\PSoC4\\CyLib.h"
 411              		.section	.debug_info,"",%progbits
 412              	.Ldebug_info0:
 413 0000 9C030000 		.4byte	0x39c
 414 0004 0400     		.2byte	0x4
ARM GAS  C:\Users\NGUYEN~1\AppData\Local\Temp\ccidNm5v.s 			page 15


 415 0006 00000000 		.4byte	.Ldebug_abbrev0
 416 000a 04       		.byte	0x4
 417 000b 01       		.uleb128 0x1
 418 000c 51010000 		.4byte	.LASF39
 419 0010 0C       		.byte	0xc
 420 0011 7E020000 		.4byte	.LASF40
 421 0015 19010000 		.4byte	.LASF41
 422 0019 00000000 		.4byte	.Ldebug_ranges0+0
 423 001d 00000000 		.4byte	0
 424 0021 00000000 		.4byte	.Ldebug_line0
 425 0025 02       		.uleb128 0x2
 426 0026 04       		.byte	0x4
 427 0027 05       		.byte	0x5
 428 0028 696E7400 		.ascii	"int\000"
 429 002c 03       		.uleb128 0x3
 430 002d 06000000 		.4byte	.LASF12
 431 0031 02       		.byte	0x2
 432 0032 D8       		.byte	0xd8
 433 0033 37000000 		.4byte	0x37
 434 0037 04       		.uleb128 0x4
 435 0038 04       		.byte	0x4
 436 0039 07       		.byte	0x7
 437 003a FF000000 		.4byte	.LASF0
 438 003e 04       		.uleb128 0x4
 439 003f 08       		.byte	0x8
 440 0040 05       		.byte	0x5
 441 0041 11020000 		.4byte	.LASF1
 442 0045 04       		.uleb128 0x4
 443 0046 08       		.byte	0x8
 444 0047 04       		.byte	0x4
 445 0048 66020000 		.4byte	.LASF2
 446 004c 04       		.uleb128 0x4
 447 004d 01       		.byte	0x1
 448 004e 06       		.byte	0x6
 449 004f 72020000 		.4byte	.LASF3
 450 0053 04       		.uleb128 0x4
 451 0054 01       		.byte	0x1
 452 0055 08       		.byte	0x8
 453 0056 A1000000 		.4byte	.LASF4
 454 005a 04       		.uleb128 0x4
 455 005b 02       		.byte	0x2
 456 005c 05       		.byte	0x5
 457 005d 3E020000 		.4byte	.LASF5
 458 0061 04       		.uleb128 0x4
 459 0062 02       		.byte	0x2
 460 0063 07       		.byte	0x7
 461 0064 FE010000 		.4byte	.LASF6
 462 0068 04       		.uleb128 0x4
 463 0069 04       		.byte	0x4
 464 006a 05       		.byte	0x5
 465 006b 5D020000 		.4byte	.LASF7
 466 006f 04       		.uleb128 0x4
 467 0070 04       		.byte	0x4
 468 0071 07       		.byte	0x7
 469 0072 7F000000 		.4byte	.LASF8
 470 0076 04       		.uleb128 0x4
 471 0077 08       		.byte	0x8
ARM GAS  C:\Users\NGUYEN~1\AppData\Local\Temp\ccidNm5v.s 			page 16


 472 0078 07       		.byte	0x7
 473 0079 3A010000 		.4byte	.LASF9
 474 007d 04       		.uleb128 0x4
 475 007e 04       		.byte	0x4
 476 007f 07       		.byte	0x7
 477 0080 F5010000 		.4byte	.LASF10
 478 0084 05       		.uleb128 0x5
 479 0085 04       		.byte	0x4
 480 0086 04       		.uleb128 0x4
 481 0087 01       		.byte	0x1
 482 0088 08       		.byte	0x8
 483 0089 1F020000 		.4byte	.LASF11
 484 008d 06       		.uleb128 0x6
 485 008e 91000000 		.4byte	.LASF13
 486 0092 03       		.byte	0x3
 487 0093 FB01     		.2byte	0x1fb
 488 0095 53000000 		.4byte	0x53
 489 0099 06       		.uleb128 0x6
 490 009a E6000000 		.4byte	.LASF14
 491 009e 03       		.byte	0x3
 492 009f FC01     		.2byte	0x1fc
 493 00a1 61000000 		.4byte	0x61
 494 00a5 06       		.uleb128 0x6
 495 00a6 F8000000 		.4byte	.LASF15
 496 00aa 03       		.byte	0x3
 497 00ab FD01     		.2byte	0x1fd
 498 00ad 6F000000 		.4byte	0x6f
 499 00b1 04       		.uleb128 0x4
 500 00b2 04       		.byte	0x4
 501 00b3 04       		.byte	0x4
 502 00b4 57000000 		.4byte	.LASF16
 503 00b8 04       		.uleb128 0x4
 504 00b9 08       		.byte	0x8
 505 00ba 04       		.byte	0x4
 506 00bb B6000000 		.4byte	.LASF17
 507 00bf 06       		.uleb128 0x6
 508 00c0 72000000 		.4byte	.LASF18
 509 00c4 03       		.byte	0x3
 510 00c5 A502     		.2byte	0x2a5
 511 00c7 CB000000 		.4byte	0xcb
 512 00cb 07       		.uleb128 0x7
 513 00cc 8D000000 		.4byte	0x8d
 514 00d0 06       		.uleb128 0x6
 515 00d1 00000000 		.4byte	.LASF19
 516 00d5 03       		.byte	0x3
 517 00d6 A702     		.2byte	0x2a7
 518 00d8 DC000000 		.4byte	0xdc
 519 00dc 07       		.uleb128 0x7
 520 00dd A5000000 		.4byte	0xa5
 521 00e1 08       		.uleb128 0x8
 522 00e2 02       		.byte	0x2
 523 00e3 01       		.byte	0x1
 524 00e4 97       		.byte	0x97
 525 00e5 02010000 		.4byte	0x102
 526 00e9 09       		.uleb128 0x9
 527 00ea 37020000 		.4byte	.LASF20
 528 00ee 01       		.byte	0x1
ARM GAS  C:\Users\NGUYEN~1\AppData\Local\Temp\ccidNm5v.s 			page 17


 529 00ef 99       		.byte	0x99
 530 00f0 8D000000 		.4byte	0x8d
 531 00f4 00       		.byte	0
 532 00f5 09       		.uleb128 0x9
 533 00f6 1C000000 		.4byte	.LASF21
 534 00fa 01       		.byte	0x1
 535 00fb 9A       		.byte	0x9a
 536 00fc 8D000000 		.4byte	0x8d
 537 0100 01       		.byte	0x1
 538 0101 00       		.byte	0
 539 0102 03       		.uleb128 0x3
 540 0103 24020000 		.4byte	.LASF22
 541 0107 01       		.byte	0x1
 542 0108 9B       		.byte	0x9b
 543 0109 E1000000 		.4byte	0xe1
 544 010d 0A       		.uleb128 0xa
 545 010e BD000000 		.4byte	.LASF27
 546 0112 01       		.byte	0x1
 547 0113 AE       		.byte	0xae
 548 0114 00000000 		.4byte	.LFB3
 549 0118 32000000 		.4byte	.LFE3-.LFB3
 550 011c 01       		.uleb128 0x1
 551 011d 9C       		.byte	0x9c
 552 011e 7F010000 		.4byte	0x17f
 553 0122 0B       		.uleb128 0xb
 554 0123 DB000000 		.4byte	.LASF23
 555 0127 01       		.byte	0x1
 556 0128 AE       		.byte	0xae
 557 0129 7F010000 		.4byte	0x17f
 558 012d 01       		.uleb128 0x1
 559 012e 50       		.byte	0x50
 560 012f 0B       		.uleb128 0xb
 561 0130 ED000000 		.4byte	.LASF24
 562 0134 01       		.byte	0x1
 563 0135 AE       		.byte	0xae
 564 0136 8A010000 		.4byte	0x18a
 565 013a 01       		.uleb128 0x1
 566 013b 51       		.byte	0x51
 567 013c 0C       		.uleb128 0xc
 568 013d 6900     		.ascii	"i\000"
 569 013f 01       		.byte	0x1
 570 0140 B1       		.byte	0xb1
 571 0141 A5000000 		.4byte	0xa5
 572 0145 00000000 		.4byte	.LLST0
 573 0149 0C       		.uleb128 0xc
 574 014a 6A00     		.ascii	"j\000"
 575 014c 01       		.byte	0x1
 576 014d B1       		.byte	0xb1
 577 014e A5000000 		.4byte	0xa5
 578 0152 1F000000 		.4byte	.LLST1
 579 0156 0D       		.uleb128 0xd
 580 0157 08000000 		.4byte	.LBB2
 581 015b 22000000 		.4byte	.LBE2-.LBB2
 582 015f 0E       		.uleb128 0xe
 583 0160 EC010000 		.4byte	.LASF25
 584 0164 01       		.byte	0x1
 585 0165 B4       		.byte	0xb4
ARM GAS  C:\Users\NGUYEN~1\AppData\Local\Temp\ccidNm5v.s 			page 18


 586 0166 A5000000 		.4byte	0xa5
 587 016a 3E000000 		.4byte	.LLST2
 588 016e 0E       		.uleb128 0xe
 589 016f 22000000 		.4byte	.LASF26
 590 0173 01       		.byte	0x1
 591 0174 B5       		.byte	0xb5
 592 0175 8D000000 		.4byte	0x8d
 593 0179 51000000 		.4byte	.LLST3
 594 017d 00       		.byte	0
 595 017e 00       		.byte	0
 596 017f 0F       		.uleb128 0xf
 597 0180 04       		.byte	0x4
 598 0181 85010000 		.4byte	0x185
 599 0185 10       		.uleb128 0x10
 600 0186 A5000000 		.4byte	0xa5
 601 018a 0F       		.uleb128 0xf
 602 018b 04       		.byte	0x4
 603 018c 90010000 		.4byte	0x190
 604 0190 10       		.uleb128 0x10
 605 0191 02010000 		.4byte	0x102
 606 0195 0A       		.uleb128 0xa
 607 0196 97000000 		.4byte	.LASF28
 608 019a 01       		.byte	0x1
 609 019b 4C       		.byte	0x4c
 610 019c 00000000 		.4byte	.LFB0
 611 01a0 0C000000 		.4byte	.LFE0-.LFB0
 612 01a4 01       		.uleb128 0x1
 613 01a5 9C       		.byte	0x9c
 614 01a6 E2010000 		.4byte	0x1e2
 615 01aa 11       		.uleb128 0x11
 616 01ab 7300     		.ascii	"s\000"
 617 01ad 01       		.byte	0x1
 618 01ae 4C       		.byte	0x4c
 619 01af 84000000 		.4byte	0x84
 620 01b3 6F000000 		.4byte	.LLST4
 621 01b7 11       		.uleb128 0x11
 622 01b8 6E00     		.ascii	"n\000"
 623 01ba 01       		.byte	0x1
 624 01bb 4C       		.byte	0x4c
 625 01bc 2C000000 		.4byte	0x2c
 626 01c0 90000000 		.4byte	.LLST5
 627 01c4 12       		.uleb128 0x12
 628 01c5 0A000000 		.4byte	.LVL14
 629 01c9 75030000 		.4byte	0x375
 630 01cd 13       		.uleb128 0x13
 631 01ce 01       		.uleb128 0x1
 632 01cf 50       		.byte	0x50
 633 01d0 03       		.uleb128 0x3
 634 01d1 F3       		.byte	0xf3
 635 01d2 01       		.uleb128 0x1
 636 01d3 50       		.byte	0x50
 637 01d4 13       		.uleb128 0x13
 638 01d5 01       		.uleb128 0x1
 639 01d6 51       		.byte	0x51
 640 01d7 01       		.uleb128 0x1
 641 01d8 30       		.byte	0x30
 642 01d9 13       		.uleb128 0x13
ARM GAS  C:\Users\NGUYEN~1\AppData\Local\Temp\ccidNm5v.s 			page 19


 643 01da 01       		.uleb128 0x1
 644 01db 52       		.byte	0x52
 645 01dc 03       		.uleb128 0x3
 646 01dd F3       		.byte	0xf3
 647 01de 01       		.uleb128 0x1
 648 01df 51       		.byte	0x51
 649 01e0 00       		.byte	0
 650 01e1 00       		.byte	0
 651 01e2 0A       		.uleb128 0xa
 652 01e3 28000000 		.4byte	.LASF29
 653 01e7 01       		.byte	0x1
 654 01e8 D3       		.byte	0xd3
 655 01e9 00000000 		.4byte	.LFB4
 656 01ed 90000000 		.4byte	.LFE4-.LFB4
 657 01f1 01       		.uleb128 0x1
 658 01f2 9C       		.byte	0x9c
 659 01f3 2D020000 		.4byte	0x22d
 660 01f7 14       		.uleb128 0x14
 661 01f8 14000000 		.4byte	.LVL15
 662 01fc 7E030000 		.4byte	0x37e
 663 0200 0A020000 		.4byte	0x20a
 664 0204 13       		.uleb128 0x13
 665 0205 01       		.uleb128 0x1
 666 0206 50       		.byte	0x50
 667 0207 01       		.uleb128 0x1
 668 0208 48       		.byte	0x48
 669 0209 00       		.byte	0
 670 020a 14       		.uleb128 0x14
 671 020b 4E000000 		.4byte	.LVL16
 672 020f 89030000 		.4byte	0x389
 673 0213 1D020000 		.4byte	0x21d
 674 0217 13       		.uleb128 0x13
 675 0218 01       		.uleb128 0x1
 676 0219 50       		.byte	0x50
 677 021a 01       		.uleb128 0x1
 678 021b 39       		.byte	0x39
 679 021c 00       		.byte	0
 680 021d 12       		.uleb128 0x12
 681 021e 54000000 		.4byte	.LVL17
 682 0222 94030000 		.4byte	0x394
 683 0226 13       		.uleb128 0x13
 684 0227 01       		.uleb128 0x1
 685 0228 50       		.byte	0x50
 686 0229 01       		.uleb128 0x1
 687 022a 39       		.byte	0x39
 688 022b 00       		.byte	0
 689 022c 00       		.byte	0
 690 022d 15       		.uleb128 0x15
 691 022e 0C010000 		.4byte	.LASF42
 692 0232 01       		.byte	0x1
 693 0233 2201     		.2byte	0x122
 694 0235 90000000 		.4byte	.LFB6
 695 0239 DC000000 		.4byte	.LFE6-.LFB6
 696 023d 01       		.uleb128 0x1
 697 023e 9C       		.byte	0x9c
 698 023f 4B030000 		.4byte	0x34b
 699 0243 16       		.uleb128 0x16
ARM GAS  C:\Users\NGUYEN~1\AppData\Local\Temp\ccidNm5v.s 			page 20


 700 0244 94000000 		.4byte	.LBB3
 701 0248 70000000 		.4byte	.LBE3-.LBB3
 702 024c 41030000 		.4byte	0x341
 703 0250 17       		.uleb128 0x17
 704 0251 33000000 		.4byte	.LASF30
 705 0255 01       		.byte	0x1
 706 0256 2801     		.2byte	0x128
 707 0258 5B030000 		.4byte	0x35b
 708 025c 05       		.uleb128 0x5
 709 025d 03       		.byte	0x3
 710 025e 1C000000 		.4byte	cy_cfg_addr_table.4864
 711 0262 17       		.uleb128 0x17
 712 0263 45000000 		.4byte	.LASF31
 713 0267 01       		.byte	0x1
 714 0268 2E01     		.2byte	0x12e
 715 026a 70030000 		.4byte	0x370
 716 026e 05       		.uleb128 0x5
 717 026f 03       		.byte	0x3
 718 0270 0C000000 		.4byte	cy_cfg_data_table.4865
 719 0274 18       		.uleb128 0x18
 720 0275 06       		.byte	0x6
 721 0276 01       		.byte	0x1
 722 0277 3A01     		.2byte	0x13a
 723 0279 98020000 		.4byte	0x298
 724 027d 19       		.uleb128 0x19
 725 027e 77000000 		.4byte	.LASF32
 726 0282 01       		.byte	0x1
 727 0283 3B01     		.2byte	0x13b
 728 0285 84000000 		.4byte	0x84
 729 0289 00       		.byte	0
 730 028a 19       		.uleb128 0x19
 731 028b 6D000000 		.4byte	.LASF33
 732 028f 01       		.byte	0x1
 733 0290 3C01     		.2byte	0x13c
 734 0292 99000000 		.4byte	0x99
 735 0296 04       		.byte	0x4
 736 0297 00       		.byte	0
 737 0298 06       		.uleb128 0x6
 738 0299 DF010000 		.4byte	.LASF34
 739 029d 01       		.byte	0x1
 740 029e 3D01     		.2byte	0x13d
 741 02a0 74020000 		.4byte	0x274
 742 02a4 1A       		.uleb128 0x1a
 743 02a5 B4020000 		.4byte	0x2b4
 744 02a9 B4020000 		.4byte	0x2b4
 745 02ad 1B       		.uleb128 0x1b
 746 02ae 7D000000 		.4byte	0x7d
 747 02b2 01       		.byte	0x1
 748 02b3 00       		.byte	0
 749 02b4 10       		.uleb128 0x10
 750 02b5 98020000 		.4byte	0x298
 751 02b9 17       		.uleb128 0x17
 752 02ba 5D000000 		.4byte	.LASF35
 753 02be 01       		.byte	0x1
 754 02bf 3F01     		.2byte	0x13f
 755 02c1 CB020000 		.4byte	0x2cb
 756 02c5 05       		.uleb128 0x5
ARM GAS  C:\Users\NGUYEN~1\AppData\Local\Temp\ccidNm5v.s 			page 21


 757 02c6 03       		.byte	0x3
 758 02c7 00000000 		.4byte	cfg_memset_list.4870
 759 02cb 10       		.uleb128 0x10
 760 02cc A4020000 		.4byte	0x2a4
 761 02d0 1C       		.uleb128 0x1c
 762 02d1 6900     		.ascii	"i\000"
 763 02d3 01       		.byte	0x1
 764 02d4 4501     		.2byte	0x145
 765 02d6 8D000000 		.4byte	0x8d
 766 02da BC000000 		.4byte	.LLST6
 767 02de 16       		.uleb128 0x16
 768 02df 98000000 		.4byte	.LBB4
 769 02e3 1C000000 		.4byte	.LBE4-.LBB4
 770 02e7 24030000 		.4byte	0x324
 771 02eb 1C       		.uleb128 0x1c
 772 02ec 6D7300   		.ascii	"ms\000"
 773 02ef 01       		.byte	0x1
 774 02f0 4A01     		.2byte	0x14a
 775 02f2 FA020000 		.4byte	0x2fa
 776 02f6 E6000000 		.4byte	.LLST7
 777 02fa 0F       		.uleb128 0xf
 778 02fb 04       		.byte	0x4
 779 02fc B4020000 		.4byte	0x2b4
 780 0300 12       		.uleb128 0x12
 781 0301 B4000000 		.4byte	.LVL20
 782 0305 95010000 		.4byte	0x195
 783 0309 13       		.uleb128 0x13
 784 030a 01       		.uleb128 0x1
 785 030b 51       		.byte	0x51
 786 030c 15       		.uleb128 0x15
 787 030d 74       		.byte	0x74
 788 030e 00       		.sleb128 0
 789 030f 31       		.byte	0x31
 790 0310 24       		.byte	0x24
 791 0311 74       		.byte	0x74
 792 0312 00       		.sleb128 0
 793 0313 22       		.byte	0x22
 794 0314 31       		.byte	0x31
 795 0315 24       		.byte	0x24
 796 0316 03       		.byte	0x3
 797 0317 04000000 		.4byte	.LANCHOR0+4
 798 031b 22       		.byte	0x22
 799 031c 94       		.byte	0x94
 800 031d 02       		.byte	0x2
 801 031e 0A       		.byte	0xa
 802 031f FFFF     		.2byte	0xffff
 803 0321 1A       		.byte	0x1a
 804 0322 00       		.byte	0
 805 0323 00       		.byte	0
 806 0324 12       		.uleb128 0x12
 807 0325 C8000000 		.4byte	.LVL23
 808 0329 0D010000 		.4byte	0x10d
 809 032d 13       		.uleb128 0x13
 810 032e 01       		.uleb128 0x1
 811 032f 50       		.byte	0x50
 812 0330 05       		.uleb128 0x5
 813 0331 03       		.byte	0x3
ARM GAS  C:\Users\NGUYEN~1\AppData\Local\Temp\ccidNm5v.s 			page 22


 814 0332 1C000000 		.4byte	.LANCHOR0+28
 815 0336 13       		.uleb128 0x13
 816 0337 01       		.uleb128 0x1
 817 0338 51       		.byte	0x51
 818 0339 05       		.uleb128 0x5
 819 033a 03       		.byte	0x3
 820 033b 0C000000 		.4byte	.LANCHOR0+12
 821 033f 00       		.byte	0
 822 0340 00       		.byte	0
 823 0341 1D       		.uleb128 0x1d
 824 0342 2A010000 		.4byte	.LVL24
 825 0346 E2010000 		.4byte	0x1e2
 826 034a 00       		.byte	0
 827 034b 1A       		.uleb128 0x1a
 828 034c 85010000 		.4byte	0x185
 829 0350 5B030000 		.4byte	0x35b
 830 0354 1B       		.uleb128 0x1b
 831 0355 7D000000 		.4byte	0x7d
 832 0359 02       		.byte	0x2
 833 035a 00       		.byte	0
 834 035b 10       		.uleb128 0x10
 835 035c 4B030000 		.4byte	0x34b
 836 0360 1A       		.uleb128 0x1a
 837 0361 90010000 		.4byte	0x190
 838 0365 70030000 		.4byte	0x370
 839 0369 1B       		.uleb128 0x1b
 840 036a 7D000000 		.4byte	0x7d
 841 036e 06       		.byte	0x6
 842 036f 00       		.byte	0
 843 0370 10       		.uleb128 0x10
 844 0371 60030000 		.4byte	0x360
 845 0375 1E       		.uleb128 0x1e
 846 0376 AF000000 		.4byte	.LASF43
 847 037a AF000000 		.4byte	.LASF43
 848 037e 1F       		.uleb128 0x1f
 849 037f 48020000 		.4byte	.LASF36
 850 0383 48020000 		.4byte	.LASF36
 851 0387 04       		.byte	0x4
 852 0388 6C       		.byte	0x6c
 853 0389 1F       		.uleb128 0x1f
 854 038a 0D000000 		.4byte	.LASF37
 855 038e 0D000000 		.4byte	.LASF37
 856 0392 04       		.byte	0x4
 857 0393 D0       		.byte	0xd0
 858 0394 1F       		.uleb128 0x1f
 859 0395 CF000000 		.4byte	.LASF38
 860 0399 CF000000 		.4byte	.LASF38
 861 039d 04       		.byte	0x4
 862 039e D6       		.byte	0xd6
 863 039f 00       		.byte	0
 864              		.section	.debug_abbrev,"",%progbits
 865              	.Ldebug_abbrev0:
 866 0000 01       		.uleb128 0x1
 867 0001 11       		.uleb128 0x11
 868 0002 01       		.byte	0x1
 869 0003 25       		.uleb128 0x25
 870 0004 0E       		.uleb128 0xe
ARM GAS  C:\Users\NGUYEN~1\AppData\Local\Temp\ccidNm5v.s 			page 23


 871 0005 13       		.uleb128 0x13
 872 0006 0B       		.uleb128 0xb
 873 0007 03       		.uleb128 0x3
 874 0008 0E       		.uleb128 0xe
 875 0009 1B       		.uleb128 0x1b
 876 000a 0E       		.uleb128 0xe
 877 000b 55       		.uleb128 0x55
 878 000c 17       		.uleb128 0x17
 879 000d 11       		.uleb128 0x11
 880 000e 01       		.uleb128 0x1
 881 000f 10       		.uleb128 0x10
 882 0010 17       		.uleb128 0x17
 883 0011 00       		.byte	0
 884 0012 00       		.byte	0
 885 0013 02       		.uleb128 0x2
 886 0014 24       		.uleb128 0x24
 887 0015 00       		.byte	0
 888 0016 0B       		.uleb128 0xb
 889 0017 0B       		.uleb128 0xb
 890 0018 3E       		.uleb128 0x3e
 891 0019 0B       		.uleb128 0xb
 892 001a 03       		.uleb128 0x3
 893 001b 08       		.uleb128 0x8
 894 001c 00       		.byte	0
 895 001d 00       		.byte	0
 896 001e 03       		.uleb128 0x3
 897 001f 16       		.uleb128 0x16
 898 0020 00       		.byte	0
 899 0021 03       		.uleb128 0x3
 900 0022 0E       		.uleb128 0xe
 901 0023 3A       		.uleb128 0x3a
 902 0024 0B       		.uleb128 0xb
 903 0025 3B       		.uleb128 0x3b
 904 0026 0B       		.uleb128 0xb
 905 0027 49       		.uleb128 0x49
 906 0028 13       		.uleb128 0x13
 907 0029 00       		.byte	0
 908 002a 00       		.byte	0
 909 002b 04       		.uleb128 0x4
 910 002c 24       		.uleb128 0x24
 911 002d 00       		.byte	0
 912 002e 0B       		.uleb128 0xb
 913 002f 0B       		.uleb128 0xb
 914 0030 3E       		.uleb128 0x3e
 915 0031 0B       		.uleb128 0xb
 916 0032 03       		.uleb128 0x3
 917 0033 0E       		.uleb128 0xe
 918 0034 00       		.byte	0
 919 0035 00       		.byte	0
 920 0036 05       		.uleb128 0x5
 921 0037 0F       		.uleb128 0xf
 922 0038 00       		.byte	0
 923 0039 0B       		.uleb128 0xb
 924 003a 0B       		.uleb128 0xb
 925 003b 00       		.byte	0
 926 003c 00       		.byte	0
 927 003d 06       		.uleb128 0x6
ARM GAS  C:\Users\NGUYEN~1\AppData\Local\Temp\ccidNm5v.s 			page 24


 928 003e 16       		.uleb128 0x16
 929 003f 00       		.byte	0
 930 0040 03       		.uleb128 0x3
 931 0041 0E       		.uleb128 0xe
 932 0042 3A       		.uleb128 0x3a
 933 0043 0B       		.uleb128 0xb
 934 0044 3B       		.uleb128 0x3b
 935 0045 05       		.uleb128 0x5
 936 0046 49       		.uleb128 0x49
 937 0047 13       		.uleb128 0x13
 938 0048 00       		.byte	0
 939 0049 00       		.byte	0
 940 004a 07       		.uleb128 0x7
 941 004b 35       		.uleb128 0x35
 942 004c 00       		.byte	0
 943 004d 49       		.uleb128 0x49
 944 004e 13       		.uleb128 0x13
 945 004f 00       		.byte	0
 946 0050 00       		.byte	0
 947 0051 08       		.uleb128 0x8
 948 0052 13       		.uleb128 0x13
 949 0053 01       		.byte	0x1
 950 0054 0B       		.uleb128 0xb
 951 0055 0B       		.uleb128 0xb
 952 0056 3A       		.uleb128 0x3a
 953 0057 0B       		.uleb128 0xb
 954 0058 3B       		.uleb128 0x3b
 955 0059 0B       		.uleb128 0xb
 956 005a 01       		.uleb128 0x1
 957 005b 13       		.uleb128 0x13
 958 005c 00       		.byte	0
 959 005d 00       		.byte	0
 960 005e 09       		.uleb128 0x9
 961 005f 0D       		.uleb128 0xd
 962 0060 00       		.byte	0
 963 0061 03       		.uleb128 0x3
 964 0062 0E       		.uleb128 0xe
 965 0063 3A       		.uleb128 0x3a
 966 0064 0B       		.uleb128 0xb
 967 0065 3B       		.uleb128 0x3b
 968 0066 0B       		.uleb128 0xb
 969 0067 49       		.uleb128 0x49
 970 0068 13       		.uleb128 0x13
 971 0069 38       		.uleb128 0x38
 972 006a 0B       		.uleb128 0xb
 973 006b 00       		.byte	0
 974 006c 00       		.byte	0
 975 006d 0A       		.uleb128 0xa
 976 006e 2E       		.uleb128 0x2e
 977 006f 01       		.byte	0x1
 978 0070 03       		.uleb128 0x3
 979 0071 0E       		.uleb128 0xe
 980 0072 3A       		.uleb128 0x3a
 981 0073 0B       		.uleb128 0xb
 982 0074 3B       		.uleb128 0x3b
 983 0075 0B       		.uleb128 0xb
 984 0076 27       		.uleb128 0x27
ARM GAS  C:\Users\NGUYEN~1\AppData\Local\Temp\ccidNm5v.s 			page 25


 985 0077 19       		.uleb128 0x19
 986 0078 11       		.uleb128 0x11
 987 0079 01       		.uleb128 0x1
 988 007a 12       		.uleb128 0x12
 989 007b 06       		.uleb128 0x6
 990 007c 40       		.uleb128 0x40
 991 007d 18       		.uleb128 0x18
 992 007e 9742     		.uleb128 0x2117
 993 0080 19       		.uleb128 0x19
 994 0081 01       		.uleb128 0x1
 995 0082 13       		.uleb128 0x13
 996 0083 00       		.byte	0
 997 0084 00       		.byte	0
 998 0085 0B       		.uleb128 0xb
 999 0086 05       		.uleb128 0x5
 1000 0087 00       		.byte	0
 1001 0088 03       		.uleb128 0x3
 1002 0089 0E       		.uleb128 0xe
 1003 008a 3A       		.uleb128 0x3a
 1004 008b 0B       		.uleb128 0xb
 1005 008c 3B       		.uleb128 0x3b
 1006 008d 0B       		.uleb128 0xb
 1007 008e 49       		.uleb128 0x49
 1008 008f 13       		.uleb128 0x13
 1009 0090 02       		.uleb128 0x2
 1010 0091 18       		.uleb128 0x18
 1011 0092 00       		.byte	0
 1012 0093 00       		.byte	0
 1013 0094 0C       		.uleb128 0xc
 1014 0095 34       		.uleb128 0x34
 1015 0096 00       		.byte	0
 1016 0097 03       		.uleb128 0x3
 1017 0098 08       		.uleb128 0x8
 1018 0099 3A       		.uleb128 0x3a
 1019 009a 0B       		.uleb128 0xb
 1020 009b 3B       		.uleb128 0x3b
 1021 009c 0B       		.uleb128 0xb
 1022 009d 49       		.uleb128 0x49
 1023 009e 13       		.uleb128 0x13
 1024 009f 02       		.uleb128 0x2
 1025 00a0 17       		.uleb128 0x17
 1026 00a1 00       		.byte	0
 1027 00a2 00       		.byte	0
 1028 00a3 0D       		.uleb128 0xd
 1029 00a4 0B       		.uleb128 0xb
 1030 00a5 01       		.byte	0x1
 1031 00a6 11       		.uleb128 0x11
 1032 00a7 01       		.uleb128 0x1
 1033 00a8 12       		.uleb128 0x12
 1034 00a9 06       		.uleb128 0x6
 1035 00aa 00       		.byte	0
 1036 00ab 00       		.byte	0
 1037 00ac 0E       		.uleb128 0xe
 1038 00ad 34       		.uleb128 0x34
 1039 00ae 00       		.byte	0
 1040 00af 03       		.uleb128 0x3
 1041 00b0 0E       		.uleb128 0xe
ARM GAS  C:\Users\NGUYEN~1\AppData\Local\Temp\ccidNm5v.s 			page 26


 1042 00b1 3A       		.uleb128 0x3a
 1043 00b2 0B       		.uleb128 0xb
 1044 00b3 3B       		.uleb128 0x3b
 1045 00b4 0B       		.uleb128 0xb
 1046 00b5 49       		.uleb128 0x49
 1047 00b6 13       		.uleb128 0x13
 1048 00b7 02       		.uleb128 0x2
 1049 00b8 17       		.uleb128 0x17
 1050 00b9 00       		.byte	0
 1051 00ba 00       		.byte	0
 1052 00bb 0F       		.uleb128 0xf
 1053 00bc 0F       		.uleb128 0xf
 1054 00bd 00       		.byte	0
 1055 00be 0B       		.uleb128 0xb
 1056 00bf 0B       		.uleb128 0xb
 1057 00c0 49       		.uleb128 0x49
 1058 00c1 13       		.uleb128 0x13
 1059 00c2 00       		.byte	0
 1060 00c3 00       		.byte	0
 1061 00c4 10       		.uleb128 0x10
 1062 00c5 26       		.uleb128 0x26
 1063 00c6 00       		.byte	0
 1064 00c7 49       		.uleb128 0x49
 1065 00c8 13       		.uleb128 0x13
 1066 00c9 00       		.byte	0
 1067 00ca 00       		.byte	0
 1068 00cb 11       		.uleb128 0x11
 1069 00cc 05       		.uleb128 0x5
 1070 00cd 00       		.byte	0
 1071 00ce 03       		.uleb128 0x3
 1072 00cf 08       		.uleb128 0x8
 1073 00d0 3A       		.uleb128 0x3a
 1074 00d1 0B       		.uleb128 0xb
 1075 00d2 3B       		.uleb128 0x3b
 1076 00d3 0B       		.uleb128 0xb
 1077 00d4 49       		.uleb128 0x49
 1078 00d5 13       		.uleb128 0x13
 1079 00d6 02       		.uleb128 0x2
 1080 00d7 17       		.uleb128 0x17
 1081 00d8 00       		.byte	0
 1082 00d9 00       		.byte	0
 1083 00da 12       		.uleb128 0x12
 1084 00db 898201   		.uleb128 0x4109
 1085 00de 01       		.byte	0x1
 1086 00df 11       		.uleb128 0x11
 1087 00e0 01       		.uleb128 0x1
 1088 00e1 31       		.uleb128 0x31
 1089 00e2 13       		.uleb128 0x13
 1090 00e3 00       		.byte	0
 1091 00e4 00       		.byte	0
 1092 00e5 13       		.uleb128 0x13
 1093 00e6 8A8201   		.uleb128 0x410a
 1094 00e9 00       		.byte	0
 1095 00ea 02       		.uleb128 0x2
 1096 00eb 18       		.uleb128 0x18
 1097 00ec 9142     		.uleb128 0x2111
 1098 00ee 18       		.uleb128 0x18
ARM GAS  C:\Users\NGUYEN~1\AppData\Local\Temp\ccidNm5v.s 			page 27


 1099 00ef 00       		.byte	0
 1100 00f0 00       		.byte	0
 1101 00f1 14       		.uleb128 0x14
 1102 00f2 898201   		.uleb128 0x4109
 1103 00f5 01       		.byte	0x1
 1104 00f6 11       		.uleb128 0x11
 1105 00f7 01       		.uleb128 0x1
 1106 00f8 31       		.uleb128 0x31
 1107 00f9 13       		.uleb128 0x13
 1108 00fa 01       		.uleb128 0x1
 1109 00fb 13       		.uleb128 0x13
 1110 00fc 00       		.byte	0
 1111 00fd 00       		.byte	0
 1112 00fe 15       		.uleb128 0x15
 1113 00ff 2E       		.uleb128 0x2e
 1114 0100 01       		.byte	0x1
 1115 0101 3F       		.uleb128 0x3f
 1116 0102 19       		.uleb128 0x19
 1117 0103 03       		.uleb128 0x3
 1118 0104 0E       		.uleb128 0xe
 1119 0105 3A       		.uleb128 0x3a
 1120 0106 0B       		.uleb128 0xb
 1121 0107 3B       		.uleb128 0x3b
 1122 0108 05       		.uleb128 0x5
 1123 0109 27       		.uleb128 0x27
 1124 010a 19       		.uleb128 0x19
 1125 010b 11       		.uleb128 0x11
 1126 010c 01       		.uleb128 0x1
 1127 010d 12       		.uleb128 0x12
 1128 010e 06       		.uleb128 0x6
 1129 010f 40       		.uleb128 0x40
 1130 0110 18       		.uleb128 0x18
 1131 0111 9742     		.uleb128 0x2117
 1132 0113 19       		.uleb128 0x19
 1133 0114 01       		.uleb128 0x1
 1134 0115 13       		.uleb128 0x13
 1135 0116 00       		.byte	0
 1136 0117 00       		.byte	0
 1137 0118 16       		.uleb128 0x16
 1138 0119 0B       		.uleb128 0xb
 1139 011a 01       		.byte	0x1
 1140 011b 11       		.uleb128 0x11
 1141 011c 01       		.uleb128 0x1
 1142 011d 12       		.uleb128 0x12
 1143 011e 06       		.uleb128 0x6
 1144 011f 01       		.uleb128 0x1
 1145 0120 13       		.uleb128 0x13
 1146 0121 00       		.byte	0
 1147 0122 00       		.byte	0
 1148 0123 17       		.uleb128 0x17
 1149 0124 34       		.uleb128 0x34
 1150 0125 00       		.byte	0
 1151 0126 03       		.uleb128 0x3
 1152 0127 0E       		.uleb128 0xe
 1153 0128 3A       		.uleb128 0x3a
 1154 0129 0B       		.uleb128 0xb
 1155 012a 3B       		.uleb128 0x3b
ARM GAS  C:\Users\NGUYEN~1\AppData\Local\Temp\ccidNm5v.s 			page 28


 1156 012b 05       		.uleb128 0x5
 1157 012c 49       		.uleb128 0x49
 1158 012d 13       		.uleb128 0x13
 1159 012e 02       		.uleb128 0x2
 1160 012f 18       		.uleb128 0x18
 1161 0130 00       		.byte	0
 1162 0131 00       		.byte	0
 1163 0132 18       		.uleb128 0x18
 1164 0133 13       		.uleb128 0x13
 1165 0134 01       		.byte	0x1
 1166 0135 0B       		.uleb128 0xb
 1167 0136 0B       		.uleb128 0xb
 1168 0137 3A       		.uleb128 0x3a
 1169 0138 0B       		.uleb128 0xb
 1170 0139 3B       		.uleb128 0x3b
 1171 013a 05       		.uleb128 0x5
 1172 013b 01       		.uleb128 0x1
 1173 013c 13       		.uleb128 0x13
 1174 013d 00       		.byte	0
 1175 013e 00       		.byte	0
 1176 013f 19       		.uleb128 0x19
 1177 0140 0D       		.uleb128 0xd
 1178 0141 00       		.byte	0
 1179 0142 03       		.uleb128 0x3
 1180 0143 0E       		.uleb128 0xe
 1181 0144 3A       		.uleb128 0x3a
 1182 0145 0B       		.uleb128 0xb
 1183 0146 3B       		.uleb128 0x3b
 1184 0147 05       		.uleb128 0x5
 1185 0148 49       		.uleb128 0x49
 1186 0149 13       		.uleb128 0x13
 1187 014a 38       		.uleb128 0x38
 1188 014b 0B       		.uleb128 0xb
 1189 014c 00       		.byte	0
 1190 014d 00       		.byte	0
 1191 014e 1A       		.uleb128 0x1a
 1192 014f 01       		.uleb128 0x1
 1193 0150 01       		.byte	0x1
 1194 0151 49       		.uleb128 0x49
 1195 0152 13       		.uleb128 0x13
 1196 0153 01       		.uleb128 0x1
 1197 0154 13       		.uleb128 0x13
 1198 0155 00       		.byte	0
 1199 0156 00       		.byte	0
 1200 0157 1B       		.uleb128 0x1b
 1201 0158 21       		.uleb128 0x21
 1202 0159 00       		.byte	0
 1203 015a 49       		.uleb128 0x49
 1204 015b 13       		.uleb128 0x13
 1205 015c 2F       		.uleb128 0x2f
 1206 015d 0B       		.uleb128 0xb
 1207 015e 00       		.byte	0
 1208 015f 00       		.byte	0
 1209 0160 1C       		.uleb128 0x1c
 1210 0161 34       		.uleb128 0x34
 1211 0162 00       		.byte	0
 1212 0163 03       		.uleb128 0x3
ARM GAS  C:\Users\NGUYEN~1\AppData\Local\Temp\ccidNm5v.s 			page 29


 1213 0164 08       		.uleb128 0x8
 1214 0165 3A       		.uleb128 0x3a
 1215 0166 0B       		.uleb128 0xb
 1216 0167 3B       		.uleb128 0x3b
 1217 0168 05       		.uleb128 0x5
 1218 0169 49       		.uleb128 0x49
 1219 016a 13       		.uleb128 0x13
 1220 016b 02       		.uleb128 0x2
 1221 016c 17       		.uleb128 0x17
 1222 016d 00       		.byte	0
 1223 016e 00       		.byte	0
 1224 016f 1D       		.uleb128 0x1d
 1225 0170 898201   		.uleb128 0x4109
 1226 0173 00       		.byte	0
 1227 0174 11       		.uleb128 0x11
 1228 0175 01       		.uleb128 0x1
 1229 0176 31       		.uleb128 0x31
 1230 0177 13       		.uleb128 0x13
 1231 0178 00       		.byte	0
 1232 0179 00       		.byte	0
 1233 017a 1E       		.uleb128 0x1e
 1234 017b 2E       		.uleb128 0x2e
 1235 017c 00       		.byte	0
 1236 017d 3F       		.uleb128 0x3f
 1237 017e 19       		.uleb128 0x19
 1238 017f 3C       		.uleb128 0x3c
 1239 0180 19       		.uleb128 0x19
 1240 0181 6E       		.uleb128 0x6e
 1241 0182 0E       		.uleb128 0xe
 1242 0183 03       		.uleb128 0x3
 1243 0184 0E       		.uleb128 0xe
 1244 0185 00       		.byte	0
 1245 0186 00       		.byte	0
 1246 0187 1F       		.uleb128 0x1f
 1247 0188 2E       		.uleb128 0x2e
 1248 0189 00       		.byte	0
 1249 018a 3F       		.uleb128 0x3f
 1250 018b 19       		.uleb128 0x19
 1251 018c 3C       		.uleb128 0x3c
 1252 018d 19       		.uleb128 0x19
 1253 018e 6E       		.uleb128 0x6e
 1254 018f 0E       		.uleb128 0xe
 1255 0190 03       		.uleb128 0x3
 1256 0191 0E       		.uleb128 0xe
 1257 0192 3A       		.uleb128 0x3a
 1258 0193 0B       		.uleb128 0xb
 1259 0194 3B       		.uleb128 0x3b
 1260 0195 0B       		.uleb128 0xb
 1261 0196 00       		.byte	0
 1262 0197 00       		.byte	0
 1263 0198 00       		.byte	0
 1264              		.section	.debug_loc,"",%progbits
 1265              	.Ldebug_loc0:
 1266              	.LLST0:
 1267 0000 02000000 		.4byte	.LVL1
 1268 0004 08000000 		.4byte	.LVL2
 1269 0008 0200     		.2byte	0x2
ARM GAS  C:\Users\NGUYEN~1\AppData\Local\Temp\ccidNm5v.s 			page 30


 1270 000a 30       		.byte	0x30
 1271 000b 9F       		.byte	0x9f
 1272 000c 08000000 		.4byte	.LVL2
 1273 0010 30000000 		.4byte	.LVL11
 1274 0014 0100     		.2byte	0x1
 1275 0016 57       		.byte	0x57
 1276 0017 00000000 		.4byte	0
 1277 001b 00000000 		.4byte	0
 1278              	.LLST1:
 1279 001f 02000000 		.4byte	.LVL1
 1280 0023 08000000 		.4byte	.LVL2
 1281 0027 0200     		.2byte	0x2
 1282 0029 30       		.byte	0x30
 1283 002a 9F       		.byte	0x9f
 1284 002b 08000000 		.4byte	.LVL2
 1285 002f 30000000 		.4byte	.LVL10
 1286 0033 0100     		.2byte	0x1
 1287 0035 55       		.byte	0x55
 1288 0036 00000000 		.4byte	0
 1289 003a 00000000 		.4byte	0
 1290              	.LLST2:
 1291 003e 0C000000 		.4byte	.LVL3
 1292 0042 2C000000 		.4byte	.LVL9
 1293 0046 0100     		.2byte	0x1
 1294 0048 56       		.byte	0x56
 1295 0049 00000000 		.4byte	0
 1296 004d 00000000 		.4byte	0
 1297              	.LLST3:
 1298 0051 0E000000 		.4byte	.LVL4
 1299 0055 24000000 		.4byte	.LVL7
 1300 0059 0100     		.2byte	0x1
 1301 005b 53       		.byte	0x53
 1302 005c 26000000 		.4byte	.LVL8
 1303 0060 2C000000 		.4byte	.LVL9
 1304 0064 0100     		.2byte	0x1
 1305 0066 53       		.byte	0x53
 1306 0067 00000000 		.4byte	0
 1307 006b 00000000 		.4byte	0
 1308              	.LLST4:
 1309 006f 00000000 		.4byte	.LVL12
 1310 0073 09000000 		.4byte	.LVL14-1
 1311 0077 0100     		.2byte	0x1
 1312 0079 50       		.byte	0x50
 1313 007a 09000000 		.4byte	.LVL14-1
 1314 007e 0C000000 		.4byte	.LFE0
 1315 0082 0400     		.2byte	0x4
 1316 0084 F3       		.byte	0xf3
 1317 0085 01       		.uleb128 0x1
 1318 0086 50       		.byte	0x50
 1319 0087 9F       		.byte	0x9f
 1320 0088 00000000 		.4byte	0
 1321 008c 00000000 		.4byte	0
 1322              	.LLST5:
 1323 0090 00000000 		.4byte	.LVL12
 1324 0094 06000000 		.4byte	.LVL13
 1325 0098 0100     		.2byte	0x1
 1326 009a 51       		.byte	0x51
ARM GAS  C:\Users\NGUYEN~1\AppData\Local\Temp\ccidNm5v.s 			page 31


 1327 009b 06000000 		.4byte	.LVL13
 1328 009f 09000000 		.4byte	.LVL14-1
 1329 00a3 0100     		.2byte	0x1
 1330 00a5 52       		.byte	0x52
 1331 00a6 09000000 		.4byte	.LVL14-1
 1332 00aa 0C000000 		.4byte	.LFE0
 1333 00ae 0400     		.2byte	0x4
 1334 00b0 F3       		.byte	0xf3
 1335 00b1 01       		.uleb128 0x1
 1336 00b2 51       		.byte	0x51
 1337 00b3 9F       		.byte	0x9f
 1338 00b4 00000000 		.4byte	0
 1339 00b8 00000000 		.4byte	0
 1340              	.LLST6:
 1341 00bc 94000000 		.4byte	.LVL18
 1342 00c0 98000000 		.4byte	.LVL19
 1343 00c4 0200     		.2byte	0x2
 1344 00c6 30       		.byte	0x30
 1345 00c7 9F       		.byte	0x9f
 1346 00c8 98000000 		.4byte	.LVL19
 1347 00cc B6000000 		.4byte	.LVL21
 1348 00d0 0100     		.2byte	0x1
 1349 00d2 54       		.byte	0x54
 1350 00d3 B8000000 		.4byte	.LVL22
 1351 00d7 2A010000 		.4byte	.LVL25
 1352 00db 0100     		.2byte	0x1
 1353 00dd 54       		.byte	0x54
 1354 00de 00000000 		.4byte	0
 1355 00e2 00000000 		.4byte	0
 1356              	.LLST7:
 1357 00e6 98000000 		.4byte	.LVL19
 1358 00ea B6000000 		.4byte	.LVL21
 1359 00ee 0B00     		.2byte	0xb
 1360 00f0 74       		.byte	0x74
 1361 00f1 00       		.sleb128 0
 1362 00f2 36       		.byte	0x36
 1363 00f3 1E       		.byte	0x1e
 1364 00f4 03       		.byte	0x3
 1365 00f5 00000000 		.4byte	cfg_memset_list.4870
 1366 00f9 22       		.byte	0x22
 1367 00fa 9F       		.byte	0x9f
 1368 00fb B6000000 		.4byte	.LVL21
 1369 00ff B8000000 		.4byte	.LVL22
 1370 0103 0B00     		.2byte	0xb
 1371 0105 74       		.byte	0x74
 1372 0106 7F       		.sleb128 -1
 1373 0107 36       		.byte	0x36
 1374 0108 1E       		.byte	0x1e
 1375 0109 03       		.byte	0x3
 1376 010a 00000000 		.4byte	cfg_memset_list.4870
 1377 010e 22       		.byte	0x22
 1378 010f 9F       		.byte	0x9f
 1379 0110 00000000 		.4byte	0
 1380 0114 00000000 		.4byte	0
 1381              		.section	.debug_aranges,"",%progbits
 1382 0000 34000000 		.4byte	0x34
 1383 0004 0200     		.2byte	0x2
ARM GAS  C:\Users\NGUYEN~1\AppData\Local\Temp\ccidNm5v.s 			page 32


 1384 0006 00000000 		.4byte	.Ldebug_info0
 1385 000a 04       		.byte	0x4
 1386 000b 00       		.byte	0
 1387 000c 0000     		.2byte	0
 1388 000e 0000     		.2byte	0
 1389 0010 00000000 		.4byte	.LFB3
 1390 0014 32000000 		.4byte	.LFE3-.LFB3
 1391 0018 00000000 		.4byte	.LFB0
 1392 001c 0C000000 		.4byte	.LFE0-.LFB0
 1393 0020 00000000 		.4byte	.LFB4
 1394 0024 90000000 		.4byte	.LFE4-.LFB4
 1395 0028 90000000 		.4byte	.LFB6
 1396 002c DC000000 		.4byte	.LFE6-.LFB6
 1397 0030 00000000 		.4byte	0
 1398 0034 00000000 		.4byte	0
 1399              		.section	.debug_ranges,"",%progbits
 1400              	.Ldebug_ranges0:
 1401 0000 00000000 		.4byte	.LFB3
 1402 0004 32000000 		.4byte	.LFE3
 1403 0008 00000000 		.4byte	.LFB0
 1404 000c 0C000000 		.4byte	.LFE0
 1405 0010 00000000 		.4byte	.LFB4
 1406 0014 90000000 		.4byte	.LFE4
 1407 0018 90000000 		.4byte	.LFB6
 1408 001c 6C010000 		.4byte	.LFE6
 1409 0020 00000000 		.4byte	0
 1410 0024 00000000 		.4byte	0
 1411              		.section	.debug_line,"",%progbits
 1412              	.Ldebug_line0:
 1413 0000 5E010000 		.section	.debug_str,"MS",%progbits,1
 1413      0200D600 
 1413      00000201 
 1413      FB0E0D00 
 1413      01010101 
 1414              	.LASF19:
 1415 0000 72656733 		.ascii	"reg32\000"
 1415      3200
 1416              	.LASF12:
 1417 0006 73697A65 		.ascii	"size_t\000"
 1417      5F7400
 1418              	.LASF37:
 1419 000d 4379496E 		.ascii	"CyIntSetVector\000"
 1419      74536574 
 1419      56656374 
 1419      6F7200
 1420              	.LASF21:
 1421 001c 76616C75 		.ascii	"value\000"
 1421      6500
 1422              	.LASF26:
 1423 0022 636F756E 		.ascii	"count\000"
 1423      7400
 1424              	.LASF29:
 1425 0028 436C6F63 		.ascii	"ClockSetup\000"
 1425      6B536574 
 1425      757000
 1426              	.LASF30:
 1427 0033 63795F63 		.ascii	"cy_cfg_addr_table\000"
ARM GAS  C:\Users\NGUYEN~1\AppData\Local\Temp\ccidNm5v.s 			page 33


 1427      66675F61 
 1427      6464725F 
 1427      7461626C 
 1427      6500
 1428              	.LASF31:
 1429 0045 63795F63 		.ascii	"cy_cfg_data_table\000"
 1429      66675F64 
 1429      6174615F 
 1429      7461626C 
 1429      6500
 1430              	.LASF16:
 1431 0057 666C6F61 		.ascii	"float\000"
 1431      7400
 1432              	.LASF35:
 1433 005d 6366675F 		.ascii	"cfg_memset_list\000"
 1433      6D656D73 
 1433      65745F6C 
 1433      69737400 
 1434              	.LASF33:
 1435 006d 73697A65 		.ascii	"size\000"
 1435      00
 1436              	.LASF18:
 1437 0072 72656738 		.ascii	"reg8\000"
 1437      00
 1438              	.LASF32:
 1439 0077 61646472 		.ascii	"address\000"
 1439      65737300 
 1440              	.LASF8:
 1441 007f 6C6F6E67 		.ascii	"long unsigned int\000"
 1441      20756E73 
 1441      69676E65 
 1441      6420696E 
 1441      7400
 1442              	.LASF13:
 1443 0091 75696E74 		.ascii	"uint8\000"
 1443      3800
 1444              	.LASF28:
 1445 0097 43594D45 		.ascii	"CYMEMZERO\000"
 1445      4D5A4552 
 1445      4F00
 1446              	.LASF4:
 1447 00a1 756E7369 		.ascii	"unsigned char\000"
 1447      676E6564 
 1447      20636861 
 1447      7200
 1448              	.LASF43:
 1449 00af 6D656D73 		.ascii	"memset\000"
 1449      657400
 1450              	.LASF17:
 1451 00b6 646F7562 		.ascii	"double\000"
 1451      6C6500
 1452              	.LASF27:
 1453 00bd 6366675F 		.ascii	"cfg_write_bytes32\000"
 1453      77726974 
 1453      655F6279 
 1453      74657333 
 1453      3200
ARM GAS  C:\Users\NGUYEN~1\AppData\Local\Temp\ccidNm5v.s 			page 34


 1454              	.LASF38:
 1455 00cf 4379496E 		.ascii	"CyIntEnable\000"
 1455      74456E61 
 1455      626C6500 
 1456              	.LASF23:
 1457 00db 61646472 		.ascii	"addr_table\000"
 1457      5F746162 
 1457      6C6500
 1458              	.LASF14:
 1459 00e6 75696E74 		.ascii	"uint16\000"
 1459      313600
 1460              	.LASF24:
 1461 00ed 64617461 		.ascii	"data_table\000"
 1461      5F746162 
 1461      6C6500
 1462              	.LASF15:
 1463 00f8 75696E74 		.ascii	"uint32\000"
 1463      333200
 1464              	.LASF0:
 1465 00ff 756E7369 		.ascii	"unsigned int\000"
 1465      676E6564 
 1465      20696E74 
 1465      00
 1466              	.LASF42:
 1467 010c 63796669 		.ascii	"cyfitter_cfg\000"
 1467      74746572 
 1467      5F636667 
 1467      00
 1468              	.LASF41:
 1469 0119 443A5C70 		.ascii	"D:\\psoc\\theory\\timer\\timer.cydsn\000"
 1469      736F635C 
 1469      7468656F 
 1469      72795C74 
 1469      696D6572 
 1470              	.LASF9:
 1471 013a 6C6F6E67 		.ascii	"long long unsigned int\000"
 1471      206C6F6E 
 1471      6720756E 
 1471      7369676E 
 1471      65642069 
 1472              	.LASF39:
 1473 0151 474E5520 		.ascii	"GNU C11 5.4.1 20160609 (release) [ARM/embedded-5-br"
 1473      43313120 
 1473      352E342E 
 1473      31203230 
 1473      31363036 
 1474 0184 616E6368 		.ascii	"anch revision 237715] -mcpu=cortex-m0 -mthumb -g -O"
 1474      20726576 
 1474      6973696F 
 1474      6E203233 
 1474      37373135 
 1475 01b7 67202D66 		.ascii	"g -ffunction-sections -ffat-lto-objects\000"
 1475      66756E63 
 1475      74696F6E 
 1475      2D736563 
 1475      74696F6E 
 1476              	.LASF34:
ARM GAS  C:\Users\NGUYEN~1\AppData\Local\Temp\ccidNm5v.s 			page 35


 1477 01df 6366675F 		.ascii	"cfg_memset_t\000"
 1477      6D656D73 
 1477      65745F74 
 1477      00
 1478              	.LASF25:
 1479 01ec 62617365 		.ascii	"baseAddr\000"
 1479      41646472 
 1479      00
 1480              	.LASF10:
 1481 01f5 73697A65 		.ascii	"sizetype\000"
 1481      74797065 
 1481      00
 1482              	.LASF6:
 1483 01fe 73686F72 		.ascii	"short unsigned int\000"
 1483      7420756E 
 1483      7369676E 
 1483      65642069 
 1483      6E7400
 1484              	.LASF1:
 1485 0211 6C6F6E67 		.ascii	"long long int\000"
 1485      206C6F6E 
 1485      6720696E 
 1485      7400
 1486              	.LASF11:
 1487 021f 63686172 		.ascii	"char\000"
 1487      00
 1488              	.LASF22:
 1489 0224 63795F63 		.ascii	"cy_cfg_addrvalue_t\000"
 1489      66675F61 
 1489      64647276 
 1489      616C7565 
 1489      5F7400
 1490              	.LASF20:
 1491 0237 6F666673 		.ascii	"offset\000"
 1491      657400
 1492              	.LASF5:
 1493 023e 73686F72 		.ascii	"short int\000"
 1493      7420696E 
 1493      7400
 1494              	.LASF36:
 1495 0248 43795379 		.ascii	"CySysClkWriteImoFreq\000"
 1495      73436C6B 
 1495      57726974 
 1495      65496D6F 
 1495      46726571 
 1496              	.LASF7:
 1497 025d 6C6F6E67 		.ascii	"long int\000"
 1497      20696E74 
 1497      00
 1498              	.LASF2:
 1499 0266 6C6F6E67 		.ascii	"long double\000"
 1499      20646F75 
 1499      626C6500 
 1500              	.LASF3:
 1501 0272 7369676E 		.ascii	"signed char\000"
 1501      65642063 
 1501      68617200 
ARM GAS  C:\Users\NGUYEN~1\AppData\Local\Temp\ccidNm5v.s 			page 36


 1502              	.LASF40:
 1503 027e 47656E65 		.ascii	"Generated_Source\\PSoC4\\cyfitter_cfg.c\000"
 1503      72617465 
 1503      645F536F 
 1503      75726365 
 1503      5C50536F 
 1504              		.ident	"GCC: (GNU Tools for ARM Embedded Processors) 5.4.1 20160609 (release) [ARM/embedded-5-bran
