ARM GAS  C:\Users\NGUYEN~1\AppData\Local\Temp\ccVTqTlo.s 			page 1


   1              		.syntax unified
   2              		.cpu cortex-m0
   3              		.fpu softvfp
   4              		.eabi_attribute 20, 1
   5              		.eabi_attribute 21, 1
   6              		.eabi_attribute 23, 3
   7              		.eabi_attribute 24, 1
   8              		.eabi_attribute 25, 1
   9              		.eabi_attribute 26, 1
  10              		.eabi_attribute 30, 1
  11              		.eabi_attribute 34, 0
  12              		.eabi_attribute 18, 4
  13              		.thumb
  14              		.syntax unified
  15              		.file	"main.c"
  16              		.text
  17              	.Ltext0:
  18              		.cfi_sections	.debug_frame
  19              		.section	.text.button1_handle,"ax",%progbits
  20              		.align	2
  21              		.global	button1_handle
  22              		.code	16
  23              		.thumb_func
  24              		.type	button1_handle, %function
  25              	button1_handle:
  26              	.LFB32:
  27              		.file 1 "main.c"
   1:main.c        **** /* ========================================
   2:main.c        ****  *
   3:main.c        ****  * Copyright YOUR COMPANY, THE YEAR
   4:main.c        ****  * All Rights Reserved
   5:main.c        ****  * UNPUBLISHED, LICENSED SOFTWARE.
   6:main.c        ****  *
   7:main.c        ****  * CONFIDENTIAL AND PROPRIETARY INFORMATION
   8:main.c        ****  * WHICH IS THE PROPERTY OF your company.
   9:main.c        ****  *
  10:main.c        ****  * ========================================
  11:main.c        **** */
  12:main.c        **** #include "project.h"
  13:main.c        **** 
  14:main.c        **** CY_ISR(button1_handle)
  15:main.c        **** {
  28              		.loc 1 15 0
  29              		.cfi_startproc
  30              		@ args = 0, pretend = 0, frame = 0
  31              		@ frame_needed = 0, uses_anonymous_args = 0
  32 0000 10B5     		push	{r4, lr}
  33              		.cfi_def_cfa_offset 8
  34              		.cfi_offset 4, -8
  35              		.cfi_offset 14, -4
  16:main.c        ****     ledYellow_Write( ~ledYellow_Read() );
  36              		.loc 1 16 0
  37 0002 FFF7FEFF 		bl	ledYellow_Read
  38              	.LVL0:
  39 0006 C043     		mvns	r0, r0
  40 0008 C0B2     		uxtb	r0, r0
  41 000a FFF7FEFF 		bl	ledYellow_Write
ARM GAS  C:\Users\NGUYEN~1\AppData\Local\Temp\ccVTqTlo.s 			page 2


  42              	.LVL1:
  17:main.c        ****     
  18:main.c        ****     button1_ClearInterrupt();
  43              		.loc 1 18 0
  44 000e FFF7FEFF 		bl	button1_ClearInterrupt
  45              	.LVL2:
  19:main.c        **** }
  46              		.loc 1 19 0
  47              		@ sp needed
  48 0012 10BD     		pop	{r4, pc}
  49              		.cfi_endproc
  50              	.LFE32:
  51              		.size	button1_handle, .-button1_handle
  52              		.section	.text.main,"ax",%progbits
  53              		.align	2
  54              		.global	main
  55              		.code	16
  56              		.thumb_func
  57              		.type	main, %function
  58              	main:
  59              	.LFB33:
  20:main.c        **** 
  21:main.c        **** int main(void)
  22:main.c        **** {
  60              		.loc 1 22 0
  61              		.cfi_startproc
  62              		@ Volatile: function does not return.
  63              		@ args = 0, pretend = 0, frame = 0
  64              		@ frame_needed = 0, uses_anonymous_args = 0
  65 0000 10B5     		push	{r4, lr}
  66              		.cfi_def_cfa_offset 8
  67              		.cfi_offset 4, -8
  68              		.cfi_offset 14, -4
  23:main.c        ****     CyGlobalIntEnable; /* Enable global interrupts. */
  69              		.loc 1 23 0
  70              		.syntax divided
  71              	@ 23 "main.c" 1
  72 0002 62B6     		CPSIE   i
  73              	@ 0 "" 2
  24:main.c        **** 
  25:main.c        ****     /* Place your initialization/startup code here (e.g. MyInst_Start()) */
  26:main.c        ****     button1_isr_StartEx(button1_handle);
  74              		.loc 1 26 0
  75              		.thumb
  76              		.syntax unified
  77 0004 0148     		ldr	r0, .L4
  78 0006 FFF7FEFF 		bl	button1_isr_StartEx
  79              	.LVL3:
  80              	.L3:
  81 000a FEE7     		b	.L3
  82              	.L5:
  83              		.align	2
  84              	.L4:
  85 000c 00000000 		.word	button1_handle
  86              		.cfi_endproc
  87              	.LFE33:
  88              		.size	main, .-main
ARM GAS  C:\Users\NGUYEN~1\AppData\Local\Temp\ccVTqTlo.s 			page 3


  89              		.text
  90              	.Letext0:
  91              		.file 2 "Generated_Source\\PSoC4/ledYellow.h"
  92              		.file 3 "Generated_Source\\PSoC4/button1.h"
  93              		.file 4 "Generated_Source\\PSoC4/button1_isr.h"
  94              		.section	.debug_info,"",%progbits
  95              	.Ldebug_info0:
  96 0000 15010000 		.4byte	0x115
  97 0004 0400     		.2byte	0x4
  98 0006 00000000 		.4byte	.Ldebug_abbrev0
  99 000a 04       		.byte	0x4
 100 000b 01       		.uleb128 0x1
 101 000c B5000000 		.4byte	.LASF18
 102 0010 0C       		.byte	0xc
 103 0011 31000000 		.4byte	.LASF19
 104 0015 88010000 		.4byte	.LASF20
 105 0019 00000000 		.4byte	.Ldebug_ranges0+0
 106 001d 00000000 		.4byte	0
 107 0021 00000000 		.4byte	.Ldebug_line0
 108 0025 02       		.uleb128 0x2
 109 0026 01       		.byte	0x1
 110 0027 06       		.byte	0x6
 111 0028 56010000 		.4byte	.LASF0
 112 002c 02       		.uleb128 0x2
 113 002d 01       		.byte	0x1
 114 002e 08       		.byte	0x8
 115 002f 92000000 		.4byte	.LASF1
 116 0033 02       		.uleb128 0x2
 117 0034 02       		.byte	0x2
 118 0035 05       		.byte	0x5
 119 0036 7E010000 		.4byte	.LASF2
 120 003a 02       		.uleb128 0x2
 121 003b 02       		.byte	0x2
 122 003c 07       		.byte	0x7
 123 003d 43010000 		.4byte	.LASF3
 124 0041 02       		.uleb128 0x2
 125 0042 04       		.byte	0x4
 126 0043 05       		.byte	0x5
 127 0044 A5000000 		.4byte	.LASF4
 128 0048 02       		.uleb128 0x2
 129 0049 04       		.byte	0x4
 130 004a 07       		.byte	0x7
 131 004b 4C000000 		.4byte	.LASF5
 132 004f 02       		.uleb128 0x2
 133 0050 08       		.byte	0x8
 134 0051 05       		.byte	0x5
 135 0052 00000000 		.4byte	.LASF6
 136 0056 02       		.uleb128 0x2
 137 0057 08       		.byte	0x8
 138 0058 07       		.byte	0x7
 139 0059 5E000000 		.4byte	.LASF7
 140 005d 03       		.uleb128 0x3
 141 005e 04       		.byte	0x4
 142 005f 05       		.byte	0x5
 143 0060 696E7400 		.ascii	"int\000"
 144 0064 02       		.uleb128 0x2
 145 0065 04       		.byte	0x4
ARM GAS  C:\Users\NGUYEN~1\AppData\Local\Temp\ccVTqTlo.s 			page 4


 146 0066 07       		.byte	0x7
 147 0067 BA010000 		.4byte	.LASF8
 148 006b 02       		.uleb128 0x2
 149 006c 04       		.byte	0x4
 150 006d 04       		.byte	0x4
 151 006e 8C000000 		.4byte	.LASF9
 152 0072 02       		.uleb128 0x2
 153 0073 08       		.byte	0x8
 154 0074 04       		.byte	0x4
 155 0075 AE000000 		.4byte	.LASF10
 156 0079 02       		.uleb128 0x2
 157 007a 01       		.byte	0x1
 158 007b 08       		.byte	0x8
 159 007c A0000000 		.4byte	.LASF11
 160 0080 02       		.uleb128 0x2
 161 0081 04       		.byte	0x4
 162 0082 07       		.byte	0x7
 163 0083 C7010000 		.4byte	.LASF12
 164 0087 02       		.uleb128 0x2
 165 0088 08       		.byte	0x8
 166 0089 04       		.byte	0x4
 167 008a 62010000 		.4byte	.LASF13
 168 008e 04       		.uleb128 0x4
 169 008f 0E000000 		.4byte	.LASF21
 170 0093 01       		.byte	0x1
 171 0094 0E       		.byte	0xe
 172 0095 00000000 		.4byte	.LFB32
 173 0099 14000000 		.4byte	.LFE32-.LFB32
 174 009d 01       		.uleb128 0x1
 175 009e 9C       		.byte	0x9c
 176 009f BF000000 		.4byte	0xbf
 177 00a3 05       		.uleb128 0x5
 178 00a4 06000000 		.4byte	.LVL0
 179 00a8 EC000000 		.4byte	0xec
 180 00ac 05       		.uleb128 0x5
 181 00ad 0E000000 		.4byte	.LVL1
 182 00b1 F7000000 		.4byte	0xf7
 183 00b5 05       		.uleb128 0x5
 184 00b6 12000000 		.4byte	.LVL2
 185 00ba 02010000 		.4byte	0x102
 186 00be 00       		.byte	0
 187 00bf 06       		.uleb128 0x6
 188 00c0 38000000 		.4byte	.LASF22
 189 00c4 01       		.byte	0x1
 190 00c5 15       		.byte	0x15
 191 00c6 5D000000 		.4byte	0x5d
 192 00ca 00000000 		.4byte	.LFB33
 193 00ce 10000000 		.4byte	.LFE33-.LFB33
 194 00d2 01       		.uleb128 0x1
 195 00d3 9C       		.byte	0x9c
 196 00d4 EC000000 		.4byte	0xec
 197 00d8 07       		.uleb128 0x7
 198 00d9 0A000000 		.4byte	.LVL3
 199 00dd 0D010000 		.4byte	0x10d
 200 00e1 08       		.uleb128 0x8
 201 00e2 01       		.uleb128 0x1
 202 00e3 50       		.byte	0x50
ARM GAS  C:\Users\NGUYEN~1\AppData\Local\Temp\ccVTqTlo.s 			page 5


 203 00e4 05       		.uleb128 0x5
 204 00e5 03       		.byte	0x3
 205 00e6 00000000 		.4byte	button1_handle
 206 00ea 00       		.byte	0
 207 00eb 00       		.byte	0
 208 00ec 09       		.uleb128 0x9
 209 00ed 3D000000 		.4byte	.LASF14
 210 00f1 3D000000 		.4byte	.LASF14
 211 00f5 02       		.byte	0x2
 212 00f6 32       		.byte	0x32
 213 00f7 09       		.uleb128 0x9
 214 00f8 6E010000 		.4byte	.LASF15
 215 00fc 6E010000 		.4byte	.LASF15
 216 0100 02       		.byte	0x2
 217 0101 33       		.byte	0x33
 218 0102 09       		.uleb128 0x9
 219 0103 75000000 		.4byte	.LASF16
 220 0107 75000000 		.4byte	.LASF16
 221 010b 03       		.byte	0x3
 222 010c 39       		.byte	0x39
 223 010d 09       		.uleb128 0x9
 224 010e 1D000000 		.4byte	.LASF17
 225 0112 1D000000 		.4byte	.LASF17
 226 0116 04       		.byte	0x4
 227 0117 18       		.byte	0x18
 228 0118 00       		.byte	0
 229              		.section	.debug_abbrev,"",%progbits
 230              	.Ldebug_abbrev0:
 231 0000 01       		.uleb128 0x1
 232 0001 11       		.uleb128 0x11
 233 0002 01       		.byte	0x1
 234 0003 25       		.uleb128 0x25
 235 0004 0E       		.uleb128 0xe
 236 0005 13       		.uleb128 0x13
 237 0006 0B       		.uleb128 0xb
 238 0007 03       		.uleb128 0x3
 239 0008 0E       		.uleb128 0xe
 240 0009 1B       		.uleb128 0x1b
 241 000a 0E       		.uleb128 0xe
 242 000b 55       		.uleb128 0x55
 243 000c 17       		.uleb128 0x17
 244 000d 11       		.uleb128 0x11
 245 000e 01       		.uleb128 0x1
 246 000f 10       		.uleb128 0x10
 247 0010 17       		.uleb128 0x17
 248 0011 00       		.byte	0
 249 0012 00       		.byte	0
 250 0013 02       		.uleb128 0x2
 251 0014 24       		.uleb128 0x24
 252 0015 00       		.byte	0
 253 0016 0B       		.uleb128 0xb
 254 0017 0B       		.uleb128 0xb
 255 0018 3E       		.uleb128 0x3e
 256 0019 0B       		.uleb128 0xb
 257 001a 03       		.uleb128 0x3
 258 001b 0E       		.uleb128 0xe
 259 001c 00       		.byte	0
ARM GAS  C:\Users\NGUYEN~1\AppData\Local\Temp\ccVTqTlo.s 			page 6


 260 001d 00       		.byte	0
 261 001e 03       		.uleb128 0x3
 262 001f 24       		.uleb128 0x24
 263 0020 00       		.byte	0
 264 0021 0B       		.uleb128 0xb
 265 0022 0B       		.uleb128 0xb
 266 0023 3E       		.uleb128 0x3e
 267 0024 0B       		.uleb128 0xb
 268 0025 03       		.uleb128 0x3
 269 0026 08       		.uleb128 0x8
 270 0027 00       		.byte	0
 271 0028 00       		.byte	0
 272 0029 04       		.uleb128 0x4
 273 002a 2E       		.uleb128 0x2e
 274 002b 01       		.byte	0x1
 275 002c 3F       		.uleb128 0x3f
 276 002d 19       		.uleb128 0x19
 277 002e 03       		.uleb128 0x3
 278 002f 0E       		.uleb128 0xe
 279 0030 3A       		.uleb128 0x3a
 280 0031 0B       		.uleb128 0xb
 281 0032 3B       		.uleb128 0x3b
 282 0033 0B       		.uleb128 0xb
 283 0034 27       		.uleb128 0x27
 284 0035 19       		.uleb128 0x19
 285 0036 11       		.uleb128 0x11
 286 0037 01       		.uleb128 0x1
 287 0038 12       		.uleb128 0x12
 288 0039 06       		.uleb128 0x6
 289 003a 40       		.uleb128 0x40
 290 003b 18       		.uleb128 0x18
 291 003c 9742     		.uleb128 0x2117
 292 003e 19       		.uleb128 0x19
 293 003f 01       		.uleb128 0x1
 294 0040 13       		.uleb128 0x13
 295 0041 00       		.byte	0
 296 0042 00       		.byte	0
 297 0043 05       		.uleb128 0x5
 298 0044 898201   		.uleb128 0x4109
 299 0047 00       		.byte	0
 300 0048 11       		.uleb128 0x11
 301 0049 01       		.uleb128 0x1
 302 004a 31       		.uleb128 0x31
 303 004b 13       		.uleb128 0x13
 304 004c 00       		.byte	0
 305 004d 00       		.byte	0
 306 004e 06       		.uleb128 0x6
 307 004f 2E       		.uleb128 0x2e
 308 0050 01       		.byte	0x1
 309 0051 3F       		.uleb128 0x3f
 310 0052 19       		.uleb128 0x19
 311 0053 03       		.uleb128 0x3
 312 0054 0E       		.uleb128 0xe
 313 0055 3A       		.uleb128 0x3a
 314 0056 0B       		.uleb128 0xb
 315 0057 3B       		.uleb128 0x3b
 316 0058 0B       		.uleb128 0xb
ARM GAS  C:\Users\NGUYEN~1\AppData\Local\Temp\ccVTqTlo.s 			page 7


 317 0059 27       		.uleb128 0x27
 318 005a 19       		.uleb128 0x19
 319 005b 49       		.uleb128 0x49
 320 005c 13       		.uleb128 0x13
 321 005d 8701     		.uleb128 0x87
 322 005f 19       		.uleb128 0x19
 323 0060 11       		.uleb128 0x11
 324 0061 01       		.uleb128 0x1
 325 0062 12       		.uleb128 0x12
 326 0063 06       		.uleb128 0x6
 327 0064 40       		.uleb128 0x40
 328 0065 18       		.uleb128 0x18
 329 0066 9742     		.uleb128 0x2117
 330 0068 19       		.uleb128 0x19
 331 0069 01       		.uleb128 0x1
 332 006a 13       		.uleb128 0x13
 333 006b 00       		.byte	0
 334 006c 00       		.byte	0
 335 006d 07       		.uleb128 0x7
 336 006e 898201   		.uleb128 0x4109
 337 0071 01       		.byte	0x1
 338 0072 11       		.uleb128 0x11
 339 0073 01       		.uleb128 0x1
 340 0074 31       		.uleb128 0x31
 341 0075 13       		.uleb128 0x13
 342 0076 00       		.byte	0
 343 0077 00       		.byte	0
 344 0078 08       		.uleb128 0x8
 345 0079 8A8201   		.uleb128 0x410a
 346 007c 00       		.byte	0
 347 007d 02       		.uleb128 0x2
 348 007e 18       		.uleb128 0x18
 349 007f 9142     		.uleb128 0x2111
 350 0081 18       		.uleb128 0x18
 351 0082 00       		.byte	0
 352 0083 00       		.byte	0
 353 0084 09       		.uleb128 0x9
 354 0085 2E       		.uleb128 0x2e
 355 0086 00       		.byte	0
 356 0087 3F       		.uleb128 0x3f
 357 0088 19       		.uleb128 0x19
 358 0089 3C       		.uleb128 0x3c
 359 008a 19       		.uleb128 0x19
 360 008b 6E       		.uleb128 0x6e
 361 008c 0E       		.uleb128 0xe
 362 008d 03       		.uleb128 0x3
 363 008e 0E       		.uleb128 0xe
 364 008f 3A       		.uleb128 0x3a
 365 0090 0B       		.uleb128 0xb
 366 0091 3B       		.uleb128 0x3b
 367 0092 0B       		.uleb128 0xb
 368 0093 00       		.byte	0
 369 0094 00       		.byte	0
 370 0095 00       		.byte	0
 371              		.section	.debug_aranges,"",%progbits
 372 0000 24000000 		.4byte	0x24
 373 0004 0200     		.2byte	0x2
ARM GAS  C:\Users\NGUYEN~1\AppData\Local\Temp\ccVTqTlo.s 			page 8


 374 0006 00000000 		.4byte	.Ldebug_info0
 375 000a 04       		.byte	0x4
 376 000b 00       		.byte	0
 377 000c 0000     		.2byte	0
 378 000e 0000     		.2byte	0
 379 0010 00000000 		.4byte	.LFB32
 380 0014 14000000 		.4byte	.LFE32-.LFB32
 381 0018 00000000 		.4byte	.LFB33
 382 001c 10000000 		.4byte	.LFE33-.LFB33
 383 0020 00000000 		.4byte	0
 384 0024 00000000 		.4byte	0
 385              		.section	.debug_ranges,"",%progbits
 386              	.Ldebug_ranges0:
 387 0000 00000000 		.4byte	.LFB32
 388 0004 14000000 		.4byte	.LFE32
 389 0008 00000000 		.4byte	.LFB33
 390 000c 10000000 		.4byte	.LFE33
 391 0010 00000000 		.4byte	0
 392 0014 00000000 		.4byte	0
 393              		.section	.debug_line,"",%progbits
 394              	.Ldebug_line0:
 395 0000 8A000000 		.section	.debug_str,"MS",%progbits,1
 395      02006100 
 395      00000201 
 395      FB0E0D00 
 395      01010101 
 396              	.LASF6:
 397 0000 6C6F6E67 		.ascii	"long long int\000"
 397      206C6F6E 
 397      6720696E 
 397      7400
 398              	.LASF21:
 399 000e 62757474 		.ascii	"button1_handle\000"
 399      6F6E315F 
 399      68616E64 
 399      6C6500
 400              	.LASF17:
 401 001d 62757474 		.ascii	"button1_isr_StartEx\000"
 401      6F6E315F 
 401      6973725F 
 401      53746172 
 401      74457800 
 402              	.LASF19:
 403 0031 6D61696E 		.ascii	"main.c\000"
 403      2E6300
 404              	.LASF22:
 405 0038 6D61696E 		.ascii	"main\000"
 405      00
 406              	.LASF14:
 407 003d 6C656459 		.ascii	"ledYellow_Read\000"
 407      656C6C6F 
 407      775F5265 
 407      616400
 408              	.LASF5:
 409 004c 6C6F6E67 		.ascii	"long unsigned int\000"
 409      20756E73 
 409      69676E65 
ARM GAS  C:\Users\NGUYEN~1\AppData\Local\Temp\ccVTqTlo.s 			page 9


 409      6420696E 
 409      7400
 410              	.LASF7:
 411 005e 6C6F6E67 		.ascii	"long long unsigned int\000"
 411      206C6F6E 
 411      6720756E 
 411      7369676E 
 411      65642069 
 412              	.LASF16:
 413 0075 62757474 		.ascii	"button1_ClearInterrupt\000"
 413      6F6E315F 
 413      436C6561 
 413      72496E74 
 413      65727275 
 414              	.LASF9:
 415 008c 666C6F61 		.ascii	"float\000"
 415      7400
 416              	.LASF1:
 417 0092 756E7369 		.ascii	"unsigned char\000"
 417      676E6564 
 417      20636861 
 417      7200
 418              	.LASF11:
 419 00a0 63686172 		.ascii	"char\000"
 419      00
 420              	.LASF4:
 421 00a5 6C6F6E67 		.ascii	"long int\000"
 421      20696E74 
 421      00
 422              	.LASF10:
 423 00ae 646F7562 		.ascii	"double\000"
 423      6C6500
 424              	.LASF18:
 425 00b5 474E5520 		.ascii	"GNU C11 5.4.1 20160609 (release) [ARM/embedded-5-br"
 425      43313120 
 425      352E342E 
 425      31203230 
 425      31363036 
 426 00e8 616E6368 		.ascii	"anch revision 237715] -mcpu=cortex-m0 -mthumb -g -O"
 426      20726576 
 426      6973696F 
 426      6E203233 
 426      37373135 
 427 011b 67202D66 		.ascii	"g -ffunction-sections -ffat-lto-objects\000"
 427      66756E63 
 427      74696F6E 
 427      2D736563 
 427      74696F6E 
 428              	.LASF3:
 429 0143 73686F72 		.ascii	"short unsigned int\000"
 429      7420756E 
 429      7369676E 
 429      65642069 
 429      6E7400
 430              	.LASF0:
 431 0156 7369676E 		.ascii	"signed char\000"
 431      65642063 
ARM GAS  C:\Users\NGUYEN~1\AppData\Local\Temp\ccVTqTlo.s 			page 10


 431      68617200 
 432              	.LASF13:
 433 0162 6C6F6E67 		.ascii	"long double\000"
 433      20646F75 
 433      626C6500 
 434              	.LASF15:
 435 016e 6C656459 		.ascii	"ledYellow_Write\000"
 435      656C6C6F 
 435      775F5772 
 435      69746500 
 436              	.LASF2:
 437 017e 73686F72 		.ascii	"short int\000"
 437      7420696E 
 437      7400
 438              	.LASF20:
 439 0188 443A5C70 		.ascii	"D:\\psoc\\theory\\interrupt\\interrupt_hardware.cyd"
 439      736F635C 
 439      7468656F 
 439      72795C69 
 439      6E746572 
 440 01b7 736E00   		.ascii	"sn\000"
 441              	.LASF8:
 442 01ba 756E7369 		.ascii	"unsigned int\000"
 442      676E6564 
 442      20696E74 
 442      00
 443              	.LASF12:
 444 01c7 73697A65 		.ascii	"sizetype\000"
 444      74797065 
 444      00
 445              		.ident	"GCC: (GNU Tools for ARM Embedded Processors) 5.4.1 20160609 (release) [ARM/embedded-5-bran
