ARM GAS  C:\Users\NGUYEN~1\AppData\Local\Temp\cc4wQq0N.s 			page 1


   1              		.syntax unified
   2              		.cpu cortex-m0
   3              		.fpu softvfp
   4              		.eabi_attribute 20, 1
   5              		.eabi_attribute 21, 1
   6              		.eabi_attribute 23, 3
   7              		.eabi_attribute 24, 1
   8              		.eabi_attribute 25, 1
   9              		.eabi_attribute 26, 1
  10              		.eabi_attribute 30, 1
  11              		.eabi_attribute 34, 0
  12              		.eabi_attribute 18, 4
  13              		.thumb
  14              		.syntax unified
  15              		.file	"lcdUser.c"
  16              		.text
  17              	.Ltext0:
  18              		.cfi_sections	.debug_frame
  19              		.section	.text.displayString,"ax",%progbits
  20              		.align	2
  21              		.global	displayString
  22              		.code	16
  23              		.thumb_func
  24              		.type	displayString, %function
  25              	displayString:
  26              	.LFB32:
  27              		.file 1 "lcdUser.c"
   1:lcdUser.c     **** /* ========================================
   2:lcdUser.c     ****  *
   3:lcdUser.c     ****  * Copyright YOUR COMPANY, THE YEAR
   4:lcdUser.c     ****  * All Rights Reserved
   5:lcdUser.c     ****  * UNPUBLISHED, LICENSED SOFTWARE.
   6:lcdUser.c     ****  *
   7:lcdUser.c     ****  * CONFIDENTIAL AND PROPRIETARY INFORMATION
   8:lcdUser.c     ****  * WHICH IS THE PROPERTY OF your company.
   9:lcdUser.c     ****  *
  10:lcdUser.c     ****  * ========================================
  11:lcdUser.c     **** */
  12:lcdUser.c     **** 
  13:lcdUser.c     **** #include "lcdUser.h"
  14:lcdUser.c     **** 
  15:lcdUser.c     **** void displayString(char8 const *strings)
  16:lcdUser.c     **** {
  28              		.loc 1 16 0
  29              		.cfi_startproc
  30              		@ args = 0, pretend = 0, frame = 0
  31              		@ frame_needed = 0, uses_anonymous_args = 0
  32              	.LVL0:
  33 0000 10B5     		push	{r4, lr}
  34              		.cfi_def_cfa_offset 8
  35              		.cfi_offset 4, -8
  36              		.cfi_offset 14, -4
  37 0002 0400     		movs	r4, r0
  17:lcdUser.c     ****     lcd_Position(0,0);
  38              		.loc 1 17 0
  39 0004 0021     		movs	r1, #0
  40 0006 0020     		movs	r0, #0
ARM GAS  C:\Users\NGUYEN~1\AppData\Local\Temp\cc4wQq0N.s 			page 2


  41              	.LVL1:
  42 0008 FFF7FEFF 		bl	lcd_Position
  43              	.LVL2:
  18:lcdUser.c     ****     lcd_PrintString(strings);
  44              		.loc 1 18 0
  45 000c 2000     		movs	r0, r4
  46 000e FFF7FEFF 		bl	lcd_PrintString
  47              	.LVL3:
  19:lcdUser.c     **** }
  48              		.loc 1 19 0
  49              		@ sp needed
  50              	.LVL4:
  51 0012 10BD     		pop	{r4, pc}
  52              		.cfi_endproc
  53              	.LFE32:
  54              		.size	displayString, .-displayString
  55              		.text
  56              	.Letext0:
  57              		.file 2 "Generated_Source\\PSoC4/lcd.h"
  58              		.file 3 "Generated_Source\\PSoC4/cytypes.h"
  59              		.section	.debug_info,"",%progbits
  60              	.Ldebug_info0:
  61 0000 05010000 		.4byte	0x105
  62 0004 0400     		.2byte	0x4
  63 0006 00000000 		.4byte	.Ldebug_abbrev0
  64 000a 04       		.byte	0x4
  65 000b 01       		.uleb128 0x1
  66 000c A0000000 		.4byte	.LASF16
  67 0010 0C       		.byte	0xc
  68 0011 8A010000 		.4byte	.LASF17
  69 0015 63010000 		.4byte	.LASF18
  70 0019 00000000 		.4byte	.Ldebug_ranges0+0
  71 001d 00000000 		.4byte	0
  72 0021 00000000 		.4byte	.Ldebug_line0
  73 0025 02       		.uleb128 0x2
  74 0026 01       		.byte	0x1
  75 0027 06       		.byte	0x6
  76 0028 41010000 		.4byte	.LASF0
  77 002c 02       		.uleb128 0x2
  78 002d 01       		.byte	0x1
  79 002e 08       		.byte	0x8
  80 002f 7D000000 		.4byte	.LASF1
  81 0033 02       		.uleb128 0x2
  82 0034 02       		.byte	0x2
  83 0035 05       		.byte	0x5
  84 0036 59010000 		.4byte	.LASF2
  85 003a 02       		.uleb128 0x2
  86 003b 02       		.byte	0x2
  87 003c 07       		.byte	0x7
  88 003d 2E010000 		.4byte	.LASF3
  89 0041 02       		.uleb128 0x2
  90 0042 04       		.byte	0x4
  91 0043 05       		.byte	0x5
  92 0044 90000000 		.4byte	.LASF4
  93 0048 02       		.uleb128 0x2
  94 0049 04       		.byte	0x4
  95 004a 07       		.byte	0x7
ARM GAS  C:\Users\NGUYEN~1\AppData\Local\Temp\cc4wQq0N.s 			page 3


  96 004b 30000000 		.4byte	.LASF5
  97 004f 02       		.uleb128 0x2
  98 0050 08       		.byte	0x8
  99 0051 05       		.byte	0x5
 100 0052 00000000 		.4byte	.LASF6
 101 0056 02       		.uleb128 0x2
 102 0057 08       		.byte	0x8
 103 0058 07       		.byte	0x7
 104 0059 42000000 		.4byte	.LASF7
 105 005d 03       		.uleb128 0x3
 106 005e 04       		.byte	0x4
 107 005f 05       		.byte	0x5
 108 0060 696E7400 		.ascii	"int\000"
 109 0064 02       		.uleb128 0x2
 110 0065 04       		.byte	0x4
 111 0066 07       		.byte	0x7
 112 0067 0E000000 		.4byte	.LASF8
 113 006b 02       		.uleb128 0x2
 114 006c 04       		.byte	0x4
 115 006d 04       		.byte	0x4
 116 006e 59000000 		.4byte	.LASF9
 117 0072 02       		.uleb128 0x2
 118 0073 08       		.byte	0x8
 119 0074 04       		.byte	0x4
 120 0075 99000000 		.4byte	.LASF10
 121 0079 04       		.uleb128 0x4
 122 007a 9D010000 		.4byte	.LASF19
 123 007e 03       		.byte	0x3
 124 007f 0C02     		.2byte	0x20c
 125 0081 85000000 		.4byte	0x85
 126 0085 02       		.uleb128 0x2
 127 0086 01       		.byte	0x1
 128 0087 08       		.byte	0x8
 129 0088 8B000000 		.4byte	.LASF11
 130 008c 02       		.uleb128 0x2
 131 008d 04       		.byte	0x4
 132 008e 07       		.byte	0x7
 133 008f 94010000 		.4byte	.LASF12
 134 0093 02       		.uleb128 0x2
 135 0094 08       		.byte	0x8
 136 0095 04       		.byte	0x4
 137 0096 4D010000 		.4byte	.LASF13
 138 009a 05       		.uleb128 0x5
 139 009b 5F000000 		.4byte	.LASF20
 140 009f 01       		.byte	0x1
 141 00a0 0F       		.byte	0xf
 142 00a1 00000000 		.4byte	.LFB32
 143 00a5 14000000 		.4byte	.LFE32-.LFB32
 144 00a9 01       		.uleb128 0x1
 145 00aa 9C       		.byte	0x9c
 146 00ab E7000000 		.4byte	0xe7
 147 00af 06       		.uleb128 0x6
 148 00b0 1B000000 		.4byte	.LASF21
 149 00b4 01       		.byte	0x1
 150 00b5 0F       		.byte	0xf
 151 00b6 E7000000 		.4byte	0xe7
 152 00ba 00000000 		.4byte	.LLST0
ARM GAS  C:\Users\NGUYEN~1\AppData\Local\Temp\cc4wQq0N.s 			page 4


 153 00be 07       		.uleb128 0x7
 154 00bf 0C000000 		.4byte	.LVL2
 155 00c3 F2000000 		.4byte	0xf2
 156 00c7 D6000000 		.4byte	0xd6
 157 00cb 08       		.uleb128 0x8
 158 00cc 01       		.uleb128 0x1
 159 00cd 50       		.byte	0x50
 160 00ce 01       		.uleb128 0x1
 161 00cf 30       		.byte	0x30
 162 00d0 08       		.uleb128 0x8
 163 00d1 01       		.uleb128 0x1
 164 00d2 51       		.byte	0x51
 165 00d3 01       		.uleb128 0x1
 166 00d4 30       		.byte	0x30
 167 00d5 00       		.byte	0
 168 00d6 09       		.uleb128 0x9
 169 00d7 12000000 		.4byte	.LVL3
 170 00db FD000000 		.4byte	0xfd
 171 00df 08       		.uleb128 0x8
 172 00e0 01       		.uleb128 0x1
 173 00e1 50       		.byte	0x50
 174 00e2 02       		.uleb128 0x2
 175 00e3 74       		.byte	0x74
 176 00e4 00       		.sleb128 0
 177 00e5 00       		.byte	0
 178 00e6 00       		.byte	0
 179 00e7 0A       		.uleb128 0xa
 180 00e8 04       		.byte	0x4
 181 00e9 ED000000 		.4byte	0xed
 182 00ed 0B       		.uleb128 0xb
 183 00ee 79000000 		.4byte	0x79
 184 00f2 0C       		.uleb128 0xc
 185 00f3 23000000 		.4byte	.LASF14
 186 00f7 23000000 		.4byte	.LASF14
 187 00fb 02       		.byte	0x2
 188 00fc 3D       		.byte	0x3d
 189 00fd 0C       		.uleb128 0xc
 190 00fe 6D000000 		.4byte	.LASF15
 191 0102 6D000000 		.4byte	.LASF15
 192 0106 02       		.byte	0x2
 193 0107 3C       		.byte	0x3c
 194 0108 00       		.byte	0
 195              		.section	.debug_abbrev,"",%progbits
 196              	.Ldebug_abbrev0:
 197 0000 01       		.uleb128 0x1
 198 0001 11       		.uleb128 0x11
 199 0002 01       		.byte	0x1
 200 0003 25       		.uleb128 0x25
 201 0004 0E       		.uleb128 0xe
 202 0005 13       		.uleb128 0x13
 203 0006 0B       		.uleb128 0xb
 204 0007 03       		.uleb128 0x3
 205 0008 0E       		.uleb128 0xe
 206 0009 1B       		.uleb128 0x1b
 207 000a 0E       		.uleb128 0xe
 208 000b 55       		.uleb128 0x55
 209 000c 17       		.uleb128 0x17
ARM GAS  C:\Users\NGUYEN~1\AppData\Local\Temp\cc4wQq0N.s 			page 5


 210 000d 11       		.uleb128 0x11
 211 000e 01       		.uleb128 0x1
 212 000f 10       		.uleb128 0x10
 213 0010 17       		.uleb128 0x17
 214 0011 00       		.byte	0
 215 0012 00       		.byte	0
 216 0013 02       		.uleb128 0x2
 217 0014 24       		.uleb128 0x24
 218 0015 00       		.byte	0
 219 0016 0B       		.uleb128 0xb
 220 0017 0B       		.uleb128 0xb
 221 0018 3E       		.uleb128 0x3e
 222 0019 0B       		.uleb128 0xb
 223 001a 03       		.uleb128 0x3
 224 001b 0E       		.uleb128 0xe
 225 001c 00       		.byte	0
 226 001d 00       		.byte	0
 227 001e 03       		.uleb128 0x3
 228 001f 24       		.uleb128 0x24
 229 0020 00       		.byte	0
 230 0021 0B       		.uleb128 0xb
 231 0022 0B       		.uleb128 0xb
 232 0023 3E       		.uleb128 0x3e
 233 0024 0B       		.uleb128 0xb
 234 0025 03       		.uleb128 0x3
 235 0026 08       		.uleb128 0x8
 236 0027 00       		.byte	0
 237 0028 00       		.byte	0
 238 0029 04       		.uleb128 0x4
 239 002a 16       		.uleb128 0x16
 240 002b 00       		.byte	0
 241 002c 03       		.uleb128 0x3
 242 002d 0E       		.uleb128 0xe
 243 002e 3A       		.uleb128 0x3a
 244 002f 0B       		.uleb128 0xb
 245 0030 3B       		.uleb128 0x3b
 246 0031 05       		.uleb128 0x5
 247 0032 49       		.uleb128 0x49
 248 0033 13       		.uleb128 0x13
 249 0034 00       		.byte	0
 250 0035 00       		.byte	0
 251 0036 05       		.uleb128 0x5
 252 0037 2E       		.uleb128 0x2e
 253 0038 01       		.byte	0x1
 254 0039 3F       		.uleb128 0x3f
 255 003a 19       		.uleb128 0x19
 256 003b 03       		.uleb128 0x3
 257 003c 0E       		.uleb128 0xe
 258 003d 3A       		.uleb128 0x3a
 259 003e 0B       		.uleb128 0xb
 260 003f 3B       		.uleb128 0x3b
 261 0040 0B       		.uleb128 0xb
 262 0041 27       		.uleb128 0x27
 263 0042 19       		.uleb128 0x19
 264 0043 11       		.uleb128 0x11
 265 0044 01       		.uleb128 0x1
 266 0045 12       		.uleb128 0x12
ARM GAS  C:\Users\NGUYEN~1\AppData\Local\Temp\cc4wQq0N.s 			page 6


 267 0046 06       		.uleb128 0x6
 268 0047 40       		.uleb128 0x40
 269 0048 18       		.uleb128 0x18
 270 0049 9742     		.uleb128 0x2117
 271 004b 19       		.uleb128 0x19
 272 004c 01       		.uleb128 0x1
 273 004d 13       		.uleb128 0x13
 274 004e 00       		.byte	0
 275 004f 00       		.byte	0
 276 0050 06       		.uleb128 0x6
 277 0051 05       		.uleb128 0x5
 278 0052 00       		.byte	0
 279 0053 03       		.uleb128 0x3
 280 0054 0E       		.uleb128 0xe
 281 0055 3A       		.uleb128 0x3a
 282 0056 0B       		.uleb128 0xb
 283 0057 3B       		.uleb128 0x3b
 284 0058 0B       		.uleb128 0xb
 285 0059 49       		.uleb128 0x49
 286 005a 13       		.uleb128 0x13
 287 005b 02       		.uleb128 0x2
 288 005c 17       		.uleb128 0x17
 289 005d 00       		.byte	0
 290 005e 00       		.byte	0
 291 005f 07       		.uleb128 0x7
 292 0060 898201   		.uleb128 0x4109
 293 0063 01       		.byte	0x1
 294 0064 11       		.uleb128 0x11
 295 0065 01       		.uleb128 0x1
 296 0066 31       		.uleb128 0x31
 297 0067 13       		.uleb128 0x13
 298 0068 01       		.uleb128 0x1
 299 0069 13       		.uleb128 0x13
 300 006a 00       		.byte	0
 301 006b 00       		.byte	0
 302 006c 08       		.uleb128 0x8
 303 006d 8A8201   		.uleb128 0x410a
 304 0070 00       		.byte	0
 305 0071 02       		.uleb128 0x2
 306 0072 18       		.uleb128 0x18
 307 0073 9142     		.uleb128 0x2111
 308 0075 18       		.uleb128 0x18
 309 0076 00       		.byte	0
 310 0077 00       		.byte	0
 311 0078 09       		.uleb128 0x9
 312 0079 898201   		.uleb128 0x4109
 313 007c 01       		.byte	0x1
 314 007d 11       		.uleb128 0x11
 315 007e 01       		.uleb128 0x1
 316 007f 31       		.uleb128 0x31
 317 0080 13       		.uleb128 0x13
 318 0081 00       		.byte	0
 319 0082 00       		.byte	0
 320 0083 0A       		.uleb128 0xa
 321 0084 0F       		.uleb128 0xf
 322 0085 00       		.byte	0
 323 0086 0B       		.uleb128 0xb
ARM GAS  C:\Users\NGUYEN~1\AppData\Local\Temp\cc4wQq0N.s 			page 7


 324 0087 0B       		.uleb128 0xb
 325 0088 49       		.uleb128 0x49
 326 0089 13       		.uleb128 0x13
 327 008a 00       		.byte	0
 328 008b 00       		.byte	0
 329 008c 0B       		.uleb128 0xb
 330 008d 26       		.uleb128 0x26
 331 008e 00       		.byte	0
 332 008f 49       		.uleb128 0x49
 333 0090 13       		.uleb128 0x13
 334 0091 00       		.byte	0
 335 0092 00       		.byte	0
 336 0093 0C       		.uleb128 0xc
 337 0094 2E       		.uleb128 0x2e
 338 0095 00       		.byte	0
 339 0096 3F       		.uleb128 0x3f
 340 0097 19       		.uleb128 0x19
 341 0098 3C       		.uleb128 0x3c
 342 0099 19       		.uleb128 0x19
 343 009a 6E       		.uleb128 0x6e
 344 009b 0E       		.uleb128 0xe
 345 009c 03       		.uleb128 0x3
 346 009d 0E       		.uleb128 0xe
 347 009e 3A       		.uleb128 0x3a
 348 009f 0B       		.uleb128 0xb
 349 00a0 3B       		.uleb128 0x3b
 350 00a1 0B       		.uleb128 0xb
 351 00a2 00       		.byte	0
 352 00a3 00       		.byte	0
 353 00a4 00       		.byte	0
 354              		.section	.debug_loc,"",%progbits
 355              	.Ldebug_loc0:
 356              	.LLST0:
 357 0000 00000000 		.4byte	.LVL0
 358 0004 08000000 		.4byte	.LVL1
 359 0008 0100     		.2byte	0x1
 360 000a 50       		.byte	0x50
 361 000b 08000000 		.4byte	.LVL1
 362 000f 12000000 		.4byte	.LVL4
 363 0013 0100     		.2byte	0x1
 364 0015 54       		.byte	0x54
 365 0016 12000000 		.4byte	.LVL4
 366 001a 14000000 		.4byte	.LFE32
 367 001e 0400     		.2byte	0x4
 368 0020 F3       		.byte	0xf3
 369 0021 01       		.uleb128 0x1
 370 0022 50       		.byte	0x50
 371 0023 9F       		.byte	0x9f
 372 0024 00000000 		.4byte	0
 373 0028 00000000 		.4byte	0
 374              		.section	.debug_aranges,"",%progbits
 375 0000 1C000000 		.4byte	0x1c
 376 0004 0200     		.2byte	0x2
 377 0006 00000000 		.4byte	.Ldebug_info0
 378 000a 04       		.byte	0x4
 379 000b 00       		.byte	0
 380 000c 0000     		.2byte	0
ARM GAS  C:\Users\NGUYEN~1\AppData\Local\Temp\cc4wQq0N.s 			page 8


 381 000e 0000     		.2byte	0
 382 0010 00000000 		.4byte	.LFB32
 383 0014 14000000 		.4byte	.LFE32-.LFB32
 384 0018 00000000 		.4byte	0
 385 001c 00000000 		.4byte	0
 386              		.section	.debug_ranges,"",%progbits
 387              	.Ldebug_ranges0:
 388 0000 00000000 		.4byte	.LFB32
 389 0004 14000000 		.4byte	.LFE32
 390 0008 00000000 		.4byte	0
 391 000c 00000000 		.4byte	0
 392              		.section	.debug_line,"",%progbits
 393              	.Ldebug_line0:
 394 0000 65000000 		.section	.debug_str,"MS",%progbits,1
 394      02004D00 
 394      00000201 
 394      FB0E0D00 
 394      01010101 
 395              	.LASF6:
 396 0000 6C6F6E67 		.ascii	"long long int\000"
 396      206C6F6E 
 396      6720696E 
 396      7400
 397              	.LASF8:
 398 000e 756E7369 		.ascii	"unsigned int\000"
 398      676E6564 
 398      20696E74 
 398      00
 399              	.LASF21:
 400 001b 73747269 		.ascii	"strings\000"
 400      6E677300 
 401              	.LASF14:
 402 0023 6C63645F 		.ascii	"lcd_Position\000"
 402      506F7369 
 402      74696F6E 
 402      00
 403              	.LASF5:
 404 0030 6C6F6E67 		.ascii	"long unsigned int\000"
 404      20756E73 
 404      69676E65 
 404      6420696E 
 404      7400
 405              	.LASF7:
 406 0042 6C6F6E67 		.ascii	"long long unsigned int\000"
 406      206C6F6E 
 406      6720756E 
 406      7369676E 
 406      65642069 
 407              	.LASF9:
 408 0059 666C6F61 		.ascii	"float\000"
 408      7400
 409              	.LASF20:
 410 005f 64697370 		.ascii	"displayString\000"
 410      6C617953 
 410      7472696E 
 410      6700
 411              	.LASF15:
ARM GAS  C:\Users\NGUYEN~1\AppData\Local\Temp\cc4wQq0N.s 			page 9


 412 006d 6C63645F 		.ascii	"lcd_PrintString\000"
 412      5072696E 
 412      74537472 
 412      696E6700 
 413              	.LASF1:
 414 007d 756E7369 		.ascii	"unsigned char\000"
 414      676E6564 
 414      20636861 
 414      7200
 415              	.LASF11:
 416 008b 63686172 		.ascii	"char\000"
 416      00
 417              	.LASF4:
 418 0090 6C6F6E67 		.ascii	"long int\000"
 418      20696E74 
 418      00
 419              	.LASF10:
 420 0099 646F7562 		.ascii	"double\000"
 420      6C6500
 421              	.LASF16:
 422 00a0 474E5520 		.ascii	"GNU C11 5.4.1 20160609 (release) [ARM/embedded-5-br"
 422      43313120 
 422      352E342E 
 422      31203230 
 422      31363036 
 423 00d3 616E6368 		.ascii	"anch revision 237715] -mcpu=cortex-m0 -mthumb -g -O"
 423      20726576 
 423      6973696F 
 423      6E203233 
 423      37373135 
 424 0106 67202D66 		.ascii	"g -ffunction-sections -ffat-lto-objects\000"
 424      66756E63 
 424      74696F6E 
 424      2D736563 
 424      74696F6E 
 425              	.LASF3:
 426 012e 73686F72 		.ascii	"short unsigned int\000"
 426      7420756E 
 426      7369676E 
 426      65642069 
 426      6E7400
 427              	.LASF0:
 428 0141 7369676E 		.ascii	"signed char\000"
 428      65642063 
 428      68617200 
 429              	.LASF13:
 430 014d 6C6F6E67 		.ascii	"long double\000"
 430      20646F75 
 430      626C6500 
 431              	.LASF2:
 432 0159 73686F72 		.ascii	"short int\000"
 432      7420696E 
 432      7400
 433              	.LASF18:
 434 0163 443A5C70 		.ascii	"D:\\psoc\\theory\\lcd_16xN\\lcd_16xN.cydsn\000"
 434      736F635C 
 434      7468656F 
ARM GAS  C:\Users\NGUYEN~1\AppData\Local\Temp\cc4wQq0N.s 			page 10


 434      72795C6C 
 434      63645F31 
 435              	.LASF17:
 436 018a 6C636455 		.ascii	"lcdUser.c\000"
 436      7365722E 
 436      6300
 437              	.LASF12:
 438 0194 73697A65 		.ascii	"sizetype\000"
 438      74797065 
 438      00
 439              	.LASF19:
 440 019d 63686172 		.ascii	"char8\000"
 440      3800
 441              		.ident	"GCC: (GNU Tools for ARM Embedded Processors) 5.4.1 20160609 (release) [ARM/embedded-5-bran
