ARM GAS  C:\Users\NGUYEN~1\AppData\Local\Temp\cc1N34Le.s 			page 1


   1              		.syntax unified
   2              		.cpu cortex-m0
   3              		.fpu softvfp
   4              		.eabi_attribute 20, 1
   5              		.eabi_attribute 21, 1
   6              		.eabi_attribute 23, 3
   7              		.eabi_attribute 24, 1
   8              		.eabi_attribute 25, 1
   9              		.eabi_attribute 26, 1
  10              		.eabi_attribute 30, 1
  11              		.eabi_attribute 34, 0
  12              		.eabi_attribute 18, 4
  13              		.thumb
  14              		.syntax unified
  15              		.file	"main.c"
  16              		.text
  17              	.Ltext0:
  18              		.cfi_sections	.debug_frame
  19              		.section	.text.configSystem,"ax",%progbits
  20              		.align	2
  21              		.global	configSystem
  22              		.code	16
  23              		.thumb_func
  24              		.type	configSystem, %function
  25              	configSystem:
  26              	.LFB33:
  27              		.file 1 "main.c"
   1:main.c        **** /* ========================================
   2:main.c        ****  *
   3:main.c        ****  * Copyright YOUR COMPANY, THE YEAR
   4:main.c        ****  * All Rights Reserved
   5:main.c        ****  * UNPUBLISHED, LICENSED SOFTWARE.
   6:main.c        ****  *
   7:main.c        ****  * CONFIDENTIAL AND PROPRIETARY INFORMATION
   8:main.c        ****  * WHICH IS THE PROPERTY OF your company.
   9:main.c        ****  *
  10:main.c        ****  * ========================================
  11:main.c        **** */
  12:main.c        **** #include "project.h"
  13:main.c        **** #include "main.h"
  14:main.c        **** 
  15:main.c        **** int main(void)
  16:main.c        **** {
  17:main.c        ****     CyGlobalIntEnable; /* Enable global interrupts. */
  18:main.c        **** 
  19:main.c        ****     configSystem();
  20:main.c        **** 
  21:main.c        ****     for(;;)
  22:main.c        ****     {
  23:main.c        ****         display();
  24:main.c        ****     }
  25:main.c        **** }
  26:main.c        **** 
  27:main.c        **** void configSystem()
  28:main.c        **** {
  28              		.loc 1 28 0
  29              		.cfi_startproc
ARM GAS  C:\Users\NGUYEN~1\AppData\Local\Temp\cc1N34Le.s 			page 2


  30              		@ args = 0, pretend = 0, frame = 0
  31              		@ frame_needed = 0, uses_anonymous_args = 0
  32 0000 10B5     		push	{r4, lr}
  33              		.cfi_def_cfa_offset 8
  34              		.cfi_offset 4, -8
  35              		.cfi_offset 14, -4
  29:main.c        ****     lcd_Start();    
  36              		.loc 1 29 0
  37 0002 FFF7FEFF 		bl	lcd_Start
  38              	.LVL0:
  30:main.c        ****     
  31:main.c        ****     lcd_Position(0u,0u);
  39              		.loc 1 31 0
  40 0006 0021     		movs	r1, #0
  41 0008 0020     		movs	r0, #0
  42 000a FFF7FEFF 		bl	lcd_Position
  43              	.LVL1:
  32:main.c        ****     lcd_PrintString("Hello world.");
  44              		.loc 1 32 0
  45 000e 0848     		ldr	r0, .L2
  46 0010 FFF7FEFF 		bl	lcd_PrintString
  47              	.LVL2:
  33:main.c        ****     lcd_Position(1u,0u);
  48              		.loc 1 33 0
  49 0014 0021     		movs	r1, #0
  50 0016 0120     		movs	r0, #1
  51 0018 FFF7FEFF 		bl	lcd_Position
  52              	.LVL3:
  34:main.c        ****     lcd_PrintString("I am Dat.");
  53              		.loc 1 34 0
  54 001c 0548     		ldr	r0, .L2+4
  55 001e FFF7FEFF 		bl	lcd_PrintString
  56              	.LVL4:
  35:main.c        ****     CyDelay(10000);
  57              		.loc 1 35 0
  58 0022 0548     		ldr	r0, .L2+8
  59 0024 FFF7FEFF 		bl	CyDelay
  60              	.LVL5:
  36:main.c        ****     lcd_ClearDisplay();
  61              		.loc 1 36 0
  62 0028 0120     		movs	r0, #1
  63 002a FFF7FEFF 		bl	lcd_WriteControl
  64              	.LVL6:
  37:main.c        **** }
  65              		.loc 1 37 0
  66              		@ sp needed
  67 002e 10BD     		pop	{r4, pc}
  68              	.L3:
  69              		.align	2
  70              	.L2:
  71 0030 00000000 		.word	.LC0
  72 0034 10000000 		.word	.LC2
  73 0038 10270000 		.word	10000
  74              		.cfi_endproc
  75              	.LFE33:
  76              		.size	configSystem, .-configSystem
  77              		.section	.text.display,"ax",%progbits
ARM GAS  C:\Users\NGUYEN~1\AppData\Local\Temp\cc1N34Le.s 			page 3


  78              		.align	2
  79              		.global	display
  80              		.code	16
  81              		.thumb_func
  82              		.type	display, %function
  83              	display:
  84              	.LFB34:
  38:main.c        **** 
  39:main.c        **** void display()
  40:main.c        **** {
  85              		.loc 1 40 0
  86              		.cfi_startproc
  87              		@ args = 0, pretend = 0, frame = 0
  88              		@ frame_needed = 0, uses_anonymous_args = 0
  89 0000 10B5     		push	{r4, lr}
  90              		.cfi_def_cfa_offset 8
  91              		.cfi_offset 4, -8
  92              		.cfi_offset 14, -4
  41:main.c        ****     lcd_Position(0u,0u);
  93              		.loc 1 41 0
  94 0002 0021     		movs	r1, #0
  95 0004 0020     		movs	r0, #0
  96 0006 FFF7FEFF 		bl	lcd_Position
  97              	.LVL7:
  42:main.c        ****     lcd_PrintString("lcd 16x2");
  98              		.loc 1 42 0
  99 000a 0248     		ldr	r0, .L5
 100 000c FFF7FEFF 		bl	lcd_PrintString
 101              	.LVL8:
  43:main.c        **** }
 102              		.loc 1 43 0
 103              		@ sp needed
 104 0010 10BD     		pop	{r4, pc}
 105              	.L6:
 106 0012 C046     		.align	2
 107              	.L5:
 108 0014 1C000000 		.word	.LC4
 109              		.cfi_endproc
 110              	.LFE34:
 111              		.size	display, .-display
 112              		.section	.text.main,"ax",%progbits
 113              		.align	2
 114              		.global	main
 115              		.code	16
 116              		.thumb_func
 117              		.type	main, %function
 118              	main:
 119              	.LFB32:
  16:main.c        ****     CyGlobalIntEnable; /* Enable global interrupts. */
 120              		.loc 1 16 0
 121              		.cfi_startproc
 122              		@ Volatile: function does not return.
 123              		@ args = 0, pretend = 0, frame = 0
 124              		@ frame_needed = 0, uses_anonymous_args = 0
 125 0000 10B5     		push	{r4, lr}
 126              		.cfi_def_cfa_offset 8
 127              		.cfi_offset 4, -8
ARM GAS  C:\Users\NGUYEN~1\AppData\Local\Temp\cc1N34Le.s 			page 4


 128              		.cfi_offset 14, -4
  17:main.c        **** 
 129              		.loc 1 17 0
 130              		.syntax divided
 131              	@ 17 "main.c" 1
 132 0002 62B6     		CPSIE   i
 133              	@ 0 "" 2
  19:main.c        **** 
 134              		.loc 1 19 0
 135              		.thumb
 136              		.syntax unified
 137 0004 FFF7FEFF 		bl	configSystem
 138              	.LVL9:
 139              	.L8:
  23:main.c        ****     }
 140              		.loc 1 23 0 discriminator 1
 141 0008 FFF7FEFF 		bl	display
 142              	.LVL10:
 143 000c FCE7     		b	.L8
 144              		.cfi_endproc
 145              	.LFE32:
 146              		.size	main, .-main
 147 000e C046     		.section	.rodata.str1.4,"aMS",%progbits,1
 148              		.align	2
 149              	.LC0:
 150 0000 48656C6C 		.ascii	"Hello world.\000"
 150      6F20776F 
 150      726C642E 
 150      00
 151 000d 000000   		.space	3
 152              	.LC2:
 153 0010 4920616D 		.ascii	"I am Dat.\000"
 153      20446174 
 153      2E00
 154 001a 0000     		.space	2
 155              	.LC4:
 156 001c 6C636420 		.ascii	"lcd 16x2\000"
 156      31367832 
 156      00
 157              		.text
 158              	.Letext0:
 159              		.file 2 "Generated_Source\\PSoC4/lcd.h"
 160              		.file 3 "Generated_Source\\PSoC4/CyLib.h"
 161              		.section	.debug_info,"",%progbits
 162              	.Ldebug_info0:
 163 0000 D0010000 		.4byte	0x1d0
 164 0004 0400     		.2byte	0x4
 165 0006 00000000 		.4byte	.Ldebug_abbrev0
 166 000a 04       		.byte	0x4
 167 000b 01       		.uleb128 0x1
 168 000c BD000000 		.4byte	.LASF21
 169 0010 0C       		.byte	0xc
 170 0011 25000000 		.4byte	.LASF22
 171 0015 80010000 		.4byte	.LASF23
 172 0019 00000000 		.4byte	.Ldebug_ranges0+0
 173 001d 00000000 		.4byte	0
 174 0021 00000000 		.4byte	.Ldebug_line0
ARM GAS  C:\Users\NGUYEN~1\AppData\Local\Temp\cc1N34Le.s 			page 5


 175 0025 02       		.uleb128 0x2
 176 0026 01       		.byte	0x1
 177 0027 06       		.byte	0x6
 178 0028 5E010000 		.4byte	.LASF0
 179 002c 02       		.uleb128 0x2
 180 002d 01       		.byte	0x1
 181 002e 08       		.byte	0x8
 182 002f 92000000 		.4byte	.LASF1
 183 0033 02       		.uleb128 0x2
 184 0034 02       		.byte	0x2
 185 0035 05       		.byte	0x5
 186 0036 76010000 		.4byte	.LASF2
 187 003a 02       		.uleb128 0x2
 188 003b 02       		.byte	0x2
 189 003c 07       		.byte	0x7
 190 003d 4B010000 		.4byte	.LASF3
 191 0041 02       		.uleb128 0x2
 192 0042 04       		.byte	0x4
 193 0043 05       		.byte	0x5
 194 0044 AD000000 		.4byte	.LASF4
 195 0048 02       		.uleb128 0x2
 196 0049 04       		.byte	0x4
 197 004a 07       		.byte	0x7
 198 004b 46000000 		.4byte	.LASF5
 199 004f 02       		.uleb128 0x2
 200 0050 08       		.byte	0x8
 201 0051 05       		.byte	0x5
 202 0052 00000000 		.4byte	.LASF6
 203 0056 02       		.uleb128 0x2
 204 0057 08       		.byte	0x8
 205 0058 07       		.byte	0x7
 206 0059 58000000 		.4byte	.LASF7
 207 005d 03       		.uleb128 0x3
 208 005e 04       		.byte	0x4
 209 005f 05       		.byte	0x5
 210 0060 696E7400 		.ascii	"int\000"
 211 0064 02       		.uleb128 0x2
 212 0065 04       		.byte	0x4
 213 0066 07       		.byte	0x7
 214 0067 0E000000 		.4byte	.LASF8
 215 006b 02       		.uleb128 0x2
 216 006c 04       		.byte	0x4
 217 006d 04       		.byte	0x4
 218 006e 6F000000 		.4byte	.LASF9
 219 0072 02       		.uleb128 0x2
 220 0073 08       		.byte	0x8
 221 0074 04       		.byte	0x4
 222 0075 B6000000 		.4byte	.LASF10
 223 0079 02       		.uleb128 0x2
 224 007a 01       		.byte	0x1
 225 007b 08       		.byte	0x8
 226 007c A0000000 		.4byte	.LASF11
 227 0080 02       		.uleb128 0x2
 228 0081 04       		.byte	0x4
 229 0082 07       		.byte	0x7
 230 0083 B8010000 		.4byte	.LASF12
 231 0087 02       		.uleb128 0x2
ARM GAS  C:\Users\NGUYEN~1\AppData\Local\Temp\cc1N34Le.s 			page 6


 232 0088 08       		.byte	0x8
 233 0089 04       		.byte	0x4
 234 008a 6A010000 		.4byte	.LASF13
 235 008e 04       		.uleb128 0x4
 236 008f 85000000 		.4byte	.LASF14
 237 0093 01       		.byte	0x1
 238 0094 1B       		.byte	0x1b
 239 0095 00000000 		.4byte	.LFB33
 240 0099 3C000000 		.4byte	.LFE33-.LFB33
 241 009d 01       		.uleb128 0x1
 242 009e 9C       		.byte	0x9c
 243 009f 2F010000 		.4byte	0x12f
 244 00a3 05       		.uleb128 0x5
 245 00a4 06000000 		.4byte	.LVL0
 246 00a8 9C010000 		.4byte	0x19c
 247 00ac 06       		.uleb128 0x6
 248 00ad 0E000000 		.4byte	.LVL1
 249 00b1 A7010000 		.4byte	0x1a7
 250 00b5 C4000000 		.4byte	0xc4
 251 00b9 07       		.uleb128 0x7
 252 00ba 01       		.uleb128 0x1
 253 00bb 50       		.byte	0x50
 254 00bc 01       		.uleb128 0x1
 255 00bd 30       		.byte	0x30
 256 00be 07       		.uleb128 0x7
 257 00bf 01       		.uleb128 0x1
 258 00c0 51       		.byte	0x51
 259 00c1 01       		.uleb128 0x1
 260 00c2 30       		.byte	0x30
 261 00c3 00       		.byte	0
 262 00c4 06       		.uleb128 0x6
 263 00c5 14000000 		.4byte	.LVL2
 264 00c9 B2010000 		.4byte	0x1b2
 265 00cd DB000000 		.4byte	0xdb
 266 00d1 07       		.uleb128 0x7
 267 00d2 01       		.uleb128 0x1
 268 00d3 50       		.byte	0x50
 269 00d4 05       		.uleb128 0x5
 270 00d5 03       		.byte	0x3
 271 00d6 00000000 		.4byte	.LC0
 272 00da 00       		.byte	0
 273 00db 06       		.uleb128 0x6
 274 00dc 1C000000 		.4byte	.LVL3
 275 00e0 A7010000 		.4byte	0x1a7
 276 00e4 F3000000 		.4byte	0xf3
 277 00e8 07       		.uleb128 0x7
 278 00e9 01       		.uleb128 0x1
 279 00ea 50       		.byte	0x50
 280 00eb 01       		.uleb128 0x1
 281 00ec 31       		.byte	0x31
 282 00ed 07       		.uleb128 0x7
 283 00ee 01       		.uleb128 0x1
 284 00ef 51       		.byte	0x51
 285 00f0 01       		.uleb128 0x1
 286 00f1 30       		.byte	0x30
 287 00f2 00       		.byte	0
 288 00f3 06       		.uleb128 0x6
ARM GAS  C:\Users\NGUYEN~1\AppData\Local\Temp\cc1N34Le.s 			page 7


 289 00f4 22000000 		.4byte	.LVL4
 290 00f8 B2010000 		.4byte	0x1b2
 291 00fc 0A010000 		.4byte	0x10a
 292 0100 07       		.uleb128 0x7
 293 0101 01       		.uleb128 0x1
 294 0102 50       		.byte	0x50
 295 0103 05       		.uleb128 0x5
 296 0104 03       		.byte	0x3
 297 0105 10000000 		.4byte	.LC2
 298 0109 00       		.byte	0
 299 010a 06       		.uleb128 0x6
 300 010b 28000000 		.4byte	.LVL5
 301 010f BD010000 		.4byte	0x1bd
 302 0113 1F010000 		.4byte	0x11f
 303 0117 07       		.uleb128 0x7
 304 0118 01       		.uleb128 0x1
 305 0119 50       		.byte	0x50
 306 011a 03       		.uleb128 0x3
 307 011b 0A       		.byte	0xa
 308 011c 1027     		.2byte	0x2710
 309 011e 00       		.byte	0
 310 011f 08       		.uleb128 0x8
 311 0120 2E000000 		.4byte	.LVL6
 312 0124 C8010000 		.4byte	0x1c8
 313 0128 07       		.uleb128 0x7
 314 0129 01       		.uleb128 0x1
 315 012a 50       		.byte	0x50
 316 012b 01       		.uleb128 0x1
 317 012c 31       		.byte	0x31
 318 012d 00       		.byte	0
 319 012e 00       		.byte	0
 320 012f 04       		.uleb128 0x4
 321 0130 A5000000 		.4byte	.LASF15
 322 0134 01       		.byte	0x1
 323 0135 27       		.byte	0x27
 324 0136 00000000 		.4byte	.LFB34
 325 013a 18000000 		.4byte	.LFE34-.LFB34
 326 013e 01       		.uleb128 0x1
 327 013f 9C       		.byte	0x9c
 328 0140 70010000 		.4byte	0x170
 329 0144 06       		.uleb128 0x6
 330 0145 0A000000 		.4byte	.LVL7
 331 0149 A7010000 		.4byte	0x1a7
 332 014d 5C010000 		.4byte	0x15c
 333 0151 07       		.uleb128 0x7
 334 0152 01       		.uleb128 0x1
 335 0153 50       		.byte	0x50
 336 0154 01       		.uleb128 0x1
 337 0155 30       		.byte	0x30
 338 0156 07       		.uleb128 0x7
 339 0157 01       		.uleb128 0x1
 340 0158 51       		.byte	0x51
 341 0159 01       		.uleb128 0x1
 342 015a 30       		.byte	0x30
 343 015b 00       		.byte	0
 344 015c 08       		.uleb128 0x8
 345 015d 10000000 		.4byte	.LVL8
ARM GAS  C:\Users\NGUYEN~1\AppData\Local\Temp\cc1N34Le.s 			page 8


 346 0161 B2010000 		.4byte	0x1b2
 347 0165 07       		.uleb128 0x7
 348 0166 01       		.uleb128 0x1
 349 0167 50       		.byte	0x50
 350 0168 05       		.uleb128 0x5
 351 0169 03       		.byte	0x3
 352 016a 1C000000 		.4byte	.LC4
 353 016e 00       		.byte	0
 354 016f 00       		.byte	0
 355 0170 09       		.uleb128 0x9
 356 0171 2C000000 		.4byte	.LASF24
 357 0175 01       		.byte	0x1
 358 0176 0F       		.byte	0xf
 359 0177 5D000000 		.4byte	0x5d
 360 017b 00000000 		.4byte	.LFB32
 361 017f 0E000000 		.4byte	.LFE32-.LFB32
 362 0183 01       		.uleb128 0x1
 363 0184 9C       		.byte	0x9c
 364 0185 9C010000 		.4byte	0x19c
 365 0189 05       		.uleb128 0x5
 366 018a 08000000 		.4byte	.LVL9
 367 018e 8E000000 		.4byte	0x8e
 368 0192 05       		.uleb128 0x5
 369 0193 0C000000 		.4byte	.LVL10
 370 0197 2F010000 		.4byte	0x12f
 371 019b 00       		.byte	0
 372 019c 0A       		.uleb128 0xa
 373 019d 1B000000 		.4byte	.LASF16
 374 01a1 1B000000 		.4byte	.LASF16
 375 01a5 02       		.byte	0x2
 376 01a6 38       		.byte	0x38
 377 01a7 0A       		.uleb128 0xa
 378 01a8 31000000 		.4byte	.LASF17
 379 01ac 31000000 		.4byte	.LASF17
 380 01b0 02       		.byte	0x2
 381 01b1 3D       		.byte	0x3d
 382 01b2 0A       		.uleb128 0xa
 383 01b3 75000000 		.4byte	.LASF18
 384 01b7 75000000 		.4byte	.LASF18
 385 01bb 02       		.byte	0x2
 386 01bc 3C       		.byte	0x3c
 387 01bd 0A       		.uleb128 0xa
 388 01be 3E000000 		.4byte	.LASF19
 389 01c2 3E000000 		.4byte	.LASF19
 390 01c6 03       		.byte	0x3
 391 01c7 EC       		.byte	0xec
 392 01c8 0A       		.uleb128 0xa
 393 01c9 A7010000 		.4byte	.LASF20
 394 01cd A7010000 		.4byte	.LASF20
 395 01d1 02       		.byte	0x2
 396 01d2 3A       		.byte	0x3a
 397 01d3 00       		.byte	0
 398              		.section	.debug_abbrev,"",%progbits
 399              	.Ldebug_abbrev0:
 400 0000 01       		.uleb128 0x1
 401 0001 11       		.uleb128 0x11
 402 0002 01       		.byte	0x1
ARM GAS  C:\Users\NGUYEN~1\AppData\Local\Temp\cc1N34Le.s 			page 9


 403 0003 25       		.uleb128 0x25
 404 0004 0E       		.uleb128 0xe
 405 0005 13       		.uleb128 0x13
 406 0006 0B       		.uleb128 0xb
 407 0007 03       		.uleb128 0x3
 408 0008 0E       		.uleb128 0xe
 409 0009 1B       		.uleb128 0x1b
 410 000a 0E       		.uleb128 0xe
 411 000b 55       		.uleb128 0x55
 412 000c 17       		.uleb128 0x17
 413 000d 11       		.uleb128 0x11
 414 000e 01       		.uleb128 0x1
 415 000f 10       		.uleb128 0x10
 416 0010 17       		.uleb128 0x17
 417 0011 00       		.byte	0
 418 0012 00       		.byte	0
 419 0013 02       		.uleb128 0x2
 420 0014 24       		.uleb128 0x24
 421 0015 00       		.byte	0
 422 0016 0B       		.uleb128 0xb
 423 0017 0B       		.uleb128 0xb
 424 0018 3E       		.uleb128 0x3e
 425 0019 0B       		.uleb128 0xb
 426 001a 03       		.uleb128 0x3
 427 001b 0E       		.uleb128 0xe
 428 001c 00       		.byte	0
 429 001d 00       		.byte	0
 430 001e 03       		.uleb128 0x3
 431 001f 24       		.uleb128 0x24
 432 0020 00       		.byte	0
 433 0021 0B       		.uleb128 0xb
 434 0022 0B       		.uleb128 0xb
 435 0023 3E       		.uleb128 0x3e
 436 0024 0B       		.uleb128 0xb
 437 0025 03       		.uleb128 0x3
 438 0026 08       		.uleb128 0x8
 439 0027 00       		.byte	0
 440 0028 00       		.byte	0
 441 0029 04       		.uleb128 0x4
 442 002a 2E       		.uleb128 0x2e
 443 002b 01       		.byte	0x1
 444 002c 3F       		.uleb128 0x3f
 445 002d 19       		.uleb128 0x19
 446 002e 03       		.uleb128 0x3
 447 002f 0E       		.uleb128 0xe
 448 0030 3A       		.uleb128 0x3a
 449 0031 0B       		.uleb128 0xb
 450 0032 3B       		.uleb128 0x3b
 451 0033 0B       		.uleb128 0xb
 452 0034 11       		.uleb128 0x11
 453 0035 01       		.uleb128 0x1
 454 0036 12       		.uleb128 0x12
 455 0037 06       		.uleb128 0x6
 456 0038 40       		.uleb128 0x40
 457 0039 18       		.uleb128 0x18
 458 003a 9742     		.uleb128 0x2117
 459 003c 19       		.uleb128 0x19
ARM GAS  C:\Users\NGUYEN~1\AppData\Local\Temp\cc1N34Le.s 			page 10


 460 003d 01       		.uleb128 0x1
 461 003e 13       		.uleb128 0x13
 462 003f 00       		.byte	0
 463 0040 00       		.byte	0
 464 0041 05       		.uleb128 0x5
 465 0042 898201   		.uleb128 0x4109
 466 0045 00       		.byte	0
 467 0046 11       		.uleb128 0x11
 468 0047 01       		.uleb128 0x1
 469 0048 31       		.uleb128 0x31
 470 0049 13       		.uleb128 0x13
 471 004a 00       		.byte	0
 472 004b 00       		.byte	0
 473 004c 06       		.uleb128 0x6
 474 004d 898201   		.uleb128 0x4109
 475 0050 01       		.byte	0x1
 476 0051 11       		.uleb128 0x11
 477 0052 01       		.uleb128 0x1
 478 0053 31       		.uleb128 0x31
 479 0054 13       		.uleb128 0x13
 480 0055 01       		.uleb128 0x1
 481 0056 13       		.uleb128 0x13
 482 0057 00       		.byte	0
 483 0058 00       		.byte	0
 484 0059 07       		.uleb128 0x7
 485 005a 8A8201   		.uleb128 0x410a
 486 005d 00       		.byte	0
 487 005e 02       		.uleb128 0x2
 488 005f 18       		.uleb128 0x18
 489 0060 9142     		.uleb128 0x2111
 490 0062 18       		.uleb128 0x18
 491 0063 00       		.byte	0
 492 0064 00       		.byte	0
 493 0065 08       		.uleb128 0x8
 494 0066 898201   		.uleb128 0x4109
 495 0069 01       		.byte	0x1
 496 006a 11       		.uleb128 0x11
 497 006b 01       		.uleb128 0x1
 498 006c 31       		.uleb128 0x31
 499 006d 13       		.uleb128 0x13
 500 006e 00       		.byte	0
 501 006f 00       		.byte	0
 502 0070 09       		.uleb128 0x9
 503 0071 2E       		.uleb128 0x2e
 504 0072 01       		.byte	0x1
 505 0073 3F       		.uleb128 0x3f
 506 0074 19       		.uleb128 0x19
 507 0075 03       		.uleb128 0x3
 508 0076 0E       		.uleb128 0xe
 509 0077 3A       		.uleb128 0x3a
 510 0078 0B       		.uleb128 0xb
 511 0079 3B       		.uleb128 0x3b
 512 007a 0B       		.uleb128 0xb
 513 007b 27       		.uleb128 0x27
 514 007c 19       		.uleb128 0x19
 515 007d 49       		.uleb128 0x49
 516 007e 13       		.uleb128 0x13
ARM GAS  C:\Users\NGUYEN~1\AppData\Local\Temp\cc1N34Le.s 			page 11


 517 007f 8701     		.uleb128 0x87
 518 0081 19       		.uleb128 0x19
 519 0082 11       		.uleb128 0x11
 520 0083 01       		.uleb128 0x1
 521 0084 12       		.uleb128 0x12
 522 0085 06       		.uleb128 0x6
 523 0086 40       		.uleb128 0x40
 524 0087 18       		.uleb128 0x18
 525 0088 9742     		.uleb128 0x2117
 526 008a 19       		.uleb128 0x19
 527 008b 01       		.uleb128 0x1
 528 008c 13       		.uleb128 0x13
 529 008d 00       		.byte	0
 530 008e 00       		.byte	0
 531 008f 0A       		.uleb128 0xa
 532 0090 2E       		.uleb128 0x2e
 533 0091 00       		.byte	0
 534 0092 3F       		.uleb128 0x3f
 535 0093 19       		.uleb128 0x19
 536 0094 3C       		.uleb128 0x3c
 537 0095 19       		.uleb128 0x19
 538 0096 6E       		.uleb128 0x6e
 539 0097 0E       		.uleb128 0xe
 540 0098 03       		.uleb128 0x3
 541 0099 0E       		.uleb128 0xe
 542 009a 3A       		.uleb128 0x3a
 543 009b 0B       		.uleb128 0xb
 544 009c 3B       		.uleb128 0x3b
 545 009d 0B       		.uleb128 0xb
 546 009e 00       		.byte	0
 547 009f 00       		.byte	0
 548 00a0 00       		.byte	0
 549              		.section	.debug_aranges,"",%progbits
 550 0000 2C000000 		.4byte	0x2c
 551 0004 0200     		.2byte	0x2
 552 0006 00000000 		.4byte	.Ldebug_info0
 553 000a 04       		.byte	0x4
 554 000b 00       		.byte	0
 555 000c 0000     		.2byte	0
 556 000e 0000     		.2byte	0
 557 0010 00000000 		.4byte	.LFB33
 558 0014 3C000000 		.4byte	.LFE33-.LFB33
 559 0018 00000000 		.4byte	.LFB34
 560 001c 18000000 		.4byte	.LFE34-.LFB34
 561 0020 00000000 		.4byte	.LFB32
 562 0024 0E000000 		.4byte	.LFE32-.LFB32
 563 0028 00000000 		.4byte	0
 564 002c 00000000 		.4byte	0
 565              		.section	.debug_ranges,"",%progbits
 566              	.Ldebug_ranges0:
 567 0000 00000000 		.4byte	.LFB33
 568 0004 3C000000 		.4byte	.LFE33
 569 0008 00000000 		.4byte	.LFB34
 570 000c 18000000 		.4byte	.LFE34
 571 0010 00000000 		.4byte	.LFB32
 572 0014 0E000000 		.4byte	.LFE32
 573 0018 00000000 		.4byte	0
ARM GAS  C:\Users\NGUYEN~1\AppData\Local\Temp\cc1N34Le.s 			page 12


 574 001c 00000000 		.4byte	0
 575              		.section	.debug_line,"",%progbits
 576              	.Ldebug_line0:
 577 0000 8D000000 		.section	.debug_str,"MS",%progbits,1
 577      02004800 
 577      00000201 
 577      FB0E0D00 
 577      01010101 
 578              	.LASF6:
 579 0000 6C6F6E67 		.ascii	"long long int\000"
 579      206C6F6E 
 579      6720696E 
 579      7400
 580              	.LASF8:
 581 000e 756E7369 		.ascii	"unsigned int\000"
 581      676E6564 
 581      20696E74 
 581      00
 582              	.LASF16:
 583 001b 6C63645F 		.ascii	"lcd_Start\000"
 583      53746172 
 583      7400
 584              	.LASF22:
 585 0025 6D61696E 		.ascii	"main.c\000"
 585      2E6300
 586              	.LASF24:
 587 002c 6D61696E 		.ascii	"main\000"
 587      00
 588              	.LASF17:
 589 0031 6C63645F 		.ascii	"lcd_Position\000"
 589      506F7369 
 589      74696F6E 
 589      00
 590              	.LASF19:
 591 003e 43794465 		.ascii	"CyDelay\000"
 591      6C617900 
 592              	.LASF5:
 593 0046 6C6F6E67 		.ascii	"long unsigned int\000"
 593      20756E73 
 593      69676E65 
 593      6420696E 
 593      7400
 594              	.LASF7:
 595 0058 6C6F6E67 		.ascii	"long long unsigned int\000"
 595      206C6F6E 
 595      6720756E 
 595      7369676E 
 595      65642069 
 596              	.LASF9:
 597 006f 666C6F61 		.ascii	"float\000"
 597      7400
 598              	.LASF18:
 599 0075 6C63645F 		.ascii	"lcd_PrintString\000"
 599      5072696E 
 599      74537472 
 599      696E6700 
 600              	.LASF14:
ARM GAS  C:\Users\NGUYEN~1\AppData\Local\Temp\cc1N34Le.s 			page 13


 601 0085 636F6E66 		.ascii	"configSystem\000"
 601      69675379 
 601      7374656D 
 601      00
 602              	.LASF1:
 603 0092 756E7369 		.ascii	"unsigned char\000"
 603      676E6564 
 603      20636861 
 603      7200
 604              	.LASF11:
 605 00a0 63686172 		.ascii	"char\000"
 605      00
 606              	.LASF15:
 607 00a5 64697370 		.ascii	"display\000"
 607      6C617900 
 608              	.LASF4:
 609 00ad 6C6F6E67 		.ascii	"long int\000"
 609      20696E74 
 609      00
 610              	.LASF10:
 611 00b6 646F7562 		.ascii	"double\000"
 611      6C6500
 612              	.LASF21:
 613 00bd 474E5520 		.ascii	"GNU C11 5.4.1 20160609 (release) [ARM/embedded-5-br"
 613      43313120 
 613      352E342E 
 613      31203230 
 613      31363036 
 614 00f0 616E6368 		.ascii	"anch revision 237715] -mcpu=cortex-m0 -mthumb -g -O"
 614      20726576 
 614      6973696F 
 614      6E203233 
 614      37373135 
 615 0123 67202D66 		.ascii	"g -ffunction-sections -ffat-lto-objects\000"
 615      66756E63 
 615      74696F6E 
 615      2D736563 
 615      74696F6E 
 616              	.LASF3:
 617 014b 73686F72 		.ascii	"short unsigned int\000"
 617      7420756E 
 617      7369676E 
 617      65642069 
 617      6E7400
 618              	.LASF0:
 619 015e 7369676E 		.ascii	"signed char\000"
 619      65642063 
 619      68617200 
 620              	.LASF13:
 621 016a 6C6F6E67 		.ascii	"long double\000"
 621      20646F75 
 621      626C6500 
 622              	.LASF2:
 623 0176 73686F72 		.ascii	"short int\000"
 623      7420696E 
 623      7400
 624              	.LASF23:
ARM GAS  C:\Users\NGUYEN~1\AppData\Local\Temp\cc1N34Le.s 			page 14


 625 0180 443A5C70 		.ascii	"D:\\psoc\\theory\\lcd_16xN\\lcd_16xN.cydsn\000"
 625      736F635C 
 625      7468656F 
 625      72795C6C 
 625      63645F31 
 626              	.LASF20:
 627 01a7 6C63645F 		.ascii	"lcd_WriteControl\000"
 627      57726974 
 627      65436F6E 
 627      74726F6C 
 627      00
 628              	.LASF12:
 629 01b8 73697A65 		.ascii	"sizetype\000"
 629      74797065 
 629      00
 630              		.ident	"GCC: (GNU Tools for ARM Embedded Processors) 5.4.1 20160609 (release) [ARM/embedded-5-bran
