ARM GAS  C:\Users\NGUYEN~1\AppData\Local\Temp\ccAbY2e3.s 			page 1


   1              		.syntax unified
   2              		.cpu cortex-m0
   3              		.fpu softvfp
   4              		.eabi_attribute 20, 1
   5              		.eabi_attribute 21, 1
   6              		.eabi_attribute 23, 3
   7              		.eabi_attribute 24, 1
   8              		.eabi_attribute 25, 1
   9              		.eabi_attribute 26, 1
  10              		.eabi_attribute 30, 1
  11              		.eabi_attribute 34, 0
  12              		.eabi_attribute 18, 4
  13              		.thumb
  14              		.syntax unified
  15              		.file	"cyfitter_cfg.c"
  16              		.text
  17              	.Ltext0:
  18              		.cfi_sections	.debug_frame
  19              		.section	.text.CYMEMZERO,"ax",%progbits
  20              		.align	2
  21              		.code	16
  22              		.thumb_func
  23              		.type	CYMEMZERO, %function
  24              	CYMEMZERO:
  25              	.LFB0:
  26              		.file 1 "Generated_Source\\PSoC4\\cyfitter_cfg.c"
   1:Generated_Source\PSoC4/cyfitter_cfg.c **** 
   2:Generated_Source\PSoC4/cyfitter_cfg.c **** /*******************************************************************************
   3:Generated_Source\PSoC4/cyfitter_cfg.c **** * File Name: cyfitter_cfg.c
   4:Generated_Source\PSoC4/cyfitter_cfg.c **** * 
   5:Generated_Source\PSoC4/cyfitter_cfg.c **** * PSoC Creator  4.4
   6:Generated_Source\PSoC4/cyfitter_cfg.c **** *
   7:Generated_Source\PSoC4/cyfitter_cfg.c **** * Description:
   8:Generated_Source\PSoC4/cyfitter_cfg.c **** * This file contains device initialization code.
   9:Generated_Source\PSoC4/cyfitter_cfg.c **** * Except for the user defined sections in CyClockStartupError(), this file should not be modified.
  10:Generated_Source\PSoC4/cyfitter_cfg.c **** * This file is automatically generated by PSoC Creator.
  11:Generated_Source\PSoC4/cyfitter_cfg.c **** *
  12:Generated_Source\PSoC4/cyfitter_cfg.c **** ********************************************************************************
  13:Generated_Source\PSoC4/cyfitter_cfg.c **** * Copyright (c) 2007-2020 Cypress Semiconductor.  All rights reserved.
  14:Generated_Source\PSoC4/cyfitter_cfg.c **** * You may use this file only in accordance with the license, terms, conditions, 
  15:Generated_Source\PSoC4/cyfitter_cfg.c **** * disclaimers, and limitations in the end user license agreement accompanying 
  16:Generated_Source\PSoC4/cyfitter_cfg.c **** * the software package with which this file was provided.
  17:Generated_Source\PSoC4/cyfitter_cfg.c **** ********************************************************************************/
  18:Generated_Source\PSoC4/cyfitter_cfg.c **** 
  19:Generated_Source\PSoC4/cyfitter_cfg.c **** #include <string.h>
  20:Generated_Source\PSoC4/cyfitter_cfg.c **** #include "cytypes.h"
  21:Generated_Source\PSoC4/cyfitter_cfg.c **** #include "cydevice_trm.h"
  22:Generated_Source\PSoC4/cyfitter_cfg.c **** #include "cyfitter.h"
  23:Generated_Source\PSoC4/cyfitter_cfg.c **** #include "CyLib.h"
  24:Generated_Source\PSoC4/cyfitter_cfg.c **** #include "CyLFClk.h"
  25:Generated_Source\PSoC4/cyfitter_cfg.c **** #include "cyfitter_cfg.h"
  26:Generated_Source\PSoC4/cyfitter_cfg.c **** #include "cyapicallbacks.h"
  27:Generated_Source\PSoC4/cyfitter_cfg.c **** 
  28:Generated_Source\PSoC4/cyfitter_cfg.c **** 
  29:Generated_Source\PSoC4/cyfitter_cfg.c **** #if defined(__GNUC__) || defined(__ARMCC_VERSION)
  30:Generated_Source\PSoC4/cyfitter_cfg.c ****     #define CYPACKED 
  31:Generated_Source\PSoC4/cyfitter_cfg.c ****     #define CYPACKED_ATTR __attribute__ ((packed))
ARM GAS  C:\Users\NGUYEN~1\AppData\Local\Temp\ccAbY2e3.s 			page 2


  32:Generated_Source\PSoC4/cyfitter_cfg.c ****     #define CYALIGNED __attribute__ ((aligned))
  33:Generated_Source\PSoC4/cyfitter_cfg.c ****     #define CY_CFG_UNUSED __attribute__ ((unused))
  34:Generated_Source\PSoC4/cyfitter_cfg.c ****     #ifndef CY_CFG_SECTION
  35:Generated_Source\PSoC4/cyfitter_cfg.c ****         #define CY_CFG_SECTION __attribute__ ((section(".psocinit")))
  36:Generated_Source\PSoC4/cyfitter_cfg.c ****     #endif
  37:Generated_Source\PSoC4/cyfitter_cfg.c ****     
  38:Generated_Source\PSoC4/cyfitter_cfg.c ****     #if defined(__ARMCC_VERSION)
  39:Generated_Source\PSoC4/cyfitter_cfg.c ****         #define CY_CFG_MEMORY_BARRIER() __memory_changed()
  40:Generated_Source\PSoC4/cyfitter_cfg.c ****     #else
  41:Generated_Source\PSoC4/cyfitter_cfg.c ****         #define CY_CFG_MEMORY_BARRIER() __sync_synchronize()
  42:Generated_Source\PSoC4/cyfitter_cfg.c ****     #endif
  43:Generated_Source\PSoC4/cyfitter_cfg.c ****     
  44:Generated_Source\PSoC4/cyfitter_cfg.c **** #elif defined(__ICCARM__)
  45:Generated_Source\PSoC4/cyfitter_cfg.c ****     #include <intrinsics.h>
  46:Generated_Source\PSoC4/cyfitter_cfg.c **** 
  47:Generated_Source\PSoC4/cyfitter_cfg.c ****     #define CYPACKED __packed
  48:Generated_Source\PSoC4/cyfitter_cfg.c ****     #define CYPACKED_ATTR 
  49:Generated_Source\PSoC4/cyfitter_cfg.c ****     #define CYALIGNED _Pragma("data_alignment=4")
  50:Generated_Source\PSoC4/cyfitter_cfg.c ****     #define CY_CFG_UNUSED _Pragma("diag_suppress=Pe177")
  51:Generated_Source\PSoC4/cyfitter_cfg.c ****     #define CY_CFG_SECTION _Pragma("location=\".psocinit\"")
  52:Generated_Source\PSoC4/cyfitter_cfg.c ****     
  53:Generated_Source\PSoC4/cyfitter_cfg.c ****     #define CY_CFG_MEMORY_BARRIER() __DMB()
  54:Generated_Source\PSoC4/cyfitter_cfg.c ****     
  55:Generated_Source\PSoC4/cyfitter_cfg.c **** #else
  56:Generated_Source\PSoC4/cyfitter_cfg.c ****     #error Unsupported toolchain
  57:Generated_Source\PSoC4/cyfitter_cfg.c **** #endif
  58:Generated_Source\PSoC4/cyfitter_cfg.c **** 
  59:Generated_Source\PSoC4/cyfitter_cfg.c **** #ifndef CYCODE
  60:Generated_Source\PSoC4/cyfitter_cfg.c ****     #define CYCODE
  61:Generated_Source\PSoC4/cyfitter_cfg.c **** #endif
  62:Generated_Source\PSoC4/cyfitter_cfg.c **** #ifndef CYDATA
  63:Generated_Source\PSoC4/cyfitter_cfg.c ****     #define CYDATA
  64:Generated_Source\PSoC4/cyfitter_cfg.c **** #endif
  65:Generated_Source\PSoC4/cyfitter_cfg.c **** #ifndef CYFAR
  66:Generated_Source\PSoC4/cyfitter_cfg.c ****     #define CYFAR
  67:Generated_Source\PSoC4/cyfitter_cfg.c **** #endif
  68:Generated_Source\PSoC4/cyfitter_cfg.c **** #ifndef CYXDATA
  69:Generated_Source\PSoC4/cyfitter_cfg.c ****     #define CYXDATA
  70:Generated_Source\PSoC4/cyfitter_cfg.c **** #endif
  71:Generated_Source\PSoC4/cyfitter_cfg.c **** 
  72:Generated_Source\PSoC4/cyfitter_cfg.c **** 
  73:Generated_Source\PSoC4/cyfitter_cfg.c **** CY_CFG_UNUSED
  74:Generated_Source\PSoC4/cyfitter_cfg.c **** static void CYMEMZERO(void *s, size_t n);
  75:Generated_Source\PSoC4/cyfitter_cfg.c **** CY_CFG_UNUSED
  76:Generated_Source\PSoC4/cyfitter_cfg.c **** static void CYMEMZERO(void *s, size_t n)
  77:Generated_Source\PSoC4/cyfitter_cfg.c **** {
  27              		.loc 1 77 0
  28              		.cfi_startproc
  29              		@ args = 0, pretend = 0, frame = 0
  30              		@ frame_needed = 0, uses_anonymous_args = 0
  31              	.LVL0:
  32 0000 10B5     		push	{r4, lr}
  33              		.cfi_def_cfa_offset 8
  34              		.cfi_offset 4, -8
  35              		.cfi_offset 14, -4
  36 0002 0A00     		movs	r2, r1
  78:Generated_Source\PSoC4/cyfitter_cfg.c **** 	(void)memset(s, 0, n);
ARM GAS  C:\Users\NGUYEN~1\AppData\Local\Temp\ccAbY2e3.s 			page 3


  37              		.loc 1 78 0
  38 0004 0021     		movs	r1, #0
  39              	.LVL1:
  40 0006 FFF7FEFF 		bl	memset
  41              	.LVL2:
  79:Generated_Source\PSoC4/cyfitter_cfg.c **** }
  42              		.loc 1 79 0
  43              		@ sp needed
  44 000a 10BD     		pop	{r4, pc}
  45              		.cfi_endproc
  46              	.LFE0:
  47              		.size	CYMEMZERO, .-CYMEMZERO
  48              		.section	.psocinit,"ax",%progbits
  49              		.align	2
  50              		.code	16
  51              		.thumb_func
  52              		.type	ClockSetup, %function
  53              	ClockSetup:
  54              	.LFB3:
  80:Generated_Source\PSoC4/cyfitter_cfg.c **** CY_CFG_UNUSED
  81:Generated_Source\PSoC4/cyfitter_cfg.c **** static void CYCONFIGCPY(void *dest, const void *src, size_t n);
  82:Generated_Source\PSoC4/cyfitter_cfg.c **** CY_CFG_UNUSED
  83:Generated_Source\PSoC4/cyfitter_cfg.c **** static void CYCONFIGCPY(void *dest, const void *src, size_t n)
  84:Generated_Source\PSoC4/cyfitter_cfg.c **** {
  85:Generated_Source\PSoC4/cyfitter_cfg.c **** 	(void)memcpy(dest, src, n);
  86:Generated_Source\PSoC4/cyfitter_cfg.c **** }
  87:Generated_Source\PSoC4/cyfitter_cfg.c **** CY_CFG_UNUSED
  88:Generated_Source\PSoC4/cyfitter_cfg.c **** static void CYCONFIGCPYCODE(void *dest, const void *src, size_t n);
  89:Generated_Source\PSoC4/cyfitter_cfg.c **** CY_CFG_UNUSED
  90:Generated_Source\PSoC4/cyfitter_cfg.c **** static void CYCONFIGCPYCODE(void *dest, const void *src, size_t n)
  91:Generated_Source\PSoC4/cyfitter_cfg.c **** {
  92:Generated_Source\PSoC4/cyfitter_cfg.c **** 	(void)memcpy(dest, src, n);
  93:Generated_Source\PSoC4/cyfitter_cfg.c **** }
  94:Generated_Source\PSoC4/cyfitter_cfg.c **** 
  95:Generated_Source\PSoC4/cyfitter_cfg.c **** 
  96:Generated_Source\PSoC4/cyfitter_cfg.c **** 
  97:Generated_Source\PSoC4/cyfitter_cfg.c **** 
  98:Generated_Source\PSoC4/cyfitter_cfg.c **** /* Clock startup error codes                                                   */
  99:Generated_Source\PSoC4/cyfitter_cfg.c **** #define CYCLOCKSTART_NO_ERROR    0u
 100:Generated_Source\PSoC4/cyfitter_cfg.c **** #define CYCLOCKSTART_XTAL_ERROR  1u
 101:Generated_Source\PSoC4/cyfitter_cfg.c **** #define CYCLOCKSTART_32KHZ_ERROR 2u
 102:Generated_Source\PSoC4/cyfitter_cfg.c **** #define CYCLOCKSTART_PLL_ERROR   3u
 103:Generated_Source\PSoC4/cyfitter_cfg.c **** #define CYCLOCKSTART_FLL_ERROR   4u
 104:Generated_Source\PSoC4/cyfitter_cfg.c **** #define CYCLOCKSTART_WCO_ERROR   5u
 105:Generated_Source\PSoC4/cyfitter_cfg.c **** 
 106:Generated_Source\PSoC4/cyfitter_cfg.c **** 
 107:Generated_Source\PSoC4/cyfitter_cfg.c **** #ifdef CY_NEED_CYCLOCKSTARTUPERROR
 108:Generated_Source\PSoC4/cyfitter_cfg.c **** /*******************************************************************************
 109:Generated_Source\PSoC4/cyfitter_cfg.c **** * Function Name: CyClockStartupError
 110:Generated_Source\PSoC4/cyfitter_cfg.c **** ********************************************************************************
 111:Generated_Source\PSoC4/cyfitter_cfg.c **** * Summary:
 112:Generated_Source\PSoC4/cyfitter_cfg.c **** *  If an error is encountered during clock configuration (crystal startup error,
 113:Generated_Source\PSoC4/cyfitter_cfg.c **** *  PLL lock error, etc.), the system will end up here.  Unless reimplemented by
 114:Generated_Source\PSoC4/cyfitter_cfg.c **** *  the customer, this function will stop in an infinite loop.
 115:Generated_Source\PSoC4/cyfitter_cfg.c **** *
 116:Generated_Source\PSoC4/cyfitter_cfg.c **** * Parameters:
 117:Generated_Source\PSoC4/cyfitter_cfg.c **** *   void
ARM GAS  C:\Users\NGUYEN~1\AppData\Local\Temp\ccAbY2e3.s 			page 4


 118:Generated_Source\PSoC4/cyfitter_cfg.c **** *
 119:Generated_Source\PSoC4/cyfitter_cfg.c **** * Return:
 120:Generated_Source\PSoC4/cyfitter_cfg.c **** *   void
 121:Generated_Source\PSoC4/cyfitter_cfg.c **** *
 122:Generated_Source\PSoC4/cyfitter_cfg.c **** *******************************************************************************/
 123:Generated_Source\PSoC4/cyfitter_cfg.c **** CY_CFG_UNUSED
 124:Generated_Source\PSoC4/cyfitter_cfg.c **** static void CyClockStartupError(uint8 errorCode);
 125:Generated_Source\PSoC4/cyfitter_cfg.c **** CY_CFG_UNUSED
 126:Generated_Source\PSoC4/cyfitter_cfg.c **** static void CyClockStartupError(uint8 errorCode)
 127:Generated_Source\PSoC4/cyfitter_cfg.c **** {
 128:Generated_Source\PSoC4/cyfitter_cfg.c ****     /* To remove the compiler warning if errorCode not used.                */
 129:Generated_Source\PSoC4/cyfitter_cfg.c ****     errorCode = errorCode;
 130:Generated_Source\PSoC4/cyfitter_cfg.c **** 
 131:Generated_Source\PSoC4/cyfitter_cfg.c ****     /* If we have a clock startup error (bad MHz crystal, PLL lock, etc.),  */
 132:Generated_Source\PSoC4/cyfitter_cfg.c ****     /* we will end up here to allow the customer to implement something to  */
 133:Generated_Source\PSoC4/cyfitter_cfg.c ****     /* deal with the clock condition.                                       */
 134:Generated_Source\PSoC4/cyfitter_cfg.c **** 
 135:Generated_Source\PSoC4/cyfitter_cfg.c **** #ifdef CY_CFG_CLOCK_STARTUP_ERROR_CALLBACK
 136:Generated_Source\PSoC4/cyfitter_cfg.c ****     CY_CFG_Clock_Startup_ErrorCallback();
 137:Generated_Source\PSoC4/cyfitter_cfg.c **** #else
 138:Generated_Source\PSoC4/cyfitter_cfg.c ****     /*  If not using CY_CFG_CLOCK_STARTUP_ERROR_CALLBACK, place your clock startup code here. */
 139:Generated_Source\PSoC4/cyfitter_cfg.c ****     /* `#START CyClockStartupError` */
 140:Generated_Source\PSoC4/cyfitter_cfg.c **** 
 141:Generated_Source\PSoC4/cyfitter_cfg.c **** 
 142:Generated_Source\PSoC4/cyfitter_cfg.c **** 
 143:Generated_Source\PSoC4/cyfitter_cfg.c ****     /* `#END` */
 144:Generated_Source\PSoC4/cyfitter_cfg.c **** 
 145:Generated_Source\PSoC4/cyfitter_cfg.c ****     while(1) {}
 146:Generated_Source\PSoC4/cyfitter_cfg.c **** #endif /* CY_CFG_CLOCK_STARTUP_ERROR_CALLBACK */
 147:Generated_Source\PSoC4/cyfitter_cfg.c **** }
 148:Generated_Source\PSoC4/cyfitter_cfg.c **** #endif
 149:Generated_Source\PSoC4/cyfitter_cfg.c **** 
 150:Generated_Source\PSoC4/cyfitter_cfg.c **** 
 151:Generated_Source\PSoC4/cyfitter_cfg.c **** 
 152:Generated_Source\PSoC4/cyfitter_cfg.c **** /*******************************************************************************
 153:Generated_Source\PSoC4/cyfitter_cfg.c **** * Function Name: ClockSetup
 154:Generated_Source\PSoC4/cyfitter_cfg.c **** ********************************************************************************
 155:Generated_Source\PSoC4/cyfitter_cfg.c **** *
 156:Generated_Source\PSoC4/cyfitter_cfg.c **** * Summary:
 157:Generated_Source\PSoC4/cyfitter_cfg.c **** *   Performs the initialization of all of the clocks in the device based on the
 158:Generated_Source\PSoC4/cyfitter_cfg.c **** *   settings in the Clock tab of the DWR.  This includes enabling the requested
 159:Generated_Source\PSoC4/cyfitter_cfg.c **** *   clocks and setting the necessary dividers to produce the desired frequency. 
 160:Generated_Source\PSoC4/cyfitter_cfg.c **** *
 161:Generated_Source\PSoC4/cyfitter_cfg.c **** * Parameters:
 162:Generated_Source\PSoC4/cyfitter_cfg.c **** *   void
 163:Generated_Source\PSoC4/cyfitter_cfg.c **** *
 164:Generated_Source\PSoC4/cyfitter_cfg.c **** * Return:
 165:Generated_Source\PSoC4/cyfitter_cfg.c **** *   void
 166:Generated_Source\PSoC4/cyfitter_cfg.c **** *
 167:Generated_Source\PSoC4/cyfitter_cfg.c **** *******************************************************************************/
 168:Generated_Source\PSoC4/cyfitter_cfg.c **** static void ClockSetup(void);
 169:Generated_Source\PSoC4/cyfitter_cfg.c **** CY_CFG_SECTION
 170:Generated_Source\PSoC4/cyfitter_cfg.c **** static void ClockSetup(void)
 171:Generated_Source\PSoC4/cyfitter_cfg.c **** {
  55              		.loc 1 171 0
  56              		.cfi_startproc
  57              		@ args = 0, pretend = 0, frame = 0
ARM GAS  C:\Users\NGUYEN~1\AppData\Local\Temp\ccAbY2e3.s 			page 5


  58              		@ frame_needed = 0, uses_anonymous_args = 0
  59 0000 70B5     		push	{r4, r5, r6, lr}
  60              		.cfi_def_cfa_offset 16
  61              		.cfi_offset 4, -16
  62              		.cfi_offset 5, -12
  63              		.cfi_offset 6, -8
  64              		.cfi_offset 14, -4
 172:Generated_Source\PSoC4/cyfitter_cfg.c **** 	/* Enable HALF_EN before trimming for the flash accelerator. */
 173:Generated_Source\PSoC4/cyfitter_cfg.c **** 	CY_SET_REG32((void CYXDATA *)(CYREG_CLK_SELECT), (CY_GET_REG32((void *)CYREG_CLK_SELECT) | 0x00040
  65              		.loc 1 173 0
  66 0002 134C     		ldr	r4, .L3
  67 0004 2368     		ldr	r3, [r4]
  68 0006 8022     		movs	r2, #128
  69 0008 D202     		lsls	r2, r2, #11
  70 000a 1343     		orrs	r3, r2
  71 000c 2360     		str	r3, [r4]
 174:Generated_Source\PSoC4/cyfitter_cfg.c **** 
 175:Generated_Source\PSoC4/cyfitter_cfg.c **** 	/* Setup and trim IMO based on desired frequency. */
 176:Generated_Source\PSoC4/cyfitter_cfg.c **** 	CySysClkWriteImoFreq(24u);
  72              		.loc 1 176 0
  73 000e 1820     		movs	r0, #24
  74 0010 FFF7FEFF 		bl	CySysClkWriteImoFreq
  75              	.LVL3:
 177:Generated_Source\PSoC4/cyfitter_cfg.c **** 
 178:Generated_Source\PSoC4/cyfitter_cfg.c **** 	/* Disable HALF_EN since it is not required at this IMO frequency. */
 179:Generated_Source\PSoC4/cyfitter_cfg.c **** 	CY_SET_REG32((void CYXDATA *)(CYREG_CLK_SELECT), (CY_GET_REG32((void *)CYREG_CLK_SELECT) & 0xFFFBF
  76              		.loc 1 179 0
  77 0014 2268     		ldr	r2, [r4]
  78 0016 0F4B     		ldr	r3, .L3+4
  79 0018 1340     		ands	r3, r2
  80 001a 2360     		str	r3, [r4]
 180:Generated_Source\PSoC4/cyfitter_cfg.c **** 	/* CYDEV_CLK_ILO_CONFIG Starting address: CYDEV_CLK_ILO_CONFIG */
 181:Generated_Source\PSoC4/cyfitter_cfg.c **** 	CY_SET_REG32((void *)(CYREG_CLK_ILO_CONFIG), 0x80000006u);
  81              		.loc 1 181 0
  82 001c 0E4A     		ldr	r2, .L3+8
  83 001e 0F4B     		ldr	r3, .L3+12
  84 0020 1A60     		str	r2, [r3]
 182:Generated_Source\PSoC4/cyfitter_cfg.c **** 
 183:Generated_Source\PSoC4/cyfitter_cfg.c **** 
 184:Generated_Source\PSoC4/cyfitter_cfg.c **** 	/* CYDEV_CLK_SELECT00 Starting address: CYDEV_CLK_SELECT00 */
 185:Generated_Source\PSoC4/cyfitter_cfg.c **** 	CY_SET_REG32((void *)(CYREG_CLK_SELECT03), 0x00000010u);
  85              		.loc 1 185 0
  86 0022 1022     		movs	r2, #16
  87 0024 0E4B     		ldr	r3, .L3+16
  88 0026 1A60     		str	r2, [r3]
 186:Generated_Source\PSoC4/cyfitter_cfg.c **** 
 187:Generated_Source\PSoC4/cyfitter_cfg.c **** 	/* CYDEV_CLK_IMO_CONFIG Starting address: CYDEV_CLK_IMO_CONFIG */
 188:Generated_Source\PSoC4/cyfitter_cfg.c **** 	CY_SET_REG32((void *)(CYREG_CLK_IMO_CONFIG), 0x80000000u);
  89              		.loc 1 188 0
  90 0028 8022     		movs	r2, #128
  91 002a 1206     		lsls	r2, r2, #24
  92 002c 0D4B     		ldr	r3, .L3+20
  93 002e 1A60     		str	r2, [r3]
 189:Generated_Source\PSoC4/cyfitter_cfg.c **** 
 190:Generated_Source\PSoC4/cyfitter_cfg.c **** 	/* CYDEV_CLK_SELECT Starting address: CYDEV_CLK_SELECT */
 191:Generated_Source\PSoC4/cyfitter_cfg.c **** 	CY_SET_REG32((void *)(CYREG_CLK_SELECT), 0x00000000u);
  94              		.loc 1 191 0
ARM GAS  C:\Users\NGUYEN~1\AppData\Local\Temp\ccAbY2e3.s 			page 6


  95 0030 0025     		movs	r5, #0
  96 0032 2560     		str	r5, [r4]
 192:Generated_Source\PSoC4/cyfitter_cfg.c **** 
 193:Generated_Source\PSoC4/cyfitter_cfg.c **** 	/* CYDEV_CLK_DIVIDER_A00 Starting address: CYDEV_CLK_DIVIDER_A00 */
 194:Generated_Source\PSoC4/cyfitter_cfg.c **** 	CY_SET_REG32((void *)(CYREG_CLK_DIVIDER_A00), 0x8000000Eu);
  97              		.loc 1 194 0
  98 0034 0C4A     		ldr	r2, .L3+24
  99 0036 0D4B     		ldr	r3, .L3+28
 100 0038 1A60     		str	r2, [r3]
 195:Generated_Source\PSoC4/cyfitter_cfg.c **** 
 196:Generated_Source\PSoC4/cyfitter_cfg.c **** 	(void)CyIntSetVector(9u, &CySysWdtIsr);
 101              		.loc 1 196 0
 102 003a 0D49     		ldr	r1, .L3+32
 103 003c 0920     		movs	r0, #9
 104 003e FFF7FEFF 		bl	CyIntSetVector
 105              	.LVL4:
 197:Generated_Source\PSoC4/cyfitter_cfg.c **** 	CyIntEnable(9u);
 106              		.loc 1 197 0
 107 0042 0920     		movs	r0, #9
 108 0044 FFF7FEFF 		bl	CyIntEnable
 109              	.LVL5:
 198:Generated_Source\PSoC4/cyfitter_cfg.c **** 	CY_SET_REG32((void *)(CYREG_WDT_CONFIG), 0x00000000u);
 110              		.loc 1 198 0
 111 0048 0A4B     		ldr	r3, .L3+36
 112 004a 1D60     		str	r5, [r3]
 199:Generated_Source\PSoC4/cyfitter_cfg.c **** }
 113              		.loc 1 199 0
 114              		@ sp needed
 115 004c 70BD     		pop	{r4, r5, r6, pc}
 116              	.L4:
 117 004e C046     		.align	2
 118              	.L3:
 119 0050 00010B40 		.word	1074462976
 120 0054 FFFFFBFF 		.word	-262145
 121 0058 06000080 		.word	-2147483642
 122 005c 04010B40 		.word	1074462980
 123 0060 0C020240 		.word	1073873420
 124 0064 08010B40 		.word	1074462984
 125 0068 0E000080 		.word	-2147483634
 126 006c 00000240 		.word	1073872896
 127 0070 00000000 		.word	CySysWdtIsr
 128 0074 0C020B40 		.word	1074463244
 129              		.cfi_endproc
 130              	.LFE3:
 131              		.size	ClockSetup, .-ClockSetup
 132              		.align	2
 133              		.global	cyfitter_cfg
 134              		.code	16
 135              		.thumb_func
 136              		.type	cyfitter_cfg, %function
 137              	cyfitter_cfg:
 138              	.LFB5:
 200:Generated_Source\PSoC4/cyfitter_cfg.c **** 
 201:Generated_Source\PSoC4/cyfitter_cfg.c **** 
 202:Generated_Source\PSoC4/cyfitter_cfg.c **** /* Analog API Functions */
 203:Generated_Source\PSoC4/cyfitter_cfg.c **** 
 204:Generated_Source\PSoC4/cyfitter_cfg.c **** 
ARM GAS  C:\Users\NGUYEN~1\AppData\Local\Temp\ccAbY2e3.s 			page 7


 205:Generated_Source\PSoC4/cyfitter_cfg.c **** /*******************************************************************************
 206:Generated_Source\PSoC4/cyfitter_cfg.c **** * Function Name: AnalogSetDefault
 207:Generated_Source\PSoC4/cyfitter_cfg.c **** ********************************************************************************
 208:Generated_Source\PSoC4/cyfitter_cfg.c **** *
 209:Generated_Source\PSoC4/cyfitter_cfg.c **** * Summary:
 210:Generated_Source\PSoC4/cyfitter_cfg.c **** *  Sets up the analog portions of the chip to default values based on chip
 211:Generated_Source\PSoC4/cyfitter_cfg.c **** *  configuration options from the project.
 212:Generated_Source\PSoC4/cyfitter_cfg.c **** *
 213:Generated_Source\PSoC4/cyfitter_cfg.c **** * Parameters:
 214:Generated_Source\PSoC4/cyfitter_cfg.c **** *  void
 215:Generated_Source\PSoC4/cyfitter_cfg.c **** *
 216:Generated_Source\PSoC4/cyfitter_cfg.c **** * Return:
 217:Generated_Source\PSoC4/cyfitter_cfg.c **** *  void
 218:Generated_Source\PSoC4/cyfitter_cfg.c **** *
 219:Generated_Source\PSoC4/cyfitter_cfg.c **** *******************************************************************************/
 220:Generated_Source\PSoC4/cyfitter_cfg.c **** static void AnalogSetDefault(void);
 221:Generated_Source\PSoC4/cyfitter_cfg.c **** static void AnalogSetDefault(void)
 222:Generated_Source\PSoC4/cyfitter_cfg.c **** {
 223:Generated_Source\PSoC4/cyfitter_cfg.c **** }
 224:Generated_Source\PSoC4/cyfitter_cfg.c **** 
 225:Generated_Source\PSoC4/cyfitter_cfg.c **** 
 226:Generated_Source\PSoC4/cyfitter_cfg.c **** 
 227:Generated_Source\PSoC4/cyfitter_cfg.c **** 
 228:Generated_Source\PSoC4/cyfitter_cfg.c **** /*******************************************************************************
 229:Generated_Source\PSoC4/cyfitter_cfg.c **** * Function Name: cyfitter_cfg
 230:Generated_Source\PSoC4/cyfitter_cfg.c **** ********************************************************************************
 231:Generated_Source\PSoC4/cyfitter_cfg.c **** * Summary:
 232:Generated_Source\PSoC4/cyfitter_cfg.c **** *  This function is called by the start-up code for the selected device. It
 233:Generated_Source\PSoC4/cyfitter_cfg.c **** *  performs all of the necessary device configuration based on the design
 234:Generated_Source\PSoC4/cyfitter_cfg.c **** *  settings.  This includes settings from the Design Wide Resources (DWR) such
 235:Generated_Source\PSoC4/cyfitter_cfg.c **** *  as Clocks and Pins as well as any component configuration that is necessary.
 236:Generated_Source\PSoC4/cyfitter_cfg.c **** *
 237:Generated_Source\PSoC4/cyfitter_cfg.c **** * Parameters:
 238:Generated_Source\PSoC4/cyfitter_cfg.c **** *   void
 239:Generated_Source\PSoC4/cyfitter_cfg.c **** *
 240:Generated_Source\PSoC4/cyfitter_cfg.c **** * Return:
 241:Generated_Source\PSoC4/cyfitter_cfg.c **** *   void
 242:Generated_Source\PSoC4/cyfitter_cfg.c **** *
 243:Generated_Source\PSoC4/cyfitter_cfg.c **** *******************************************************************************/
 244:Generated_Source\PSoC4/cyfitter_cfg.c **** CY_CFG_SECTION
 245:Generated_Source\PSoC4/cyfitter_cfg.c **** void cyfitter_cfg(void)
 246:Generated_Source\PSoC4/cyfitter_cfg.c **** {
 139              		.loc 1 246 0
 140              		.cfi_startproc
 141              		@ args = 0, pretend = 0, frame = 0
 142              		@ frame_needed = 0, uses_anonymous_args = 0
 143 0078 10B5     		push	{r4, lr}
 144              		.cfi_def_cfa_offset 8
 145              		.cfi_offset 4, -8
 146              		.cfi_offset 14, -4
 247:Generated_Source\PSoC4/cyfitter_cfg.c **** 	/* Disable interrupts by default. Let user enable if/when they want. */
 248:Generated_Source\PSoC4/cyfitter_cfg.c **** 	CyGlobalIntDisable;
 147              		.loc 1 248 0
 148              		.syntax divided
 149              	@ 248 "Generated_Source\PSoC4\cyfitter_cfg.c" 1
 150 007a 72B6     		CPSID   i
 151              	@ 0 "" 2
ARM GAS  C:\Users\NGUYEN~1\AppData\Local\Temp\ccAbY2e3.s 			page 8


 152              	.LVL6:
 153              		.thumb
 154              		.syntax unified
 155              	.LBB2:
 249:Generated_Source\PSoC4/cyfitter_cfg.c **** 
 250:Generated_Source\PSoC4/cyfitter_cfg.c **** 	{
 251:Generated_Source\PSoC4/cyfitter_cfg.c **** 
 252:Generated_Source\PSoC4/cyfitter_cfg.c **** 		CYPACKED typedef struct {
 253:Generated_Source\PSoC4/cyfitter_cfg.c **** 			void CYFAR *address;
 254:Generated_Source\PSoC4/cyfitter_cfg.c **** 			uint16 size;
 255:Generated_Source\PSoC4/cyfitter_cfg.c **** 		} CYPACKED_ATTR cfg_memset_t;
 256:Generated_Source\PSoC4/cyfitter_cfg.c **** 
 257:Generated_Source\PSoC4/cyfitter_cfg.c **** 		static const cfg_memset_t CYCODE cfg_memset_list[] = {
 258:Generated_Source\PSoC4/cyfitter_cfg.c **** 			/* address, size */
 259:Generated_Source\PSoC4/cyfitter_cfg.c **** 			{(void CYFAR *)(CYDEV_UDB_P0_U0_BASE), 1024u},
 260:Generated_Source\PSoC4/cyfitter_cfg.c **** 			{(void CYFAR *)(CYDEV_UDB_DSI0_BASE), 1024u},
 261:Generated_Source\PSoC4/cyfitter_cfg.c **** 		};
 262:Generated_Source\PSoC4/cyfitter_cfg.c **** 
 263:Generated_Source\PSoC4/cyfitter_cfg.c **** 		uint8 CYDATA i;
 264:Generated_Source\PSoC4/cyfitter_cfg.c **** 
 265:Generated_Source\PSoC4/cyfitter_cfg.c **** 		/* Zero out critical memory blocks before beginning configuration */
 266:Generated_Source\PSoC4/cyfitter_cfg.c **** 		for (i = 0u; i < (sizeof(cfg_memset_list)/sizeof(cfg_memset_list[0])); i++)
 156              		.loc 1 266 0
 157 007c 0024     		movs	r4, #0
 158 007e 0FE0     		b	.L6
 159              	.LVL7:
 160              	.L7:
 161              	.LBB3:
 267:Generated_Source\PSoC4/cyfitter_cfg.c **** 		{
 268:Generated_Source\PSoC4/cyfitter_cfg.c **** 			const cfg_memset_t CYCODE * CYDATA ms = &cfg_memset_list[i];
 269:Generated_Source\PSoC4/cyfitter_cfg.c **** 			CYMEMZERO(ms->address, (size_t)(uint32)(ms->size));
 162              		.loc 1 269 0 discriminator 3
 163 0080 1948     		ldr	r0, .L8
 164 0082 6200     		lsls	r2, r4, #1
 165 0084 1319     		adds	r3, r2, r4
 166 0086 5900     		lsls	r1, r3, #1
 167 0088 0B00     		movs	r3, r1
 168 008a 4118     		adds	r1, r0, r1
 169 008c 8988     		ldrh	r1, [r1, #4]
 170 008e 1A5A     		ldrh	r2, [r3, r0]
 171 0090 C318     		adds	r3, r0, r3
 172 0092 5888     		ldrh	r0, [r3, #2]
 173 0094 0004     		lsls	r0, r0, #16
 174 0096 1043     		orrs	r0, r2
 175 0098 FFF7FEFF 		bl	CYMEMZERO
 176              	.LVL8:
 177              	.LBE3:
 266:Generated_Source\PSoC4/cyfitter_cfg.c **** 		{
 178              		.loc 1 266 0 discriminator 3
 179 009c 0134     		adds	r4, r4, #1
 180              	.LVL9:
 181 009e E4B2     		uxtb	r4, r4
 182              	.LVL10:
 183              	.L6:
 266:Generated_Source\PSoC4/cyfitter_cfg.c **** 		{
 184              		.loc 1 266 0 is_stmt 0 discriminator 1
 185 00a0 012C     		cmp	r4, #1
ARM GAS  C:\Users\NGUYEN~1\AppData\Local\Temp\ccAbY2e3.s 			page 9


 186 00a2 EDD9     		bls	.L7
 270:Generated_Source\PSoC4/cyfitter_cfg.c **** 		}
 271:Generated_Source\PSoC4/cyfitter_cfg.c **** 
 272:Generated_Source\PSoC4/cyfitter_cfg.c **** 		/* HSIOM Starting address: CYDEV_HSIOM_BASE */
 273:Generated_Source\PSoC4/cyfitter_cfg.c **** 		CY_SET_REG32((void *)(CYDEV_HSIOM_BASE), 0x00EE0000u);
 187              		.loc 1 273 0 is_stmt 1
 188 00a4 EE22     		movs	r2, #238
 189 00a6 1204     		lsls	r2, r2, #16
 190 00a8 104B     		ldr	r3, .L8+4
 191 00aa 1A60     		str	r2, [r3]
 274:Generated_Source\PSoC4/cyfitter_cfg.c **** 		CY_SET_REG32((void *)(CYREG_HSIOM_PORT_SEL3), 0x0000EE00u);
 192              		.loc 1 274 0
 193 00ac EE22     		movs	r2, #238
 194 00ae 1202     		lsls	r2, r2, #8
 195 00b0 0F4B     		ldr	r3, .L8+8
 196 00b2 1A60     		str	r2, [r3]
 275:Generated_Source\PSoC4/cyfitter_cfg.c **** 
 276:Generated_Source\PSoC4/cyfitter_cfg.c **** 		/* UDB_PA_0 Starting address: CYDEV_UDB_PA0_BASE */
 277:Generated_Source\PSoC4/cyfitter_cfg.c **** 		CY_SET_REG32((void *)(CYDEV_UDB_PA0_BASE), 0x00990000u);
 197              		.loc 1 277 0
 198 00b4 9923     		movs	r3, #153
 199 00b6 1B04     		lsls	r3, r3, #16
 200 00b8 0E4A     		ldr	r2, .L8+12
 201 00ba 1360     		str	r3, [r2]
 278:Generated_Source\PSoC4/cyfitter_cfg.c **** 
 279:Generated_Source\PSoC4/cyfitter_cfg.c **** 		/* UDB_PA_3 Starting address: CYDEV_UDB_PA3_BASE */
 280:Generated_Source\PSoC4/cyfitter_cfg.c **** 		CY_SET_REG32((void *)(CYDEV_UDB_PA3_BASE), 0x00990000u);
 202              		.loc 1 280 0
 203 00bc 0E4A     		ldr	r2, .L8+16
 204 00be 1360     		str	r3, [r2]
 281:Generated_Source\PSoC4/cyfitter_cfg.c **** 
 282:Generated_Source\PSoC4/cyfitter_cfg.c **** 		/* Enable digital routing */
 283:Generated_Source\PSoC4/cyfitter_cfg.c **** 		CY_SET_XTND_REG8((void *)CYREG_UDB_UDBIF_BANK_CTL, (uint8)(CY_GET_XTND_REG8((void *)CYREG_UDB_UDB
 205              		.loc 1 283 0
 206 00c0 0E4A     		ldr	r2, .L8+20
 207 00c2 1178     		ldrb	r1, [r2]
 208 00c4 0623     		movs	r3, #6
 209 00c6 0B43     		orrs	r3, r1
 210 00c8 DBB2     		uxtb	r3, r3
 211 00ca 1370     		strb	r3, [r2]
 212              	.LBE2:
 284:Generated_Source\PSoC4/cyfitter_cfg.c **** 	}
 285:Generated_Source\PSoC4/cyfitter_cfg.c **** 
 286:Generated_Source\PSoC4/cyfitter_cfg.c **** 	/* Perform second pass device configuration. These items must be configured in specific order afte
 287:Generated_Source\PSoC4/cyfitter_cfg.c **** 	/* IOPINS0_0 Starting address: CYDEV_PRT0_BASE */
 288:Generated_Source\PSoC4/cyfitter_cfg.c **** 	CY_SET_REG32((void *)(CYDEV_PRT0_BASE), 0x00000030u);
 213              		.loc 1 288 0
 214 00cc 3022     		movs	r2, #48
 215 00ce 0C4B     		ldr	r3, .L8+24
 216 00d0 1A60     		str	r2, [r3]
 289:Generated_Source\PSoC4/cyfitter_cfg.c **** 	CY_SET_REG32((void *)(CYREG_PRT0_PC), 0x00024000u);
 217              		.loc 1 289 0
 218 00d2 9022     		movs	r2, #144
 219 00d4 9202     		lsls	r2, r2, #10
 220 00d6 0B4B     		ldr	r3, .L8+28
 221 00d8 1A60     		str	r2, [r3]
 290:Generated_Source\PSoC4/cyfitter_cfg.c **** 
ARM GAS  C:\Users\NGUYEN~1\AppData\Local\Temp\ccAbY2e3.s 			page 10


 291:Generated_Source\PSoC4/cyfitter_cfg.c **** 	/* IOPINS0_3 Starting address: CYDEV_PRT3_BASE */
 292:Generated_Source\PSoC4/cyfitter_cfg.c **** 	CY_SET_REG32((void *)(CYREG_PRT3_PC), 0x00000D80u);
 222              		.loc 1 292 0
 223 00da D822     		movs	r2, #216
 224 00dc 1201     		lsls	r2, r2, #4
 225 00de 0A4B     		ldr	r3, .L8+32
 226 00e0 1A60     		str	r2, [r3]
 293:Generated_Source\PSoC4/cyfitter_cfg.c **** 
 294:Generated_Source\PSoC4/cyfitter_cfg.c **** 
 295:Generated_Source\PSoC4/cyfitter_cfg.c **** 	/* Setup clocks based on selections from Clock DWR */
 296:Generated_Source\PSoC4/cyfitter_cfg.c **** 	ClockSetup();
 227              		.loc 1 296 0
 228 00e2 FFF78DFF 		bl	ClockSetup
 229              	.LVL11:
 297:Generated_Source\PSoC4/cyfitter_cfg.c **** 
 298:Generated_Source\PSoC4/cyfitter_cfg.c **** 	/* Perform basic analog initialization to defaults */
 299:Generated_Source\PSoC4/cyfitter_cfg.c **** 	AnalogSetDefault();
 300:Generated_Source\PSoC4/cyfitter_cfg.c **** 
 301:Generated_Source\PSoC4/cyfitter_cfg.c **** }
 230              		.loc 1 301 0
 231              		@ sp needed
 232              	.LVL12:
 233 00e6 10BD     		pop	{r4, pc}
 234              	.L9:
 235              		.align	2
 236              	.L8:
 237 00e8 00000000 		.word	.LANCHOR0
 238 00ec 00000140 		.word	1073807360
 239 00f0 0C000140 		.word	1073807372
 240 00f4 00500F40 		.word	1074745344
 241 00f8 30500F40 		.word	1074745392
 242 00fc 00700F40 		.word	1074753536
 243 0100 00000440 		.word	1074003968
 244 0104 08000440 		.word	1074003976
 245 0108 08030440 		.word	1074004744
 246              		.cfi_endproc
 247              	.LFE5:
 248              		.size	cyfitter_cfg, .-cyfitter_cfg
 249              		.section	.rodata
 250              		.align	2
 251              		.set	.LANCHOR0,. + 0
 252              		.type	cfg_memset_list.4847, %object
 253              		.size	cfg_memset_list.4847, 12
 254              	cfg_memset_list.4847:
 255 0000 00300F40 		.word	1074737152
 256 0004 0004     		.short	1024
 257 0006 00400F40 		.4byte	1074741248
 258 000a 0004     		.short	1024
 259              		.text
 260              	.Letext0:
 261              		.file 2 "c:\\program files (x86)\\cypress\\psoc creator\\4.4\\psoc creator\\import\\gnu\\arm\\5.4.
 262              		.file 3 "Generated_Source\\PSoC4\\cytypes.h"
 263              		.file 4 "Generated_Source\\PSoC4\\CyLib.h"
 264              		.section	.debug_info,"",%progbits
 265              	.Ldebug_info0:
 266 0000 75020000 		.4byte	0x275
 267 0004 0400     		.2byte	0x4
ARM GAS  C:\Users\NGUYEN~1\AppData\Local\Temp\ccAbY2e3.s 			page 11


 268 0006 00000000 		.4byte	.Ldebug_abbrev0
 269 000a 04       		.byte	0x4
 270 000b 01       		.uleb128 0x1
 271 000c 18010000 		.4byte	.LASF29
 272 0010 0C       		.byte	0xc
 273 0011 0F020000 		.4byte	.LASF30
 274 0015 50000000 		.4byte	.LASF31
 275 0019 00000000 		.4byte	.Ldebug_ranges0+0
 276 001d 00000000 		.4byte	0
 277 0021 00000000 		.4byte	.Ldebug_line0
 278 0025 02       		.uleb128 0x2
 279 0026 04       		.byte	0x4
 280 0027 05       		.byte	0x5
 281 0028 696E7400 		.ascii	"int\000"
 282 002c 03       		.uleb128 0x3
 283 002d 06000000 		.4byte	.LASF12
 284 0031 02       		.byte	0x2
 285 0032 D8       		.byte	0xd8
 286 0033 37000000 		.4byte	0x37
 287 0037 04       		.uleb128 0x4
 288 0038 04       		.byte	0x4
 289 0039 07       		.byte	0x7
 290 003a DF000000 		.4byte	.LASF0
 291 003e 04       		.uleb128 0x4
 292 003f 08       		.byte	0x8
 293 0040 05       		.byte	0x5
 294 0041 BC010000 		.4byte	.LASF1
 295 0045 04       		.uleb128 0x4
 296 0046 08       		.byte	0x8
 297 0047 04       		.byte	0x4
 298 0048 F7010000 		.4byte	.LASF2
 299 004c 04       		.uleb128 0x4
 300 004d 01       		.byte	0x1
 301 004e 06       		.byte	0x6
 302 004f 03020000 		.4byte	.LASF3
 303 0053 04       		.uleb128 0x4
 304 0054 01       		.byte	0x1
 305 0055 08       		.byte	0x8
 306 0056 A9000000 		.4byte	.LASF4
 307 005a 04       		.uleb128 0x4
 308 005b 02       		.byte	0x2
 309 005c 05       		.byte	0x5
 310 005d CF010000 		.4byte	.LASF5
 311 0061 04       		.uleb128 0x4
 312 0062 02       		.byte	0x2
 313 0063 07       		.byte	0x7
 314 0064 37000000 		.4byte	.LASF6
 315 0068 04       		.uleb128 0x4
 316 0069 04       		.byte	0x4
 317 006a 05       		.byte	0x5
 318 006b EE010000 		.4byte	.LASF7
 319 006f 04       		.uleb128 0x4
 320 0070 04       		.byte	0x4
 321 0071 07       		.byte	0x7
 322 0072 87000000 		.4byte	.LASF8
 323 0076 04       		.uleb128 0x4
 324 0077 08       		.byte	0x8
ARM GAS  C:\Users\NGUYEN~1\AppData\Local\Temp\ccAbY2e3.s 			page 12


 325 0078 07       		.byte	0x7
 326 0079 01010000 		.4byte	.LASF9
 327 007d 04       		.uleb128 0x4
 328 007e 04       		.byte	0x4
 329 007f 07       		.byte	0x7
 330 0080 B3010000 		.4byte	.LASF10
 331 0084 05       		.uleb128 0x5
 332 0085 04       		.byte	0x4
 333 0086 04       		.uleb128 0x4
 334 0087 01       		.byte	0x1
 335 0088 08       		.byte	0x8
 336 0089 CA010000 		.4byte	.LASF11
 337 008d 06       		.uleb128 0x6
 338 008e 99000000 		.4byte	.LASF13
 339 0092 03       		.byte	0x3
 340 0093 FB01     		.2byte	0x1fb
 341 0095 53000000 		.4byte	0x53
 342 0099 06       		.uleb128 0x6
 343 009a D1000000 		.4byte	.LASF14
 344 009e 03       		.byte	0x3
 345 009f FC01     		.2byte	0x1fc
 346 00a1 61000000 		.4byte	0x61
 347 00a5 06       		.uleb128 0x6
 348 00a6 D8000000 		.4byte	.LASF15
 349 00aa 03       		.byte	0x3
 350 00ab FD01     		.2byte	0x1fd
 351 00ad 6F000000 		.4byte	0x6f
 352 00b1 04       		.uleb128 0x4
 353 00b2 04       		.byte	0x4
 354 00b3 04       		.byte	0x4
 355 00b4 4A000000 		.4byte	.LASF16
 356 00b8 04       		.uleb128 0x4
 357 00b9 08       		.byte	0x8
 358 00ba 04       		.byte	0x4
 359 00bb BE000000 		.4byte	.LASF17
 360 00bf 06       		.uleb128 0x6
 361 00c0 82000000 		.4byte	.LASF18
 362 00c4 03       		.byte	0x3
 363 00c5 A502     		.2byte	0x2a5
 364 00c7 CB000000 		.4byte	0xcb
 365 00cb 07       		.uleb128 0x7
 366 00cc 8D000000 		.4byte	0x8d
 367 00d0 06       		.uleb128 0x6
 368 00d1 00000000 		.4byte	.LASF19
 369 00d5 03       		.byte	0x3
 370 00d6 A702     		.2byte	0x2a7
 371 00d8 DC000000 		.4byte	0xdc
 372 00dc 07       		.uleb128 0x7
 373 00dd A5000000 		.4byte	0xa5
 374 00e1 08       		.uleb128 0x8
 375 00e2 9F000000 		.4byte	.LASF20
 376 00e6 01       		.byte	0x1
 377 00e7 4C       		.byte	0x4c
 378 00e8 00000000 		.4byte	.LFB0
 379 00ec 0C000000 		.4byte	.LFE0-.LFB0
 380 00f0 01       		.uleb128 0x1
 381 00f1 9C       		.byte	0x9c
ARM GAS  C:\Users\NGUYEN~1\AppData\Local\Temp\ccAbY2e3.s 			page 13


 382 00f2 2E010000 		.4byte	0x12e
 383 00f6 09       		.uleb128 0x9
 384 00f7 7300     		.ascii	"s\000"
 385 00f9 01       		.byte	0x1
 386 00fa 4C       		.byte	0x4c
 387 00fb 84000000 		.4byte	0x84
 388 00ff 00000000 		.4byte	.LLST0
 389 0103 09       		.uleb128 0x9
 390 0104 6E00     		.ascii	"n\000"
 391 0106 01       		.byte	0x1
 392 0107 4C       		.byte	0x4c
 393 0108 2C000000 		.4byte	0x2c
 394 010c 21000000 		.4byte	.LLST1
 395 0110 0A       		.uleb128 0xa
 396 0111 0A000000 		.4byte	.LVL2
 397 0115 4E020000 		.4byte	0x24e
 398 0119 0B       		.uleb128 0xb
 399 011a 01       		.uleb128 0x1
 400 011b 50       		.byte	0x50
 401 011c 03       		.uleb128 0x3
 402 011d F3       		.byte	0xf3
 403 011e 01       		.uleb128 0x1
 404 011f 50       		.byte	0x50
 405 0120 0B       		.uleb128 0xb
 406 0121 01       		.uleb128 0x1
 407 0122 51       		.byte	0x51
 408 0123 01       		.uleb128 0x1
 409 0124 30       		.byte	0x30
 410 0125 0B       		.uleb128 0xb
 411 0126 01       		.uleb128 0x1
 412 0127 52       		.byte	0x52
 413 0128 03       		.uleb128 0x3
 414 0129 F3       		.byte	0xf3
 415 012a 01       		.uleb128 0x1
 416 012b 51       		.byte	0x51
 417 012c 00       		.byte	0
 418 012d 00       		.byte	0
 419 012e 08       		.uleb128 0x8
 420 012f 2C000000 		.4byte	.LASF21
 421 0133 01       		.byte	0x1
 422 0134 AA       		.byte	0xaa
 423 0135 00000000 		.4byte	.LFB3
 424 0139 78000000 		.4byte	.LFE3-.LFB3
 425 013d 01       		.uleb128 0x1
 426 013e 9C       		.byte	0x9c
 427 013f 79010000 		.4byte	0x179
 428 0143 0C       		.uleb128 0xc
 429 0144 14000000 		.4byte	.LVL3
 430 0148 57020000 		.4byte	0x257
 431 014c 56010000 		.4byte	0x156
 432 0150 0B       		.uleb128 0xb
 433 0151 01       		.uleb128 0x1
 434 0152 50       		.byte	0x50
 435 0153 01       		.uleb128 0x1
 436 0154 48       		.byte	0x48
 437 0155 00       		.byte	0
 438 0156 0C       		.uleb128 0xc
ARM GAS  C:\Users\NGUYEN~1\AppData\Local\Temp\ccAbY2e3.s 			page 14


 439 0157 42000000 		.4byte	.LVL4
 440 015b 62020000 		.4byte	0x262
 441 015f 69010000 		.4byte	0x169
 442 0163 0B       		.uleb128 0xb
 443 0164 01       		.uleb128 0x1
 444 0165 50       		.byte	0x50
 445 0166 01       		.uleb128 0x1
 446 0167 39       		.byte	0x39
 447 0168 00       		.byte	0
 448 0169 0A       		.uleb128 0xa
 449 016a 48000000 		.4byte	.LVL5
 450 016e 6D020000 		.4byte	0x26d
 451 0172 0B       		.uleb128 0xb
 452 0173 01       		.uleb128 0x1
 453 0174 50       		.byte	0x50
 454 0175 01       		.uleb128 0x1
 455 0176 39       		.byte	0x39
 456 0177 00       		.byte	0
 457 0178 00       		.byte	0
 458 0179 0D       		.uleb128 0xd
 459 017a EC000000 		.4byte	.LASF32
 460 017e 01       		.byte	0x1
 461 017f F5       		.byte	0xf5
 462 0180 78000000 		.4byte	.LFB5
 463 0184 94000000 		.4byte	.LFE5-.LFB5
 464 0188 01       		.uleb128 0x1
 465 0189 9C       		.byte	0x9c
 466 018a 4E020000 		.4byte	0x24e
 467 018e 0E       		.uleb128 0xe
 468 018f 7C000000 		.4byte	.LBB2
 469 0193 50000000 		.4byte	.LBE2-.LBB2
 470 0197 44020000 		.4byte	0x244
 471 019b 0F       		.uleb128 0xf
 472 019c 06       		.byte	0x6
 473 019d 01       		.byte	0x1
 474 019e FC       		.byte	0xfc
 475 019f BC010000 		.4byte	0x1bc
 476 01a3 10       		.uleb128 0x10
 477 01a4 F9000000 		.4byte	.LASF22
 478 01a8 01       		.byte	0x1
 479 01a9 FD       		.byte	0xfd
 480 01aa 84000000 		.4byte	0x84
 481 01ae 00       		.byte	0
 482 01af 10       		.uleb128 0x10
 483 01b0 7D000000 		.4byte	.LASF23
 484 01b4 01       		.byte	0x1
 485 01b5 FE       		.byte	0xfe
 486 01b6 99000000 		.4byte	0x99
 487 01ba 04       		.byte	0x4
 488 01bb 00       		.byte	0
 489 01bc 03       		.uleb128 0x3
 490 01bd A6010000 		.4byte	.LASF24
 491 01c1 01       		.byte	0x1
 492 01c2 FF       		.byte	0xff
 493 01c3 9B010000 		.4byte	0x19b
 494 01c7 11       		.uleb128 0x11
 495 01c8 D7010000 		.4byte	0x1d7
ARM GAS  C:\Users\NGUYEN~1\AppData\Local\Temp\ccAbY2e3.s 			page 15


 496 01cc D7010000 		.4byte	0x1d7
 497 01d0 12       		.uleb128 0x12
 498 01d1 7D000000 		.4byte	0x7d
 499 01d5 01       		.byte	0x1
 500 01d6 00       		.byte	0
 501 01d7 13       		.uleb128 0x13
 502 01d8 BC010000 		.4byte	0x1bc
 503 01dc 14       		.uleb128 0x14
 504 01dd 1C000000 		.4byte	.LASF25
 505 01e1 01       		.byte	0x1
 506 01e2 0101     		.2byte	0x101
 507 01e4 EE010000 		.4byte	0x1ee
 508 01e8 05       		.uleb128 0x5
 509 01e9 03       		.byte	0x3
 510 01ea 00000000 		.4byte	cfg_memset_list.4847
 511 01ee 13       		.uleb128 0x13
 512 01ef C7010000 		.4byte	0x1c7
 513 01f3 15       		.uleb128 0x15
 514 01f4 6900     		.ascii	"i\000"
 515 01f6 01       		.byte	0x1
 516 01f7 0701     		.2byte	0x107
 517 01f9 8D000000 		.4byte	0x8d
 518 01fd 4D000000 		.4byte	.LLST2
 519 0201 16       		.uleb128 0x16
 520 0202 80000000 		.4byte	.LBB3
 521 0206 1C000000 		.4byte	.LBE3-.LBB3
 522 020a 15       		.uleb128 0x15
 523 020b 6D7300   		.ascii	"ms\000"
 524 020e 01       		.byte	0x1
 525 020f 0C01     		.2byte	0x10c
 526 0211 19020000 		.4byte	0x219
 527 0215 77000000 		.4byte	.LLST3
 528 0219 17       		.uleb128 0x17
 529 021a 04       		.byte	0x4
 530 021b D7010000 		.4byte	0x1d7
 531 021f 0A       		.uleb128 0xa
 532 0220 9C000000 		.4byte	.LVL8
 533 0224 E1000000 		.4byte	0xe1
 534 0228 0B       		.uleb128 0xb
 535 0229 01       		.uleb128 0x1
 536 022a 51       		.byte	0x51
 537 022b 15       		.uleb128 0x15
 538 022c 74       		.byte	0x74
 539 022d 00       		.sleb128 0
 540 022e 31       		.byte	0x31
 541 022f 24       		.byte	0x24
 542 0230 74       		.byte	0x74
 543 0231 00       		.sleb128 0
 544 0232 22       		.byte	0x22
 545 0233 31       		.byte	0x31
 546 0234 24       		.byte	0x24
 547 0235 03       		.byte	0x3
 548 0236 04000000 		.4byte	.LANCHOR0+4
 549 023a 22       		.byte	0x22
 550 023b 94       		.byte	0x94
 551 023c 02       		.byte	0x2
 552 023d 0A       		.byte	0xa
ARM GAS  C:\Users\NGUYEN~1\AppData\Local\Temp\ccAbY2e3.s 			page 16


 553 023e FFFF     		.2byte	0xffff
 554 0240 1A       		.byte	0x1a
 555 0241 00       		.byte	0
 556 0242 00       		.byte	0
 557 0243 00       		.byte	0
 558 0244 18       		.uleb128 0x18
 559 0245 E6000000 		.4byte	.LVL11
 560 0249 2E010000 		.4byte	0x12e
 561 024d 00       		.byte	0
 562 024e 19       		.uleb128 0x19
 563 024f B7000000 		.4byte	.LASF33
 564 0253 B7000000 		.4byte	.LASF33
 565 0257 1A       		.uleb128 0x1a
 566 0258 D9010000 		.4byte	.LASF26
 567 025c D9010000 		.4byte	.LASF26
 568 0260 04       		.byte	0x4
 569 0261 6C       		.byte	0x6c
 570 0262 1A       		.uleb128 0x1a
 571 0263 0D000000 		.4byte	.LASF27
 572 0267 0D000000 		.4byte	.LASF27
 573 026b 04       		.byte	0x4
 574 026c D0       		.byte	0xd0
 575 026d 1A       		.uleb128 0x1a
 576 026e C5000000 		.4byte	.LASF28
 577 0272 C5000000 		.4byte	.LASF28
 578 0276 04       		.byte	0x4
 579 0277 D6       		.byte	0xd6
 580 0278 00       		.byte	0
 581              		.section	.debug_abbrev,"",%progbits
 582              	.Ldebug_abbrev0:
 583 0000 01       		.uleb128 0x1
 584 0001 11       		.uleb128 0x11
 585 0002 01       		.byte	0x1
 586 0003 25       		.uleb128 0x25
 587 0004 0E       		.uleb128 0xe
 588 0005 13       		.uleb128 0x13
 589 0006 0B       		.uleb128 0xb
 590 0007 03       		.uleb128 0x3
 591 0008 0E       		.uleb128 0xe
 592 0009 1B       		.uleb128 0x1b
 593 000a 0E       		.uleb128 0xe
 594 000b 55       		.uleb128 0x55
 595 000c 17       		.uleb128 0x17
 596 000d 11       		.uleb128 0x11
 597 000e 01       		.uleb128 0x1
 598 000f 10       		.uleb128 0x10
 599 0010 17       		.uleb128 0x17
 600 0011 00       		.byte	0
 601 0012 00       		.byte	0
 602 0013 02       		.uleb128 0x2
 603 0014 24       		.uleb128 0x24
 604 0015 00       		.byte	0
 605 0016 0B       		.uleb128 0xb
 606 0017 0B       		.uleb128 0xb
 607 0018 3E       		.uleb128 0x3e
 608 0019 0B       		.uleb128 0xb
 609 001a 03       		.uleb128 0x3
ARM GAS  C:\Users\NGUYEN~1\AppData\Local\Temp\ccAbY2e3.s 			page 17


 610 001b 08       		.uleb128 0x8
 611 001c 00       		.byte	0
 612 001d 00       		.byte	0
 613 001e 03       		.uleb128 0x3
 614 001f 16       		.uleb128 0x16
 615 0020 00       		.byte	0
 616 0021 03       		.uleb128 0x3
 617 0022 0E       		.uleb128 0xe
 618 0023 3A       		.uleb128 0x3a
 619 0024 0B       		.uleb128 0xb
 620 0025 3B       		.uleb128 0x3b
 621 0026 0B       		.uleb128 0xb
 622 0027 49       		.uleb128 0x49
 623 0028 13       		.uleb128 0x13
 624 0029 00       		.byte	0
 625 002a 00       		.byte	0
 626 002b 04       		.uleb128 0x4
 627 002c 24       		.uleb128 0x24
 628 002d 00       		.byte	0
 629 002e 0B       		.uleb128 0xb
 630 002f 0B       		.uleb128 0xb
 631 0030 3E       		.uleb128 0x3e
 632 0031 0B       		.uleb128 0xb
 633 0032 03       		.uleb128 0x3
 634 0033 0E       		.uleb128 0xe
 635 0034 00       		.byte	0
 636 0035 00       		.byte	0
 637 0036 05       		.uleb128 0x5
 638 0037 0F       		.uleb128 0xf
 639 0038 00       		.byte	0
 640 0039 0B       		.uleb128 0xb
 641 003a 0B       		.uleb128 0xb
 642 003b 00       		.byte	0
 643 003c 00       		.byte	0
 644 003d 06       		.uleb128 0x6
 645 003e 16       		.uleb128 0x16
 646 003f 00       		.byte	0
 647 0040 03       		.uleb128 0x3
 648 0041 0E       		.uleb128 0xe
 649 0042 3A       		.uleb128 0x3a
 650 0043 0B       		.uleb128 0xb
 651 0044 3B       		.uleb128 0x3b
 652 0045 05       		.uleb128 0x5
 653 0046 49       		.uleb128 0x49
 654 0047 13       		.uleb128 0x13
 655 0048 00       		.byte	0
 656 0049 00       		.byte	0
 657 004a 07       		.uleb128 0x7
 658 004b 35       		.uleb128 0x35
 659 004c 00       		.byte	0
 660 004d 49       		.uleb128 0x49
 661 004e 13       		.uleb128 0x13
 662 004f 00       		.byte	0
 663 0050 00       		.byte	0
 664 0051 08       		.uleb128 0x8
 665 0052 2E       		.uleb128 0x2e
 666 0053 01       		.byte	0x1
ARM GAS  C:\Users\NGUYEN~1\AppData\Local\Temp\ccAbY2e3.s 			page 18


 667 0054 03       		.uleb128 0x3
 668 0055 0E       		.uleb128 0xe
 669 0056 3A       		.uleb128 0x3a
 670 0057 0B       		.uleb128 0xb
 671 0058 3B       		.uleb128 0x3b
 672 0059 0B       		.uleb128 0xb
 673 005a 27       		.uleb128 0x27
 674 005b 19       		.uleb128 0x19
 675 005c 11       		.uleb128 0x11
 676 005d 01       		.uleb128 0x1
 677 005e 12       		.uleb128 0x12
 678 005f 06       		.uleb128 0x6
 679 0060 40       		.uleb128 0x40
 680 0061 18       		.uleb128 0x18
 681 0062 9742     		.uleb128 0x2117
 682 0064 19       		.uleb128 0x19
 683 0065 01       		.uleb128 0x1
 684 0066 13       		.uleb128 0x13
 685 0067 00       		.byte	0
 686 0068 00       		.byte	0
 687 0069 09       		.uleb128 0x9
 688 006a 05       		.uleb128 0x5
 689 006b 00       		.byte	0
 690 006c 03       		.uleb128 0x3
 691 006d 08       		.uleb128 0x8
 692 006e 3A       		.uleb128 0x3a
 693 006f 0B       		.uleb128 0xb
 694 0070 3B       		.uleb128 0x3b
 695 0071 0B       		.uleb128 0xb
 696 0072 49       		.uleb128 0x49
 697 0073 13       		.uleb128 0x13
 698 0074 02       		.uleb128 0x2
 699 0075 17       		.uleb128 0x17
 700 0076 00       		.byte	0
 701 0077 00       		.byte	0
 702 0078 0A       		.uleb128 0xa
 703 0079 898201   		.uleb128 0x4109
 704 007c 01       		.byte	0x1
 705 007d 11       		.uleb128 0x11
 706 007e 01       		.uleb128 0x1
 707 007f 31       		.uleb128 0x31
 708 0080 13       		.uleb128 0x13
 709 0081 00       		.byte	0
 710 0082 00       		.byte	0
 711 0083 0B       		.uleb128 0xb
 712 0084 8A8201   		.uleb128 0x410a
 713 0087 00       		.byte	0
 714 0088 02       		.uleb128 0x2
 715 0089 18       		.uleb128 0x18
 716 008a 9142     		.uleb128 0x2111
 717 008c 18       		.uleb128 0x18
 718 008d 00       		.byte	0
 719 008e 00       		.byte	0
 720 008f 0C       		.uleb128 0xc
 721 0090 898201   		.uleb128 0x4109
 722 0093 01       		.byte	0x1
 723 0094 11       		.uleb128 0x11
ARM GAS  C:\Users\NGUYEN~1\AppData\Local\Temp\ccAbY2e3.s 			page 19


 724 0095 01       		.uleb128 0x1
 725 0096 31       		.uleb128 0x31
 726 0097 13       		.uleb128 0x13
 727 0098 01       		.uleb128 0x1
 728 0099 13       		.uleb128 0x13
 729 009a 00       		.byte	0
 730 009b 00       		.byte	0
 731 009c 0D       		.uleb128 0xd
 732 009d 2E       		.uleb128 0x2e
 733 009e 01       		.byte	0x1
 734 009f 3F       		.uleb128 0x3f
 735 00a0 19       		.uleb128 0x19
 736 00a1 03       		.uleb128 0x3
 737 00a2 0E       		.uleb128 0xe
 738 00a3 3A       		.uleb128 0x3a
 739 00a4 0B       		.uleb128 0xb
 740 00a5 3B       		.uleb128 0x3b
 741 00a6 0B       		.uleb128 0xb
 742 00a7 27       		.uleb128 0x27
 743 00a8 19       		.uleb128 0x19
 744 00a9 11       		.uleb128 0x11
 745 00aa 01       		.uleb128 0x1
 746 00ab 12       		.uleb128 0x12
 747 00ac 06       		.uleb128 0x6
 748 00ad 40       		.uleb128 0x40
 749 00ae 18       		.uleb128 0x18
 750 00af 9742     		.uleb128 0x2117
 751 00b1 19       		.uleb128 0x19
 752 00b2 01       		.uleb128 0x1
 753 00b3 13       		.uleb128 0x13
 754 00b4 00       		.byte	0
 755 00b5 00       		.byte	0
 756 00b6 0E       		.uleb128 0xe
 757 00b7 0B       		.uleb128 0xb
 758 00b8 01       		.byte	0x1
 759 00b9 11       		.uleb128 0x11
 760 00ba 01       		.uleb128 0x1
 761 00bb 12       		.uleb128 0x12
 762 00bc 06       		.uleb128 0x6
 763 00bd 01       		.uleb128 0x1
 764 00be 13       		.uleb128 0x13
 765 00bf 00       		.byte	0
 766 00c0 00       		.byte	0
 767 00c1 0F       		.uleb128 0xf
 768 00c2 13       		.uleb128 0x13
 769 00c3 01       		.byte	0x1
 770 00c4 0B       		.uleb128 0xb
 771 00c5 0B       		.uleb128 0xb
 772 00c6 3A       		.uleb128 0x3a
 773 00c7 0B       		.uleb128 0xb
 774 00c8 3B       		.uleb128 0x3b
 775 00c9 0B       		.uleb128 0xb
 776 00ca 01       		.uleb128 0x1
 777 00cb 13       		.uleb128 0x13
 778 00cc 00       		.byte	0
 779 00cd 00       		.byte	0
 780 00ce 10       		.uleb128 0x10
ARM GAS  C:\Users\NGUYEN~1\AppData\Local\Temp\ccAbY2e3.s 			page 20


 781 00cf 0D       		.uleb128 0xd
 782 00d0 00       		.byte	0
 783 00d1 03       		.uleb128 0x3
 784 00d2 0E       		.uleb128 0xe
 785 00d3 3A       		.uleb128 0x3a
 786 00d4 0B       		.uleb128 0xb
 787 00d5 3B       		.uleb128 0x3b
 788 00d6 0B       		.uleb128 0xb
 789 00d7 49       		.uleb128 0x49
 790 00d8 13       		.uleb128 0x13
 791 00d9 38       		.uleb128 0x38
 792 00da 0B       		.uleb128 0xb
 793 00db 00       		.byte	0
 794 00dc 00       		.byte	0
 795 00dd 11       		.uleb128 0x11
 796 00de 01       		.uleb128 0x1
 797 00df 01       		.byte	0x1
 798 00e0 49       		.uleb128 0x49
 799 00e1 13       		.uleb128 0x13
 800 00e2 01       		.uleb128 0x1
 801 00e3 13       		.uleb128 0x13
 802 00e4 00       		.byte	0
 803 00e5 00       		.byte	0
 804 00e6 12       		.uleb128 0x12
 805 00e7 21       		.uleb128 0x21
 806 00e8 00       		.byte	0
 807 00e9 49       		.uleb128 0x49
 808 00ea 13       		.uleb128 0x13
 809 00eb 2F       		.uleb128 0x2f
 810 00ec 0B       		.uleb128 0xb
 811 00ed 00       		.byte	0
 812 00ee 00       		.byte	0
 813 00ef 13       		.uleb128 0x13
 814 00f0 26       		.uleb128 0x26
 815 00f1 00       		.byte	0
 816 00f2 49       		.uleb128 0x49
 817 00f3 13       		.uleb128 0x13
 818 00f4 00       		.byte	0
 819 00f5 00       		.byte	0
 820 00f6 14       		.uleb128 0x14
 821 00f7 34       		.uleb128 0x34
 822 00f8 00       		.byte	0
 823 00f9 03       		.uleb128 0x3
 824 00fa 0E       		.uleb128 0xe
 825 00fb 3A       		.uleb128 0x3a
 826 00fc 0B       		.uleb128 0xb
 827 00fd 3B       		.uleb128 0x3b
 828 00fe 05       		.uleb128 0x5
 829 00ff 49       		.uleb128 0x49
 830 0100 13       		.uleb128 0x13
 831 0101 02       		.uleb128 0x2
 832 0102 18       		.uleb128 0x18
 833 0103 00       		.byte	0
 834 0104 00       		.byte	0
 835 0105 15       		.uleb128 0x15
 836 0106 34       		.uleb128 0x34
 837 0107 00       		.byte	0
ARM GAS  C:\Users\NGUYEN~1\AppData\Local\Temp\ccAbY2e3.s 			page 21


 838 0108 03       		.uleb128 0x3
 839 0109 08       		.uleb128 0x8
 840 010a 3A       		.uleb128 0x3a
 841 010b 0B       		.uleb128 0xb
 842 010c 3B       		.uleb128 0x3b
 843 010d 05       		.uleb128 0x5
 844 010e 49       		.uleb128 0x49
 845 010f 13       		.uleb128 0x13
 846 0110 02       		.uleb128 0x2
 847 0111 17       		.uleb128 0x17
 848 0112 00       		.byte	0
 849 0113 00       		.byte	0
 850 0114 16       		.uleb128 0x16
 851 0115 0B       		.uleb128 0xb
 852 0116 01       		.byte	0x1
 853 0117 11       		.uleb128 0x11
 854 0118 01       		.uleb128 0x1
 855 0119 12       		.uleb128 0x12
 856 011a 06       		.uleb128 0x6
 857 011b 00       		.byte	0
 858 011c 00       		.byte	0
 859 011d 17       		.uleb128 0x17
 860 011e 0F       		.uleb128 0xf
 861 011f 00       		.byte	0
 862 0120 0B       		.uleb128 0xb
 863 0121 0B       		.uleb128 0xb
 864 0122 49       		.uleb128 0x49
 865 0123 13       		.uleb128 0x13
 866 0124 00       		.byte	0
 867 0125 00       		.byte	0
 868 0126 18       		.uleb128 0x18
 869 0127 898201   		.uleb128 0x4109
 870 012a 00       		.byte	0
 871 012b 11       		.uleb128 0x11
 872 012c 01       		.uleb128 0x1
 873 012d 31       		.uleb128 0x31
 874 012e 13       		.uleb128 0x13
 875 012f 00       		.byte	0
 876 0130 00       		.byte	0
 877 0131 19       		.uleb128 0x19
 878 0132 2E       		.uleb128 0x2e
 879 0133 00       		.byte	0
 880 0134 3F       		.uleb128 0x3f
 881 0135 19       		.uleb128 0x19
 882 0136 3C       		.uleb128 0x3c
 883 0137 19       		.uleb128 0x19
 884 0138 6E       		.uleb128 0x6e
 885 0139 0E       		.uleb128 0xe
 886 013a 03       		.uleb128 0x3
 887 013b 0E       		.uleb128 0xe
 888 013c 00       		.byte	0
 889 013d 00       		.byte	0
 890 013e 1A       		.uleb128 0x1a
 891 013f 2E       		.uleb128 0x2e
 892 0140 00       		.byte	0
 893 0141 3F       		.uleb128 0x3f
 894 0142 19       		.uleb128 0x19
ARM GAS  C:\Users\NGUYEN~1\AppData\Local\Temp\ccAbY2e3.s 			page 22


 895 0143 3C       		.uleb128 0x3c
 896 0144 19       		.uleb128 0x19
 897 0145 6E       		.uleb128 0x6e
 898 0146 0E       		.uleb128 0xe
 899 0147 03       		.uleb128 0x3
 900 0148 0E       		.uleb128 0xe
 901 0149 3A       		.uleb128 0x3a
 902 014a 0B       		.uleb128 0xb
 903 014b 3B       		.uleb128 0x3b
 904 014c 0B       		.uleb128 0xb
 905 014d 00       		.byte	0
 906 014e 00       		.byte	0
 907 014f 00       		.byte	0
 908              		.section	.debug_loc,"",%progbits
 909              	.Ldebug_loc0:
 910              	.LLST0:
 911 0000 00000000 		.4byte	.LVL0
 912 0004 09000000 		.4byte	.LVL2-1
 913 0008 0100     		.2byte	0x1
 914 000a 50       		.byte	0x50
 915 000b 09000000 		.4byte	.LVL2-1
 916 000f 0C000000 		.4byte	.LFE0
 917 0013 0400     		.2byte	0x4
 918 0015 F3       		.byte	0xf3
 919 0016 01       		.uleb128 0x1
 920 0017 50       		.byte	0x50
 921 0018 9F       		.byte	0x9f
 922 0019 00000000 		.4byte	0
 923 001d 00000000 		.4byte	0
 924              	.LLST1:
 925 0021 00000000 		.4byte	.LVL0
 926 0025 06000000 		.4byte	.LVL1
 927 0029 0100     		.2byte	0x1
 928 002b 51       		.byte	0x51
 929 002c 06000000 		.4byte	.LVL1
 930 0030 09000000 		.4byte	.LVL2-1
 931 0034 0100     		.2byte	0x1
 932 0036 52       		.byte	0x52
 933 0037 09000000 		.4byte	.LVL2-1
 934 003b 0C000000 		.4byte	.LFE0
 935 003f 0400     		.2byte	0x4
 936 0041 F3       		.byte	0xf3
 937 0042 01       		.uleb128 0x1
 938 0043 51       		.byte	0x51
 939 0044 9F       		.byte	0x9f
 940 0045 00000000 		.4byte	0
 941 0049 00000000 		.4byte	0
 942              	.LLST2:
 943 004d 7C000000 		.4byte	.LVL6
 944 0051 80000000 		.4byte	.LVL7
 945 0055 0200     		.2byte	0x2
 946 0057 30       		.byte	0x30
 947 0058 9F       		.byte	0x9f
 948 0059 80000000 		.4byte	.LVL7
 949 005d 9E000000 		.4byte	.LVL9
 950 0061 0100     		.2byte	0x1
 951 0063 54       		.byte	0x54
ARM GAS  C:\Users\NGUYEN~1\AppData\Local\Temp\ccAbY2e3.s 			page 23


 952 0064 A0000000 		.4byte	.LVL10
 953 0068 E6000000 		.4byte	.LVL12
 954 006c 0100     		.2byte	0x1
 955 006e 54       		.byte	0x54
 956 006f 00000000 		.4byte	0
 957 0073 00000000 		.4byte	0
 958              	.LLST3:
 959 0077 80000000 		.4byte	.LVL7
 960 007b 9E000000 		.4byte	.LVL9
 961 007f 0B00     		.2byte	0xb
 962 0081 74       		.byte	0x74
 963 0082 00       		.sleb128 0
 964 0083 36       		.byte	0x36
 965 0084 1E       		.byte	0x1e
 966 0085 03       		.byte	0x3
 967 0086 00000000 		.4byte	cfg_memset_list.4847
 968 008a 22       		.byte	0x22
 969 008b 9F       		.byte	0x9f
 970 008c 9E000000 		.4byte	.LVL9
 971 0090 A0000000 		.4byte	.LVL10
 972 0094 0B00     		.2byte	0xb
 973 0096 74       		.byte	0x74
 974 0097 7F       		.sleb128 -1
 975 0098 36       		.byte	0x36
 976 0099 1E       		.byte	0x1e
 977 009a 03       		.byte	0x3
 978 009b 00000000 		.4byte	cfg_memset_list.4847
 979 009f 22       		.byte	0x22
 980 00a0 9F       		.byte	0x9f
 981 00a1 00000000 		.4byte	0
 982 00a5 00000000 		.4byte	0
 983              		.section	.debug_aranges,"",%progbits
 984 0000 2C000000 		.4byte	0x2c
 985 0004 0200     		.2byte	0x2
 986 0006 00000000 		.4byte	.Ldebug_info0
 987 000a 04       		.byte	0x4
 988 000b 00       		.byte	0
 989 000c 0000     		.2byte	0
 990 000e 0000     		.2byte	0
 991 0010 00000000 		.4byte	.LFB0
 992 0014 0C000000 		.4byte	.LFE0-.LFB0
 993 0018 00000000 		.4byte	.LFB3
 994 001c 78000000 		.4byte	.LFE3-.LFB3
 995 0020 78000000 		.4byte	.LFB5
 996 0024 94000000 		.4byte	.LFE5-.LFB5
 997 0028 00000000 		.4byte	0
 998 002c 00000000 		.4byte	0
 999              		.section	.debug_ranges,"",%progbits
 1000              	.Ldebug_ranges0:
 1001 0000 00000000 		.4byte	.LFB0
 1002 0004 0C000000 		.4byte	.LFE0
 1003 0008 00000000 		.4byte	.LFB3
 1004 000c 78000000 		.4byte	.LFE3
 1005 0010 78000000 		.4byte	.LFB5
 1006 0014 0C010000 		.4byte	.LFE5
 1007 0018 00000000 		.4byte	0
 1008 001c 00000000 		.4byte	0
ARM GAS  C:\Users\NGUYEN~1\AppData\Local\Temp\ccAbY2e3.s 			page 24


 1009              		.section	.debug_line,"",%progbits
 1010              	.Ldebug_line0:
 1011 0000 2D010000 		.section	.debug_str,"MS",%progbits,1
 1011      0200D600 
 1011      00000201 
 1011      FB0E0D00 
 1011      01010101 
 1012              	.LASF19:
 1013 0000 72656733 		.ascii	"reg32\000"
 1013      3200
 1014              	.LASF12:
 1015 0006 73697A65 		.ascii	"size_t\000"
 1015      5F7400
 1016              	.LASF27:
 1017 000d 4379496E 		.ascii	"CyIntSetVector\000"
 1017      74536574 
 1017      56656374 
 1017      6F7200
 1018              	.LASF25:
 1019 001c 6366675F 		.ascii	"cfg_memset_list\000"
 1019      6D656D73 
 1019      65745F6C 
 1019      69737400 
 1020              	.LASF21:
 1021 002c 436C6F63 		.ascii	"ClockSetup\000"
 1021      6B536574 
 1021      757000
 1022              	.LASF6:
 1023 0037 73686F72 		.ascii	"short unsigned int\000"
 1023      7420756E 
 1023      7369676E 
 1023      65642069 
 1023      6E7400
 1024              	.LASF16:
 1025 004a 666C6F61 		.ascii	"float\000"
 1025      7400
 1026              	.LASF31:
 1027 0050 443A5C70 		.ascii	"D:\\psoc\\theory\\i2c_receive\\i2c_receive.cydsn\000"
 1027      736F635C 
 1027      7468656F 
 1027      72795C69 
 1027      32635F72 
 1028              	.LASF23:
 1029 007d 73697A65 		.ascii	"size\000"
 1029      00
 1030              	.LASF18:
 1031 0082 72656738 		.ascii	"reg8\000"
 1031      00
 1032              	.LASF8:
 1033 0087 6C6F6E67 		.ascii	"long unsigned int\000"
 1033      20756E73 
 1033      69676E65 
 1033      6420696E 
 1033      7400
 1034              	.LASF13:
 1035 0099 75696E74 		.ascii	"uint8\000"
 1035      3800
ARM GAS  C:\Users\NGUYEN~1\AppData\Local\Temp\ccAbY2e3.s 			page 25


 1036              	.LASF20:
 1037 009f 43594D45 		.ascii	"CYMEMZERO\000"
 1037      4D5A4552 
 1037      4F00
 1038              	.LASF4:
 1039 00a9 756E7369 		.ascii	"unsigned char\000"
 1039      676E6564 
 1039      20636861 
 1039      7200
 1040              	.LASF33:
 1041 00b7 6D656D73 		.ascii	"memset\000"
 1041      657400
 1042              	.LASF17:
 1043 00be 646F7562 		.ascii	"double\000"
 1043      6C6500
 1044              	.LASF28:
 1045 00c5 4379496E 		.ascii	"CyIntEnable\000"
 1045      74456E61 
 1045      626C6500 
 1046              	.LASF14:
 1047 00d1 75696E74 		.ascii	"uint16\000"
 1047      313600
 1048              	.LASF15:
 1049 00d8 75696E74 		.ascii	"uint32\000"
 1049      333200
 1050              	.LASF0:
 1051 00df 756E7369 		.ascii	"unsigned int\000"
 1051      676E6564 
 1051      20696E74 
 1051      00
 1052              	.LASF32:
 1053 00ec 63796669 		.ascii	"cyfitter_cfg\000"
 1053      74746572 
 1053      5F636667 
 1053      00
 1054              	.LASF22:
 1055 00f9 61646472 		.ascii	"address\000"
 1055      65737300 
 1056              	.LASF9:
 1057 0101 6C6F6E67 		.ascii	"long long unsigned int\000"
 1057      206C6F6E 
 1057      6720756E 
 1057      7369676E 
 1057      65642069 
 1058              	.LASF29:
 1059 0118 474E5520 		.ascii	"GNU C11 5.4.1 20160609 (release) [ARM/embedded-5-br"
 1059      43313120 
 1059      352E342E 
 1059      31203230 
 1059      31363036 
 1060 014b 616E6368 		.ascii	"anch revision 237715] -mcpu=cortex-m0 -mthumb -g -O"
 1060      20726576 
 1060      6973696F 
 1060      6E203233 
 1060      37373135 
 1061 017e 67202D66 		.ascii	"g -ffunction-sections -ffat-lto-objects\000"
 1061      66756E63 
ARM GAS  C:\Users\NGUYEN~1\AppData\Local\Temp\ccAbY2e3.s 			page 26


 1061      74696F6E 
 1061      2D736563 
 1061      74696F6E 
 1062              	.LASF24:
 1063 01a6 6366675F 		.ascii	"cfg_memset_t\000"
 1063      6D656D73 
 1063      65745F74 
 1063      00
 1064              	.LASF10:
 1065 01b3 73697A65 		.ascii	"sizetype\000"
 1065      74797065 
 1065      00
 1066              	.LASF1:
 1067 01bc 6C6F6E67 		.ascii	"long long int\000"
 1067      206C6F6E 
 1067      6720696E 
 1067      7400
 1068              	.LASF11:
 1069 01ca 63686172 		.ascii	"char\000"
 1069      00
 1070              	.LASF5:
 1071 01cf 73686F72 		.ascii	"short int\000"
 1071      7420696E 
 1071      7400
 1072              	.LASF26:
 1073 01d9 43795379 		.ascii	"CySysClkWriteImoFreq\000"
 1073      73436C6B 
 1073      57726974 
 1073      65496D6F 
 1073      46726571 
 1074              	.LASF7:
 1075 01ee 6C6F6E67 		.ascii	"long int\000"
 1075      20696E74 
 1075      00
 1076              	.LASF2:
 1077 01f7 6C6F6E67 		.ascii	"long double\000"
 1077      20646F75 
 1077      626C6500 
 1078              	.LASF3:
 1079 0203 7369676E 		.ascii	"signed char\000"
 1079      65642063 
 1079      68617200 
 1080              	.LASF30:
 1081 020f 47656E65 		.ascii	"Generated_Source\\PSoC4\\cyfitter_cfg.c\000"
 1081      72617465 
 1081      645F536F 
 1081      75726365 
 1081      5C50536F 
 1082              		.ident	"GCC: (GNU Tools for ARM Embedded Processors) 5.4.1 20160609 (release) [ARM/embedded-5-bran
