ARM GAS  C:\Users\NGUYEN~1\AppData\Local\Temp\ccHWEAvc.s 			page 1


   1              		.syntax unified
   2              		.cpu cortex-m0
   3              		.fpu softvfp
   4              		.eabi_attribute 20, 1
   5              		.eabi_attribute 21, 1
   6              		.eabi_attribute 23, 3
   7              		.eabi_attribute 24, 1
   8              		.eabi_attribute 25, 1
   9              		.eabi_attribute 26, 1
  10              		.eabi_attribute 30, 1
  11              		.eabi_attribute 34, 0
  12              		.eabi_attribute 18, 4
  13              		.thumb
  14              		.syntax unified
  15              		.file	"main.c"
  16              		.text
  17              	.Ltext0:
  18              		.cfi_sections	.debug_frame
  19              		.section	.text.led_glow,"ax",%progbits
  20              		.align	2
  21              		.global	led_glow
  22              		.code	16
  23              		.thumb_func
  24              		.type	led_glow, %function
  25              	led_glow:
  26              	.LFB33:
  27              		.file 1 "main.c"
   1:main.c        **** /* ========================================
   2:main.c        ****  *
   3:main.c        ****  * Copyright YOUR COMPANY, THE YEAR
   4:main.c        ****  * All Rights Reserved
   5:main.c        ****  * UNPUBLISHED, LICENSED SOFTWARE.
   6:main.c        ****  *
   7:main.c        ****  * CONFIDENTIAL AND PROPRIETARY INFORMATION
   8:main.c        ****  * WHICH IS THE PROPERTY OF your company.
   9:main.c        ****  *
  10:main.c        ****  * ========================================
  11:main.c        **** */
  12:main.c        **** #include "project.h"
  13:main.c        **** 
  14:main.c        **** void led_glow(uint8 status_1);
  15:main.c        **** 
  16:main.c        **** int main(void)
  17:main.c        **** {
  18:main.c        ****     CyGlobalIntEnable; /* Enable global interrupts. */
  19:main.c        **** 
  20:main.c        ****     /* Place your initialization/startup code here (e.g. MyInst_Start()) */
  21:main.c        ****     
  22:main.c        ****     gnd_Write(0);
  23:main.c        ****     for(;;)
  24:main.c        ****     {
  25:main.c        ****         /* Place your application code here. */
  26:main.c        ****         
  27:main.c        ****         
  28:main.c        ****         uint8 result = Pin_SW2_Read();
  29:main.c        ****         
  30:main.c        ****         led_glow(result);
ARM GAS  C:\Users\NGUYEN~1\AppData\Local\Temp\ccHWEAvc.s 			page 2


  31:main.c        ****         
  32:main.c        ****         /*if(result)
  33:main.c        ****             led_blue_Write(0); 
  34:main.c        ****         else            
  35:main.c        ****             led_blue_Write(1);  */
  36:main.c        ****         
  37:main.c        ****     }
  38:main.c        **** }
  39:main.c        **** 
  40:main.c        **** /* press button,led will glow */
  41:main.c        **** void led_glow(uint8 status_1)
  42:main.c        **** {
  28              		.loc 1 42 0
  29              		.cfi_startproc
  30              		@ args = 0, pretend = 0, frame = 0
  31              		@ frame_needed = 0, uses_anonymous_args = 0
  32              	.LVL0:
  33 0000 10B5     		push	{r4, lr}
  34              		.cfi_def_cfa_offset 8
  35              		.cfi_offset 4, -8
  36              		.cfi_offset 14, -4
  43:main.c        ****        status_1 == 0 ?  led_blue_Write(0) : led_blue_Write(1) ;
  37              		.loc 1 43 0
  38 0002 0028     		cmp	r0, #0
  39 0004 02D1     		bne	.L2
  40              		.loc 1 43 0 is_stmt 0 discriminator 1
  41 0006 FFF7FEFF 		bl	led_blue_Write
  42              	.LVL1:
  43 000a 02E0     		b	.L1
  44              	.LVL2:
  45              	.L2:
  46              		.loc 1 43 0 discriminator 2
  47 000c 0120     		movs	r0, #1
  48              	.LVL3:
  49 000e FFF7FEFF 		bl	led_blue_Write
  50              	.LVL4:
  51              	.L1:
  44:main.c        **** }
  52              		.loc 1 44 0 is_stmt 1
  53              		@ sp needed
  54 0012 10BD     		pop	{r4, pc}
  55              		.cfi_endproc
  56              	.LFE33:
  57              		.size	led_glow, .-led_glow
  58              		.section	.text.main,"ax",%progbits
  59              		.align	2
  60              		.global	main
  61              		.code	16
  62              		.thumb_func
  63              		.type	main, %function
  64              	main:
  65              	.LFB32:
  17:main.c        ****     CyGlobalIntEnable; /* Enable global interrupts. */
  66              		.loc 1 17 0
  67              		.cfi_startproc
  68              		@ args = 0, pretend = 0, frame = 0
  69              		@ frame_needed = 0, uses_anonymous_args = 0
ARM GAS  C:\Users\NGUYEN~1\AppData\Local\Temp\ccHWEAvc.s 			page 3


  70 0000 10B5     		push	{r4, lr}
  71              		.cfi_def_cfa_offset 8
  72              		.cfi_offset 4, -8
  73              		.cfi_offset 14, -4
  18:main.c        **** 
  74              		.loc 1 18 0
  75              		.syntax divided
  76              	@ 18 "main.c" 1
  77 0002 62B6     		CPSIE   i
  78              	@ 0 "" 2
  22:main.c        ****     for(;;)
  79              		.loc 1 22 0
  80              		.thumb
  81              		.syntax unified
  82 0004 0020     		movs	r0, #0
  83 0006 FFF7FEFF 		bl	gnd_Write
  84              	.LVL5:
  85              	.L5:
  86              	.LBB2:
  28:main.c        ****         
  87              		.loc 1 28 0 discriminator 1
  88 000a FFF7FEFF 		bl	Pin_SW2_Read
  89              	.LVL6:
  30:main.c        ****         
  90              		.loc 1 30 0 discriminator 1
  91 000e FFF7FEFF 		bl	led_glow
  92              	.LVL7:
  93 0012 FAE7     		b	.L5
  94              	.LBE2:
  95              		.cfi_endproc
  96              	.LFE32:
  97              		.size	main, .-main
  98              		.text
  99              	.Letext0:
 100              		.file 2 "Generated_Source\\PSoC4/led_blue.h"
 101              		.file 3 "Generated_Source\\PSoC4/Pin_SW2.h"
 102              		.file 4 "Generated_Source\\PSoC4/gnd.h"
 103              		.file 5 "Generated_Source\\PSoC4/cytypes.h"
 104              		.section	.debug_info,"",%progbits
 105              	.Ldebug_info0:
 106 0000 4D010000 		.4byte	0x14d
 107 0004 0400     		.2byte	0x4
 108 0006 00000000 		.4byte	.Ldebug_abbrev0
 109 000a 04       		.byte	0x4
 110 000b 01       		.uleb128 0x1
 111 000c E7000000 		.4byte	.LASF17
 112 0010 0C       		.byte	0xc
 113 0011 52000000 		.4byte	.LASF18
 114 0015 1B000000 		.4byte	.LASF19
 115 0019 00000000 		.4byte	.Ldebug_ranges0+0
 116 001d 00000000 		.4byte	0
 117 0021 00000000 		.4byte	.Ldebug_line0
 118 0025 02       		.uleb128 0x2
 119 0026 01       		.byte	0x1
 120 0027 06       		.byte	0x6
 121 0028 88010000 		.4byte	.LASF0
 122 002c 02       		.uleb128 0x2
ARM GAS  C:\Users\NGUYEN~1\AppData\Local\Temp\ccHWEAvc.s 			page 4


 123 002d 01       		.byte	0x1
 124 002e 08       		.byte	0x8
 125 002f 44000000 		.4byte	.LASF1
 126 0033 02       		.uleb128 0x2
 127 0034 02       		.byte	0x2
 128 0035 05       		.byte	0x5
 129 0036 A0010000 		.4byte	.LASF2
 130 003a 02       		.uleb128 0x2
 131 003b 02       		.byte	0x2
 132 003c 07       		.byte	0x7
 133 003d 75010000 		.4byte	.LASF3
 134 0041 02       		.uleb128 0x2
 135 0042 04       		.byte	0x4
 136 0043 05       		.byte	0x5
 137 0044 BF000000 		.4byte	.LASF4
 138 0048 02       		.uleb128 0x2
 139 0049 04       		.byte	0x4
 140 004a 07       		.byte	0x7
 141 004b 64000000 		.4byte	.LASF5
 142 004f 02       		.uleb128 0x2
 143 0050 08       		.byte	0x8
 144 0051 05       		.byte	0x5
 145 0052 00000000 		.4byte	.LASF6
 146 0056 02       		.uleb128 0x2
 147 0057 08       		.byte	0x8
 148 0058 07       		.byte	0x7
 149 0059 8F000000 		.4byte	.LASF7
 150 005d 03       		.uleb128 0x3
 151 005e 04       		.byte	0x4
 152 005f 05       		.byte	0x5
 153 0060 696E7400 		.ascii	"int\000"
 154 0064 02       		.uleb128 0x2
 155 0065 04       		.byte	0x4
 156 0066 07       		.byte	0x7
 157 0067 0E000000 		.4byte	.LASF8
 158 006b 04       		.uleb128 0x4
 159 006c 5E000000 		.4byte	.LASF20
 160 0070 05       		.byte	0x5
 161 0071 FB01     		.2byte	0x1fb
 162 0073 2C000000 		.4byte	0x2c
 163 0077 02       		.uleb128 0x2
 164 0078 04       		.byte	0x4
 165 0079 04       		.byte	0x4
 166 007a 89000000 		.4byte	.LASF9
 167 007e 02       		.uleb128 0x2
 168 007f 08       		.byte	0x8
 169 0080 04       		.byte	0x4
 170 0081 E0000000 		.4byte	.LASF10
 171 0085 02       		.uleb128 0x2
 172 0086 01       		.byte	0x1
 173 0087 08       		.byte	0x8
 174 0088 B3000000 		.4byte	.LASF11
 175 008c 02       		.uleb128 0x2
 176 008d 04       		.byte	0x4
 177 008e 07       		.byte	0x7
 178 008f AA010000 		.4byte	.LASF12
 179 0093 02       		.uleb128 0x2
ARM GAS  C:\Users\NGUYEN~1\AppData\Local\Temp\ccHWEAvc.s 			page 5


 180 0094 08       		.byte	0x8
 181 0095 04       		.byte	0x4
 182 0096 94010000 		.4byte	.LASF13
 183 009a 05       		.uleb128 0x5
 184 009b D7000000 		.4byte	.LASF21
 185 009f 01       		.byte	0x1
 186 00a0 29       		.byte	0x29
 187 00a1 00000000 		.4byte	.LFB33
 188 00a5 14000000 		.4byte	.LFE33-.LFB33
 189 00a9 01       		.uleb128 0x1
 190 00aa 9C       		.byte	0x9c
 191 00ab D7000000 		.4byte	0xd7
 192 00af 06       		.uleb128 0x6
 193 00b0 76000000 		.4byte	.LASF22
 194 00b4 01       		.byte	0x1
 195 00b5 29       		.byte	0x29
 196 00b6 6B000000 		.4byte	0x6b
 197 00ba 00000000 		.4byte	.LLST0
 198 00be 07       		.uleb128 0x7
 199 00bf 0A000000 		.4byte	.LVL1
 200 00c3 2F010000 		.4byte	0x12f
 201 00c7 08       		.uleb128 0x8
 202 00c8 12000000 		.4byte	.LVL4
 203 00cc 2F010000 		.4byte	0x12f
 204 00d0 09       		.uleb128 0x9
 205 00d1 01       		.uleb128 0x1
 206 00d2 50       		.byte	0x50
 207 00d3 01       		.uleb128 0x1
 208 00d4 31       		.byte	0x31
 209 00d5 00       		.byte	0
 210 00d6 00       		.byte	0
 211 00d7 0A       		.uleb128 0xa
 212 00d8 59000000 		.4byte	.LASF23
 213 00dc 01       		.byte	0x1
 214 00dd 10       		.byte	0x10
 215 00de 5D000000 		.4byte	0x5d
 216 00e2 00000000 		.4byte	.LFB32
 217 00e6 14000000 		.4byte	.LFE32-.LFB32
 218 00ea 01       		.uleb128 0x1
 219 00eb 9C       		.byte	0x9c
 220 00ec 2F010000 		.4byte	0x12f
 221 00f0 0B       		.uleb128 0xb
 222 00f1 0A000000 		.4byte	.LBB2
 223 00f5 0A000000 		.4byte	.LBE2-.LBB2
 224 00f9 1F010000 		.4byte	0x11f
 225 00fd 0C       		.uleb128 0xc
 226 00fe B8000000 		.4byte	.LASF24
 227 0102 01       		.byte	0x1
 228 0103 1C       		.byte	0x1c
 229 0104 6B000000 		.4byte	0x6b
 230 0108 3A000000 		.4byte	.LLST1
 231 010c 07       		.uleb128 0x7
 232 010d 0E000000 		.4byte	.LVL6
 233 0111 3A010000 		.4byte	0x13a
 234 0115 07       		.uleb128 0x7
 235 0116 12000000 		.4byte	.LVL7
 236 011a 9A000000 		.4byte	0x9a
ARM GAS  C:\Users\NGUYEN~1\AppData\Local\Temp\ccHWEAvc.s 			page 6


 237 011e 00       		.byte	0
 238 011f 08       		.uleb128 0x8
 239 0120 0A000000 		.4byte	.LVL5
 240 0124 45010000 		.4byte	0x145
 241 0128 09       		.uleb128 0x9
 242 0129 01       		.uleb128 0x1
 243 012a 50       		.byte	0x50
 244 012b 01       		.uleb128 0x1
 245 012c 30       		.byte	0x30
 246 012d 00       		.byte	0
 247 012e 00       		.byte	0
 248 012f 0D       		.uleb128 0xd
 249 0130 C8000000 		.4byte	.LASF14
 250 0134 C8000000 		.4byte	.LASF14
 251 0138 02       		.byte	0x2
 252 0139 32       		.byte	0x32
 253 013a 0D       		.uleb128 0xd
 254 013b A6000000 		.4byte	.LASF15
 255 013f A6000000 		.4byte	.LASF15
 256 0143 03       		.byte	0x3
 257 0144 32       		.byte	0x32
 258 0145 0D       		.uleb128 0xd
 259 0146 7F000000 		.4byte	.LASF16
 260 014a 7F000000 		.4byte	.LASF16
 261 014e 04       		.byte	0x4
 262 014f 33       		.byte	0x33
 263 0150 00       		.byte	0
 264              		.section	.debug_abbrev,"",%progbits
 265              	.Ldebug_abbrev0:
 266 0000 01       		.uleb128 0x1
 267 0001 11       		.uleb128 0x11
 268 0002 01       		.byte	0x1
 269 0003 25       		.uleb128 0x25
 270 0004 0E       		.uleb128 0xe
 271 0005 13       		.uleb128 0x13
 272 0006 0B       		.uleb128 0xb
 273 0007 03       		.uleb128 0x3
 274 0008 0E       		.uleb128 0xe
 275 0009 1B       		.uleb128 0x1b
 276 000a 0E       		.uleb128 0xe
 277 000b 55       		.uleb128 0x55
 278 000c 17       		.uleb128 0x17
 279 000d 11       		.uleb128 0x11
 280 000e 01       		.uleb128 0x1
 281 000f 10       		.uleb128 0x10
 282 0010 17       		.uleb128 0x17
 283 0011 00       		.byte	0
 284 0012 00       		.byte	0
 285 0013 02       		.uleb128 0x2
 286 0014 24       		.uleb128 0x24
 287 0015 00       		.byte	0
 288 0016 0B       		.uleb128 0xb
 289 0017 0B       		.uleb128 0xb
 290 0018 3E       		.uleb128 0x3e
 291 0019 0B       		.uleb128 0xb
 292 001a 03       		.uleb128 0x3
 293 001b 0E       		.uleb128 0xe
ARM GAS  C:\Users\NGUYEN~1\AppData\Local\Temp\ccHWEAvc.s 			page 7


 294 001c 00       		.byte	0
 295 001d 00       		.byte	0
 296 001e 03       		.uleb128 0x3
 297 001f 24       		.uleb128 0x24
 298 0020 00       		.byte	0
 299 0021 0B       		.uleb128 0xb
 300 0022 0B       		.uleb128 0xb
 301 0023 3E       		.uleb128 0x3e
 302 0024 0B       		.uleb128 0xb
 303 0025 03       		.uleb128 0x3
 304 0026 08       		.uleb128 0x8
 305 0027 00       		.byte	0
 306 0028 00       		.byte	0
 307 0029 04       		.uleb128 0x4
 308 002a 16       		.uleb128 0x16
 309 002b 00       		.byte	0
 310 002c 03       		.uleb128 0x3
 311 002d 0E       		.uleb128 0xe
 312 002e 3A       		.uleb128 0x3a
 313 002f 0B       		.uleb128 0xb
 314 0030 3B       		.uleb128 0x3b
 315 0031 05       		.uleb128 0x5
 316 0032 49       		.uleb128 0x49
 317 0033 13       		.uleb128 0x13
 318 0034 00       		.byte	0
 319 0035 00       		.byte	0
 320 0036 05       		.uleb128 0x5
 321 0037 2E       		.uleb128 0x2e
 322 0038 01       		.byte	0x1
 323 0039 3F       		.uleb128 0x3f
 324 003a 19       		.uleb128 0x19
 325 003b 03       		.uleb128 0x3
 326 003c 0E       		.uleb128 0xe
 327 003d 3A       		.uleb128 0x3a
 328 003e 0B       		.uleb128 0xb
 329 003f 3B       		.uleb128 0x3b
 330 0040 0B       		.uleb128 0xb
 331 0041 27       		.uleb128 0x27
 332 0042 19       		.uleb128 0x19
 333 0043 11       		.uleb128 0x11
 334 0044 01       		.uleb128 0x1
 335 0045 12       		.uleb128 0x12
 336 0046 06       		.uleb128 0x6
 337 0047 40       		.uleb128 0x40
 338 0048 18       		.uleb128 0x18
 339 0049 9742     		.uleb128 0x2117
 340 004b 19       		.uleb128 0x19
 341 004c 01       		.uleb128 0x1
 342 004d 13       		.uleb128 0x13
 343 004e 00       		.byte	0
 344 004f 00       		.byte	0
 345 0050 06       		.uleb128 0x6
 346 0051 05       		.uleb128 0x5
 347 0052 00       		.byte	0
 348 0053 03       		.uleb128 0x3
 349 0054 0E       		.uleb128 0xe
 350 0055 3A       		.uleb128 0x3a
ARM GAS  C:\Users\NGUYEN~1\AppData\Local\Temp\ccHWEAvc.s 			page 8


 351 0056 0B       		.uleb128 0xb
 352 0057 3B       		.uleb128 0x3b
 353 0058 0B       		.uleb128 0xb
 354 0059 49       		.uleb128 0x49
 355 005a 13       		.uleb128 0x13
 356 005b 02       		.uleb128 0x2
 357 005c 17       		.uleb128 0x17
 358 005d 00       		.byte	0
 359 005e 00       		.byte	0
 360 005f 07       		.uleb128 0x7
 361 0060 898201   		.uleb128 0x4109
 362 0063 00       		.byte	0
 363 0064 11       		.uleb128 0x11
 364 0065 01       		.uleb128 0x1
 365 0066 31       		.uleb128 0x31
 366 0067 13       		.uleb128 0x13
 367 0068 00       		.byte	0
 368 0069 00       		.byte	0
 369 006a 08       		.uleb128 0x8
 370 006b 898201   		.uleb128 0x4109
 371 006e 01       		.byte	0x1
 372 006f 11       		.uleb128 0x11
 373 0070 01       		.uleb128 0x1
 374 0071 31       		.uleb128 0x31
 375 0072 13       		.uleb128 0x13
 376 0073 00       		.byte	0
 377 0074 00       		.byte	0
 378 0075 09       		.uleb128 0x9
 379 0076 8A8201   		.uleb128 0x410a
 380 0079 00       		.byte	0
 381 007a 02       		.uleb128 0x2
 382 007b 18       		.uleb128 0x18
 383 007c 9142     		.uleb128 0x2111
 384 007e 18       		.uleb128 0x18
 385 007f 00       		.byte	0
 386 0080 00       		.byte	0
 387 0081 0A       		.uleb128 0xa
 388 0082 2E       		.uleb128 0x2e
 389 0083 01       		.byte	0x1
 390 0084 3F       		.uleb128 0x3f
 391 0085 19       		.uleb128 0x19
 392 0086 03       		.uleb128 0x3
 393 0087 0E       		.uleb128 0xe
 394 0088 3A       		.uleb128 0x3a
 395 0089 0B       		.uleb128 0xb
 396 008a 3B       		.uleb128 0x3b
 397 008b 0B       		.uleb128 0xb
 398 008c 27       		.uleb128 0x27
 399 008d 19       		.uleb128 0x19
 400 008e 49       		.uleb128 0x49
 401 008f 13       		.uleb128 0x13
 402 0090 8701     		.uleb128 0x87
 403 0092 19       		.uleb128 0x19
 404 0093 11       		.uleb128 0x11
 405 0094 01       		.uleb128 0x1
 406 0095 12       		.uleb128 0x12
 407 0096 06       		.uleb128 0x6
ARM GAS  C:\Users\NGUYEN~1\AppData\Local\Temp\ccHWEAvc.s 			page 9


 408 0097 40       		.uleb128 0x40
 409 0098 18       		.uleb128 0x18
 410 0099 9742     		.uleb128 0x2117
 411 009b 19       		.uleb128 0x19
 412 009c 01       		.uleb128 0x1
 413 009d 13       		.uleb128 0x13
 414 009e 00       		.byte	0
 415 009f 00       		.byte	0
 416 00a0 0B       		.uleb128 0xb
 417 00a1 0B       		.uleb128 0xb
 418 00a2 01       		.byte	0x1
 419 00a3 11       		.uleb128 0x11
 420 00a4 01       		.uleb128 0x1
 421 00a5 12       		.uleb128 0x12
 422 00a6 06       		.uleb128 0x6
 423 00a7 01       		.uleb128 0x1
 424 00a8 13       		.uleb128 0x13
 425 00a9 00       		.byte	0
 426 00aa 00       		.byte	0
 427 00ab 0C       		.uleb128 0xc
 428 00ac 34       		.uleb128 0x34
 429 00ad 00       		.byte	0
 430 00ae 03       		.uleb128 0x3
 431 00af 0E       		.uleb128 0xe
 432 00b0 3A       		.uleb128 0x3a
 433 00b1 0B       		.uleb128 0xb
 434 00b2 3B       		.uleb128 0x3b
 435 00b3 0B       		.uleb128 0xb
 436 00b4 49       		.uleb128 0x49
 437 00b5 13       		.uleb128 0x13
 438 00b6 02       		.uleb128 0x2
 439 00b7 17       		.uleb128 0x17
 440 00b8 00       		.byte	0
 441 00b9 00       		.byte	0
 442 00ba 0D       		.uleb128 0xd
 443 00bb 2E       		.uleb128 0x2e
 444 00bc 00       		.byte	0
 445 00bd 3F       		.uleb128 0x3f
 446 00be 19       		.uleb128 0x19
 447 00bf 3C       		.uleb128 0x3c
 448 00c0 19       		.uleb128 0x19
 449 00c1 6E       		.uleb128 0x6e
 450 00c2 0E       		.uleb128 0xe
 451 00c3 03       		.uleb128 0x3
 452 00c4 0E       		.uleb128 0xe
 453 00c5 3A       		.uleb128 0x3a
 454 00c6 0B       		.uleb128 0xb
 455 00c7 3B       		.uleb128 0x3b
 456 00c8 0B       		.uleb128 0xb
 457 00c9 00       		.byte	0
 458 00ca 00       		.byte	0
 459 00cb 00       		.byte	0
 460              		.section	.debug_loc,"",%progbits
 461              	.Ldebug_loc0:
 462              	.LLST0:
 463 0000 00000000 		.4byte	.LVL0
 464 0004 09000000 		.4byte	.LVL1-1
ARM GAS  C:\Users\NGUYEN~1\AppData\Local\Temp\ccHWEAvc.s 			page 10


 465 0008 0100     		.2byte	0x1
 466 000a 50       		.byte	0x50
 467 000b 09000000 		.4byte	.LVL1-1
 468 000f 0C000000 		.4byte	.LVL2
 469 0013 0400     		.2byte	0x4
 470 0015 F3       		.byte	0xf3
 471 0016 01       		.uleb128 0x1
 472 0017 50       		.byte	0x50
 473 0018 9F       		.byte	0x9f
 474 0019 0C000000 		.4byte	.LVL2
 475 001d 0E000000 		.4byte	.LVL3
 476 0021 0100     		.2byte	0x1
 477 0023 50       		.byte	0x50
 478 0024 0E000000 		.4byte	.LVL3
 479 0028 14000000 		.4byte	.LFE33
 480 002c 0400     		.2byte	0x4
 481 002e F3       		.byte	0xf3
 482 002f 01       		.uleb128 0x1
 483 0030 50       		.byte	0x50
 484 0031 9F       		.byte	0x9f
 485 0032 00000000 		.4byte	0
 486 0036 00000000 		.4byte	0
 487              	.LLST1:
 488 003a 0E000000 		.4byte	.LVL6
 489 003e 11000000 		.4byte	.LVL7-1
 490 0042 0100     		.2byte	0x1
 491 0044 50       		.byte	0x50
 492 0045 00000000 		.4byte	0
 493 0049 00000000 		.4byte	0
 494              		.section	.debug_aranges,"",%progbits
 495 0000 24000000 		.4byte	0x24
 496 0004 0200     		.2byte	0x2
 497 0006 00000000 		.4byte	.Ldebug_info0
 498 000a 04       		.byte	0x4
 499 000b 00       		.byte	0
 500 000c 0000     		.2byte	0
 501 000e 0000     		.2byte	0
 502 0010 00000000 		.4byte	.LFB33
 503 0014 14000000 		.4byte	.LFE33-.LFB33
 504 0018 00000000 		.4byte	.LFB32
 505 001c 14000000 		.4byte	.LFE32-.LFB32
 506 0020 00000000 		.4byte	0
 507 0024 00000000 		.4byte	0
 508              		.section	.debug_ranges,"",%progbits
 509              	.Ldebug_ranges0:
 510 0000 00000000 		.4byte	.LFB33
 511 0004 14000000 		.4byte	.LFE33
 512 0008 00000000 		.4byte	.LFB32
 513 000c 14000000 		.4byte	.LFE32
 514 0010 00000000 		.4byte	0
 515 0014 00000000 		.4byte	0
 516              		.section	.debug_line,"",%progbits
 517              	.Ldebug_line0:
 518 0000 A3000000 		.section	.debug_str,"MS",%progbits,1
 518      02006500 
 518      00000201 
 518      FB0E0D00 
ARM GAS  C:\Users\NGUYEN~1\AppData\Local\Temp\ccHWEAvc.s 			page 11


 518      01010101 
 519              	.LASF6:
 520 0000 6C6F6E67 		.ascii	"long long int\000"
 520      206C6F6E 
 520      6720696E 
 520      7400
 521              	.LASF8:
 522 000e 756E7369 		.ascii	"unsigned int\000"
 522      676E6564 
 522      20696E74 
 522      00
 523              	.LASF19:
 524 001b 443A5C70 		.ascii	"D:\\psoc\\theory\\outputPin\\input_pin.cydsn\000"
 524      736F635C 
 524      7468656F 
 524      72795C6F 
 524      75747075 
 525              	.LASF1:
 526 0044 756E7369 		.ascii	"unsigned char\000"
 526      676E6564 
 526      20636861 
 526      7200
 527              	.LASF18:
 528 0052 6D61696E 		.ascii	"main.c\000"
 528      2E6300
 529              	.LASF23:
 530 0059 6D61696E 		.ascii	"main\000"
 530      00
 531              	.LASF20:
 532 005e 75696E74 		.ascii	"uint8\000"
 532      3800
 533              	.LASF5:
 534 0064 6C6F6E67 		.ascii	"long unsigned int\000"
 534      20756E73 
 534      69676E65 
 534      6420696E 
 534      7400
 535              	.LASF22:
 536 0076 73746174 		.ascii	"status_1\000"
 536      75735F31 
 536      00
 537              	.LASF16:
 538 007f 676E645F 		.ascii	"gnd_Write\000"
 538      57726974 
 538      6500
 539              	.LASF9:
 540 0089 666C6F61 		.ascii	"float\000"
 540      7400
 541              	.LASF7:
 542 008f 6C6F6E67 		.ascii	"long long unsigned int\000"
 542      206C6F6E 
 542      6720756E 
 542      7369676E 
 542      65642069 
 543              	.LASF15:
 544 00a6 50696E5F 		.ascii	"Pin_SW2_Read\000"
 544      5357325F 
ARM GAS  C:\Users\NGUYEN~1\AppData\Local\Temp\ccHWEAvc.s 			page 12


 544      52656164 
 544      00
 545              	.LASF11:
 546 00b3 63686172 		.ascii	"char\000"
 546      00
 547              	.LASF24:
 548 00b8 72657375 		.ascii	"result\000"
 548      6C7400
 549              	.LASF4:
 550 00bf 6C6F6E67 		.ascii	"long int\000"
 550      20696E74 
 550      00
 551              	.LASF14:
 552 00c8 6C65645F 		.ascii	"led_blue_Write\000"
 552      626C7565 
 552      5F577269 
 552      746500
 553              	.LASF21:
 554 00d7 6C65645F 		.ascii	"led_glow\000"
 554      676C6F77 
 554      00
 555              	.LASF10:
 556 00e0 646F7562 		.ascii	"double\000"
 556      6C6500
 557              	.LASF17:
 558 00e7 474E5520 		.ascii	"GNU C11 5.4.1 20160609 (release) [ARM/embedded-5-br"
 558      43313120 
 558      352E342E 
 558      31203230 
 558      31363036 
 559 011a 616E6368 		.ascii	"anch revision 237715] -mcpu=cortex-m0 -mthumb -g -O"
 559      20726576 
 559      6973696F 
 559      6E203233 
 559      37373135 
 560 014d 67202D66 		.ascii	"g -ffunction-sections -ffat-lto-objects\000"
 560      66756E63 
 560      74696F6E 
 560      2D736563 
 560      74696F6E 
 561              	.LASF3:
 562 0175 73686F72 		.ascii	"short unsigned int\000"
 562      7420756E 
 562      7369676E 
 562      65642069 
 562      6E7400
 563              	.LASF0:
 564 0188 7369676E 		.ascii	"signed char\000"
 564      65642063 
 564      68617200 
 565              	.LASF13:
 566 0194 6C6F6E67 		.ascii	"long double\000"
 566      20646F75 
 566      626C6500 
 567              	.LASF2:
 568 01a0 73686F72 		.ascii	"short int\000"
 568      7420696E 
ARM GAS  C:\Users\NGUYEN~1\AppData\Local\Temp\ccHWEAvc.s 			page 13


 568      7400
 569              	.LASF12:
 570 01aa 73697A65 		.ascii	"sizetype\000"
 570      74797065 
 570      00
 571              		.ident	"GCC: (GNU Tools for ARM Embedded Processors) 5.4.1 20160609 (release) [ARM/embedded-5-bran
