ARM GAS  C:\Users\NGUYEN~1\AppData\Local\Temp\ccIidhSa.s 			page 1


   1              		.syntax unified
   2              		.cpu cortex-m0
   3              		.fpu softvfp
   4              		.eabi_attribute 20, 1
   5              		.eabi_attribute 21, 1
   6              		.eabi_attribute 23, 3
   7              		.eabi_attribute 24, 1
   8              		.eabi_attribute 25, 1
   9              		.eabi_attribute 26, 1
  10              		.eabi_attribute 30, 1
  11              		.eabi_attribute 34, 0
  12              		.eabi_attribute 18, 4
  13              		.thumb
  14              		.syntax unified
  15              		.file	"cyfitter_cfg.c"
  16              		.text
  17              	.Ltext0:
  18              		.cfi_sections	.debug_frame
  19              		.section	.text.AnalogSetDefault,"ax",%progbits
  20              		.align	2
  21              		.code	16
  22              		.thumb_func
  23              		.type	AnalogSetDefault, %function
  24              	AnalogSetDefault:
  25              	.LFB4:
  26              		.file 1 "Generated_Source\\PSoC4\\cyfitter_cfg.c"
   1:Generated_Source\PSoC4/cyfitter_cfg.c **** 
   2:Generated_Source\PSoC4/cyfitter_cfg.c **** /*******************************************************************************
   3:Generated_Source\PSoC4/cyfitter_cfg.c **** * File Name: cyfitter_cfg.c
   4:Generated_Source\PSoC4/cyfitter_cfg.c **** * 
   5:Generated_Source\PSoC4/cyfitter_cfg.c **** * PSoC Creator  4.4
   6:Generated_Source\PSoC4/cyfitter_cfg.c **** *
   7:Generated_Source\PSoC4/cyfitter_cfg.c **** * Description:
   8:Generated_Source\PSoC4/cyfitter_cfg.c **** * This file contains device initialization code.
   9:Generated_Source\PSoC4/cyfitter_cfg.c **** * Except for the user defined sections in CyClockStartupError(), this file should not be modified.
  10:Generated_Source\PSoC4/cyfitter_cfg.c **** * This file is automatically generated by PSoC Creator.
  11:Generated_Source\PSoC4/cyfitter_cfg.c **** *
  12:Generated_Source\PSoC4/cyfitter_cfg.c **** ********************************************************************************
  13:Generated_Source\PSoC4/cyfitter_cfg.c **** * Copyright (c) 2007-2020 Cypress Semiconductor.  All rights reserved.
  14:Generated_Source\PSoC4/cyfitter_cfg.c **** * You may use this file only in accordance with the license, terms, conditions, 
  15:Generated_Source\PSoC4/cyfitter_cfg.c **** * disclaimers, and limitations in the end user license agreement accompanying 
  16:Generated_Source\PSoC4/cyfitter_cfg.c **** * the software package with which this file was provided.
  17:Generated_Source\PSoC4/cyfitter_cfg.c **** ********************************************************************************/
  18:Generated_Source\PSoC4/cyfitter_cfg.c **** 
  19:Generated_Source\PSoC4/cyfitter_cfg.c **** #include <string.h>
  20:Generated_Source\PSoC4/cyfitter_cfg.c **** #include "cytypes.h"
  21:Generated_Source\PSoC4/cyfitter_cfg.c **** #include "cydevice_trm.h"
  22:Generated_Source\PSoC4/cyfitter_cfg.c **** #include "cyfitter.h"
  23:Generated_Source\PSoC4/cyfitter_cfg.c **** #include "CyLib.h"
  24:Generated_Source\PSoC4/cyfitter_cfg.c **** #include "CyLFClk.h"
  25:Generated_Source\PSoC4/cyfitter_cfg.c **** #include "cyfitter_cfg.h"
  26:Generated_Source\PSoC4/cyfitter_cfg.c **** #include "cyapicallbacks.h"
  27:Generated_Source\PSoC4/cyfitter_cfg.c **** 
  28:Generated_Source\PSoC4/cyfitter_cfg.c **** 
  29:Generated_Source\PSoC4/cyfitter_cfg.c **** #if defined(__GNUC__) || defined(__ARMCC_VERSION)
  30:Generated_Source\PSoC4/cyfitter_cfg.c ****     #define CYPACKED 
  31:Generated_Source\PSoC4/cyfitter_cfg.c ****     #define CYPACKED_ATTR __attribute__ ((packed))
ARM GAS  C:\Users\NGUYEN~1\AppData\Local\Temp\ccIidhSa.s 			page 2


  32:Generated_Source\PSoC4/cyfitter_cfg.c ****     #define CYALIGNED __attribute__ ((aligned))
  33:Generated_Source\PSoC4/cyfitter_cfg.c ****     #define CY_CFG_UNUSED __attribute__ ((unused))
  34:Generated_Source\PSoC4/cyfitter_cfg.c ****     #ifndef CY_CFG_SECTION
  35:Generated_Source\PSoC4/cyfitter_cfg.c ****         #define CY_CFG_SECTION __attribute__ ((section(".psocinit")))
  36:Generated_Source\PSoC4/cyfitter_cfg.c ****     #endif
  37:Generated_Source\PSoC4/cyfitter_cfg.c ****     
  38:Generated_Source\PSoC4/cyfitter_cfg.c ****     #if defined(__ARMCC_VERSION)
  39:Generated_Source\PSoC4/cyfitter_cfg.c ****         #define CY_CFG_MEMORY_BARRIER() __memory_changed()
  40:Generated_Source\PSoC4/cyfitter_cfg.c ****     #else
  41:Generated_Source\PSoC4/cyfitter_cfg.c ****         #define CY_CFG_MEMORY_BARRIER() __sync_synchronize()
  42:Generated_Source\PSoC4/cyfitter_cfg.c ****     #endif
  43:Generated_Source\PSoC4/cyfitter_cfg.c ****     
  44:Generated_Source\PSoC4/cyfitter_cfg.c **** #elif defined(__ICCARM__)
  45:Generated_Source\PSoC4/cyfitter_cfg.c ****     #include <intrinsics.h>
  46:Generated_Source\PSoC4/cyfitter_cfg.c **** 
  47:Generated_Source\PSoC4/cyfitter_cfg.c ****     #define CYPACKED __packed
  48:Generated_Source\PSoC4/cyfitter_cfg.c ****     #define CYPACKED_ATTR 
  49:Generated_Source\PSoC4/cyfitter_cfg.c ****     #define CYALIGNED _Pragma("data_alignment=4")
  50:Generated_Source\PSoC4/cyfitter_cfg.c ****     #define CY_CFG_UNUSED _Pragma("diag_suppress=Pe177")
  51:Generated_Source\PSoC4/cyfitter_cfg.c ****     #define CY_CFG_SECTION _Pragma("location=\".psocinit\"")
  52:Generated_Source\PSoC4/cyfitter_cfg.c ****     
  53:Generated_Source\PSoC4/cyfitter_cfg.c ****     #define CY_CFG_MEMORY_BARRIER() __DMB()
  54:Generated_Source\PSoC4/cyfitter_cfg.c ****     
  55:Generated_Source\PSoC4/cyfitter_cfg.c **** #else
  56:Generated_Source\PSoC4/cyfitter_cfg.c ****     #error Unsupported toolchain
  57:Generated_Source\PSoC4/cyfitter_cfg.c **** #endif
  58:Generated_Source\PSoC4/cyfitter_cfg.c **** 
  59:Generated_Source\PSoC4/cyfitter_cfg.c **** #ifndef CYCODE
  60:Generated_Source\PSoC4/cyfitter_cfg.c ****     #define CYCODE
  61:Generated_Source\PSoC4/cyfitter_cfg.c **** #endif
  62:Generated_Source\PSoC4/cyfitter_cfg.c **** #ifndef CYDATA
  63:Generated_Source\PSoC4/cyfitter_cfg.c ****     #define CYDATA
  64:Generated_Source\PSoC4/cyfitter_cfg.c **** #endif
  65:Generated_Source\PSoC4/cyfitter_cfg.c **** #ifndef CYFAR
  66:Generated_Source\PSoC4/cyfitter_cfg.c ****     #define CYFAR
  67:Generated_Source\PSoC4/cyfitter_cfg.c **** #endif
  68:Generated_Source\PSoC4/cyfitter_cfg.c **** #ifndef CYXDATA
  69:Generated_Source\PSoC4/cyfitter_cfg.c ****     #define CYXDATA
  70:Generated_Source\PSoC4/cyfitter_cfg.c **** #endif
  71:Generated_Source\PSoC4/cyfitter_cfg.c **** 
  72:Generated_Source\PSoC4/cyfitter_cfg.c **** 
  73:Generated_Source\PSoC4/cyfitter_cfg.c **** CY_CFG_UNUSED
  74:Generated_Source\PSoC4/cyfitter_cfg.c **** static void CYMEMZERO(void *s, size_t n);
  75:Generated_Source\PSoC4/cyfitter_cfg.c **** CY_CFG_UNUSED
  76:Generated_Source\PSoC4/cyfitter_cfg.c **** static void CYMEMZERO(void *s, size_t n)
  77:Generated_Source\PSoC4/cyfitter_cfg.c **** {
  78:Generated_Source\PSoC4/cyfitter_cfg.c **** 	(void)memset(s, 0, n);
  79:Generated_Source\PSoC4/cyfitter_cfg.c **** }
  80:Generated_Source\PSoC4/cyfitter_cfg.c **** CY_CFG_UNUSED
  81:Generated_Source\PSoC4/cyfitter_cfg.c **** static void CYCONFIGCPY(void *dest, const void *src, size_t n);
  82:Generated_Source\PSoC4/cyfitter_cfg.c **** CY_CFG_UNUSED
  83:Generated_Source\PSoC4/cyfitter_cfg.c **** static void CYCONFIGCPY(void *dest, const void *src, size_t n)
  84:Generated_Source\PSoC4/cyfitter_cfg.c **** {
  85:Generated_Source\PSoC4/cyfitter_cfg.c **** 	(void)memcpy(dest, src, n);
  86:Generated_Source\PSoC4/cyfitter_cfg.c **** }
  87:Generated_Source\PSoC4/cyfitter_cfg.c **** CY_CFG_UNUSED
  88:Generated_Source\PSoC4/cyfitter_cfg.c **** static void CYCONFIGCPYCODE(void *dest, const void *src, size_t n);
ARM GAS  C:\Users\NGUYEN~1\AppData\Local\Temp\ccIidhSa.s 			page 3


  89:Generated_Source\PSoC4/cyfitter_cfg.c **** CY_CFG_UNUSED
  90:Generated_Source\PSoC4/cyfitter_cfg.c **** static void CYCONFIGCPYCODE(void *dest, const void *src, size_t n)
  91:Generated_Source\PSoC4/cyfitter_cfg.c **** {
  92:Generated_Source\PSoC4/cyfitter_cfg.c **** 	(void)memcpy(dest, src, n);
  93:Generated_Source\PSoC4/cyfitter_cfg.c **** }
  94:Generated_Source\PSoC4/cyfitter_cfg.c **** 
  95:Generated_Source\PSoC4/cyfitter_cfg.c **** 
  96:Generated_Source\PSoC4/cyfitter_cfg.c **** 
  97:Generated_Source\PSoC4/cyfitter_cfg.c **** 
  98:Generated_Source\PSoC4/cyfitter_cfg.c **** /* Clock startup error codes                                                   */
  99:Generated_Source\PSoC4/cyfitter_cfg.c **** #define CYCLOCKSTART_NO_ERROR    0u
 100:Generated_Source\PSoC4/cyfitter_cfg.c **** #define CYCLOCKSTART_XTAL_ERROR  1u
 101:Generated_Source\PSoC4/cyfitter_cfg.c **** #define CYCLOCKSTART_32KHZ_ERROR 2u
 102:Generated_Source\PSoC4/cyfitter_cfg.c **** #define CYCLOCKSTART_PLL_ERROR   3u
 103:Generated_Source\PSoC4/cyfitter_cfg.c **** #define CYCLOCKSTART_FLL_ERROR   4u
 104:Generated_Source\PSoC4/cyfitter_cfg.c **** #define CYCLOCKSTART_WCO_ERROR   5u
 105:Generated_Source\PSoC4/cyfitter_cfg.c **** 
 106:Generated_Source\PSoC4/cyfitter_cfg.c **** 
 107:Generated_Source\PSoC4/cyfitter_cfg.c **** #ifdef CY_NEED_CYCLOCKSTARTUPERROR
 108:Generated_Source\PSoC4/cyfitter_cfg.c **** /*******************************************************************************
 109:Generated_Source\PSoC4/cyfitter_cfg.c **** * Function Name: CyClockStartupError
 110:Generated_Source\PSoC4/cyfitter_cfg.c **** ********************************************************************************
 111:Generated_Source\PSoC4/cyfitter_cfg.c **** * Summary:
 112:Generated_Source\PSoC4/cyfitter_cfg.c **** *  If an error is encountered during clock configuration (crystal startup error,
 113:Generated_Source\PSoC4/cyfitter_cfg.c **** *  PLL lock error, etc.), the system will end up here.  Unless reimplemented by
 114:Generated_Source\PSoC4/cyfitter_cfg.c **** *  the customer, this function will stop in an infinite loop.
 115:Generated_Source\PSoC4/cyfitter_cfg.c **** *
 116:Generated_Source\PSoC4/cyfitter_cfg.c **** * Parameters:
 117:Generated_Source\PSoC4/cyfitter_cfg.c **** *   void
 118:Generated_Source\PSoC4/cyfitter_cfg.c **** *
 119:Generated_Source\PSoC4/cyfitter_cfg.c **** * Return:
 120:Generated_Source\PSoC4/cyfitter_cfg.c **** *   void
 121:Generated_Source\PSoC4/cyfitter_cfg.c **** *
 122:Generated_Source\PSoC4/cyfitter_cfg.c **** *******************************************************************************/
 123:Generated_Source\PSoC4/cyfitter_cfg.c **** CY_CFG_UNUSED
 124:Generated_Source\PSoC4/cyfitter_cfg.c **** static void CyClockStartupError(uint8 errorCode);
 125:Generated_Source\PSoC4/cyfitter_cfg.c **** CY_CFG_UNUSED
 126:Generated_Source\PSoC4/cyfitter_cfg.c **** static void CyClockStartupError(uint8 errorCode)
 127:Generated_Source\PSoC4/cyfitter_cfg.c **** {
 128:Generated_Source\PSoC4/cyfitter_cfg.c ****     /* To remove the compiler warning if errorCode not used.                */
 129:Generated_Source\PSoC4/cyfitter_cfg.c ****     errorCode = errorCode;
 130:Generated_Source\PSoC4/cyfitter_cfg.c **** 
 131:Generated_Source\PSoC4/cyfitter_cfg.c ****     /* If we have a clock startup error (bad MHz crystal, PLL lock, etc.),  */
 132:Generated_Source\PSoC4/cyfitter_cfg.c ****     /* we will end up here to allow the customer to implement something to  */
 133:Generated_Source\PSoC4/cyfitter_cfg.c ****     /* deal with the clock condition.                                       */
 134:Generated_Source\PSoC4/cyfitter_cfg.c **** 
 135:Generated_Source\PSoC4/cyfitter_cfg.c **** #ifdef CY_CFG_CLOCK_STARTUP_ERROR_CALLBACK
 136:Generated_Source\PSoC4/cyfitter_cfg.c ****     CY_CFG_Clock_Startup_ErrorCallback();
 137:Generated_Source\PSoC4/cyfitter_cfg.c **** #else
 138:Generated_Source\PSoC4/cyfitter_cfg.c ****     /*  If not using CY_CFG_CLOCK_STARTUP_ERROR_CALLBACK, place your clock startup code here. */
 139:Generated_Source\PSoC4/cyfitter_cfg.c ****     /* `#START CyClockStartupError` */
 140:Generated_Source\PSoC4/cyfitter_cfg.c **** 
 141:Generated_Source\PSoC4/cyfitter_cfg.c **** 
 142:Generated_Source\PSoC4/cyfitter_cfg.c **** 
 143:Generated_Source\PSoC4/cyfitter_cfg.c ****     /* `#END` */
 144:Generated_Source\PSoC4/cyfitter_cfg.c **** 
 145:Generated_Source\PSoC4/cyfitter_cfg.c ****     while(1) {}
ARM GAS  C:\Users\NGUYEN~1\AppData\Local\Temp\ccIidhSa.s 			page 4


 146:Generated_Source\PSoC4/cyfitter_cfg.c **** #endif /* CY_CFG_CLOCK_STARTUP_ERROR_CALLBACK */
 147:Generated_Source\PSoC4/cyfitter_cfg.c **** }
 148:Generated_Source\PSoC4/cyfitter_cfg.c **** #endif
 149:Generated_Source\PSoC4/cyfitter_cfg.c **** 
 150:Generated_Source\PSoC4/cyfitter_cfg.c **** 
 151:Generated_Source\PSoC4/cyfitter_cfg.c **** 
 152:Generated_Source\PSoC4/cyfitter_cfg.c **** /*******************************************************************************
 153:Generated_Source\PSoC4/cyfitter_cfg.c **** * Function Name: ClockSetup
 154:Generated_Source\PSoC4/cyfitter_cfg.c **** ********************************************************************************
 155:Generated_Source\PSoC4/cyfitter_cfg.c **** *
 156:Generated_Source\PSoC4/cyfitter_cfg.c **** * Summary:
 157:Generated_Source\PSoC4/cyfitter_cfg.c **** *   Performs the initialization of all of the clocks in the device based on the
 158:Generated_Source\PSoC4/cyfitter_cfg.c **** *   settings in the Clock tab of the DWR.  This includes enabling the requested
 159:Generated_Source\PSoC4/cyfitter_cfg.c **** *   clocks and setting the necessary dividers to produce the desired frequency. 
 160:Generated_Source\PSoC4/cyfitter_cfg.c **** *
 161:Generated_Source\PSoC4/cyfitter_cfg.c **** * Parameters:
 162:Generated_Source\PSoC4/cyfitter_cfg.c **** *   void
 163:Generated_Source\PSoC4/cyfitter_cfg.c **** *
 164:Generated_Source\PSoC4/cyfitter_cfg.c **** * Return:
 165:Generated_Source\PSoC4/cyfitter_cfg.c **** *   void
 166:Generated_Source\PSoC4/cyfitter_cfg.c **** *
 167:Generated_Source\PSoC4/cyfitter_cfg.c **** *******************************************************************************/
 168:Generated_Source\PSoC4/cyfitter_cfg.c **** static void ClockSetup(void);
 169:Generated_Source\PSoC4/cyfitter_cfg.c **** CY_CFG_SECTION
 170:Generated_Source\PSoC4/cyfitter_cfg.c **** static void ClockSetup(void)
 171:Generated_Source\PSoC4/cyfitter_cfg.c **** {
 172:Generated_Source\PSoC4/cyfitter_cfg.c **** 	/* Enable HALF_EN before trimming for the flash accelerator. */
 173:Generated_Source\PSoC4/cyfitter_cfg.c **** 	CY_SET_REG32((void CYXDATA *)(CYREG_CLK_SELECT), (CY_GET_REG32((void *)CYREG_CLK_SELECT) | 0x00040
 174:Generated_Source\PSoC4/cyfitter_cfg.c **** 
 175:Generated_Source\PSoC4/cyfitter_cfg.c **** 	/* Setup and trim IMO based on desired frequency. */
 176:Generated_Source\PSoC4/cyfitter_cfg.c **** 	CySysClkWriteImoFreq(24u);
 177:Generated_Source\PSoC4/cyfitter_cfg.c **** 
 178:Generated_Source\PSoC4/cyfitter_cfg.c **** 	/* Disable HALF_EN since it is not required at this IMO frequency. */
 179:Generated_Source\PSoC4/cyfitter_cfg.c **** 	CY_SET_REG32((void CYXDATA *)(CYREG_CLK_SELECT), (CY_GET_REG32((void *)CYREG_CLK_SELECT) & 0xFFFBF
 180:Generated_Source\PSoC4/cyfitter_cfg.c **** 	/* CYDEV_CLK_ILO_CONFIG Starting address: CYDEV_CLK_ILO_CONFIG */
 181:Generated_Source\PSoC4/cyfitter_cfg.c **** 	CY_SET_REG32((void *)(CYREG_CLK_ILO_CONFIG), 0x80000006u);
 182:Generated_Source\PSoC4/cyfitter_cfg.c **** 
 183:Generated_Source\PSoC4/cyfitter_cfg.c **** 
 184:Generated_Source\PSoC4/cyfitter_cfg.c **** 	/* CYDEV_CLK_SELECT00 Starting address: CYDEV_CLK_SELECT00 */
 185:Generated_Source\PSoC4/cyfitter_cfg.c **** 	CY_SET_REG32((void *)(CYREG_CLK_SELECT03), 0x00000020u);
 186:Generated_Source\PSoC4/cyfitter_cfg.c **** 	CY_SET_REG32((void *)(CYREG_CLK_SELECT07), 0x00000010u);
 187:Generated_Source\PSoC4/cyfitter_cfg.c **** 
 188:Generated_Source\PSoC4/cyfitter_cfg.c **** 	/* CYDEV_CLK_IMO_CONFIG Starting address: CYDEV_CLK_IMO_CONFIG */
 189:Generated_Source\PSoC4/cyfitter_cfg.c **** 	CY_SET_REG32((void *)(CYREG_CLK_IMO_CONFIG), 0x82000000u);
 190:Generated_Source\PSoC4/cyfitter_cfg.c **** 
 191:Generated_Source\PSoC4/cyfitter_cfg.c **** 	/* CYDEV_CLK_SELECT Starting address: CYDEV_CLK_SELECT */
 192:Generated_Source\PSoC4/cyfitter_cfg.c **** 	CY_SET_REG32((void *)(CYREG_CLK_SELECT), 0x00000000u);
 193:Generated_Source\PSoC4/cyfitter_cfg.c **** 
 194:Generated_Source\PSoC4/cyfitter_cfg.c **** 	/* CYDEV_CLK_DIVIDER_A00 Starting address: CYDEV_CLK_DIVIDER_A00 */
 195:Generated_Source\PSoC4/cyfitter_cfg.c **** 	CY_SET_REG32((void *)(CYREG_CLK_DIVIDER_A00), 0x8000000Bu);
 196:Generated_Source\PSoC4/cyfitter_cfg.c **** 
 197:Generated_Source\PSoC4/cyfitter_cfg.c **** 	/* CYDEV_CLK_DIVIDER_B00 Starting address: CYDEV_CLK_DIVIDER_B00 */
 198:Generated_Source\PSoC4/cyfitter_cfg.c **** 	CY_SET_REG32((void *)(CYREG_CLK_DIVIDER_B00), 0x80000010u);
 199:Generated_Source\PSoC4/cyfitter_cfg.c **** 
 200:Generated_Source\PSoC4/cyfitter_cfg.c **** 	(void)CyIntSetVector(9u, &CySysWdtIsr);
 201:Generated_Source\PSoC4/cyfitter_cfg.c **** 	CyIntEnable(9u);
 202:Generated_Source\PSoC4/cyfitter_cfg.c **** 	CY_SET_REG32((void *)(CYREG_WDT_CONFIG), 0x00000000u);
ARM GAS  C:\Users\NGUYEN~1\AppData\Local\Temp\ccIidhSa.s 			page 5


 203:Generated_Source\PSoC4/cyfitter_cfg.c **** }
 204:Generated_Source\PSoC4/cyfitter_cfg.c **** 
 205:Generated_Source\PSoC4/cyfitter_cfg.c **** 
 206:Generated_Source\PSoC4/cyfitter_cfg.c **** /* Analog API Functions */
 207:Generated_Source\PSoC4/cyfitter_cfg.c **** 
 208:Generated_Source\PSoC4/cyfitter_cfg.c **** 
 209:Generated_Source\PSoC4/cyfitter_cfg.c **** /*******************************************************************************
 210:Generated_Source\PSoC4/cyfitter_cfg.c **** * Function Name: AnalogSetDefault
 211:Generated_Source\PSoC4/cyfitter_cfg.c **** ********************************************************************************
 212:Generated_Source\PSoC4/cyfitter_cfg.c **** *
 213:Generated_Source\PSoC4/cyfitter_cfg.c **** * Summary:
 214:Generated_Source\PSoC4/cyfitter_cfg.c **** *  Sets up the analog portions of the chip to default values based on chip
 215:Generated_Source\PSoC4/cyfitter_cfg.c **** *  configuration options from the project.
 216:Generated_Source\PSoC4/cyfitter_cfg.c **** *
 217:Generated_Source\PSoC4/cyfitter_cfg.c **** * Parameters:
 218:Generated_Source\PSoC4/cyfitter_cfg.c **** *  void
 219:Generated_Source\PSoC4/cyfitter_cfg.c **** *
 220:Generated_Source\PSoC4/cyfitter_cfg.c **** * Return:
 221:Generated_Source\PSoC4/cyfitter_cfg.c **** *  void
 222:Generated_Source\PSoC4/cyfitter_cfg.c **** *
 223:Generated_Source\PSoC4/cyfitter_cfg.c **** *******************************************************************************/
 224:Generated_Source\PSoC4/cyfitter_cfg.c **** static void AnalogSetDefault(void);
 225:Generated_Source\PSoC4/cyfitter_cfg.c **** static void AnalogSetDefault(void)
 226:Generated_Source\PSoC4/cyfitter_cfg.c **** {
  27              		.loc 1 226 0
  28              		.cfi_startproc
  29              		@ args = 0, pretend = 0, frame = 0
  30              		@ frame_needed = 0, uses_anonymous_args = 0
  31              		@ link register save eliminated.
 227:Generated_Source\PSoC4/cyfitter_cfg.c **** 	CY_SET_XTND_REG32((void CYFAR *)CYREG_SAR_MUX_SWITCH0, 0x00000080u);
  32              		.loc 1 227 0
  33 0000 8022     		movs	r2, #128
  34 0002 014B     		ldr	r3, .L2
  35 0004 1A60     		str	r2, [r3]
 228:Generated_Source\PSoC4/cyfitter_cfg.c **** 	/* Variable VDDA is selected; no pumps are enabled by default */
 229:Generated_Source\PSoC4/cyfitter_cfg.c **** }
  36              		.loc 1 229 0
  37              		@ sp needed
  38 0006 7047     		bx	lr
  39              	.L3:
  40              		.align	2
  41              	.L2:
  42 0008 00031A40 		.word	1075446528
  43              		.cfi_endproc
  44              	.LFE4:
  45              		.size	AnalogSetDefault, .-AnalogSetDefault
  46              		.section	.text.CYMEMZERO,"ax",%progbits
  47              		.align	2
  48              		.code	16
  49              		.thumb_func
  50              		.type	CYMEMZERO, %function
  51              	CYMEMZERO:
  52              	.LFB0:
  77:Generated_Source\PSoC4/cyfitter_cfg.c **** 	(void)memset(s, 0, n);
  53              		.loc 1 77 0
  54              		.cfi_startproc
  55              		@ args = 0, pretend = 0, frame = 0
ARM GAS  C:\Users\NGUYEN~1\AppData\Local\Temp\ccIidhSa.s 			page 6


  56              		@ frame_needed = 0, uses_anonymous_args = 0
  57              	.LVL0:
  58 0000 10B5     		push	{r4, lr}
  59              		.cfi_def_cfa_offset 8
  60              		.cfi_offset 4, -8
  61              		.cfi_offset 14, -4
  62 0002 0A00     		movs	r2, r1
  78:Generated_Source\PSoC4/cyfitter_cfg.c **** }
  63              		.loc 1 78 0
  64 0004 0021     		movs	r1, #0
  65              	.LVL1:
  66 0006 FFF7FEFF 		bl	memset
  67              	.LVL2:
  79:Generated_Source\PSoC4/cyfitter_cfg.c **** CY_CFG_UNUSED
  68              		.loc 1 79 0
  69              		@ sp needed
  70 000a 10BD     		pop	{r4, pc}
  71              		.cfi_endproc
  72              	.LFE0:
  73              		.size	CYMEMZERO, .-CYMEMZERO
  74              		.section	.psocinit,"ax",%progbits
  75              		.align	2
  76              		.code	16
  77              		.thumb_func
  78              		.type	ClockSetup, %function
  79              	ClockSetup:
  80              	.LFB3:
 171:Generated_Source\PSoC4/cyfitter_cfg.c **** 	/* Enable HALF_EN before trimming for the flash accelerator. */
  81              		.loc 1 171 0
  82              		.cfi_startproc
  83              		@ args = 0, pretend = 0, frame = 0
  84              		@ frame_needed = 0, uses_anonymous_args = 0
  85 0000 70B5     		push	{r4, r5, r6, lr}
  86              		.cfi_def_cfa_offset 16
  87              		.cfi_offset 4, -16
  88              		.cfi_offset 5, -12
  89              		.cfi_offset 6, -8
  90              		.cfi_offset 14, -4
 173:Generated_Source\PSoC4/cyfitter_cfg.c **** 
  91              		.loc 1 173 0
  92 0002 164C     		ldr	r4, .L6
  93 0004 2368     		ldr	r3, [r4]
  94 0006 8022     		movs	r2, #128
  95 0008 D202     		lsls	r2, r2, #11
  96 000a 1343     		orrs	r3, r2
  97 000c 2360     		str	r3, [r4]
 176:Generated_Source\PSoC4/cyfitter_cfg.c **** 
  98              		.loc 1 176 0
  99 000e 1820     		movs	r0, #24
 100 0010 FFF7FEFF 		bl	CySysClkWriteImoFreq
 101              	.LVL3:
 179:Generated_Source\PSoC4/cyfitter_cfg.c **** 	/* CYDEV_CLK_ILO_CONFIG Starting address: CYDEV_CLK_ILO_CONFIG */
 102              		.loc 1 179 0
 103 0014 2268     		ldr	r2, [r4]
 104 0016 124B     		ldr	r3, .L6+4
 105 0018 1340     		ands	r3, r2
 106 001a 2360     		str	r3, [r4]
ARM GAS  C:\Users\NGUYEN~1\AppData\Local\Temp\ccIidhSa.s 			page 7


 181:Generated_Source\PSoC4/cyfitter_cfg.c **** 
 107              		.loc 1 181 0
 108 001c 114A     		ldr	r2, .L6+8
 109 001e 124B     		ldr	r3, .L6+12
 110 0020 1A60     		str	r2, [r3]
 185:Generated_Source\PSoC4/cyfitter_cfg.c **** 	CY_SET_REG32((void *)(CYREG_CLK_SELECT07), 0x00000010u);
 111              		.loc 1 185 0
 112 0022 2022     		movs	r2, #32
 113 0024 114B     		ldr	r3, .L6+16
 114 0026 1A60     		str	r2, [r3]
 186:Generated_Source\PSoC4/cyfitter_cfg.c **** 
 115              		.loc 1 186 0
 116 0028 103A     		subs	r2, r2, #16
 117 002a 114B     		ldr	r3, .L6+20
 118 002c 1A60     		str	r2, [r3]
 189:Generated_Source\PSoC4/cyfitter_cfg.c **** 
 119              		.loc 1 189 0
 120 002e 8222     		movs	r2, #130
 121 0030 1206     		lsls	r2, r2, #24
 122 0032 104B     		ldr	r3, .L6+24
 123 0034 1A60     		str	r2, [r3]
 192:Generated_Source\PSoC4/cyfitter_cfg.c **** 
 124              		.loc 1 192 0
 125 0036 0025     		movs	r5, #0
 126 0038 2560     		str	r5, [r4]
 195:Generated_Source\PSoC4/cyfitter_cfg.c **** 
 127              		.loc 1 195 0
 128 003a 0F4A     		ldr	r2, .L6+28
 129 003c 0F4B     		ldr	r3, .L6+32
 130 003e 1A60     		str	r2, [r3]
 198:Generated_Source\PSoC4/cyfitter_cfg.c **** 
 131              		.loc 1 198 0
 132 0040 0F4A     		ldr	r2, .L6+36
 133 0042 104B     		ldr	r3, .L6+40
 134 0044 1A60     		str	r2, [r3]
 200:Generated_Source\PSoC4/cyfitter_cfg.c **** 	CyIntEnable(9u);
 135              		.loc 1 200 0
 136 0046 1049     		ldr	r1, .L6+44
 137 0048 0920     		movs	r0, #9
 138 004a FFF7FEFF 		bl	CyIntSetVector
 139              	.LVL4:
 201:Generated_Source\PSoC4/cyfitter_cfg.c **** 	CY_SET_REG32((void *)(CYREG_WDT_CONFIG), 0x00000000u);
 140              		.loc 1 201 0
 141 004e 0920     		movs	r0, #9
 142 0050 FFF7FEFF 		bl	CyIntEnable
 143              	.LVL5:
 202:Generated_Source\PSoC4/cyfitter_cfg.c **** }
 144              		.loc 1 202 0
 145 0054 0D4B     		ldr	r3, .L6+48
 146 0056 1D60     		str	r5, [r3]
 203:Generated_Source\PSoC4/cyfitter_cfg.c **** 
 147              		.loc 1 203 0
 148              		@ sp needed
 149 0058 70BD     		pop	{r4, r5, r6, pc}
 150              	.L7:
 151 005a C046     		.align	2
 152              	.L6:
ARM GAS  C:\Users\NGUYEN~1\AppData\Local\Temp\ccIidhSa.s 			page 8


 153 005c 00010B40 		.word	1074462976
 154 0060 FFFFFBFF 		.word	-262145
 155 0064 06000080 		.word	-2147483642
 156 0068 04010B40 		.word	1074462980
 157 006c 0C020240 		.word	1073873420
 158 0070 1C020240 		.word	1073873436
 159 0074 08010B40 		.word	1074462984
 160 0078 0B000080 		.word	-2147483637
 161 007c 00000240 		.word	1073872896
 162 0080 10000080 		.word	-2147483632
 163 0084 40000240 		.word	1073872960
 164 0088 00000000 		.word	CySysWdtIsr
 165 008c 0C020B40 		.word	1074463244
 166              		.cfi_endproc
 167              	.LFE3:
 168              		.size	ClockSetup, .-ClockSetup
 169              		.section	.text.SetAnalogRoutingPumps,"ax",%progbits
 170              		.align	2
 171              		.global	SetAnalogRoutingPumps
 172              		.code	16
 173              		.thumb_func
 174              		.type	SetAnalogRoutingPumps, %function
 175              	SetAnalogRoutingPumps:
 176              	.LFB5:
 230:Generated_Source\PSoC4/cyfitter_cfg.c **** 
 231:Generated_Source\PSoC4/cyfitter_cfg.c **** 
 232:Generated_Source\PSoC4/cyfitter_cfg.c **** /*******************************************************************************
 233:Generated_Source\PSoC4/cyfitter_cfg.c **** * Function Name: SetAnalogRoutingPumps
 234:Generated_Source\PSoC4/cyfitter_cfg.c **** ********************************************************************************
 235:Generated_Source\PSoC4/cyfitter_cfg.c **** *
 236:Generated_Source\PSoC4/cyfitter_cfg.c **** * Summary:
 237:Generated_Source\PSoC4/cyfitter_cfg.c **** * Enables or disables the analog pumps feeding analog routing switches.
 238:Generated_Source\PSoC4/cyfitter_cfg.c **** * Intended to be called at startup, based on the Vdda system configuration;
 239:Generated_Source\PSoC4/cyfitter_cfg.c **** * may be called during operation when the user informs us that the Vdda voltage crossed the pump th
 240:Generated_Source\PSoC4/cyfitter_cfg.c **** *
 241:Generated_Source\PSoC4/cyfitter_cfg.c **** * Parameters:
 242:Generated_Source\PSoC4/cyfitter_cfg.c **** *  enabled - 1 to enable the pumps, 0 to disable the pumps
 243:Generated_Source\PSoC4/cyfitter_cfg.c **** *
 244:Generated_Source\PSoC4/cyfitter_cfg.c **** * Return:
 245:Generated_Source\PSoC4/cyfitter_cfg.c **** *  void
 246:Generated_Source\PSoC4/cyfitter_cfg.c **** *
 247:Generated_Source\PSoC4/cyfitter_cfg.c **** *******************************************************************************/
 248:Generated_Source\PSoC4/cyfitter_cfg.c **** void SetAnalogRoutingPumps(uint8 enabled)
 249:Generated_Source\PSoC4/cyfitter_cfg.c **** {
 177              		.loc 1 249 0
 178              		.cfi_startproc
 179              		@ args = 0, pretend = 0, frame = 0
 180              		@ frame_needed = 0, uses_anonymous_args = 0
 181              		@ link register save eliminated.
 182              	.LVL6:
 250:Generated_Source\PSoC4/cyfitter_cfg.c **** 	uint32 regValue = CY_GET_XTND_REG32((void *)(CYREG_SAR_PUMP_CTRL));
 183              		.loc 1 250 0
 184 0000 064B     		ldr	r3, .L11
 185 0002 1B68     		ldr	r3, [r3]
 186              	.LVL7:
 251:Generated_Source\PSoC4/cyfitter_cfg.c **** 	if (enabled != 0u)
 187              		.loc 1 251 0
ARM GAS  C:\Users\NGUYEN~1\AppData\Local\Temp\ccIidhSa.s 			page 9


 188 0004 0028     		cmp	r0, #0
 189 0006 03D0     		beq	.L9
 252:Generated_Source\PSoC4/cyfitter_cfg.c **** 	{
 253:Generated_Source\PSoC4/cyfitter_cfg.c **** 		regValue |= 0x80000000u;
 190              		.loc 1 253 0
 191 0008 8022     		movs	r2, #128
 192 000a 1206     		lsls	r2, r2, #24
 193 000c 1343     		orrs	r3, r2
 194              	.LVL8:
 195 000e 01E0     		b	.L10
 196              	.L9:
 254:Generated_Source\PSoC4/cyfitter_cfg.c **** 	}
 255:Generated_Source\PSoC4/cyfitter_cfg.c **** 	else
 256:Generated_Source\PSoC4/cyfitter_cfg.c **** 	{
 257:Generated_Source\PSoC4/cyfitter_cfg.c **** 		regValue &= ~0x80000000u;
 197              		.loc 1 257 0
 198 0010 5B00     		lsls	r3, r3, #1
 199              	.LVL9:
 200 0012 5B08     		lsrs	r3, r3, #1
 201              	.LVL10:
 202              	.L10:
 258:Generated_Source\PSoC4/cyfitter_cfg.c **** 	}
 259:Generated_Source\PSoC4/cyfitter_cfg.c **** 	CY_SET_XTND_REG32((void *)(CYREG_SAR_PUMP_CTRL), regValue);
 203              		.loc 1 259 0
 204 0014 014A     		ldr	r2, .L11
 205 0016 1360     		str	r3, [r2]
 260:Generated_Source\PSoC4/cyfitter_cfg.c **** }
 206              		.loc 1 260 0
 207              		@ sp needed
 208 0018 7047     		bx	lr
 209              	.L12:
 210 001a C046     		.align	2
 211              	.L11:
 212 001c 80031A40 		.word	1075446656
 213              		.cfi_endproc
 214              	.LFE5:
 215              		.size	SetAnalogRoutingPumps, .-SetAnalogRoutingPumps
 216              		.section	.psocinit
 217              		.align	2
 218              		.global	cyfitter_cfg
 219              		.code	16
 220              		.thumb_func
 221              		.type	cyfitter_cfg, %function
 222              	cyfitter_cfg:
 223              	.LFB6:
 261:Generated_Source\PSoC4/cyfitter_cfg.c **** 
 262:Generated_Source\PSoC4/cyfitter_cfg.c **** 
 263:Generated_Source\PSoC4/cyfitter_cfg.c **** 
 264:Generated_Source\PSoC4/cyfitter_cfg.c **** 
 265:Generated_Source\PSoC4/cyfitter_cfg.c **** /*******************************************************************************
 266:Generated_Source\PSoC4/cyfitter_cfg.c **** * Function Name: cyfitter_cfg
 267:Generated_Source\PSoC4/cyfitter_cfg.c **** ********************************************************************************
 268:Generated_Source\PSoC4/cyfitter_cfg.c **** * Summary:
 269:Generated_Source\PSoC4/cyfitter_cfg.c **** *  This function is called by the start-up code for the selected device. It
 270:Generated_Source\PSoC4/cyfitter_cfg.c **** *  performs all of the necessary device configuration based on the design
 271:Generated_Source\PSoC4/cyfitter_cfg.c **** *  settings.  This includes settings from the Design Wide Resources (DWR) such
 272:Generated_Source\PSoC4/cyfitter_cfg.c **** *  as Clocks and Pins as well as any component configuration that is necessary.
ARM GAS  C:\Users\NGUYEN~1\AppData\Local\Temp\ccIidhSa.s 			page 10


 273:Generated_Source\PSoC4/cyfitter_cfg.c **** *
 274:Generated_Source\PSoC4/cyfitter_cfg.c **** * Parameters:
 275:Generated_Source\PSoC4/cyfitter_cfg.c **** *   void
 276:Generated_Source\PSoC4/cyfitter_cfg.c **** *
 277:Generated_Source\PSoC4/cyfitter_cfg.c **** * Return:
 278:Generated_Source\PSoC4/cyfitter_cfg.c **** *   void
 279:Generated_Source\PSoC4/cyfitter_cfg.c **** *
 280:Generated_Source\PSoC4/cyfitter_cfg.c **** *******************************************************************************/
 281:Generated_Source\PSoC4/cyfitter_cfg.c **** CY_CFG_SECTION
 282:Generated_Source\PSoC4/cyfitter_cfg.c **** void cyfitter_cfg(void)
 283:Generated_Source\PSoC4/cyfitter_cfg.c **** {
 224              		.loc 1 283 0
 225              		.cfi_startproc
 226              		@ args = 0, pretend = 0, frame = 0
 227              		@ frame_needed = 0, uses_anonymous_args = 0
 228 0090 10B5     		push	{r4, lr}
 229              		.cfi_def_cfa_offset 8
 230              		.cfi_offset 4, -8
 231              		.cfi_offset 14, -4
 284:Generated_Source\PSoC4/cyfitter_cfg.c **** 	/* Disable interrupts by default. Let user enable if/when they want. */
 285:Generated_Source\PSoC4/cyfitter_cfg.c **** 	CyGlobalIntDisable;
 232              		.loc 1 285 0
 233              		.syntax divided
 234              	@ 285 "Generated_Source\PSoC4\cyfitter_cfg.c" 1
 235 0092 72B6     		CPSID   i
 236              	@ 0 "" 2
 237              	.LVL11:
 238              		.thumb
 239              		.syntax unified
 240              	.LBB2:
 286:Generated_Source\PSoC4/cyfitter_cfg.c **** 
 287:Generated_Source\PSoC4/cyfitter_cfg.c **** 	{
 288:Generated_Source\PSoC4/cyfitter_cfg.c **** 
 289:Generated_Source\PSoC4/cyfitter_cfg.c **** 		CYPACKED typedef struct {
 290:Generated_Source\PSoC4/cyfitter_cfg.c **** 			void CYFAR *address;
 291:Generated_Source\PSoC4/cyfitter_cfg.c **** 			uint16 size;
 292:Generated_Source\PSoC4/cyfitter_cfg.c **** 		} CYPACKED_ATTR cfg_memset_t;
 293:Generated_Source\PSoC4/cyfitter_cfg.c **** 
 294:Generated_Source\PSoC4/cyfitter_cfg.c **** 		static const cfg_memset_t CYCODE cfg_memset_list[] = {
 295:Generated_Source\PSoC4/cyfitter_cfg.c **** 			/* address, size */
 296:Generated_Source\PSoC4/cyfitter_cfg.c **** 			{(void CYFAR *)(CYDEV_UDB_P0_U0_BASE), 1024u},
 297:Generated_Source\PSoC4/cyfitter_cfg.c **** 			{(void CYFAR *)(CYDEV_UDB_DSI0_BASE), 1024u},
 298:Generated_Source\PSoC4/cyfitter_cfg.c **** 		};
 299:Generated_Source\PSoC4/cyfitter_cfg.c **** 
 300:Generated_Source\PSoC4/cyfitter_cfg.c **** 		uint8 CYDATA i;
 301:Generated_Source\PSoC4/cyfitter_cfg.c **** 
 302:Generated_Source\PSoC4/cyfitter_cfg.c **** 		/* Zero out critical memory blocks before beginning configuration */
 303:Generated_Source\PSoC4/cyfitter_cfg.c **** 		for (i = 0u; i < (sizeof(cfg_memset_list)/sizeof(cfg_memset_list[0])); i++)
 241              		.loc 1 303 0
 242 0094 0024     		movs	r4, #0
 243 0096 0FE0     		b	.L14
 244              	.LVL12:
 245              	.L15:
 246              	.LBB3:
 304:Generated_Source\PSoC4/cyfitter_cfg.c **** 		{
 305:Generated_Source\PSoC4/cyfitter_cfg.c **** 			const cfg_memset_t CYCODE * CYDATA ms = &cfg_memset_list[i];
 306:Generated_Source\PSoC4/cyfitter_cfg.c **** 			CYMEMZERO(ms->address, (size_t)(uint32)(ms->size));
ARM GAS  C:\Users\NGUYEN~1\AppData\Local\Temp\ccIidhSa.s 			page 11


 247              		.loc 1 306 0 discriminator 3
 248 0098 1E48     		ldr	r0, .L16
 249 009a 6200     		lsls	r2, r4, #1
 250 009c 1319     		adds	r3, r2, r4
 251 009e 5900     		lsls	r1, r3, #1
 252 00a0 0B00     		movs	r3, r1
 253 00a2 4118     		adds	r1, r0, r1
 254 00a4 8988     		ldrh	r1, [r1, #4]
 255 00a6 1A5A     		ldrh	r2, [r3, r0]
 256 00a8 C318     		adds	r3, r0, r3
 257 00aa 5888     		ldrh	r0, [r3, #2]
 258 00ac 0004     		lsls	r0, r0, #16
 259 00ae 1043     		orrs	r0, r2
 260 00b0 FFF7FEFF 		bl	CYMEMZERO
 261              	.LVL13:
 262              	.LBE3:
 303:Generated_Source\PSoC4/cyfitter_cfg.c **** 		{
 263              		.loc 1 303 0 discriminator 3
 264 00b4 0134     		adds	r4, r4, #1
 265              	.LVL14:
 266 00b6 E4B2     		uxtb	r4, r4
 267              	.LVL15:
 268              	.L14:
 303:Generated_Source\PSoC4/cyfitter_cfg.c **** 		{
 269              		.loc 1 303 0 is_stmt 0 discriminator 1
 270 00b8 012C     		cmp	r4, #1
 271 00ba EDD9     		bls	.L15
 307:Generated_Source\PSoC4/cyfitter_cfg.c **** 		}
 308:Generated_Source\PSoC4/cyfitter_cfg.c **** 
 309:Generated_Source\PSoC4/cyfitter_cfg.c **** 		/* HSIOM Starting address: CYDEV_HSIOM_BASE */
 310:Generated_Source\PSoC4/cyfitter_cfg.c **** 		CY_SET_REG32((void *)(CYDEV_HSIOM_BASE), 0x00990000u);
 272              		.loc 1 310 0 is_stmt 1
 273 00bc 9923     		movs	r3, #153
 274 00be 1B04     		lsls	r3, r3, #16
 275 00c0 154A     		ldr	r2, .L16+4
 276 00c2 1360     		str	r3, [r2]
 311:Generated_Source\PSoC4/cyfitter_cfg.c **** 		CY_SET_REG32((void *)(CYREG_HSIOM_PORT_SEL3), 0x0000EE00u);
 277              		.loc 1 311 0
 278 00c4 EE21     		movs	r1, #238
 279 00c6 0902     		lsls	r1, r1, #8
 280 00c8 144A     		ldr	r2, .L16+8
 281 00ca 1160     		str	r1, [r2]
 312:Generated_Source\PSoC4/cyfitter_cfg.c **** 
 313:Generated_Source\PSoC4/cyfitter_cfg.c **** 		/* UDB_PA_0 Starting address: CYDEV_UDB_PA0_BASE */
 314:Generated_Source\PSoC4/cyfitter_cfg.c **** 		CY_SET_REG32((void *)(CYDEV_UDB_PA0_BASE), 0x00990000u);
 282              		.loc 1 314 0
 283 00cc 144A     		ldr	r2, .L16+12
 284 00ce 1360     		str	r3, [r2]
 315:Generated_Source\PSoC4/cyfitter_cfg.c **** 
 316:Generated_Source\PSoC4/cyfitter_cfg.c **** 		/* UDB_PA_2 Starting address: CYDEV_UDB_PA2_BASE */
 317:Generated_Source\PSoC4/cyfitter_cfg.c **** 		CY_SET_REG32((void *)(CYDEV_UDB_PA2_BASE), 0x00990000u);
 285              		.loc 1 317 0
 286 00d0 144A     		ldr	r2, .L16+16
 287 00d2 1360     		str	r3, [r2]
 318:Generated_Source\PSoC4/cyfitter_cfg.c **** 
 319:Generated_Source\PSoC4/cyfitter_cfg.c **** 		/* UDB_PA_3 Starting address: CYDEV_UDB_PA3_BASE */
 320:Generated_Source\PSoC4/cyfitter_cfg.c **** 		CY_SET_REG32((void *)(CYDEV_UDB_PA3_BASE), 0x00990000u);
ARM GAS  C:\Users\NGUYEN~1\AppData\Local\Temp\ccIidhSa.s 			page 12


 288              		.loc 1 320 0
 289 00d4 144A     		ldr	r2, .L16+20
 290 00d6 1360     		str	r3, [r2]
 321:Generated_Source\PSoC4/cyfitter_cfg.c **** 
 322:Generated_Source\PSoC4/cyfitter_cfg.c **** 		/* Enable digital routing */
 323:Generated_Source\PSoC4/cyfitter_cfg.c **** 		CY_SET_XTND_REG8((void *)CYREG_UDB_UDBIF_BANK_CTL, (uint8)(CY_GET_XTND_REG8((void *)CYREG_UDB_UDB
 291              		.loc 1 323 0
 292 00d8 144A     		ldr	r2, .L16+24
 293 00da 1178     		ldrb	r1, [r2]
 294 00dc 0623     		movs	r3, #6
 295 00de 0B43     		orrs	r3, r1
 296 00e0 DBB2     		uxtb	r3, r3
 297 00e2 1370     		strb	r3, [r2]
 298              	.LBE2:
 324:Generated_Source\PSoC4/cyfitter_cfg.c **** 	}
 325:Generated_Source\PSoC4/cyfitter_cfg.c **** 
 326:Generated_Source\PSoC4/cyfitter_cfg.c **** 	/* Perform second pass device configuration. These items must be configured in specific order afte
 327:Generated_Source\PSoC4/cyfitter_cfg.c **** 	/* IOPINS0_0 Starting address: CYDEV_PRT0_BASE */
 328:Generated_Source\PSoC4/cyfitter_cfg.c **** 	CY_SET_REG32((void *)(CYDEV_PRT0_BASE), 0x00000020u);
 299              		.loc 1 328 0
 300 00e4 2023     		movs	r3, #32
 301 00e6 124A     		ldr	r2, .L16+28
 302 00e8 1360     		str	r3, [r2]
 329:Generated_Source\PSoC4/cyfitter_cfg.c **** 	CY_SET_REG32((void *)(CYREG_PRT0_PC), 0x00031000u);
 303              		.loc 1 329 0
 304 00ea C421     		movs	r1, #196
 305 00ec 8902     		lsls	r1, r1, #10
 306 00ee 114A     		ldr	r2, .L16+32
 307 00f0 1160     		str	r1, [r2]
 330:Generated_Source\PSoC4/cyfitter_cfg.c **** 	CY_SET_REG32((void *)(CYREG_PRT0_PC2), 0x00000020u);
 308              		.loc 1 330 0
 309 00f2 114A     		ldr	r2, .L16+36
 310 00f4 1360     		str	r3, [r2]
 331:Generated_Source\PSoC4/cyfitter_cfg.c **** 
 332:Generated_Source\PSoC4/cyfitter_cfg.c **** 	/* IOPINS0_2 Starting address: CYDEV_PRT2_BASE */
 333:Generated_Source\PSoC4/cyfitter_cfg.c **** 	CY_SET_REG32((void *)(CYDEV_PRT2_BASE), 0x00000080u);
 311              		.loc 1 333 0
 312 00f6 6033     		adds	r3, r3, #96
 313 00f8 104A     		ldr	r2, .L16+40
 314 00fa 1360     		str	r3, [r2]
 334:Generated_Source\PSoC4/cyfitter_cfg.c **** 	CY_SET_REG32((void *)(CYREG_PRT2_PC2), 0x00000080u);
 315              		.loc 1 334 0
 316 00fc 104A     		ldr	r2, .L16+44
 317 00fe 1360     		str	r3, [r2]
 335:Generated_Source\PSoC4/cyfitter_cfg.c **** 
 336:Generated_Source\PSoC4/cyfitter_cfg.c **** 	/* IOPINS0_3 Starting address: CYDEV_PRT3_BASE */
 337:Generated_Source\PSoC4/cyfitter_cfg.c **** 	CY_SET_REG32((void *)(CYREG_PRT3_PC), 0x00000D80u);
 318              		.loc 1 337 0
 319 0100 D822     		movs	r2, #216
 320 0102 1201     		lsls	r2, r2, #4
 321 0104 0F4B     		ldr	r3, .L16+48
 322 0106 1A60     		str	r2, [r3]
 338:Generated_Source\PSoC4/cyfitter_cfg.c **** 
 339:Generated_Source\PSoC4/cyfitter_cfg.c **** 
 340:Generated_Source\PSoC4/cyfitter_cfg.c **** 	/* Setup clocks based on selections from Clock DWR */
 341:Generated_Source\PSoC4/cyfitter_cfg.c **** 	ClockSetup();
 323              		.loc 1 341 0
ARM GAS  C:\Users\NGUYEN~1\AppData\Local\Temp\ccIidhSa.s 			page 13


 324 0108 FFF77AFF 		bl	ClockSetup
 325              	.LVL16:
 342:Generated_Source\PSoC4/cyfitter_cfg.c **** 
 343:Generated_Source\PSoC4/cyfitter_cfg.c **** 	/* Perform basic analog initialization to defaults */
 344:Generated_Source\PSoC4/cyfitter_cfg.c **** 	AnalogSetDefault();
 326              		.loc 1 344 0
 327 010c FFF7FEFF 		bl	AnalogSetDefault
 328              	.LVL17:
 345:Generated_Source\PSoC4/cyfitter_cfg.c **** 
 346:Generated_Source\PSoC4/cyfitter_cfg.c **** }
 329              		.loc 1 346 0
 330              		@ sp needed
 331              	.LVL18:
 332 0110 10BD     		pop	{r4, pc}
 333              	.L17:
 334 0112 C046     		.align	2
 335              	.L16:
 336 0114 00000000 		.word	.LANCHOR0
 337 0118 00000140 		.word	1073807360
 338 011c 0C000140 		.word	1073807372
 339 0120 00500F40 		.word	1074745344
 340 0124 20500F40 		.word	1074745376
 341 0128 30500F40 		.word	1074745392
 342 012c 00700F40 		.word	1074753536
 343 0130 00000440 		.word	1074003968
 344 0134 08000440 		.word	1074003976
 345 0138 18000440 		.word	1074003992
 346 013c 00020440 		.word	1074004480
 347 0140 18020440 		.word	1074004504
 348 0144 08030440 		.word	1074004744
 349              		.cfi_endproc
 350              	.LFE6:
 351              		.size	cyfitter_cfg, .-cyfitter_cfg
 352              		.section	.rodata
 353              		.align	2
 354              		.set	.LANCHOR0,. + 0
 355              		.type	cfg_memset_list.4853, %object
 356              		.size	cfg_memset_list.4853, 12
 357              	cfg_memset_list.4853:
 358 0000 00300F40 		.word	1074737152
 359 0004 0004     		.short	1024
 360 0006 00400F40 		.4byte	1074741248
 361 000a 0004     		.short	1024
 362              		.text
 363              	.Letext0:
 364              		.file 2 "c:\\program files (x86)\\cypress\\psoc creator\\4.4\\psoc creator\\import\\gnu\\arm\\5.4.
 365              		.file 3 "Generated_Source\\PSoC4\\cytypes.h"
 366              		.file 4 "Generated_Source\\PSoC4\\CyLib.h"
 367              		.section	.debug_info,"",%progbits
 368              	.Ldebug_info0:
 369 0000 C6020000 		.4byte	0x2c6
 370 0004 0400     		.2byte	0x4
 371 0006 00000000 		.4byte	.Ldebug_abbrev0
 372 000a 04       		.byte	0x4
 373 000b 01       		.uleb128 0x1
 374 000c 27010000 		.4byte	.LASF33
 375 0010 0C       		.byte	0xc
ARM GAS  C:\Users\NGUYEN~1\AppData\Local\Temp\ccIidhSa.s 			page 14


 376 0011 38020000 		.4byte	.LASF34
 377 0015 F0010000 		.4byte	.LASF35
 378 0019 00000000 		.4byte	.Ldebug_ranges0+0
 379 001d 00000000 		.4byte	0
 380 0021 00000000 		.4byte	.Ldebug_line0
 381 0025 02       		.uleb128 0x2
 382 0026 04       		.byte	0x4
 383 0027 05       		.byte	0x5
 384 0028 696E7400 		.ascii	"int\000"
 385 002c 03       		.uleb128 0x3
 386 002d 06000000 		.4byte	.LASF12
 387 0031 02       		.byte	0x2
 388 0032 D8       		.byte	0xd8
 389 0033 37000000 		.4byte	0x37
 390 0037 04       		.uleb128 0x4
 391 0038 04       		.byte	0x4
 392 0039 07       		.byte	0x7
 393 003a EE000000 		.4byte	.LASF0
 394 003e 04       		.uleb128 0x4
 395 003f 08       		.byte	0x8
 396 0040 05       		.byte	0x5
 397 0041 CB010000 		.4byte	.LASF1
 398 0045 04       		.uleb128 0x4
 399 0046 08       		.byte	0x8
 400 0047 04       		.byte	0x4
 401 0048 20020000 		.4byte	.LASF2
 402 004c 04       		.uleb128 0x4
 403 004d 01       		.byte	0x1
 404 004e 06       		.byte	0x6
 405 004f 2C020000 		.4byte	.LASF3
 406 0053 04       		.uleb128 0x4
 407 0054 01       		.byte	0x1
 408 0055 08       		.byte	0x8
 409 0056 B8000000 		.4byte	.LASF4
 410 005a 04       		.uleb128 0x4
 411 005b 02       		.byte	0x2
 412 005c 05       		.byte	0x5
 413 005d E6010000 		.4byte	.LASF5
 414 0061 04       		.uleb128 0x4
 415 0062 02       		.byte	0x2
 416 0063 07       		.byte	0x7
 417 0064 48000000 		.4byte	.LASF6
 418 0068 04       		.uleb128 0x4
 419 0069 04       		.byte	0x4
 420 006a 05       		.byte	0x5
 421 006b 17020000 		.4byte	.LASF7
 422 006f 04       		.uleb128 0x4
 423 0070 04       		.byte	0x4
 424 0071 07       		.byte	0x7
 425 0072 80000000 		.4byte	.LASF8
 426 0076 04       		.uleb128 0x4
 427 0077 08       		.byte	0x8
 428 0078 07       		.byte	0x7
 429 0079 10010000 		.4byte	.LASF9
 430 007d 04       		.uleb128 0x4
 431 007e 04       		.byte	0x4
 432 007f 07       		.byte	0x7
ARM GAS  C:\Users\NGUYEN~1\AppData\Local\Temp\ccIidhSa.s 			page 15


 433 0080 C2010000 		.4byte	.LASF10
 434 0084 05       		.uleb128 0x5
 435 0085 04       		.byte	0x4
 436 0086 04       		.uleb128 0x4
 437 0087 01       		.byte	0x1
 438 0088 08       		.byte	0x8
 439 0089 D9010000 		.4byte	.LASF11
 440 008d 06       		.uleb128 0x6
 441 008e 92000000 		.4byte	.LASF13
 442 0092 03       		.byte	0x3
 443 0093 FB01     		.2byte	0x1fb
 444 0095 53000000 		.4byte	0x53
 445 0099 06       		.uleb128 0x6
 446 009a E0000000 		.4byte	.LASF14
 447 009e 03       		.byte	0x3
 448 009f FC01     		.2byte	0x1fc
 449 00a1 61000000 		.4byte	0x61
 450 00a5 06       		.uleb128 0x6
 451 00a6 E7000000 		.4byte	.LASF15
 452 00aa 03       		.byte	0x3
 453 00ab FD01     		.2byte	0x1fd
 454 00ad 6F000000 		.4byte	0x6f
 455 00b1 04       		.uleb128 0x4
 456 00b2 04       		.byte	0x4
 457 00b3 04       		.byte	0x4
 458 00b4 5B000000 		.4byte	.LASF16
 459 00b8 04       		.uleb128 0x4
 460 00b9 08       		.byte	0x8
 461 00ba 04       		.byte	0x4
 462 00bb CD000000 		.4byte	.LASF17
 463 00bf 06       		.uleb128 0x6
 464 00c0 7B000000 		.4byte	.LASF18
 465 00c4 03       		.byte	0x3
 466 00c5 A502     		.2byte	0x2a5
 467 00c7 CB000000 		.4byte	0xcb
 468 00cb 07       		.uleb128 0x7
 469 00cc 8D000000 		.4byte	0x8d
 470 00d0 06       		.uleb128 0x6
 471 00d1 00000000 		.4byte	.LASF19
 472 00d5 03       		.byte	0x3
 473 00d6 A702     		.2byte	0x2a7
 474 00d8 DC000000 		.4byte	0xdc
 475 00dc 07       		.uleb128 0x7
 476 00dd A5000000 		.4byte	0xa5
 477 00e1 08       		.uleb128 0x8
 478 00e2 0D000000 		.4byte	.LASF36
 479 00e6 01       		.byte	0x1
 480 00e7 E1       		.byte	0xe1
 481 00e8 00000000 		.4byte	.LFB4
 482 00ec 0C000000 		.4byte	.LFE4-.LFB4
 483 00f0 01       		.uleb128 0x1
 484 00f1 9C       		.byte	0x9c
 485 00f2 09       		.uleb128 0x9
 486 00f3 98000000 		.4byte	.LASF20
 487 00f7 01       		.byte	0x1
 488 00f8 4C       		.byte	0x4c
 489 00f9 00000000 		.4byte	.LFB0
ARM GAS  C:\Users\NGUYEN~1\AppData\Local\Temp\ccIidhSa.s 			page 16


 490 00fd 0C000000 		.4byte	.LFE0-.LFB0
 491 0101 01       		.uleb128 0x1
 492 0102 9C       		.byte	0x9c
 493 0103 3F010000 		.4byte	0x13f
 494 0107 0A       		.uleb128 0xa
 495 0108 7300     		.ascii	"s\000"
 496 010a 01       		.byte	0x1
 497 010b 4C       		.byte	0x4c
 498 010c 84000000 		.4byte	0x84
 499 0110 00000000 		.4byte	.LLST0
 500 0114 0A       		.uleb128 0xa
 501 0115 6E00     		.ascii	"n\000"
 502 0117 01       		.byte	0x1
 503 0118 4C       		.byte	0x4c
 504 0119 2C000000 		.4byte	0x2c
 505 011d 21000000 		.4byte	.LLST1
 506 0121 0B       		.uleb128 0xb
 507 0122 0A000000 		.4byte	.LVL2
 508 0126 9F020000 		.4byte	0x29f
 509 012a 0C       		.uleb128 0xc
 510 012b 01       		.uleb128 0x1
 511 012c 50       		.byte	0x50
 512 012d 03       		.uleb128 0x3
 513 012e F3       		.byte	0xf3
 514 012f 01       		.uleb128 0x1
 515 0130 50       		.byte	0x50
 516 0131 0C       		.uleb128 0xc
 517 0132 01       		.uleb128 0x1
 518 0133 51       		.byte	0x51
 519 0134 01       		.uleb128 0x1
 520 0135 30       		.byte	0x30
 521 0136 0C       		.uleb128 0xc
 522 0137 01       		.uleb128 0x1
 523 0138 52       		.byte	0x52
 524 0139 03       		.uleb128 0x3
 525 013a F3       		.byte	0xf3
 526 013b 01       		.uleb128 0x1
 527 013c 51       		.byte	0x51
 528 013d 00       		.byte	0
 529 013e 00       		.byte	0
 530 013f 09       		.uleb128 0x9
 531 0140 3D000000 		.4byte	.LASF21
 532 0144 01       		.byte	0x1
 533 0145 AA       		.byte	0xaa
 534 0146 00000000 		.4byte	.LFB3
 535 014a 90000000 		.4byte	.LFE3-.LFB3
 536 014e 01       		.uleb128 0x1
 537 014f 9C       		.byte	0x9c
 538 0150 8A010000 		.4byte	0x18a
 539 0154 0D       		.uleb128 0xd
 540 0155 14000000 		.4byte	.LVL3
 541 0159 A8020000 		.4byte	0x2a8
 542 015d 67010000 		.4byte	0x167
 543 0161 0C       		.uleb128 0xc
 544 0162 01       		.uleb128 0x1
 545 0163 50       		.byte	0x50
 546 0164 01       		.uleb128 0x1
ARM GAS  C:\Users\NGUYEN~1\AppData\Local\Temp\ccIidhSa.s 			page 17


 547 0165 48       		.byte	0x48
 548 0166 00       		.byte	0
 549 0167 0D       		.uleb128 0xd
 550 0168 4E000000 		.4byte	.LVL4
 551 016c B3020000 		.4byte	0x2b3
 552 0170 7A010000 		.4byte	0x17a
 553 0174 0C       		.uleb128 0xc
 554 0175 01       		.uleb128 0x1
 555 0176 50       		.byte	0x50
 556 0177 01       		.uleb128 0x1
 557 0178 39       		.byte	0x39
 558 0179 00       		.byte	0
 559 017a 0B       		.uleb128 0xb
 560 017b 54000000 		.4byte	.LVL5
 561 017f BE020000 		.4byte	0x2be
 562 0183 0C       		.uleb128 0xc
 563 0184 01       		.uleb128 0x1
 564 0185 50       		.byte	0x50
 565 0186 01       		.uleb128 0x1
 566 0187 39       		.byte	0x39
 567 0188 00       		.byte	0
 568 0189 00       		.byte	0
 569 018a 0E       		.uleb128 0xe
 570 018b A2000000 		.4byte	.LASF23
 571 018f 01       		.byte	0x1
 572 0190 F8       		.byte	0xf8
 573 0191 00000000 		.4byte	.LFB5
 574 0195 20000000 		.4byte	.LFE5-.LFB5
 575 0199 01       		.uleb128 0x1
 576 019a 9C       		.byte	0x9c
 577 019b BC010000 		.4byte	0x1bc
 578 019f 0F       		.uleb128 0xf
 579 01a0 DE010000 		.4byte	.LASF22
 580 01a4 01       		.byte	0x1
 581 01a5 F8       		.byte	0xf8
 582 01a6 8D000000 		.4byte	0x8d
 583 01aa 01       		.uleb128 0x1
 584 01ab 50       		.byte	0x50
 585 01ac 10       		.uleb128 0x10
 586 01ad 5E020000 		.4byte	.LASF28
 587 01b1 01       		.byte	0x1
 588 01b2 FA       		.byte	0xfa
 589 01b3 A5000000 		.4byte	0xa5
 590 01b7 4D000000 		.4byte	.LLST2
 591 01bb 00       		.byte	0
 592 01bc 11       		.uleb128 0x11
 593 01bd FB000000 		.4byte	.LASF24
 594 01c1 01       		.byte	0x1
 595 01c2 1A01     		.2byte	0x11a
 596 01c4 90000000 		.4byte	.LFB6
 597 01c8 B8000000 		.4byte	.LFE6-.LFB6
 598 01cc 01       		.uleb128 0x1
 599 01cd 9C       		.byte	0x9c
 600 01ce 9F020000 		.4byte	0x29f
 601 01d2 12       		.uleb128 0x12
 602 01d3 94000000 		.4byte	.LBB2
 603 01d7 50000000 		.4byte	.LBE2-.LBB2
ARM GAS  C:\Users\NGUYEN~1\AppData\Local\Temp\ccIidhSa.s 			page 18


 604 01db 8C020000 		.4byte	0x28c
 605 01df 13       		.uleb128 0x13
 606 01e0 06       		.byte	0x6
 607 01e1 01       		.byte	0x1
 608 01e2 2101     		.2byte	0x121
 609 01e4 03020000 		.4byte	0x203
 610 01e8 14       		.uleb128 0x14
 611 01e9 08010000 		.4byte	.LASF25
 612 01ed 01       		.byte	0x1
 613 01ee 2201     		.2byte	0x122
 614 01f0 84000000 		.4byte	0x84
 615 01f4 00       		.byte	0
 616 01f5 14       		.uleb128 0x14
 617 01f6 76000000 		.4byte	.LASF26
 618 01fa 01       		.byte	0x1
 619 01fb 2301     		.2byte	0x123
 620 01fd 99000000 		.4byte	0x99
 621 0201 04       		.byte	0x4
 622 0202 00       		.byte	0
 623 0203 06       		.uleb128 0x6
 624 0204 B5010000 		.4byte	.LASF27
 625 0208 01       		.byte	0x1
 626 0209 2401     		.2byte	0x124
 627 020b DF010000 		.4byte	0x1df
 628 020f 15       		.uleb128 0x15
 629 0210 1F020000 		.4byte	0x21f
 630 0214 1F020000 		.4byte	0x21f
 631 0218 16       		.uleb128 0x16
 632 0219 7D000000 		.4byte	0x7d
 633 021d 01       		.byte	0x1
 634 021e 00       		.byte	0
 635 021f 17       		.uleb128 0x17
 636 0220 03020000 		.4byte	0x203
 637 0224 18       		.uleb128 0x18
 638 0225 2D000000 		.4byte	.LASF29
 639 0229 01       		.byte	0x1
 640 022a 2601     		.2byte	0x126
 641 022c 36020000 		.4byte	0x236
 642 0230 05       		.uleb128 0x5
 643 0231 03       		.byte	0x3
 644 0232 00000000 		.4byte	cfg_memset_list.4853
 645 0236 17       		.uleb128 0x17
 646 0237 0F020000 		.4byte	0x20f
 647 023b 19       		.uleb128 0x19
 648 023c 6900     		.ascii	"i\000"
 649 023e 01       		.byte	0x1
 650 023f 2C01     		.2byte	0x12c
 651 0241 8D000000 		.4byte	0x8d
 652 0245 6B000000 		.4byte	.LLST3
 653 0249 1A       		.uleb128 0x1a
 654 024a 98000000 		.4byte	.LBB3
 655 024e 1C000000 		.4byte	.LBE3-.LBB3
 656 0252 19       		.uleb128 0x19
 657 0253 6D7300   		.ascii	"ms\000"
 658 0256 01       		.byte	0x1
 659 0257 3101     		.2byte	0x131
 660 0259 61020000 		.4byte	0x261
ARM GAS  C:\Users\NGUYEN~1\AppData\Local\Temp\ccIidhSa.s 			page 19


 661 025d 95000000 		.4byte	.LLST4
 662 0261 1B       		.uleb128 0x1b
 663 0262 04       		.byte	0x4
 664 0263 1F020000 		.4byte	0x21f
 665 0267 0B       		.uleb128 0xb
 666 0268 B4000000 		.4byte	.LVL13
 667 026c F2000000 		.4byte	0xf2
 668 0270 0C       		.uleb128 0xc
 669 0271 01       		.uleb128 0x1
 670 0272 51       		.byte	0x51
 671 0273 15       		.uleb128 0x15
 672 0274 74       		.byte	0x74
 673 0275 00       		.sleb128 0
 674 0276 31       		.byte	0x31
 675 0277 24       		.byte	0x24
 676 0278 74       		.byte	0x74
 677 0279 00       		.sleb128 0
 678 027a 22       		.byte	0x22
 679 027b 31       		.byte	0x31
 680 027c 24       		.byte	0x24
 681 027d 03       		.byte	0x3
 682 027e 04000000 		.4byte	.LANCHOR0+4
 683 0282 22       		.byte	0x22
 684 0283 94       		.byte	0x94
 685 0284 02       		.byte	0x2
 686 0285 0A       		.byte	0xa
 687 0286 FFFF     		.2byte	0xffff
 688 0288 1A       		.byte	0x1a
 689 0289 00       		.byte	0
 690 028a 00       		.byte	0
 691 028b 00       		.byte	0
 692 028c 1C       		.uleb128 0x1c
 693 028d 0C010000 		.4byte	.LVL16
 694 0291 3F010000 		.4byte	0x13f
 695 0295 1C       		.uleb128 0x1c
 696 0296 10010000 		.4byte	.LVL17
 697 029a E1000000 		.4byte	0xe1
 698 029e 00       		.byte	0
 699 029f 1D       		.uleb128 0x1d
 700 02a0 C6000000 		.4byte	.LASF37
 701 02a4 C6000000 		.4byte	.LASF37
 702 02a8 1E       		.uleb128 0x1e
 703 02a9 61000000 		.4byte	.LASF30
 704 02ad 61000000 		.4byte	.LASF30
 705 02b1 04       		.byte	0x4
 706 02b2 6C       		.byte	0x6c
 707 02b3 1E       		.uleb128 0x1e
 708 02b4 1E000000 		.4byte	.LASF31
 709 02b8 1E000000 		.4byte	.LASF31
 710 02bc 04       		.byte	0x4
 711 02bd D0       		.byte	0xd0
 712 02be 1E       		.uleb128 0x1e
 713 02bf D4000000 		.4byte	.LASF32
 714 02c3 D4000000 		.4byte	.LASF32
 715 02c7 04       		.byte	0x4
 716 02c8 D6       		.byte	0xd6
 717 02c9 00       		.byte	0
ARM GAS  C:\Users\NGUYEN~1\AppData\Local\Temp\ccIidhSa.s 			page 20


 718              		.section	.debug_abbrev,"",%progbits
 719              	.Ldebug_abbrev0:
 720 0000 01       		.uleb128 0x1
 721 0001 11       		.uleb128 0x11
 722 0002 01       		.byte	0x1
 723 0003 25       		.uleb128 0x25
 724 0004 0E       		.uleb128 0xe
 725 0005 13       		.uleb128 0x13
 726 0006 0B       		.uleb128 0xb
 727 0007 03       		.uleb128 0x3
 728 0008 0E       		.uleb128 0xe
 729 0009 1B       		.uleb128 0x1b
 730 000a 0E       		.uleb128 0xe
 731 000b 55       		.uleb128 0x55
 732 000c 17       		.uleb128 0x17
 733 000d 11       		.uleb128 0x11
 734 000e 01       		.uleb128 0x1
 735 000f 10       		.uleb128 0x10
 736 0010 17       		.uleb128 0x17
 737 0011 00       		.byte	0
 738 0012 00       		.byte	0
 739 0013 02       		.uleb128 0x2
 740 0014 24       		.uleb128 0x24
 741 0015 00       		.byte	0
 742 0016 0B       		.uleb128 0xb
 743 0017 0B       		.uleb128 0xb
 744 0018 3E       		.uleb128 0x3e
 745 0019 0B       		.uleb128 0xb
 746 001a 03       		.uleb128 0x3
 747 001b 08       		.uleb128 0x8
 748 001c 00       		.byte	0
 749 001d 00       		.byte	0
 750 001e 03       		.uleb128 0x3
 751 001f 16       		.uleb128 0x16
 752 0020 00       		.byte	0
 753 0021 03       		.uleb128 0x3
 754 0022 0E       		.uleb128 0xe
 755 0023 3A       		.uleb128 0x3a
 756 0024 0B       		.uleb128 0xb
 757 0025 3B       		.uleb128 0x3b
 758 0026 0B       		.uleb128 0xb
 759 0027 49       		.uleb128 0x49
 760 0028 13       		.uleb128 0x13
 761 0029 00       		.byte	0
 762 002a 00       		.byte	0
 763 002b 04       		.uleb128 0x4
 764 002c 24       		.uleb128 0x24
 765 002d 00       		.byte	0
 766 002e 0B       		.uleb128 0xb
 767 002f 0B       		.uleb128 0xb
 768 0030 3E       		.uleb128 0x3e
 769 0031 0B       		.uleb128 0xb
 770 0032 03       		.uleb128 0x3
 771 0033 0E       		.uleb128 0xe
 772 0034 00       		.byte	0
 773 0035 00       		.byte	0
 774 0036 05       		.uleb128 0x5
ARM GAS  C:\Users\NGUYEN~1\AppData\Local\Temp\ccIidhSa.s 			page 21


 775 0037 0F       		.uleb128 0xf
 776 0038 00       		.byte	0
 777 0039 0B       		.uleb128 0xb
 778 003a 0B       		.uleb128 0xb
 779 003b 00       		.byte	0
 780 003c 00       		.byte	0
 781 003d 06       		.uleb128 0x6
 782 003e 16       		.uleb128 0x16
 783 003f 00       		.byte	0
 784 0040 03       		.uleb128 0x3
 785 0041 0E       		.uleb128 0xe
 786 0042 3A       		.uleb128 0x3a
 787 0043 0B       		.uleb128 0xb
 788 0044 3B       		.uleb128 0x3b
 789 0045 05       		.uleb128 0x5
 790 0046 49       		.uleb128 0x49
 791 0047 13       		.uleb128 0x13
 792 0048 00       		.byte	0
 793 0049 00       		.byte	0
 794 004a 07       		.uleb128 0x7
 795 004b 35       		.uleb128 0x35
 796 004c 00       		.byte	0
 797 004d 49       		.uleb128 0x49
 798 004e 13       		.uleb128 0x13
 799 004f 00       		.byte	0
 800 0050 00       		.byte	0
 801 0051 08       		.uleb128 0x8
 802 0052 2E       		.uleb128 0x2e
 803 0053 00       		.byte	0
 804 0054 03       		.uleb128 0x3
 805 0055 0E       		.uleb128 0xe
 806 0056 3A       		.uleb128 0x3a
 807 0057 0B       		.uleb128 0xb
 808 0058 3B       		.uleb128 0x3b
 809 0059 0B       		.uleb128 0xb
 810 005a 27       		.uleb128 0x27
 811 005b 19       		.uleb128 0x19
 812 005c 11       		.uleb128 0x11
 813 005d 01       		.uleb128 0x1
 814 005e 12       		.uleb128 0x12
 815 005f 06       		.uleb128 0x6
 816 0060 40       		.uleb128 0x40
 817 0061 18       		.uleb128 0x18
 818 0062 9742     		.uleb128 0x2117
 819 0064 19       		.uleb128 0x19
 820 0065 00       		.byte	0
 821 0066 00       		.byte	0
 822 0067 09       		.uleb128 0x9
 823 0068 2E       		.uleb128 0x2e
 824 0069 01       		.byte	0x1
 825 006a 03       		.uleb128 0x3
 826 006b 0E       		.uleb128 0xe
 827 006c 3A       		.uleb128 0x3a
 828 006d 0B       		.uleb128 0xb
 829 006e 3B       		.uleb128 0x3b
 830 006f 0B       		.uleb128 0xb
 831 0070 27       		.uleb128 0x27
ARM GAS  C:\Users\NGUYEN~1\AppData\Local\Temp\ccIidhSa.s 			page 22


 832 0071 19       		.uleb128 0x19
 833 0072 11       		.uleb128 0x11
 834 0073 01       		.uleb128 0x1
 835 0074 12       		.uleb128 0x12
 836 0075 06       		.uleb128 0x6
 837 0076 40       		.uleb128 0x40
 838 0077 18       		.uleb128 0x18
 839 0078 9742     		.uleb128 0x2117
 840 007a 19       		.uleb128 0x19
 841 007b 01       		.uleb128 0x1
 842 007c 13       		.uleb128 0x13
 843 007d 00       		.byte	0
 844 007e 00       		.byte	0
 845 007f 0A       		.uleb128 0xa
 846 0080 05       		.uleb128 0x5
 847 0081 00       		.byte	0
 848 0082 03       		.uleb128 0x3
 849 0083 08       		.uleb128 0x8
 850 0084 3A       		.uleb128 0x3a
 851 0085 0B       		.uleb128 0xb
 852 0086 3B       		.uleb128 0x3b
 853 0087 0B       		.uleb128 0xb
 854 0088 49       		.uleb128 0x49
 855 0089 13       		.uleb128 0x13
 856 008a 02       		.uleb128 0x2
 857 008b 17       		.uleb128 0x17
 858 008c 00       		.byte	0
 859 008d 00       		.byte	0
 860 008e 0B       		.uleb128 0xb
 861 008f 898201   		.uleb128 0x4109
 862 0092 01       		.byte	0x1
 863 0093 11       		.uleb128 0x11
 864 0094 01       		.uleb128 0x1
 865 0095 31       		.uleb128 0x31
 866 0096 13       		.uleb128 0x13
 867 0097 00       		.byte	0
 868 0098 00       		.byte	0
 869 0099 0C       		.uleb128 0xc
 870 009a 8A8201   		.uleb128 0x410a
 871 009d 00       		.byte	0
 872 009e 02       		.uleb128 0x2
 873 009f 18       		.uleb128 0x18
 874 00a0 9142     		.uleb128 0x2111
 875 00a2 18       		.uleb128 0x18
 876 00a3 00       		.byte	0
 877 00a4 00       		.byte	0
 878 00a5 0D       		.uleb128 0xd
 879 00a6 898201   		.uleb128 0x4109
 880 00a9 01       		.byte	0x1
 881 00aa 11       		.uleb128 0x11
 882 00ab 01       		.uleb128 0x1
 883 00ac 31       		.uleb128 0x31
 884 00ad 13       		.uleb128 0x13
 885 00ae 01       		.uleb128 0x1
 886 00af 13       		.uleb128 0x13
 887 00b0 00       		.byte	0
 888 00b1 00       		.byte	0
ARM GAS  C:\Users\NGUYEN~1\AppData\Local\Temp\ccIidhSa.s 			page 23


 889 00b2 0E       		.uleb128 0xe
 890 00b3 2E       		.uleb128 0x2e
 891 00b4 01       		.byte	0x1
 892 00b5 3F       		.uleb128 0x3f
 893 00b6 19       		.uleb128 0x19
 894 00b7 03       		.uleb128 0x3
 895 00b8 0E       		.uleb128 0xe
 896 00b9 3A       		.uleb128 0x3a
 897 00ba 0B       		.uleb128 0xb
 898 00bb 3B       		.uleb128 0x3b
 899 00bc 0B       		.uleb128 0xb
 900 00bd 27       		.uleb128 0x27
 901 00be 19       		.uleb128 0x19
 902 00bf 11       		.uleb128 0x11
 903 00c0 01       		.uleb128 0x1
 904 00c1 12       		.uleb128 0x12
 905 00c2 06       		.uleb128 0x6
 906 00c3 40       		.uleb128 0x40
 907 00c4 18       		.uleb128 0x18
 908 00c5 9742     		.uleb128 0x2117
 909 00c7 19       		.uleb128 0x19
 910 00c8 01       		.uleb128 0x1
 911 00c9 13       		.uleb128 0x13
 912 00ca 00       		.byte	0
 913 00cb 00       		.byte	0
 914 00cc 0F       		.uleb128 0xf
 915 00cd 05       		.uleb128 0x5
 916 00ce 00       		.byte	0
 917 00cf 03       		.uleb128 0x3
 918 00d0 0E       		.uleb128 0xe
 919 00d1 3A       		.uleb128 0x3a
 920 00d2 0B       		.uleb128 0xb
 921 00d3 3B       		.uleb128 0x3b
 922 00d4 0B       		.uleb128 0xb
 923 00d5 49       		.uleb128 0x49
 924 00d6 13       		.uleb128 0x13
 925 00d7 02       		.uleb128 0x2
 926 00d8 18       		.uleb128 0x18
 927 00d9 00       		.byte	0
 928 00da 00       		.byte	0
 929 00db 10       		.uleb128 0x10
 930 00dc 34       		.uleb128 0x34
 931 00dd 00       		.byte	0
 932 00de 03       		.uleb128 0x3
 933 00df 0E       		.uleb128 0xe
 934 00e0 3A       		.uleb128 0x3a
 935 00e1 0B       		.uleb128 0xb
 936 00e2 3B       		.uleb128 0x3b
 937 00e3 0B       		.uleb128 0xb
 938 00e4 49       		.uleb128 0x49
 939 00e5 13       		.uleb128 0x13
 940 00e6 02       		.uleb128 0x2
 941 00e7 17       		.uleb128 0x17
 942 00e8 00       		.byte	0
 943 00e9 00       		.byte	0
 944 00ea 11       		.uleb128 0x11
 945 00eb 2E       		.uleb128 0x2e
ARM GAS  C:\Users\NGUYEN~1\AppData\Local\Temp\ccIidhSa.s 			page 24


 946 00ec 01       		.byte	0x1
 947 00ed 3F       		.uleb128 0x3f
 948 00ee 19       		.uleb128 0x19
 949 00ef 03       		.uleb128 0x3
 950 00f0 0E       		.uleb128 0xe
 951 00f1 3A       		.uleb128 0x3a
 952 00f2 0B       		.uleb128 0xb
 953 00f3 3B       		.uleb128 0x3b
 954 00f4 05       		.uleb128 0x5
 955 00f5 27       		.uleb128 0x27
 956 00f6 19       		.uleb128 0x19
 957 00f7 11       		.uleb128 0x11
 958 00f8 01       		.uleb128 0x1
 959 00f9 12       		.uleb128 0x12
 960 00fa 06       		.uleb128 0x6
 961 00fb 40       		.uleb128 0x40
 962 00fc 18       		.uleb128 0x18
 963 00fd 9742     		.uleb128 0x2117
 964 00ff 19       		.uleb128 0x19
 965 0100 01       		.uleb128 0x1
 966 0101 13       		.uleb128 0x13
 967 0102 00       		.byte	0
 968 0103 00       		.byte	0
 969 0104 12       		.uleb128 0x12
 970 0105 0B       		.uleb128 0xb
 971 0106 01       		.byte	0x1
 972 0107 11       		.uleb128 0x11
 973 0108 01       		.uleb128 0x1
 974 0109 12       		.uleb128 0x12
 975 010a 06       		.uleb128 0x6
 976 010b 01       		.uleb128 0x1
 977 010c 13       		.uleb128 0x13
 978 010d 00       		.byte	0
 979 010e 00       		.byte	0
 980 010f 13       		.uleb128 0x13
 981 0110 13       		.uleb128 0x13
 982 0111 01       		.byte	0x1
 983 0112 0B       		.uleb128 0xb
 984 0113 0B       		.uleb128 0xb
 985 0114 3A       		.uleb128 0x3a
 986 0115 0B       		.uleb128 0xb
 987 0116 3B       		.uleb128 0x3b
 988 0117 05       		.uleb128 0x5
 989 0118 01       		.uleb128 0x1
 990 0119 13       		.uleb128 0x13
 991 011a 00       		.byte	0
 992 011b 00       		.byte	0
 993 011c 14       		.uleb128 0x14
 994 011d 0D       		.uleb128 0xd
 995 011e 00       		.byte	0
 996 011f 03       		.uleb128 0x3
 997 0120 0E       		.uleb128 0xe
 998 0121 3A       		.uleb128 0x3a
 999 0122 0B       		.uleb128 0xb
 1000 0123 3B       		.uleb128 0x3b
 1001 0124 05       		.uleb128 0x5
 1002 0125 49       		.uleb128 0x49
ARM GAS  C:\Users\NGUYEN~1\AppData\Local\Temp\ccIidhSa.s 			page 25


 1003 0126 13       		.uleb128 0x13
 1004 0127 38       		.uleb128 0x38
 1005 0128 0B       		.uleb128 0xb
 1006 0129 00       		.byte	0
 1007 012a 00       		.byte	0
 1008 012b 15       		.uleb128 0x15
 1009 012c 01       		.uleb128 0x1
 1010 012d 01       		.byte	0x1
 1011 012e 49       		.uleb128 0x49
 1012 012f 13       		.uleb128 0x13
 1013 0130 01       		.uleb128 0x1
 1014 0131 13       		.uleb128 0x13
 1015 0132 00       		.byte	0
 1016 0133 00       		.byte	0
 1017 0134 16       		.uleb128 0x16
 1018 0135 21       		.uleb128 0x21
 1019 0136 00       		.byte	0
 1020 0137 49       		.uleb128 0x49
 1021 0138 13       		.uleb128 0x13
 1022 0139 2F       		.uleb128 0x2f
 1023 013a 0B       		.uleb128 0xb
 1024 013b 00       		.byte	0
 1025 013c 00       		.byte	0
 1026 013d 17       		.uleb128 0x17
 1027 013e 26       		.uleb128 0x26
 1028 013f 00       		.byte	0
 1029 0140 49       		.uleb128 0x49
 1030 0141 13       		.uleb128 0x13
 1031 0142 00       		.byte	0
 1032 0143 00       		.byte	0
 1033 0144 18       		.uleb128 0x18
 1034 0145 34       		.uleb128 0x34
 1035 0146 00       		.byte	0
 1036 0147 03       		.uleb128 0x3
 1037 0148 0E       		.uleb128 0xe
 1038 0149 3A       		.uleb128 0x3a
 1039 014a 0B       		.uleb128 0xb
 1040 014b 3B       		.uleb128 0x3b
 1041 014c 05       		.uleb128 0x5
 1042 014d 49       		.uleb128 0x49
 1043 014e 13       		.uleb128 0x13
 1044 014f 02       		.uleb128 0x2
 1045 0150 18       		.uleb128 0x18
 1046 0151 00       		.byte	0
 1047 0152 00       		.byte	0
 1048 0153 19       		.uleb128 0x19
 1049 0154 34       		.uleb128 0x34
 1050 0155 00       		.byte	0
 1051 0156 03       		.uleb128 0x3
 1052 0157 08       		.uleb128 0x8
 1053 0158 3A       		.uleb128 0x3a
 1054 0159 0B       		.uleb128 0xb
 1055 015a 3B       		.uleb128 0x3b
 1056 015b 05       		.uleb128 0x5
 1057 015c 49       		.uleb128 0x49
 1058 015d 13       		.uleb128 0x13
 1059 015e 02       		.uleb128 0x2
ARM GAS  C:\Users\NGUYEN~1\AppData\Local\Temp\ccIidhSa.s 			page 26


 1060 015f 17       		.uleb128 0x17
 1061 0160 00       		.byte	0
 1062 0161 00       		.byte	0
 1063 0162 1A       		.uleb128 0x1a
 1064 0163 0B       		.uleb128 0xb
 1065 0164 01       		.byte	0x1
 1066 0165 11       		.uleb128 0x11
 1067 0166 01       		.uleb128 0x1
 1068 0167 12       		.uleb128 0x12
 1069 0168 06       		.uleb128 0x6
 1070 0169 00       		.byte	0
 1071 016a 00       		.byte	0
 1072 016b 1B       		.uleb128 0x1b
 1073 016c 0F       		.uleb128 0xf
 1074 016d 00       		.byte	0
 1075 016e 0B       		.uleb128 0xb
 1076 016f 0B       		.uleb128 0xb
 1077 0170 49       		.uleb128 0x49
 1078 0171 13       		.uleb128 0x13
 1079 0172 00       		.byte	0
 1080 0173 00       		.byte	0
 1081 0174 1C       		.uleb128 0x1c
 1082 0175 898201   		.uleb128 0x4109
 1083 0178 00       		.byte	0
 1084 0179 11       		.uleb128 0x11
 1085 017a 01       		.uleb128 0x1
 1086 017b 31       		.uleb128 0x31
 1087 017c 13       		.uleb128 0x13
 1088 017d 00       		.byte	0
 1089 017e 00       		.byte	0
 1090 017f 1D       		.uleb128 0x1d
 1091 0180 2E       		.uleb128 0x2e
 1092 0181 00       		.byte	0
 1093 0182 3F       		.uleb128 0x3f
 1094 0183 19       		.uleb128 0x19
 1095 0184 3C       		.uleb128 0x3c
 1096 0185 19       		.uleb128 0x19
 1097 0186 6E       		.uleb128 0x6e
 1098 0187 0E       		.uleb128 0xe
 1099 0188 03       		.uleb128 0x3
 1100 0189 0E       		.uleb128 0xe
 1101 018a 00       		.byte	0
 1102 018b 00       		.byte	0
 1103 018c 1E       		.uleb128 0x1e
 1104 018d 2E       		.uleb128 0x2e
 1105 018e 00       		.byte	0
 1106 018f 3F       		.uleb128 0x3f
 1107 0190 19       		.uleb128 0x19
 1108 0191 3C       		.uleb128 0x3c
 1109 0192 19       		.uleb128 0x19
 1110 0193 6E       		.uleb128 0x6e
 1111 0194 0E       		.uleb128 0xe
 1112 0195 03       		.uleb128 0x3
 1113 0196 0E       		.uleb128 0xe
 1114 0197 3A       		.uleb128 0x3a
 1115 0198 0B       		.uleb128 0xb
 1116 0199 3B       		.uleb128 0x3b
ARM GAS  C:\Users\NGUYEN~1\AppData\Local\Temp\ccIidhSa.s 			page 27


 1117 019a 0B       		.uleb128 0xb
 1118 019b 00       		.byte	0
 1119 019c 00       		.byte	0
 1120 019d 00       		.byte	0
 1121              		.section	.debug_loc,"",%progbits
 1122              	.Ldebug_loc0:
 1123              	.LLST0:
 1124 0000 00000000 		.4byte	.LVL0
 1125 0004 09000000 		.4byte	.LVL2-1
 1126 0008 0100     		.2byte	0x1
 1127 000a 50       		.byte	0x50
 1128 000b 09000000 		.4byte	.LVL2-1
 1129 000f 0C000000 		.4byte	.LFE0
 1130 0013 0400     		.2byte	0x4
 1131 0015 F3       		.byte	0xf3
 1132 0016 01       		.uleb128 0x1
 1133 0017 50       		.byte	0x50
 1134 0018 9F       		.byte	0x9f
 1135 0019 00000000 		.4byte	0
 1136 001d 00000000 		.4byte	0
 1137              	.LLST1:
 1138 0021 00000000 		.4byte	.LVL0
 1139 0025 06000000 		.4byte	.LVL1
 1140 0029 0100     		.2byte	0x1
 1141 002b 51       		.byte	0x51
 1142 002c 06000000 		.4byte	.LVL1
 1143 0030 09000000 		.4byte	.LVL2-1
 1144 0034 0100     		.2byte	0x1
 1145 0036 52       		.byte	0x52
 1146 0037 09000000 		.4byte	.LVL2-1
 1147 003b 0C000000 		.4byte	.LFE0
 1148 003f 0400     		.2byte	0x4
 1149 0041 F3       		.byte	0xf3
 1150 0042 01       		.uleb128 0x1
 1151 0043 51       		.byte	0x51
 1152 0044 9F       		.byte	0x9f
 1153 0045 00000000 		.4byte	0
 1154 0049 00000000 		.4byte	0
 1155              	.LLST2:
 1156 004d 04000000 		.4byte	.LVL7
 1157 0051 12000000 		.4byte	.LVL9
 1158 0055 0100     		.2byte	0x1
 1159 0057 53       		.byte	0x53
 1160 0058 14000000 		.4byte	.LVL10
 1161 005c 20000000 		.4byte	.LFE5
 1162 0060 0100     		.2byte	0x1
 1163 0062 53       		.byte	0x53
 1164 0063 00000000 		.4byte	0
 1165 0067 00000000 		.4byte	0
 1166              	.LLST3:
 1167 006b 94000000 		.4byte	.LVL11
 1168 006f 98000000 		.4byte	.LVL12
 1169 0073 0200     		.2byte	0x2
 1170 0075 30       		.byte	0x30
 1171 0076 9F       		.byte	0x9f
 1172 0077 98000000 		.4byte	.LVL12
 1173 007b B6000000 		.4byte	.LVL14
ARM GAS  C:\Users\NGUYEN~1\AppData\Local\Temp\ccIidhSa.s 			page 28


 1174 007f 0100     		.2byte	0x1
 1175 0081 54       		.byte	0x54
 1176 0082 B8000000 		.4byte	.LVL15
 1177 0086 10010000 		.4byte	.LVL18
 1178 008a 0100     		.2byte	0x1
 1179 008c 54       		.byte	0x54
 1180 008d 00000000 		.4byte	0
 1181 0091 00000000 		.4byte	0
 1182              	.LLST4:
 1183 0095 98000000 		.4byte	.LVL12
 1184 0099 B6000000 		.4byte	.LVL14
 1185 009d 0B00     		.2byte	0xb
 1186 009f 74       		.byte	0x74
 1187 00a0 00       		.sleb128 0
 1188 00a1 36       		.byte	0x36
 1189 00a2 1E       		.byte	0x1e
 1190 00a3 03       		.byte	0x3
 1191 00a4 00000000 		.4byte	cfg_memset_list.4853
 1192 00a8 22       		.byte	0x22
 1193 00a9 9F       		.byte	0x9f
 1194 00aa B6000000 		.4byte	.LVL14
 1195 00ae B8000000 		.4byte	.LVL15
 1196 00b2 0B00     		.2byte	0xb
 1197 00b4 74       		.byte	0x74
 1198 00b5 7F       		.sleb128 -1
 1199 00b6 36       		.byte	0x36
 1200 00b7 1E       		.byte	0x1e
 1201 00b8 03       		.byte	0x3
 1202 00b9 00000000 		.4byte	cfg_memset_list.4853
 1203 00bd 22       		.byte	0x22
 1204 00be 9F       		.byte	0x9f
 1205 00bf 00000000 		.4byte	0
 1206 00c3 00000000 		.4byte	0
 1207              		.section	.debug_aranges,"",%progbits
 1208 0000 3C000000 		.4byte	0x3c
 1209 0004 0200     		.2byte	0x2
 1210 0006 00000000 		.4byte	.Ldebug_info0
 1211 000a 04       		.byte	0x4
 1212 000b 00       		.byte	0
 1213 000c 0000     		.2byte	0
 1214 000e 0000     		.2byte	0
 1215 0010 00000000 		.4byte	.LFB4
 1216 0014 0C000000 		.4byte	.LFE4-.LFB4
 1217 0018 00000000 		.4byte	.LFB0
 1218 001c 0C000000 		.4byte	.LFE0-.LFB0
 1219 0020 00000000 		.4byte	.LFB3
 1220 0024 90000000 		.4byte	.LFE3-.LFB3
 1221 0028 00000000 		.4byte	.LFB5
 1222 002c 20000000 		.4byte	.LFE5-.LFB5
 1223 0030 90000000 		.4byte	.LFB6
 1224 0034 B8000000 		.4byte	.LFE6-.LFB6
 1225 0038 00000000 		.4byte	0
 1226 003c 00000000 		.4byte	0
 1227              		.section	.debug_ranges,"",%progbits
 1228              	.Ldebug_ranges0:
 1229 0000 00000000 		.4byte	.LFB4
 1230 0004 0C000000 		.4byte	.LFE4
ARM GAS  C:\Users\NGUYEN~1\AppData\Local\Temp\ccIidhSa.s 			page 29


 1231 0008 00000000 		.4byte	.LFB0
 1232 000c 0C000000 		.4byte	.LFE0
 1233 0010 00000000 		.4byte	.LFB3
 1234 0014 90000000 		.4byte	.LFE3
 1235 0018 00000000 		.4byte	.LFB5
 1236 001c 20000000 		.4byte	.LFE5
 1237 0020 90000000 		.4byte	.LFB6
 1238 0024 48010000 		.4byte	.LFE6
 1239 0028 00000000 		.4byte	0
 1240 002c 00000000 		.4byte	0
 1241              		.section	.debug_line,"",%progbits
 1242              	.Ldebug_line0:
 1243 0000 5D010000 		.section	.debug_str,"MS",%progbits,1
 1243      0200D600 
 1243      00000201 
 1243      FB0E0D00 
 1243      01010101 
 1244              	.LASF19:
 1245 0000 72656733 		.ascii	"reg32\000"
 1245      3200
 1246              	.LASF12:
 1247 0006 73697A65 		.ascii	"size_t\000"
 1247      5F7400
 1248              	.LASF36:
 1249 000d 416E616C 		.ascii	"AnalogSetDefault\000"
 1249      6F675365 
 1249      74446566 
 1249      61756C74 
 1249      00
 1250              	.LASF31:
 1251 001e 4379496E 		.ascii	"CyIntSetVector\000"
 1251      74536574 
 1251      56656374 
 1251      6F7200
 1252              	.LASF29:
 1253 002d 6366675F 		.ascii	"cfg_memset_list\000"
 1253      6D656D73 
 1253      65745F6C 
 1253      69737400 
 1254              	.LASF21:
 1255 003d 436C6F63 		.ascii	"ClockSetup\000"
 1255      6B536574 
 1255      757000
 1256              	.LASF6:
 1257 0048 73686F72 		.ascii	"short unsigned int\000"
 1257      7420756E 
 1257      7369676E 
 1257      65642069 
 1257      6E7400
 1258              	.LASF16:
 1259 005b 666C6F61 		.ascii	"float\000"
 1259      7400
 1260              	.LASF30:
 1261 0061 43795379 		.ascii	"CySysClkWriteImoFreq\000"
 1261      73436C6B 
 1261      57726974 
 1261      65496D6F 
ARM GAS  C:\Users\NGUYEN~1\AppData\Local\Temp\ccIidhSa.s 			page 30


 1261      46726571 
 1262              	.LASF26:
 1263 0076 73697A65 		.ascii	"size\000"
 1263      00
 1264              	.LASF18:
 1265 007b 72656738 		.ascii	"reg8\000"
 1265      00
 1266              	.LASF8:
 1267 0080 6C6F6E67 		.ascii	"long unsigned int\000"
 1267      20756E73 
 1267      69676E65 
 1267      6420696E 
 1267      7400
 1268              	.LASF13:
 1269 0092 75696E74 		.ascii	"uint8\000"
 1269      3800
 1270              	.LASF20:
 1271 0098 43594D45 		.ascii	"CYMEMZERO\000"
 1271      4D5A4552 
 1271      4F00
 1272              	.LASF23:
 1273 00a2 53657441 		.ascii	"SetAnalogRoutingPumps\000"
 1273      6E616C6F 
 1273      67526F75 
 1273      74696E67 
 1273      50756D70 
 1274              	.LASF4:
 1275 00b8 756E7369 		.ascii	"unsigned char\000"
 1275      676E6564 
 1275      20636861 
 1275      7200
 1276              	.LASF37:
 1277 00c6 6D656D73 		.ascii	"memset\000"
 1277      657400
 1278              	.LASF17:
 1279 00cd 646F7562 		.ascii	"double\000"
 1279      6C6500
 1280              	.LASF32:
 1281 00d4 4379496E 		.ascii	"CyIntEnable\000"
 1281      74456E61 
 1281      626C6500 
 1282              	.LASF14:
 1283 00e0 75696E74 		.ascii	"uint16\000"
 1283      313600
 1284              	.LASF15:
 1285 00e7 75696E74 		.ascii	"uint32\000"
 1285      333200
 1286              	.LASF0:
 1287 00ee 756E7369 		.ascii	"unsigned int\000"
 1287      676E6564 
 1287      20696E74 
 1287      00
 1288              	.LASF24:
 1289 00fb 63796669 		.ascii	"cyfitter_cfg\000"
 1289      74746572 
 1289      5F636667 
 1289      00
ARM GAS  C:\Users\NGUYEN~1\AppData\Local\Temp\ccIidhSa.s 			page 31


 1290              	.LASF25:
 1291 0108 61646472 		.ascii	"address\000"
 1291      65737300 
 1292              	.LASF9:
 1293 0110 6C6F6E67 		.ascii	"long long unsigned int\000"
 1293      206C6F6E 
 1293      6720756E 
 1293      7369676E 
 1293      65642069 
 1294              	.LASF33:
 1295 0127 474E5520 		.ascii	"GNU C11 5.4.1 20160609 (release) [ARM/embedded-5-br"
 1295      43313120 
 1295      352E342E 
 1295      31203230 
 1295      31363036 
 1296 015a 616E6368 		.ascii	"anch revision 237715] -mcpu=cortex-m0 -mthumb -g -O"
 1296      20726576 
 1296      6973696F 
 1296      6E203233 
 1296      37373135 
 1297 018d 67202D66 		.ascii	"g -ffunction-sections -ffat-lto-objects\000"
 1297      66756E63 
 1297      74696F6E 
 1297      2D736563 
 1297      74696F6E 
 1298              	.LASF27:
 1299 01b5 6366675F 		.ascii	"cfg_memset_t\000"
 1299      6D656D73 
 1299      65745F74 
 1299      00
 1300              	.LASF10:
 1301 01c2 73697A65 		.ascii	"sizetype\000"
 1301      74797065 
 1301      00
 1302              	.LASF1:
 1303 01cb 6C6F6E67 		.ascii	"long long int\000"
 1303      206C6F6E 
 1303      6720696E 
 1303      7400
 1304              	.LASF11:
 1305 01d9 63686172 		.ascii	"char\000"
 1305      00
 1306              	.LASF22:
 1307 01de 656E6162 		.ascii	"enabled\000"
 1307      6C656400 
 1308              	.LASF5:
 1309 01e6 73686F72 		.ascii	"short int\000"
 1309      7420696E 
 1309      7400
 1310              	.LASF35:
 1311 01f0 443A5C70 		.ascii	"D:\\psoc\\theory\\adc_1_channel\\adc.cydsn\000"
 1311      736F635C 
 1311      7468656F 
 1311      72795C61 
 1311      64635F31 
 1312              	.LASF7:
 1313 0217 6C6F6E67 		.ascii	"long int\000"
ARM GAS  C:\Users\NGUYEN~1\AppData\Local\Temp\ccIidhSa.s 			page 32


 1313      20696E74 
 1313      00
 1314              	.LASF2:
 1315 0220 6C6F6E67 		.ascii	"long double\000"
 1315      20646F75 
 1315      626C6500 
 1316              	.LASF3:
 1317 022c 7369676E 		.ascii	"signed char\000"
 1317      65642063 
 1317      68617200 
 1318              	.LASF34:
 1319 0238 47656E65 		.ascii	"Generated_Source\\PSoC4\\cyfitter_cfg.c\000"
 1319      72617465 
 1319      645F536F 
 1319      75726365 
 1319      5C50536F 
 1320              	.LASF28:
 1321 025e 72656756 		.ascii	"regValue\000"
 1321      616C7565 
 1321      00
 1322              		.ident	"GCC: (GNU Tools for ARM Embedded Processors) 5.4.1 20160609 (release) [ARM/embedded-5-bran
