ARM GAS  C:\Users\NGUYEN~1\AppData\Local\Temp\ccVR02Vl.s 			page 1


   1              		.syntax unified
   2              		.cpu cortex-m0
   3              		.fpu softvfp
   4              		.eabi_attribute 20, 1
   5              		.eabi_attribute 21, 1
   6              		.eabi_attribute 23, 3
   7              		.eabi_attribute 24, 1
   8              		.eabi_attribute 25, 1
   9              		.eabi_attribute 26, 1
  10              		.eabi_attribute 30, 1
  11              		.eabi_attribute 34, 0
  12              		.eabi_attribute 18, 4
  13              		.thumb
  14              		.syntax unified
  15              		.file	"main.c"
  16              		.text
  17              	.Ltext0:
  18              		.cfi_sections	.debug_frame
  19              		.section	.text.Init_System,"ax",%progbits
  20              		.align	2
  21              		.global	Init_System
  22              		.code	16
  23              		.thumb_func
  24              		.type	Init_System, %function
  25              	Init_System:
  26              	.LFB34:
  27              		.file 1 "main.c"
   1:main.c        **** /* ========================================
   2:main.c        ****  *
   3:main.c        ****  * Copyright YOUR COMPANY, THE YEAR
   4:main.c        ****  * All Rights Reserved
   5:main.c        ****  * UNPUBLISHED, LICENSED SOFTWARE.
   6:main.c        ****  *
   7:main.c        ****  * CONFIDENTIAL AND PROPRIETARY INFORMATION
   8:main.c        ****  * WHICH IS THE PROPERTY OF your company.
   9:main.c        ****  *
  10:main.c        ****  * ========================================
  11:main.c        **** */
  12:main.c        **** #include "main.h"
  13:main.c        **** 
  14:main.c        **** int main(void)
  15:main.c        **** {
  16:main.c        ****     CyGlobalIntEnable; /* Enable global interrupts. */
  17:main.c        **** 
  18:main.c        ****     /* Place your initialization/startup code here (e.g. MyInst_Start()) */
  19:main.c        ****     
  20:main.c        ****     Init_System();  
  21:main.c        ****     
  22:main.c        ****     float result_Read_Adc;
  23:main.c        **** 
  24:main.c        ****     for(;;)
  25:main.c        ****     {
  26:main.c        ****         /* Place your application code here. */
  27:main.c        ****         //result_Read_Adc = readADC();
  28:main.c        ****         result_Read_Adc = readLM35();
  29:main.c        ****         
  30:main.c        ****         transmitToPC( result_Read_Adc );
ARM GAS  C:\Users\NGUYEN~1\AppData\Local\Temp\ccVR02Vl.s 			page 2


  31:main.c        ****         
  32:main.c        ****         CyDelay( 1000 );
  33:main.c        ****     }
  34:main.c        **** }
  35:main.c        **** 
  36:main.c        **** void Init_System()
  37:main.c        **** {
  28              		.loc 1 37 0
  29              		.cfi_startproc
  30              		@ args = 0, pretend = 0, frame = 0
  31              		@ frame_needed = 0, uses_anonymous_args = 0
  32 0000 10B5     		push	{r4, lr}
  33              		.cfi_def_cfa_offset 8
  34              		.cfi_offset 4, -8
  35              		.cfi_offset 14, -4
  38:main.c        ****     uartUser_Start();
  36              		.loc 1 38 0
  37 0002 FFF7FEFF 		bl	uartUser_Start
  38              	.LVL0:
  39:main.c        ****     
  40:main.c        ****     adcUser_Start();    /* Initialize ADC */  
  39              		.loc 1 40 0
  40 0006 FFF7FEFF 		bl	adcUser_Start
  41              	.LVL1:
  41:main.c        **** }
  42              		.loc 1 41 0
  43              		@ sp needed
  44 000a 10BD     		pop	{r4, pc}
  45              		.cfi_endproc
  46              	.LFE34:
  47              		.size	Init_System, .-Init_System
  48              		.global	__aeabi_i2f
  49              		.global	__aeabi_fdiv
  50              		.global	__aeabi_fmul
  51              		.section	.text.readADC,"ax",%progbits
  52              		.align	2
  53              		.global	readADC
  54              		.code	16
  55              		.thumb_func
  56              		.type	readADC, %function
  57              	readADC:
  58              	.LFB35:
  42:main.c        **** 
  43:main.c        **** float readADC()
  44:main.c        **** {
  59              		.loc 1 44 0
  60              		.cfi_startproc
  61              		@ args = 0, pretend = 0, frame = 0
  62              		@ frame_needed = 0, uses_anonymous_args = 0
  63 0000 10B5     		push	{r4, lr}
  64              		.cfi_def_cfa_offset 8
  65              		.cfi_offset 4, -8
  66              		.cfi_offset 14, -4
  67              	.LVL2:
  45:main.c        ****     float value_read_adc=0;
  46:main.c        ****     
  47:main.c        ****     adcUser_StartConvert();    /* Start ADC conversions */
ARM GAS  C:\Users\NGUYEN~1\AppData\Local\Temp\ccVR02Vl.s 			page 3


  68              		.loc 1 47 0
  69 0002 FFF7FEFF 		bl	adcUser_StartConvert
  70              	.LVL3:
  48:main.c        ****     
  49:main.c        ****     adcUser_IsEndConversion( adcUser_WAIT_FOR_RESULT );
  71              		.loc 1 49 0
  72 0006 0220     		movs	r0, #2
  73 0008 FFF7FEFF 		bl	adcUser_IsEndConversion
  74              	.LVL4:
  50:main.c        ****     
  51:main.c        ****     value_read_adc = adcUser_GetResult16(0);
  75              		.loc 1 51 0
  76 000c 0020     		movs	r0, #0
  77 000e FFF7FEFF 		bl	adcUser_GetResult16
  78              	.LVL5:
  79 0012 FFF7FEFF 		bl	__aeabi_i2f
  80              	.LVL6:
  81 0016 041C     		adds	r4, r0, #0
  82              	.LVL7:
  52:main.c        ****     
  53:main.c        ****     adcUser_StopConvert();
  83              		.loc 1 53 0
  84 0018 FFF7FEFF 		bl	adcUser_StopConvert
  85              	.LVL8:
  54:main.c        ****     
  55:main.c        ****     // Choose --> data format justification: right
  56:main.c        ****     //float value_Adc_mVolt = adcUser_CountsTo_mVolts(0, value_read_adc);
  57:main.c        ****     //float value_Adc_mVolt = (value_Adc_Volt/127)*5*1000;
  58:main.c        ****     
  59:main.c        ****     // Choose --> data format justification: left
  60:main.c        ****     float value_Adc_mVolt = (value_read_adc/32767)*5*1000;
  86              		.loc 1 60 0
  87 001c 0549     		ldr	r1, .L3
  88 001e 201C     		adds	r0, r4, #0
  89 0020 FFF7FEFF 		bl	__aeabi_fdiv
  90              	.LVL9:
  91 0024 0449     		ldr	r1, .L3+4
  92 0026 FFF7FEFF 		bl	__aeabi_fmul
  93              	.LVL10:
  94 002a 0449     		ldr	r1, .L3+8
  95 002c FFF7FEFF 		bl	__aeabi_fmul
  96              	.LVL11:
  61:main.c        ****     
  62:main.c        ****     return value_Adc_mVolt;
  63:main.c        **** }
  97              		.loc 1 63 0
  98              		@ sp needed
  99              	.LVL12:
 100 0030 10BD     		pop	{r4, pc}
 101              	.L4:
 102 0032 C046     		.align	2
 103              	.L3:
 104 0034 00FEFF46 		.word	1191181824
 105 0038 0000A040 		.word	1084227584
 106 003c 00007A44 		.word	1148846080
 107              		.cfi_endproc
 108              	.LFE35:
ARM GAS  C:\Users\NGUYEN~1\AppData\Local\Temp\ccVR02Vl.s 			page 4


 109              		.size	readADC, .-readADC
 110              		.global	__aeabi_f2d
 111              		.section	.text.transmitToPC,"ax",%progbits
 112              		.align	2
 113              		.global	transmitToPC
 114              		.code	16
 115              		.thumb_func
 116              		.type	transmitToPC, %function
 117              	transmitToPC:
 118              	.LFB36:
  64:main.c        **** 
  65:main.c        **** void transmitToPC(float adcData)
  66:main.c        **** {
 119              		.loc 1 66 0
 120              		.cfi_startproc
 121              		@ args = 0, pretend = 0, frame = 24
 122              		@ frame_needed = 0, uses_anonymous_args = 0
 123              	.LVL13:
 124 0000 00B5     		push	{lr}
 125              		.cfi_def_cfa_offset 4
 126              		.cfi_offset 14, -4
 127 0002 87B0     		sub	sp, sp, #28
 128              		.cfi_def_cfa_offset 32
  67:main.c        ****     char buffer_value_transmit[20];
  68:main.c        ****     
  69:main.c        ****     sprintf(buffer_value_transmit,"%f\n", adcData); 
 129              		.loc 1 69 0
 130 0004 FFF7FEFF 		bl	__aeabi_f2d
 131              	.LVL14:
 132 0008 0200     		movs	r2, r0
 133 000a 0B00     		movs	r3, r1
 134 000c 0449     		ldr	r1, .L6
 135 000e 01A8     		add	r0, sp, #4
 136 0010 FFF7FEFF 		bl	sprintf
 137              	.LVL15:
  70:main.c        ****     
  71:main.c        ****     uartUser_UartPutString(buffer_value_transmit);
 138              		.loc 1 71 0
 139 0014 01A8     		add	r0, sp, #4
 140 0016 FFF7FEFF 		bl	uartUser_UartPutString
 141              	.LVL16:
  72:main.c        **** }
 142              		.loc 1 72 0
 143 001a 07B0     		add	sp, sp, #28
 144              		@ sp needed
 145 001c 00BD     		pop	{pc}
 146              	.L7:
 147 001e C046     		.align	2
 148              	.L6:
 149 0020 00000000 		.word	.LC0
 150              		.cfi_endproc
 151              	.LFE36:
 152              		.size	transmitToPC, .-transmitToPC
 153              		.section	.text.readLM35,"ax",%progbits
 154              		.align	2
 155              		.global	readLM35
 156              		.code	16
ARM GAS  C:\Users\NGUYEN~1\AppData\Local\Temp\ccVR02Vl.s 			page 5


 157              		.thumb_func
 158              		.type	readLM35, %function
 159              	readLM35:
 160              	.LFB37:
  73:main.c        **** 
  74:main.c        **** float readLM35()
  75:main.c        **** {
 161              		.loc 1 75 0
 162              		.cfi_startproc
 163              		@ args = 0, pretend = 0, frame = 0
 164              		@ frame_needed = 0, uses_anonymous_args = 0
 165 0000 10B5     		push	{r4, lr}
 166              		.cfi_def_cfa_offset 8
 167              		.cfi_offset 4, -8
 168              		.cfi_offset 14, -4
 169              	.LVL17:
  76:main.c        ****     float value_read_adc=0;
  77:main.c        ****     
  78:main.c        ****     adcUser_StartConvert();    /* Start ADC conversions */
 170              		.loc 1 78 0
 171 0002 FFF7FEFF 		bl	adcUser_StartConvert
 172              	.LVL18:
  79:main.c        ****     
  80:main.c        ****     adcUser_IsEndConversion( adcUser_WAIT_FOR_RESULT );
 173              		.loc 1 80 0
 174 0006 0220     		movs	r0, #2
 175 0008 FFF7FEFF 		bl	adcUser_IsEndConversion
 176              	.LVL19:
  81:main.c        ****     
  82:main.c        ****     value_read_adc = adcUser_GetResult16(0);
 177              		.loc 1 82 0
 178 000c 0020     		movs	r0, #0
 179 000e FFF7FEFF 		bl	adcUser_GetResult16
 180              	.LVL20:
 181 0012 FFF7FEFF 		bl	__aeabi_i2f
 182              	.LVL21:
 183 0016 041C     		adds	r4, r0, #0
 184              	.LVL22:
  83:main.c        ****     
  84:main.c        ****     adcUser_StopConvert();
 185              		.loc 1 84 0
 186 0018 FFF7FEFF 		bl	adcUser_StopConvert
 187              	.LVL23:
  85:main.c        ****     
  86:main.c        ****     // Choose --> data format justification: right
  87:main.c        ****     //float value_Adc_mVolt = adcUser_CountsTo_mVolts(0, value_read_adc);
  88:main.c        ****     //float value_Adc_mVolt = (value_Adc_Volt/127)*5*1000;
  89:main.c        ****     
  90:main.c        ****     // Choose --> data format justification: left
  91:main.c        ****     float value_Adc_mVolt = (value_read_adc/32767)*5*1000;
 188              		.loc 1 91 0
 189 001c 0649     		ldr	r1, .L9
 190 001e 201C     		adds	r0, r4, #0
 191 0020 FFF7FEFF 		bl	__aeabi_fdiv
 192              	.LVL24:
 193 0024 0549     		ldr	r1, .L9+4
 194 0026 FFF7FEFF 		bl	__aeabi_fmul
ARM GAS  C:\Users\NGUYEN~1\AppData\Local\Temp\ccVR02Vl.s 			page 6


 195              	.LVL25:
 196 002a 0549     		ldr	r1, .L9+8
 197 002c FFF7FEFF 		bl	__aeabi_fmul
 198              	.LVL26:
  92:main.c        ****     
  93:main.c        ****     //1*c == 10mv
  94:main.c        ****     // --> temprature = value_Adc_mVolt/10;
  95:main.c        ****     
  96:main.c        ****     value_Adc_mVolt /=10;
 199              		.loc 1 96 0
 200 0030 0449     		ldr	r1, .L9+12
 201 0032 FFF7FEFF 		bl	__aeabi_fdiv
 202              	.LVL27:
  97:main.c        ****     return value_Adc_mVolt;
  98:main.c        **** }
 203              		.loc 1 98 0
 204              		@ sp needed
 205              	.LVL28:
 206 0036 10BD     		pop	{r4, pc}
 207              	.L10:
 208              		.align	2
 209              	.L9:
 210 0038 00FEFF46 		.word	1191181824
 211 003c 0000A040 		.word	1084227584
 212 0040 00007A44 		.word	1148846080
 213 0044 00002041 		.word	1092616192
 214              		.cfi_endproc
 215              	.LFE37:
 216              		.size	readLM35, .-readLM35
 217              		.section	.text.main,"ax",%progbits
 218              		.align	2
 219              		.global	main
 220              		.code	16
 221              		.thumb_func
 222              		.type	main, %function
 223              	main:
 224              	.LFB33:
  15:main.c        ****     CyGlobalIntEnable; /* Enable global interrupts. */
 225              		.loc 1 15 0
 226              		.cfi_startproc
 227              		@ args = 0, pretend = 0, frame = 0
 228              		@ frame_needed = 0, uses_anonymous_args = 0
 229 0000 10B5     		push	{r4, lr}
 230              		.cfi_def_cfa_offset 8
 231              		.cfi_offset 4, -8
 232              		.cfi_offset 14, -4
  16:main.c        **** 
 233              		.loc 1 16 0
 234              		.syntax divided
 235              	@ 16 "main.c" 1
 236 0002 62B6     		CPSIE   i
 237              	@ 0 "" 2
  20:main.c        ****     
 238              		.loc 1 20 0
 239              		.thumb
 240              		.syntax unified
 241 0004 FFF7FEFF 		bl	Init_System
ARM GAS  C:\Users\NGUYEN~1\AppData\Local\Temp\ccVR02Vl.s 			page 7


 242              	.LVL29:
 243              	.L12:
  28:main.c        ****         
 244              		.loc 1 28 0 discriminator 1
 245 0008 FFF7FEFF 		bl	readLM35
 246              	.LVL30:
  30:main.c        ****         
 247              		.loc 1 30 0 discriminator 1
 248 000c FFF7FEFF 		bl	transmitToPC
 249              	.LVL31:
  32:main.c        ****     }
 250              		.loc 1 32 0 discriminator 1
 251 0010 FA20     		movs	r0, #250
 252 0012 8000     		lsls	r0, r0, #2
 253 0014 FFF7FEFF 		bl	CyDelay
 254              	.LVL32:
 255 0018 F6E7     		b	.L12
 256              		.cfi_endproc
 257              	.LFE33:
 258              		.size	main, .-main
 259 001a C046     		.section	.rodata.str1.4,"aMS",%progbits,1
 260              		.align	2
 261              	.LC0:
 262 0000 25660A00 		.ascii	"%f\012\000"
 263              		.text
 264              	.Letext0:
 265              		.file 2 "Generated_Source\\PSoC4/uartUser.h"
 266              		.file 3 "Generated_Source\\PSoC4/adcUser.h"
 267              		.file 4 "c:\\program files (x86)\\cypress\\psoc creator\\4.4\\psoc creator\\import\\gnu\\arm\\5.4.
 268              		.file 5 "Generated_Source\\PSoC4/uartUser_SPI_UART.h"
 269              		.file 6 "Generated_Source\\PSoC4/CyLib.h"
 270              		.section	.debug_info,"",%progbits
 271              	.Ldebug_info0:
 272 0000 BA020000 		.4byte	0x2ba
 273 0004 0400     		.2byte	0x4
 274 0006 00000000 		.4byte	.Ldebug_abbrev0
 275 000a 04       		.byte	0x4
 276 000b 01       		.uleb128 0x1
 277 000c 31010000 		.4byte	.LASF30
 278 0010 0C       		.byte	0xc
 279 0011 EA010000 		.4byte	.LASF31
 280 0015 00020000 		.4byte	.LASF32
 281 0019 00000000 		.4byte	.Ldebug_ranges0+0
 282 001d 00000000 		.4byte	0
 283 0021 00000000 		.4byte	.Ldebug_line0
 284 0025 02       		.uleb128 0x2
 285 0026 04       		.byte	0x4
 286 0027 04       		.byte	0x4
 287 0028 49000000 		.4byte	.LASF0
 288 002c 02       		.uleb128 0x2
 289 002d 01       		.byte	0x1
 290 002e 06       		.byte	0x6
 291 002f 58020000 		.4byte	.LASF1
 292 0033 02       		.uleb128 0x2
 293 0034 01       		.byte	0x1
 294 0035 08       		.byte	0x8
 295 0036 63000000 		.4byte	.LASF2
ARM GAS  C:\Users\NGUYEN~1\AppData\Local\Temp\ccVR02Vl.s 			page 8


 296 003a 02       		.uleb128 0x2
 297 003b 02       		.byte	0x2
 298 003c 05       		.byte	0x5
 299 003d F6010000 		.4byte	.LASF3
 300 0041 02       		.uleb128 0x2
 301 0042 02       		.byte	0x2
 302 0043 07       		.byte	0x7
 303 0044 83000000 		.4byte	.LASF4
 304 0048 02       		.uleb128 0x2
 305 0049 04       		.byte	0x4
 306 004a 05       		.byte	0x5
 307 004b 43020000 		.4byte	.LASF5
 308 004f 02       		.uleb128 0x2
 309 0050 04       		.byte	0x4
 310 0051 07       		.byte	0x7
 311 0052 71000000 		.4byte	.LASF6
 312 0056 02       		.uleb128 0x2
 313 0057 08       		.byte	0x8
 314 0058 05       		.byte	0x5
 315 0059 DC010000 		.4byte	.LASF7
 316 005d 02       		.uleb128 0x2
 317 005e 08       		.byte	0x8
 318 005f 07       		.byte	0x7
 319 0060 02010000 		.4byte	.LASF8
 320 0064 03       		.uleb128 0x3
 321 0065 04       		.byte	0x4
 322 0066 05       		.byte	0x5
 323 0067 696E7400 		.ascii	"int\000"
 324 006b 02       		.uleb128 0x2
 325 006c 04       		.byte	0x4
 326 006d 07       		.byte	0x7
 327 006e 3C000000 		.4byte	.LASF9
 328 0072 02       		.uleb128 0x2
 329 0073 08       		.byte	0x8
 330 0074 04       		.byte	0x4
 331 0075 4C020000 		.4byte	.LASF10
 332 0079 02       		.uleb128 0x2
 333 007a 04       		.byte	0x4
 334 007b 07       		.byte	0x7
 335 007c D3010000 		.4byte	.LASF11
 336 0080 02       		.uleb128 0x2
 337 0081 01       		.byte	0x1
 338 0082 08       		.byte	0x8
 339 0083 F1010000 		.4byte	.LASF12
 340 0087 02       		.uleb128 0x2
 341 0088 08       		.byte	0x8
 342 0089 04       		.byte	0x4
 343 008a B3000000 		.4byte	.LASF13
 344 008e 04       		.uleb128 0x4
 345 008f 27020000 		.4byte	.LASF33
 346 0093 01       		.byte	0x1
 347 0094 24       		.byte	0x24
 348 0095 00000000 		.4byte	.LFB34
 349 0099 0C000000 		.4byte	.LFE34-.LFB34
 350 009d 01       		.uleb128 0x1
 351 009e 9C       		.byte	0x9c
 352 009f B6000000 		.4byte	0xb6
ARM GAS  C:\Users\NGUYEN~1\AppData\Local\Temp\ccVR02Vl.s 			page 9


 353 00a3 05       		.uleb128 0x5
 354 00a4 06000000 		.4byte	.LVL0
 355 00a8 59020000 		.4byte	0x259
 356 00ac 05       		.uleb128 0x5
 357 00ad 0A000000 		.4byte	.LVL1
 358 00b1 64020000 		.4byte	0x264
 359 00b5 00       		.byte	0
 360 00b6 06       		.uleb128 0x6
 361 00b7 64020000 		.4byte	.LASF16
 362 00bb 01       		.byte	0x1
 363 00bc 2B       		.byte	0x2b
 364 00bd 25000000 		.4byte	0x25
 365 00c1 00000000 		.4byte	.LFB35
 366 00c5 40000000 		.4byte	.LFE35-.LFB35
 367 00c9 01       		.uleb128 0x1
 368 00ca 9C       		.byte	0x9c
 369 00cb 24010000 		.4byte	0x124
 370 00cf 07       		.uleb128 0x7
 371 00d0 96000000 		.4byte	.LASF14
 372 00d4 01       		.byte	0x1
 373 00d5 2D       		.byte	0x2d
 374 00d6 25000000 		.4byte	0x25
 375 00da 00000000 		.4byte	.LLST0
 376 00de 08       		.uleb128 0x8
 377 00df 0D000000 		.4byte	.LASF15
 378 00e3 01       		.byte	0x1
 379 00e4 3C       		.byte	0x3c
 380 00e5 25000000 		.4byte	0x25
 381 00e9 01       		.uleb128 0x1
 382 00ea 50       		.byte	0x50
 383 00eb 05       		.uleb128 0x5
 384 00ec 06000000 		.4byte	.LVL3
 385 00f0 6F020000 		.4byte	0x26f
 386 00f4 09       		.uleb128 0x9
 387 00f5 0C000000 		.4byte	.LVL4
 388 00f9 7A020000 		.4byte	0x27a
 389 00fd 07010000 		.4byte	0x107
 390 0101 0A       		.uleb128 0xa
 391 0102 01       		.uleb128 0x1
 392 0103 50       		.byte	0x50
 393 0104 01       		.uleb128 0x1
 394 0105 32       		.byte	0x32
 395 0106 00       		.byte	0
 396 0107 09       		.uleb128 0x9
 397 0108 12000000 		.4byte	.LVL5
 398 010c 85020000 		.4byte	0x285
 399 0110 1A010000 		.4byte	0x11a
 400 0114 0A       		.uleb128 0xa
 401 0115 01       		.uleb128 0x1
 402 0116 50       		.byte	0x50
 403 0117 01       		.uleb128 0x1
 404 0118 30       		.byte	0x30
 405 0119 00       		.byte	0
 406 011a 05       		.uleb128 0x5
 407 011b 1C000000 		.4byte	.LVL8
 408 011f 90020000 		.4byte	0x290
 409 0123 00       		.byte	0
ARM GAS  C:\Users\NGUYEN~1\AppData\Local\Temp\ccVR02Vl.s 			page 10


 410 0124 0B       		.uleb128 0xb
 411 0125 00000000 		.4byte	.LASF17
 412 0129 01       		.byte	0x1
 413 012a 41       		.byte	0x41
 414 012b 00000000 		.4byte	.LFB36
 415 012f 24000000 		.4byte	.LFE36-.LFB36
 416 0133 01       		.uleb128 0x1
 417 0134 9C       		.byte	0x9c
 418 0135 84010000 		.4byte	0x184
 419 0139 0C       		.uleb128 0xc
 420 013a E5000000 		.4byte	.LASF34
 421 013e 01       		.byte	0x1
 422 013f 41       		.byte	0x41
 423 0140 25000000 		.4byte	0x25
 424 0144 2E000000 		.4byte	.LLST1
 425 0148 08       		.uleb128 0x8
 426 0149 1D000000 		.4byte	.LASF18
 427 014d 01       		.byte	0x1
 428 014e 43       		.byte	0x43
 429 014f 84010000 		.4byte	0x184
 430 0153 02       		.uleb128 0x2
 431 0154 91       		.byte	0x91
 432 0155 64       		.sleb128 -28
 433 0156 09       		.uleb128 0x9
 434 0157 14000000 		.4byte	.LVL15
 435 015b 9B020000 		.4byte	0x29b
 436 015f 73010000 		.4byte	0x173
 437 0163 0A       		.uleb128 0xa
 438 0164 01       		.uleb128 0x1
 439 0165 50       		.byte	0x50
 440 0166 02       		.uleb128 0x2
 441 0167 91       		.byte	0x91
 442 0168 64       		.sleb128 -28
 443 0169 0A       		.uleb128 0xa
 444 016a 01       		.uleb128 0x1
 445 016b 51       		.byte	0x51
 446 016c 05       		.uleb128 0x5
 447 016d 03       		.byte	0x3
 448 016e 00000000 		.4byte	.LC0
 449 0172 00       		.byte	0
 450 0173 0D       		.uleb128 0xd
 451 0174 1A000000 		.4byte	.LVL16
 452 0178 A6020000 		.4byte	0x2a6
 453 017c 0A       		.uleb128 0xa
 454 017d 01       		.uleb128 0x1
 455 017e 50       		.byte	0x50
 456 017f 02       		.uleb128 0x2
 457 0180 91       		.byte	0x91
 458 0181 64       		.sleb128 -28
 459 0182 00       		.byte	0
 460 0183 00       		.byte	0
 461 0184 0E       		.uleb128 0xe
 462 0185 80000000 		.4byte	0x80
 463 0189 94010000 		.4byte	0x194
 464 018d 0F       		.uleb128 0xf
 465 018e 79000000 		.4byte	0x79
 466 0192 13       		.byte	0x13
ARM GAS  C:\Users\NGUYEN~1\AppData\Local\Temp\ccVR02Vl.s 			page 11


 467 0193 00       		.byte	0
 468 0194 06       		.uleb128 0x6
 469 0195 33000000 		.4byte	.LASF19
 470 0199 01       		.byte	0x1
 471 019a 4A       		.byte	0x4a
 472 019b 25000000 		.4byte	0x25
 473 019f 00000000 		.4byte	.LFB37
 474 01a3 48000000 		.4byte	.LFE37-.LFB37
 475 01a7 01       		.uleb128 0x1
 476 01a8 9C       		.byte	0x9c
 477 01a9 04020000 		.4byte	0x204
 478 01ad 07       		.uleb128 0x7
 479 01ae 96000000 		.4byte	.LASF14
 480 01b2 01       		.byte	0x1
 481 01b3 4C       		.byte	0x4c
 482 01b4 25000000 		.4byte	0x25
 483 01b8 51000000 		.4byte	.LLST2
 484 01bc 07       		.uleb128 0x7
 485 01bd 0D000000 		.4byte	.LASF15
 486 01c1 01       		.byte	0x1
 487 01c2 5B       		.byte	0x5b
 488 01c3 25000000 		.4byte	0x25
 489 01c7 7F000000 		.4byte	.LLST3
 490 01cb 05       		.uleb128 0x5
 491 01cc 06000000 		.4byte	.LVL18
 492 01d0 6F020000 		.4byte	0x26f
 493 01d4 09       		.uleb128 0x9
 494 01d5 0C000000 		.4byte	.LVL19
 495 01d9 7A020000 		.4byte	0x27a
 496 01dd E7010000 		.4byte	0x1e7
 497 01e1 0A       		.uleb128 0xa
 498 01e2 01       		.uleb128 0x1
 499 01e3 50       		.byte	0x50
 500 01e4 01       		.uleb128 0x1
 501 01e5 32       		.byte	0x32
 502 01e6 00       		.byte	0
 503 01e7 09       		.uleb128 0x9
 504 01e8 12000000 		.4byte	.LVL20
 505 01ec 85020000 		.4byte	0x285
 506 01f0 FA010000 		.4byte	0x1fa
 507 01f4 0A       		.uleb128 0xa
 508 01f5 01       		.uleb128 0x1
 509 01f6 50       		.byte	0x50
 510 01f7 01       		.uleb128 0x1
 511 01f8 30       		.byte	0x30
 512 01f9 00       		.byte	0
 513 01fa 05       		.uleb128 0x5
 514 01fb 1C000000 		.4byte	.LVL23
 515 01ff 90020000 		.4byte	0x290
 516 0203 00       		.byte	0
 517 0204 10       		.uleb128 0x10
 518 0205 BA000000 		.4byte	.LASF35
 519 0209 01       		.byte	0x1
 520 020a 0E       		.byte	0xe
 521 020b 64000000 		.4byte	0x64
 522 020f 00000000 		.4byte	.LFB33
 523 0213 1A000000 		.4byte	.LFE33-.LFB33
ARM GAS  C:\Users\NGUYEN~1\AppData\Local\Temp\ccVR02Vl.s 			page 12


 524 0217 01       		.uleb128 0x1
 525 0218 9C       		.byte	0x9c
 526 0219 59020000 		.4byte	0x259
 527 021d 07       		.uleb128 0x7
 528 021e 33020000 		.4byte	.LASF20
 529 0222 01       		.byte	0x1
 530 0223 16       		.byte	0x16
 531 0224 25000000 		.4byte	0x25
 532 0228 9D000000 		.4byte	.LLST4
 533 022c 05       		.uleb128 0x5
 534 022d 08000000 		.4byte	.LVL29
 535 0231 8E000000 		.4byte	0x8e
 536 0235 05       		.uleb128 0x5
 537 0236 0C000000 		.4byte	.LVL30
 538 023a 94010000 		.4byte	0x194
 539 023e 05       		.uleb128 0x5
 540 023f 10000000 		.4byte	.LVL31
 541 0243 24010000 		.4byte	0x124
 542 0247 0D       		.uleb128 0xd
 543 0248 18000000 		.4byte	.LVL32
 544 024c B2020000 		.4byte	0x2b2
 545 0250 0A       		.uleb128 0xa
 546 0251 01       		.uleb128 0x1
 547 0252 50       		.byte	0x50
 548 0253 03       		.uleb128 0x3
 549 0254 0A       		.byte	0xa
 550 0255 E803     		.2byte	0x3e8
 551 0257 00       		.byte	0
 552 0258 00       		.byte	0
 553 0259 11       		.uleb128 0x11
 554 025a D6000000 		.4byte	.LASF21
 555 025e D6000000 		.4byte	.LASF21
 556 0262 02       		.byte	0x2
 557 0263 72       		.byte	0x72
 558 0264 11       		.uleb128 0x11
 559 0265 A5000000 		.4byte	.LASF22
 560 0269 A5000000 		.4byte	.LASF22
 561 026d 03       		.byte	0x3
 562 026e 99       		.byte	0x99
 563 026f 11       		.uleb128 0x11
 564 0270 ED000000 		.4byte	.LASF23
 565 0274 ED000000 		.4byte	.LASF23
 566 0278 03       		.byte	0x3
 567 0279 9D       		.byte	0x9d
 568 027a 11       		.uleb128 0x11
 569 027b 19010000 		.4byte	.LASF24
 570 027f 19010000 		.4byte	.LASF24
 571 0283 03       		.byte	0x3
 572 0284 9F       		.byte	0x9f
 573 0285 11       		.uleb128 0x11
 574 0286 4F000000 		.4byte	.LASF25
 575 028a 4F000000 		.4byte	.LASF25
 576 028e 03       		.byte	0x3
 577 028f A0       		.byte	0xa0
 578 0290 11       		.uleb128 0x11
 579 0291 BF010000 		.4byte	.LASF26
 580 0295 BF010000 		.4byte	.LASF26
ARM GAS  C:\Users\NGUYEN~1\AppData\Local\Temp\ccVR02Vl.s 			page 13


 581 0299 03       		.byte	0x3
 582 029a 9E       		.byte	0x9e
 583 029b 11       		.uleb128 0x11
 584 029c 6C020000 		.4byte	.LASF27
 585 02a0 6C020000 		.4byte	.LASF27
 586 02a4 04       		.byte	0x4
 587 02a5 E7       		.byte	0xe7
 588 02a6 12       		.uleb128 0x12
 589 02a7 BF000000 		.4byte	.LASF28
 590 02ab BF000000 		.4byte	.LASF28
 591 02af 05       		.byte	0x5
 592 02b0 2A03     		.2byte	0x32a
 593 02b2 11       		.uleb128 0x11
 594 02b3 74020000 		.4byte	.LASF29
 595 02b7 74020000 		.4byte	.LASF29
 596 02bb 06       		.byte	0x6
 597 02bc EC       		.byte	0xec
 598 02bd 00       		.byte	0
 599              		.section	.debug_abbrev,"",%progbits
 600              	.Ldebug_abbrev0:
 601 0000 01       		.uleb128 0x1
 602 0001 11       		.uleb128 0x11
 603 0002 01       		.byte	0x1
 604 0003 25       		.uleb128 0x25
 605 0004 0E       		.uleb128 0xe
 606 0005 13       		.uleb128 0x13
 607 0006 0B       		.uleb128 0xb
 608 0007 03       		.uleb128 0x3
 609 0008 0E       		.uleb128 0xe
 610 0009 1B       		.uleb128 0x1b
 611 000a 0E       		.uleb128 0xe
 612 000b 55       		.uleb128 0x55
 613 000c 17       		.uleb128 0x17
 614 000d 11       		.uleb128 0x11
 615 000e 01       		.uleb128 0x1
 616 000f 10       		.uleb128 0x10
 617 0010 17       		.uleb128 0x17
 618 0011 00       		.byte	0
 619 0012 00       		.byte	0
 620 0013 02       		.uleb128 0x2
 621 0014 24       		.uleb128 0x24
 622 0015 00       		.byte	0
 623 0016 0B       		.uleb128 0xb
 624 0017 0B       		.uleb128 0xb
 625 0018 3E       		.uleb128 0x3e
 626 0019 0B       		.uleb128 0xb
 627 001a 03       		.uleb128 0x3
 628 001b 0E       		.uleb128 0xe
 629 001c 00       		.byte	0
 630 001d 00       		.byte	0
 631 001e 03       		.uleb128 0x3
 632 001f 24       		.uleb128 0x24
 633 0020 00       		.byte	0
 634 0021 0B       		.uleb128 0xb
 635 0022 0B       		.uleb128 0xb
 636 0023 3E       		.uleb128 0x3e
 637 0024 0B       		.uleb128 0xb
ARM GAS  C:\Users\NGUYEN~1\AppData\Local\Temp\ccVR02Vl.s 			page 14


 638 0025 03       		.uleb128 0x3
 639 0026 08       		.uleb128 0x8
 640 0027 00       		.byte	0
 641 0028 00       		.byte	0
 642 0029 04       		.uleb128 0x4
 643 002a 2E       		.uleb128 0x2e
 644 002b 01       		.byte	0x1
 645 002c 3F       		.uleb128 0x3f
 646 002d 19       		.uleb128 0x19
 647 002e 03       		.uleb128 0x3
 648 002f 0E       		.uleb128 0xe
 649 0030 3A       		.uleb128 0x3a
 650 0031 0B       		.uleb128 0xb
 651 0032 3B       		.uleb128 0x3b
 652 0033 0B       		.uleb128 0xb
 653 0034 11       		.uleb128 0x11
 654 0035 01       		.uleb128 0x1
 655 0036 12       		.uleb128 0x12
 656 0037 06       		.uleb128 0x6
 657 0038 40       		.uleb128 0x40
 658 0039 18       		.uleb128 0x18
 659 003a 9742     		.uleb128 0x2117
 660 003c 19       		.uleb128 0x19
 661 003d 01       		.uleb128 0x1
 662 003e 13       		.uleb128 0x13
 663 003f 00       		.byte	0
 664 0040 00       		.byte	0
 665 0041 05       		.uleb128 0x5
 666 0042 898201   		.uleb128 0x4109
 667 0045 00       		.byte	0
 668 0046 11       		.uleb128 0x11
 669 0047 01       		.uleb128 0x1
 670 0048 31       		.uleb128 0x31
 671 0049 13       		.uleb128 0x13
 672 004a 00       		.byte	0
 673 004b 00       		.byte	0
 674 004c 06       		.uleb128 0x6
 675 004d 2E       		.uleb128 0x2e
 676 004e 01       		.byte	0x1
 677 004f 3F       		.uleb128 0x3f
 678 0050 19       		.uleb128 0x19
 679 0051 03       		.uleb128 0x3
 680 0052 0E       		.uleb128 0xe
 681 0053 3A       		.uleb128 0x3a
 682 0054 0B       		.uleb128 0xb
 683 0055 3B       		.uleb128 0x3b
 684 0056 0B       		.uleb128 0xb
 685 0057 49       		.uleb128 0x49
 686 0058 13       		.uleb128 0x13
 687 0059 11       		.uleb128 0x11
 688 005a 01       		.uleb128 0x1
 689 005b 12       		.uleb128 0x12
 690 005c 06       		.uleb128 0x6
 691 005d 40       		.uleb128 0x40
 692 005e 18       		.uleb128 0x18
 693 005f 9642     		.uleb128 0x2116
 694 0061 19       		.uleb128 0x19
ARM GAS  C:\Users\NGUYEN~1\AppData\Local\Temp\ccVR02Vl.s 			page 15


 695 0062 01       		.uleb128 0x1
 696 0063 13       		.uleb128 0x13
 697 0064 00       		.byte	0
 698 0065 00       		.byte	0
 699 0066 07       		.uleb128 0x7
 700 0067 34       		.uleb128 0x34
 701 0068 00       		.byte	0
 702 0069 03       		.uleb128 0x3
 703 006a 0E       		.uleb128 0xe
 704 006b 3A       		.uleb128 0x3a
 705 006c 0B       		.uleb128 0xb
 706 006d 3B       		.uleb128 0x3b
 707 006e 0B       		.uleb128 0xb
 708 006f 49       		.uleb128 0x49
 709 0070 13       		.uleb128 0x13
 710 0071 02       		.uleb128 0x2
 711 0072 17       		.uleb128 0x17
 712 0073 00       		.byte	0
 713 0074 00       		.byte	0
 714 0075 08       		.uleb128 0x8
 715 0076 34       		.uleb128 0x34
 716 0077 00       		.byte	0
 717 0078 03       		.uleb128 0x3
 718 0079 0E       		.uleb128 0xe
 719 007a 3A       		.uleb128 0x3a
 720 007b 0B       		.uleb128 0xb
 721 007c 3B       		.uleb128 0x3b
 722 007d 0B       		.uleb128 0xb
 723 007e 49       		.uleb128 0x49
 724 007f 13       		.uleb128 0x13
 725 0080 02       		.uleb128 0x2
 726 0081 18       		.uleb128 0x18
 727 0082 00       		.byte	0
 728 0083 00       		.byte	0
 729 0084 09       		.uleb128 0x9
 730 0085 898201   		.uleb128 0x4109
 731 0088 01       		.byte	0x1
 732 0089 11       		.uleb128 0x11
 733 008a 01       		.uleb128 0x1
 734 008b 31       		.uleb128 0x31
 735 008c 13       		.uleb128 0x13
 736 008d 01       		.uleb128 0x1
 737 008e 13       		.uleb128 0x13
 738 008f 00       		.byte	0
 739 0090 00       		.byte	0
 740 0091 0A       		.uleb128 0xa
 741 0092 8A8201   		.uleb128 0x410a
 742 0095 00       		.byte	0
 743 0096 02       		.uleb128 0x2
 744 0097 18       		.uleb128 0x18
 745 0098 9142     		.uleb128 0x2111
 746 009a 18       		.uleb128 0x18
 747 009b 00       		.byte	0
 748 009c 00       		.byte	0
 749 009d 0B       		.uleb128 0xb
 750 009e 2E       		.uleb128 0x2e
 751 009f 01       		.byte	0x1
ARM GAS  C:\Users\NGUYEN~1\AppData\Local\Temp\ccVR02Vl.s 			page 16


 752 00a0 3F       		.uleb128 0x3f
 753 00a1 19       		.uleb128 0x19
 754 00a2 03       		.uleb128 0x3
 755 00a3 0E       		.uleb128 0xe
 756 00a4 3A       		.uleb128 0x3a
 757 00a5 0B       		.uleb128 0xb
 758 00a6 3B       		.uleb128 0x3b
 759 00a7 0B       		.uleb128 0xb
 760 00a8 27       		.uleb128 0x27
 761 00a9 19       		.uleb128 0x19
 762 00aa 11       		.uleb128 0x11
 763 00ab 01       		.uleb128 0x1
 764 00ac 12       		.uleb128 0x12
 765 00ad 06       		.uleb128 0x6
 766 00ae 40       		.uleb128 0x40
 767 00af 18       		.uleb128 0x18
 768 00b0 9642     		.uleb128 0x2116
 769 00b2 19       		.uleb128 0x19
 770 00b3 01       		.uleb128 0x1
 771 00b4 13       		.uleb128 0x13
 772 00b5 00       		.byte	0
 773 00b6 00       		.byte	0
 774 00b7 0C       		.uleb128 0xc
 775 00b8 05       		.uleb128 0x5
 776 00b9 00       		.byte	0
 777 00ba 03       		.uleb128 0x3
 778 00bb 0E       		.uleb128 0xe
 779 00bc 3A       		.uleb128 0x3a
 780 00bd 0B       		.uleb128 0xb
 781 00be 3B       		.uleb128 0x3b
 782 00bf 0B       		.uleb128 0xb
 783 00c0 49       		.uleb128 0x49
 784 00c1 13       		.uleb128 0x13
 785 00c2 02       		.uleb128 0x2
 786 00c3 17       		.uleb128 0x17
 787 00c4 00       		.byte	0
 788 00c5 00       		.byte	0
 789 00c6 0D       		.uleb128 0xd
 790 00c7 898201   		.uleb128 0x4109
 791 00ca 01       		.byte	0x1
 792 00cb 11       		.uleb128 0x11
 793 00cc 01       		.uleb128 0x1
 794 00cd 31       		.uleb128 0x31
 795 00ce 13       		.uleb128 0x13
 796 00cf 00       		.byte	0
 797 00d0 00       		.byte	0
 798 00d1 0E       		.uleb128 0xe
 799 00d2 01       		.uleb128 0x1
 800 00d3 01       		.byte	0x1
 801 00d4 49       		.uleb128 0x49
 802 00d5 13       		.uleb128 0x13
 803 00d6 01       		.uleb128 0x1
 804 00d7 13       		.uleb128 0x13
 805 00d8 00       		.byte	0
 806 00d9 00       		.byte	0
 807 00da 0F       		.uleb128 0xf
 808 00db 21       		.uleb128 0x21
ARM GAS  C:\Users\NGUYEN~1\AppData\Local\Temp\ccVR02Vl.s 			page 17


 809 00dc 00       		.byte	0
 810 00dd 49       		.uleb128 0x49
 811 00de 13       		.uleb128 0x13
 812 00df 2F       		.uleb128 0x2f
 813 00e0 0B       		.uleb128 0xb
 814 00e1 00       		.byte	0
 815 00e2 00       		.byte	0
 816 00e3 10       		.uleb128 0x10
 817 00e4 2E       		.uleb128 0x2e
 818 00e5 01       		.byte	0x1
 819 00e6 3F       		.uleb128 0x3f
 820 00e7 19       		.uleb128 0x19
 821 00e8 03       		.uleb128 0x3
 822 00e9 0E       		.uleb128 0xe
 823 00ea 3A       		.uleb128 0x3a
 824 00eb 0B       		.uleb128 0xb
 825 00ec 3B       		.uleb128 0x3b
 826 00ed 0B       		.uleb128 0xb
 827 00ee 27       		.uleb128 0x27
 828 00ef 19       		.uleb128 0x19
 829 00f0 49       		.uleb128 0x49
 830 00f1 13       		.uleb128 0x13
 831 00f2 8701     		.uleb128 0x87
 832 00f4 19       		.uleb128 0x19
 833 00f5 11       		.uleb128 0x11
 834 00f6 01       		.uleb128 0x1
 835 00f7 12       		.uleb128 0x12
 836 00f8 06       		.uleb128 0x6
 837 00f9 40       		.uleb128 0x40
 838 00fa 18       		.uleb128 0x18
 839 00fb 9742     		.uleb128 0x2117
 840 00fd 19       		.uleb128 0x19
 841 00fe 01       		.uleb128 0x1
 842 00ff 13       		.uleb128 0x13
 843 0100 00       		.byte	0
 844 0101 00       		.byte	0
 845 0102 11       		.uleb128 0x11
 846 0103 2E       		.uleb128 0x2e
 847 0104 00       		.byte	0
 848 0105 3F       		.uleb128 0x3f
 849 0106 19       		.uleb128 0x19
 850 0107 3C       		.uleb128 0x3c
 851 0108 19       		.uleb128 0x19
 852 0109 6E       		.uleb128 0x6e
 853 010a 0E       		.uleb128 0xe
 854 010b 03       		.uleb128 0x3
 855 010c 0E       		.uleb128 0xe
 856 010d 3A       		.uleb128 0x3a
 857 010e 0B       		.uleb128 0xb
 858 010f 3B       		.uleb128 0x3b
 859 0110 0B       		.uleb128 0xb
 860 0111 00       		.byte	0
 861 0112 00       		.byte	0
 862 0113 12       		.uleb128 0x12
 863 0114 2E       		.uleb128 0x2e
 864 0115 00       		.byte	0
 865 0116 3F       		.uleb128 0x3f
ARM GAS  C:\Users\NGUYEN~1\AppData\Local\Temp\ccVR02Vl.s 			page 18


 866 0117 19       		.uleb128 0x19
 867 0118 3C       		.uleb128 0x3c
 868 0119 19       		.uleb128 0x19
 869 011a 6E       		.uleb128 0x6e
 870 011b 0E       		.uleb128 0xe
 871 011c 03       		.uleb128 0x3
 872 011d 0E       		.uleb128 0xe
 873 011e 3A       		.uleb128 0x3a
 874 011f 0B       		.uleb128 0xb
 875 0120 3B       		.uleb128 0x3b
 876 0121 05       		.uleb128 0x5
 877 0122 00       		.byte	0
 878 0123 00       		.byte	0
 879 0124 00       		.byte	0
 880              		.section	.debug_loc,"",%progbits
 881              	.Ldebug_loc0:
 882              	.LLST0:
 883 0000 02000000 		.4byte	.LVL2
 884 0004 18000000 		.4byte	.LVL7
 885 0008 0600     		.2byte	0x6
 886 000a 9E       		.byte	0x9e
 887 000b 04       		.uleb128 0x4
 888 000c 00000000 		.4byte	0
 889 0010 18000000 		.4byte	.LVL7
 890 0014 1B000000 		.4byte	.LVL8-1
 891 0018 0100     		.2byte	0x1
 892 001a 50       		.byte	0x50
 893 001b 1B000000 		.4byte	.LVL8-1
 894 001f 30000000 		.4byte	.LVL12
 895 0023 0100     		.2byte	0x1
 896 0025 54       		.byte	0x54
 897 0026 00000000 		.4byte	0
 898 002a 00000000 		.4byte	0
 899              	.LLST1:
 900 002e 00000000 		.4byte	.LVL13
 901 0032 07000000 		.4byte	.LVL14-1
 902 0036 0100     		.2byte	0x1
 903 0038 50       		.byte	0x50
 904 0039 07000000 		.4byte	.LVL14-1
 905 003d 24000000 		.4byte	.LFE36
 906 0041 0600     		.2byte	0x6
 907 0043 F3       		.byte	0xf3
 908 0044 03       		.uleb128 0x3
 909 0045 F5       		.byte	0xf5
 910 0046 00       		.uleb128 0
 911 0047 25       		.uleb128 0x25
 912 0048 9F       		.byte	0x9f
 913 0049 00000000 		.4byte	0
 914 004d 00000000 		.4byte	0
 915              	.LLST2:
 916 0051 02000000 		.4byte	.LVL17
 917 0055 18000000 		.4byte	.LVL22
 918 0059 0600     		.2byte	0x6
 919 005b 9E       		.byte	0x9e
 920 005c 04       		.uleb128 0x4
 921 005d 00000000 		.4byte	0
 922 0061 18000000 		.4byte	.LVL22
ARM GAS  C:\Users\NGUYEN~1\AppData\Local\Temp\ccVR02Vl.s 			page 19


 923 0065 1B000000 		.4byte	.LVL23-1
 924 0069 0100     		.2byte	0x1
 925 006b 50       		.byte	0x50
 926 006c 1B000000 		.4byte	.LVL23-1
 927 0070 36000000 		.4byte	.LVL28
 928 0074 0100     		.2byte	0x1
 929 0076 54       		.byte	0x54
 930 0077 00000000 		.4byte	0
 931 007b 00000000 		.4byte	0
 932              	.LLST3:
 933 007f 30000000 		.4byte	.LVL26
 934 0083 35000000 		.4byte	.LVL27-1
 935 0087 0100     		.2byte	0x1
 936 0089 50       		.byte	0x50
 937 008a 36000000 		.4byte	.LVL27
 938 008e 48000000 		.4byte	.LFE37
 939 0092 0100     		.2byte	0x1
 940 0094 50       		.byte	0x50
 941 0095 00000000 		.4byte	0
 942 0099 00000000 		.4byte	0
 943              	.LLST4:
 944 009d 0C000000 		.4byte	.LVL30
 945 00a1 0F000000 		.4byte	.LVL31-1
 946 00a5 0100     		.2byte	0x1
 947 00a7 50       		.byte	0x50
 948 00a8 00000000 		.4byte	0
 949 00ac 00000000 		.4byte	0
 950              		.section	.debug_aranges,"",%progbits
 951 0000 3C000000 		.4byte	0x3c
 952 0004 0200     		.2byte	0x2
 953 0006 00000000 		.4byte	.Ldebug_info0
 954 000a 04       		.byte	0x4
 955 000b 00       		.byte	0
 956 000c 0000     		.2byte	0
 957 000e 0000     		.2byte	0
 958 0010 00000000 		.4byte	.LFB34
 959 0014 0C000000 		.4byte	.LFE34-.LFB34
 960 0018 00000000 		.4byte	.LFB35
 961 001c 40000000 		.4byte	.LFE35-.LFB35
 962 0020 00000000 		.4byte	.LFB36
 963 0024 24000000 		.4byte	.LFE36-.LFB36
 964 0028 00000000 		.4byte	.LFB37
 965 002c 48000000 		.4byte	.LFE37-.LFB37
 966 0030 00000000 		.4byte	.LFB33
 967 0034 1A000000 		.4byte	.LFE33-.LFB33
 968 0038 00000000 		.4byte	0
 969 003c 00000000 		.4byte	0
 970              		.section	.debug_ranges,"",%progbits
 971              	.Ldebug_ranges0:
 972 0000 00000000 		.4byte	.LFB34
 973 0004 0C000000 		.4byte	.LFE34
 974 0008 00000000 		.4byte	.LFB35
 975 000c 40000000 		.4byte	.LFE35
 976 0010 00000000 		.4byte	.LFB36
 977 0014 24000000 		.4byte	.LFE36
 978 0018 00000000 		.4byte	.LFB37
 979 001c 48000000 		.4byte	.LFE37
ARM GAS  C:\Users\NGUYEN~1\AppData\Local\Temp\ccVR02Vl.s 			page 20


 980 0020 00000000 		.4byte	.LFB33
 981 0024 1A000000 		.4byte	.LFE33
 982 0028 00000000 		.4byte	0
 983 002c 00000000 		.4byte	0
 984              		.section	.debug_line,"",%progbits
 985              	.Ldebug_line0:
 986 0000 5B010000 		.section	.debug_str,"MS",%progbits,1
 986      0200E400 
 986      00000201 
 986      FB0E0D00 
 986      01010101 
 987              	.LASF17:
 988 0000 7472616E 		.ascii	"transmitToPC\000"
 988      736D6974 
 988      546F5043 
 988      00
 989              	.LASF15:
 990 000d 76616C75 		.ascii	"value_Adc_mVolt\000"
 990      655F4164 
 990      635F6D56 
 990      6F6C7400 
 991              	.LASF18:
 992 001d 62756666 		.ascii	"buffer_value_transmit\000"
 992      65725F76 
 992      616C7565 
 992      5F747261 
 992      6E736D69 
 993              	.LASF19:
 994 0033 72656164 		.ascii	"readLM35\000"
 994      4C4D3335 
 994      00
 995              	.LASF9:
 996 003c 756E7369 		.ascii	"unsigned int\000"
 996      676E6564 
 996      20696E74 
 996      00
 997              	.LASF0:
 998 0049 666C6F61 		.ascii	"float\000"
 998      7400
 999              	.LASF25:
 1000 004f 61646355 		.ascii	"adcUser_GetResult16\000"
 1000      7365725F 
 1000      47657452 
 1000      6573756C 
 1000      74313600 
 1001              	.LASF2:
 1002 0063 756E7369 		.ascii	"unsigned char\000"
 1002      676E6564 
 1002      20636861 
 1002      7200
 1003              	.LASF6:
 1004 0071 6C6F6E67 		.ascii	"long unsigned int\000"
 1004      20756E73 
 1004      69676E65 
 1004      6420696E 
 1004      7400
 1005              	.LASF4:
ARM GAS  C:\Users\NGUYEN~1\AppData\Local\Temp\ccVR02Vl.s 			page 21


 1006 0083 73686F72 		.ascii	"short unsigned int\000"
 1006      7420756E 
 1006      7369676E 
 1006      65642069 
 1006      6E7400
 1007              	.LASF14:
 1008 0096 76616C75 		.ascii	"value_read_adc\000"
 1008      655F7265 
 1008      61645F61 
 1008      646300
 1009              	.LASF22:
 1010 00a5 61646355 		.ascii	"adcUser_Start\000"
 1010      7365725F 
 1010      53746172 
 1010      7400
 1011              	.LASF13:
 1012 00b3 646F7562 		.ascii	"double\000"
 1012      6C6500
 1013              	.LASF35:
 1014 00ba 6D61696E 		.ascii	"main\000"
 1014      00
 1015              	.LASF28:
 1016 00bf 75617274 		.ascii	"uartUser_UartPutString\000"
 1016      55736572 
 1016      5F556172 
 1016      74507574 
 1016      53747269 
 1017              	.LASF21:
 1018 00d6 75617274 		.ascii	"uartUser_Start\000"
 1018      55736572 
 1018      5F537461 
 1018      727400
 1019              	.LASF34:
 1020 00e5 61646344 		.ascii	"adcData\000"
 1020      61746100 
 1021              	.LASF23:
 1022 00ed 61646355 		.ascii	"adcUser_StartConvert\000"
 1022      7365725F 
 1022      53746172 
 1022      74436F6E 
 1022      76657274 
 1023              	.LASF8:
 1024 0102 6C6F6E67 		.ascii	"long long unsigned int\000"
 1024      206C6F6E 
 1024      6720756E 
 1024      7369676E 
 1024      65642069 
 1025              	.LASF24:
 1026 0119 61646355 		.ascii	"adcUser_IsEndConversion\000"
 1026      7365725F 
 1026      4973456E 
 1026      64436F6E 
 1026      76657273 
 1027              	.LASF30:
 1028 0131 474E5520 		.ascii	"GNU C11 5.4.1 20160609 (release) [ARM/embedded-5-br"
 1028      43313120 
 1028      352E342E 
ARM GAS  C:\Users\NGUYEN~1\AppData\Local\Temp\ccVR02Vl.s 			page 22


 1028      31203230 
 1028      31363036 
 1029 0164 616E6368 		.ascii	"anch revision 237715] -mcpu=cortex-m0 -mthumb -g -O"
 1029      20726576 
 1029      6973696F 
 1029      6E203233 
 1029      37373135 
 1030 0197 67202D66 		.ascii	"g -ffunction-sections -ffat-lto-objects\000"
 1030      66756E63 
 1030      74696F6E 
 1030      2D736563 
 1030      74696F6E 
 1031              	.LASF26:
 1032 01bf 61646355 		.ascii	"adcUser_StopConvert\000"
 1032      7365725F 
 1032      53746F70 
 1032      436F6E76 
 1032      65727400 
 1033              	.LASF11:
 1034 01d3 73697A65 		.ascii	"sizetype\000"
 1034      74797065 
 1034      00
 1035              	.LASF7:
 1036 01dc 6C6F6E67 		.ascii	"long long int\000"
 1036      206C6F6E 
 1036      6720696E 
 1036      7400
 1037              	.LASF31:
 1038 01ea 6D61696E 		.ascii	"main.c\000"
 1038      2E6300
 1039              	.LASF12:
 1040 01f1 63686172 		.ascii	"char\000"
 1040      00
 1041              	.LASF3:
 1042 01f6 73686F72 		.ascii	"short int\000"
 1042      7420696E 
 1042      7400
 1043              	.LASF32:
 1044 0200 443A5C70 		.ascii	"D:\\psoc\\theory\\adc_1_channel\\adc.cydsn\000"
 1044      736F635C 
 1044      7468656F 
 1044      72795C61 
 1044      64635F31 
 1045              	.LASF33:
 1046 0227 496E6974 		.ascii	"Init_System\000"
 1046      5F537973 
 1046      74656D00 
 1047              	.LASF20:
 1048 0233 72657375 		.ascii	"result_Read_Adc\000"
 1048      6C745F52 
 1048      6561645F 
 1048      41646300 
 1049              	.LASF5:
 1050 0243 6C6F6E67 		.ascii	"long int\000"
 1050      20696E74 
 1050      00
 1051              	.LASF10:
ARM GAS  C:\Users\NGUYEN~1\AppData\Local\Temp\ccVR02Vl.s 			page 23


 1052 024c 6C6F6E67 		.ascii	"long double\000"
 1052      20646F75 
 1052      626C6500 
 1053              	.LASF1:
 1054 0258 7369676E 		.ascii	"signed char\000"
 1054      65642063 
 1054      68617200 
 1055              	.LASF16:
 1056 0264 72656164 		.ascii	"readADC\000"
 1056      41444300 
 1057              	.LASF27:
 1058 026c 73707269 		.ascii	"sprintf\000"
 1058      6E746600 
 1059              	.LASF29:
 1060 0274 43794465 		.ascii	"CyDelay\000"
 1060      6C617900 
 1061              		.ident	"GCC: (GNU Tools for ARM Embedded Processors) 5.4.1 20160609 (release) [ARM/embedded-5-bran
