ARM GAS  C:\Users\NGUYEN~1\AppData\Local\Temp\ccSTlCQG.s 			page 1


   1              		.syntax unified
   2              		.cpu cortex-m0
   3              		.fpu softvfp
   4              		.eabi_attribute 20, 1
   5              		.eabi_attribute 21, 1
   6              		.eabi_attribute 23, 3
   7              		.eabi_attribute 24, 1
   8              		.eabi_attribute 25, 1
   9              		.eabi_attribute 26, 1
  10              		.eabi_attribute 30, 1
  11              		.eabi_attribute 34, 0
  12              		.eabi_attribute 18, 4
  13              		.thumb
  14              		.syntax unified
  15              		.file	"cyfitter_cfg.c"
  16              		.text
  17              	.Ltext0:
  18              		.cfi_sections	.debug_frame
  19              		.section	.text.CYMEMZERO,"ax",%progbits
  20              		.align	2
  21              		.code	16
  22              		.thumb_func
  23              		.type	CYMEMZERO, %function
  24              	CYMEMZERO:
  25              	.LFB0:
  26              		.file 1 "Generated_Source\\PSoC4\\cyfitter_cfg.c"
   1:Generated_Source\PSoC4/cyfitter_cfg.c **** 
   2:Generated_Source\PSoC4/cyfitter_cfg.c **** /*******************************************************************************
   3:Generated_Source\PSoC4/cyfitter_cfg.c **** * File Name: cyfitter_cfg.c
   4:Generated_Source\PSoC4/cyfitter_cfg.c **** * 
   5:Generated_Source\PSoC4/cyfitter_cfg.c **** * PSoC Creator  4.4
   6:Generated_Source\PSoC4/cyfitter_cfg.c **** *
   7:Generated_Source\PSoC4/cyfitter_cfg.c **** * Description:
   8:Generated_Source\PSoC4/cyfitter_cfg.c **** * This file contains device initialization code.
   9:Generated_Source\PSoC4/cyfitter_cfg.c **** * Except for the user defined sections in CyClockStartupError(), this file should not be modified.
  10:Generated_Source\PSoC4/cyfitter_cfg.c **** * This file is automatically generated by PSoC Creator.
  11:Generated_Source\PSoC4/cyfitter_cfg.c **** *
  12:Generated_Source\PSoC4/cyfitter_cfg.c **** ********************************************************************************
  13:Generated_Source\PSoC4/cyfitter_cfg.c **** * Copyright (c) 2007-2020 Cypress Semiconductor.  All rights reserved.
  14:Generated_Source\PSoC4/cyfitter_cfg.c **** * You may use this file only in accordance with the license, terms, conditions, 
  15:Generated_Source\PSoC4/cyfitter_cfg.c **** * disclaimers, and limitations in the end user license agreement accompanying 
  16:Generated_Source\PSoC4/cyfitter_cfg.c **** * the software package with which this file was provided.
  17:Generated_Source\PSoC4/cyfitter_cfg.c **** ********************************************************************************/
  18:Generated_Source\PSoC4/cyfitter_cfg.c **** 
  19:Generated_Source\PSoC4/cyfitter_cfg.c **** #include <string.h>
  20:Generated_Source\PSoC4/cyfitter_cfg.c **** #include "cytypes.h"
  21:Generated_Source\PSoC4/cyfitter_cfg.c **** #include "cydevice_trm.h"
  22:Generated_Source\PSoC4/cyfitter_cfg.c **** #include "cyfitter.h"
  23:Generated_Source\PSoC4/cyfitter_cfg.c **** #include "CyLib.h"
  24:Generated_Source\PSoC4/cyfitter_cfg.c **** #include "CyLFClk.h"
  25:Generated_Source\PSoC4/cyfitter_cfg.c **** #include "cyfitter_cfg.h"
  26:Generated_Source\PSoC4/cyfitter_cfg.c **** #include "cyapicallbacks.h"
  27:Generated_Source\PSoC4/cyfitter_cfg.c **** 
  28:Generated_Source\PSoC4/cyfitter_cfg.c **** 
  29:Generated_Source\PSoC4/cyfitter_cfg.c **** #if defined(__GNUC__) || defined(__ARMCC_VERSION)
  30:Generated_Source\PSoC4/cyfitter_cfg.c ****     #define CYPACKED 
  31:Generated_Source\PSoC4/cyfitter_cfg.c ****     #define CYPACKED_ATTR __attribute__ ((packed))
ARM GAS  C:\Users\NGUYEN~1\AppData\Local\Temp\ccSTlCQG.s 			page 2


  32:Generated_Source\PSoC4/cyfitter_cfg.c ****     #define CYALIGNED __attribute__ ((aligned))
  33:Generated_Source\PSoC4/cyfitter_cfg.c ****     #define CY_CFG_UNUSED __attribute__ ((unused))
  34:Generated_Source\PSoC4/cyfitter_cfg.c ****     #ifndef CY_CFG_SECTION
  35:Generated_Source\PSoC4/cyfitter_cfg.c ****         #define CY_CFG_SECTION __attribute__ ((section(".psocinit")))
  36:Generated_Source\PSoC4/cyfitter_cfg.c ****     #endif
  37:Generated_Source\PSoC4/cyfitter_cfg.c ****     
  38:Generated_Source\PSoC4/cyfitter_cfg.c ****     #if defined(__ARMCC_VERSION)
  39:Generated_Source\PSoC4/cyfitter_cfg.c ****         #define CY_CFG_MEMORY_BARRIER() __memory_changed()
  40:Generated_Source\PSoC4/cyfitter_cfg.c ****     #else
  41:Generated_Source\PSoC4/cyfitter_cfg.c ****         #define CY_CFG_MEMORY_BARRIER() __sync_synchronize()
  42:Generated_Source\PSoC4/cyfitter_cfg.c ****     #endif
  43:Generated_Source\PSoC4/cyfitter_cfg.c ****     
  44:Generated_Source\PSoC4/cyfitter_cfg.c **** #elif defined(__ICCARM__)
  45:Generated_Source\PSoC4/cyfitter_cfg.c ****     #include <intrinsics.h>
  46:Generated_Source\PSoC4/cyfitter_cfg.c **** 
  47:Generated_Source\PSoC4/cyfitter_cfg.c ****     #define CYPACKED __packed
  48:Generated_Source\PSoC4/cyfitter_cfg.c ****     #define CYPACKED_ATTR 
  49:Generated_Source\PSoC4/cyfitter_cfg.c ****     #define CYALIGNED _Pragma("data_alignment=4")
  50:Generated_Source\PSoC4/cyfitter_cfg.c ****     #define CY_CFG_UNUSED _Pragma("diag_suppress=Pe177")
  51:Generated_Source\PSoC4/cyfitter_cfg.c ****     #define CY_CFG_SECTION _Pragma("location=\".psocinit\"")
  52:Generated_Source\PSoC4/cyfitter_cfg.c ****     
  53:Generated_Source\PSoC4/cyfitter_cfg.c ****     #define CY_CFG_MEMORY_BARRIER() __DMB()
  54:Generated_Source\PSoC4/cyfitter_cfg.c ****     
  55:Generated_Source\PSoC4/cyfitter_cfg.c **** #else
  56:Generated_Source\PSoC4/cyfitter_cfg.c ****     #error Unsupported toolchain
  57:Generated_Source\PSoC4/cyfitter_cfg.c **** #endif
  58:Generated_Source\PSoC4/cyfitter_cfg.c **** 
  59:Generated_Source\PSoC4/cyfitter_cfg.c **** #ifndef CYCODE
  60:Generated_Source\PSoC4/cyfitter_cfg.c ****     #define CYCODE
  61:Generated_Source\PSoC4/cyfitter_cfg.c **** #endif
  62:Generated_Source\PSoC4/cyfitter_cfg.c **** #ifndef CYDATA
  63:Generated_Source\PSoC4/cyfitter_cfg.c ****     #define CYDATA
  64:Generated_Source\PSoC4/cyfitter_cfg.c **** #endif
  65:Generated_Source\PSoC4/cyfitter_cfg.c **** #ifndef CYFAR
  66:Generated_Source\PSoC4/cyfitter_cfg.c ****     #define CYFAR
  67:Generated_Source\PSoC4/cyfitter_cfg.c **** #endif
  68:Generated_Source\PSoC4/cyfitter_cfg.c **** #ifndef CYXDATA
  69:Generated_Source\PSoC4/cyfitter_cfg.c ****     #define CYXDATA
  70:Generated_Source\PSoC4/cyfitter_cfg.c **** #endif
  71:Generated_Source\PSoC4/cyfitter_cfg.c **** 
  72:Generated_Source\PSoC4/cyfitter_cfg.c **** 
  73:Generated_Source\PSoC4/cyfitter_cfg.c **** CY_CFG_UNUSED
  74:Generated_Source\PSoC4/cyfitter_cfg.c **** static void CYMEMZERO(void *s, size_t n);
  75:Generated_Source\PSoC4/cyfitter_cfg.c **** CY_CFG_UNUSED
  76:Generated_Source\PSoC4/cyfitter_cfg.c **** static void CYMEMZERO(void *s, size_t n)
  77:Generated_Source\PSoC4/cyfitter_cfg.c **** {
  27              		.loc 1 77 0
  28              		.cfi_startproc
  29              		@ args = 0, pretend = 0, frame = 0
  30              		@ frame_needed = 0, uses_anonymous_args = 0
  31              	.LVL0:
  32 0000 10B5     		push	{r4, lr}
  33              		.cfi_def_cfa_offset 8
  34              		.cfi_offset 4, -8
  35              		.cfi_offset 14, -4
  36 0002 0A00     		movs	r2, r1
  78:Generated_Source\PSoC4/cyfitter_cfg.c **** 	(void)memset(s, 0, n);
ARM GAS  C:\Users\NGUYEN~1\AppData\Local\Temp\ccSTlCQG.s 			page 3


  37              		.loc 1 78 0
  38 0004 0021     		movs	r1, #0
  39              	.LVL1:
  40 0006 FFF7FEFF 		bl	memset
  41              	.LVL2:
  79:Generated_Source\PSoC4/cyfitter_cfg.c **** }
  42              		.loc 1 79 0
  43              		@ sp needed
  44 000a 10BD     		pop	{r4, pc}
  45              		.cfi_endproc
  46              	.LFE0:
  47              		.size	CYMEMZERO, .-CYMEMZERO
  48              		.section	.psocinit,"ax",%progbits
  49              		.align	2
  50              		.code	16
  51              		.thumb_func
  52              		.type	ClockSetup, %function
  53              	ClockSetup:
  54              	.LFB3:
  80:Generated_Source\PSoC4/cyfitter_cfg.c **** CY_CFG_UNUSED
  81:Generated_Source\PSoC4/cyfitter_cfg.c **** static void CYCONFIGCPY(void *dest, const void *src, size_t n);
  82:Generated_Source\PSoC4/cyfitter_cfg.c **** CY_CFG_UNUSED
  83:Generated_Source\PSoC4/cyfitter_cfg.c **** static void CYCONFIGCPY(void *dest, const void *src, size_t n)
  84:Generated_Source\PSoC4/cyfitter_cfg.c **** {
  85:Generated_Source\PSoC4/cyfitter_cfg.c **** 	(void)memcpy(dest, src, n);
  86:Generated_Source\PSoC4/cyfitter_cfg.c **** }
  87:Generated_Source\PSoC4/cyfitter_cfg.c **** CY_CFG_UNUSED
  88:Generated_Source\PSoC4/cyfitter_cfg.c **** static void CYCONFIGCPYCODE(void *dest, const void *src, size_t n);
  89:Generated_Source\PSoC4/cyfitter_cfg.c **** CY_CFG_UNUSED
  90:Generated_Source\PSoC4/cyfitter_cfg.c **** static void CYCONFIGCPYCODE(void *dest, const void *src, size_t n)
  91:Generated_Source\PSoC4/cyfitter_cfg.c **** {
  92:Generated_Source\PSoC4/cyfitter_cfg.c **** 	(void)memcpy(dest, src, n);
  93:Generated_Source\PSoC4/cyfitter_cfg.c **** }
  94:Generated_Source\PSoC4/cyfitter_cfg.c **** 
  95:Generated_Source\PSoC4/cyfitter_cfg.c **** 
  96:Generated_Source\PSoC4/cyfitter_cfg.c **** 
  97:Generated_Source\PSoC4/cyfitter_cfg.c **** 
  98:Generated_Source\PSoC4/cyfitter_cfg.c **** /* Clock startup error codes                                                   */
  99:Generated_Source\PSoC4/cyfitter_cfg.c **** #define CYCLOCKSTART_NO_ERROR    0u
 100:Generated_Source\PSoC4/cyfitter_cfg.c **** #define CYCLOCKSTART_XTAL_ERROR  1u
 101:Generated_Source\PSoC4/cyfitter_cfg.c **** #define CYCLOCKSTART_32KHZ_ERROR 2u
 102:Generated_Source\PSoC4/cyfitter_cfg.c **** #define CYCLOCKSTART_PLL_ERROR   3u
 103:Generated_Source\PSoC4/cyfitter_cfg.c **** #define CYCLOCKSTART_FLL_ERROR   4u
 104:Generated_Source\PSoC4/cyfitter_cfg.c **** #define CYCLOCKSTART_WCO_ERROR   5u
 105:Generated_Source\PSoC4/cyfitter_cfg.c **** 
 106:Generated_Source\PSoC4/cyfitter_cfg.c **** 
 107:Generated_Source\PSoC4/cyfitter_cfg.c **** #ifdef CY_NEED_CYCLOCKSTARTUPERROR
 108:Generated_Source\PSoC4/cyfitter_cfg.c **** /*******************************************************************************
 109:Generated_Source\PSoC4/cyfitter_cfg.c **** * Function Name: CyClockStartupError
 110:Generated_Source\PSoC4/cyfitter_cfg.c **** ********************************************************************************
 111:Generated_Source\PSoC4/cyfitter_cfg.c **** * Summary:
 112:Generated_Source\PSoC4/cyfitter_cfg.c **** *  If an error is encountered during clock configuration (crystal startup error,
 113:Generated_Source\PSoC4/cyfitter_cfg.c **** *  PLL lock error, etc.), the system will end up here.  Unless reimplemented by
 114:Generated_Source\PSoC4/cyfitter_cfg.c **** *  the customer, this function will stop in an infinite loop.
 115:Generated_Source\PSoC4/cyfitter_cfg.c **** *
 116:Generated_Source\PSoC4/cyfitter_cfg.c **** * Parameters:
 117:Generated_Source\PSoC4/cyfitter_cfg.c **** *   void
ARM GAS  C:\Users\NGUYEN~1\AppData\Local\Temp\ccSTlCQG.s 			page 4


 118:Generated_Source\PSoC4/cyfitter_cfg.c **** *
 119:Generated_Source\PSoC4/cyfitter_cfg.c **** * Return:
 120:Generated_Source\PSoC4/cyfitter_cfg.c **** *   void
 121:Generated_Source\PSoC4/cyfitter_cfg.c **** *
 122:Generated_Source\PSoC4/cyfitter_cfg.c **** *******************************************************************************/
 123:Generated_Source\PSoC4/cyfitter_cfg.c **** CY_CFG_UNUSED
 124:Generated_Source\PSoC4/cyfitter_cfg.c **** static void CyClockStartupError(uint8 errorCode);
 125:Generated_Source\PSoC4/cyfitter_cfg.c **** CY_CFG_UNUSED
 126:Generated_Source\PSoC4/cyfitter_cfg.c **** static void CyClockStartupError(uint8 errorCode)
 127:Generated_Source\PSoC4/cyfitter_cfg.c **** {
 128:Generated_Source\PSoC4/cyfitter_cfg.c ****     /* To remove the compiler warning if errorCode not used.                */
 129:Generated_Source\PSoC4/cyfitter_cfg.c ****     errorCode = errorCode;
 130:Generated_Source\PSoC4/cyfitter_cfg.c **** 
 131:Generated_Source\PSoC4/cyfitter_cfg.c ****     /* If we have a clock startup error (bad MHz crystal, PLL lock, etc.),  */
 132:Generated_Source\PSoC4/cyfitter_cfg.c ****     /* we will end up here to allow the customer to implement something to  */
 133:Generated_Source\PSoC4/cyfitter_cfg.c ****     /* deal with the clock condition.                                       */
 134:Generated_Source\PSoC4/cyfitter_cfg.c **** 
 135:Generated_Source\PSoC4/cyfitter_cfg.c **** #ifdef CY_CFG_CLOCK_STARTUP_ERROR_CALLBACK
 136:Generated_Source\PSoC4/cyfitter_cfg.c ****     CY_CFG_Clock_Startup_ErrorCallback();
 137:Generated_Source\PSoC4/cyfitter_cfg.c **** #else
 138:Generated_Source\PSoC4/cyfitter_cfg.c ****     /*  If not using CY_CFG_CLOCK_STARTUP_ERROR_CALLBACK, place your clock startup code here. */
 139:Generated_Source\PSoC4/cyfitter_cfg.c ****     /* `#START CyClockStartupError` */
 140:Generated_Source\PSoC4/cyfitter_cfg.c **** 
 141:Generated_Source\PSoC4/cyfitter_cfg.c **** 
 142:Generated_Source\PSoC4/cyfitter_cfg.c **** 
 143:Generated_Source\PSoC4/cyfitter_cfg.c ****     /* `#END` */
 144:Generated_Source\PSoC4/cyfitter_cfg.c **** 
 145:Generated_Source\PSoC4/cyfitter_cfg.c ****     while(1) {}
 146:Generated_Source\PSoC4/cyfitter_cfg.c **** #endif /* CY_CFG_CLOCK_STARTUP_ERROR_CALLBACK */
 147:Generated_Source\PSoC4/cyfitter_cfg.c **** }
 148:Generated_Source\PSoC4/cyfitter_cfg.c **** #endif
 149:Generated_Source\PSoC4/cyfitter_cfg.c **** 
 150:Generated_Source\PSoC4/cyfitter_cfg.c **** 
 151:Generated_Source\PSoC4/cyfitter_cfg.c **** 
 152:Generated_Source\PSoC4/cyfitter_cfg.c **** /*******************************************************************************
 153:Generated_Source\PSoC4/cyfitter_cfg.c **** * Function Name: ClockSetup
 154:Generated_Source\PSoC4/cyfitter_cfg.c **** ********************************************************************************
 155:Generated_Source\PSoC4/cyfitter_cfg.c **** *
 156:Generated_Source\PSoC4/cyfitter_cfg.c **** * Summary:
 157:Generated_Source\PSoC4/cyfitter_cfg.c **** *   Performs the initialization of all of the clocks in the device based on the
 158:Generated_Source\PSoC4/cyfitter_cfg.c **** *   settings in the Clock tab of the DWR.  This includes enabling the requested
 159:Generated_Source\PSoC4/cyfitter_cfg.c **** *   clocks and setting the necessary dividers to produce the desired frequency. 
 160:Generated_Source\PSoC4/cyfitter_cfg.c **** *
 161:Generated_Source\PSoC4/cyfitter_cfg.c **** * Parameters:
 162:Generated_Source\PSoC4/cyfitter_cfg.c **** *   void
 163:Generated_Source\PSoC4/cyfitter_cfg.c **** *
 164:Generated_Source\PSoC4/cyfitter_cfg.c **** * Return:
 165:Generated_Source\PSoC4/cyfitter_cfg.c **** *   void
 166:Generated_Source\PSoC4/cyfitter_cfg.c **** *
 167:Generated_Source\PSoC4/cyfitter_cfg.c **** *******************************************************************************/
 168:Generated_Source\PSoC4/cyfitter_cfg.c **** static void ClockSetup(void);
 169:Generated_Source\PSoC4/cyfitter_cfg.c **** CY_CFG_SECTION
 170:Generated_Source\PSoC4/cyfitter_cfg.c **** static void ClockSetup(void)
 171:Generated_Source\PSoC4/cyfitter_cfg.c **** {
  55              		.loc 1 171 0
  56              		.cfi_startproc
  57              		@ args = 0, pretend = 0, frame = 0
ARM GAS  C:\Users\NGUYEN~1\AppData\Local\Temp\ccSTlCQG.s 			page 5


  58              		@ frame_needed = 0, uses_anonymous_args = 0
  59 0000 70B5     		push	{r4, r5, r6, lr}
  60              		.cfi_def_cfa_offset 16
  61              		.cfi_offset 4, -16
  62              		.cfi_offset 5, -12
  63              		.cfi_offset 6, -8
  64              		.cfi_offset 14, -4
 172:Generated_Source\PSoC4/cyfitter_cfg.c **** 	/* Enable HALF_EN before trimming for the flash accelerator. */
 173:Generated_Source\PSoC4/cyfitter_cfg.c **** 	CY_SET_REG32((void CYXDATA *)(CYREG_CLK_SELECT), (CY_GET_REG32((void *)CYREG_CLK_SELECT) | 0x00040
  65              		.loc 1 173 0
  66 0002 0F4C     		ldr	r4, .L3
  67 0004 2368     		ldr	r3, [r4]
  68 0006 8022     		movs	r2, #128
  69 0008 D202     		lsls	r2, r2, #11
  70 000a 1343     		orrs	r3, r2
  71 000c 2360     		str	r3, [r4]
 174:Generated_Source\PSoC4/cyfitter_cfg.c **** 
 175:Generated_Source\PSoC4/cyfitter_cfg.c **** 	/* Setup and trim IMO based on desired frequency. */
 176:Generated_Source\PSoC4/cyfitter_cfg.c **** 	CySysClkWriteImoFreq(24u);
  72              		.loc 1 176 0
  73 000e 1820     		movs	r0, #24
  74 0010 FFF7FEFF 		bl	CySysClkWriteImoFreq
  75              	.LVL3:
 177:Generated_Source\PSoC4/cyfitter_cfg.c **** 
 178:Generated_Source\PSoC4/cyfitter_cfg.c **** 	/* Disable HALF_EN since it is not required at this IMO frequency. */
 179:Generated_Source\PSoC4/cyfitter_cfg.c **** 	CY_SET_REG32((void CYXDATA *)(CYREG_CLK_SELECT), (CY_GET_REG32((void *)CYREG_CLK_SELECT) & 0xFFFBF
  76              		.loc 1 179 0
  77 0014 2268     		ldr	r2, [r4]
  78 0016 0B4B     		ldr	r3, .L3+4
  79 0018 1340     		ands	r3, r2
  80 001a 2360     		str	r3, [r4]
 180:Generated_Source\PSoC4/cyfitter_cfg.c **** 	/* CYDEV_CLK_ILO_CONFIG Starting address: CYDEV_CLK_ILO_CONFIG */
 181:Generated_Source\PSoC4/cyfitter_cfg.c **** 	CY_SET_REG32((void *)(CYREG_CLK_ILO_CONFIG), 0x80000006u);
  81              		.loc 1 181 0
  82 001c 0A4A     		ldr	r2, .L3+8
  83 001e 0B4B     		ldr	r3, .L3+12
  84 0020 1A60     		str	r2, [r3]
 182:Generated_Source\PSoC4/cyfitter_cfg.c **** 
 183:Generated_Source\PSoC4/cyfitter_cfg.c **** 
 184:Generated_Source\PSoC4/cyfitter_cfg.c **** 	/* CYDEV_CLK_IMO_CONFIG Starting address: CYDEV_CLK_IMO_CONFIG */
 185:Generated_Source\PSoC4/cyfitter_cfg.c **** 	CY_SET_REG32((void *)(CYREG_CLK_IMO_CONFIG), 0x80000000u);
  85              		.loc 1 185 0
  86 0022 063A     		subs	r2, r2, #6
  87 0024 0A4B     		ldr	r3, .L3+16
  88 0026 1A60     		str	r2, [r3]
 186:Generated_Source\PSoC4/cyfitter_cfg.c **** 
 187:Generated_Source\PSoC4/cyfitter_cfg.c **** 	/* CYDEV_CLK_SELECT Starting address: CYDEV_CLK_SELECT */
 188:Generated_Source\PSoC4/cyfitter_cfg.c **** 	CY_SET_REG32((void *)(CYREG_CLK_SELECT), 0x00000000u);
  89              		.loc 1 188 0
  90 0028 0025     		movs	r5, #0
  91 002a 2560     		str	r5, [r4]
 189:Generated_Source\PSoC4/cyfitter_cfg.c **** 
 190:Generated_Source\PSoC4/cyfitter_cfg.c **** 	(void)CyIntSetVector(9u, &CySysWdtIsr);
  92              		.loc 1 190 0
  93 002c 0949     		ldr	r1, .L3+20
  94 002e 0920     		movs	r0, #9
  95 0030 FFF7FEFF 		bl	CyIntSetVector
ARM GAS  C:\Users\NGUYEN~1\AppData\Local\Temp\ccSTlCQG.s 			page 6


  96              	.LVL4:
 191:Generated_Source\PSoC4/cyfitter_cfg.c **** 	CyIntEnable(9u);
  97              		.loc 1 191 0
  98 0034 0920     		movs	r0, #9
  99 0036 FFF7FEFF 		bl	CyIntEnable
 100              	.LVL5:
 192:Generated_Source\PSoC4/cyfitter_cfg.c **** 	CY_SET_REG32((void *)(CYREG_WDT_CONFIG), 0x00000000u);
 101              		.loc 1 192 0
 102 003a 074B     		ldr	r3, .L3+24
 103 003c 1D60     		str	r5, [r3]
 193:Generated_Source\PSoC4/cyfitter_cfg.c **** }
 104              		.loc 1 193 0
 105              		@ sp needed
 106 003e 70BD     		pop	{r4, r5, r6, pc}
 107              	.L4:
 108              		.align	2
 109              	.L3:
 110 0040 00010B40 		.word	1074462976
 111 0044 FFFFFBFF 		.word	-262145
 112 0048 06000080 		.word	-2147483642
 113 004c 04010B40 		.word	1074462980
 114 0050 08010B40 		.word	1074462984
 115 0054 00000000 		.word	CySysWdtIsr
 116 0058 0C020B40 		.word	1074463244
 117              		.cfi_endproc
 118              	.LFE3:
 119              		.size	ClockSetup, .-ClockSetup
 120              		.align	2
 121              		.global	cyfitter_cfg
 122              		.code	16
 123              		.thumb_func
 124              		.type	cyfitter_cfg, %function
 125              	cyfitter_cfg:
 126              	.LFB5:
 194:Generated_Source\PSoC4/cyfitter_cfg.c **** 
 195:Generated_Source\PSoC4/cyfitter_cfg.c **** 
 196:Generated_Source\PSoC4/cyfitter_cfg.c **** /* Analog API Functions */
 197:Generated_Source\PSoC4/cyfitter_cfg.c **** 
 198:Generated_Source\PSoC4/cyfitter_cfg.c **** 
 199:Generated_Source\PSoC4/cyfitter_cfg.c **** /*******************************************************************************
 200:Generated_Source\PSoC4/cyfitter_cfg.c **** * Function Name: AnalogSetDefault
 201:Generated_Source\PSoC4/cyfitter_cfg.c **** ********************************************************************************
 202:Generated_Source\PSoC4/cyfitter_cfg.c **** *
 203:Generated_Source\PSoC4/cyfitter_cfg.c **** * Summary:
 204:Generated_Source\PSoC4/cyfitter_cfg.c **** *  Sets up the analog portions of the chip to default values based on chip
 205:Generated_Source\PSoC4/cyfitter_cfg.c **** *  configuration options from the project.
 206:Generated_Source\PSoC4/cyfitter_cfg.c **** *
 207:Generated_Source\PSoC4/cyfitter_cfg.c **** * Parameters:
 208:Generated_Source\PSoC4/cyfitter_cfg.c **** *  void
 209:Generated_Source\PSoC4/cyfitter_cfg.c **** *
 210:Generated_Source\PSoC4/cyfitter_cfg.c **** * Return:
 211:Generated_Source\PSoC4/cyfitter_cfg.c **** *  void
 212:Generated_Source\PSoC4/cyfitter_cfg.c **** *
 213:Generated_Source\PSoC4/cyfitter_cfg.c **** *******************************************************************************/
 214:Generated_Source\PSoC4/cyfitter_cfg.c **** static void AnalogSetDefault(void);
 215:Generated_Source\PSoC4/cyfitter_cfg.c **** static void AnalogSetDefault(void)
 216:Generated_Source\PSoC4/cyfitter_cfg.c **** {
ARM GAS  C:\Users\NGUYEN~1\AppData\Local\Temp\ccSTlCQG.s 			page 7


 217:Generated_Source\PSoC4/cyfitter_cfg.c **** }
 218:Generated_Source\PSoC4/cyfitter_cfg.c **** 
 219:Generated_Source\PSoC4/cyfitter_cfg.c **** 
 220:Generated_Source\PSoC4/cyfitter_cfg.c **** 
 221:Generated_Source\PSoC4/cyfitter_cfg.c **** 
 222:Generated_Source\PSoC4/cyfitter_cfg.c **** /*******************************************************************************
 223:Generated_Source\PSoC4/cyfitter_cfg.c **** * Function Name: cyfitter_cfg
 224:Generated_Source\PSoC4/cyfitter_cfg.c **** ********************************************************************************
 225:Generated_Source\PSoC4/cyfitter_cfg.c **** * Summary:
 226:Generated_Source\PSoC4/cyfitter_cfg.c **** *  This function is called by the start-up code for the selected device. It
 227:Generated_Source\PSoC4/cyfitter_cfg.c **** *  performs all of the necessary device configuration based on the design
 228:Generated_Source\PSoC4/cyfitter_cfg.c **** *  settings.  This includes settings from the Design Wide Resources (DWR) such
 229:Generated_Source\PSoC4/cyfitter_cfg.c **** *  as Clocks and Pins as well as any component configuration that is necessary.
 230:Generated_Source\PSoC4/cyfitter_cfg.c **** *
 231:Generated_Source\PSoC4/cyfitter_cfg.c **** * Parameters:
 232:Generated_Source\PSoC4/cyfitter_cfg.c **** *   void
 233:Generated_Source\PSoC4/cyfitter_cfg.c **** *
 234:Generated_Source\PSoC4/cyfitter_cfg.c **** * Return:
 235:Generated_Source\PSoC4/cyfitter_cfg.c **** *   void
 236:Generated_Source\PSoC4/cyfitter_cfg.c **** *
 237:Generated_Source\PSoC4/cyfitter_cfg.c **** *******************************************************************************/
 238:Generated_Source\PSoC4/cyfitter_cfg.c **** CY_CFG_SECTION
 239:Generated_Source\PSoC4/cyfitter_cfg.c **** void cyfitter_cfg(void)
 240:Generated_Source\PSoC4/cyfitter_cfg.c **** {
 127              		.loc 1 240 0
 128              		.cfi_startproc
 129              		@ args = 0, pretend = 0, frame = 0
 130              		@ frame_needed = 0, uses_anonymous_args = 0
 131 005c 10B5     		push	{r4, lr}
 132              		.cfi_def_cfa_offset 8
 133              		.cfi_offset 4, -8
 134              		.cfi_offset 14, -4
 241:Generated_Source\PSoC4/cyfitter_cfg.c **** 	/* Disable interrupts by default. Let user enable if/when they want. */
 242:Generated_Source\PSoC4/cyfitter_cfg.c **** 	CyGlobalIntDisable;
 135              		.loc 1 242 0
 136              		.syntax divided
 137              	@ 242 "Generated_Source\PSoC4\cyfitter_cfg.c" 1
 138 005e 72B6     		CPSID   i
 139              	@ 0 "" 2
 140              	.LVL6:
 141              		.thumb
 142              		.syntax unified
 143              	.LBB2:
 243:Generated_Source\PSoC4/cyfitter_cfg.c **** 
 244:Generated_Source\PSoC4/cyfitter_cfg.c **** 	{
 245:Generated_Source\PSoC4/cyfitter_cfg.c **** 
 246:Generated_Source\PSoC4/cyfitter_cfg.c **** 		CYPACKED typedef struct {
 247:Generated_Source\PSoC4/cyfitter_cfg.c **** 			void CYFAR *address;
 248:Generated_Source\PSoC4/cyfitter_cfg.c **** 			uint16 size;
 249:Generated_Source\PSoC4/cyfitter_cfg.c **** 		} CYPACKED_ATTR cfg_memset_t;
 250:Generated_Source\PSoC4/cyfitter_cfg.c **** 
 251:Generated_Source\PSoC4/cyfitter_cfg.c **** 		static const cfg_memset_t CYCODE cfg_memset_list[] = {
 252:Generated_Source\PSoC4/cyfitter_cfg.c **** 			/* address, size */
 253:Generated_Source\PSoC4/cyfitter_cfg.c **** 			{(void CYFAR *)(CYDEV_UDB_P0_U0_BASE), 1024u},
 254:Generated_Source\PSoC4/cyfitter_cfg.c **** 			{(void CYFAR *)(CYDEV_UDB_DSI0_BASE), 1024u},
 255:Generated_Source\PSoC4/cyfitter_cfg.c **** 		};
 256:Generated_Source\PSoC4/cyfitter_cfg.c **** 
ARM GAS  C:\Users\NGUYEN~1\AppData\Local\Temp\ccSTlCQG.s 			page 8


 257:Generated_Source\PSoC4/cyfitter_cfg.c **** 		uint8 CYDATA i;
 258:Generated_Source\PSoC4/cyfitter_cfg.c **** 
 259:Generated_Source\PSoC4/cyfitter_cfg.c **** 		/* Zero out critical memory blocks before beginning configuration */
 260:Generated_Source\PSoC4/cyfitter_cfg.c **** 		for (i = 0u; i < (sizeof(cfg_memset_list)/sizeof(cfg_memset_list[0])); i++)
 144              		.loc 1 260 0
 145 0060 0024     		movs	r4, #0
 146 0062 0FE0     		b	.L6
 147              	.LVL7:
 148              	.L7:
 149              	.LBB3:
 261:Generated_Source\PSoC4/cyfitter_cfg.c **** 		{
 262:Generated_Source\PSoC4/cyfitter_cfg.c **** 			const cfg_memset_t CYCODE * CYDATA ms = &cfg_memset_list[i];
 263:Generated_Source\PSoC4/cyfitter_cfg.c **** 			CYMEMZERO(ms->address, (size_t)(uint32)(ms->size));
 150              		.loc 1 263 0 discriminator 3
 151 0064 1548     		ldr	r0, .L8
 152 0066 6200     		lsls	r2, r4, #1
 153 0068 1319     		adds	r3, r2, r4
 154 006a 5900     		lsls	r1, r3, #1
 155 006c 0B00     		movs	r3, r1
 156 006e 4118     		adds	r1, r0, r1
 157 0070 8988     		ldrh	r1, [r1, #4]
 158 0072 1A5A     		ldrh	r2, [r3, r0]
 159 0074 C318     		adds	r3, r0, r3
 160 0076 5888     		ldrh	r0, [r3, #2]
 161 0078 0004     		lsls	r0, r0, #16
 162 007a 1043     		orrs	r0, r2
 163 007c FFF7FEFF 		bl	CYMEMZERO
 164              	.LVL8:
 165              	.LBE3:
 260:Generated_Source\PSoC4/cyfitter_cfg.c **** 		{
 166              		.loc 1 260 0 discriminator 3
 167 0080 0134     		adds	r4, r4, #1
 168              	.LVL9:
 169 0082 E4B2     		uxtb	r4, r4
 170              	.LVL10:
 171              	.L6:
 260:Generated_Source\PSoC4/cyfitter_cfg.c **** 		{
 172              		.loc 1 260 0 is_stmt 0 discriminator 1
 173 0084 012C     		cmp	r4, #1
 174 0086 EDD9     		bls	.L7
 264:Generated_Source\PSoC4/cyfitter_cfg.c **** 		}
 265:Generated_Source\PSoC4/cyfitter_cfg.c **** 
 266:Generated_Source\PSoC4/cyfitter_cfg.c **** 		/* HSIOM Starting address: CYDEV_HSIOM_BASE */
 267:Generated_Source\PSoC4/cyfitter_cfg.c **** 		CY_SET_REG32((void *)(CYREG_HSIOM_PORT_SEL3), 0x0000EE00u);
 175              		.loc 1 267 0 is_stmt 1
 176 0088 EE22     		movs	r2, #238
 177 008a 1202     		lsls	r2, r2, #8
 178 008c 0C4B     		ldr	r3, .L8+4
 179 008e 1A60     		str	r2, [r3]
 268:Generated_Source\PSoC4/cyfitter_cfg.c **** 
 269:Generated_Source\PSoC4/cyfitter_cfg.c **** 		/* UDB_PA_1 Starting address: CYDEV_UDB_PA1_BASE */
 270:Generated_Source\PSoC4/cyfitter_cfg.c **** 		CY_SET_REG32((void *)(CYDEV_UDB_PA1_BASE), 0x00990000u);
 180              		.loc 1 270 0
 181 0090 9923     		movs	r3, #153
 182 0092 1B04     		lsls	r3, r3, #16
 183 0094 0B4A     		ldr	r2, .L8+8
 184 0096 1360     		str	r3, [r2]
ARM GAS  C:\Users\NGUYEN~1\AppData\Local\Temp\ccSTlCQG.s 			page 9


 271:Generated_Source\PSoC4/cyfitter_cfg.c **** 
 272:Generated_Source\PSoC4/cyfitter_cfg.c **** 		/* UDB_PA_3 Starting address: CYDEV_UDB_PA3_BASE */
 273:Generated_Source\PSoC4/cyfitter_cfg.c **** 		CY_SET_REG32((void *)(CYDEV_UDB_PA3_BASE), 0x00990000u);
 185              		.loc 1 273 0
 186 0098 0B4A     		ldr	r2, .L8+12
 187 009a 1360     		str	r3, [r2]
 274:Generated_Source\PSoC4/cyfitter_cfg.c **** 
 275:Generated_Source\PSoC4/cyfitter_cfg.c **** 		/* Enable digital routing */
 276:Generated_Source\PSoC4/cyfitter_cfg.c **** 		CY_SET_XTND_REG8((void *)CYREG_UDB_UDBIF_BANK_CTL, (uint8)(CY_GET_XTND_REG8((void *)CYREG_UDB_UDB
 188              		.loc 1 276 0
 189 009c 0B4A     		ldr	r2, .L8+16
 190 009e 1178     		ldrb	r1, [r2]
 191 00a0 0623     		movs	r3, #6
 192 00a2 0B43     		orrs	r3, r1
 193 00a4 DBB2     		uxtb	r3, r3
 194 00a6 1370     		strb	r3, [r2]
 195              	.LBE2:
 277:Generated_Source\PSoC4/cyfitter_cfg.c **** 	}
 278:Generated_Source\PSoC4/cyfitter_cfg.c **** 
 279:Generated_Source\PSoC4/cyfitter_cfg.c **** 	/* Perform second pass device configuration. These items must be configured in specific order afte
 280:Generated_Source\PSoC4/cyfitter_cfg.c **** 	/* IOPINS0_1 Starting address: CYDEV_PRT1_BASE */
 281:Generated_Source\PSoC4/cyfitter_cfg.c **** 	CY_SET_REG32((void *)(CYREG_PRT1_PC), 0x00000006u);
 196              		.loc 1 281 0
 197 00a8 094B     		ldr	r3, .L8+20
 198 00aa 0622     		movs	r2, #6
 199 00ac 1A60     		str	r2, [r3]
 282:Generated_Source\PSoC4/cyfitter_cfg.c **** 
 283:Generated_Source\PSoC4/cyfitter_cfg.c **** 	/* IOPINS0_3 Starting address: CYDEV_PRT3_BASE */
 284:Generated_Source\PSoC4/cyfitter_cfg.c **** 	CY_SET_REG32((void *)(CYREG_PRT3_PC), 0x00000D80u);
 200              		.loc 1 284 0
 201 00ae D822     		movs	r2, #216
 202 00b0 1201     		lsls	r2, r2, #4
 203 00b2 084B     		ldr	r3, .L8+24
 204 00b4 1A60     		str	r2, [r3]
 285:Generated_Source\PSoC4/cyfitter_cfg.c **** 
 286:Generated_Source\PSoC4/cyfitter_cfg.c **** 
 287:Generated_Source\PSoC4/cyfitter_cfg.c **** 	/* Setup clocks based on selections from Clock DWR */
 288:Generated_Source\PSoC4/cyfitter_cfg.c **** 	ClockSetup();
 205              		.loc 1 288 0
 206 00b6 FFF7A3FF 		bl	ClockSetup
 207              	.LVL11:
 289:Generated_Source\PSoC4/cyfitter_cfg.c **** 
 290:Generated_Source\PSoC4/cyfitter_cfg.c **** 	/* Perform basic analog initialization to defaults */
 291:Generated_Source\PSoC4/cyfitter_cfg.c **** 	AnalogSetDefault();
 292:Generated_Source\PSoC4/cyfitter_cfg.c **** 
 293:Generated_Source\PSoC4/cyfitter_cfg.c **** }
 208              		.loc 1 293 0
 209              		@ sp needed
 210              	.LVL12:
 211 00ba 10BD     		pop	{r4, pc}
 212              	.L9:
 213              		.align	2
 214              	.L8:
 215 00bc 00000000 		.word	.LANCHOR0
 216 00c0 0C000140 		.word	1073807372
 217 00c4 10500F40 		.word	1074745360
 218 00c8 30500F40 		.word	1074745392
ARM GAS  C:\Users\NGUYEN~1\AppData\Local\Temp\ccSTlCQG.s 			page 10


 219 00cc 00700F40 		.word	1074753536
 220 00d0 08010440 		.word	1074004232
 221 00d4 08030440 		.word	1074004744
 222              		.cfi_endproc
 223              	.LFE5:
 224              		.size	cyfitter_cfg, .-cyfitter_cfg
 225              		.section	.rodata
 226              		.align	2
 227              		.set	.LANCHOR0,. + 0
 228              		.type	cfg_memset_list.4847, %object
 229              		.size	cfg_memset_list.4847, 12
 230              	cfg_memset_list.4847:
 231 0000 00300F40 		.word	1074737152
 232 0004 0004     		.short	1024
 233 0006 00400F40 		.4byte	1074741248
 234 000a 0004     		.short	1024
 235              		.text
 236              	.Letext0:
 237              		.file 2 "c:\\program files (x86)\\cypress\\psoc creator\\4.4\\psoc creator\\import\\gnu\\arm\\5.4.
 238              		.file 3 "Generated_Source\\PSoC4\\cytypes.h"
 239              		.file 4 "Generated_Source\\PSoC4\\CyLib.h"
 240              		.section	.debug_info,"",%progbits
 241              	.Ldebug_info0:
 242 0000 74020000 		.4byte	0x274
 243 0004 0400     		.2byte	0x4
 244 0006 00000000 		.4byte	.Ldebug_abbrev0
 245 000a 04       		.byte	0x4
 246 000b 01       		.uleb128 0x1
 247 000c 16010000 		.4byte	.LASF29
 248 0010 0C       		.byte	0xc
 249 0011 0D020000 		.4byte	.LASF30
 250 0015 0D000000 		.4byte	.LASF31
 251 0019 00000000 		.4byte	.Ldebug_ranges0+0
 252 001d 00000000 		.4byte	0
 253 0021 00000000 		.4byte	.Ldebug_line0
 254 0025 02       		.uleb128 0x2
 255 0026 04       		.byte	0x4
 256 0027 05       		.byte	0x5
 257 0028 696E7400 		.ascii	"int\000"
 258 002c 03       		.uleb128 0x3
 259 002d 06000000 		.4byte	.LASF12
 260 0031 02       		.byte	0x2
 261 0032 D8       		.byte	0xd8
 262 0033 37000000 		.4byte	0x37
 263 0037 04       		.uleb128 0x4
 264 0038 04       		.byte	0x4
 265 0039 07       		.byte	0x7
 266 003a DD000000 		.4byte	.LASF0
 267 003e 04       		.uleb128 0x4
 268 003f 08       		.byte	0x8
 269 0040 05       		.byte	0x5
 270 0041 BA010000 		.4byte	.LASF1
 271 0045 04       		.uleb128 0x4
 272 0046 08       		.byte	0x8
 273 0047 04       		.byte	0x4
 274 0048 F5010000 		.4byte	.LASF2
 275 004c 04       		.uleb128 0x4
ARM GAS  C:\Users\NGUYEN~1\AppData\Local\Temp\ccSTlCQG.s 			page 11


 276 004d 01       		.byte	0x1
 277 004e 06       		.byte	0x6
 278 004f 01020000 		.4byte	.LASF3
 279 0053 04       		.uleb128 0x4
 280 0054 01       		.byte	0x1
 281 0055 08       		.byte	0x8
 282 0056 A7000000 		.4byte	.LASF4
 283 005a 04       		.uleb128 0x4
 284 005b 02       		.byte	0x2
 285 005c 05       		.byte	0x5
 286 005d CD010000 		.4byte	.LASF5
 287 0061 04       		.uleb128 0x4
 288 0062 02       		.byte	0x2
 289 0063 07       		.byte	0x7
 290 0064 62000000 		.4byte	.LASF6
 291 0068 04       		.uleb128 0x4
 292 0069 04       		.byte	0x4
 293 006a 05       		.byte	0x5
 294 006b EC010000 		.4byte	.LASF7
 295 006f 04       		.uleb128 0x4
 296 0070 04       		.byte	0x4
 297 0071 07       		.byte	0x7
 298 0072 85000000 		.4byte	.LASF8
 299 0076 04       		.uleb128 0x4
 300 0077 08       		.byte	0x8
 301 0078 07       		.byte	0x7
 302 0079 FF000000 		.4byte	.LASF9
 303 007d 04       		.uleb128 0x4
 304 007e 04       		.byte	0x4
 305 007f 07       		.byte	0x7
 306 0080 B1010000 		.4byte	.LASF10
 307 0084 05       		.uleb128 0x5
 308 0085 04       		.byte	0x4
 309 0086 04       		.uleb128 0x4
 310 0087 01       		.byte	0x1
 311 0088 08       		.byte	0x8
 312 0089 C8010000 		.4byte	.LASF11
 313 008d 06       		.uleb128 0x6
 314 008e 97000000 		.4byte	.LASF13
 315 0092 03       		.byte	0x3
 316 0093 FB01     		.2byte	0x1fb
 317 0095 53000000 		.4byte	0x53
 318 0099 06       		.uleb128 0x6
 319 009a CF000000 		.4byte	.LASF14
 320 009e 03       		.byte	0x3
 321 009f FC01     		.2byte	0x1fc
 322 00a1 61000000 		.4byte	0x61
 323 00a5 06       		.uleb128 0x6
 324 00a6 D6000000 		.4byte	.LASF15
 325 00aa 03       		.byte	0x3
 326 00ab FD01     		.2byte	0x1fd
 327 00ad 6F000000 		.4byte	0x6f
 328 00b1 04       		.uleb128 0x4
 329 00b2 04       		.byte	0x4
 330 00b3 04       		.byte	0x4
 331 00b4 75000000 		.4byte	.LASF16
 332 00b8 04       		.uleb128 0x4
ARM GAS  C:\Users\NGUYEN~1\AppData\Local\Temp\ccSTlCQG.s 			page 12


 333 00b9 08       		.byte	0x8
 334 00ba 04       		.byte	0x4
 335 00bb BC000000 		.4byte	.LASF17
 336 00bf 06       		.uleb128 0x6
 337 00c0 80000000 		.4byte	.LASF18
 338 00c4 03       		.byte	0x3
 339 00c5 A502     		.2byte	0x2a5
 340 00c7 CB000000 		.4byte	0xcb
 341 00cb 07       		.uleb128 0x7
 342 00cc 8D000000 		.4byte	0x8d
 343 00d0 06       		.uleb128 0x6
 344 00d1 00000000 		.4byte	.LASF19
 345 00d5 03       		.byte	0x3
 346 00d6 A702     		.2byte	0x2a7
 347 00d8 DC000000 		.4byte	0xdc
 348 00dc 07       		.uleb128 0x7
 349 00dd A5000000 		.4byte	0xa5
 350 00e1 08       		.uleb128 0x8
 351 00e2 9D000000 		.4byte	.LASF20
 352 00e6 01       		.byte	0x1
 353 00e7 4C       		.byte	0x4c
 354 00e8 00000000 		.4byte	.LFB0
 355 00ec 0C000000 		.4byte	.LFE0-.LFB0
 356 00f0 01       		.uleb128 0x1
 357 00f1 9C       		.byte	0x9c
 358 00f2 2E010000 		.4byte	0x12e
 359 00f6 09       		.uleb128 0x9
 360 00f7 7300     		.ascii	"s\000"
 361 00f9 01       		.byte	0x1
 362 00fa 4C       		.byte	0x4c
 363 00fb 84000000 		.4byte	0x84
 364 00ff 00000000 		.4byte	.LLST0
 365 0103 09       		.uleb128 0x9
 366 0104 6E00     		.ascii	"n\000"
 367 0106 01       		.byte	0x1
 368 0107 4C       		.byte	0x4c
 369 0108 2C000000 		.4byte	0x2c
 370 010c 21000000 		.4byte	.LLST1
 371 0110 0A       		.uleb128 0xa
 372 0111 0A000000 		.4byte	.LVL2
 373 0115 4D020000 		.4byte	0x24d
 374 0119 0B       		.uleb128 0xb
 375 011a 01       		.uleb128 0x1
 376 011b 50       		.byte	0x50
 377 011c 03       		.uleb128 0x3
 378 011d F3       		.byte	0xf3
 379 011e 01       		.uleb128 0x1
 380 011f 50       		.byte	0x50
 381 0120 0B       		.uleb128 0xb
 382 0121 01       		.uleb128 0x1
 383 0122 51       		.byte	0x51
 384 0123 01       		.uleb128 0x1
 385 0124 30       		.byte	0x30
 386 0125 0B       		.uleb128 0xb
 387 0126 01       		.uleb128 0x1
 388 0127 52       		.byte	0x52
 389 0128 03       		.uleb128 0x3
ARM GAS  C:\Users\NGUYEN~1\AppData\Local\Temp\ccSTlCQG.s 			page 13


 390 0129 F3       		.byte	0xf3
 391 012a 01       		.uleb128 0x1
 392 012b 51       		.byte	0x51
 393 012c 00       		.byte	0
 394 012d 00       		.byte	0
 395 012e 08       		.uleb128 0x8
 396 012f 57000000 		.4byte	.LASF21
 397 0133 01       		.byte	0x1
 398 0134 AA       		.byte	0xaa
 399 0135 00000000 		.4byte	.LFB3
 400 0139 5C000000 		.4byte	.LFE3-.LFB3
 401 013d 01       		.uleb128 0x1
 402 013e 9C       		.byte	0x9c
 403 013f 79010000 		.4byte	0x179
 404 0143 0C       		.uleb128 0xc
 405 0144 14000000 		.4byte	.LVL3
 406 0148 56020000 		.4byte	0x256
 407 014c 56010000 		.4byte	0x156
 408 0150 0B       		.uleb128 0xb
 409 0151 01       		.uleb128 0x1
 410 0152 50       		.byte	0x50
 411 0153 01       		.uleb128 0x1
 412 0154 48       		.byte	0x48
 413 0155 00       		.byte	0
 414 0156 0C       		.uleb128 0xc
 415 0157 34000000 		.4byte	.LVL4
 416 015b 61020000 		.4byte	0x261
 417 015f 69010000 		.4byte	0x169
 418 0163 0B       		.uleb128 0xb
 419 0164 01       		.uleb128 0x1
 420 0165 50       		.byte	0x50
 421 0166 01       		.uleb128 0x1
 422 0167 39       		.byte	0x39
 423 0168 00       		.byte	0
 424 0169 0A       		.uleb128 0xa
 425 016a 3A000000 		.4byte	.LVL5
 426 016e 6C020000 		.4byte	0x26c
 427 0172 0B       		.uleb128 0xb
 428 0173 01       		.uleb128 0x1
 429 0174 50       		.byte	0x50
 430 0175 01       		.uleb128 0x1
 431 0176 39       		.byte	0x39
 432 0177 00       		.byte	0
 433 0178 00       		.byte	0
 434 0179 0D       		.uleb128 0xd
 435 017a EA000000 		.4byte	.LASF32
 436 017e 01       		.byte	0x1
 437 017f EF       		.byte	0xef
 438 0180 5C000000 		.4byte	.LFB5
 439 0184 7C000000 		.4byte	.LFE5-.LFB5
 440 0188 01       		.uleb128 0x1
 441 0189 9C       		.byte	0x9c
 442 018a 4D020000 		.4byte	0x24d
 443 018e 0E       		.uleb128 0xe
 444 018f 60000000 		.4byte	.LBB2
 445 0193 48000000 		.4byte	.LBE2-.LBB2
 446 0197 43020000 		.4byte	0x243
ARM GAS  C:\Users\NGUYEN~1\AppData\Local\Temp\ccSTlCQG.s 			page 14


 447 019b 0F       		.uleb128 0xf
 448 019c 06       		.byte	0x6
 449 019d 01       		.byte	0x1
 450 019e F6       		.byte	0xf6
 451 019f BC010000 		.4byte	0x1bc
 452 01a3 10       		.uleb128 0x10
 453 01a4 F7000000 		.4byte	.LASF22
 454 01a8 01       		.byte	0x1
 455 01a9 F7       		.byte	0xf7
 456 01aa 84000000 		.4byte	0x84
 457 01ae 00       		.byte	0
 458 01af 10       		.uleb128 0x10
 459 01b0 7B000000 		.4byte	.LASF23
 460 01b4 01       		.byte	0x1
 461 01b5 F8       		.byte	0xf8
 462 01b6 99000000 		.4byte	0x99
 463 01ba 04       		.byte	0x4
 464 01bb 00       		.byte	0
 465 01bc 03       		.uleb128 0x3
 466 01bd A4010000 		.4byte	.LASF24
 467 01c1 01       		.byte	0x1
 468 01c2 F9       		.byte	0xf9
 469 01c3 9B010000 		.4byte	0x19b
 470 01c7 11       		.uleb128 0x11
 471 01c8 D7010000 		.4byte	0x1d7
 472 01cc D7010000 		.4byte	0x1d7
 473 01d0 12       		.uleb128 0x12
 474 01d1 7D000000 		.4byte	0x7d
 475 01d5 01       		.byte	0x1
 476 01d6 00       		.byte	0
 477 01d7 13       		.uleb128 0x13
 478 01d8 BC010000 		.4byte	0x1bc
 479 01dc 14       		.uleb128 0x14
 480 01dd 47000000 		.4byte	.LASF25
 481 01e1 01       		.byte	0x1
 482 01e2 FB       		.byte	0xfb
 483 01e3 ED010000 		.4byte	0x1ed
 484 01e7 05       		.uleb128 0x5
 485 01e8 03       		.byte	0x3
 486 01e9 00000000 		.4byte	cfg_memset_list.4847
 487 01ed 13       		.uleb128 0x13
 488 01ee C7010000 		.4byte	0x1c7
 489 01f2 15       		.uleb128 0x15
 490 01f3 6900     		.ascii	"i\000"
 491 01f5 01       		.byte	0x1
 492 01f6 0101     		.2byte	0x101
 493 01f8 8D000000 		.4byte	0x8d
 494 01fc 4D000000 		.4byte	.LLST2
 495 0200 16       		.uleb128 0x16
 496 0201 64000000 		.4byte	.LBB3
 497 0205 1C000000 		.4byte	.LBE3-.LBB3
 498 0209 15       		.uleb128 0x15
 499 020a 6D7300   		.ascii	"ms\000"
 500 020d 01       		.byte	0x1
 501 020e 0601     		.2byte	0x106
 502 0210 18020000 		.4byte	0x218
 503 0214 77000000 		.4byte	.LLST3
ARM GAS  C:\Users\NGUYEN~1\AppData\Local\Temp\ccSTlCQG.s 			page 15


 504 0218 17       		.uleb128 0x17
 505 0219 04       		.byte	0x4
 506 021a D7010000 		.4byte	0x1d7
 507 021e 0A       		.uleb128 0xa
 508 021f 80000000 		.4byte	.LVL8
 509 0223 E1000000 		.4byte	0xe1
 510 0227 0B       		.uleb128 0xb
 511 0228 01       		.uleb128 0x1
 512 0229 51       		.byte	0x51
 513 022a 15       		.uleb128 0x15
 514 022b 74       		.byte	0x74
 515 022c 00       		.sleb128 0
 516 022d 31       		.byte	0x31
 517 022e 24       		.byte	0x24
 518 022f 74       		.byte	0x74
 519 0230 00       		.sleb128 0
 520 0231 22       		.byte	0x22
 521 0232 31       		.byte	0x31
 522 0233 24       		.byte	0x24
 523 0234 03       		.byte	0x3
 524 0235 04000000 		.4byte	.LANCHOR0+4
 525 0239 22       		.byte	0x22
 526 023a 94       		.byte	0x94
 527 023b 02       		.byte	0x2
 528 023c 0A       		.byte	0xa
 529 023d FFFF     		.2byte	0xffff
 530 023f 1A       		.byte	0x1a
 531 0240 00       		.byte	0
 532 0241 00       		.byte	0
 533 0242 00       		.byte	0
 534 0243 18       		.uleb128 0x18
 535 0244 BA000000 		.4byte	.LVL11
 536 0248 2E010000 		.4byte	0x12e
 537 024c 00       		.byte	0
 538 024d 19       		.uleb128 0x19
 539 024e B5000000 		.4byte	.LASF33
 540 0252 B5000000 		.4byte	.LASF33
 541 0256 1A       		.uleb128 0x1a
 542 0257 D7010000 		.4byte	.LASF26
 543 025b D7010000 		.4byte	.LASF26
 544 025f 04       		.byte	0x4
 545 0260 6C       		.byte	0x6c
 546 0261 1A       		.uleb128 0x1a
 547 0262 38000000 		.4byte	.LASF27
 548 0266 38000000 		.4byte	.LASF27
 549 026a 04       		.byte	0x4
 550 026b D0       		.byte	0xd0
 551 026c 1A       		.uleb128 0x1a
 552 026d C3000000 		.4byte	.LASF28
 553 0271 C3000000 		.4byte	.LASF28
 554 0275 04       		.byte	0x4
 555 0276 D6       		.byte	0xd6
 556 0277 00       		.byte	0
 557              		.section	.debug_abbrev,"",%progbits
 558              	.Ldebug_abbrev0:
 559 0000 01       		.uleb128 0x1
 560 0001 11       		.uleb128 0x11
ARM GAS  C:\Users\NGUYEN~1\AppData\Local\Temp\ccSTlCQG.s 			page 16


 561 0002 01       		.byte	0x1
 562 0003 25       		.uleb128 0x25
 563 0004 0E       		.uleb128 0xe
 564 0005 13       		.uleb128 0x13
 565 0006 0B       		.uleb128 0xb
 566 0007 03       		.uleb128 0x3
 567 0008 0E       		.uleb128 0xe
 568 0009 1B       		.uleb128 0x1b
 569 000a 0E       		.uleb128 0xe
 570 000b 55       		.uleb128 0x55
 571 000c 17       		.uleb128 0x17
 572 000d 11       		.uleb128 0x11
 573 000e 01       		.uleb128 0x1
 574 000f 10       		.uleb128 0x10
 575 0010 17       		.uleb128 0x17
 576 0011 00       		.byte	0
 577 0012 00       		.byte	0
 578 0013 02       		.uleb128 0x2
 579 0014 24       		.uleb128 0x24
 580 0015 00       		.byte	0
 581 0016 0B       		.uleb128 0xb
 582 0017 0B       		.uleb128 0xb
 583 0018 3E       		.uleb128 0x3e
 584 0019 0B       		.uleb128 0xb
 585 001a 03       		.uleb128 0x3
 586 001b 08       		.uleb128 0x8
 587 001c 00       		.byte	0
 588 001d 00       		.byte	0
 589 001e 03       		.uleb128 0x3
 590 001f 16       		.uleb128 0x16
 591 0020 00       		.byte	0
 592 0021 03       		.uleb128 0x3
 593 0022 0E       		.uleb128 0xe
 594 0023 3A       		.uleb128 0x3a
 595 0024 0B       		.uleb128 0xb
 596 0025 3B       		.uleb128 0x3b
 597 0026 0B       		.uleb128 0xb
 598 0027 49       		.uleb128 0x49
 599 0028 13       		.uleb128 0x13
 600 0029 00       		.byte	0
 601 002a 00       		.byte	0
 602 002b 04       		.uleb128 0x4
 603 002c 24       		.uleb128 0x24
 604 002d 00       		.byte	0
 605 002e 0B       		.uleb128 0xb
 606 002f 0B       		.uleb128 0xb
 607 0030 3E       		.uleb128 0x3e
 608 0031 0B       		.uleb128 0xb
 609 0032 03       		.uleb128 0x3
 610 0033 0E       		.uleb128 0xe
 611 0034 00       		.byte	0
 612 0035 00       		.byte	0
 613 0036 05       		.uleb128 0x5
 614 0037 0F       		.uleb128 0xf
 615 0038 00       		.byte	0
 616 0039 0B       		.uleb128 0xb
 617 003a 0B       		.uleb128 0xb
ARM GAS  C:\Users\NGUYEN~1\AppData\Local\Temp\ccSTlCQG.s 			page 17


 618 003b 00       		.byte	0
 619 003c 00       		.byte	0
 620 003d 06       		.uleb128 0x6
 621 003e 16       		.uleb128 0x16
 622 003f 00       		.byte	0
 623 0040 03       		.uleb128 0x3
 624 0041 0E       		.uleb128 0xe
 625 0042 3A       		.uleb128 0x3a
 626 0043 0B       		.uleb128 0xb
 627 0044 3B       		.uleb128 0x3b
 628 0045 05       		.uleb128 0x5
 629 0046 49       		.uleb128 0x49
 630 0047 13       		.uleb128 0x13
 631 0048 00       		.byte	0
 632 0049 00       		.byte	0
 633 004a 07       		.uleb128 0x7
 634 004b 35       		.uleb128 0x35
 635 004c 00       		.byte	0
 636 004d 49       		.uleb128 0x49
 637 004e 13       		.uleb128 0x13
 638 004f 00       		.byte	0
 639 0050 00       		.byte	0
 640 0051 08       		.uleb128 0x8
 641 0052 2E       		.uleb128 0x2e
 642 0053 01       		.byte	0x1
 643 0054 03       		.uleb128 0x3
 644 0055 0E       		.uleb128 0xe
 645 0056 3A       		.uleb128 0x3a
 646 0057 0B       		.uleb128 0xb
 647 0058 3B       		.uleb128 0x3b
 648 0059 0B       		.uleb128 0xb
 649 005a 27       		.uleb128 0x27
 650 005b 19       		.uleb128 0x19
 651 005c 11       		.uleb128 0x11
 652 005d 01       		.uleb128 0x1
 653 005e 12       		.uleb128 0x12
 654 005f 06       		.uleb128 0x6
 655 0060 40       		.uleb128 0x40
 656 0061 18       		.uleb128 0x18
 657 0062 9742     		.uleb128 0x2117
 658 0064 19       		.uleb128 0x19
 659 0065 01       		.uleb128 0x1
 660 0066 13       		.uleb128 0x13
 661 0067 00       		.byte	0
 662 0068 00       		.byte	0
 663 0069 09       		.uleb128 0x9
 664 006a 05       		.uleb128 0x5
 665 006b 00       		.byte	0
 666 006c 03       		.uleb128 0x3
 667 006d 08       		.uleb128 0x8
 668 006e 3A       		.uleb128 0x3a
 669 006f 0B       		.uleb128 0xb
 670 0070 3B       		.uleb128 0x3b
 671 0071 0B       		.uleb128 0xb
 672 0072 49       		.uleb128 0x49
 673 0073 13       		.uleb128 0x13
 674 0074 02       		.uleb128 0x2
ARM GAS  C:\Users\NGUYEN~1\AppData\Local\Temp\ccSTlCQG.s 			page 18


 675 0075 17       		.uleb128 0x17
 676 0076 00       		.byte	0
 677 0077 00       		.byte	0
 678 0078 0A       		.uleb128 0xa
 679 0079 898201   		.uleb128 0x4109
 680 007c 01       		.byte	0x1
 681 007d 11       		.uleb128 0x11
 682 007e 01       		.uleb128 0x1
 683 007f 31       		.uleb128 0x31
 684 0080 13       		.uleb128 0x13
 685 0081 00       		.byte	0
 686 0082 00       		.byte	0
 687 0083 0B       		.uleb128 0xb
 688 0084 8A8201   		.uleb128 0x410a
 689 0087 00       		.byte	0
 690 0088 02       		.uleb128 0x2
 691 0089 18       		.uleb128 0x18
 692 008a 9142     		.uleb128 0x2111
 693 008c 18       		.uleb128 0x18
 694 008d 00       		.byte	0
 695 008e 00       		.byte	0
 696 008f 0C       		.uleb128 0xc
 697 0090 898201   		.uleb128 0x4109
 698 0093 01       		.byte	0x1
 699 0094 11       		.uleb128 0x11
 700 0095 01       		.uleb128 0x1
 701 0096 31       		.uleb128 0x31
 702 0097 13       		.uleb128 0x13
 703 0098 01       		.uleb128 0x1
 704 0099 13       		.uleb128 0x13
 705 009a 00       		.byte	0
 706 009b 00       		.byte	0
 707 009c 0D       		.uleb128 0xd
 708 009d 2E       		.uleb128 0x2e
 709 009e 01       		.byte	0x1
 710 009f 3F       		.uleb128 0x3f
 711 00a0 19       		.uleb128 0x19
 712 00a1 03       		.uleb128 0x3
 713 00a2 0E       		.uleb128 0xe
 714 00a3 3A       		.uleb128 0x3a
 715 00a4 0B       		.uleb128 0xb
 716 00a5 3B       		.uleb128 0x3b
 717 00a6 0B       		.uleb128 0xb
 718 00a7 27       		.uleb128 0x27
 719 00a8 19       		.uleb128 0x19
 720 00a9 11       		.uleb128 0x11
 721 00aa 01       		.uleb128 0x1
 722 00ab 12       		.uleb128 0x12
 723 00ac 06       		.uleb128 0x6
 724 00ad 40       		.uleb128 0x40
 725 00ae 18       		.uleb128 0x18
 726 00af 9742     		.uleb128 0x2117
 727 00b1 19       		.uleb128 0x19
 728 00b2 01       		.uleb128 0x1
 729 00b3 13       		.uleb128 0x13
 730 00b4 00       		.byte	0
 731 00b5 00       		.byte	0
ARM GAS  C:\Users\NGUYEN~1\AppData\Local\Temp\ccSTlCQG.s 			page 19


 732 00b6 0E       		.uleb128 0xe
 733 00b7 0B       		.uleb128 0xb
 734 00b8 01       		.byte	0x1
 735 00b9 11       		.uleb128 0x11
 736 00ba 01       		.uleb128 0x1
 737 00bb 12       		.uleb128 0x12
 738 00bc 06       		.uleb128 0x6
 739 00bd 01       		.uleb128 0x1
 740 00be 13       		.uleb128 0x13
 741 00bf 00       		.byte	0
 742 00c0 00       		.byte	0
 743 00c1 0F       		.uleb128 0xf
 744 00c2 13       		.uleb128 0x13
 745 00c3 01       		.byte	0x1
 746 00c4 0B       		.uleb128 0xb
 747 00c5 0B       		.uleb128 0xb
 748 00c6 3A       		.uleb128 0x3a
 749 00c7 0B       		.uleb128 0xb
 750 00c8 3B       		.uleb128 0x3b
 751 00c9 0B       		.uleb128 0xb
 752 00ca 01       		.uleb128 0x1
 753 00cb 13       		.uleb128 0x13
 754 00cc 00       		.byte	0
 755 00cd 00       		.byte	0
 756 00ce 10       		.uleb128 0x10
 757 00cf 0D       		.uleb128 0xd
 758 00d0 00       		.byte	0
 759 00d1 03       		.uleb128 0x3
 760 00d2 0E       		.uleb128 0xe
 761 00d3 3A       		.uleb128 0x3a
 762 00d4 0B       		.uleb128 0xb
 763 00d5 3B       		.uleb128 0x3b
 764 00d6 0B       		.uleb128 0xb
 765 00d7 49       		.uleb128 0x49
 766 00d8 13       		.uleb128 0x13
 767 00d9 38       		.uleb128 0x38
 768 00da 0B       		.uleb128 0xb
 769 00db 00       		.byte	0
 770 00dc 00       		.byte	0
 771 00dd 11       		.uleb128 0x11
 772 00de 01       		.uleb128 0x1
 773 00df 01       		.byte	0x1
 774 00e0 49       		.uleb128 0x49
 775 00e1 13       		.uleb128 0x13
 776 00e2 01       		.uleb128 0x1
 777 00e3 13       		.uleb128 0x13
 778 00e4 00       		.byte	0
 779 00e5 00       		.byte	0
 780 00e6 12       		.uleb128 0x12
 781 00e7 21       		.uleb128 0x21
 782 00e8 00       		.byte	0
 783 00e9 49       		.uleb128 0x49
 784 00ea 13       		.uleb128 0x13
 785 00eb 2F       		.uleb128 0x2f
 786 00ec 0B       		.uleb128 0xb
 787 00ed 00       		.byte	0
 788 00ee 00       		.byte	0
ARM GAS  C:\Users\NGUYEN~1\AppData\Local\Temp\ccSTlCQG.s 			page 20


 789 00ef 13       		.uleb128 0x13
 790 00f0 26       		.uleb128 0x26
 791 00f1 00       		.byte	0
 792 00f2 49       		.uleb128 0x49
 793 00f3 13       		.uleb128 0x13
 794 00f4 00       		.byte	0
 795 00f5 00       		.byte	0
 796 00f6 14       		.uleb128 0x14
 797 00f7 34       		.uleb128 0x34
 798 00f8 00       		.byte	0
 799 00f9 03       		.uleb128 0x3
 800 00fa 0E       		.uleb128 0xe
 801 00fb 3A       		.uleb128 0x3a
 802 00fc 0B       		.uleb128 0xb
 803 00fd 3B       		.uleb128 0x3b
 804 00fe 0B       		.uleb128 0xb
 805 00ff 49       		.uleb128 0x49
 806 0100 13       		.uleb128 0x13
 807 0101 02       		.uleb128 0x2
 808 0102 18       		.uleb128 0x18
 809 0103 00       		.byte	0
 810 0104 00       		.byte	0
 811 0105 15       		.uleb128 0x15
 812 0106 34       		.uleb128 0x34
 813 0107 00       		.byte	0
 814 0108 03       		.uleb128 0x3
 815 0109 08       		.uleb128 0x8
 816 010a 3A       		.uleb128 0x3a
 817 010b 0B       		.uleb128 0xb
 818 010c 3B       		.uleb128 0x3b
 819 010d 05       		.uleb128 0x5
 820 010e 49       		.uleb128 0x49
 821 010f 13       		.uleb128 0x13
 822 0110 02       		.uleb128 0x2
 823 0111 17       		.uleb128 0x17
 824 0112 00       		.byte	0
 825 0113 00       		.byte	0
 826 0114 16       		.uleb128 0x16
 827 0115 0B       		.uleb128 0xb
 828 0116 01       		.byte	0x1
 829 0117 11       		.uleb128 0x11
 830 0118 01       		.uleb128 0x1
 831 0119 12       		.uleb128 0x12
 832 011a 06       		.uleb128 0x6
 833 011b 00       		.byte	0
 834 011c 00       		.byte	0
 835 011d 17       		.uleb128 0x17
 836 011e 0F       		.uleb128 0xf
 837 011f 00       		.byte	0
 838 0120 0B       		.uleb128 0xb
 839 0121 0B       		.uleb128 0xb
 840 0122 49       		.uleb128 0x49
 841 0123 13       		.uleb128 0x13
 842 0124 00       		.byte	0
 843 0125 00       		.byte	0
 844 0126 18       		.uleb128 0x18
 845 0127 898201   		.uleb128 0x4109
ARM GAS  C:\Users\NGUYEN~1\AppData\Local\Temp\ccSTlCQG.s 			page 21


 846 012a 00       		.byte	0
 847 012b 11       		.uleb128 0x11
 848 012c 01       		.uleb128 0x1
 849 012d 31       		.uleb128 0x31
 850 012e 13       		.uleb128 0x13
 851 012f 00       		.byte	0
 852 0130 00       		.byte	0
 853 0131 19       		.uleb128 0x19
 854 0132 2E       		.uleb128 0x2e
 855 0133 00       		.byte	0
 856 0134 3F       		.uleb128 0x3f
 857 0135 19       		.uleb128 0x19
 858 0136 3C       		.uleb128 0x3c
 859 0137 19       		.uleb128 0x19
 860 0138 6E       		.uleb128 0x6e
 861 0139 0E       		.uleb128 0xe
 862 013a 03       		.uleb128 0x3
 863 013b 0E       		.uleb128 0xe
 864 013c 00       		.byte	0
 865 013d 00       		.byte	0
 866 013e 1A       		.uleb128 0x1a
 867 013f 2E       		.uleb128 0x2e
 868 0140 00       		.byte	0
 869 0141 3F       		.uleb128 0x3f
 870 0142 19       		.uleb128 0x19
 871 0143 3C       		.uleb128 0x3c
 872 0144 19       		.uleb128 0x19
 873 0145 6E       		.uleb128 0x6e
 874 0146 0E       		.uleb128 0xe
 875 0147 03       		.uleb128 0x3
 876 0148 0E       		.uleb128 0xe
 877 0149 3A       		.uleb128 0x3a
 878 014a 0B       		.uleb128 0xb
 879 014b 3B       		.uleb128 0x3b
 880 014c 0B       		.uleb128 0xb
 881 014d 00       		.byte	0
 882 014e 00       		.byte	0
 883 014f 00       		.byte	0
 884              		.section	.debug_loc,"",%progbits
 885              	.Ldebug_loc0:
 886              	.LLST0:
 887 0000 00000000 		.4byte	.LVL0
 888 0004 09000000 		.4byte	.LVL2-1
 889 0008 0100     		.2byte	0x1
 890 000a 50       		.byte	0x50
 891 000b 09000000 		.4byte	.LVL2-1
 892 000f 0C000000 		.4byte	.LFE0
 893 0013 0400     		.2byte	0x4
 894 0015 F3       		.byte	0xf3
 895 0016 01       		.uleb128 0x1
 896 0017 50       		.byte	0x50
 897 0018 9F       		.byte	0x9f
 898 0019 00000000 		.4byte	0
 899 001d 00000000 		.4byte	0
 900              	.LLST1:
 901 0021 00000000 		.4byte	.LVL0
 902 0025 06000000 		.4byte	.LVL1
ARM GAS  C:\Users\NGUYEN~1\AppData\Local\Temp\ccSTlCQG.s 			page 22


 903 0029 0100     		.2byte	0x1
 904 002b 51       		.byte	0x51
 905 002c 06000000 		.4byte	.LVL1
 906 0030 09000000 		.4byte	.LVL2-1
 907 0034 0100     		.2byte	0x1
 908 0036 52       		.byte	0x52
 909 0037 09000000 		.4byte	.LVL2-1
 910 003b 0C000000 		.4byte	.LFE0
 911 003f 0400     		.2byte	0x4
 912 0041 F3       		.byte	0xf3
 913 0042 01       		.uleb128 0x1
 914 0043 51       		.byte	0x51
 915 0044 9F       		.byte	0x9f
 916 0045 00000000 		.4byte	0
 917 0049 00000000 		.4byte	0
 918              	.LLST2:
 919 004d 60000000 		.4byte	.LVL6
 920 0051 64000000 		.4byte	.LVL7
 921 0055 0200     		.2byte	0x2
 922 0057 30       		.byte	0x30
 923 0058 9F       		.byte	0x9f
 924 0059 64000000 		.4byte	.LVL7
 925 005d 82000000 		.4byte	.LVL9
 926 0061 0100     		.2byte	0x1
 927 0063 54       		.byte	0x54
 928 0064 84000000 		.4byte	.LVL10
 929 0068 BA000000 		.4byte	.LVL12
 930 006c 0100     		.2byte	0x1
 931 006e 54       		.byte	0x54
 932 006f 00000000 		.4byte	0
 933 0073 00000000 		.4byte	0
 934              	.LLST3:
 935 0077 64000000 		.4byte	.LVL7
 936 007b 82000000 		.4byte	.LVL9
 937 007f 0B00     		.2byte	0xb
 938 0081 74       		.byte	0x74
 939 0082 00       		.sleb128 0
 940 0083 36       		.byte	0x36
 941 0084 1E       		.byte	0x1e
 942 0085 03       		.byte	0x3
 943 0086 00000000 		.4byte	cfg_memset_list.4847
 944 008a 22       		.byte	0x22
 945 008b 9F       		.byte	0x9f
 946 008c 82000000 		.4byte	.LVL9
 947 0090 84000000 		.4byte	.LVL10
 948 0094 0B00     		.2byte	0xb
 949 0096 74       		.byte	0x74
 950 0097 7F       		.sleb128 -1
 951 0098 36       		.byte	0x36
 952 0099 1E       		.byte	0x1e
 953 009a 03       		.byte	0x3
 954 009b 00000000 		.4byte	cfg_memset_list.4847
 955 009f 22       		.byte	0x22
 956 00a0 9F       		.byte	0x9f
 957 00a1 00000000 		.4byte	0
 958 00a5 00000000 		.4byte	0
 959              		.section	.debug_aranges,"",%progbits
ARM GAS  C:\Users\NGUYEN~1\AppData\Local\Temp\ccSTlCQG.s 			page 23


 960 0000 2C000000 		.4byte	0x2c
 961 0004 0200     		.2byte	0x2
 962 0006 00000000 		.4byte	.Ldebug_info0
 963 000a 04       		.byte	0x4
 964 000b 00       		.byte	0
 965 000c 0000     		.2byte	0
 966 000e 0000     		.2byte	0
 967 0010 00000000 		.4byte	.LFB0
 968 0014 0C000000 		.4byte	.LFE0-.LFB0
 969 0018 00000000 		.4byte	.LFB3
 970 001c 5C000000 		.4byte	.LFE3-.LFB3
 971 0020 5C000000 		.4byte	.LFB5
 972 0024 7C000000 		.4byte	.LFE5-.LFB5
 973 0028 00000000 		.4byte	0
 974 002c 00000000 		.4byte	0
 975              		.section	.debug_ranges,"",%progbits
 976              	.Ldebug_ranges0:
 977 0000 00000000 		.4byte	.LFB0
 978 0004 0C000000 		.4byte	.LFE0
 979 0008 00000000 		.4byte	.LFB3
 980 000c 5C000000 		.4byte	.LFE3
 981 0010 5C000000 		.4byte	.LFB5
 982 0014 D8000000 		.4byte	.LFE5
 983 0018 00000000 		.4byte	0
 984 001c 00000000 		.4byte	0
 985              		.section	.debug_line,"",%progbits
 986              	.Ldebug_line0:
 987 0000 28010000 		.section	.debug_str,"MS",%progbits,1
 987      0200D600 
 987      00000201 
 987      FB0E0D00 
 987      01010101 
 988              	.LASF19:
 989 0000 72656733 		.ascii	"reg32\000"
 989      3200
 990              	.LASF12:
 991 0006 73697A65 		.ascii	"size_t\000"
 991      5F7400
 992              	.LASF31:
 993 000d 443A5C70 		.ascii	"D:\\psoc\\theory\\output_pin\\output_pin.cydsn\000"
 993      736F635C 
 993      7468656F 
 993      72795C6F 
 993      75747075 
 994              	.LASF27:
 995 0038 4379496E 		.ascii	"CyIntSetVector\000"
 995      74536574 
 995      56656374 
 995      6F7200
 996              	.LASF25:
 997 0047 6366675F 		.ascii	"cfg_memset_list\000"
 997      6D656D73 
 997      65745F6C 
 997      69737400 
 998              	.LASF21:
 999 0057 436C6F63 		.ascii	"ClockSetup\000"
 999      6B536574 
ARM GAS  C:\Users\NGUYEN~1\AppData\Local\Temp\ccSTlCQG.s 			page 24


 999      757000
 1000              	.LASF6:
 1001 0062 73686F72 		.ascii	"short unsigned int\000"
 1001      7420756E 
 1001      7369676E 
 1001      65642069 
 1001      6E7400
 1002              	.LASF16:
 1003 0075 666C6F61 		.ascii	"float\000"
 1003      7400
 1004              	.LASF23:
 1005 007b 73697A65 		.ascii	"size\000"
 1005      00
 1006              	.LASF18:
 1007 0080 72656738 		.ascii	"reg8\000"
 1007      00
 1008              	.LASF8:
 1009 0085 6C6F6E67 		.ascii	"long unsigned int\000"
 1009      20756E73 
 1009      69676E65 
 1009      6420696E 
 1009      7400
 1010              	.LASF13:
 1011 0097 75696E74 		.ascii	"uint8\000"
 1011      3800
 1012              	.LASF20:
 1013 009d 43594D45 		.ascii	"CYMEMZERO\000"
 1013      4D5A4552 
 1013      4F00
 1014              	.LASF4:
 1015 00a7 756E7369 		.ascii	"unsigned char\000"
 1015      676E6564 
 1015      20636861 
 1015      7200
 1016              	.LASF33:
 1017 00b5 6D656D73 		.ascii	"memset\000"
 1017      657400
 1018              	.LASF17:
 1019 00bc 646F7562 		.ascii	"double\000"
 1019      6C6500
 1020              	.LASF28:
 1021 00c3 4379496E 		.ascii	"CyIntEnable\000"
 1021      74456E61 
 1021      626C6500 
 1022              	.LASF14:
 1023 00cf 75696E74 		.ascii	"uint16\000"
 1023      313600
 1024              	.LASF15:
 1025 00d6 75696E74 		.ascii	"uint32\000"
 1025      333200
 1026              	.LASF0:
 1027 00dd 756E7369 		.ascii	"unsigned int\000"
 1027      676E6564 
 1027      20696E74 
 1027      00
 1028              	.LASF32:
 1029 00ea 63796669 		.ascii	"cyfitter_cfg\000"
ARM GAS  C:\Users\NGUYEN~1\AppData\Local\Temp\ccSTlCQG.s 			page 25


 1029      74746572 
 1029      5F636667 
 1029      00
 1030              	.LASF22:
 1031 00f7 61646472 		.ascii	"address\000"
 1031      65737300 
 1032              	.LASF9:
 1033 00ff 6C6F6E67 		.ascii	"long long unsigned int\000"
 1033      206C6F6E 
 1033      6720756E 
 1033      7369676E 
 1033      65642069 
 1034              	.LASF29:
 1035 0116 474E5520 		.ascii	"GNU C11 5.4.1 20160609 (release) [ARM/embedded-5-br"
 1035      43313120 
 1035      352E342E 
 1035      31203230 
 1035      31363036 
 1036 0149 616E6368 		.ascii	"anch revision 237715] -mcpu=cortex-m0 -mthumb -g -O"
 1036      20726576 
 1036      6973696F 
 1036      6E203233 
 1036      37373135 
 1037 017c 67202D66 		.ascii	"g -ffunction-sections -ffat-lto-objects\000"
 1037      66756E63 
 1037      74696F6E 
 1037      2D736563 
 1037      74696F6E 
 1038              	.LASF24:
 1039 01a4 6366675F 		.ascii	"cfg_memset_t\000"
 1039      6D656D73 
 1039      65745F74 
 1039      00
 1040              	.LASF10:
 1041 01b1 73697A65 		.ascii	"sizetype\000"
 1041      74797065 
 1041      00
 1042              	.LASF1:
 1043 01ba 6C6F6E67 		.ascii	"long long int\000"
 1043      206C6F6E 
 1043      6720696E 
 1043      7400
 1044              	.LASF11:
 1045 01c8 63686172 		.ascii	"char\000"
 1045      00
 1046              	.LASF5:
 1047 01cd 73686F72 		.ascii	"short int\000"
 1047      7420696E 
 1047      7400
 1048              	.LASF26:
 1049 01d7 43795379 		.ascii	"CySysClkWriteImoFreq\000"
 1049      73436C6B 
 1049      57726974 
 1049      65496D6F 
 1049      46726571 
 1050              	.LASF7:
 1051 01ec 6C6F6E67 		.ascii	"long int\000"
ARM GAS  C:\Users\NGUYEN~1\AppData\Local\Temp\ccSTlCQG.s 			page 26


 1051      20696E74 
 1051      00
 1052              	.LASF2:
 1053 01f5 6C6F6E67 		.ascii	"long double\000"
 1053      20646F75 
 1053      626C6500 
 1054              	.LASF3:
 1055 0201 7369676E 		.ascii	"signed char\000"
 1055      65642063 
 1055      68617200 
 1056              	.LASF30:
 1057 020d 47656E65 		.ascii	"Generated_Source\\PSoC4\\cyfitter_cfg.c\000"
 1057      72617465 
 1057      645F536F 
 1057      75726365 
 1057      5C50536F 
 1058              		.ident	"GCC: (GNU Tools for ARM Embedded Processors) 5.4.1 20160609 (release) [ARM/embedded-5-bran
