ARM GAS  C:\Users\NGUYEN~1\AppData\Local\Temp\ccARLgfN.s 			page 1


   1              		.syntax unified
   2              		.cpu cortex-m0
   3              		.fpu softvfp
   4              		.eabi_attribute 20, 1
   5              		.eabi_attribute 21, 1
   6              		.eabi_attribute 23, 3
   7              		.eabi_attribute 24, 1
   8              		.eabi_attribute 25, 1
   9              		.eabi_attribute 26, 1
  10              		.eabi_attribute 30, 1
  11              		.eabi_attribute 34, 0
  12              		.eabi_attribute 18, 4
  13              		.thumb
  14              		.syntax unified
  15              		.file	"ledSingle.c"
  16              		.text
  17              	.Ltext0:
  18              		.cfi_sections	.debug_frame
  19              		.section	.text.ledBlink,"ax",%progbits
  20              		.align	2
  21              		.global	ledBlink
  22              		.code	16
  23              		.thumb_func
  24              		.type	ledBlink, %function
  25              	ledBlink:
  26              	.LFB32:
  27              		.file 1 "ledSingle.c"
   1:ledSingle.c   **** /* ========================================
   2:ledSingle.c   ****  *
   3:ledSingle.c   ****  * Copyright YOUR COMPANY, THE YEAR
   4:ledSingle.c   ****  * All Rights Reserved
   5:ledSingle.c   ****  * UNPUBLISHED, LICENSED SOFTWARE.
   6:ledSingle.c   ****  *
   7:ledSingle.c   ****  * CONFIDENTIAL AND PROPRIETARY INFORMATION
   8:ledSingle.c   ****  * WHICH IS THE PROPERTY OF your company.
   9:ledSingle.c   ****  *
  10:ledSingle.c   ****  * ========================================
  11:ledSingle.c   **** */
  12:ledSingle.c   **** #include "project.h"
  13:ledSingle.c   **** 
  14:ledSingle.c   **** #include "ledSingle.h"
  15:ledSingle.c   **** 
  16:ledSingle.c   **** enum Status_Led
  17:ledSingle.c   **** {
  18:ledSingle.c   ****     TURN_ON,
  19:ledSingle.c   ****     TURN_OFF
  20:ledSingle.c   **** };
  21:ledSingle.c   **** 
  22:ledSingle.c   **** void ledBlink()
  23:ledSingle.c   **** {
  28              		.loc 1 23 0
  29              		.cfi_startproc
  30              		@ args = 0, pretend = 0, frame = 0
  31              		@ frame_needed = 0, uses_anonymous_args = 0
  32 0000 10B5     		push	{r4, lr}
  33              		.cfi_def_cfa_offset 8
  34              		.cfi_offset 4, -8
ARM GAS  C:\Users\NGUYEN~1\AppData\Local\Temp\ccARLgfN.s 			page 2


  35              		.cfi_offset 14, -4
  24:ledSingle.c   ****     ledRed_Write( ~ledRed_Read());
  36              		.loc 1 24 0
  37 0002 FFF7FEFF 		bl	ledRed_Read
  38              	.LVL0:
  39 0006 C043     		mvns	r0, r0
  40 0008 C0B2     		uxtb	r0, r0
  41 000a FFF7FEFF 		bl	ledRed_Write
  42              	.LVL1:
  25:ledSingle.c   ****     CyDelay(300);
  43              		.loc 1 25 0
  44 000e 9620     		movs	r0, #150
  45 0010 4000     		lsls	r0, r0, #1
  46 0012 FFF7FEFF 		bl	CyDelay
  47              	.LVL2:
  26:ledSingle.c   **** }
  48              		.loc 1 26 0
  49              		@ sp needed
  50 0016 10BD     		pop	{r4, pc}
  51              		.cfi_endproc
  52              	.LFE32:
  53              		.size	ledBlink, .-ledBlink
  54              		.section	.text.ledTurnOn,"ax",%progbits
  55              		.align	2
  56              		.global	ledTurnOn
  57              		.code	16
  58              		.thumb_func
  59              		.type	ledTurnOn, %function
  60              	ledTurnOn:
  61              	.LFB33:
  27:ledSingle.c   **** 
  28:ledSingle.c   **** void ledTurnOn()
  29:ledSingle.c   **** {
  62              		.loc 1 29 0
  63              		.cfi_startproc
  64              		@ args = 0, pretend = 0, frame = 0
  65              		@ frame_needed = 0, uses_anonymous_args = 0
  66 0000 10B5     		push	{r4, lr}
  67              		.cfi_def_cfa_offset 8
  68              		.cfi_offset 4, -8
  69              		.cfi_offset 14, -4
  30:ledSingle.c   ****     ledRed_Write(TURN_ON);
  70              		.loc 1 30 0
  71 0002 0020     		movs	r0, #0
  72 0004 FFF7FEFF 		bl	ledRed_Write
  73              	.LVL3:
  31:ledSingle.c   **** }
  74              		.loc 1 31 0
  75              		@ sp needed
  76 0008 10BD     		pop	{r4, pc}
  77              		.cfi_endproc
  78              	.LFE33:
  79              		.size	ledTurnOn, .-ledTurnOn
  80 000a C046     		.section	.text.ledTurnOff,"ax",%progbits
  81              		.align	2
  82              		.global	ledTurnOff
  83              		.code	16
ARM GAS  C:\Users\NGUYEN~1\AppData\Local\Temp\ccARLgfN.s 			page 3


  84              		.thumb_func
  85              		.type	ledTurnOff, %function
  86              	ledTurnOff:
  87              	.LFB34:
  32:ledSingle.c   **** 
  33:ledSingle.c   **** void ledTurnOff()
  34:ledSingle.c   **** {
  88              		.loc 1 34 0
  89              		.cfi_startproc
  90              		@ args = 0, pretend = 0, frame = 0
  91              		@ frame_needed = 0, uses_anonymous_args = 0
  92 0000 10B5     		push	{r4, lr}
  93              		.cfi_def_cfa_offset 8
  94              		.cfi_offset 4, -8
  95              		.cfi_offset 14, -4
  35:ledSingle.c   ****     ledRed_Write(TURN_OFF);    
  96              		.loc 1 35 0
  97 0002 0120     		movs	r0, #1
  98 0004 FFF7FEFF 		bl	ledRed_Write
  99              	.LVL4:
  36:ledSingle.c   **** }
 100              		.loc 1 36 0
 101              		@ sp needed
 102 0008 10BD     		pop	{r4, pc}
 103              		.cfi_endproc
 104              	.LFE34:
 105              		.size	ledTurnOff, .-ledTurnOff
 106 000a C046     		.text
 107              	.Letext0:
 108              		.file 2 "Generated_Source\\PSoC4/ledRed.h"
 109              		.file 3 "Generated_Source\\PSoC4/CyLib.h"
 110              		.section	.debug_info,"",%progbits
 111              	.Ldebug_info0:
 112 0000 4C010000 		.4byte	0x14c
 113 0004 0400     		.2byte	0x4
 114 0006 00000000 		.4byte	.Ldebug_abbrev0
 115 000a 04       		.byte	0x4
 116 000b 01       		.uleb128 0x1
 117 000c EA000000 		.4byte	.LASF22
 118 0010 0C       		.byte	0xc
 119 0011 96000000 		.4byte	.LASF23
 120 0015 B2000000 		.4byte	.LASF24
 121 0019 00000000 		.4byte	.Ldebug_ranges0+0
 122 001d 00000000 		.4byte	0
 123 0021 00000000 		.4byte	.Ldebug_line0
 124 0025 02       		.uleb128 0x2
 125 0026 01       		.byte	0x1
 126 0027 06       		.byte	0x6
 127 0028 8B010000 		.4byte	.LASF0
 128 002c 02       		.uleb128 0x2
 129 002d 01       		.byte	0x1
 130 002e 08       		.byte	0x8
 131 002f 88000000 		.4byte	.LASF1
 132 0033 02       		.uleb128 0x2
 133 0034 02       		.byte	0x2
 134 0035 05       		.byte	0x5
 135 0036 A3010000 		.4byte	.LASF2
ARM GAS  C:\Users\NGUYEN~1\AppData\Local\Temp\ccARLgfN.s 			page 4


 136 003a 02       		.uleb128 0x2
 137 003b 02       		.byte	0x2
 138 003c 07       		.byte	0x7
 139 003d 78010000 		.4byte	.LASF3
 140 0041 02       		.uleb128 0x2
 141 0042 04       		.byte	0x4
 142 0043 05       		.byte	0x5
 143 0044 A2000000 		.4byte	.LASF4
 144 0048 02       		.uleb128 0x2
 145 0049 04       		.byte	0x4
 146 004a 07       		.byte	0x7
 147 004b 3F000000 		.4byte	.LASF5
 148 004f 02       		.uleb128 0x2
 149 0050 08       		.byte	0x8
 150 0051 05       		.byte	0x5
 151 0052 00000000 		.4byte	.LASF6
 152 0056 02       		.uleb128 0x2
 153 0057 08       		.byte	0x8
 154 0058 07       		.byte	0x7
 155 0059 51000000 		.4byte	.LASF7
 156 005d 03       		.uleb128 0x3
 157 005e 04       		.byte	0x4
 158 005f 05       		.byte	0x5
 159 0060 696E7400 		.ascii	"int\000"
 160 0064 02       		.uleb128 0x2
 161 0065 04       		.byte	0x4
 162 0066 07       		.byte	0x7
 163 0067 0E000000 		.4byte	.LASF8
 164 006b 02       		.uleb128 0x2
 165 006c 04       		.byte	0x4
 166 006d 04       		.byte	0x4
 167 006e 7D000000 		.4byte	.LASF9
 168 0072 02       		.uleb128 0x2
 169 0073 08       		.byte	0x8
 170 0074 04       		.byte	0x4
 171 0075 AB000000 		.4byte	.LASF10
 172 0079 02       		.uleb128 0x2
 173 007a 01       		.byte	0x1
 174 007b 08       		.byte	0x8
 175 007c 83000000 		.4byte	.LASF11
 176 0080 02       		.uleb128 0x2
 177 0081 04       		.byte	0x4
 178 0082 07       		.byte	0x7
 179 0083 C2010000 		.4byte	.LASF12
 180 0087 02       		.uleb128 0x2
 181 0088 08       		.byte	0x8
 182 0089 04       		.byte	0x4
 183 008a 97010000 		.4byte	.LASF13
 184 008e 04       		.uleb128 0x4
 185 008f 24000000 		.4byte	.LASF25
 186 0093 01       		.byte	0x1
 187 0094 2C000000 		.4byte	0x2c
 188 0098 01       		.byte	0x1
 189 0099 10       		.byte	0x10
 190 009a AB000000 		.4byte	0xab
 191 009e 05       		.uleb128 0x5
 192 009f 2F000000 		.4byte	.LASF14
ARM GAS  C:\Users\NGUYEN~1\AppData\Local\Temp\ccARLgfN.s 			page 5


 193 00a3 00       		.byte	0
 194 00a4 05       		.uleb128 0x5
 195 00a5 AD010000 		.4byte	.LASF15
 196 00a9 01       		.byte	0x1
 197 00aa 00       		.byte	0
 198 00ab 06       		.uleb128 0x6
 199 00ac 1B000000 		.4byte	.LASF16
 200 00b0 01       		.byte	0x1
 201 00b1 16       		.byte	0x16
 202 00b2 00000000 		.4byte	.LFB32
 203 00b6 18000000 		.4byte	.LFE32-.LFB32
 204 00ba 01       		.uleb128 0x1
 205 00bb 9C       		.byte	0x9c
 206 00bc E4000000 		.4byte	0xe4
 207 00c0 07       		.uleb128 0x7
 208 00c1 06000000 		.4byte	.LVL0
 209 00c5 2E010000 		.4byte	0x12e
 210 00c9 07       		.uleb128 0x7
 211 00ca 0E000000 		.4byte	.LVL1
 212 00ce 39010000 		.4byte	0x139
 213 00d2 08       		.uleb128 0x8
 214 00d3 16000000 		.4byte	.LVL2
 215 00d7 44010000 		.4byte	0x144
 216 00db 09       		.uleb128 0x9
 217 00dc 01       		.uleb128 0x1
 218 00dd 50       		.byte	0x50
 219 00de 03       		.uleb128 0x3
 220 00df 0A       		.byte	0xa
 221 00e0 2C01     		.2byte	0x12c
 222 00e2 00       		.byte	0
 223 00e3 00       		.byte	0
 224 00e4 06       		.uleb128 0x6
 225 00e5 73000000 		.4byte	.LASF17
 226 00e9 01       		.byte	0x1
 227 00ea 1C       		.byte	0x1c
 228 00eb 00000000 		.4byte	.LFB33
 229 00ef 0A000000 		.4byte	.LFE33-.LFB33
 230 00f3 01       		.uleb128 0x1
 231 00f4 9C       		.byte	0x9c
 232 00f5 09010000 		.4byte	0x109
 233 00f9 08       		.uleb128 0x8
 234 00fa 08000000 		.4byte	.LVL3
 235 00fe 39010000 		.4byte	0x139
 236 0102 09       		.uleb128 0x9
 237 0103 01       		.uleb128 0x1
 238 0104 50       		.byte	0x50
 239 0105 01       		.uleb128 0x1
 240 0106 30       		.byte	0x30
 241 0107 00       		.byte	0
 242 0108 00       		.byte	0
 243 0109 06       		.uleb128 0x6
 244 010a 68000000 		.4byte	.LASF18
 245 010e 01       		.byte	0x1
 246 010f 21       		.byte	0x21
 247 0110 00000000 		.4byte	.LFB34
 248 0114 0A000000 		.4byte	.LFE34-.LFB34
 249 0118 01       		.uleb128 0x1
ARM GAS  C:\Users\NGUYEN~1\AppData\Local\Temp\ccARLgfN.s 			page 6


 250 0119 9C       		.byte	0x9c
 251 011a 2E010000 		.4byte	0x12e
 252 011e 08       		.uleb128 0x8
 253 011f 08000000 		.4byte	.LVL4
 254 0123 39010000 		.4byte	0x139
 255 0127 09       		.uleb128 0x9
 256 0128 01       		.uleb128 0x1
 257 0129 50       		.byte	0x50
 258 012a 01       		.uleb128 0x1
 259 012b 31       		.byte	0x31
 260 012c 00       		.byte	0
 261 012d 00       		.byte	0
 262 012e 0A       		.uleb128 0xa
 263 012f B6010000 		.4byte	.LASF19
 264 0133 B6010000 		.4byte	.LASF19
 265 0137 02       		.byte	0x2
 266 0138 32       		.byte	0x32
 267 0139 0A       		.uleb128 0xa
 268 013a DD000000 		.4byte	.LASF20
 269 013e DD000000 		.4byte	.LASF20
 270 0142 02       		.byte	0x2
 271 0143 33       		.byte	0x33
 272 0144 0A       		.uleb128 0xa
 273 0145 37000000 		.4byte	.LASF21
 274 0149 37000000 		.4byte	.LASF21
 275 014d 03       		.byte	0x3
 276 014e EC       		.byte	0xec
 277 014f 00       		.byte	0
 278              		.section	.debug_abbrev,"",%progbits
 279              	.Ldebug_abbrev0:
 280 0000 01       		.uleb128 0x1
 281 0001 11       		.uleb128 0x11
 282 0002 01       		.byte	0x1
 283 0003 25       		.uleb128 0x25
 284 0004 0E       		.uleb128 0xe
 285 0005 13       		.uleb128 0x13
 286 0006 0B       		.uleb128 0xb
 287 0007 03       		.uleb128 0x3
 288 0008 0E       		.uleb128 0xe
 289 0009 1B       		.uleb128 0x1b
 290 000a 0E       		.uleb128 0xe
 291 000b 55       		.uleb128 0x55
 292 000c 17       		.uleb128 0x17
 293 000d 11       		.uleb128 0x11
 294 000e 01       		.uleb128 0x1
 295 000f 10       		.uleb128 0x10
 296 0010 17       		.uleb128 0x17
 297 0011 00       		.byte	0
 298 0012 00       		.byte	0
 299 0013 02       		.uleb128 0x2
 300 0014 24       		.uleb128 0x24
 301 0015 00       		.byte	0
 302 0016 0B       		.uleb128 0xb
 303 0017 0B       		.uleb128 0xb
 304 0018 3E       		.uleb128 0x3e
 305 0019 0B       		.uleb128 0xb
 306 001a 03       		.uleb128 0x3
ARM GAS  C:\Users\NGUYEN~1\AppData\Local\Temp\ccARLgfN.s 			page 7


 307 001b 0E       		.uleb128 0xe
 308 001c 00       		.byte	0
 309 001d 00       		.byte	0
 310 001e 03       		.uleb128 0x3
 311 001f 24       		.uleb128 0x24
 312 0020 00       		.byte	0
 313 0021 0B       		.uleb128 0xb
 314 0022 0B       		.uleb128 0xb
 315 0023 3E       		.uleb128 0x3e
 316 0024 0B       		.uleb128 0xb
 317 0025 03       		.uleb128 0x3
 318 0026 08       		.uleb128 0x8
 319 0027 00       		.byte	0
 320 0028 00       		.byte	0
 321 0029 04       		.uleb128 0x4
 322 002a 04       		.uleb128 0x4
 323 002b 01       		.byte	0x1
 324 002c 03       		.uleb128 0x3
 325 002d 0E       		.uleb128 0xe
 326 002e 0B       		.uleb128 0xb
 327 002f 0B       		.uleb128 0xb
 328 0030 49       		.uleb128 0x49
 329 0031 13       		.uleb128 0x13
 330 0032 3A       		.uleb128 0x3a
 331 0033 0B       		.uleb128 0xb
 332 0034 3B       		.uleb128 0x3b
 333 0035 0B       		.uleb128 0xb
 334 0036 01       		.uleb128 0x1
 335 0037 13       		.uleb128 0x13
 336 0038 00       		.byte	0
 337 0039 00       		.byte	0
 338 003a 05       		.uleb128 0x5
 339 003b 28       		.uleb128 0x28
 340 003c 00       		.byte	0
 341 003d 03       		.uleb128 0x3
 342 003e 0E       		.uleb128 0xe
 343 003f 1C       		.uleb128 0x1c
 344 0040 0B       		.uleb128 0xb
 345 0041 00       		.byte	0
 346 0042 00       		.byte	0
 347 0043 06       		.uleb128 0x6
 348 0044 2E       		.uleb128 0x2e
 349 0045 01       		.byte	0x1
 350 0046 3F       		.uleb128 0x3f
 351 0047 19       		.uleb128 0x19
 352 0048 03       		.uleb128 0x3
 353 0049 0E       		.uleb128 0xe
 354 004a 3A       		.uleb128 0x3a
 355 004b 0B       		.uleb128 0xb
 356 004c 3B       		.uleb128 0x3b
 357 004d 0B       		.uleb128 0xb
 358 004e 11       		.uleb128 0x11
 359 004f 01       		.uleb128 0x1
 360 0050 12       		.uleb128 0x12
 361 0051 06       		.uleb128 0x6
 362 0052 40       		.uleb128 0x40
 363 0053 18       		.uleb128 0x18
ARM GAS  C:\Users\NGUYEN~1\AppData\Local\Temp\ccARLgfN.s 			page 8


 364 0054 9742     		.uleb128 0x2117
 365 0056 19       		.uleb128 0x19
 366 0057 01       		.uleb128 0x1
 367 0058 13       		.uleb128 0x13
 368 0059 00       		.byte	0
 369 005a 00       		.byte	0
 370 005b 07       		.uleb128 0x7
 371 005c 898201   		.uleb128 0x4109
 372 005f 00       		.byte	0
 373 0060 11       		.uleb128 0x11
 374 0061 01       		.uleb128 0x1
 375 0062 31       		.uleb128 0x31
 376 0063 13       		.uleb128 0x13
 377 0064 00       		.byte	0
 378 0065 00       		.byte	0
 379 0066 08       		.uleb128 0x8
 380 0067 898201   		.uleb128 0x4109
 381 006a 01       		.byte	0x1
 382 006b 11       		.uleb128 0x11
 383 006c 01       		.uleb128 0x1
 384 006d 31       		.uleb128 0x31
 385 006e 13       		.uleb128 0x13
 386 006f 00       		.byte	0
 387 0070 00       		.byte	0
 388 0071 09       		.uleb128 0x9
 389 0072 8A8201   		.uleb128 0x410a
 390 0075 00       		.byte	0
 391 0076 02       		.uleb128 0x2
 392 0077 18       		.uleb128 0x18
 393 0078 9142     		.uleb128 0x2111
 394 007a 18       		.uleb128 0x18
 395 007b 00       		.byte	0
 396 007c 00       		.byte	0
 397 007d 0A       		.uleb128 0xa
 398 007e 2E       		.uleb128 0x2e
 399 007f 00       		.byte	0
 400 0080 3F       		.uleb128 0x3f
 401 0081 19       		.uleb128 0x19
 402 0082 3C       		.uleb128 0x3c
 403 0083 19       		.uleb128 0x19
 404 0084 6E       		.uleb128 0x6e
 405 0085 0E       		.uleb128 0xe
 406 0086 03       		.uleb128 0x3
 407 0087 0E       		.uleb128 0xe
 408 0088 3A       		.uleb128 0x3a
 409 0089 0B       		.uleb128 0xb
 410 008a 3B       		.uleb128 0x3b
 411 008b 0B       		.uleb128 0xb
 412 008c 00       		.byte	0
 413 008d 00       		.byte	0
 414 008e 00       		.byte	0
 415              		.section	.debug_aranges,"",%progbits
 416 0000 2C000000 		.4byte	0x2c
 417 0004 0200     		.2byte	0x2
 418 0006 00000000 		.4byte	.Ldebug_info0
 419 000a 04       		.byte	0x4
 420 000b 00       		.byte	0
ARM GAS  C:\Users\NGUYEN~1\AppData\Local\Temp\ccARLgfN.s 			page 9


 421 000c 0000     		.2byte	0
 422 000e 0000     		.2byte	0
 423 0010 00000000 		.4byte	.LFB32
 424 0014 18000000 		.4byte	.LFE32-.LFB32
 425 0018 00000000 		.4byte	.LFB33
 426 001c 0A000000 		.4byte	.LFE33-.LFB33
 427 0020 00000000 		.4byte	.LFB34
 428 0024 0A000000 		.4byte	.LFE34-.LFB34
 429 0028 00000000 		.4byte	0
 430 002c 00000000 		.4byte	0
 431              		.section	.debug_ranges,"",%progbits
 432              	.Ldebug_ranges0:
 433 0000 00000000 		.4byte	.LFB32
 434 0004 18000000 		.4byte	.LFE32
 435 0008 00000000 		.4byte	.LFB33
 436 000c 0A000000 		.4byte	.LFE33
 437 0010 00000000 		.4byte	.LFB34
 438 0014 0A000000 		.4byte	.LFE34
 439 0018 00000000 		.4byte	0
 440 001c 00000000 		.4byte	0
 441              		.section	.debug_line,"",%progbits
 442              	.Ldebug_line0:
 443 0000 8A000000 		.section	.debug_str,"MS",%progbits,1
 443      02005000 
 443      00000201 
 443      FB0E0D00 
 443      01010101 
 444              	.LASF6:
 445 0000 6C6F6E67 		.ascii	"long long int\000"
 445      206C6F6E 
 445      6720696E 
 445      7400
 446              	.LASF8:
 447 000e 756E7369 		.ascii	"unsigned int\000"
 447      676E6564 
 447      20696E74 
 447      00
 448              	.LASF16:
 449 001b 6C656442 		.ascii	"ledBlink\000"
 449      6C696E6B 
 449      00
 450              	.LASF25:
 451 0024 53746174 		.ascii	"Status_Led\000"
 451      75735F4C 
 451      656400
 452              	.LASF14:
 453 002f 5455524E 		.ascii	"TURN_ON\000"
 453      5F4F4E00 
 454              	.LASF21:
 455 0037 43794465 		.ascii	"CyDelay\000"
 455      6C617900 
 456              	.LASF5:
 457 003f 6C6F6E67 		.ascii	"long unsigned int\000"
 457      20756E73 
 457      69676E65 
 457      6420696E 
 457      7400
ARM GAS  C:\Users\NGUYEN~1\AppData\Local\Temp\ccARLgfN.s 			page 10


 458              	.LASF7:
 459 0051 6C6F6E67 		.ascii	"long long unsigned int\000"
 459      206C6F6E 
 459      6720756E 
 459      7369676E 
 459      65642069 
 460              	.LASF18:
 461 0068 6C656454 		.ascii	"ledTurnOff\000"
 461      75726E4F 
 461      666600
 462              	.LASF17:
 463 0073 6C656454 		.ascii	"ledTurnOn\000"
 463      75726E4F 
 463      6E00
 464              	.LASF9:
 465 007d 666C6F61 		.ascii	"float\000"
 465      7400
 466              	.LASF11:
 467 0083 63686172 		.ascii	"char\000"
 467      00
 468              	.LASF1:
 469 0088 756E7369 		.ascii	"unsigned char\000"
 469      676E6564 
 469      20636861 
 469      7200
 470              	.LASF23:
 471 0096 6C656453 		.ascii	"ledSingle.c\000"
 471      696E676C 
 471      652E6300 
 472              	.LASF4:
 473 00a2 6C6F6E67 		.ascii	"long int\000"
 473      20696E74 
 473      00
 474              	.LASF10:
 475 00ab 646F7562 		.ascii	"double\000"
 475      6C6500
 476              	.LASF24:
 477 00b2 443A5C70 		.ascii	"D:\\psoc\\theory\\output_pin\\output_pin.cydsn\000"
 477      736F635C 
 477      7468656F 
 477      72795C6F 
 477      75747075 
 478              	.LASF20:
 479 00dd 6C656452 		.ascii	"ledRed_Write\000"
 479      65645F57 
 479      72697465 
 479      00
 480              	.LASF22:
 481 00ea 474E5520 		.ascii	"GNU C11 5.4.1 20160609 (release) [ARM/embedded-5-br"
 481      43313120 
 481      352E342E 
 481      31203230 
 481      31363036 
 482 011d 616E6368 		.ascii	"anch revision 237715] -mcpu=cortex-m0 -mthumb -g -O"
 482      20726576 
 482      6973696F 
 482      6E203233 
ARM GAS  C:\Users\NGUYEN~1\AppData\Local\Temp\ccARLgfN.s 			page 11


 482      37373135 
 483 0150 67202D66 		.ascii	"g -ffunction-sections -ffat-lto-objects\000"
 483      66756E63 
 483      74696F6E 
 483      2D736563 
 483      74696F6E 
 484              	.LASF3:
 485 0178 73686F72 		.ascii	"short unsigned int\000"
 485      7420756E 
 485      7369676E 
 485      65642069 
 485      6E7400
 486              	.LASF0:
 487 018b 7369676E 		.ascii	"signed char\000"
 487      65642063 
 487      68617200 
 488              	.LASF13:
 489 0197 6C6F6E67 		.ascii	"long double\000"
 489      20646F75 
 489      626C6500 
 490              	.LASF2:
 491 01a3 73686F72 		.ascii	"short int\000"
 491      7420696E 
 491      7400
 492              	.LASF15:
 493 01ad 5455524E 		.ascii	"TURN_OFF\000"
 493      5F4F4646 
 493      00
 494              	.LASF19:
 495 01b6 6C656452 		.ascii	"ledRed_Read\000"
 495      65645F52 
 495      65616400 
 496              	.LASF12:
 497 01c2 73697A65 		.ascii	"sizetype\000"
 497      74797065 
 497      00
 498              		.ident	"GCC: (GNU Tools for ARM Embedded Processors) 5.4.1 20160609 (release) [ARM/embedded-5-bran
