ARM GAS  C:\Users\NGUYEN~1\AppData\Local\Temp\cc9PP0la.s 			page 1


   1              		.syntax unified
   2              		.cpu cortex-m0
   3              		.fpu softvfp
   4              		.eabi_attribute 20, 1
   5              		.eabi_attribute 21, 1
   6              		.eabi_attribute 23, 3
   7              		.eabi_attribute 24, 1
   8              		.eabi_attribute 25, 1
   9              		.eabi_attribute 26, 1
  10              		.eabi_attribute 30, 1
  11              		.eabi_attribute 34, 0
  12              		.eabi_attribute 18, 4
  13              		.thumb
  14              		.syntax unified
  15              		.file	"main.c"
  16              		.text
  17              	.Ltext0:
  18              		.cfi_sections	.debug_frame
  19              		.section	.text.main,"ax",%progbits
  20              		.align	2
  21              		.global	main
  22              		.code	16
  23              		.thumb_func
  24              		.type	main, %function
  25              	main:
  26              	.LFB32:
  27              		.file 1 "main.c"
   1:main.c        **** /* ========================================
   2:main.c        ****  *
   3:main.c        ****  * Copyright YOUR COMPANY, THE YEAR
   4:main.c        ****  * All Rights Reserved
   5:main.c        ****  * UNPUBLISHED, LICENSED SOFTWARE.
   6:main.c        ****  *
   7:main.c        ****  * CONFIDENTIAL AND PROPRIETARY INFORMATION
   8:main.c        ****  * WHICH IS THE PROPERTY OF your company.
   9:main.c        ****  *
  10:main.c        ****  * ========================================
  11:main.c        **** */
  12:main.c        **** #include "project.h"
  13:main.c        **** #include "main.h"
  14:main.c        **** #include "ledSingle.h"
  15:main.c        **** 
  16:main.c        **** int main(void)
  17:main.c        **** {
  28              		.loc 1 17 0
  29              		.cfi_startproc
  30              		@ Volatile: function does not return.
  31              		@ args = 0, pretend = 0, frame = 0
  32              		@ frame_needed = 0, uses_anonymous_args = 0
  33 0000 10B5     		push	{r4, lr}
  34              		.cfi_def_cfa_offset 8
  35              		.cfi_offset 4, -8
  36              		.cfi_offset 14, -4
  18:main.c        ****     CyGlobalIntEnable; /* Enable global interrupts. */
  37              		.loc 1 18 0
  38              		.syntax divided
  39              	@ 18 "main.c" 1
ARM GAS  C:\Users\NGUYEN~1\AppData\Local\Temp\cc9PP0la.s 			page 2


  40 0002 62B6     		CPSIE   i
  41              	@ 0 "" 2
  42              		.thumb
  43              		.syntax unified
  44              	.L2:
  19:main.c        **** 
  20:main.c        ****     for(;;)
  21:main.c        ****     {
  22:main.c        ****         ledTurnOn();
  45              		.loc 1 22 0 discriminator 1
  46 0004 FFF7FEFF 		bl	ledTurnOn
  47              	.LVL0:
  23:main.c        ****         CyDelay(1000);
  48              		.loc 1 23 0 discriminator 1
  49 0008 FA24     		movs	r4, #250
  50 000a A400     		lsls	r4, r4, #2
  51 000c 2000     		movs	r0, r4
  52 000e FFF7FEFF 		bl	CyDelay
  53              	.LVL1:
  24:main.c        ****         ledTurnOff();
  54              		.loc 1 24 0 discriminator 1
  55 0012 FFF7FEFF 		bl	ledTurnOff
  56              	.LVL2:
  25:main.c        ****         CyDelay(1000);
  57              		.loc 1 25 0 discriminator 1
  58 0016 2000     		movs	r0, r4
  59 0018 FFF7FEFF 		bl	CyDelay
  60              	.LVL3:
  61 001c F2E7     		b	.L2
  62              		.cfi_endproc
  63              	.LFE32:
  64              		.size	main, .-main
  65 001e C046     		.section	.text.initSystem,"ax",%progbits
  66              		.align	2
  67              		.global	initSystem
  68              		.code	16
  69              		.thumb_func
  70              		.type	initSystem, %function
  71              	initSystem:
  72              	.LFB33:
  26:main.c        ****     }
  27:main.c        **** }
  28:main.c        **** 
  29:main.c        **** void initSystem()
  30:main.c        **** {
  73              		.loc 1 30 0
  74              		.cfi_startproc
  75              		@ args = 0, pretend = 0, frame = 0
  76              		@ frame_needed = 0, uses_anonymous_args = 0
  77              		@ link register save eliminated.
  31:main.c        ****     
  32:main.c        **** }
  78              		.loc 1 32 0
  79              		@ sp needed
  80 0000 7047     		bx	lr
  81              		.cfi_endproc
  82              	.LFE33:
ARM GAS  C:\Users\NGUYEN~1\AppData\Local\Temp\cc9PP0la.s 			page 3


  83              		.size	initSystem, .-initSystem
  84 0002 C046     		.text
  85              	.Letext0:
  86              		.file 2 "ledSingle.h"
  87              		.file 3 "Generated_Source\\PSoC4/CyLib.h"
  88              		.section	.debug_info,"",%progbits
  89              	.Ldebug_info0:
  90 0000 0D010000 		.4byte	0x10d
  91 0004 0400     		.2byte	0x4
  92 0006 00000000 		.4byte	.Ldebug_abbrev0
  93 000a 04       		.byte	0x4
  94 000b 01       		.uleb128 0x1
  95 000c C1000000 		.4byte	.LASF17
  96 0010 0C       		.byte	0xc
  97 0011 1B000000 		.4byte	.LASF18
  98 0015 96000000 		.4byte	.LASF19
  99 0019 00000000 		.4byte	.Ldebug_ranges0+0
 100 001d 00000000 		.4byte	0
 101 0021 00000000 		.4byte	.Ldebug_line0
 102 0025 02       		.uleb128 0x2
 103 0026 01       		.byte	0x1
 104 0027 06       		.byte	0x6
 105 0028 62010000 		.4byte	.LASF0
 106 002c 02       		.uleb128 0x2
 107 002d 01       		.byte	0x1
 108 002e 08       		.byte	0x8
 109 002f 73000000 		.4byte	.LASF1
 110 0033 02       		.uleb128 0x2
 111 0034 02       		.byte	0x2
 112 0035 05       		.byte	0x5
 113 0036 85010000 		.4byte	.LASF2
 114 003a 02       		.uleb128 0x2
 115 003b 02       		.byte	0x2
 116 003c 07       		.byte	0x7
 117 003d 4F010000 		.4byte	.LASF3
 118 0041 02       		.uleb128 0x2
 119 0042 04       		.byte	0x4
 120 0043 05       		.byte	0x5
 121 0044 86000000 		.4byte	.LASF4
 122 0048 02       		.uleb128 0x2
 123 0049 04       		.byte	0x4
 124 004a 07       		.byte	0x7
 125 004b 2F000000 		.4byte	.LASF5
 126 004f 02       		.uleb128 0x2
 127 0050 08       		.byte	0x8
 128 0051 05       		.byte	0x5
 129 0052 00000000 		.4byte	.LASF6
 130 0056 02       		.uleb128 0x2
 131 0057 08       		.byte	0x8
 132 0058 07       		.byte	0x7
 133 0059 41000000 		.4byte	.LASF7
 134 005d 03       		.uleb128 0x3
 135 005e 04       		.byte	0x4
 136 005f 05       		.byte	0x5
 137 0060 696E7400 		.ascii	"int\000"
 138 0064 02       		.uleb128 0x2
 139 0065 04       		.byte	0x4
ARM GAS  C:\Users\NGUYEN~1\AppData\Local\Temp\cc9PP0la.s 			page 4


 140 0066 07       		.byte	0x7
 141 0067 0E000000 		.4byte	.LASF8
 142 006b 02       		.uleb128 0x2
 143 006c 04       		.byte	0x4
 144 006d 04       		.byte	0x4
 145 006e 6D000000 		.4byte	.LASF9
 146 0072 02       		.uleb128 0x2
 147 0073 08       		.byte	0x8
 148 0074 04       		.byte	0x4
 149 0075 8F000000 		.4byte	.LASF10
 150 0079 02       		.uleb128 0x2
 151 007a 01       		.byte	0x1
 152 007b 08       		.byte	0x8
 153 007c 81000000 		.4byte	.LASF11
 154 0080 02       		.uleb128 0x2
 155 0081 04       		.byte	0x4
 156 0082 07       		.byte	0x7
 157 0083 8F010000 		.4byte	.LASF12
 158 0087 02       		.uleb128 0x2
 159 0088 08       		.byte	0x8
 160 0089 04       		.byte	0x4
 161 008a 6E010000 		.4byte	.LASF13
 162 008e 04       		.uleb128 0x4
 163 008f 22000000 		.4byte	.LASF20
 164 0093 01       		.byte	0x1
 165 0094 10       		.byte	0x10
 166 0095 5D000000 		.4byte	0x5d
 167 0099 00000000 		.4byte	.LFB32
 168 009d 1E000000 		.4byte	.LFE32-.LFB32
 169 00a1 01       		.uleb128 0x1
 170 00a2 9C       		.byte	0x9c
 171 00a3 DE000000 		.4byte	0xde
 172 00a7 05       		.uleb128 0x5
 173 00a8 08000000 		.4byte	.LVL0
 174 00ac EF000000 		.4byte	0xef
 175 00b0 06       		.uleb128 0x6
 176 00b1 12000000 		.4byte	.LVL1
 177 00b5 FA000000 		.4byte	0xfa
 178 00b9 C4000000 		.4byte	0xc4
 179 00bd 07       		.uleb128 0x7
 180 00be 01       		.uleb128 0x1
 181 00bf 50       		.byte	0x50
 182 00c0 02       		.uleb128 0x2
 183 00c1 74       		.byte	0x74
 184 00c2 00       		.sleb128 0
 185 00c3 00       		.byte	0
 186 00c4 05       		.uleb128 0x5
 187 00c5 16000000 		.4byte	.LVL2
 188 00c9 05010000 		.4byte	0x105
 189 00cd 08       		.uleb128 0x8
 190 00ce 1C000000 		.4byte	.LVL3
 191 00d2 FA000000 		.4byte	0xfa
 192 00d6 07       		.uleb128 0x7
 193 00d7 01       		.uleb128 0x1
 194 00d8 50       		.byte	0x50
 195 00d9 02       		.uleb128 0x2
 196 00da 74       		.byte	0x74
ARM GAS  C:\Users\NGUYEN~1\AppData\Local\Temp\cc9PP0la.s 			page 5


 197 00db 00       		.sleb128 0
 198 00dc 00       		.byte	0
 199 00dd 00       		.byte	0
 200 00de 09       		.uleb128 0x9
 201 00df 7A010000 		.4byte	.LASF21
 202 00e3 01       		.byte	0x1
 203 00e4 1D       		.byte	0x1d
 204 00e5 00000000 		.4byte	.LFB33
 205 00e9 02000000 		.4byte	.LFE33-.LFB33
 206 00ed 01       		.uleb128 0x1
 207 00ee 9C       		.byte	0x9c
 208 00ef 0A       		.uleb128 0xa
 209 00f0 63000000 		.4byte	.LASF14
 210 00f4 63000000 		.4byte	.LASF14
 211 00f8 02       		.byte	0x2
 212 00f9 10       		.byte	0x10
 213 00fa 0A       		.uleb128 0xa
 214 00fb 27000000 		.4byte	.LASF15
 215 00ff 27000000 		.4byte	.LASF15
 216 0103 03       		.byte	0x3
 217 0104 EC       		.byte	0xec
 218 0105 0A       		.uleb128 0xa
 219 0106 58000000 		.4byte	.LASF16
 220 010a 58000000 		.4byte	.LASF16
 221 010e 02       		.byte	0x2
 222 010f 11       		.byte	0x11
 223 0110 00       		.byte	0
 224              		.section	.debug_abbrev,"",%progbits
 225              	.Ldebug_abbrev0:
 226 0000 01       		.uleb128 0x1
 227 0001 11       		.uleb128 0x11
 228 0002 01       		.byte	0x1
 229 0003 25       		.uleb128 0x25
 230 0004 0E       		.uleb128 0xe
 231 0005 13       		.uleb128 0x13
 232 0006 0B       		.uleb128 0xb
 233 0007 03       		.uleb128 0x3
 234 0008 0E       		.uleb128 0xe
 235 0009 1B       		.uleb128 0x1b
 236 000a 0E       		.uleb128 0xe
 237 000b 55       		.uleb128 0x55
 238 000c 17       		.uleb128 0x17
 239 000d 11       		.uleb128 0x11
 240 000e 01       		.uleb128 0x1
 241 000f 10       		.uleb128 0x10
 242 0010 17       		.uleb128 0x17
 243 0011 00       		.byte	0
 244 0012 00       		.byte	0
 245 0013 02       		.uleb128 0x2
 246 0014 24       		.uleb128 0x24
 247 0015 00       		.byte	0
 248 0016 0B       		.uleb128 0xb
 249 0017 0B       		.uleb128 0xb
 250 0018 3E       		.uleb128 0x3e
 251 0019 0B       		.uleb128 0xb
 252 001a 03       		.uleb128 0x3
 253 001b 0E       		.uleb128 0xe
ARM GAS  C:\Users\NGUYEN~1\AppData\Local\Temp\cc9PP0la.s 			page 6


 254 001c 00       		.byte	0
 255 001d 00       		.byte	0
 256 001e 03       		.uleb128 0x3
 257 001f 24       		.uleb128 0x24
 258 0020 00       		.byte	0
 259 0021 0B       		.uleb128 0xb
 260 0022 0B       		.uleb128 0xb
 261 0023 3E       		.uleb128 0x3e
 262 0024 0B       		.uleb128 0xb
 263 0025 03       		.uleb128 0x3
 264 0026 08       		.uleb128 0x8
 265 0027 00       		.byte	0
 266 0028 00       		.byte	0
 267 0029 04       		.uleb128 0x4
 268 002a 2E       		.uleb128 0x2e
 269 002b 01       		.byte	0x1
 270 002c 3F       		.uleb128 0x3f
 271 002d 19       		.uleb128 0x19
 272 002e 03       		.uleb128 0x3
 273 002f 0E       		.uleb128 0xe
 274 0030 3A       		.uleb128 0x3a
 275 0031 0B       		.uleb128 0xb
 276 0032 3B       		.uleb128 0x3b
 277 0033 0B       		.uleb128 0xb
 278 0034 27       		.uleb128 0x27
 279 0035 19       		.uleb128 0x19
 280 0036 49       		.uleb128 0x49
 281 0037 13       		.uleb128 0x13
 282 0038 8701     		.uleb128 0x87
 283 003a 19       		.uleb128 0x19
 284 003b 11       		.uleb128 0x11
 285 003c 01       		.uleb128 0x1
 286 003d 12       		.uleb128 0x12
 287 003e 06       		.uleb128 0x6
 288 003f 40       		.uleb128 0x40
 289 0040 18       		.uleb128 0x18
 290 0041 9742     		.uleb128 0x2117
 291 0043 19       		.uleb128 0x19
 292 0044 01       		.uleb128 0x1
 293 0045 13       		.uleb128 0x13
 294 0046 00       		.byte	0
 295 0047 00       		.byte	0
 296 0048 05       		.uleb128 0x5
 297 0049 898201   		.uleb128 0x4109
 298 004c 00       		.byte	0
 299 004d 11       		.uleb128 0x11
 300 004e 01       		.uleb128 0x1
 301 004f 31       		.uleb128 0x31
 302 0050 13       		.uleb128 0x13
 303 0051 00       		.byte	0
 304 0052 00       		.byte	0
 305 0053 06       		.uleb128 0x6
 306 0054 898201   		.uleb128 0x4109
 307 0057 01       		.byte	0x1
 308 0058 11       		.uleb128 0x11
 309 0059 01       		.uleb128 0x1
 310 005a 31       		.uleb128 0x31
ARM GAS  C:\Users\NGUYEN~1\AppData\Local\Temp\cc9PP0la.s 			page 7


 311 005b 13       		.uleb128 0x13
 312 005c 01       		.uleb128 0x1
 313 005d 13       		.uleb128 0x13
 314 005e 00       		.byte	0
 315 005f 00       		.byte	0
 316 0060 07       		.uleb128 0x7
 317 0061 8A8201   		.uleb128 0x410a
 318 0064 00       		.byte	0
 319 0065 02       		.uleb128 0x2
 320 0066 18       		.uleb128 0x18
 321 0067 9142     		.uleb128 0x2111
 322 0069 18       		.uleb128 0x18
 323 006a 00       		.byte	0
 324 006b 00       		.byte	0
 325 006c 08       		.uleb128 0x8
 326 006d 898201   		.uleb128 0x4109
 327 0070 01       		.byte	0x1
 328 0071 11       		.uleb128 0x11
 329 0072 01       		.uleb128 0x1
 330 0073 31       		.uleb128 0x31
 331 0074 13       		.uleb128 0x13
 332 0075 00       		.byte	0
 333 0076 00       		.byte	0
 334 0077 09       		.uleb128 0x9
 335 0078 2E       		.uleb128 0x2e
 336 0079 00       		.byte	0
 337 007a 3F       		.uleb128 0x3f
 338 007b 19       		.uleb128 0x19
 339 007c 03       		.uleb128 0x3
 340 007d 0E       		.uleb128 0xe
 341 007e 3A       		.uleb128 0x3a
 342 007f 0B       		.uleb128 0xb
 343 0080 3B       		.uleb128 0x3b
 344 0081 0B       		.uleb128 0xb
 345 0082 11       		.uleb128 0x11
 346 0083 01       		.uleb128 0x1
 347 0084 12       		.uleb128 0x12
 348 0085 06       		.uleb128 0x6
 349 0086 40       		.uleb128 0x40
 350 0087 18       		.uleb128 0x18
 351 0088 9742     		.uleb128 0x2117
 352 008a 19       		.uleb128 0x19
 353 008b 00       		.byte	0
 354 008c 00       		.byte	0
 355 008d 0A       		.uleb128 0xa
 356 008e 2E       		.uleb128 0x2e
 357 008f 00       		.byte	0
 358 0090 3F       		.uleb128 0x3f
 359 0091 19       		.uleb128 0x19
 360 0092 3C       		.uleb128 0x3c
 361 0093 19       		.uleb128 0x19
 362 0094 6E       		.uleb128 0x6e
 363 0095 0E       		.uleb128 0xe
 364 0096 03       		.uleb128 0x3
 365 0097 0E       		.uleb128 0xe
 366 0098 3A       		.uleb128 0x3a
 367 0099 0B       		.uleb128 0xb
ARM GAS  C:\Users\NGUYEN~1\AppData\Local\Temp\cc9PP0la.s 			page 8


 368 009a 3B       		.uleb128 0x3b
 369 009b 0B       		.uleb128 0xb
 370 009c 00       		.byte	0
 371 009d 00       		.byte	0
 372 009e 00       		.byte	0
 373              		.section	.debug_aranges,"",%progbits
 374 0000 24000000 		.4byte	0x24
 375 0004 0200     		.2byte	0x2
 376 0006 00000000 		.4byte	.Ldebug_info0
 377 000a 04       		.byte	0x4
 378 000b 00       		.byte	0
 379 000c 0000     		.2byte	0
 380 000e 0000     		.2byte	0
 381 0010 00000000 		.4byte	.LFB32
 382 0014 1E000000 		.4byte	.LFE32-.LFB32
 383 0018 00000000 		.4byte	.LFB33
 384 001c 02000000 		.4byte	.LFE33-.LFB33
 385 0020 00000000 		.4byte	0
 386 0024 00000000 		.4byte	0
 387              		.section	.debug_ranges,"",%progbits
 388              	.Ldebug_ranges0:
 389 0000 00000000 		.4byte	.LFB32
 390 0004 1E000000 		.4byte	.LFE32
 391 0008 00000000 		.4byte	.LFB33
 392 000c 02000000 		.4byte	.LFE33
 393 0010 00000000 		.4byte	0
 394 0014 00000000 		.4byte	0
 395              		.section	.debug_line,"",%progbits
 396              	.Ldebug_line0:
 397 0000 88000000 		.section	.debug_str,"MS",%progbits,1
 397      02004E00 
 397      00000201 
 397      FB0E0D00 
 397      01010101 
 398              	.LASF6:
 399 0000 6C6F6E67 		.ascii	"long long int\000"
 399      206C6F6E 
 399      6720696E 
 399      7400
 400              	.LASF8:
 401 000e 756E7369 		.ascii	"unsigned int\000"
 401      676E6564 
 401      20696E74 
 401      00
 402              	.LASF18:
 403 001b 6D61696E 		.ascii	"main.c\000"
 403      2E6300
 404              	.LASF20:
 405 0022 6D61696E 		.ascii	"main\000"
 405      00
 406              	.LASF15:
 407 0027 43794465 		.ascii	"CyDelay\000"
 407      6C617900 
 408              	.LASF5:
 409 002f 6C6F6E67 		.ascii	"long unsigned int\000"
 409      20756E73 
 409      69676E65 
ARM GAS  C:\Users\NGUYEN~1\AppData\Local\Temp\cc9PP0la.s 			page 9


 409      6420696E 
 409      7400
 410              	.LASF7:
 411 0041 6C6F6E67 		.ascii	"long long unsigned int\000"
 411      206C6F6E 
 411      6720756E 
 411      7369676E 
 411      65642069 
 412              	.LASF16:
 413 0058 6C656454 		.ascii	"ledTurnOff\000"
 413      75726E4F 
 413      666600
 414              	.LASF14:
 415 0063 6C656454 		.ascii	"ledTurnOn\000"
 415      75726E4F 
 415      6E00
 416              	.LASF9:
 417 006d 666C6F61 		.ascii	"float\000"
 417      7400
 418              	.LASF1:
 419 0073 756E7369 		.ascii	"unsigned char\000"
 419      676E6564 
 419      20636861 
 419      7200
 420              	.LASF11:
 421 0081 63686172 		.ascii	"char\000"
 421      00
 422              	.LASF4:
 423 0086 6C6F6E67 		.ascii	"long int\000"
 423      20696E74 
 423      00
 424              	.LASF10:
 425 008f 646F7562 		.ascii	"double\000"
 425      6C6500
 426              	.LASF19:
 427 0096 443A5C70 		.ascii	"D:\\psoc\\theory\\output_pin\\output_pin.cydsn\000"
 427      736F635C 
 427      7468656F 
 427      72795C6F 
 427      75747075 
 428              	.LASF17:
 429 00c1 474E5520 		.ascii	"GNU C11 5.4.1 20160609 (release) [ARM/embedded-5-br"
 429      43313120 
 429      352E342E 
 429      31203230 
 429      31363036 
 430 00f4 616E6368 		.ascii	"anch revision 237715] -mcpu=cortex-m0 -mthumb -g -O"
 430      20726576 
 430      6973696F 
 430      6E203233 
 430      37373135 
 431 0127 67202D66 		.ascii	"g -ffunction-sections -ffat-lto-objects\000"
 431      66756E63 
 431      74696F6E 
 431      2D736563 
 431      74696F6E 
 432              	.LASF3:
ARM GAS  C:\Users\NGUYEN~1\AppData\Local\Temp\cc9PP0la.s 			page 10


 433 014f 73686F72 		.ascii	"short unsigned int\000"
 433      7420756E 
 433      7369676E 
 433      65642069 
 433      6E7400
 434              	.LASF0:
 435 0162 7369676E 		.ascii	"signed char\000"
 435      65642063 
 435      68617200 
 436              	.LASF13:
 437 016e 6C6F6E67 		.ascii	"long double\000"
 437      20646F75 
 437      626C6500 
 438              	.LASF21:
 439 017a 696E6974 		.ascii	"initSystem\000"
 439      53797374 
 439      656D00
 440              	.LASF2:
 441 0185 73686F72 		.ascii	"short int\000"
 441      7420696E 
 441      7400
 442              	.LASF12:
 443 018f 73697A65 		.ascii	"sizetype\000"
 443      74797065 
 443      00
 444              		.ident	"GCC: (GNU Tools for ARM Embedded Processors) 5.4.1 20160609 (release) [ARM/embedded-5-bran
