ARM GAS  C:\Users\NGUYEN~1\AppData\Local\Temp\ccRj6aRN.s 			page 1


   1              		.syntax unified
   2              		.cpu cortex-m0
   3              		.fpu softvfp
   4              		.eabi_attribute 20, 1
   5              		.eabi_attribute 21, 1
   6              		.eabi_attribute 23, 3
   7              		.eabi_attribute 24, 1
   8              		.eabi_attribute 25, 1
   9              		.eabi_attribute 26, 1
  10              		.eabi_attribute 30, 1
  11              		.eabi_attribute 34, 0
  12              		.eabi_attribute 18, 4
  13              		.thumb
  14              		.syntax unified
  15              		.file	"cyfitter_cfg.c"
  16              		.text
  17              	.Ltext0:
  18              		.cfi_sections	.debug_frame
  19              		.section	.text.cfg_write_bytes32,"ax",%progbits
  20              		.align	2
  21              		.code	16
  22              		.thumb_func
  23              		.type	cfg_write_bytes32, %function
  24              	cfg_write_bytes32:
  25              	.LFB3:
  26              		.file 1 "Generated_Source\\PSoC4\\cyfitter_cfg.c"
   1:Generated_Source\PSoC4/cyfitter_cfg.c **** 
   2:Generated_Source\PSoC4/cyfitter_cfg.c **** /*******************************************************************************
   3:Generated_Source\PSoC4/cyfitter_cfg.c **** * File Name: cyfitter_cfg.c
   4:Generated_Source\PSoC4/cyfitter_cfg.c **** * 
   5:Generated_Source\PSoC4/cyfitter_cfg.c **** * PSoC Creator  4.4
   6:Generated_Source\PSoC4/cyfitter_cfg.c **** *
   7:Generated_Source\PSoC4/cyfitter_cfg.c **** * Description:
   8:Generated_Source\PSoC4/cyfitter_cfg.c **** * This file contains device initialization code.
   9:Generated_Source\PSoC4/cyfitter_cfg.c **** * Except for the user defined sections in CyClockStartupError(), this file should not be modified.
  10:Generated_Source\PSoC4/cyfitter_cfg.c **** * This file is automatically generated by PSoC Creator.
  11:Generated_Source\PSoC4/cyfitter_cfg.c **** *
  12:Generated_Source\PSoC4/cyfitter_cfg.c **** ********************************************************************************
  13:Generated_Source\PSoC4/cyfitter_cfg.c **** * Copyright (c) 2007-2020 Cypress Semiconductor.  All rights reserved.
  14:Generated_Source\PSoC4/cyfitter_cfg.c **** * You may use this file only in accordance with the license, terms, conditions, 
  15:Generated_Source\PSoC4/cyfitter_cfg.c **** * disclaimers, and limitations in the end user license agreement accompanying 
  16:Generated_Source\PSoC4/cyfitter_cfg.c **** * the software package with which this file was provided.
  17:Generated_Source\PSoC4/cyfitter_cfg.c **** ********************************************************************************/
  18:Generated_Source\PSoC4/cyfitter_cfg.c **** 
  19:Generated_Source\PSoC4/cyfitter_cfg.c **** #include <string.h>
  20:Generated_Source\PSoC4/cyfitter_cfg.c **** #include "cytypes.h"
  21:Generated_Source\PSoC4/cyfitter_cfg.c **** #include "cydevice_trm.h"
  22:Generated_Source\PSoC4/cyfitter_cfg.c **** #include "cyfitter.h"
  23:Generated_Source\PSoC4/cyfitter_cfg.c **** #include "CyLib.h"
  24:Generated_Source\PSoC4/cyfitter_cfg.c **** #include "CyLFClk.h"
  25:Generated_Source\PSoC4/cyfitter_cfg.c **** #include "cyfitter_cfg.h"
  26:Generated_Source\PSoC4/cyfitter_cfg.c **** #include "cyapicallbacks.h"
  27:Generated_Source\PSoC4/cyfitter_cfg.c **** 
  28:Generated_Source\PSoC4/cyfitter_cfg.c **** 
  29:Generated_Source\PSoC4/cyfitter_cfg.c **** #if defined(__GNUC__) || defined(__ARMCC_VERSION)
  30:Generated_Source\PSoC4/cyfitter_cfg.c ****     #define CYPACKED 
  31:Generated_Source\PSoC4/cyfitter_cfg.c ****     #define CYPACKED_ATTR __attribute__ ((packed))
ARM GAS  C:\Users\NGUYEN~1\AppData\Local\Temp\ccRj6aRN.s 			page 2


  32:Generated_Source\PSoC4/cyfitter_cfg.c ****     #define CYALIGNED __attribute__ ((aligned))
  33:Generated_Source\PSoC4/cyfitter_cfg.c ****     #define CY_CFG_UNUSED __attribute__ ((unused))
  34:Generated_Source\PSoC4/cyfitter_cfg.c ****     #ifndef CY_CFG_SECTION
  35:Generated_Source\PSoC4/cyfitter_cfg.c ****         #define CY_CFG_SECTION __attribute__ ((section(".psocinit")))
  36:Generated_Source\PSoC4/cyfitter_cfg.c ****     #endif
  37:Generated_Source\PSoC4/cyfitter_cfg.c ****     
  38:Generated_Source\PSoC4/cyfitter_cfg.c ****     #if defined(__ARMCC_VERSION)
  39:Generated_Source\PSoC4/cyfitter_cfg.c ****         #define CY_CFG_MEMORY_BARRIER() __memory_changed()
  40:Generated_Source\PSoC4/cyfitter_cfg.c ****     #else
  41:Generated_Source\PSoC4/cyfitter_cfg.c ****         #define CY_CFG_MEMORY_BARRIER() __sync_synchronize()
  42:Generated_Source\PSoC4/cyfitter_cfg.c ****     #endif
  43:Generated_Source\PSoC4/cyfitter_cfg.c ****     
  44:Generated_Source\PSoC4/cyfitter_cfg.c **** #elif defined(__ICCARM__)
  45:Generated_Source\PSoC4/cyfitter_cfg.c ****     #include <intrinsics.h>
  46:Generated_Source\PSoC4/cyfitter_cfg.c **** 
  47:Generated_Source\PSoC4/cyfitter_cfg.c ****     #define CYPACKED __packed
  48:Generated_Source\PSoC4/cyfitter_cfg.c ****     #define CYPACKED_ATTR 
  49:Generated_Source\PSoC4/cyfitter_cfg.c ****     #define CYALIGNED _Pragma("data_alignment=4")
  50:Generated_Source\PSoC4/cyfitter_cfg.c ****     #define CY_CFG_UNUSED _Pragma("diag_suppress=Pe177")
  51:Generated_Source\PSoC4/cyfitter_cfg.c ****     #define CY_CFG_SECTION _Pragma("location=\".psocinit\"")
  52:Generated_Source\PSoC4/cyfitter_cfg.c ****     
  53:Generated_Source\PSoC4/cyfitter_cfg.c ****     #define CY_CFG_MEMORY_BARRIER() __DMB()
  54:Generated_Source\PSoC4/cyfitter_cfg.c ****     
  55:Generated_Source\PSoC4/cyfitter_cfg.c **** #else
  56:Generated_Source\PSoC4/cyfitter_cfg.c ****     #error Unsupported toolchain
  57:Generated_Source\PSoC4/cyfitter_cfg.c **** #endif
  58:Generated_Source\PSoC4/cyfitter_cfg.c **** 
  59:Generated_Source\PSoC4/cyfitter_cfg.c **** #ifndef CYCODE
  60:Generated_Source\PSoC4/cyfitter_cfg.c ****     #define CYCODE
  61:Generated_Source\PSoC4/cyfitter_cfg.c **** #endif
  62:Generated_Source\PSoC4/cyfitter_cfg.c **** #ifndef CYDATA
  63:Generated_Source\PSoC4/cyfitter_cfg.c ****     #define CYDATA
  64:Generated_Source\PSoC4/cyfitter_cfg.c **** #endif
  65:Generated_Source\PSoC4/cyfitter_cfg.c **** #ifndef CYFAR
  66:Generated_Source\PSoC4/cyfitter_cfg.c ****     #define CYFAR
  67:Generated_Source\PSoC4/cyfitter_cfg.c **** #endif
  68:Generated_Source\PSoC4/cyfitter_cfg.c **** #ifndef CYXDATA
  69:Generated_Source\PSoC4/cyfitter_cfg.c ****     #define CYXDATA
  70:Generated_Source\PSoC4/cyfitter_cfg.c **** #endif
  71:Generated_Source\PSoC4/cyfitter_cfg.c **** 
  72:Generated_Source\PSoC4/cyfitter_cfg.c **** 
  73:Generated_Source\PSoC4/cyfitter_cfg.c **** CY_CFG_UNUSED
  74:Generated_Source\PSoC4/cyfitter_cfg.c **** static void CYMEMZERO(void *s, size_t n);
  75:Generated_Source\PSoC4/cyfitter_cfg.c **** CY_CFG_UNUSED
  76:Generated_Source\PSoC4/cyfitter_cfg.c **** static void CYMEMZERO(void *s, size_t n)
  77:Generated_Source\PSoC4/cyfitter_cfg.c **** {
  78:Generated_Source\PSoC4/cyfitter_cfg.c **** 	(void)memset(s, 0, n);
  79:Generated_Source\PSoC4/cyfitter_cfg.c **** }
  80:Generated_Source\PSoC4/cyfitter_cfg.c **** CY_CFG_UNUSED
  81:Generated_Source\PSoC4/cyfitter_cfg.c **** static void CYCONFIGCPY(void *dest, const void *src, size_t n);
  82:Generated_Source\PSoC4/cyfitter_cfg.c **** CY_CFG_UNUSED
  83:Generated_Source\PSoC4/cyfitter_cfg.c **** static void CYCONFIGCPY(void *dest, const void *src, size_t n)
  84:Generated_Source\PSoC4/cyfitter_cfg.c **** {
  85:Generated_Source\PSoC4/cyfitter_cfg.c **** 	(void)memcpy(dest, src, n);
  86:Generated_Source\PSoC4/cyfitter_cfg.c **** }
  87:Generated_Source\PSoC4/cyfitter_cfg.c **** CY_CFG_UNUSED
  88:Generated_Source\PSoC4/cyfitter_cfg.c **** static void CYCONFIGCPYCODE(void *dest, const void *src, size_t n);
ARM GAS  C:\Users\NGUYEN~1\AppData\Local\Temp\ccRj6aRN.s 			page 3


  89:Generated_Source\PSoC4/cyfitter_cfg.c **** CY_CFG_UNUSED
  90:Generated_Source\PSoC4/cyfitter_cfg.c **** static void CYCONFIGCPYCODE(void *dest, const void *src, size_t n)
  91:Generated_Source\PSoC4/cyfitter_cfg.c **** {
  92:Generated_Source\PSoC4/cyfitter_cfg.c **** 	(void)memcpy(dest, src, n);
  93:Generated_Source\PSoC4/cyfitter_cfg.c **** }
  94:Generated_Source\PSoC4/cyfitter_cfg.c **** 
  95:Generated_Source\PSoC4/cyfitter_cfg.c **** 
  96:Generated_Source\PSoC4/cyfitter_cfg.c **** 
  97:Generated_Source\PSoC4/cyfitter_cfg.c **** 
  98:Generated_Source\PSoC4/cyfitter_cfg.c **** /* Clock startup error codes                                                   */
  99:Generated_Source\PSoC4/cyfitter_cfg.c **** #define CYCLOCKSTART_NO_ERROR    0u
 100:Generated_Source\PSoC4/cyfitter_cfg.c **** #define CYCLOCKSTART_XTAL_ERROR  1u
 101:Generated_Source\PSoC4/cyfitter_cfg.c **** #define CYCLOCKSTART_32KHZ_ERROR 2u
 102:Generated_Source\PSoC4/cyfitter_cfg.c **** #define CYCLOCKSTART_PLL_ERROR   3u
 103:Generated_Source\PSoC4/cyfitter_cfg.c **** #define CYCLOCKSTART_FLL_ERROR   4u
 104:Generated_Source\PSoC4/cyfitter_cfg.c **** #define CYCLOCKSTART_WCO_ERROR   5u
 105:Generated_Source\PSoC4/cyfitter_cfg.c **** 
 106:Generated_Source\PSoC4/cyfitter_cfg.c **** 
 107:Generated_Source\PSoC4/cyfitter_cfg.c **** #ifdef CY_NEED_CYCLOCKSTARTUPERROR
 108:Generated_Source\PSoC4/cyfitter_cfg.c **** /*******************************************************************************
 109:Generated_Source\PSoC4/cyfitter_cfg.c **** * Function Name: CyClockStartupError
 110:Generated_Source\PSoC4/cyfitter_cfg.c **** ********************************************************************************
 111:Generated_Source\PSoC4/cyfitter_cfg.c **** * Summary:
 112:Generated_Source\PSoC4/cyfitter_cfg.c **** *  If an error is encountered during clock configuration (crystal startup error,
 113:Generated_Source\PSoC4/cyfitter_cfg.c **** *  PLL lock error, etc.), the system will end up here.  Unless reimplemented by
 114:Generated_Source\PSoC4/cyfitter_cfg.c **** *  the customer, this function will stop in an infinite loop.
 115:Generated_Source\PSoC4/cyfitter_cfg.c **** *
 116:Generated_Source\PSoC4/cyfitter_cfg.c **** * Parameters:
 117:Generated_Source\PSoC4/cyfitter_cfg.c **** *   void
 118:Generated_Source\PSoC4/cyfitter_cfg.c **** *
 119:Generated_Source\PSoC4/cyfitter_cfg.c **** * Return:
 120:Generated_Source\PSoC4/cyfitter_cfg.c **** *   void
 121:Generated_Source\PSoC4/cyfitter_cfg.c **** *
 122:Generated_Source\PSoC4/cyfitter_cfg.c **** *******************************************************************************/
 123:Generated_Source\PSoC4/cyfitter_cfg.c **** CY_CFG_UNUSED
 124:Generated_Source\PSoC4/cyfitter_cfg.c **** static void CyClockStartupError(uint8 errorCode);
 125:Generated_Source\PSoC4/cyfitter_cfg.c **** CY_CFG_UNUSED
 126:Generated_Source\PSoC4/cyfitter_cfg.c **** static void CyClockStartupError(uint8 errorCode)
 127:Generated_Source\PSoC4/cyfitter_cfg.c **** {
 128:Generated_Source\PSoC4/cyfitter_cfg.c ****     /* To remove the compiler warning if errorCode not used.                */
 129:Generated_Source\PSoC4/cyfitter_cfg.c ****     errorCode = errorCode;
 130:Generated_Source\PSoC4/cyfitter_cfg.c **** 
 131:Generated_Source\PSoC4/cyfitter_cfg.c ****     /* If we have a clock startup error (bad MHz crystal, PLL lock, etc.),  */
 132:Generated_Source\PSoC4/cyfitter_cfg.c ****     /* we will end up here to allow the customer to implement something to  */
 133:Generated_Source\PSoC4/cyfitter_cfg.c ****     /* deal with the clock condition.                                       */
 134:Generated_Source\PSoC4/cyfitter_cfg.c **** 
 135:Generated_Source\PSoC4/cyfitter_cfg.c **** #ifdef CY_CFG_CLOCK_STARTUP_ERROR_CALLBACK
 136:Generated_Source\PSoC4/cyfitter_cfg.c ****     CY_CFG_Clock_Startup_ErrorCallback();
 137:Generated_Source\PSoC4/cyfitter_cfg.c **** #else
 138:Generated_Source\PSoC4/cyfitter_cfg.c ****     /*  If not using CY_CFG_CLOCK_STARTUP_ERROR_CALLBACK, place your clock startup code here. */
 139:Generated_Source\PSoC4/cyfitter_cfg.c ****     /* `#START CyClockStartupError` */
 140:Generated_Source\PSoC4/cyfitter_cfg.c **** 
 141:Generated_Source\PSoC4/cyfitter_cfg.c **** 
 142:Generated_Source\PSoC4/cyfitter_cfg.c **** 
 143:Generated_Source\PSoC4/cyfitter_cfg.c ****     /* `#END` */
 144:Generated_Source\PSoC4/cyfitter_cfg.c **** 
 145:Generated_Source\PSoC4/cyfitter_cfg.c ****     while(1) {}
ARM GAS  C:\Users\NGUYEN~1\AppData\Local\Temp\ccRj6aRN.s 			page 4


 146:Generated_Source\PSoC4/cyfitter_cfg.c **** #endif /* CY_CFG_CLOCK_STARTUP_ERROR_CALLBACK */
 147:Generated_Source\PSoC4/cyfitter_cfg.c **** }
 148:Generated_Source\PSoC4/cyfitter_cfg.c **** #endif
 149:Generated_Source\PSoC4/cyfitter_cfg.c **** 
 150:Generated_Source\PSoC4/cyfitter_cfg.c **** #define CY_CFG_BASE_ADDR_COUNT 2u
 151:Generated_Source\PSoC4/cyfitter_cfg.c **** CYPACKED typedef struct
 152:Generated_Source\PSoC4/cyfitter_cfg.c **** {
 153:Generated_Source\PSoC4/cyfitter_cfg.c **** 	uint8 offset;
 154:Generated_Source\PSoC4/cyfitter_cfg.c **** 	uint8 value;
 155:Generated_Source\PSoC4/cyfitter_cfg.c **** } CYPACKED_ATTR cy_cfg_addrvalue_t;
 156:Generated_Source\PSoC4/cyfitter_cfg.c **** 
 157:Generated_Source\PSoC4/cyfitter_cfg.c **** 
 158:Generated_Source\PSoC4/cyfitter_cfg.c **** 
 159:Generated_Source\PSoC4/cyfitter_cfg.c **** /*******************************************************************************
 160:Generated_Source\PSoC4/cyfitter_cfg.c **** * Function Name: cfg_write_bytes32
 161:Generated_Source\PSoC4/cyfitter_cfg.c **** ********************************************************************************
 162:Generated_Source\PSoC4/cyfitter_cfg.c **** * Summary:
 163:Generated_Source\PSoC4/cyfitter_cfg.c **** *  This function is used for setting up the chip configuration areas that
 164:Generated_Source\PSoC4/cyfitter_cfg.c **** *  contain relatively sparse data.
 165:Generated_Source\PSoC4/cyfitter_cfg.c **** *
 166:Generated_Source\PSoC4/cyfitter_cfg.c **** * Parameters:
 167:Generated_Source\PSoC4/cyfitter_cfg.c **** *   void
 168:Generated_Source\PSoC4/cyfitter_cfg.c **** *
 169:Generated_Source\PSoC4/cyfitter_cfg.c **** * Return:
 170:Generated_Source\PSoC4/cyfitter_cfg.c **** *   void
 171:Generated_Source\PSoC4/cyfitter_cfg.c **** *
 172:Generated_Source\PSoC4/cyfitter_cfg.c **** *******************************************************************************/
 173:Generated_Source\PSoC4/cyfitter_cfg.c **** static void cfg_write_bytes32(const uint32 addr_table[], const cy_cfg_addrvalue_t data_table[]);
 174:Generated_Source\PSoC4/cyfitter_cfg.c **** static void cfg_write_bytes32(const uint32 addr_table[], const cy_cfg_addrvalue_t data_table[])
 175:Generated_Source\PSoC4/cyfitter_cfg.c **** {
  27              		.loc 1 175 0
  28              		.cfi_startproc
  29              		@ args = 0, pretend = 0, frame = 0
  30              		@ frame_needed = 0, uses_anonymous_args = 0
  31              	.LVL0:
  32 0000 F0B5     		push	{r4, r5, r6, r7, lr}
  33              		.cfi_def_cfa_offset 20
  34              		.cfi_offset 4, -20
  35              		.cfi_offset 5, -16
  36              		.cfi_offset 6, -12
  37              		.cfi_offset 7, -8
  38              		.cfi_offset 14, -4
  39              	.LVL1:
 176:Generated_Source\PSoC4/cyfitter_cfg.c **** 	/* For 32-bit little-endian architectures */
 177:Generated_Source\PSoC4/cyfitter_cfg.c **** 	uint32 i, j = 0u;
  40              		.loc 1 177 0
  41 0002 0025     		movs	r5, #0
 178:Generated_Source\PSoC4/cyfitter_cfg.c **** 	for (i = 0u; i < CY_CFG_BASE_ADDR_COUNT; i++)
  42              		.loc 1 178 0
  43 0004 0027     		movs	r7, #0
  44 0006 11E0     		b	.L2
  45              	.LVL2:
  46              	.L5:
  47              	.LBB2:
 179:Generated_Source\PSoC4/cyfitter_cfg.c **** 	{
 180:Generated_Source\PSoC4/cyfitter_cfg.c **** 		uint32 baseAddr = addr_table[i];
  48              		.loc 1 180 0
ARM GAS  C:\Users\NGUYEN~1\AppData\Local\Temp\ccRj6aRN.s 			page 5


  49 0008 BB00     		lsls	r3, r7, #2
  50 000a C658     		ldr	r6, [r0, r3]
  51              	.LVL3:
 181:Generated_Source\PSoC4/cyfitter_cfg.c **** 		uint8 count = (uint8)baseAddr;
  52              		.loc 1 181 0
  53 000c F3B2     		uxtb	r3, r6
  54              	.LVL4:
 182:Generated_Source\PSoC4/cyfitter_cfg.c **** 		baseAddr &= 0xFFFFFF00u;
  55              		.loc 1 182 0
  56 000e FF22     		movs	r2, #255
  57 0010 9643     		bics	r6, r2
  58              	.LVL5:
 183:Generated_Source\PSoC4/cyfitter_cfg.c **** 		while (count != 0u)
  59              		.loc 1 183 0
  60 0012 08E0     		b	.L3
  61              	.L4:
 184:Generated_Source\PSoC4/cyfitter_cfg.c **** 		{
 185:Generated_Source\PSoC4/cyfitter_cfg.c **** 			CY_SET_REG8((void *)(baseAddr + data_table[j].offset), data_table[j].value);
  62              		.loc 1 185 0
  63 0014 6A00     		lsls	r2, r5, #1
  64 0016 8A18     		adds	r2, r1, r2
  65 0018 1478     		ldrb	r4, [r2]
  66 001a A419     		adds	r4, r4, r6
  67 001c 5278     		ldrb	r2, [r2, #1]
  68 001e 2270     		strb	r2, [r4]
 186:Generated_Source\PSoC4/cyfitter_cfg.c **** 			j++;
  69              		.loc 1 186 0
  70 0020 0135     		adds	r5, r5, #1
  71              	.LVL6:
 187:Generated_Source\PSoC4/cyfitter_cfg.c **** 			count--;
  72              		.loc 1 187 0
  73 0022 013B     		subs	r3, r3, #1
  74              	.LVL7:
  75 0024 DBB2     		uxtb	r3, r3
  76              	.LVL8:
  77              	.L3:
 183:Generated_Source\PSoC4/cyfitter_cfg.c **** 		{
  78              		.loc 1 183 0
  79 0026 002B     		cmp	r3, #0
  80 0028 F4D1     		bne	.L4
  81              	.LBE2:
 178:Generated_Source\PSoC4/cyfitter_cfg.c **** 	{
  82              		.loc 1 178 0 discriminator 2
  83 002a 0137     		adds	r7, r7, #1
  84              	.LVL9:
  85              	.L2:
 178:Generated_Source\PSoC4/cyfitter_cfg.c **** 	{
  86              		.loc 1 178 0 is_stmt 0 discriminator 1
  87 002c 012F     		cmp	r7, #1
  88 002e EBD9     		bls	.L5
 188:Generated_Source\PSoC4/cyfitter_cfg.c **** 		}
 189:Generated_Source\PSoC4/cyfitter_cfg.c **** 	}
 190:Generated_Source\PSoC4/cyfitter_cfg.c **** }
  89              		.loc 1 190 0 is_stmt 1
  90              		@ sp needed
  91              	.LVL10:
  92              	.LVL11:
ARM GAS  C:\Users\NGUYEN~1\AppData\Local\Temp\ccRj6aRN.s 			page 6


  93 0030 F0BD     		pop	{r4, r5, r6, r7, pc}
  94              		.cfi_endproc
  95              	.LFE3:
  96              		.size	cfg_write_bytes32, .-cfg_write_bytes32
  97 0032 C046     		.section	.text.CYMEMZERO,"ax",%progbits
  98              		.align	2
  99              		.code	16
 100              		.thumb_func
 101              		.type	CYMEMZERO, %function
 102              	CYMEMZERO:
 103              	.LFB0:
  77:Generated_Source\PSoC4/cyfitter_cfg.c **** 	(void)memset(s, 0, n);
 104              		.loc 1 77 0
 105              		.cfi_startproc
 106              		@ args = 0, pretend = 0, frame = 0
 107              		@ frame_needed = 0, uses_anonymous_args = 0
 108              	.LVL12:
 109 0000 10B5     		push	{r4, lr}
 110              		.cfi_def_cfa_offset 8
 111              		.cfi_offset 4, -8
 112              		.cfi_offset 14, -4
 113 0002 0A00     		movs	r2, r1
  78:Generated_Source\PSoC4/cyfitter_cfg.c **** }
 114              		.loc 1 78 0
 115 0004 0021     		movs	r1, #0
 116              	.LVL13:
 117 0006 FFF7FEFF 		bl	memset
 118              	.LVL14:
  79:Generated_Source\PSoC4/cyfitter_cfg.c **** CY_CFG_UNUSED
 119              		.loc 1 79 0
 120              		@ sp needed
 121 000a 10BD     		pop	{r4, pc}
 122              		.cfi_endproc
 123              	.LFE0:
 124              		.size	CYMEMZERO, .-CYMEMZERO
 125              		.section	.psocinit,"ax",%progbits
 126              		.align	2
 127              		.code	16
 128              		.thumb_func
 129              		.type	ClockSetup, %function
 130              	ClockSetup:
 131              	.LFB4:
 191:Generated_Source\PSoC4/cyfitter_cfg.c **** 
 192:Generated_Source\PSoC4/cyfitter_cfg.c **** 
 193:Generated_Source\PSoC4/cyfitter_cfg.c **** /*******************************************************************************
 194:Generated_Source\PSoC4/cyfitter_cfg.c **** * Function Name: ClockSetup
 195:Generated_Source\PSoC4/cyfitter_cfg.c **** ********************************************************************************
 196:Generated_Source\PSoC4/cyfitter_cfg.c **** *
 197:Generated_Source\PSoC4/cyfitter_cfg.c **** * Summary:
 198:Generated_Source\PSoC4/cyfitter_cfg.c **** *   Performs the initialization of all of the clocks in the device based on the
 199:Generated_Source\PSoC4/cyfitter_cfg.c **** *   settings in the Clock tab of the DWR.  This includes enabling the requested
 200:Generated_Source\PSoC4/cyfitter_cfg.c **** *   clocks and setting the necessary dividers to produce the desired frequency. 
 201:Generated_Source\PSoC4/cyfitter_cfg.c **** *
 202:Generated_Source\PSoC4/cyfitter_cfg.c **** * Parameters:
 203:Generated_Source\PSoC4/cyfitter_cfg.c **** *   void
 204:Generated_Source\PSoC4/cyfitter_cfg.c **** *
 205:Generated_Source\PSoC4/cyfitter_cfg.c **** * Return:
ARM GAS  C:\Users\NGUYEN~1\AppData\Local\Temp\ccRj6aRN.s 			page 7


 206:Generated_Source\PSoC4/cyfitter_cfg.c **** *   void
 207:Generated_Source\PSoC4/cyfitter_cfg.c **** *
 208:Generated_Source\PSoC4/cyfitter_cfg.c **** *******************************************************************************/
 209:Generated_Source\PSoC4/cyfitter_cfg.c **** static void ClockSetup(void);
 210:Generated_Source\PSoC4/cyfitter_cfg.c **** CY_CFG_SECTION
 211:Generated_Source\PSoC4/cyfitter_cfg.c **** static void ClockSetup(void)
 212:Generated_Source\PSoC4/cyfitter_cfg.c **** {
 132              		.loc 1 212 0
 133              		.cfi_startproc
 134              		@ args = 0, pretend = 0, frame = 0
 135              		@ frame_needed = 0, uses_anonymous_args = 0
 136 0000 70B5     		push	{r4, r5, r6, lr}
 137              		.cfi_def_cfa_offset 16
 138              		.cfi_offset 4, -16
 139              		.cfi_offset 5, -12
 140              		.cfi_offset 6, -8
 141              		.cfi_offset 14, -4
 213:Generated_Source\PSoC4/cyfitter_cfg.c **** 	/* Enable HALF_EN before trimming for the flash accelerator. */
 214:Generated_Source\PSoC4/cyfitter_cfg.c **** 	CY_SET_REG32((void CYXDATA *)(CYREG_CLK_SELECT), (CY_GET_REG32((void *)CYREG_CLK_SELECT) | 0x00040
 142              		.loc 1 214 0
 143 0002 134C     		ldr	r4, .L8
 144 0004 2368     		ldr	r3, [r4]
 145 0006 8022     		movs	r2, #128
 146 0008 D202     		lsls	r2, r2, #11
 147 000a 1343     		orrs	r3, r2
 148 000c 2360     		str	r3, [r4]
 215:Generated_Source\PSoC4/cyfitter_cfg.c **** 
 216:Generated_Source\PSoC4/cyfitter_cfg.c **** 	/* Setup and trim IMO based on desired frequency. */
 217:Generated_Source\PSoC4/cyfitter_cfg.c **** 	CySysClkWriteImoFreq(24u);
 149              		.loc 1 217 0
 150 000e 1820     		movs	r0, #24
 151 0010 FFF7FEFF 		bl	CySysClkWriteImoFreq
 152              	.LVL15:
 218:Generated_Source\PSoC4/cyfitter_cfg.c **** 
 219:Generated_Source\PSoC4/cyfitter_cfg.c **** 	/* Disable HALF_EN since it is not required at this IMO frequency. */
 220:Generated_Source\PSoC4/cyfitter_cfg.c **** 	CY_SET_REG32((void CYXDATA *)(CYREG_CLK_SELECT), (CY_GET_REG32((void *)CYREG_CLK_SELECT) & 0xFFFBF
 153              		.loc 1 220 0
 154 0014 2268     		ldr	r2, [r4]
 155 0016 0F4B     		ldr	r3, .L8+4
 156 0018 1340     		ands	r3, r2
 157 001a 2360     		str	r3, [r4]
 221:Generated_Source\PSoC4/cyfitter_cfg.c **** 	/* CYDEV_CLK_ILO_CONFIG Starting address: CYDEV_CLK_ILO_CONFIG */
 222:Generated_Source\PSoC4/cyfitter_cfg.c **** 	CY_SET_REG32((void *)(CYREG_CLK_ILO_CONFIG), 0x80000006u);
 158              		.loc 1 222 0
 159 001c 0E4A     		ldr	r2, .L8+8
 160 001e 0F4B     		ldr	r3, .L8+12
 161 0020 1A60     		str	r2, [r3]
 223:Generated_Source\PSoC4/cyfitter_cfg.c **** 
 224:Generated_Source\PSoC4/cyfitter_cfg.c **** 
 225:Generated_Source\PSoC4/cyfitter_cfg.c **** 	/* CYDEV_CLK_SELECT00 Starting address: CYDEV_CLK_SELECT00 */
 226:Generated_Source\PSoC4/cyfitter_cfg.c **** 	CY_SET_REG32((void *)(CYREG_CLK_SELECT08), 0x00000010u);
 162              		.loc 1 226 0
 163 0022 1022     		movs	r2, #16
 164 0024 0E4B     		ldr	r3, .L8+16
 165 0026 1A60     		str	r2, [r3]
 227:Generated_Source\PSoC4/cyfitter_cfg.c **** 
 228:Generated_Source\PSoC4/cyfitter_cfg.c **** 	/* CYDEV_CLK_IMO_CONFIG Starting address: CYDEV_CLK_IMO_CONFIG */
ARM GAS  C:\Users\NGUYEN~1\AppData\Local\Temp\ccRj6aRN.s 			page 8


 229:Generated_Source\PSoC4/cyfitter_cfg.c **** 	CY_SET_REG32((void *)(CYREG_CLK_IMO_CONFIG), 0x80000000u);
 166              		.loc 1 229 0
 167 0028 8022     		movs	r2, #128
 168 002a 1206     		lsls	r2, r2, #24
 169 002c 0D4B     		ldr	r3, .L8+20
 170 002e 1A60     		str	r2, [r3]
 230:Generated_Source\PSoC4/cyfitter_cfg.c **** 
 231:Generated_Source\PSoC4/cyfitter_cfg.c **** 	/* CYDEV_CLK_SELECT Starting address: CYDEV_CLK_SELECT */
 232:Generated_Source\PSoC4/cyfitter_cfg.c **** 	CY_SET_REG32((void *)(CYREG_CLK_SELECT), 0x00000000u);
 171              		.loc 1 232 0
 172 0030 0025     		movs	r5, #0
 173 0032 2560     		str	r5, [r4]
 233:Generated_Source\PSoC4/cyfitter_cfg.c **** 
 234:Generated_Source\PSoC4/cyfitter_cfg.c **** 	/* CYDEV_CLK_DIVIDER_A00 Starting address: CYDEV_CLK_DIVIDER_A00 */
 235:Generated_Source\PSoC4/cyfitter_cfg.c **** 	CY_SET_REG32((void *)(CYREG_CLK_DIVIDER_A00), 0x80000001u);
 174              		.loc 1 235 0
 175 0034 0C4A     		ldr	r2, .L8+24
 176 0036 0D4B     		ldr	r3, .L8+28
 177 0038 1A60     		str	r2, [r3]
 236:Generated_Source\PSoC4/cyfitter_cfg.c **** 
 237:Generated_Source\PSoC4/cyfitter_cfg.c **** 	(void)CyIntSetVector(9u, &CySysWdtIsr);
 178              		.loc 1 237 0
 179 003a 0D49     		ldr	r1, .L8+32
 180 003c 0920     		movs	r0, #9
 181 003e FFF7FEFF 		bl	CyIntSetVector
 182              	.LVL16:
 238:Generated_Source\PSoC4/cyfitter_cfg.c **** 	CyIntEnable(9u);
 183              		.loc 1 238 0
 184 0042 0920     		movs	r0, #9
 185 0044 FFF7FEFF 		bl	CyIntEnable
 186              	.LVL17:
 239:Generated_Source\PSoC4/cyfitter_cfg.c **** 	CY_SET_REG32((void *)(CYREG_WDT_CONFIG), 0x00000000u);
 187              		.loc 1 239 0
 188 0048 0A4B     		ldr	r3, .L8+36
 189 004a 1D60     		str	r5, [r3]
 240:Generated_Source\PSoC4/cyfitter_cfg.c **** }
 190              		.loc 1 240 0
 191              		@ sp needed
 192 004c 70BD     		pop	{r4, r5, r6, pc}
 193              	.L9:
 194 004e C046     		.align	2
 195              	.L8:
 196 0050 00010B40 		.word	1074462976
 197 0054 FFFFFBFF 		.word	-262145
 198 0058 06000080 		.word	-2147483642
 199 005c 04010B40 		.word	1074462980
 200 0060 20020240 		.word	1073873440
 201 0064 08010B40 		.word	1074462984
 202 0068 01000080 		.word	-2147483647
 203 006c 00000240 		.word	1073872896
 204 0070 00000000 		.word	CySysWdtIsr
 205 0074 0C020B40 		.word	1074463244
 206              		.cfi_endproc
 207              	.LFE4:
 208              		.size	ClockSetup, .-ClockSetup
 209              		.align	2
 210              		.global	cyfitter_cfg
ARM GAS  C:\Users\NGUYEN~1\AppData\Local\Temp\ccRj6aRN.s 			page 9


 211              		.code	16
 212              		.thumb_func
 213              		.type	cyfitter_cfg, %function
 214              	cyfitter_cfg:
 215              	.LFB6:
 241:Generated_Source\PSoC4/cyfitter_cfg.c **** 
 242:Generated_Source\PSoC4/cyfitter_cfg.c **** 
 243:Generated_Source\PSoC4/cyfitter_cfg.c **** /* Analog API Functions */
 244:Generated_Source\PSoC4/cyfitter_cfg.c **** 
 245:Generated_Source\PSoC4/cyfitter_cfg.c **** 
 246:Generated_Source\PSoC4/cyfitter_cfg.c **** /*******************************************************************************
 247:Generated_Source\PSoC4/cyfitter_cfg.c **** * Function Name: AnalogSetDefault
 248:Generated_Source\PSoC4/cyfitter_cfg.c **** ********************************************************************************
 249:Generated_Source\PSoC4/cyfitter_cfg.c **** *
 250:Generated_Source\PSoC4/cyfitter_cfg.c **** * Summary:
 251:Generated_Source\PSoC4/cyfitter_cfg.c **** *  Sets up the analog portions of the chip to default values based on chip
 252:Generated_Source\PSoC4/cyfitter_cfg.c **** *  configuration options from the project.
 253:Generated_Source\PSoC4/cyfitter_cfg.c **** *
 254:Generated_Source\PSoC4/cyfitter_cfg.c **** * Parameters:
 255:Generated_Source\PSoC4/cyfitter_cfg.c **** *  void
 256:Generated_Source\PSoC4/cyfitter_cfg.c **** *
 257:Generated_Source\PSoC4/cyfitter_cfg.c **** * Return:
 258:Generated_Source\PSoC4/cyfitter_cfg.c **** *  void
 259:Generated_Source\PSoC4/cyfitter_cfg.c **** *
 260:Generated_Source\PSoC4/cyfitter_cfg.c **** *******************************************************************************/
 261:Generated_Source\PSoC4/cyfitter_cfg.c **** static void AnalogSetDefault(void);
 262:Generated_Source\PSoC4/cyfitter_cfg.c **** static void AnalogSetDefault(void)
 263:Generated_Source\PSoC4/cyfitter_cfg.c **** {
 264:Generated_Source\PSoC4/cyfitter_cfg.c **** }
 265:Generated_Source\PSoC4/cyfitter_cfg.c **** 
 266:Generated_Source\PSoC4/cyfitter_cfg.c **** 
 267:Generated_Source\PSoC4/cyfitter_cfg.c **** 
 268:Generated_Source\PSoC4/cyfitter_cfg.c **** 
 269:Generated_Source\PSoC4/cyfitter_cfg.c **** /*******************************************************************************
 270:Generated_Source\PSoC4/cyfitter_cfg.c **** * Function Name: cyfitter_cfg
 271:Generated_Source\PSoC4/cyfitter_cfg.c **** ********************************************************************************
 272:Generated_Source\PSoC4/cyfitter_cfg.c **** * Summary:
 273:Generated_Source\PSoC4/cyfitter_cfg.c **** *  This function is called by the start-up code for the selected device. It
 274:Generated_Source\PSoC4/cyfitter_cfg.c **** *  performs all of the necessary device configuration based on the design
 275:Generated_Source\PSoC4/cyfitter_cfg.c **** *  settings.  This includes settings from the Design Wide Resources (DWR) such
 276:Generated_Source\PSoC4/cyfitter_cfg.c **** *  as Clocks and Pins as well as any component configuration that is necessary.
 277:Generated_Source\PSoC4/cyfitter_cfg.c **** *
 278:Generated_Source\PSoC4/cyfitter_cfg.c **** * Parameters:
 279:Generated_Source\PSoC4/cyfitter_cfg.c **** *   void
 280:Generated_Source\PSoC4/cyfitter_cfg.c **** *
 281:Generated_Source\PSoC4/cyfitter_cfg.c **** * Return:
 282:Generated_Source\PSoC4/cyfitter_cfg.c **** *   void
 283:Generated_Source\PSoC4/cyfitter_cfg.c **** *
 284:Generated_Source\PSoC4/cyfitter_cfg.c **** *******************************************************************************/
 285:Generated_Source\PSoC4/cyfitter_cfg.c **** CY_CFG_SECTION
 286:Generated_Source\PSoC4/cyfitter_cfg.c **** void cyfitter_cfg(void)
 287:Generated_Source\PSoC4/cyfitter_cfg.c **** {
 216              		.loc 1 287 0
 217              		.cfi_startproc
 218              		@ args = 0, pretend = 0, frame = 0
 219              		@ frame_needed = 0, uses_anonymous_args = 0
 220 0078 10B5     		push	{r4, lr}
ARM GAS  C:\Users\NGUYEN~1\AppData\Local\Temp\ccRj6aRN.s 			page 10


 221              		.cfi_def_cfa_offset 8
 222              		.cfi_offset 4, -8
 223              		.cfi_offset 14, -4
 288:Generated_Source\PSoC4/cyfitter_cfg.c **** 	/* Disable interrupts by default. Let user enable if/when they want. */
 289:Generated_Source\PSoC4/cyfitter_cfg.c **** 	CyGlobalIntDisable;
 224              		.loc 1 289 0
 225              		.syntax divided
 226              	@ 289 "Generated_Source\PSoC4\cyfitter_cfg.c" 1
 227 007a 72B6     		CPSID   i
 228              	@ 0 "" 2
 229              	.LVL18:
 230              		.thumb
 231              		.syntax unified
 232              	.LBB3:
 290:Generated_Source\PSoC4/cyfitter_cfg.c **** 
 291:Generated_Source\PSoC4/cyfitter_cfg.c **** 	{
 292:Generated_Source\PSoC4/cyfitter_cfg.c **** 		static const uint32 CYCODE cy_cfg_addr_table[] = {
 293:Generated_Source\PSoC4/cyfitter_cfg.c **** 			0x400F4202u, /* Base address: 0x400F4200 Count: 2 */
 294:Generated_Source\PSoC4/cyfitter_cfg.c **** 			0x400F4303u, /* Base address: 0x400F4300 Count: 3 */
 295:Generated_Source\PSoC4/cyfitter_cfg.c **** 		};
 296:Generated_Source\PSoC4/cyfitter_cfg.c **** 
 297:Generated_Source\PSoC4/cyfitter_cfg.c **** 		static const cy_cfg_addrvalue_t CYCODE cy_cfg_data_table[] = {
 298:Generated_Source\PSoC4/cyfitter_cfg.c **** 			{0x00u, 0x01u},
 299:Generated_Source\PSoC4/cyfitter_cfg.c **** 			{0xC0u, 0x08u},
 300:Generated_Source\PSoC4/cyfitter_cfg.c **** 			{0x7Cu, 0x01u},
 301:Generated_Source\PSoC4/cyfitter_cfg.c **** 			{0x90u, 0x01u},
 302:Generated_Source\PSoC4/cyfitter_cfg.c **** 			{0xDEu, 0x01u},
 303:Generated_Source\PSoC4/cyfitter_cfg.c **** 		};
 304:Generated_Source\PSoC4/cyfitter_cfg.c **** 
 305:Generated_Source\PSoC4/cyfitter_cfg.c **** 
 306:Generated_Source\PSoC4/cyfitter_cfg.c **** 
 307:Generated_Source\PSoC4/cyfitter_cfg.c **** 		CYPACKED typedef struct {
 308:Generated_Source\PSoC4/cyfitter_cfg.c **** 			void CYFAR *address;
 309:Generated_Source\PSoC4/cyfitter_cfg.c **** 			uint16 size;
 310:Generated_Source\PSoC4/cyfitter_cfg.c **** 		} CYPACKED_ATTR cfg_memset_t;
 311:Generated_Source\PSoC4/cyfitter_cfg.c **** 
 312:Generated_Source\PSoC4/cyfitter_cfg.c **** 		static const cfg_memset_t CYCODE cfg_memset_list[] = {
 313:Generated_Source\PSoC4/cyfitter_cfg.c **** 			/* address, size */
 314:Generated_Source\PSoC4/cyfitter_cfg.c **** 			{(void CYFAR *)(CYDEV_UDB_P0_U0_BASE), 1024u},
 315:Generated_Source\PSoC4/cyfitter_cfg.c **** 			{(void CYFAR *)(CYDEV_UDB_DSI0_BASE), 1024u},
 316:Generated_Source\PSoC4/cyfitter_cfg.c **** 		};
 317:Generated_Source\PSoC4/cyfitter_cfg.c **** 
 318:Generated_Source\PSoC4/cyfitter_cfg.c **** 		uint8 CYDATA i;
 319:Generated_Source\PSoC4/cyfitter_cfg.c **** 
 320:Generated_Source\PSoC4/cyfitter_cfg.c **** 		/* Zero out critical memory blocks before beginning configuration */
 321:Generated_Source\PSoC4/cyfitter_cfg.c **** 		for (i = 0u; i < (sizeof(cfg_memset_list)/sizeof(cfg_memset_list[0])); i++)
 233              		.loc 1 321 0
 234 007c 0024     		movs	r4, #0
 235 007e 0FE0     		b	.L11
 236              	.LVL19:
 237              	.L12:
 238              	.LBB4:
 322:Generated_Source\PSoC4/cyfitter_cfg.c **** 		{
 323:Generated_Source\PSoC4/cyfitter_cfg.c **** 			const cfg_memset_t CYCODE * CYDATA ms = &cfg_memset_list[i];
 324:Generated_Source\PSoC4/cyfitter_cfg.c **** 			CYMEMZERO(ms->address, (size_t)(uint32)(ms->size));
 239              		.loc 1 324 0 discriminator 3
 240 0080 1E48     		ldr	r0, .L13
ARM GAS  C:\Users\NGUYEN~1\AppData\Local\Temp\ccRj6aRN.s 			page 11


 241 0082 6200     		lsls	r2, r4, #1
 242 0084 1319     		adds	r3, r2, r4
 243 0086 5900     		lsls	r1, r3, #1
 244 0088 0B00     		movs	r3, r1
 245 008a 4118     		adds	r1, r0, r1
 246 008c 8988     		ldrh	r1, [r1, #4]
 247 008e 1A5A     		ldrh	r2, [r3, r0]
 248 0090 C318     		adds	r3, r0, r3
 249 0092 5888     		ldrh	r0, [r3, #2]
 250 0094 0004     		lsls	r0, r0, #16
 251 0096 1043     		orrs	r0, r2
 252 0098 FFF7FEFF 		bl	CYMEMZERO
 253              	.LVL20:
 254              	.LBE4:
 321:Generated_Source\PSoC4/cyfitter_cfg.c **** 		{
 255              		.loc 1 321 0 discriminator 3
 256 009c 0134     		adds	r4, r4, #1
 257              	.LVL21:
 258 009e E4B2     		uxtb	r4, r4
 259              	.LVL22:
 260              	.L11:
 321:Generated_Source\PSoC4/cyfitter_cfg.c **** 		{
 261              		.loc 1 321 0 is_stmt 0 discriminator 1
 262 00a0 012C     		cmp	r4, #1
 263 00a2 EDD9     		bls	.L12
 325:Generated_Source\PSoC4/cyfitter_cfg.c **** 		}
 326:Generated_Source\PSoC4/cyfitter_cfg.c **** 
 327:Generated_Source\PSoC4/cyfitter_cfg.c **** 		cfg_write_bytes32(cy_cfg_addr_table, cy_cfg_data_table);
 264              		.loc 1 327 0 is_stmt 1
 265 00a4 1548     		ldr	r0, .L13
 266 00a6 0100     		movs	r1, r0
 267 00a8 0C31     		adds	r1, r1, #12
 268 00aa 1830     		adds	r0, r0, #24
 269 00ac FFF7FEFF 		bl	cfg_write_bytes32
 270              	.LVL23:
 328:Generated_Source\PSoC4/cyfitter_cfg.c **** 
 329:Generated_Source\PSoC4/cyfitter_cfg.c **** 		/* HSIOM Starting address: CYDEV_HSIOM_BASE */
 330:Generated_Source\PSoC4/cyfitter_cfg.c **** 		CY_SET_REG32((void *)(CYREG_HSIOM_PORT_SEL3), 0x0000EE00u);
 271              		.loc 1 330 0
 272 00b0 EE22     		movs	r2, #238
 273 00b2 1202     		lsls	r2, r2, #8
 274 00b4 124B     		ldr	r3, .L13+4
 275 00b6 1A60     		str	r2, [r3]
 331:Generated_Source\PSoC4/cyfitter_cfg.c **** 
 332:Generated_Source\PSoC4/cyfitter_cfg.c **** 		/* UDB_PA_1 Starting address: CYDEV_UDB_PA1_BASE */
 333:Generated_Source\PSoC4/cyfitter_cfg.c **** 		CY_SET_REG32((void *)(CYDEV_UDB_PA1_BASE), 0x00990000u);
 276              		.loc 1 333 0
 277 00b8 9923     		movs	r3, #153
 278 00ba 1B04     		lsls	r3, r3, #16
 279 00bc 114A     		ldr	r2, .L13+8
 280 00be 1360     		str	r3, [r2]
 334:Generated_Source\PSoC4/cyfitter_cfg.c **** 
 335:Generated_Source\PSoC4/cyfitter_cfg.c **** 		/* UDB_PA_2 Starting address: CYDEV_UDB_PA2_BASE */
 336:Generated_Source\PSoC4/cyfitter_cfg.c **** 		CY_SET_REG32((void *)(CYDEV_UDB_PA2_BASE), 0x00990000u);
 281              		.loc 1 336 0
 282 00c0 114A     		ldr	r2, .L13+12
 283 00c2 1360     		str	r3, [r2]
ARM GAS  C:\Users\NGUYEN~1\AppData\Local\Temp\ccRj6aRN.s 			page 12


 337:Generated_Source\PSoC4/cyfitter_cfg.c **** 
 338:Generated_Source\PSoC4/cyfitter_cfg.c **** 		/* UDB_PA_3 Starting address: CYDEV_UDB_PA3_BASE */
 339:Generated_Source\PSoC4/cyfitter_cfg.c **** 		CY_SET_REG32((void *)(CYDEV_UDB_PA3_BASE), 0x00990000u);
 284              		.loc 1 339 0
 285 00c4 114A     		ldr	r2, .L13+16
 286 00c6 1360     		str	r3, [r2]
 340:Generated_Source\PSoC4/cyfitter_cfg.c **** 
 341:Generated_Source\PSoC4/cyfitter_cfg.c **** 		/* TCPWM_CNT0 Starting address: CYDEV_TCPWM_CNT0_TR_CTRL0 */
 342:Generated_Source\PSoC4/cyfitter_cfg.c **** 		CY_SET_REG32((void *)(CYREG_TCPWM_CNT0_TR_CTRL0), 0x00000090u);
 287              		.loc 1 342 0
 288 00c8 9022     		movs	r2, #144
 289 00ca 114B     		ldr	r3, .L13+20
 290 00cc 1A60     		str	r2, [r3]
 343:Generated_Source\PSoC4/cyfitter_cfg.c **** 
 344:Generated_Source\PSoC4/cyfitter_cfg.c **** 		/* Enable digital routing */
 345:Generated_Source\PSoC4/cyfitter_cfg.c **** 		CY_SET_XTND_REG8((void *)CYREG_UDB_UDBIF_BANK_CTL, (uint8)(CY_GET_XTND_REG8((void *)CYREG_UDB_UDB
 291              		.loc 1 345 0
 292 00ce 114A     		ldr	r2, .L13+24
 293 00d0 1178     		ldrb	r1, [r2]
 294 00d2 0623     		movs	r3, #6
 295 00d4 0B43     		orrs	r3, r1
 296 00d6 DBB2     		uxtb	r3, r3
 297 00d8 1370     		strb	r3, [r2]
 298              	.LBE3:
 346:Generated_Source\PSoC4/cyfitter_cfg.c **** 	}
 347:Generated_Source\PSoC4/cyfitter_cfg.c **** 
 348:Generated_Source\PSoC4/cyfitter_cfg.c **** 	/* Perform second pass device configuration. These items must be configured in specific order afte
 349:Generated_Source\PSoC4/cyfitter_cfg.c **** 	/* IOPINS0_1 Starting address: CYDEV_PRT1_BASE */
 350:Generated_Source\PSoC4/cyfitter_cfg.c **** 	CY_SET_REG32((void *)(CYREG_PRT1_PC), 0x00000006u);
 299              		.loc 1 350 0
 300 00da 0F4B     		ldr	r3, .L13+28
 301 00dc 0622     		movs	r2, #6
 302 00de 1A60     		str	r2, [r3]
 351:Generated_Source\PSoC4/cyfitter_cfg.c **** 
 352:Generated_Source\PSoC4/cyfitter_cfg.c **** 	/* IOPINS0_2 Starting address: CYDEV_PRT2_BASE */
 353:Generated_Source\PSoC4/cyfitter_cfg.c **** 	CY_SET_REG32((void *)(CYDEV_PRT2_BASE), 0x00000001u);
 303              		.loc 1 353 0
 304 00e0 053A     		subs	r2, r2, #5
 305 00e2 0E4B     		ldr	r3, .L13+32
 306 00e4 1A60     		str	r2, [r3]
 354:Generated_Source\PSoC4/cyfitter_cfg.c **** 	CY_SET_REG32((void *)(CYREG_PRT2_PC), 0x00000002u);
 307              		.loc 1 354 0
 308 00e6 0132     		adds	r2, r2, #1
 309 00e8 0D4B     		ldr	r3, .L13+36
 310 00ea 1A60     		str	r2, [r3]
 355:Generated_Source\PSoC4/cyfitter_cfg.c **** 
 356:Generated_Source\PSoC4/cyfitter_cfg.c **** 	/* IOPINS0_3 Starting address: CYDEV_PRT3_BASE */
 357:Generated_Source\PSoC4/cyfitter_cfg.c **** 	CY_SET_REG32((void *)(CYREG_PRT3_PC), 0x00000D80u);
 311              		.loc 1 357 0
 312 00ec D822     		movs	r2, #216
 313 00ee 1201     		lsls	r2, r2, #4
 314 00f0 0C4B     		ldr	r3, .L13+40
 315 00f2 1A60     		str	r2, [r3]
 358:Generated_Source\PSoC4/cyfitter_cfg.c **** 
 359:Generated_Source\PSoC4/cyfitter_cfg.c **** 
 360:Generated_Source\PSoC4/cyfitter_cfg.c **** 	/* Setup clocks based on selections from Clock DWR */
 361:Generated_Source\PSoC4/cyfitter_cfg.c **** 	ClockSetup();
ARM GAS  C:\Users\NGUYEN~1\AppData\Local\Temp\ccRj6aRN.s 			page 13


 316              		.loc 1 361 0
 317 00f4 FFF784FF 		bl	ClockSetup
 318              	.LVL24:
 362:Generated_Source\PSoC4/cyfitter_cfg.c **** 
 363:Generated_Source\PSoC4/cyfitter_cfg.c **** 	/* Perform basic analog initialization to defaults */
 364:Generated_Source\PSoC4/cyfitter_cfg.c **** 	AnalogSetDefault();
 365:Generated_Source\PSoC4/cyfitter_cfg.c **** 
 366:Generated_Source\PSoC4/cyfitter_cfg.c **** }
 319              		.loc 1 366 0
 320              		@ sp needed
 321              	.LVL25:
 322 00f8 10BD     		pop	{r4, pc}
 323              	.L14:
 324 00fa C046     		.align	2
 325              	.L13:
 326 00fc 00000000 		.word	.LANCHOR0
 327 0100 0C000140 		.word	1073807372
 328 0104 10500F40 		.word	1074745360
 329 0108 20500F40 		.word	1074745376
 330 010c 30500F40 		.word	1074745392
 331 0110 20010540 		.word	1074069792
 332 0114 00700F40 		.word	1074753536
 333 0118 08010440 		.word	1074004232
 334 011c 00020440 		.word	1074004480
 335 0120 08020440 		.word	1074004488
 336 0124 08030440 		.word	1074004744
 337              		.cfi_endproc
 338              	.LFE6:
 339              		.size	cyfitter_cfg, .-cyfitter_cfg
 340              		.section	.rodata
 341              		.align	2
 342              		.set	.LANCHOR0,. + 0
 343              		.type	cfg_memset_list.4870, %object
 344              		.size	cfg_memset_list.4870, 12
 345              	cfg_memset_list.4870:
 346 0000 00300F40 		.word	1074737152
 347 0004 0004     		.short	1024
 348 0006 00400F40 		.4byte	1074741248
 349 000a 0004     		.short	1024
 350              		.type	cy_cfg_data_table.4865, %object
 351              		.size	cy_cfg_data_table.4865, 10
 352              	cy_cfg_data_table.4865:
 353 000c 00       		.byte	0
 354 000d 01       		.byte	1
 355 000e C0       		.byte	-64
 356 000f 08       		.byte	8
 357 0010 7C       		.byte	124
 358 0011 01       		.byte	1
 359 0012 90       		.byte	-112
 360 0013 01       		.byte	1
 361 0014 DE       		.byte	-34
 362 0015 01       		.byte	1
 363 0016 0000     		.space	2
 364              		.type	cy_cfg_addr_table.4864, %object
 365              		.size	cy_cfg_addr_table.4864, 8
 366              	cy_cfg_addr_table.4864:
 367 0018 02420F40 		.word	1074741762
ARM GAS  C:\Users\NGUYEN~1\AppData\Local\Temp\ccRj6aRN.s 			page 14


 368 001c 03430F40 		.word	1074742019
 369              		.text
 370              	.Letext0:
 371              		.file 2 "c:\\program files (x86)\\cypress\\psoc creator\\4.4\\psoc creator\\import\\gnu\\arm\\5.4.
 372              		.file 3 "Generated_Source\\PSoC4\\cytypes.h"
 373              		.file 4 "Generated_Source\\PSoC4\\CyLib.h"
 374              		.section	.debug_info,"",%progbits
 375              	.Ldebug_info0:
 376 0000 9C030000 		.4byte	0x39c
 377 0004 0400     		.2byte	0x4
 378 0006 00000000 		.4byte	.Ldebug_abbrev0
 379 000a 04       		.byte	0x4
 380 000b 01       		.uleb128 0x1
 381 000c 55010000 		.4byte	.LASF39
 382 0010 0C       		.byte	0xc
 383 0011 82020000 		.4byte	.LASF40
 384 0015 72000000 		.4byte	.LASF41
 385 0019 00000000 		.4byte	.Ldebug_ranges0+0
 386 001d 00000000 		.4byte	0
 387 0021 00000000 		.4byte	.Ldebug_line0
 388 0025 02       		.uleb128 0x2
 389 0026 04       		.byte	0x4
 390 0027 05       		.byte	0x5
 391 0028 696E7400 		.ascii	"int\000"
 392 002c 03       		.uleb128 0x3
 393 002d 06000000 		.4byte	.LASF12
 394 0031 02       		.byte	0x2
 395 0032 D8       		.byte	0xd8
 396 0033 37000000 		.4byte	0x37
 397 0037 04       		.uleb128 0x4
 398 0038 04       		.byte	0x4
 399 0039 07       		.byte	0x7
 400 003a 1C010000 		.4byte	.LASF0
 401 003e 04       		.uleb128 0x4
 402 003f 08       		.byte	0x8
 403 0040 05       		.byte	0x5
 404 0041 15020000 		.4byte	.LASF1
 405 0045 04       		.uleb128 0x4
 406 0046 08       		.byte	0x8
 407 0047 04       		.byte	0x4
 408 0048 6A020000 		.4byte	.LASF2
 409 004c 04       		.uleb128 0x4
 410 004d 01       		.byte	0x1
 411 004e 06       		.byte	0x6
 412 004f 76020000 		.4byte	.LASF3
 413 0053 04       		.uleb128 0x4
 414 0054 01       		.byte	0x1
 415 0055 08       		.byte	0x8
 416 0056 BE000000 		.4byte	.LASF4
 417 005a 04       		.uleb128 0x4
 418 005b 02       		.byte	0x2
 419 005c 05       		.byte	0x5
 420 005d 42020000 		.4byte	.LASF5
 421 0061 04       		.uleb128 0x4
 422 0062 02       		.byte	0x2
 423 0063 07       		.byte	0x7
 424 0064 02020000 		.4byte	.LASF6
ARM GAS  C:\Users\NGUYEN~1\AppData\Local\Temp\ccRj6aRN.s 			page 15


 425 0068 04       		.uleb128 0x4
 426 0069 04       		.byte	0x4
 427 006a 05       		.byte	0x5
 428 006b 61020000 		.4byte	.LASF7
 429 006f 04       		.uleb128 0x4
 430 0070 04       		.byte	0x4
 431 0071 07       		.byte	0x7
 432 0072 9C000000 		.4byte	.LASF8
 433 0076 04       		.uleb128 0x4
 434 0077 08       		.byte	0x8
 435 0078 07       		.byte	0x7
 436 0079 3E010000 		.4byte	.LASF9
 437 007d 04       		.uleb128 0x4
 438 007e 04       		.byte	0x4
 439 007f 07       		.byte	0x7
 440 0080 F9010000 		.4byte	.LASF10
 441 0084 05       		.uleb128 0x5
 442 0085 04       		.byte	0x4
 443 0086 04       		.uleb128 0x4
 444 0087 01       		.byte	0x1
 445 0088 08       		.byte	0x8
 446 0089 23020000 		.4byte	.LASF11
 447 008d 06       		.uleb128 0x6
 448 008e AE000000 		.4byte	.LASF13
 449 0092 03       		.byte	0x3
 450 0093 FB01     		.2byte	0x1fb
 451 0095 53000000 		.4byte	0x53
 452 0099 06       		.uleb128 0x6
 453 009a 03010000 		.4byte	.LASF14
 454 009e 03       		.byte	0x3
 455 009f FC01     		.2byte	0x1fc
 456 00a1 61000000 		.4byte	0x61
 457 00a5 06       		.uleb128 0x6
 458 00a6 15010000 		.4byte	.LASF15
 459 00aa 03       		.byte	0x3
 460 00ab FD01     		.2byte	0x1fd
 461 00ad 6F000000 		.4byte	0x6f
 462 00b1 04       		.uleb128 0x4
 463 00b2 04       		.byte	0x4
 464 00b3 04       		.byte	0x4
 465 00b4 57000000 		.4byte	.LASF16
 466 00b8 04       		.uleb128 0x4
 467 00b9 08       		.byte	0x8
 468 00ba 04       		.byte	0x4
 469 00bb D3000000 		.4byte	.LASF17
 470 00bf 06       		.uleb128 0x6
 471 00c0 97000000 		.4byte	.LASF18
 472 00c4 03       		.byte	0x3
 473 00c5 A502     		.2byte	0x2a5
 474 00c7 CB000000 		.4byte	0xcb
 475 00cb 07       		.uleb128 0x7
 476 00cc 8D000000 		.4byte	0x8d
 477 00d0 06       		.uleb128 0x6
 478 00d1 00000000 		.4byte	.LASF19
 479 00d5 03       		.byte	0x3
 480 00d6 A702     		.2byte	0x2a7
 481 00d8 DC000000 		.4byte	0xdc
ARM GAS  C:\Users\NGUYEN~1\AppData\Local\Temp\ccRj6aRN.s 			page 16


 482 00dc 07       		.uleb128 0x7
 483 00dd A5000000 		.4byte	0xa5
 484 00e1 08       		.uleb128 0x8
 485 00e2 02       		.byte	0x2
 486 00e3 01       		.byte	0x1
 487 00e4 97       		.byte	0x97
 488 00e5 02010000 		.4byte	0x102
 489 00e9 09       		.uleb128 0x9
 490 00ea 3B020000 		.4byte	.LASF20
 491 00ee 01       		.byte	0x1
 492 00ef 99       		.byte	0x99
 493 00f0 8D000000 		.4byte	0x8d
 494 00f4 00       		.byte	0
 495 00f5 09       		.uleb128 0x9
 496 00f6 1C000000 		.4byte	.LASF21
 497 00fa 01       		.byte	0x1
 498 00fb 9A       		.byte	0x9a
 499 00fc 8D000000 		.4byte	0x8d
 500 0100 01       		.byte	0x1
 501 0101 00       		.byte	0
 502 0102 03       		.uleb128 0x3
 503 0103 28020000 		.4byte	.LASF22
 504 0107 01       		.byte	0x1
 505 0108 9B       		.byte	0x9b
 506 0109 E1000000 		.4byte	0xe1
 507 010d 0A       		.uleb128 0xa
 508 010e DA000000 		.4byte	.LASF27
 509 0112 01       		.byte	0x1
 510 0113 AE       		.byte	0xae
 511 0114 00000000 		.4byte	.LFB3
 512 0118 32000000 		.4byte	.LFE3-.LFB3
 513 011c 01       		.uleb128 0x1
 514 011d 9C       		.byte	0x9c
 515 011e 7F010000 		.4byte	0x17f
 516 0122 0B       		.uleb128 0xb
 517 0123 F8000000 		.4byte	.LASF23
 518 0127 01       		.byte	0x1
 519 0128 AE       		.byte	0xae
 520 0129 7F010000 		.4byte	0x17f
 521 012d 01       		.uleb128 0x1
 522 012e 50       		.byte	0x50
 523 012f 0B       		.uleb128 0xb
 524 0130 0A010000 		.4byte	.LASF24
 525 0134 01       		.byte	0x1
 526 0135 AE       		.byte	0xae
 527 0136 8A010000 		.4byte	0x18a
 528 013a 01       		.uleb128 0x1
 529 013b 51       		.byte	0x51
 530 013c 0C       		.uleb128 0xc
 531 013d 6900     		.ascii	"i\000"
 532 013f 01       		.byte	0x1
 533 0140 B1       		.byte	0xb1
 534 0141 A5000000 		.4byte	0xa5
 535 0145 00000000 		.4byte	.LLST0
 536 0149 0C       		.uleb128 0xc
 537 014a 6A00     		.ascii	"j\000"
 538 014c 01       		.byte	0x1
ARM GAS  C:\Users\NGUYEN~1\AppData\Local\Temp\ccRj6aRN.s 			page 17


 539 014d B1       		.byte	0xb1
 540 014e A5000000 		.4byte	0xa5
 541 0152 1F000000 		.4byte	.LLST1
 542 0156 0D       		.uleb128 0xd
 543 0157 08000000 		.4byte	.LBB2
 544 015b 22000000 		.4byte	.LBE2-.LBB2
 545 015f 0E       		.uleb128 0xe
 546 0160 F0010000 		.4byte	.LASF25
 547 0164 01       		.byte	0x1
 548 0165 B4       		.byte	0xb4
 549 0166 A5000000 		.4byte	0xa5
 550 016a 3E000000 		.4byte	.LLST2
 551 016e 0E       		.uleb128 0xe
 552 016f 22000000 		.4byte	.LASF26
 553 0173 01       		.byte	0x1
 554 0174 B5       		.byte	0xb5
 555 0175 8D000000 		.4byte	0x8d
 556 0179 51000000 		.4byte	.LLST3
 557 017d 00       		.byte	0
 558 017e 00       		.byte	0
 559 017f 0F       		.uleb128 0xf
 560 0180 04       		.byte	0x4
 561 0181 85010000 		.4byte	0x185
 562 0185 10       		.uleb128 0x10
 563 0186 A5000000 		.4byte	0xa5
 564 018a 0F       		.uleb128 0xf
 565 018b 04       		.byte	0x4
 566 018c 90010000 		.4byte	0x190
 567 0190 10       		.uleb128 0x10
 568 0191 02010000 		.4byte	0x102
 569 0195 0A       		.uleb128 0xa
 570 0196 B4000000 		.4byte	.LASF28
 571 019a 01       		.byte	0x1
 572 019b 4C       		.byte	0x4c
 573 019c 00000000 		.4byte	.LFB0
 574 01a0 0C000000 		.4byte	.LFE0-.LFB0
 575 01a4 01       		.uleb128 0x1
 576 01a5 9C       		.byte	0x9c
 577 01a6 E2010000 		.4byte	0x1e2
 578 01aa 11       		.uleb128 0x11
 579 01ab 7300     		.ascii	"s\000"
 580 01ad 01       		.byte	0x1
 581 01ae 4C       		.byte	0x4c
 582 01af 84000000 		.4byte	0x84
 583 01b3 6F000000 		.4byte	.LLST4
 584 01b7 11       		.uleb128 0x11
 585 01b8 6E00     		.ascii	"n\000"
 586 01ba 01       		.byte	0x1
 587 01bb 4C       		.byte	0x4c
 588 01bc 2C000000 		.4byte	0x2c
 589 01c0 90000000 		.4byte	.LLST5
 590 01c4 12       		.uleb128 0x12
 591 01c5 0A000000 		.4byte	.LVL14
 592 01c9 75030000 		.4byte	0x375
 593 01cd 13       		.uleb128 0x13
 594 01ce 01       		.uleb128 0x1
 595 01cf 50       		.byte	0x50
ARM GAS  C:\Users\NGUYEN~1\AppData\Local\Temp\ccRj6aRN.s 			page 18


 596 01d0 03       		.uleb128 0x3
 597 01d1 F3       		.byte	0xf3
 598 01d2 01       		.uleb128 0x1
 599 01d3 50       		.byte	0x50
 600 01d4 13       		.uleb128 0x13
 601 01d5 01       		.uleb128 0x1
 602 01d6 51       		.byte	0x51
 603 01d7 01       		.uleb128 0x1
 604 01d8 30       		.byte	0x30
 605 01d9 13       		.uleb128 0x13
 606 01da 01       		.uleb128 0x1
 607 01db 52       		.byte	0x52
 608 01dc 03       		.uleb128 0x3
 609 01dd F3       		.byte	0xf3
 610 01de 01       		.uleb128 0x1
 611 01df 51       		.byte	0x51
 612 01e0 00       		.byte	0
 613 01e1 00       		.byte	0
 614 01e2 0A       		.uleb128 0xa
 615 01e3 28000000 		.4byte	.LASF29
 616 01e7 01       		.byte	0x1
 617 01e8 D3       		.byte	0xd3
 618 01e9 00000000 		.4byte	.LFB4
 619 01ed 78000000 		.4byte	.LFE4-.LFB4
 620 01f1 01       		.uleb128 0x1
 621 01f2 9C       		.byte	0x9c
 622 01f3 2D020000 		.4byte	0x22d
 623 01f7 14       		.uleb128 0x14
 624 01f8 14000000 		.4byte	.LVL15
 625 01fc 7E030000 		.4byte	0x37e
 626 0200 0A020000 		.4byte	0x20a
 627 0204 13       		.uleb128 0x13
 628 0205 01       		.uleb128 0x1
 629 0206 50       		.byte	0x50
 630 0207 01       		.uleb128 0x1
 631 0208 48       		.byte	0x48
 632 0209 00       		.byte	0
 633 020a 14       		.uleb128 0x14
 634 020b 42000000 		.4byte	.LVL16
 635 020f 89030000 		.4byte	0x389
 636 0213 1D020000 		.4byte	0x21d
 637 0217 13       		.uleb128 0x13
 638 0218 01       		.uleb128 0x1
 639 0219 50       		.byte	0x50
 640 021a 01       		.uleb128 0x1
 641 021b 39       		.byte	0x39
 642 021c 00       		.byte	0
 643 021d 12       		.uleb128 0x12
 644 021e 48000000 		.4byte	.LVL17
 645 0222 94030000 		.4byte	0x394
 646 0226 13       		.uleb128 0x13
 647 0227 01       		.uleb128 0x1
 648 0228 50       		.byte	0x50
 649 0229 01       		.uleb128 0x1
 650 022a 39       		.byte	0x39
 651 022b 00       		.byte	0
 652 022c 00       		.byte	0
ARM GAS  C:\Users\NGUYEN~1\AppData\Local\Temp\ccRj6aRN.s 			page 19


 653 022d 15       		.uleb128 0x15
 654 022e 29010000 		.4byte	.LASF42
 655 0232 01       		.byte	0x1
 656 0233 1E01     		.2byte	0x11e
 657 0235 78000000 		.4byte	.LFB6
 658 0239 B0000000 		.4byte	.LFE6-.LFB6
 659 023d 01       		.uleb128 0x1
 660 023e 9C       		.byte	0x9c
 661 023f 4B030000 		.4byte	0x34b
 662 0243 16       		.uleb128 0x16
 663 0244 7C000000 		.4byte	.LBB3
 664 0248 5E000000 		.4byte	.LBE3-.LBB3
 665 024c 41030000 		.4byte	0x341
 666 0250 17       		.uleb128 0x17
 667 0251 33000000 		.4byte	.LASF30
 668 0255 01       		.byte	0x1
 669 0256 2401     		.2byte	0x124
 670 0258 5B030000 		.4byte	0x35b
 671 025c 05       		.uleb128 0x5
 672 025d 03       		.byte	0x3
 673 025e 18000000 		.4byte	cy_cfg_addr_table.4864
 674 0262 17       		.uleb128 0x17
 675 0263 45000000 		.4byte	.LASF31
 676 0267 01       		.byte	0x1
 677 0268 2901     		.2byte	0x129
 678 026a 70030000 		.4byte	0x370
 679 026e 05       		.uleb128 0x5
 680 026f 03       		.byte	0x3
 681 0270 0C000000 		.4byte	cy_cfg_data_table.4865
 682 0274 18       		.uleb128 0x18
 683 0275 06       		.byte	0x6
 684 0276 01       		.byte	0x1
 685 0277 3301     		.2byte	0x133
 686 0279 98020000 		.4byte	0x298
 687 027d 19       		.uleb128 0x19
 688 027e 36010000 		.4byte	.LASF32
 689 0282 01       		.byte	0x1
 690 0283 3401     		.2byte	0x134
 691 0285 84000000 		.4byte	0x84
 692 0289 00       		.byte	0
 693 028a 19       		.uleb128 0x19
 694 028b 6D000000 		.4byte	.LASF33
 695 028f 01       		.byte	0x1
 696 0290 3501     		.2byte	0x135
 697 0292 99000000 		.4byte	0x99
 698 0296 04       		.byte	0x4
 699 0297 00       		.byte	0
 700 0298 06       		.uleb128 0x6
 701 0299 E3010000 		.4byte	.LASF34
 702 029d 01       		.byte	0x1
 703 029e 3601     		.2byte	0x136
 704 02a0 74020000 		.4byte	0x274
 705 02a4 1A       		.uleb128 0x1a
 706 02a5 B4020000 		.4byte	0x2b4
 707 02a9 B4020000 		.4byte	0x2b4
 708 02ad 1B       		.uleb128 0x1b
 709 02ae 7D000000 		.4byte	0x7d
ARM GAS  C:\Users\NGUYEN~1\AppData\Local\Temp\ccRj6aRN.s 			page 20


 710 02b2 01       		.byte	0x1
 711 02b3 00       		.byte	0
 712 02b4 10       		.uleb128 0x10
 713 02b5 98020000 		.4byte	0x298
 714 02b9 17       		.uleb128 0x17
 715 02ba 5D000000 		.4byte	.LASF35
 716 02be 01       		.byte	0x1
 717 02bf 3801     		.2byte	0x138
 718 02c1 CB020000 		.4byte	0x2cb
 719 02c5 05       		.uleb128 0x5
 720 02c6 03       		.byte	0x3
 721 02c7 00000000 		.4byte	cfg_memset_list.4870
 722 02cb 10       		.uleb128 0x10
 723 02cc A4020000 		.4byte	0x2a4
 724 02d0 1C       		.uleb128 0x1c
 725 02d1 6900     		.ascii	"i\000"
 726 02d3 01       		.byte	0x1
 727 02d4 3E01     		.2byte	0x13e
 728 02d6 8D000000 		.4byte	0x8d
 729 02da BC000000 		.4byte	.LLST6
 730 02de 16       		.uleb128 0x16
 731 02df 80000000 		.4byte	.LBB4
 732 02e3 1C000000 		.4byte	.LBE4-.LBB4
 733 02e7 24030000 		.4byte	0x324
 734 02eb 1C       		.uleb128 0x1c
 735 02ec 6D7300   		.ascii	"ms\000"
 736 02ef 01       		.byte	0x1
 737 02f0 4301     		.2byte	0x143
 738 02f2 FA020000 		.4byte	0x2fa
 739 02f6 E6000000 		.4byte	.LLST7
 740 02fa 0F       		.uleb128 0xf
 741 02fb 04       		.byte	0x4
 742 02fc B4020000 		.4byte	0x2b4
 743 0300 12       		.uleb128 0x12
 744 0301 9C000000 		.4byte	.LVL20
 745 0305 95010000 		.4byte	0x195
 746 0309 13       		.uleb128 0x13
 747 030a 01       		.uleb128 0x1
 748 030b 51       		.byte	0x51
 749 030c 15       		.uleb128 0x15
 750 030d 74       		.byte	0x74
 751 030e 00       		.sleb128 0
 752 030f 31       		.byte	0x31
 753 0310 24       		.byte	0x24
 754 0311 74       		.byte	0x74
 755 0312 00       		.sleb128 0
 756 0313 22       		.byte	0x22
 757 0314 31       		.byte	0x31
 758 0315 24       		.byte	0x24
 759 0316 03       		.byte	0x3
 760 0317 04000000 		.4byte	.LANCHOR0+4
 761 031b 22       		.byte	0x22
 762 031c 94       		.byte	0x94
 763 031d 02       		.byte	0x2
 764 031e 0A       		.byte	0xa
 765 031f FFFF     		.2byte	0xffff
 766 0321 1A       		.byte	0x1a
ARM GAS  C:\Users\NGUYEN~1\AppData\Local\Temp\ccRj6aRN.s 			page 21


 767 0322 00       		.byte	0
 768 0323 00       		.byte	0
 769 0324 12       		.uleb128 0x12
 770 0325 B0000000 		.4byte	.LVL23
 771 0329 0D010000 		.4byte	0x10d
 772 032d 13       		.uleb128 0x13
 773 032e 01       		.uleb128 0x1
 774 032f 50       		.byte	0x50
 775 0330 05       		.uleb128 0x5
 776 0331 03       		.byte	0x3
 777 0332 18000000 		.4byte	.LANCHOR0+24
 778 0336 13       		.uleb128 0x13
 779 0337 01       		.uleb128 0x1
 780 0338 51       		.byte	0x51
 781 0339 05       		.uleb128 0x5
 782 033a 03       		.byte	0x3
 783 033b 0C000000 		.4byte	.LANCHOR0+12
 784 033f 00       		.byte	0
 785 0340 00       		.byte	0
 786 0341 1D       		.uleb128 0x1d
 787 0342 F8000000 		.4byte	.LVL24
 788 0346 E2010000 		.4byte	0x1e2
 789 034a 00       		.byte	0
 790 034b 1A       		.uleb128 0x1a
 791 034c 85010000 		.4byte	0x185
 792 0350 5B030000 		.4byte	0x35b
 793 0354 1B       		.uleb128 0x1b
 794 0355 7D000000 		.4byte	0x7d
 795 0359 01       		.byte	0x1
 796 035a 00       		.byte	0
 797 035b 10       		.uleb128 0x10
 798 035c 4B030000 		.4byte	0x34b
 799 0360 1A       		.uleb128 0x1a
 800 0361 90010000 		.4byte	0x190
 801 0365 70030000 		.4byte	0x370
 802 0369 1B       		.uleb128 0x1b
 803 036a 7D000000 		.4byte	0x7d
 804 036e 04       		.byte	0x4
 805 036f 00       		.byte	0
 806 0370 10       		.uleb128 0x10
 807 0371 60030000 		.4byte	0x360
 808 0375 1E       		.uleb128 0x1e
 809 0376 CC000000 		.4byte	.LASF43
 810 037a CC000000 		.4byte	.LASF43
 811 037e 1F       		.uleb128 0x1f
 812 037f 4C020000 		.4byte	.LASF36
 813 0383 4C020000 		.4byte	.LASF36
 814 0387 04       		.byte	0x4
 815 0388 6C       		.byte	0x6c
 816 0389 1F       		.uleb128 0x1f
 817 038a 0D000000 		.4byte	.LASF37
 818 038e 0D000000 		.4byte	.LASF37
 819 0392 04       		.byte	0x4
 820 0393 D0       		.byte	0xd0
 821 0394 1F       		.uleb128 0x1f
 822 0395 EC000000 		.4byte	.LASF38
 823 0399 EC000000 		.4byte	.LASF38
ARM GAS  C:\Users\NGUYEN~1\AppData\Local\Temp\ccRj6aRN.s 			page 22


 824 039d 04       		.byte	0x4
 825 039e D6       		.byte	0xd6
 826 039f 00       		.byte	0
 827              		.section	.debug_abbrev,"",%progbits
 828              	.Ldebug_abbrev0:
 829 0000 01       		.uleb128 0x1
 830 0001 11       		.uleb128 0x11
 831 0002 01       		.byte	0x1
 832 0003 25       		.uleb128 0x25
 833 0004 0E       		.uleb128 0xe
 834 0005 13       		.uleb128 0x13
 835 0006 0B       		.uleb128 0xb
 836 0007 03       		.uleb128 0x3
 837 0008 0E       		.uleb128 0xe
 838 0009 1B       		.uleb128 0x1b
 839 000a 0E       		.uleb128 0xe
 840 000b 55       		.uleb128 0x55
 841 000c 17       		.uleb128 0x17
 842 000d 11       		.uleb128 0x11
 843 000e 01       		.uleb128 0x1
 844 000f 10       		.uleb128 0x10
 845 0010 17       		.uleb128 0x17
 846 0011 00       		.byte	0
 847 0012 00       		.byte	0
 848 0013 02       		.uleb128 0x2
 849 0014 24       		.uleb128 0x24
 850 0015 00       		.byte	0
 851 0016 0B       		.uleb128 0xb
 852 0017 0B       		.uleb128 0xb
 853 0018 3E       		.uleb128 0x3e
 854 0019 0B       		.uleb128 0xb
 855 001a 03       		.uleb128 0x3
 856 001b 08       		.uleb128 0x8
 857 001c 00       		.byte	0
 858 001d 00       		.byte	0
 859 001e 03       		.uleb128 0x3
 860 001f 16       		.uleb128 0x16
 861 0020 00       		.byte	0
 862 0021 03       		.uleb128 0x3
 863 0022 0E       		.uleb128 0xe
 864 0023 3A       		.uleb128 0x3a
 865 0024 0B       		.uleb128 0xb
 866 0025 3B       		.uleb128 0x3b
 867 0026 0B       		.uleb128 0xb
 868 0027 49       		.uleb128 0x49
 869 0028 13       		.uleb128 0x13
 870 0029 00       		.byte	0
 871 002a 00       		.byte	0
 872 002b 04       		.uleb128 0x4
 873 002c 24       		.uleb128 0x24
 874 002d 00       		.byte	0
 875 002e 0B       		.uleb128 0xb
 876 002f 0B       		.uleb128 0xb
 877 0030 3E       		.uleb128 0x3e
 878 0031 0B       		.uleb128 0xb
 879 0032 03       		.uleb128 0x3
 880 0033 0E       		.uleb128 0xe
ARM GAS  C:\Users\NGUYEN~1\AppData\Local\Temp\ccRj6aRN.s 			page 23


 881 0034 00       		.byte	0
 882 0035 00       		.byte	0
 883 0036 05       		.uleb128 0x5
 884 0037 0F       		.uleb128 0xf
 885 0038 00       		.byte	0
 886 0039 0B       		.uleb128 0xb
 887 003a 0B       		.uleb128 0xb
 888 003b 00       		.byte	0
 889 003c 00       		.byte	0
 890 003d 06       		.uleb128 0x6
 891 003e 16       		.uleb128 0x16
 892 003f 00       		.byte	0
 893 0040 03       		.uleb128 0x3
 894 0041 0E       		.uleb128 0xe
 895 0042 3A       		.uleb128 0x3a
 896 0043 0B       		.uleb128 0xb
 897 0044 3B       		.uleb128 0x3b
 898 0045 05       		.uleb128 0x5
 899 0046 49       		.uleb128 0x49
 900 0047 13       		.uleb128 0x13
 901 0048 00       		.byte	0
 902 0049 00       		.byte	0
 903 004a 07       		.uleb128 0x7
 904 004b 35       		.uleb128 0x35
 905 004c 00       		.byte	0
 906 004d 49       		.uleb128 0x49
 907 004e 13       		.uleb128 0x13
 908 004f 00       		.byte	0
 909 0050 00       		.byte	0
 910 0051 08       		.uleb128 0x8
 911 0052 13       		.uleb128 0x13
 912 0053 01       		.byte	0x1
 913 0054 0B       		.uleb128 0xb
 914 0055 0B       		.uleb128 0xb
 915 0056 3A       		.uleb128 0x3a
 916 0057 0B       		.uleb128 0xb
 917 0058 3B       		.uleb128 0x3b
 918 0059 0B       		.uleb128 0xb
 919 005a 01       		.uleb128 0x1
 920 005b 13       		.uleb128 0x13
 921 005c 00       		.byte	0
 922 005d 00       		.byte	0
 923 005e 09       		.uleb128 0x9
 924 005f 0D       		.uleb128 0xd
 925 0060 00       		.byte	0
 926 0061 03       		.uleb128 0x3
 927 0062 0E       		.uleb128 0xe
 928 0063 3A       		.uleb128 0x3a
 929 0064 0B       		.uleb128 0xb
 930 0065 3B       		.uleb128 0x3b
 931 0066 0B       		.uleb128 0xb
 932 0067 49       		.uleb128 0x49
 933 0068 13       		.uleb128 0x13
 934 0069 38       		.uleb128 0x38
 935 006a 0B       		.uleb128 0xb
 936 006b 00       		.byte	0
 937 006c 00       		.byte	0
ARM GAS  C:\Users\NGUYEN~1\AppData\Local\Temp\ccRj6aRN.s 			page 24


 938 006d 0A       		.uleb128 0xa
 939 006e 2E       		.uleb128 0x2e
 940 006f 01       		.byte	0x1
 941 0070 03       		.uleb128 0x3
 942 0071 0E       		.uleb128 0xe
 943 0072 3A       		.uleb128 0x3a
 944 0073 0B       		.uleb128 0xb
 945 0074 3B       		.uleb128 0x3b
 946 0075 0B       		.uleb128 0xb
 947 0076 27       		.uleb128 0x27
 948 0077 19       		.uleb128 0x19
 949 0078 11       		.uleb128 0x11
 950 0079 01       		.uleb128 0x1
 951 007a 12       		.uleb128 0x12
 952 007b 06       		.uleb128 0x6
 953 007c 40       		.uleb128 0x40
 954 007d 18       		.uleb128 0x18
 955 007e 9742     		.uleb128 0x2117
 956 0080 19       		.uleb128 0x19
 957 0081 01       		.uleb128 0x1
 958 0082 13       		.uleb128 0x13
 959 0083 00       		.byte	0
 960 0084 00       		.byte	0
 961 0085 0B       		.uleb128 0xb
 962 0086 05       		.uleb128 0x5
 963 0087 00       		.byte	0
 964 0088 03       		.uleb128 0x3
 965 0089 0E       		.uleb128 0xe
 966 008a 3A       		.uleb128 0x3a
 967 008b 0B       		.uleb128 0xb
 968 008c 3B       		.uleb128 0x3b
 969 008d 0B       		.uleb128 0xb
 970 008e 49       		.uleb128 0x49
 971 008f 13       		.uleb128 0x13
 972 0090 02       		.uleb128 0x2
 973 0091 18       		.uleb128 0x18
 974 0092 00       		.byte	0
 975 0093 00       		.byte	0
 976 0094 0C       		.uleb128 0xc
 977 0095 34       		.uleb128 0x34
 978 0096 00       		.byte	0
 979 0097 03       		.uleb128 0x3
 980 0098 08       		.uleb128 0x8
 981 0099 3A       		.uleb128 0x3a
 982 009a 0B       		.uleb128 0xb
 983 009b 3B       		.uleb128 0x3b
 984 009c 0B       		.uleb128 0xb
 985 009d 49       		.uleb128 0x49
 986 009e 13       		.uleb128 0x13
 987 009f 02       		.uleb128 0x2
 988 00a0 17       		.uleb128 0x17
 989 00a1 00       		.byte	0
 990 00a2 00       		.byte	0
 991 00a3 0D       		.uleb128 0xd
 992 00a4 0B       		.uleb128 0xb
 993 00a5 01       		.byte	0x1
 994 00a6 11       		.uleb128 0x11
ARM GAS  C:\Users\NGUYEN~1\AppData\Local\Temp\ccRj6aRN.s 			page 25


 995 00a7 01       		.uleb128 0x1
 996 00a8 12       		.uleb128 0x12
 997 00a9 06       		.uleb128 0x6
 998 00aa 00       		.byte	0
 999 00ab 00       		.byte	0
 1000 00ac 0E       		.uleb128 0xe
 1001 00ad 34       		.uleb128 0x34
 1002 00ae 00       		.byte	0
 1003 00af 03       		.uleb128 0x3
 1004 00b0 0E       		.uleb128 0xe
 1005 00b1 3A       		.uleb128 0x3a
 1006 00b2 0B       		.uleb128 0xb
 1007 00b3 3B       		.uleb128 0x3b
 1008 00b4 0B       		.uleb128 0xb
 1009 00b5 49       		.uleb128 0x49
 1010 00b6 13       		.uleb128 0x13
 1011 00b7 02       		.uleb128 0x2
 1012 00b8 17       		.uleb128 0x17
 1013 00b9 00       		.byte	0
 1014 00ba 00       		.byte	0
 1015 00bb 0F       		.uleb128 0xf
 1016 00bc 0F       		.uleb128 0xf
 1017 00bd 00       		.byte	0
 1018 00be 0B       		.uleb128 0xb
 1019 00bf 0B       		.uleb128 0xb
 1020 00c0 49       		.uleb128 0x49
 1021 00c1 13       		.uleb128 0x13
 1022 00c2 00       		.byte	0
 1023 00c3 00       		.byte	0
 1024 00c4 10       		.uleb128 0x10
 1025 00c5 26       		.uleb128 0x26
 1026 00c6 00       		.byte	0
 1027 00c7 49       		.uleb128 0x49
 1028 00c8 13       		.uleb128 0x13
 1029 00c9 00       		.byte	0
 1030 00ca 00       		.byte	0
 1031 00cb 11       		.uleb128 0x11
 1032 00cc 05       		.uleb128 0x5
 1033 00cd 00       		.byte	0
 1034 00ce 03       		.uleb128 0x3
 1035 00cf 08       		.uleb128 0x8
 1036 00d0 3A       		.uleb128 0x3a
 1037 00d1 0B       		.uleb128 0xb
 1038 00d2 3B       		.uleb128 0x3b
 1039 00d3 0B       		.uleb128 0xb
 1040 00d4 49       		.uleb128 0x49
 1041 00d5 13       		.uleb128 0x13
 1042 00d6 02       		.uleb128 0x2
 1043 00d7 17       		.uleb128 0x17
 1044 00d8 00       		.byte	0
 1045 00d9 00       		.byte	0
 1046 00da 12       		.uleb128 0x12
 1047 00db 898201   		.uleb128 0x4109
 1048 00de 01       		.byte	0x1
 1049 00df 11       		.uleb128 0x11
 1050 00e0 01       		.uleb128 0x1
 1051 00e1 31       		.uleb128 0x31
ARM GAS  C:\Users\NGUYEN~1\AppData\Local\Temp\ccRj6aRN.s 			page 26


 1052 00e2 13       		.uleb128 0x13
 1053 00e3 00       		.byte	0
 1054 00e4 00       		.byte	0
 1055 00e5 13       		.uleb128 0x13
 1056 00e6 8A8201   		.uleb128 0x410a
 1057 00e9 00       		.byte	0
 1058 00ea 02       		.uleb128 0x2
 1059 00eb 18       		.uleb128 0x18
 1060 00ec 9142     		.uleb128 0x2111
 1061 00ee 18       		.uleb128 0x18
 1062 00ef 00       		.byte	0
 1063 00f0 00       		.byte	0
 1064 00f1 14       		.uleb128 0x14
 1065 00f2 898201   		.uleb128 0x4109
 1066 00f5 01       		.byte	0x1
 1067 00f6 11       		.uleb128 0x11
 1068 00f7 01       		.uleb128 0x1
 1069 00f8 31       		.uleb128 0x31
 1070 00f9 13       		.uleb128 0x13
 1071 00fa 01       		.uleb128 0x1
 1072 00fb 13       		.uleb128 0x13
 1073 00fc 00       		.byte	0
 1074 00fd 00       		.byte	0
 1075 00fe 15       		.uleb128 0x15
 1076 00ff 2E       		.uleb128 0x2e
 1077 0100 01       		.byte	0x1
 1078 0101 3F       		.uleb128 0x3f
 1079 0102 19       		.uleb128 0x19
 1080 0103 03       		.uleb128 0x3
 1081 0104 0E       		.uleb128 0xe
 1082 0105 3A       		.uleb128 0x3a
 1083 0106 0B       		.uleb128 0xb
 1084 0107 3B       		.uleb128 0x3b
 1085 0108 05       		.uleb128 0x5
 1086 0109 27       		.uleb128 0x27
 1087 010a 19       		.uleb128 0x19
 1088 010b 11       		.uleb128 0x11
 1089 010c 01       		.uleb128 0x1
 1090 010d 12       		.uleb128 0x12
 1091 010e 06       		.uleb128 0x6
 1092 010f 40       		.uleb128 0x40
 1093 0110 18       		.uleb128 0x18
 1094 0111 9742     		.uleb128 0x2117
 1095 0113 19       		.uleb128 0x19
 1096 0114 01       		.uleb128 0x1
 1097 0115 13       		.uleb128 0x13
 1098 0116 00       		.byte	0
 1099 0117 00       		.byte	0
 1100 0118 16       		.uleb128 0x16
 1101 0119 0B       		.uleb128 0xb
 1102 011a 01       		.byte	0x1
 1103 011b 11       		.uleb128 0x11
 1104 011c 01       		.uleb128 0x1
 1105 011d 12       		.uleb128 0x12
 1106 011e 06       		.uleb128 0x6
 1107 011f 01       		.uleb128 0x1
 1108 0120 13       		.uleb128 0x13
ARM GAS  C:\Users\NGUYEN~1\AppData\Local\Temp\ccRj6aRN.s 			page 27


 1109 0121 00       		.byte	0
 1110 0122 00       		.byte	0
 1111 0123 17       		.uleb128 0x17
 1112 0124 34       		.uleb128 0x34
 1113 0125 00       		.byte	0
 1114 0126 03       		.uleb128 0x3
 1115 0127 0E       		.uleb128 0xe
 1116 0128 3A       		.uleb128 0x3a
 1117 0129 0B       		.uleb128 0xb
 1118 012a 3B       		.uleb128 0x3b
 1119 012b 05       		.uleb128 0x5
 1120 012c 49       		.uleb128 0x49
 1121 012d 13       		.uleb128 0x13
 1122 012e 02       		.uleb128 0x2
 1123 012f 18       		.uleb128 0x18
 1124 0130 00       		.byte	0
 1125 0131 00       		.byte	0
 1126 0132 18       		.uleb128 0x18
 1127 0133 13       		.uleb128 0x13
 1128 0134 01       		.byte	0x1
 1129 0135 0B       		.uleb128 0xb
 1130 0136 0B       		.uleb128 0xb
 1131 0137 3A       		.uleb128 0x3a
 1132 0138 0B       		.uleb128 0xb
 1133 0139 3B       		.uleb128 0x3b
 1134 013a 05       		.uleb128 0x5
 1135 013b 01       		.uleb128 0x1
 1136 013c 13       		.uleb128 0x13
 1137 013d 00       		.byte	0
 1138 013e 00       		.byte	0
 1139 013f 19       		.uleb128 0x19
 1140 0140 0D       		.uleb128 0xd
 1141 0141 00       		.byte	0
 1142 0142 03       		.uleb128 0x3
 1143 0143 0E       		.uleb128 0xe
 1144 0144 3A       		.uleb128 0x3a
 1145 0145 0B       		.uleb128 0xb
 1146 0146 3B       		.uleb128 0x3b
 1147 0147 05       		.uleb128 0x5
 1148 0148 49       		.uleb128 0x49
 1149 0149 13       		.uleb128 0x13
 1150 014a 38       		.uleb128 0x38
 1151 014b 0B       		.uleb128 0xb
 1152 014c 00       		.byte	0
 1153 014d 00       		.byte	0
 1154 014e 1A       		.uleb128 0x1a
 1155 014f 01       		.uleb128 0x1
 1156 0150 01       		.byte	0x1
 1157 0151 49       		.uleb128 0x49
 1158 0152 13       		.uleb128 0x13
 1159 0153 01       		.uleb128 0x1
 1160 0154 13       		.uleb128 0x13
 1161 0155 00       		.byte	0
 1162 0156 00       		.byte	0
 1163 0157 1B       		.uleb128 0x1b
 1164 0158 21       		.uleb128 0x21
 1165 0159 00       		.byte	0
ARM GAS  C:\Users\NGUYEN~1\AppData\Local\Temp\ccRj6aRN.s 			page 28


 1166 015a 49       		.uleb128 0x49
 1167 015b 13       		.uleb128 0x13
 1168 015c 2F       		.uleb128 0x2f
 1169 015d 0B       		.uleb128 0xb
 1170 015e 00       		.byte	0
 1171 015f 00       		.byte	0
 1172 0160 1C       		.uleb128 0x1c
 1173 0161 34       		.uleb128 0x34
 1174 0162 00       		.byte	0
 1175 0163 03       		.uleb128 0x3
 1176 0164 08       		.uleb128 0x8
 1177 0165 3A       		.uleb128 0x3a
 1178 0166 0B       		.uleb128 0xb
 1179 0167 3B       		.uleb128 0x3b
 1180 0168 05       		.uleb128 0x5
 1181 0169 49       		.uleb128 0x49
 1182 016a 13       		.uleb128 0x13
 1183 016b 02       		.uleb128 0x2
 1184 016c 17       		.uleb128 0x17
 1185 016d 00       		.byte	0
 1186 016e 00       		.byte	0
 1187 016f 1D       		.uleb128 0x1d
 1188 0170 898201   		.uleb128 0x4109
 1189 0173 00       		.byte	0
 1190 0174 11       		.uleb128 0x11
 1191 0175 01       		.uleb128 0x1
 1192 0176 31       		.uleb128 0x31
 1193 0177 13       		.uleb128 0x13
 1194 0178 00       		.byte	0
 1195 0179 00       		.byte	0
 1196 017a 1E       		.uleb128 0x1e
 1197 017b 2E       		.uleb128 0x2e
 1198 017c 00       		.byte	0
 1199 017d 3F       		.uleb128 0x3f
 1200 017e 19       		.uleb128 0x19
 1201 017f 3C       		.uleb128 0x3c
 1202 0180 19       		.uleb128 0x19
 1203 0181 6E       		.uleb128 0x6e
 1204 0182 0E       		.uleb128 0xe
 1205 0183 03       		.uleb128 0x3
 1206 0184 0E       		.uleb128 0xe
 1207 0185 00       		.byte	0
 1208 0186 00       		.byte	0
 1209 0187 1F       		.uleb128 0x1f
 1210 0188 2E       		.uleb128 0x2e
 1211 0189 00       		.byte	0
 1212 018a 3F       		.uleb128 0x3f
 1213 018b 19       		.uleb128 0x19
 1214 018c 3C       		.uleb128 0x3c
 1215 018d 19       		.uleb128 0x19
 1216 018e 6E       		.uleb128 0x6e
 1217 018f 0E       		.uleb128 0xe
 1218 0190 03       		.uleb128 0x3
 1219 0191 0E       		.uleb128 0xe
 1220 0192 3A       		.uleb128 0x3a
 1221 0193 0B       		.uleb128 0xb
 1222 0194 3B       		.uleb128 0x3b
ARM GAS  C:\Users\NGUYEN~1\AppData\Local\Temp\ccRj6aRN.s 			page 29


 1223 0195 0B       		.uleb128 0xb
 1224 0196 00       		.byte	0
 1225 0197 00       		.byte	0
 1226 0198 00       		.byte	0
 1227              		.section	.debug_loc,"",%progbits
 1228              	.Ldebug_loc0:
 1229              	.LLST0:
 1230 0000 02000000 		.4byte	.LVL1
 1231 0004 08000000 		.4byte	.LVL2
 1232 0008 0200     		.2byte	0x2
 1233 000a 30       		.byte	0x30
 1234 000b 9F       		.byte	0x9f
 1235 000c 08000000 		.4byte	.LVL2
 1236 0010 30000000 		.4byte	.LVL11
 1237 0014 0100     		.2byte	0x1
 1238 0016 57       		.byte	0x57
 1239 0017 00000000 		.4byte	0
 1240 001b 00000000 		.4byte	0
 1241              	.LLST1:
 1242 001f 02000000 		.4byte	.LVL1
 1243 0023 08000000 		.4byte	.LVL2
 1244 0027 0200     		.2byte	0x2
 1245 0029 30       		.byte	0x30
 1246 002a 9F       		.byte	0x9f
 1247 002b 08000000 		.4byte	.LVL2
 1248 002f 30000000 		.4byte	.LVL10
 1249 0033 0100     		.2byte	0x1
 1250 0035 55       		.byte	0x55
 1251 0036 00000000 		.4byte	0
 1252 003a 00000000 		.4byte	0
 1253              	.LLST2:
 1254 003e 0C000000 		.4byte	.LVL3
 1255 0042 2C000000 		.4byte	.LVL9
 1256 0046 0100     		.2byte	0x1
 1257 0048 56       		.byte	0x56
 1258 0049 00000000 		.4byte	0
 1259 004d 00000000 		.4byte	0
 1260              	.LLST3:
 1261 0051 0E000000 		.4byte	.LVL4
 1262 0055 24000000 		.4byte	.LVL7
 1263 0059 0100     		.2byte	0x1
 1264 005b 53       		.byte	0x53
 1265 005c 26000000 		.4byte	.LVL8
 1266 0060 2C000000 		.4byte	.LVL9
 1267 0064 0100     		.2byte	0x1
 1268 0066 53       		.byte	0x53
 1269 0067 00000000 		.4byte	0
 1270 006b 00000000 		.4byte	0
 1271              	.LLST4:
 1272 006f 00000000 		.4byte	.LVL12
 1273 0073 09000000 		.4byte	.LVL14-1
 1274 0077 0100     		.2byte	0x1
 1275 0079 50       		.byte	0x50
 1276 007a 09000000 		.4byte	.LVL14-1
 1277 007e 0C000000 		.4byte	.LFE0
 1278 0082 0400     		.2byte	0x4
 1279 0084 F3       		.byte	0xf3
ARM GAS  C:\Users\NGUYEN~1\AppData\Local\Temp\ccRj6aRN.s 			page 30


 1280 0085 01       		.uleb128 0x1
 1281 0086 50       		.byte	0x50
 1282 0087 9F       		.byte	0x9f
 1283 0088 00000000 		.4byte	0
 1284 008c 00000000 		.4byte	0
 1285              	.LLST5:
 1286 0090 00000000 		.4byte	.LVL12
 1287 0094 06000000 		.4byte	.LVL13
 1288 0098 0100     		.2byte	0x1
 1289 009a 51       		.byte	0x51
 1290 009b 06000000 		.4byte	.LVL13
 1291 009f 09000000 		.4byte	.LVL14-1
 1292 00a3 0100     		.2byte	0x1
 1293 00a5 52       		.byte	0x52
 1294 00a6 09000000 		.4byte	.LVL14-1
 1295 00aa 0C000000 		.4byte	.LFE0
 1296 00ae 0400     		.2byte	0x4
 1297 00b0 F3       		.byte	0xf3
 1298 00b1 01       		.uleb128 0x1
 1299 00b2 51       		.byte	0x51
 1300 00b3 9F       		.byte	0x9f
 1301 00b4 00000000 		.4byte	0
 1302 00b8 00000000 		.4byte	0
 1303              	.LLST6:
 1304 00bc 7C000000 		.4byte	.LVL18
 1305 00c0 80000000 		.4byte	.LVL19
 1306 00c4 0200     		.2byte	0x2
 1307 00c6 30       		.byte	0x30
 1308 00c7 9F       		.byte	0x9f
 1309 00c8 80000000 		.4byte	.LVL19
 1310 00cc 9E000000 		.4byte	.LVL21
 1311 00d0 0100     		.2byte	0x1
 1312 00d2 54       		.byte	0x54
 1313 00d3 A0000000 		.4byte	.LVL22
 1314 00d7 F8000000 		.4byte	.LVL25
 1315 00db 0100     		.2byte	0x1
 1316 00dd 54       		.byte	0x54
 1317 00de 00000000 		.4byte	0
 1318 00e2 00000000 		.4byte	0
 1319              	.LLST7:
 1320 00e6 80000000 		.4byte	.LVL19
 1321 00ea 9E000000 		.4byte	.LVL21
 1322 00ee 0B00     		.2byte	0xb
 1323 00f0 74       		.byte	0x74
 1324 00f1 00       		.sleb128 0
 1325 00f2 36       		.byte	0x36
 1326 00f3 1E       		.byte	0x1e
 1327 00f4 03       		.byte	0x3
 1328 00f5 00000000 		.4byte	cfg_memset_list.4870
 1329 00f9 22       		.byte	0x22
 1330 00fa 9F       		.byte	0x9f
 1331 00fb 9E000000 		.4byte	.LVL21
 1332 00ff A0000000 		.4byte	.LVL22
 1333 0103 0B00     		.2byte	0xb
 1334 0105 74       		.byte	0x74
 1335 0106 7F       		.sleb128 -1
 1336 0107 36       		.byte	0x36
ARM GAS  C:\Users\NGUYEN~1\AppData\Local\Temp\ccRj6aRN.s 			page 31


 1337 0108 1E       		.byte	0x1e
 1338 0109 03       		.byte	0x3
 1339 010a 00000000 		.4byte	cfg_memset_list.4870
 1340 010e 22       		.byte	0x22
 1341 010f 9F       		.byte	0x9f
 1342 0110 00000000 		.4byte	0
 1343 0114 00000000 		.4byte	0
 1344              		.section	.debug_aranges,"",%progbits
 1345 0000 34000000 		.4byte	0x34
 1346 0004 0200     		.2byte	0x2
 1347 0006 00000000 		.4byte	.Ldebug_info0
 1348 000a 04       		.byte	0x4
 1349 000b 00       		.byte	0
 1350 000c 0000     		.2byte	0
 1351 000e 0000     		.2byte	0
 1352 0010 00000000 		.4byte	.LFB3
 1353 0014 32000000 		.4byte	.LFE3-.LFB3
 1354 0018 00000000 		.4byte	.LFB0
 1355 001c 0C000000 		.4byte	.LFE0-.LFB0
 1356 0020 00000000 		.4byte	.LFB4
 1357 0024 78000000 		.4byte	.LFE4-.LFB4
 1358 0028 78000000 		.4byte	.LFB6
 1359 002c B0000000 		.4byte	.LFE6-.LFB6
 1360 0030 00000000 		.4byte	0
 1361 0034 00000000 		.4byte	0
 1362              		.section	.debug_ranges,"",%progbits
 1363              	.Ldebug_ranges0:
 1364 0000 00000000 		.4byte	.LFB3
 1365 0004 32000000 		.4byte	.LFE3
 1366 0008 00000000 		.4byte	.LFB0
 1367 000c 0C000000 		.4byte	.LFE0
 1368 0010 00000000 		.4byte	.LFB4
 1369 0014 78000000 		.4byte	.LFE4
 1370 0018 78000000 		.4byte	.LFB6
 1371 001c 28010000 		.4byte	.LFE6
 1372 0020 00000000 		.4byte	0
 1373 0024 00000000 		.4byte	0
 1374              		.section	.debug_line,"",%progbits
 1375              	.Ldebug_line0:
 1376 0000 59010000 		.section	.debug_str,"MS",%progbits,1
 1376      0200D600 
 1376      00000201 
 1376      FB0E0D00 
 1376      01010101 
 1377              	.LASF19:
 1378 0000 72656733 		.ascii	"reg32\000"
 1378      3200
 1379              	.LASF12:
 1380 0006 73697A65 		.ascii	"size_t\000"
 1380      5F7400
 1381              	.LASF37:
 1382 000d 4379496E 		.ascii	"CyIntSetVector\000"
 1382      74536574 
 1382      56656374 
 1382      6F7200
 1383              	.LASF21:
 1384 001c 76616C75 		.ascii	"value\000"
ARM GAS  C:\Users\NGUYEN~1\AppData\Local\Temp\ccRj6aRN.s 			page 32


 1384      6500
 1385              	.LASF26:
 1386 0022 636F756E 		.ascii	"count\000"
 1386      7400
 1387              	.LASF29:
 1388 0028 436C6F63 		.ascii	"ClockSetup\000"
 1388      6B536574 
 1388      757000
 1389              	.LASF30:
 1390 0033 63795F63 		.ascii	"cy_cfg_addr_table\000"
 1390      66675F61 
 1390      6464725F 
 1390      7461626C 
 1390      6500
 1391              	.LASF31:
 1392 0045 63795F63 		.ascii	"cy_cfg_data_table\000"
 1392      66675F64 
 1392      6174615F 
 1392      7461626C 
 1392      6500
 1393              	.LASF16:
 1394 0057 666C6F61 		.ascii	"float\000"
 1394      7400
 1395              	.LASF35:
 1396 005d 6366675F 		.ascii	"cfg_memset_list\000"
 1396      6D656D73 
 1396      65745F6C 
 1396      69737400 
 1397              	.LASF33:
 1398 006d 73697A65 		.ascii	"size\000"
 1398      00
 1399              	.LASF41:
 1400 0072 443A5C70 		.ascii	"D:\\psoc\\theory\\counter\\counter.cydsn\000"
 1400      736F635C 
 1400      7468656F 
 1400      72795C63 
 1400      6F756E74 
 1401              	.LASF18:
 1402 0097 72656738 		.ascii	"reg8\000"
 1402      00
 1403              	.LASF8:
 1404 009c 6C6F6E67 		.ascii	"long unsigned int\000"
 1404      20756E73 
 1404      69676E65 
 1404      6420696E 
 1404      7400
 1405              	.LASF13:
 1406 00ae 75696E74 		.ascii	"uint8\000"
 1406      3800
 1407              	.LASF28:
 1408 00b4 43594D45 		.ascii	"CYMEMZERO\000"
 1408      4D5A4552 
 1408      4F00
 1409              	.LASF4:
 1410 00be 756E7369 		.ascii	"unsigned char\000"
 1410      676E6564 
 1410      20636861 
ARM GAS  C:\Users\NGUYEN~1\AppData\Local\Temp\ccRj6aRN.s 			page 33


 1410      7200
 1411              	.LASF43:
 1412 00cc 6D656D73 		.ascii	"memset\000"
 1412      657400
 1413              	.LASF17:
 1414 00d3 646F7562 		.ascii	"double\000"
 1414      6C6500
 1415              	.LASF27:
 1416 00da 6366675F 		.ascii	"cfg_write_bytes32\000"
 1416      77726974 
 1416      655F6279 
 1416      74657333 
 1416      3200
 1417              	.LASF38:
 1418 00ec 4379496E 		.ascii	"CyIntEnable\000"
 1418      74456E61 
 1418      626C6500 
 1419              	.LASF23:
 1420 00f8 61646472 		.ascii	"addr_table\000"
 1420      5F746162 
 1420      6C6500
 1421              	.LASF14:
 1422 0103 75696E74 		.ascii	"uint16\000"
 1422      313600
 1423              	.LASF24:
 1424 010a 64617461 		.ascii	"data_table\000"
 1424      5F746162 
 1424      6C6500
 1425              	.LASF15:
 1426 0115 75696E74 		.ascii	"uint32\000"
 1426      333200
 1427              	.LASF0:
 1428 011c 756E7369 		.ascii	"unsigned int\000"
 1428      676E6564 
 1428      20696E74 
 1428      00
 1429              	.LASF42:
 1430 0129 63796669 		.ascii	"cyfitter_cfg\000"
 1430      74746572 
 1430      5F636667 
 1430      00
 1431              	.LASF32:
 1432 0136 61646472 		.ascii	"address\000"
 1432      65737300 
 1433              	.LASF9:
 1434 013e 6C6F6E67 		.ascii	"long long unsigned int\000"
 1434      206C6F6E 
 1434      6720756E 
 1434      7369676E 
 1434      65642069 
 1435              	.LASF39:
 1436 0155 474E5520 		.ascii	"GNU C11 5.4.1 20160609 (release) [ARM/embedded-5-br"
 1436      43313120 
 1436      352E342E 
 1436      31203230 
 1436      31363036 
 1437 0188 616E6368 		.ascii	"anch revision 237715] -mcpu=cortex-m0 -mthumb -g -O"
ARM GAS  C:\Users\NGUYEN~1\AppData\Local\Temp\ccRj6aRN.s 			page 34


 1437      20726576 
 1437      6973696F 
 1437      6E203233 
 1437      37373135 
 1438 01bb 67202D66 		.ascii	"g -ffunction-sections -ffat-lto-objects\000"
 1438      66756E63 
 1438      74696F6E 
 1438      2D736563 
 1438      74696F6E 
 1439              	.LASF34:
 1440 01e3 6366675F 		.ascii	"cfg_memset_t\000"
 1440      6D656D73 
 1440      65745F74 
 1440      00
 1441              	.LASF25:
 1442 01f0 62617365 		.ascii	"baseAddr\000"
 1442      41646472 
 1442      00
 1443              	.LASF10:
 1444 01f9 73697A65 		.ascii	"sizetype\000"
 1444      74797065 
 1444      00
 1445              	.LASF6:
 1446 0202 73686F72 		.ascii	"short unsigned int\000"
 1446      7420756E 
 1446      7369676E 
 1446      65642069 
 1446      6E7400
 1447              	.LASF1:
 1448 0215 6C6F6E67 		.ascii	"long long int\000"
 1448      206C6F6E 
 1448      6720696E 
 1448      7400
 1449              	.LASF11:
 1450 0223 63686172 		.ascii	"char\000"
 1450      00
 1451              	.LASF22:
 1452 0228 63795F63 		.ascii	"cy_cfg_addrvalue_t\000"
 1452      66675F61 
 1452      64647276 
 1452      616C7565 
 1452      5F7400
 1453              	.LASF20:
 1454 023b 6F666673 		.ascii	"offset\000"
 1454      657400
 1455              	.LASF5:
 1456 0242 73686F72 		.ascii	"short int\000"
 1456      7420696E 
 1456      7400
 1457              	.LASF36:
 1458 024c 43795379 		.ascii	"CySysClkWriteImoFreq\000"
 1458      73436C6B 
 1458      57726974 
 1458      65496D6F 
 1458      46726571 
 1459              	.LASF7:
 1460 0261 6C6F6E67 		.ascii	"long int\000"
ARM GAS  C:\Users\NGUYEN~1\AppData\Local\Temp\ccRj6aRN.s 			page 35


 1460      20696E74 
 1460      00
 1461              	.LASF2:
 1462 026a 6C6F6E67 		.ascii	"long double\000"
 1462      20646F75 
 1462      626C6500 
 1463              	.LASF3:
 1464 0276 7369676E 		.ascii	"signed char\000"
 1464      65642063 
 1464      68617200 
 1465              	.LASF40:
 1466 0282 47656E65 		.ascii	"Generated_Source\\PSoC4\\cyfitter_cfg.c\000"
 1466      72617465 
 1466      645F536F 
 1466      75726365 
 1466      5C50536F 
 1467              		.ident	"GCC: (GNU Tools for ARM Embedded Processors) 5.4.1 20160609 (release) [ARM/embedded-5-bran
