ARM GAS  C:\Users\NGUYEN~1\AppData\Local\Temp\ccImfeQe.s 			page 1


   1              		.syntax unified
   2              		.cpu cortex-m0
   3              		.fpu softvfp
   4              		.eabi_attribute 20, 1
   5              		.eabi_attribute 21, 1
   6              		.eabi_attribute 23, 3
   7              		.eabi_attribute 24, 1
   8              		.eabi_attribute 25, 1
   9              		.eabi_attribute 26, 1
  10              		.eabi_attribute 30, 1
  11              		.eabi_attribute 34, 0
  12              		.eabi_attribute 18, 4
  13              		.thumb
  14              		.syntax unified
  15              		.file	"main.c"
  16              		.text
  17              	.Ltext0:
  18              		.cfi_sections	.debug_frame
  19              		.section	.text.timer_counter_Int_Handler,"ax",%progbits
  20              		.align	2
  21              		.global	timer_counter_Int_Handler
  22              		.code	16
  23              		.thumb_func
  24              		.type	timer_counter_Int_Handler, %function
  25              	timer_counter_Int_Handler:
  26              	.LFB32:
  27              		.file 1 "main.c"
   1:main.c        **** /* ========================================
   2:main.c        ****  *
   3:main.c        ****  * Copyright YOUR COMPANY, THE YEAR
   4:main.c        ****  * All Rights Reserved
   5:main.c        ****  * UNPUBLISHED, LICENSED SOFTWARE.
   6:main.c        ****  *
   7:main.c        ****  * CONFIDENTIAL AND PROPRIETARY INFORMATION
   8:main.c        ****  * WHICH IS THE PROPERTY OF your company.
   9:main.c        ****  *
  10:main.c        ****  * ========================================
  11:main.c        **** */
  12:main.c        **** #include "project.h"
  13:main.c        **** 
  14:main.c        **** CY_ISR( timer_counter_Int_Handler )
  15:main.c        **** {
  28              		.loc 1 15 0
  29              		.cfi_startproc
  30              		@ args = 0, pretend = 0, frame = 0
  31              		@ frame_needed = 0, uses_anonymous_args = 0
  32 0000 10B5     		push	{r4, lr}
  33              		.cfi_def_cfa_offset 8
  34              		.cfi_offset 4, -8
  35              		.cfi_offset 14, -4
  16:main.c        ****     ledRedd_Write( ~ledRedd_Read() );
  36              		.loc 1 16 0
  37 0002 FFF7FEFF 		bl	ledRedd_Read
  38              	.LVL0:
  39 0006 C043     		mvns	r0, r0
  40 0008 C0B2     		uxtb	r0, r0
  41 000a FFF7FEFF 		bl	ledRedd_Write
ARM GAS  C:\Users\NGUYEN~1\AppData\Local\Temp\ccImfeQe.s 			page 2


  42              	.LVL1:
  17:main.c        ****     
  18:main.c        ****     timer_counter_ClearInterrupt( timer_counter_INTR_MASK_TC);
  43              		.loc 1 18 0
  44 000e 0120     		movs	r0, #1
  45 0010 FFF7FEFF 		bl	timer_counter_ClearInterrupt
  46              	.LVL2:
  19:main.c        **** }
  47              		.loc 1 19 0
  48              		@ sp needed
  49 0014 10BD     		pop	{r4, pc}
  50              		.cfi_endproc
  51              	.LFE32:
  52              		.size	timer_counter_Int_Handler, .-timer_counter_Int_Handler
  53 0016 C046     		.section	.text.main,"ax",%progbits
  54              		.align	2
  55              		.global	main
  56              		.code	16
  57              		.thumb_func
  58              		.type	main, %function
  59              	main:
  60              	.LFB33:
  20:main.c        **** 
  21:main.c        **** int main(void)
  22:main.c        **** {
  61              		.loc 1 22 0
  62              		.cfi_startproc
  63              		@ Volatile: function does not return.
  64              		@ args = 0, pretend = 0, frame = 0
  65              		@ frame_needed = 0, uses_anonymous_args = 0
  66 0000 10B5     		push	{r4, lr}
  67              		.cfi_def_cfa_offset 8
  68              		.cfi_offset 4, -8
  69              		.cfi_offset 14, -4
  23:main.c        ****     CyGlobalIntEnable; /* Enable global interrupts. */
  70              		.loc 1 23 0
  71              		.syntax divided
  72              	@ 23 "main.c" 1
  73 0002 62B6     		CPSIE   i
  74              	@ 0 "" 2
  24:main.c        **** 
  25:main.c        ****     /* Place your initialization/startup code here (e.g. MyInst_Start()) */
  26:main.c        ****     timer_counter_Start();
  75              		.loc 1 26 0
  76              		.thumb
  77              		.syntax unified
  78 0004 FFF7FEFF 		bl	timer_counter_Start
  79              	.LVL3:
  27:main.c        ****     timer_counter_Int_StartEx( timer_counter_Int_Handler );
  80              		.loc 1 27 0
  81 0008 0148     		ldr	r0, .L4
  82 000a FFF7FEFF 		bl	timer_counter_Int_StartEx
  83              	.LVL4:
  84              	.L3:
  85 000e FEE7     		b	.L3
  86              	.L5:
  87              		.align	2
ARM GAS  C:\Users\NGUYEN~1\AppData\Local\Temp\ccImfeQe.s 			page 3


  88              	.L4:
  89 0010 00000000 		.word	timer_counter_Int_Handler
  90              		.cfi_endproc
  91              	.LFE33:
  92              		.size	main, .-main
  93              		.text
  94              	.Letext0:
  95              		.file 2 "Generated_Source\\PSoC4/ledRedd.h"
  96              		.file 3 "Generated_Source\\PSoC4/timer_counter.h"
  97              		.file 4 "Generated_Source\\PSoC4/timer_counter_Int.h"
  98              		.file 5 "Generated_Source\\PSoC4/cytypes.h"
  99              		.section	.debug_info,"",%progbits
 100              	.Ldebug_info0:
 101 0000 3D010000 		.4byte	0x13d
 102 0004 0400     		.2byte	0x4
 103 0006 00000000 		.4byte	.Ldebug_abbrev0
 104 000a 04       		.byte	0x4
 105 000b 01       		.uleb128 0x1
 106 000c 25010000 		.4byte	.LASF19
 107 0010 0C       		.byte	0xc
 108 0011 30000000 		.4byte	.LASF20
 109 0015 3C000000 		.4byte	.LASF21
 110 0019 00000000 		.4byte	.Ldebug_ranges0+0
 111 001d 00000000 		.4byte	0
 112 0021 00000000 		.4byte	.Ldebug_line0
 113 0025 02       		.uleb128 0x2
 114 0026 01       		.byte	0x1
 115 0027 06       		.byte	0x6
 116 0028 C6010000 		.4byte	.LASF0
 117 002c 02       		.uleb128 0x2
 118 002d 01       		.byte	0x1
 119 002e 08       		.byte	0x8
 120 002f C7000000 		.4byte	.LASF1
 121 0033 02       		.uleb128 0x2
 122 0034 02       		.byte	0x2
 123 0035 05       		.byte	0x5
 124 0036 DE010000 		.4byte	.LASF2
 125 003a 02       		.uleb128 0x2
 126 003b 02       		.byte	0x2
 127 003c 07       		.byte	0x7
 128 003d B3010000 		.4byte	.LASF3
 129 0041 02       		.uleb128 0x2
 130 0042 04       		.byte	0x4
 131 0043 05       		.byte	0x5
 132 0044 DA000000 		.4byte	.LASF4
 133 0048 02       		.uleb128 0x2
 134 0049 04       		.byte	0x4
 135 004a 07       		.byte	0x7
 136 004b 7E000000 		.4byte	.LASF5
 137 004f 02       		.uleb128 0x2
 138 0050 08       		.byte	0x8
 139 0051 05       		.byte	0x5
 140 0052 00000000 		.4byte	.LASF6
 141 0056 02       		.uleb128 0x2
 142 0057 08       		.byte	0x8
 143 0058 07       		.byte	0x7
 144 0059 90000000 		.4byte	.LASF7
ARM GAS  C:\Users\NGUYEN~1\AppData\Local\Temp\ccImfeQe.s 			page 4


 145 005d 03       		.uleb128 0x3
 146 005e 04       		.byte	0x4
 147 005f 05       		.byte	0x5
 148 0060 696E7400 		.ascii	"int\000"
 149 0064 02       		.uleb128 0x2
 150 0065 04       		.byte	0x4
 151 0066 07       		.byte	0x7
 152 0067 23000000 		.4byte	.LASF8
 153 006b 04       		.uleb128 0x4
 154 006c 0E000000 		.4byte	.LASF22
 155 0070 05       		.byte	0x5
 156 0071 FD01     		.2byte	0x1fd
 157 0073 48000000 		.4byte	0x48
 158 0077 02       		.uleb128 0x2
 159 0078 04       		.byte	0x4
 160 0079 04       		.byte	0x4
 161 007a A7000000 		.4byte	.LASF9
 162 007e 02       		.uleb128 0x2
 163 007f 08       		.byte	0x8
 164 0080 04       		.byte	0x4
 165 0081 F0000000 		.4byte	.LASF10
 166 0085 02       		.uleb128 0x2
 167 0086 01       		.byte	0x1
 168 0087 08       		.byte	0x8
 169 0088 D5000000 		.4byte	.LASF11
 170 008c 02       		.uleb128 0x2
 171 008d 08       		.byte	0x8
 172 008e 04       		.byte	0x4
 173 008f D2010000 		.4byte	.LASF12
 174 0093 02       		.uleb128 0x2
 175 0094 04       		.byte	0x4
 176 0095 07       		.byte	0x7
 177 0096 E8010000 		.4byte	.LASF13
 178 009a 05       		.uleb128 0x5
 179 009b AD000000 		.4byte	.LASF23
 180 009f 01       		.byte	0x1
 181 00a0 0E       		.byte	0xe
 182 00a1 00000000 		.4byte	.LFB32
 183 00a5 16000000 		.4byte	.LFE32-.LFB32
 184 00a9 01       		.uleb128 0x1
 185 00aa 9C       		.byte	0x9c
 186 00ab D1000000 		.4byte	0xd1
 187 00af 06       		.uleb128 0x6
 188 00b0 06000000 		.4byte	.LVL0
 189 00b4 07010000 		.4byte	0x107
 190 00b8 06       		.uleb128 0x6
 191 00b9 0E000000 		.4byte	.LVL1
 192 00bd 12010000 		.4byte	0x112
 193 00c1 07       		.uleb128 0x7
 194 00c2 14000000 		.4byte	.LVL2
 195 00c6 1D010000 		.4byte	0x11d
 196 00ca 08       		.uleb128 0x8
 197 00cb 01       		.uleb128 0x1
 198 00cc 50       		.byte	0x50
 199 00cd 01       		.uleb128 0x1
 200 00ce 31       		.byte	0x31
 201 00cf 00       		.byte	0
ARM GAS  C:\Users\NGUYEN~1\AppData\Local\Temp\ccImfeQe.s 			page 5


 202 00d0 00       		.byte	0
 203 00d1 09       		.uleb128 0x9
 204 00d2 37000000 		.4byte	.LASF24
 205 00d6 01       		.byte	0x1
 206 00d7 15       		.byte	0x15
 207 00d8 5D000000 		.4byte	0x5d
 208 00dc 00000000 		.4byte	.LFB33
 209 00e0 14000000 		.4byte	.LFE33-.LFB33
 210 00e4 01       		.uleb128 0x1
 211 00e5 9C       		.byte	0x9c
 212 00e6 07010000 		.4byte	0x107
 213 00ea 06       		.uleb128 0x6
 214 00eb 08000000 		.4byte	.LVL3
 215 00ef 29010000 		.4byte	0x129
 216 00f3 07       		.uleb128 0x7
 217 00f4 0E000000 		.4byte	.LVL4
 218 00f8 35010000 		.4byte	0x135
 219 00fc 08       		.uleb128 0x8
 220 00fd 01       		.uleb128 0x1
 221 00fe 50       		.byte	0x50
 222 00ff 05       		.uleb128 0x5
 223 0100 03       		.byte	0x3
 224 0101 00000000 		.4byte	timer_counter_Int_Handler
 225 0105 00       		.byte	0
 226 0106 00       		.byte	0
 227 0107 0A       		.uleb128 0xa
 228 0108 E3000000 		.4byte	.LASF14
 229 010c E3000000 		.4byte	.LASF14
 230 0110 02       		.byte	0x2
 231 0111 32       		.byte	0x32
 232 0112 0A       		.uleb128 0xa
 233 0113 15000000 		.4byte	.LASF15
 234 0117 15000000 		.4byte	.LASF15
 235 011b 02       		.byte	0x2
 236 011c 33       		.byte	0x33
 237 011d 0B       		.uleb128 0xb
 238 011e 61000000 		.4byte	.LASF16
 239 0122 61000000 		.4byte	.LASF16
 240 0126 03       		.byte	0x3
 241 0127 4701     		.2byte	0x147
 242 0129 0B       		.uleb128 0xb
 243 012a 11010000 		.4byte	.LASF17
 244 012e 11010000 		.4byte	.LASF17
 245 0132 03       		.byte	0x3
 246 0133 3201     		.2byte	0x132
 247 0135 0A       		.uleb128 0xa
 248 0136 F7000000 		.4byte	.LASF18
 249 013a F7000000 		.4byte	.LASF18
 250 013e 04       		.byte	0x4
 251 013f 18       		.byte	0x18
 252 0140 00       		.byte	0
 253              		.section	.debug_abbrev,"",%progbits
 254              	.Ldebug_abbrev0:
 255 0000 01       		.uleb128 0x1
 256 0001 11       		.uleb128 0x11
 257 0002 01       		.byte	0x1
 258 0003 25       		.uleb128 0x25
ARM GAS  C:\Users\NGUYEN~1\AppData\Local\Temp\ccImfeQe.s 			page 6


 259 0004 0E       		.uleb128 0xe
 260 0005 13       		.uleb128 0x13
 261 0006 0B       		.uleb128 0xb
 262 0007 03       		.uleb128 0x3
 263 0008 0E       		.uleb128 0xe
 264 0009 1B       		.uleb128 0x1b
 265 000a 0E       		.uleb128 0xe
 266 000b 55       		.uleb128 0x55
 267 000c 17       		.uleb128 0x17
 268 000d 11       		.uleb128 0x11
 269 000e 01       		.uleb128 0x1
 270 000f 10       		.uleb128 0x10
 271 0010 17       		.uleb128 0x17
 272 0011 00       		.byte	0
 273 0012 00       		.byte	0
 274 0013 02       		.uleb128 0x2
 275 0014 24       		.uleb128 0x24
 276 0015 00       		.byte	0
 277 0016 0B       		.uleb128 0xb
 278 0017 0B       		.uleb128 0xb
 279 0018 3E       		.uleb128 0x3e
 280 0019 0B       		.uleb128 0xb
 281 001a 03       		.uleb128 0x3
 282 001b 0E       		.uleb128 0xe
 283 001c 00       		.byte	0
 284 001d 00       		.byte	0
 285 001e 03       		.uleb128 0x3
 286 001f 24       		.uleb128 0x24
 287 0020 00       		.byte	0
 288 0021 0B       		.uleb128 0xb
 289 0022 0B       		.uleb128 0xb
 290 0023 3E       		.uleb128 0x3e
 291 0024 0B       		.uleb128 0xb
 292 0025 03       		.uleb128 0x3
 293 0026 08       		.uleb128 0x8
 294 0027 00       		.byte	0
 295 0028 00       		.byte	0
 296 0029 04       		.uleb128 0x4
 297 002a 16       		.uleb128 0x16
 298 002b 00       		.byte	0
 299 002c 03       		.uleb128 0x3
 300 002d 0E       		.uleb128 0xe
 301 002e 3A       		.uleb128 0x3a
 302 002f 0B       		.uleb128 0xb
 303 0030 3B       		.uleb128 0x3b
 304 0031 05       		.uleb128 0x5
 305 0032 49       		.uleb128 0x49
 306 0033 13       		.uleb128 0x13
 307 0034 00       		.byte	0
 308 0035 00       		.byte	0
 309 0036 05       		.uleb128 0x5
 310 0037 2E       		.uleb128 0x2e
 311 0038 01       		.byte	0x1
 312 0039 3F       		.uleb128 0x3f
 313 003a 19       		.uleb128 0x19
 314 003b 03       		.uleb128 0x3
 315 003c 0E       		.uleb128 0xe
ARM GAS  C:\Users\NGUYEN~1\AppData\Local\Temp\ccImfeQe.s 			page 7


 316 003d 3A       		.uleb128 0x3a
 317 003e 0B       		.uleb128 0xb
 318 003f 3B       		.uleb128 0x3b
 319 0040 0B       		.uleb128 0xb
 320 0041 27       		.uleb128 0x27
 321 0042 19       		.uleb128 0x19
 322 0043 11       		.uleb128 0x11
 323 0044 01       		.uleb128 0x1
 324 0045 12       		.uleb128 0x12
 325 0046 06       		.uleb128 0x6
 326 0047 40       		.uleb128 0x40
 327 0048 18       		.uleb128 0x18
 328 0049 9742     		.uleb128 0x2117
 329 004b 19       		.uleb128 0x19
 330 004c 01       		.uleb128 0x1
 331 004d 13       		.uleb128 0x13
 332 004e 00       		.byte	0
 333 004f 00       		.byte	0
 334 0050 06       		.uleb128 0x6
 335 0051 898201   		.uleb128 0x4109
 336 0054 00       		.byte	0
 337 0055 11       		.uleb128 0x11
 338 0056 01       		.uleb128 0x1
 339 0057 31       		.uleb128 0x31
 340 0058 13       		.uleb128 0x13
 341 0059 00       		.byte	0
 342 005a 00       		.byte	0
 343 005b 07       		.uleb128 0x7
 344 005c 898201   		.uleb128 0x4109
 345 005f 01       		.byte	0x1
 346 0060 11       		.uleb128 0x11
 347 0061 01       		.uleb128 0x1
 348 0062 31       		.uleb128 0x31
 349 0063 13       		.uleb128 0x13
 350 0064 00       		.byte	0
 351 0065 00       		.byte	0
 352 0066 08       		.uleb128 0x8
 353 0067 8A8201   		.uleb128 0x410a
 354 006a 00       		.byte	0
 355 006b 02       		.uleb128 0x2
 356 006c 18       		.uleb128 0x18
 357 006d 9142     		.uleb128 0x2111
 358 006f 18       		.uleb128 0x18
 359 0070 00       		.byte	0
 360 0071 00       		.byte	0
 361 0072 09       		.uleb128 0x9
 362 0073 2E       		.uleb128 0x2e
 363 0074 01       		.byte	0x1
 364 0075 3F       		.uleb128 0x3f
 365 0076 19       		.uleb128 0x19
 366 0077 03       		.uleb128 0x3
 367 0078 0E       		.uleb128 0xe
 368 0079 3A       		.uleb128 0x3a
 369 007a 0B       		.uleb128 0xb
 370 007b 3B       		.uleb128 0x3b
 371 007c 0B       		.uleb128 0xb
 372 007d 27       		.uleb128 0x27
ARM GAS  C:\Users\NGUYEN~1\AppData\Local\Temp\ccImfeQe.s 			page 8


 373 007e 19       		.uleb128 0x19
 374 007f 49       		.uleb128 0x49
 375 0080 13       		.uleb128 0x13
 376 0081 8701     		.uleb128 0x87
 377 0083 19       		.uleb128 0x19
 378 0084 11       		.uleb128 0x11
 379 0085 01       		.uleb128 0x1
 380 0086 12       		.uleb128 0x12
 381 0087 06       		.uleb128 0x6
 382 0088 40       		.uleb128 0x40
 383 0089 18       		.uleb128 0x18
 384 008a 9742     		.uleb128 0x2117
 385 008c 19       		.uleb128 0x19
 386 008d 01       		.uleb128 0x1
 387 008e 13       		.uleb128 0x13
 388 008f 00       		.byte	0
 389 0090 00       		.byte	0
 390 0091 0A       		.uleb128 0xa
 391 0092 2E       		.uleb128 0x2e
 392 0093 00       		.byte	0
 393 0094 3F       		.uleb128 0x3f
 394 0095 19       		.uleb128 0x19
 395 0096 3C       		.uleb128 0x3c
 396 0097 19       		.uleb128 0x19
 397 0098 6E       		.uleb128 0x6e
 398 0099 0E       		.uleb128 0xe
 399 009a 03       		.uleb128 0x3
 400 009b 0E       		.uleb128 0xe
 401 009c 3A       		.uleb128 0x3a
 402 009d 0B       		.uleb128 0xb
 403 009e 3B       		.uleb128 0x3b
 404 009f 0B       		.uleb128 0xb
 405 00a0 00       		.byte	0
 406 00a1 00       		.byte	0
 407 00a2 0B       		.uleb128 0xb
 408 00a3 2E       		.uleb128 0x2e
 409 00a4 00       		.byte	0
 410 00a5 3F       		.uleb128 0x3f
 411 00a6 19       		.uleb128 0x19
 412 00a7 3C       		.uleb128 0x3c
 413 00a8 19       		.uleb128 0x19
 414 00a9 6E       		.uleb128 0x6e
 415 00aa 0E       		.uleb128 0xe
 416 00ab 03       		.uleb128 0x3
 417 00ac 0E       		.uleb128 0xe
 418 00ad 3A       		.uleb128 0x3a
 419 00ae 0B       		.uleb128 0xb
 420 00af 3B       		.uleb128 0x3b
 421 00b0 05       		.uleb128 0x5
 422 00b1 00       		.byte	0
 423 00b2 00       		.byte	0
 424 00b3 00       		.byte	0
 425              		.section	.debug_aranges,"",%progbits
 426 0000 24000000 		.4byte	0x24
 427 0004 0200     		.2byte	0x2
 428 0006 00000000 		.4byte	.Ldebug_info0
 429 000a 04       		.byte	0x4
ARM GAS  C:\Users\NGUYEN~1\AppData\Local\Temp\ccImfeQe.s 			page 9


 430 000b 00       		.byte	0
 431 000c 0000     		.2byte	0
 432 000e 0000     		.2byte	0
 433 0010 00000000 		.4byte	.LFB32
 434 0014 16000000 		.4byte	.LFE32-.LFB32
 435 0018 00000000 		.4byte	.LFB33
 436 001c 14000000 		.4byte	.LFE33-.LFB33
 437 0020 00000000 		.4byte	0
 438 0024 00000000 		.4byte	0
 439              		.section	.debug_ranges,"",%progbits
 440              	.Ldebug_ranges0:
 441 0000 00000000 		.4byte	.LFB32
 442 0004 16000000 		.4byte	.LFE32
 443 0008 00000000 		.4byte	.LFB33
 444 000c 14000000 		.4byte	.LFE33
 445 0010 00000000 		.4byte	0
 446 0014 00000000 		.4byte	0
 447              		.section	.debug_line,"",%progbits
 448              	.Ldebug_line0:
 449 0000 A2000000 		.section	.debug_str,"MS",%progbits,1
 449      02007800 
 449      00000201 
 449      FB0E0D00 
 449      01010101 
 450              	.LASF6:
 451 0000 6C6F6E67 		.ascii	"long long int\000"
 451      206C6F6E 
 451      6720696E 
 451      7400
 452              	.LASF22:
 453 000e 75696E74 		.ascii	"uint32\000"
 453      333200
 454              	.LASF15:
 455 0015 6C656452 		.ascii	"ledRedd_Write\000"
 455      6564645F 
 455      57726974 
 455      6500
 456              	.LASF8:
 457 0023 756E7369 		.ascii	"unsigned int\000"
 457      676E6564 
 457      20696E74 
 457      00
 458              	.LASF20:
 459 0030 6D61696E 		.ascii	"main.c\000"
 459      2E6300
 460              	.LASF24:
 461 0037 6D61696E 		.ascii	"main\000"
 461      00
 462              	.LASF21:
 463 003c 443A5C70 		.ascii	"D:\\psoc\\theory\\counter\\counter.cydsn\000"
 463      736F635C 
 463      7468656F 
 463      72795C63 
 463      6F756E74 
 464              	.LASF16:
 465 0061 74696D65 		.ascii	"timer_counter_ClearInterrupt\000"
 465      725F636F 
ARM GAS  C:\Users\NGUYEN~1\AppData\Local\Temp\ccImfeQe.s 			page 10


 465      756E7465 
 465      725F436C 
 465      65617249 
 466              	.LASF5:
 467 007e 6C6F6E67 		.ascii	"long unsigned int\000"
 467      20756E73 
 467      69676E65 
 467      6420696E 
 467      7400
 468              	.LASF7:
 469 0090 6C6F6E67 		.ascii	"long long unsigned int\000"
 469      206C6F6E 
 469      6720756E 
 469      7369676E 
 469      65642069 
 470              	.LASF9:
 471 00a7 666C6F61 		.ascii	"float\000"
 471      7400
 472              	.LASF23:
 473 00ad 74696D65 		.ascii	"timer_counter_Int_Handler\000"
 473      725F636F 
 473      756E7465 
 473      725F496E 
 473      745F4861 
 474              	.LASF1:
 475 00c7 756E7369 		.ascii	"unsigned char\000"
 475      676E6564 
 475      20636861 
 475      7200
 476              	.LASF11:
 477 00d5 63686172 		.ascii	"char\000"
 477      00
 478              	.LASF4:
 479 00da 6C6F6E67 		.ascii	"long int\000"
 479      20696E74 
 479      00
 480              	.LASF14:
 481 00e3 6C656452 		.ascii	"ledRedd_Read\000"
 481      6564645F 
 481      52656164 
 481      00
 482              	.LASF10:
 483 00f0 646F7562 		.ascii	"double\000"
 483      6C6500
 484              	.LASF18:
 485 00f7 74696D65 		.ascii	"timer_counter_Int_StartEx\000"
 485      725F636F 
 485      756E7465 
 485      725F496E 
 485      745F5374 
 486              	.LASF17:
 487 0111 74696D65 		.ascii	"timer_counter_Start\000"
 487      725F636F 
 487      756E7465 
 487      725F5374 
 487      61727400 
 488              	.LASF19:
ARM GAS  C:\Users\NGUYEN~1\AppData\Local\Temp\ccImfeQe.s 			page 11


 489 0125 474E5520 		.ascii	"GNU C11 5.4.1 20160609 (release) [ARM/embedded-5-br"
 489      43313120 
 489      352E342E 
 489      31203230 
 489      31363036 
 490 0158 616E6368 		.ascii	"anch revision 237715] -mcpu=cortex-m0 -mthumb -g -O"
 490      20726576 
 490      6973696F 
 490      6E203233 
 490      37373135 
 491 018b 67202D66 		.ascii	"g -ffunction-sections -ffat-lto-objects\000"
 491      66756E63 
 491      74696F6E 
 491      2D736563 
 491      74696F6E 
 492              	.LASF3:
 493 01b3 73686F72 		.ascii	"short unsigned int\000"
 493      7420756E 
 493      7369676E 
 493      65642069 
 493      6E7400
 494              	.LASF0:
 495 01c6 7369676E 		.ascii	"signed char\000"
 495      65642063 
 495      68617200 
 496              	.LASF12:
 497 01d2 6C6F6E67 		.ascii	"long double\000"
 497      20646F75 
 497      626C6500 
 498              	.LASF2:
 499 01de 73686F72 		.ascii	"short int\000"
 499      7420696E 
 499      7400
 500              	.LASF13:
 501 01e8 73697A65 		.ascii	"sizetype\000"
 501      74797065 
 501      00
 502              		.ident	"GCC: (GNU Tools for ARM Embedded Processors) 5.4.1 20160609 (release) [ARM/embedded-5-bran
