ARM GAS  C:\Users\NGUYEN~1\AppData\Local\Temp\ccx7UQ8A.s 			page 1


   1              		.syntax unified
   2              		.cpu cortex-m0
   3              		.fpu softvfp
   4              		.eabi_attribute 20, 1
   5              		.eabi_attribute 21, 1
   6              		.eabi_attribute 23, 3
   7              		.eabi_attribute 24, 1
   8              		.eabi_attribute 25, 1
   9              		.eabi_attribute 26, 1
  10              		.eabi_attribute 30, 1
  11              		.eabi_attribute 34, 0
  12              		.eabi_attribute 18, 4
  13              		.thumb
  14              		.syntax unified
  15              		.file	"main.c"
  16              		.text
  17              	.Ltext0:
  18              		.cfi_sections	.debug_frame
  19              		.section	.text.main,"ax",%progbits
  20              		.align	2
  21              		.global	main
  22              		.code	16
  23              		.thumb_func
  24              		.type	main, %function
  25              	main:
  26              	.LFB32:
  27              		.file 1 "main.c"
   1:main.c        **** /* ========================================
   2:main.c        ****  *
   3:main.c        ****  * Copyright YOUR COMPANY, THE YEAR
   4:main.c        ****  * All Rights Reserved
   5:main.c        ****  * UNPUBLISHED, LICENSED SOFTWARE.
   6:main.c        ****  *
   7:main.c        ****  * CONFIDENTIAL AND PROPRIETARY INFORMATION
   8:main.c        ****  * WHICH IS THE PROPERTY OF your company.
   9:main.c        ****  *
  10:main.c        ****  * ========================================
  11:main.c        **** */
  12:main.c        **** #include "main.h"
  13:main.c        **** 
  14:main.c        **** int main(void)
  15:main.c        **** {
  28              		.loc 1 15 0
  29              		.cfi_startproc
  30              		@ Volatile: function does not return.
  31              		@ args = 0, pretend = 0, frame = 0
  32              		@ frame_needed = 0, uses_anonymous_args = 0
  33 0000 10B5     		push	{r4, lr}
  34              		.cfi_def_cfa_offset 8
  35              		.cfi_offset 4, -8
  36              		.cfi_offset 14, -4
  16:main.c        ****     CyGlobalIntEnable; /* Enable global interrupts. */
  37              		.loc 1 16 0
  38              		.syntax divided
  39              	@ 16 "main.c" 1
  40 0002 62B6     		CPSIE   i
  41              	@ 0 "" 2
ARM GAS  C:\Users\NGUYEN~1\AppData\Local\Temp\ccx7UQ8A.s 			page 2


  42              		.thumb
  43              		.syntax unified
  44              	.L2:
  17:main.c        **** 
  18:main.c        ****     /* Place your initialization/startup code here (e.g. MyInst_Start()) */
  19:main.c        **** 
  20:main.c        ****     for(;;)
  21:main.c        ****     {
  22:main.c        ****         /* Place your application code here. */
  23:main.c        ****         
  24:main.c        ****         
  25:main.c        ****         
  26:main.c        ****         
  27:main.c        ****         CyDelay(200);
  45              		.loc 1 27 0 discriminator 1
  46 0004 C820     		movs	r0, #200
  47 0006 FFF7FEFF 		bl	CyDelay
  48              	.LVL0:
  49 000a FBE7     		b	.L2
  50              		.cfi_endproc
  51              	.LFE32:
  52              		.size	main, .-main
  53              		.section	.text.init_System,"ax",%progbits
  54              		.align	2
  55              		.global	init_System
  56              		.code	16
  57              		.thumb_func
  58              		.type	init_System, %function
  59              	init_System:
  60              	.LFB33:
  28:main.c        ****     }
  29:main.c        **** }
  30:main.c        **** 
  31:main.c        **** void init_System()
  32:main.c        **** {
  61              		.loc 1 32 0
  62              		.cfi_startproc
  63              		@ args = 0, pretend = 0, frame = 0
  64              		@ frame_needed = 0, uses_anonymous_args = 0
  65 0000 10B5     		push	{r4, lr}
  66              		.cfi_def_cfa_offset 8
  67              		.cfi_offset 4, -8
  68              		.cfi_offset 14, -4
  33:main.c        ****     uart_Start();
  69              		.loc 1 33 0
  70 0002 FFF7FEFF 		bl	uart_Start
  71              	.LVL1:
  34:main.c        ****     
  35:main.c        ****     i2c_Start();   
  72              		.loc 1 35 0
  73 0006 FFF7FEFF 		bl	i2c_Start
  74              	.LVL2:
  36:main.c        **** }
  75              		.loc 1 36 0
  76              		@ sp needed
  77 000a 10BD     		pop	{r4, pc}
  78              		.cfi_endproc
ARM GAS  C:\Users\NGUYEN~1\AppData\Local\Temp\ccx7UQ8A.s 			page 3


  79              	.LFE33:
  80              		.size	init_System, .-init_System
  81              		.text
  82              	.Letext0:
  83              		.file 2 "Generated_Source\\PSoC4/CyLib.h"
  84              		.file 3 "Generated_Source\\PSoC4/uart.h"
  85              		.file 4 "Generated_Source\\PSoC4/i2c.h"
  86              		.section	.debug_info,"",%progbits
  87              	.Ldebug_info0:
  88 0000 FE000000 		.4byte	0xfe
  89 0004 0400     		.2byte	0x4
  90 0006 00000000 		.4byte	.Ldebug_abbrev0
  91 000a 04       		.byte	0x4
  92 000b 01       		.uleb128 0x1
  93 000c BA000000 		.4byte	.LASF17
  94 0010 0C       		.byte	0xc
  95 0011 25000000 		.4byte	.LASF18
  96 0015 7A000000 		.4byte	.LASF19
  97 0019 00000000 		.4byte	.Ldebug_ranges0+0
  98 001d 00000000 		.4byte	0
  99 0021 00000000 		.4byte	.Ldebug_line0
 100 0025 02       		.uleb128 0x2
 101 0026 01       		.byte	0x1
 102 0027 06       		.byte	0x6
 103 0028 5B010000 		.4byte	.LASF0
 104 002c 02       		.uleb128 0x2
 105 002d 01       		.byte	0x1
 106 002e 08       		.byte	0x8
 107 002f 97000000 		.4byte	.LASF1
 108 0033 02       		.uleb128 0x2
 109 0034 02       		.byte	0x2
 110 0035 05       		.byte	0x5
 111 0036 78010000 		.4byte	.LASF2
 112 003a 02       		.uleb128 0x2
 113 003b 02       		.byte	0x2
 114 003c 07       		.byte	0x7
 115 003d 48010000 		.4byte	.LASF3
 116 0041 02       		.uleb128 0x2
 117 0042 04       		.byte	0x4
 118 0043 05       		.byte	0x5
 119 0044 AA000000 		.4byte	.LASF4
 120 0048 02       		.uleb128 0x2
 121 0049 04       		.byte	0x4
 122 004a 07       		.byte	0x7
 123 004b 4B000000 		.4byte	.LASF5
 124 004f 02       		.uleb128 0x2
 125 0050 08       		.byte	0x8
 126 0051 05       		.byte	0x5
 127 0052 00000000 		.4byte	.LASF6
 128 0056 02       		.uleb128 0x2
 129 0057 08       		.byte	0x8
 130 0058 07       		.byte	0x7
 131 0059 5D000000 		.4byte	.LASF7
 132 005d 03       		.uleb128 0x3
 133 005e 04       		.byte	0x4
 134 005f 05       		.byte	0x5
 135 0060 696E7400 		.ascii	"int\000"
ARM GAS  C:\Users\NGUYEN~1\AppData\Local\Temp\ccx7UQ8A.s 			page 4


 136 0064 02       		.uleb128 0x2
 137 0065 04       		.byte	0x4
 138 0066 07       		.byte	0x7
 139 0067 18000000 		.4byte	.LASF8
 140 006b 02       		.uleb128 0x2
 141 006c 04       		.byte	0x4
 142 006d 04       		.byte	0x4
 143 006e 74000000 		.4byte	.LASF9
 144 0072 02       		.uleb128 0x2
 145 0073 08       		.byte	0x8
 146 0074 04       		.byte	0x4
 147 0075 B3000000 		.4byte	.LASF10
 148 0079 02       		.uleb128 0x2
 149 007a 01       		.byte	0x1
 150 007b 08       		.byte	0x8
 151 007c A5000000 		.4byte	.LASF11
 152 0080 02       		.uleb128 0x2
 153 0081 08       		.byte	0x8
 154 0082 04       		.byte	0x4
 155 0083 6C010000 		.4byte	.LASF12
 156 0087 02       		.uleb128 0x2
 157 0088 04       		.byte	0x4
 158 0089 07       		.byte	0x7
 159 008a 82010000 		.4byte	.LASF13
 160 008e 04       		.uleb128 0x4
 161 008f 67010000 		.4byte	.LASF20
 162 0093 01       		.byte	0x1
 163 0094 0E       		.byte	0xe
 164 0095 5D000000 		.4byte	0x5d
 165 0099 00000000 		.4byte	.LFB32
 166 009d 0C000000 		.4byte	.LFE32-.LFB32
 167 00a1 01       		.uleb128 0x1
 168 00a2 9C       		.byte	0x9c
 169 00a3 B8000000 		.4byte	0xb8
 170 00a7 05       		.uleb128 0x5
 171 00a8 0A000000 		.4byte	.LVL0
 172 00ac E0000000 		.4byte	0xe0
 173 00b0 06       		.uleb128 0x6
 174 00b1 01       		.uleb128 0x1
 175 00b2 50       		.byte	0x50
 176 00b3 02       		.uleb128 0x2
 177 00b4 08       		.byte	0x8
 178 00b5 C8       		.byte	0xc8
 179 00b6 00       		.byte	0
 180 00b7 00       		.byte	0
 181 00b8 07       		.uleb128 0x7
 182 00b9 2C000000 		.4byte	.LASF21
 183 00bd 01       		.byte	0x1
 184 00be 1F       		.byte	0x1f
 185 00bf 00000000 		.4byte	.LFB33
 186 00c3 0C000000 		.4byte	.LFE33-.LFB33
 187 00c7 01       		.uleb128 0x1
 188 00c8 9C       		.byte	0x9c
 189 00c9 E0000000 		.4byte	0xe0
 190 00cd 08       		.uleb128 0x8
 191 00ce 06000000 		.4byte	.LVL1
 192 00d2 EB000000 		.4byte	0xeb
ARM GAS  C:\Users\NGUYEN~1\AppData\Local\Temp\ccx7UQ8A.s 			page 5


 193 00d6 08       		.uleb128 0x8
 194 00d7 0A000000 		.4byte	.LVL2
 195 00db F6000000 		.4byte	0xf6
 196 00df 00       		.byte	0
 197 00e0 09       		.uleb128 0x9
 198 00e1 43000000 		.4byte	.LASF14
 199 00e5 43000000 		.4byte	.LASF14
 200 00e9 02       		.byte	0x2
 201 00ea EC       		.byte	0xec
 202 00eb 09       		.uleb128 0x9
 203 00ec 38000000 		.4byte	.LASF15
 204 00f0 38000000 		.4byte	.LASF15
 205 00f4 03       		.byte	0x3
 206 00f5 72       		.byte	0x72
 207 00f6 09       		.uleb128 0x9
 208 00f7 0E000000 		.4byte	.LASF16
 209 00fb 0E000000 		.4byte	.LASF16
 210 00ff 04       		.byte	0x4
 211 0100 72       		.byte	0x72
 212 0101 00       		.byte	0
 213              		.section	.debug_abbrev,"",%progbits
 214              	.Ldebug_abbrev0:
 215 0000 01       		.uleb128 0x1
 216 0001 11       		.uleb128 0x11
 217 0002 01       		.byte	0x1
 218 0003 25       		.uleb128 0x25
 219 0004 0E       		.uleb128 0xe
 220 0005 13       		.uleb128 0x13
 221 0006 0B       		.uleb128 0xb
 222 0007 03       		.uleb128 0x3
 223 0008 0E       		.uleb128 0xe
 224 0009 1B       		.uleb128 0x1b
 225 000a 0E       		.uleb128 0xe
 226 000b 55       		.uleb128 0x55
 227 000c 17       		.uleb128 0x17
 228 000d 11       		.uleb128 0x11
 229 000e 01       		.uleb128 0x1
 230 000f 10       		.uleb128 0x10
 231 0010 17       		.uleb128 0x17
 232 0011 00       		.byte	0
 233 0012 00       		.byte	0
 234 0013 02       		.uleb128 0x2
 235 0014 24       		.uleb128 0x24
 236 0015 00       		.byte	0
 237 0016 0B       		.uleb128 0xb
 238 0017 0B       		.uleb128 0xb
 239 0018 3E       		.uleb128 0x3e
 240 0019 0B       		.uleb128 0xb
 241 001a 03       		.uleb128 0x3
 242 001b 0E       		.uleb128 0xe
 243 001c 00       		.byte	0
 244 001d 00       		.byte	0
 245 001e 03       		.uleb128 0x3
 246 001f 24       		.uleb128 0x24
 247 0020 00       		.byte	0
 248 0021 0B       		.uleb128 0xb
 249 0022 0B       		.uleb128 0xb
ARM GAS  C:\Users\NGUYEN~1\AppData\Local\Temp\ccx7UQ8A.s 			page 6


 250 0023 3E       		.uleb128 0x3e
 251 0024 0B       		.uleb128 0xb
 252 0025 03       		.uleb128 0x3
 253 0026 08       		.uleb128 0x8
 254 0027 00       		.byte	0
 255 0028 00       		.byte	0
 256 0029 04       		.uleb128 0x4
 257 002a 2E       		.uleb128 0x2e
 258 002b 01       		.byte	0x1
 259 002c 3F       		.uleb128 0x3f
 260 002d 19       		.uleb128 0x19
 261 002e 03       		.uleb128 0x3
 262 002f 0E       		.uleb128 0xe
 263 0030 3A       		.uleb128 0x3a
 264 0031 0B       		.uleb128 0xb
 265 0032 3B       		.uleb128 0x3b
 266 0033 0B       		.uleb128 0xb
 267 0034 27       		.uleb128 0x27
 268 0035 19       		.uleb128 0x19
 269 0036 49       		.uleb128 0x49
 270 0037 13       		.uleb128 0x13
 271 0038 8701     		.uleb128 0x87
 272 003a 19       		.uleb128 0x19
 273 003b 11       		.uleb128 0x11
 274 003c 01       		.uleb128 0x1
 275 003d 12       		.uleb128 0x12
 276 003e 06       		.uleb128 0x6
 277 003f 40       		.uleb128 0x40
 278 0040 18       		.uleb128 0x18
 279 0041 9742     		.uleb128 0x2117
 280 0043 19       		.uleb128 0x19
 281 0044 01       		.uleb128 0x1
 282 0045 13       		.uleb128 0x13
 283 0046 00       		.byte	0
 284 0047 00       		.byte	0
 285 0048 05       		.uleb128 0x5
 286 0049 898201   		.uleb128 0x4109
 287 004c 01       		.byte	0x1
 288 004d 11       		.uleb128 0x11
 289 004e 01       		.uleb128 0x1
 290 004f 31       		.uleb128 0x31
 291 0050 13       		.uleb128 0x13
 292 0051 00       		.byte	0
 293 0052 00       		.byte	0
 294 0053 06       		.uleb128 0x6
 295 0054 8A8201   		.uleb128 0x410a
 296 0057 00       		.byte	0
 297 0058 02       		.uleb128 0x2
 298 0059 18       		.uleb128 0x18
 299 005a 9142     		.uleb128 0x2111
 300 005c 18       		.uleb128 0x18
 301 005d 00       		.byte	0
 302 005e 00       		.byte	0
 303 005f 07       		.uleb128 0x7
 304 0060 2E       		.uleb128 0x2e
 305 0061 01       		.byte	0x1
 306 0062 3F       		.uleb128 0x3f
ARM GAS  C:\Users\NGUYEN~1\AppData\Local\Temp\ccx7UQ8A.s 			page 7


 307 0063 19       		.uleb128 0x19
 308 0064 03       		.uleb128 0x3
 309 0065 0E       		.uleb128 0xe
 310 0066 3A       		.uleb128 0x3a
 311 0067 0B       		.uleb128 0xb
 312 0068 3B       		.uleb128 0x3b
 313 0069 0B       		.uleb128 0xb
 314 006a 11       		.uleb128 0x11
 315 006b 01       		.uleb128 0x1
 316 006c 12       		.uleb128 0x12
 317 006d 06       		.uleb128 0x6
 318 006e 40       		.uleb128 0x40
 319 006f 18       		.uleb128 0x18
 320 0070 9742     		.uleb128 0x2117
 321 0072 19       		.uleb128 0x19
 322 0073 01       		.uleb128 0x1
 323 0074 13       		.uleb128 0x13
 324 0075 00       		.byte	0
 325 0076 00       		.byte	0
 326 0077 08       		.uleb128 0x8
 327 0078 898201   		.uleb128 0x4109
 328 007b 00       		.byte	0
 329 007c 11       		.uleb128 0x11
 330 007d 01       		.uleb128 0x1
 331 007e 31       		.uleb128 0x31
 332 007f 13       		.uleb128 0x13
 333 0080 00       		.byte	0
 334 0081 00       		.byte	0
 335 0082 09       		.uleb128 0x9
 336 0083 2E       		.uleb128 0x2e
 337 0084 00       		.byte	0
 338 0085 3F       		.uleb128 0x3f
 339 0086 19       		.uleb128 0x19
 340 0087 3C       		.uleb128 0x3c
 341 0088 19       		.uleb128 0x19
 342 0089 6E       		.uleb128 0x6e
 343 008a 0E       		.uleb128 0xe
 344 008b 03       		.uleb128 0x3
 345 008c 0E       		.uleb128 0xe
 346 008d 3A       		.uleb128 0x3a
 347 008e 0B       		.uleb128 0xb
 348 008f 3B       		.uleb128 0x3b
 349 0090 0B       		.uleb128 0xb
 350 0091 00       		.byte	0
 351 0092 00       		.byte	0
 352 0093 00       		.byte	0
 353              		.section	.debug_aranges,"",%progbits
 354 0000 24000000 		.4byte	0x24
 355 0004 0200     		.2byte	0x2
 356 0006 00000000 		.4byte	.Ldebug_info0
 357 000a 04       		.byte	0x4
 358 000b 00       		.byte	0
 359 000c 0000     		.2byte	0
 360 000e 0000     		.2byte	0
 361 0010 00000000 		.4byte	.LFB32
 362 0014 0C000000 		.4byte	.LFE32-.LFB32
 363 0018 00000000 		.4byte	.LFB33
ARM GAS  C:\Users\NGUYEN~1\AppData\Local\Temp\ccx7UQ8A.s 			page 8


 364 001c 0C000000 		.4byte	.LFE33-.LFB33
 365 0020 00000000 		.4byte	0
 366 0024 00000000 		.4byte	0
 367              		.section	.debug_ranges,"",%progbits
 368              	.Ldebug_ranges0:
 369 0000 00000000 		.4byte	.LFB32
 370 0004 0C000000 		.4byte	.LFE32
 371 0008 00000000 		.4byte	.LFB33
 372 000c 0C000000 		.4byte	.LFE33
 373 0010 00000000 		.4byte	0
 374 0014 00000000 		.4byte	0
 375              		.section	.debug_line,"",%progbits
 376              	.Ldebug_line0:
 377 0000 81000000 		.section	.debug_str,"MS",%progbits,1
 377      02005200 
 377      00000201 
 377      FB0E0D00 
 377      01010101 
 378              	.LASF6:
 379 0000 6C6F6E67 		.ascii	"long long int\000"
 379      206C6F6E 
 379      6720696E 
 379      7400
 380              	.LASF16:
 381 000e 6932635F 		.ascii	"i2c_Start\000"
 381      53746172 
 381      7400
 382              	.LASF8:
 383 0018 756E7369 		.ascii	"unsigned int\000"
 383      676E6564 
 383      20696E74 
 383      00
 384              	.LASF18:
 385 0025 6D61696E 		.ascii	"main.c\000"
 385      2E6300
 386              	.LASF21:
 387 002c 696E6974 		.ascii	"init_System\000"
 387      5F537973 
 387      74656D00 
 388              	.LASF15:
 389 0038 75617274 		.ascii	"uart_Start\000"
 389      5F537461 
 389      727400
 390              	.LASF14:
 391 0043 43794465 		.ascii	"CyDelay\000"
 391      6C617900 
 392              	.LASF5:
 393 004b 6C6F6E67 		.ascii	"long unsigned int\000"
 393      20756E73 
 393      69676E65 
 393      6420696E 
 393      7400
 394              	.LASF7:
 395 005d 6C6F6E67 		.ascii	"long long unsigned int\000"
 395      206C6F6E 
 395      6720756E 
 395      7369676E 
ARM GAS  C:\Users\NGUYEN~1\AppData\Local\Temp\ccx7UQ8A.s 			page 9


 395      65642069 
 396              	.LASF9:
 397 0074 666C6F61 		.ascii	"float\000"
 397      7400
 398              	.LASF19:
 399 007a 443A5C70 		.ascii	"D:\\psoc\\theory\\i2c\\i2c.cydsn\000"
 399      736F635C 
 399      7468656F 
 399      72795C69 
 399      32635C69 
 400              	.LASF1:
 401 0097 756E7369 		.ascii	"unsigned char\000"
 401      676E6564 
 401      20636861 
 401      7200
 402              	.LASF11:
 403 00a5 63686172 		.ascii	"char\000"
 403      00
 404              	.LASF4:
 405 00aa 6C6F6E67 		.ascii	"long int\000"
 405      20696E74 
 405      00
 406              	.LASF10:
 407 00b3 646F7562 		.ascii	"double\000"
 407      6C6500
 408              	.LASF17:
 409 00ba 474E5520 		.ascii	"GNU C11 5.4.1 20160609 (release) [ARM/embedded-5-br"
 409      43313120 
 409      352E342E 
 409      31203230 
 409      31363036 
 410 00ed 616E6368 		.ascii	"anch revision 237715] -mcpu=cortex-m0 -mthumb -g -O"
 410      20726576 
 410      6973696F 
 410      6E203233 
 410      37373135 
 411 0120 67202D66 		.ascii	"g -ffunction-sections -ffat-lto-objects\000"
 411      66756E63 
 411      74696F6E 
 411      2D736563 
 411      74696F6E 
 412              	.LASF3:
 413 0148 73686F72 		.ascii	"short unsigned int\000"
 413      7420756E 
 413      7369676E 
 413      65642069 
 413      6E7400
 414              	.LASF0:
 415 015b 7369676E 		.ascii	"signed char\000"
 415      65642063 
 415      68617200 
 416              	.LASF20:
 417 0167 6D61696E 		.ascii	"main\000"
 417      00
 418              	.LASF12:
 419 016c 6C6F6E67 		.ascii	"long double\000"
 419      20646F75 
ARM GAS  C:\Users\NGUYEN~1\AppData\Local\Temp\ccx7UQ8A.s 			page 10


 419      626C6500 
 420              	.LASF2:
 421 0178 73686F72 		.ascii	"short int\000"
 421      7420696E 
 421      7400
 422              	.LASF13:
 423 0182 73697A65 		.ascii	"sizetype\000"
 423      74797065 
 423      00
 424              		.ident	"GCC: (GNU Tools for ARM Embedded Processors) 5.4.1 20160609 (release) [ARM/embedded-5-bran
