ARM GAS  C:\Users\NGUYEN~1\AppData\Local\Temp\cc0CIE5M.s 			page 1


   1              		.syntax unified
   2              		.cpu cortex-m0
   3              		.fpu softvfp
   4              		.eabi_attribute 20, 1
   5              		.eabi_attribute 21, 1
   6              		.eabi_attribute 23, 3
   7              		.eabi_attribute 24, 1
   8              		.eabi_attribute 25, 1
   9              		.eabi_attribute 26, 1
  10              		.eabi_attribute 30, 1
  11              		.eabi_attribute 34, 0
  12              		.eabi_attribute 18, 4
  13              		.thumb
  14              		.syntax unified
  15              		.file	"rtc_ds1307.c"
  16              		.text
  17              	.Ltext0:
  18              		.cfi_sections	.debug_frame
  19              		.section	.text.BCD_Convert_DEC,"ax",%progbits
  20              		.align	2
  21              		.global	BCD_Convert_DEC
  22              		.code	16
  23              		.thumb_func
  24              		.type	BCD_Convert_DEC, %function
  25              	BCD_Convert_DEC:
  26              	.LFB33:
  27              		.file 1 "rtc_ds1307.c"
   1:rtc_ds1307.c  **** /* ========================================
   2:rtc_ds1307.c  ****  *
   3:rtc_ds1307.c  ****  * Copyright YOUR COMPANY, THE YEAR
   4:rtc_ds1307.c  ****  * All Rights Reserved
   5:rtc_ds1307.c  ****  * UNPUBLISHED, LICENSED SOFTWARE.
   6:rtc_ds1307.c  ****  *
   7:rtc_ds1307.c  ****  * CONFIDENTIAL AND PROPRIETARY INFORMATION
   8:rtc_ds1307.c  ****  * WHICH IS THE PROPERTY OF your company.
   9:rtc_ds1307.c  ****  *
  10:rtc_ds1307.c  ****  * ========================================
  11:rtc_ds1307.c  **** */
  12:rtc_ds1307.c  ****     #include "rtc_ds1307.h"
  13:rtc_ds1307.c  ****     
  14:rtc_ds1307.c  ****     
  15:rtc_ds1307.c  ****     int BCD_Convert_DEC(int BCD)
  16:rtc_ds1307.c  ****     {
  28              		.loc 1 16 0
  29              		.cfi_startproc
  30              		@ args = 0, pretend = 0, frame = 0
  31              		@ frame_needed = 0, uses_anonymous_args = 0
  32              		@ link register save eliminated.
  33              	.LVL0:
  34 0000 0300     		movs	r3, r0
  17:rtc_ds1307.c  ****         int low, hight;
  18:rtc_ds1307.c  ****         low = BCD & 0x0F;
  35              		.loc 1 18 0
  36 0002 0F20     		movs	r0, #15
  37              	.LVL1:
  38 0004 1840     		ands	r0, r3
  39              	.LVL2:
ARM GAS  C:\Users\NGUYEN~1\AppData\Local\Temp\cc0CIE5M.s 			page 2


  19:rtc_ds1307.c  ****         hight = (BCD>>4)*10;
  40              		.loc 1 19 0
  41 0006 1B11     		asrs	r3, r3, #4
  42              	.LVL3:
  43 0008 9A00     		lsls	r2, r3, #2
  44 000a D318     		adds	r3, r2, r3
  45 000c 5A00     		lsls	r2, r3, #1
  46              	.LVL4:
  20:rtc_ds1307.c  ****         return (hight+low);
  47              		.loc 1 20 0
  48 000e 8018     		adds	r0, r0, r2
  49              	.LVL5:
  21:rtc_ds1307.c  ****     }
  50              		.loc 1 21 0
  51              		@ sp needed
  52 0010 7047     		bx	lr
  53              		.cfi_endproc
  54              	.LFE33:
  55              		.size	BCD_Convert_DEC, .-BCD_Convert_DEC
  56              		.global	__aeabi_idivmod
  57              		.global	__aeabi_idiv
  58 0012 C046     		.section	.text.DEC_Convert_BCD,"ax",%progbits
  59              		.align	2
  60              		.global	DEC_Convert_BCD
  61              		.code	16
  62              		.thumb_func
  63              		.type	DEC_Convert_BCD, %function
  64              	DEC_Convert_BCD:
  65              	.LFB34:
  22:rtc_ds1307.c  ****     
  23:rtc_ds1307.c  ****     int DEC_Convert_BCD(int DEC)
  24:rtc_ds1307.c  ****     {
  66              		.loc 1 24 0
  67              		.cfi_startproc
  68              		@ args = 0, pretend = 0, frame = 0
  69              		@ frame_needed = 0, uses_anonymous_args = 0
  70              	.LVL6:
  71 0000 70B5     		push	{r4, r5, r6, lr}
  72              		.cfi_def_cfa_offset 16
  73              		.cfi_offset 4, -16
  74              		.cfi_offset 5, -12
  75              		.cfi_offset 6, -8
  76              		.cfi_offset 14, -4
  77 0002 0400     		movs	r4, r0
  25:rtc_ds1307.c  ****         int low, hight;
  26:rtc_ds1307.c  ****         low = DEC%10;
  78              		.loc 1 26 0
  79 0004 0A21     		movs	r1, #10
  80 0006 FFF7FEFF 		bl	__aeabi_idivmod
  81              	.LVL7:
  82 000a 0D00     		movs	r5, r1
  83              	.LVL8:
  27:rtc_ds1307.c  ****         hight = (DEC/10)<<4;
  84              		.loc 1 27 0
  85 000c 0A21     		movs	r1, #10
  86              	.LVL9:
  87 000e 2000     		movs	r0, r4
ARM GAS  C:\Users\NGUYEN~1\AppData\Local\Temp\cc0CIE5M.s 			page 3


  88 0010 FFF7FEFF 		bl	__aeabi_idiv
  89              	.LVL10:
  90 0014 0001     		lsls	r0, r0, #4
  91              	.LVL11:
  28:rtc_ds1307.c  ****         return (hight+low);
  92              		.loc 1 28 0
  93 0016 2818     		adds	r0, r5, r0
  94              	.LVL12:
  29:rtc_ds1307.c  ****     }
  95              		.loc 1 29 0
  96              		@ sp needed
  97              	.LVL13:
  98              	.LVL14:
  99 0018 70BD     		pop	{r4, r5, r6, pc}
 100              		.cfi_endproc
 101              	.LFE34:
 102              		.size	DEC_Convert_BCD, .-DEC_Convert_BCD
 103 001a C046     		.section	.text.dislayTime,"ax",%progbits
 104              		.align	2
 105              		.global	dislayTime
 106              		.code	16
 107              		.thumb_func
 108              		.type	dislayTime, %function
 109              	dislayTime:
 110              	.LFB35:
  30:rtc_ds1307.c  ****     
  31:rtc_ds1307.c  ****     //void dislayTime(int hour, int minute, int second, int dayOfWeek, int day, int month, int year
  32:rtc_ds1307.c  ****     void dislayTime(ds1307_struct rtc)
  33:rtc_ds1307.c  ****     {
 111              		.loc 1 33 0
 112              		.cfi_startproc
 113              		@ args = 0, pretend = 0, frame = 40
 114              		@ frame_needed = 0, uses_anonymous_args = 0
 115 0000 30B5     		push	{r4, r5, lr}
 116              		.cfi_def_cfa_offset 12
 117              		.cfi_offset 4, -12
 118              		.cfi_offset 5, -8
 119              		.cfi_offset 14, -4
 120 0002 97B0     		sub	sp, sp, #92
 121              		.cfi_def_cfa_offset 104
 122 0004 040E     		lsrs	r4, r0, #24
 123 0006 0C90     		str	r0, [sp, #48]
 124 0008 0D91     		str	r1, [sp, #52]
  34:rtc_ds1307.c  ****         char time[25] = {'\0'};
 125              		.loc 1 34 0
 126 000a 1922     		movs	r2, #25
 127 000c 0021     		movs	r1, #0
 128 000e 0FA8     		add	r0, sp, #60
 129 0010 FFF7FEFF 		bl	memset
 130              	.LVL15:
  35:rtc_ds1307.c  ****         char dayOfWeeks[4] = {'\0'};
 131              		.loc 1 35 0
 132 0014 0023     		movs	r3, #0
 133 0016 0E93     		str	r3, [sp, #56]
  36:rtc_ds1307.c  ****         
  37:rtc_ds1307.c  ****         switch(rtc.dayWeek)
 134              		.loc 1 37 0
ARM GAS  C:\Users\NGUYEN~1\AppData\Local\Temp\cc0CIE5M.s 			page 4


 135 0018 E0B2     		uxtb	r0, r4
 136 001a 0728     		cmp	r0, #7
 137 001c 1ED8     		bhi	.L4
 138 001e 8000     		lsls	r0, r0, #2
 139 0020 1E4B     		ldr	r3, .L13
 140 0022 1B58     		ldr	r3, [r3, r0]
 141 0024 9F46     		mov	pc, r3
 142              		.section	.rodata
 143              		.align	2
 144              	.L6:
 145 0000 5C000000 		.word	.L4
 146 0004 26000000 		.word	.L5
 147 0008 2E000000 		.word	.L7
 148 000c 36000000 		.word	.L8
 149 0010 3E000000 		.word	.L9
 150 0014 46000000 		.word	.L10
 151 0018 4E000000 		.word	.L11
 152 001c 56000000 		.word	.L12
 153              		.section	.text.dislayTime
 154              	.L5:
  38:rtc_ds1307.c  ****         {
  39:rtc_ds1307.c  ****             case 1:
  40:rtc_ds1307.c  ****                 strcpy(dayOfWeeks, "Sun\0");
 155              		.loc 1 40 0
 156 0026 1E4B     		ldr	r3, .L13+4
 157 0028 1B68     		ldr	r3, [r3]
 158 002a 0E93     		str	r3, [sp, #56]
  41:rtc_ds1307.c  ****                 break;
 159              		.loc 1 41 0
 160 002c 16E0     		b	.L4
 161              	.L7:
  42:rtc_ds1307.c  ****             case 2: 
  43:rtc_ds1307.c  ****                 strcpy(dayOfWeeks, "Mon\0");
 162              		.loc 1 43 0
 163 002e 1C4B     		ldr	r3, .L13+4
 164 0030 9B68     		ldr	r3, [r3, #8]
 165 0032 0E93     		str	r3, [sp, #56]
  44:rtc_ds1307.c  ****                 break;
 166              		.loc 1 44 0
 167 0034 12E0     		b	.L4
 168              	.L8:
  45:rtc_ds1307.c  ****             case 3: 
  46:rtc_ds1307.c  ****                 strcpy(dayOfWeeks, "Tue\0");
 169              		.loc 1 46 0
 170 0036 1A4B     		ldr	r3, .L13+4
 171 0038 1B69     		ldr	r3, [r3, #16]
 172 003a 0E93     		str	r3, [sp, #56]
  47:rtc_ds1307.c  ****                 break;                
 173              		.loc 1 47 0
 174 003c 0EE0     		b	.L4
 175              	.L9:
  48:rtc_ds1307.c  ****             case 4: 
  49:rtc_ds1307.c  ****                 strcpy(dayOfWeeks, "Web\0");
 176              		.loc 1 49 0
 177 003e 184B     		ldr	r3, .L13+4
 178 0040 9B69     		ldr	r3, [r3, #24]
 179 0042 0E93     		str	r3, [sp, #56]
ARM GAS  C:\Users\NGUYEN~1\AppData\Local\Temp\cc0CIE5M.s 			page 5


  50:rtc_ds1307.c  ****                 break;
 180              		.loc 1 50 0
 181 0044 0AE0     		b	.L4
 182              	.L10:
  51:rtc_ds1307.c  ****             case 5: 
  52:rtc_ds1307.c  ****                 strcpy(dayOfWeeks, "Thu\0");
 183              		.loc 1 52 0
 184 0046 164B     		ldr	r3, .L13+4
 185 0048 1B6A     		ldr	r3, [r3, #32]
 186 004a 0E93     		str	r3, [sp, #56]
  53:rtc_ds1307.c  ****                 break;
 187              		.loc 1 53 0
 188 004c 06E0     		b	.L4
 189              	.L11:
  54:rtc_ds1307.c  ****             case 6: 
  55:rtc_ds1307.c  ****                 strcpy(dayOfWeeks, "Fri\0");
 190              		.loc 1 55 0
 191 004e 144B     		ldr	r3, .L13+4
 192 0050 9B6A     		ldr	r3, [r3, #40]
 193 0052 0E93     		str	r3, [sp, #56]
  56:rtc_ds1307.c  ****                 break;
 194              		.loc 1 56 0
 195 0054 02E0     		b	.L4
 196              	.L12:
  57:rtc_ds1307.c  ****             case 7: 
  58:rtc_ds1307.c  ****                 strcpy(dayOfWeeks, "Sat\0");
 197              		.loc 1 58 0
 198 0056 124B     		ldr	r3, .L13+4
 199 0058 1B6B     		ldr	r3, [r3, #48]
 200 005a 0E93     		str	r3, [sp, #56]
 201              	.L4:
  59:rtc_ds1307.c  ****                 break;                           
  60:rtc_ds1307.c  ****         }
  61:rtc_ds1307.c  ****             
  62:rtc_ds1307.c  ****         
  63:rtc_ds1307.c  ****         sprintf(time, "%d%c%d%c%d %c %s %c %d%c%d%c%d", rtc.hour, ':', rtc.min, ':', rtc.sec, ' ',d
 202              		.loc 1 63 0
 203 005c 0CAB     		add	r3, sp, #48
 204 005e 9A78     		ldrb	r2, [r3, #2]
 205 0060 5978     		ldrb	r1, [r3, #1]
 206 0062 1878     		ldrb	r0, [r3]
 207 0064 1C79     		ldrb	r4, [r3, #4]
 208 0066 5D79     		ldrb	r5, [r3, #5]
 209 0068 DB88     		ldrh	r3, [r3, #6]
 210 006a 0A93     		str	r3, [sp, #40]
 211 006c 2F23     		movs	r3, #47
 212 006e 0993     		str	r3, [sp, #36]
 213 0070 0895     		str	r5, [sp, #32]
 214 0072 0793     		str	r3, [sp, #28]
 215 0074 0694     		str	r4, [sp, #24]
 216 0076 0F3B     		subs	r3, r3, #15
 217 0078 0593     		str	r3, [sp, #20]
 218 007a 0EAC     		add	r4, sp, #56
 219 007c 0494     		str	r4, [sp, #16]
 220 007e 0393     		str	r3, [sp, #12]
 221 0080 0290     		str	r0, [sp, #8]
 222 0082 1A33     		adds	r3, r3, #26
ARM GAS  C:\Users\NGUYEN~1\AppData\Local\Temp\cc0CIE5M.s 			page 6


 223 0084 0193     		str	r3, [sp, #4]
 224 0086 0091     		str	r1, [sp]
 225 0088 0649     		ldr	r1, .L13+8
 226 008a 0FA8     		add	r0, sp, #60
 227 008c FFF7FEFF 		bl	sprintf
 228              	.LVL16:
  64:rtc_ds1307.c  ****         
  65:rtc_ds1307.c  ****         uart_UartPutString( time );
 229              		.loc 1 65 0
 230 0090 0FA8     		add	r0, sp, #60
 231 0092 FFF7FEFF 		bl	uart_UartPutString
 232              	.LVL17:
  66:rtc_ds1307.c  ****     }
 233              		.loc 1 66 0
 234 0096 17B0     		add	sp, sp, #92
 235              		@ sp needed
 236 0098 30BD     		pop	{r4, r5, pc}
 237              	.L14:
 238 009a C046     		.align	2
 239              	.L13:
 240 009c 00000000 		.word	.L6
 241 00a0 20000000 		.word	.LANCHOR0
 242 00a4 00000000 		.word	.LC9
 243              		.cfi_endproc
 244              	.LFE35:
 245              		.size	dislayTime, .-dislayTime
 246              		.section	.text.readRtc,"ax",%progbits
 247              		.align	2
 248              		.global	readRtc
 249              		.code	16
 250              		.thumb_func
 251              		.type	readRtc, %function
 252              	readRtc:
 253              	.LFB36:
  67:rtc_ds1307.c  ****     
  68:rtc_ds1307.c  ****     void readRtc()
  69:rtc_ds1307.c  ****     {
 254              		.loc 1 69 0
 255              		.cfi_startproc
 256              		@ args = 0, pretend = 0, frame = 0
 257              		@ frame_needed = 0, uses_anonymous_args = 0
 258              		@ link register save eliminated.
  70:rtc_ds1307.c  ****          
  71:rtc_ds1307.c  ****     }
 259              		.loc 1 71 0
 260              		@ sp needed
 261 0000 7047     		bx	lr
 262              		.cfi_endproc
 263              	.LFE36:
 264              		.size	readRtc, .-readRtc
 265 0002 C046     		.section	.text.writeRtc,"ax",%progbits
 266              		.align	2
 267              		.global	writeRtc
 268              		.code	16
 269              		.thumb_func
 270              		.type	writeRtc, %function
 271              	writeRtc:
ARM GAS  C:\Users\NGUYEN~1\AppData\Local\Temp\cc0CIE5M.s 			page 7


 272              	.LFB37:
  72:rtc_ds1307.c  ****     
  73:rtc_ds1307.c  ****     void writeRtc(ds1307_struct rtc)
  74:rtc_ds1307.c  ****     {
 273              		.loc 1 74 0
 274              		.cfi_startproc
 275              		@ args = 0, pretend = 0, frame = 8
 276              		@ frame_needed = 0, uses_anonymous_args = 0
 277              		@ link register save eliminated.
 278 0000 82B0     		sub	sp, sp, #8
 279              		.cfi_def_cfa_offset 8
  75:rtc_ds1307.c  ****         char rxData[8] = {'\0'};
  76:rtc_ds1307.c  ****         
  77:rtc_ds1307.c  ****         rxData[0] = 0;
  78:rtc_ds1307.c  ****         rxData[1] = DEC_Convert_BCD(rtc.sec);
  79:rtc_ds1307.c  ****         rxData[2] = DEC_Convert_BCD(rtc.min);
  80:rtc_ds1307.c  ****         rxData[3] = DEC_Convert_BCD(rtc.hour);  //24h mode
  81:rtc_ds1307.c  ****         rxData[4] = DEC_Convert_BCD(rtc.dayWeek);
  82:rtc_ds1307.c  ****         rxData[5] = DEC_Convert_BCD(rtc.date);
  83:rtc_ds1307.c  ****         rxData[6] = DEC_Convert_BCD(rtc.month);
  84:rtc_ds1307.c  ****         rxData[7] = DEC_Convert_BCD(rtc.year);
  85:rtc_ds1307.c  ****         rxData[8] = 0x93;
  86:rtc_ds1307.c  ****         
  87:rtc_ds1307.c  ****         
  88:rtc_ds1307.c  ****         
  89:rtc_ds1307.c  ****     }
 280              		.loc 1 89 0
 281 0002 02B0     		add	sp, sp, #8
 282              		@ sp needed
 283 0004 7047     		bx	lr
 284              		.cfi_endproc
 285              	.LFE37:
 286              		.size	writeRtc, .-writeRtc
 287 0006 C046     		.section	.rodata
 288              		.align	2
 289              		.set	.LANCHOR0,. + 0
 290              	.LC1:
 291 0020 53756E00 		.ascii	"Sun\000\000"
 291      00
 292 0025 000000   		.space	3
 293              	.LC3:
 294 0028 4D6F6E00 		.ascii	"Mon\000\000"
 294      00
 295 002d 000000   		.space	3
 296              	.LC4:
 297 0030 54756500 		.ascii	"Tue\000\000"
 297      00
 298 0035 000000   		.space	3
 299              	.LC5:
 300 0038 57656200 		.ascii	"Web\000\000"
 300      00
 301 003d 000000   		.space	3
 302              	.LC6:
 303 0040 54687500 		.ascii	"Thu\000\000"
 303      00
 304 0045 000000   		.space	3
 305              	.LC7:
ARM GAS  C:\Users\NGUYEN~1\AppData\Local\Temp\cc0CIE5M.s 			page 8


 306 0048 46726900 		.ascii	"Fri\000\000"
 306      00
 307 004d 000000   		.space	3
 308              	.LC8:
 309 0050 53617400 		.ascii	"Sat\000\000"
 309      00
 310              		.section	.rodata.str1.4,"aMS",%progbits,1
 311              		.align	2
 312              	.LC9:
 313 0000 25642563 		.ascii	"%d%c%d%c%d %c %s %c %d%c%d%c%d\000"
 313      25642563 
 313      25642025 
 313      63202573 
 313      20256320 
 314              		.text
 315              	.Letext0:
 316              		.file 2 "c:\\program files (x86)\\cypress\\psoc creator\\4.4\\psoc creator\\import\\gnu\\arm\\5.4.
 317              		.file 3 "c:\\program files (x86)\\cypress\\psoc creator\\4.4\\psoc creator\\import\\gnu\\arm\\5.4.
 318              		.file 4 "rtc_ds1307.h"
 319              		.file 5 "c:\\program files (x86)\\cypress\\psoc creator\\4.4\\psoc creator\\import\\gnu\\arm\\5.4.
 320              		.file 6 "Generated_Source\\PSoC4/uart_SPI_UART.h"
 321              		.section	.debug_info,"",%progbits
 322              	.Ldebug_info0:
 323 0000 09030000 		.4byte	0x309
 324 0004 0400     		.2byte	0x4
 325 0006 00000000 		.4byte	.Ldebug_abbrev0
 326 000a 04       		.byte	0x4
 327 000b 01       		.uleb128 0x1
 328 000c 11010000 		.4byte	.LASF33
 329 0010 0C       		.byte	0xc
 330 0011 AD000000 		.4byte	.LASF34
 331 0015 12020000 		.4byte	.LASF35
 332 0019 00000000 		.4byte	.Ldebug_ranges0+0
 333 001d 00000000 		.4byte	0
 334 0021 00000000 		.4byte	.Ldebug_line0
 335 0025 02       		.uleb128 0x2
 336 0026 01       		.byte	0x1
 337 0027 06       		.byte	0x6
 338 0028 06020000 		.4byte	.LASF0
 339 002c 03       		.uleb128 0x3
 340 002d 00000000 		.4byte	.LASF3
 341 0031 02       		.byte	0x2
 342 0032 1D       		.byte	0x1d
 343 0033 37000000 		.4byte	0x37
 344 0037 02       		.uleb128 0x2
 345 0038 01       		.byte	0x1
 346 0039 08       		.byte	0x8
 347 003a BA000000 		.4byte	.LASF1
 348 003e 02       		.uleb128 0x2
 349 003f 02       		.byte	0x2
 350 0040 05       		.byte	0x5
 351 0041 CE010000 		.4byte	.LASF2
 352 0045 03       		.uleb128 0x3
 353 0046 9B000000 		.4byte	.LASF4
 354 004a 02       		.byte	0x2
 355 004b 2B       		.byte	0x2b
 356 004c 50000000 		.4byte	0x50
ARM GAS  C:\Users\NGUYEN~1\AppData\Local\Temp\cc0CIE5M.s 			page 9


 357 0050 02       		.uleb128 0x2
 358 0051 02       		.byte	0x2
 359 0052 07       		.byte	0x7
 360 0053 4E000000 		.4byte	.LASF5
 361 0057 02       		.uleb128 0x2
 362 0058 04       		.byte	0x4
 363 0059 05       		.byte	0x5
 364 005a E1010000 		.4byte	.LASF6
 365 005e 02       		.uleb128 0x2
 366 005f 04       		.byte	0x4
 367 0060 07       		.byte	0x7
 368 0061 3C000000 		.4byte	.LASF7
 369 0065 02       		.uleb128 0x2
 370 0066 08       		.byte	0x8
 371 0067 05       		.byte	0x5
 372 0068 B3010000 		.4byte	.LASF8
 373 006c 02       		.uleb128 0x2
 374 006d 08       		.byte	0x8
 375 006e 07       		.byte	0x7
 376 006f E0000000 		.4byte	.LASF9
 377 0073 04       		.uleb128 0x4
 378 0074 04       		.byte	0x4
 379 0075 05       		.byte	0x5
 380 0076 696E7400 		.ascii	"int\000"
 381 007a 02       		.uleb128 0x2
 382 007b 04       		.byte	0x4
 383 007c 07       		.byte	0x7
 384 007d C8000000 		.4byte	.LASF10
 385 0081 03       		.uleb128 0x3
 386 0082 F7000000 		.4byte	.LASF11
 387 0086 03       		.byte	0x3
 388 0087 18       		.byte	0x18
 389 0088 2C000000 		.4byte	0x2c
 390 008c 03       		.uleb128 0x3
 391 008d D8010000 		.4byte	.LASF12
 392 0091 03       		.byte	0x3
 393 0092 24       		.byte	0x24
 394 0093 45000000 		.4byte	0x45
 395 0097 02       		.uleb128 0x2
 396 0098 04       		.byte	0x4
 397 0099 04       		.byte	0x4
 398 009a 29000000 		.4byte	.LASF13
 399 009e 02       		.uleb128 0x2
 400 009f 08       		.byte	0x8
 401 00a0 04       		.byte	0x4
 402 00a1 A6000000 		.4byte	.LASF14
 403 00a5 02       		.uleb128 0x2
 404 00a6 01       		.byte	0x1
 405 00a7 08       		.byte	0x8
 406 00a8 C1010000 		.4byte	.LASF15
 407 00ac 02       		.uleb128 0x2
 408 00ad 08       		.byte	0x8
 409 00ae 04       		.byte	0x4
 410 00af FA010000 		.4byte	.LASF16
 411 00b3 02       		.uleb128 0x2
 412 00b4 04       		.byte	0x4
 413 00b5 07       		.byte	0x7
ARM GAS  C:\Users\NGUYEN~1\AppData\Local\Temp\cc0CIE5M.s 			page 10


 414 00b6 AA010000 		.4byte	.LASF17
 415 00ba 05       		.uleb128 0x5
 416 00bb A5000000 		.4byte	0xa5
 417 00bf CA000000 		.4byte	0xca
 418 00c3 06       		.uleb128 0x6
 419 00c4 B3000000 		.4byte	0xb3
 420 00c8 07       		.byte	0x7
 421 00c9 00       		.byte	0
 422 00ca 05       		.uleb128 0x5
 423 00cb A5000000 		.4byte	0xa5
 424 00cf DA000000 		.4byte	0xda
 425 00d3 06       		.uleb128 0x6
 426 00d4 B3000000 		.4byte	0xb3
 427 00d8 18       		.byte	0x18
 428 00d9 00       		.byte	0
 429 00da 07       		.uleb128 0x7
 430 00db 08       		.byte	0x8
 431 00dc 04       		.byte	0x4
 432 00dd 24       		.byte	0x24
 433 00de 37010000 		.4byte	0x137
 434 00e2 08       		.uleb128 0x8
 435 00e3 73656300 		.ascii	"sec\000"
 436 00e7 04       		.byte	0x4
 437 00e8 26       		.byte	0x26
 438 00e9 81000000 		.4byte	0x81
 439 00ed 00       		.byte	0
 440 00ee 08       		.uleb128 0x8
 441 00ef 6D696E00 		.ascii	"min\000"
 442 00f3 04       		.byte	0x4
 443 00f4 27       		.byte	0x27
 444 00f5 81000000 		.4byte	0x81
 445 00f9 01       		.byte	0x1
 446 00fa 09       		.uleb128 0x9
 447 00fb 07010000 		.4byte	.LASF18
 448 00ff 04       		.byte	0x4
 449 0100 28       		.byte	0x28
 450 0101 81000000 		.4byte	0x81
 451 0105 02       		.byte	0x2
 452 0106 09       		.uleb128 0x9
 453 0107 C6010000 		.4byte	.LASF19
 454 010b 04       		.byte	0x4
 455 010c 29       		.byte	0x29
 456 010d 81000000 		.4byte	0x81
 457 0111 03       		.byte	0x3
 458 0112 09       		.uleb128 0x9
 459 0113 2F000000 		.4byte	.LASF20
 460 0117 04       		.byte	0x4
 461 0118 2A       		.byte	0x2a
 462 0119 81000000 		.4byte	0x81
 463 011d 04       		.byte	0x4
 464 011e 09       		.uleb128 0x9
 465 011f 23000000 		.4byte	.LASF21
 466 0123 04       		.byte	0x4
 467 0124 2B       		.byte	0x2b
 468 0125 81000000 		.4byte	0x81
 469 0129 05       		.byte	0x5
 470 012a 09       		.uleb128 0x9
ARM GAS  C:\Users\NGUYEN~1\AppData\Local\Temp\cc0CIE5M.s 			page 11


 471 012b 10000000 		.4byte	.LASF22
 472 012f 04       		.byte	0x4
 473 0130 2C       		.byte	0x2c
 474 0131 8C000000 		.4byte	0x8c
 475 0135 06       		.byte	0x6
 476 0136 00       		.byte	0
 477 0137 03       		.uleb128 0x3
 478 0138 15000000 		.4byte	.LASF23
 479 013c 04       		.byte	0x4
 480 013d 2D       		.byte	0x2d
 481 013e DA000000 		.4byte	0xda
 482 0142 0A       		.uleb128 0xa
 483 0143 61000000 		.4byte	.LASF25
 484 0147 01       		.byte	0x1
 485 0148 0F       		.byte	0xf
 486 0149 73000000 		.4byte	0x73
 487 014d 00000000 		.4byte	.LFB33
 488 0151 12000000 		.4byte	.LFE33-.LFB33
 489 0155 01       		.uleb128 0x1
 490 0156 9C       		.byte	0x9c
 491 0157 87010000 		.4byte	0x187
 492 015b 0B       		.uleb128 0xb
 493 015c 42434400 		.ascii	"BCD\000"
 494 0160 01       		.byte	0x1
 495 0161 0F       		.byte	0xf
 496 0162 73000000 		.4byte	0x73
 497 0166 00000000 		.4byte	.LLST0
 498 016a 0C       		.uleb128 0xc
 499 016b 6C6F7700 		.ascii	"low\000"
 500 016f 01       		.byte	0x1
 501 0170 11       		.byte	0x11
 502 0171 73000000 		.4byte	0x73
 503 0175 2C000000 		.4byte	.LLST1
 504 0179 0D       		.uleb128 0xd
 505 017a 0A000000 		.4byte	.LASF24
 506 017e 01       		.byte	0x1
 507 017f 11       		.byte	0x11
 508 0180 73000000 		.4byte	0x73
 509 0184 01       		.uleb128 0x1
 510 0185 52       		.byte	0x52
 511 0186 00       		.byte	0
 512 0187 0E       		.uleb128 0xe
 513 0188 EA010000 		.4byte	.LASF26
 514 018c 01       		.byte	0x1
 515 018d 17       		.byte	0x17
 516 018e 73000000 		.4byte	0x73
 517 0192 00000000 		.4byte	.LFB34
 518 0196 1A000000 		.4byte	.LFE34-.LFB34
 519 019a 01       		.uleb128 0x1
 520 019b 9C       		.byte	0x9c
 521 019c CE010000 		.4byte	0x1ce
 522 01a0 0B       		.uleb128 0xb
 523 01a1 44454300 		.ascii	"DEC\000"
 524 01a5 01       		.byte	0x1
 525 01a6 17       		.byte	0x17
 526 01a7 73000000 		.4byte	0x73
 527 01ab 4F000000 		.4byte	.LLST2
ARM GAS  C:\Users\NGUYEN~1\AppData\Local\Temp\cc0CIE5M.s 			page 12


 528 01af 0C       		.uleb128 0xc
 529 01b0 6C6F7700 		.ascii	"low\000"
 530 01b4 01       		.byte	0x1
 531 01b5 19       		.byte	0x19
 532 01b6 73000000 		.4byte	0x73
 533 01ba 7B000000 		.4byte	.LLST3
 534 01be 0F       		.uleb128 0xf
 535 01bf 0A000000 		.4byte	.LASF24
 536 01c3 01       		.byte	0x1
 537 01c4 19       		.byte	0x19
 538 01c5 73000000 		.4byte	0x73
 539 01c9 99000000 		.4byte	.LLST4
 540 01cd 00       		.byte	0
 541 01ce 10       		.uleb128 0x10
 542 01cf 9F010000 		.4byte	.LASF29
 543 01d3 01       		.byte	0x1
 544 01d4 20       		.byte	0x20
 545 01d5 00000000 		.4byte	.LFB35
 546 01d9 A8000000 		.4byte	.LFE35-.LFB35
 547 01dd 01       		.uleb128 0x1
 548 01de 9C       		.byte	0x9c
 549 01df 9C020000 		.4byte	0x29c
 550 01e3 11       		.uleb128 0x11
 551 01e4 72746300 		.ascii	"rtc\000"
 552 01e8 01       		.byte	0x1
 553 01e9 20       		.byte	0x20
 554 01ea 37010000 		.4byte	0x137
 555 01ee 02       		.uleb128 0x2
 556 01ef 91       		.byte	0x91
 557 01f0 48       		.sleb128 -56
 558 01f1 0D       		.uleb128 0xd
 559 01f2 0C010000 		.4byte	.LASF27
 560 01f6 01       		.byte	0x1
 561 01f7 22       		.byte	0x22
 562 01f8 CA000000 		.4byte	0xca
 563 01fc 02       		.uleb128 0x2
 564 01fd 91       		.byte	0x91
 565 01fe 54       		.sleb128 -44
 566 01ff 0D       		.uleb128 0xd
 567 0200 D5000000 		.4byte	.LASF28
 568 0204 01       		.byte	0x1
 569 0205 23       		.byte	0x23
 570 0206 9C020000 		.4byte	0x29c
 571 020a 02       		.uleb128 0x2
 572 020b 91       		.byte	0x91
 573 020c 50       		.sleb128 -48
 574 020d 12       		.uleb128 0x12
 575 020e 14000000 		.4byte	.LVL15
 576 0212 EC020000 		.4byte	0x2ec
 577 0216 2B020000 		.4byte	0x22b
 578 021a 13       		.uleb128 0x13
 579 021b 01       		.uleb128 0x1
 580 021c 50       		.byte	0x50
 581 021d 02       		.uleb128 0x2
 582 021e 91       		.byte	0x91
 583 021f 54       		.sleb128 -44
 584 0220 13       		.uleb128 0x13
ARM GAS  C:\Users\NGUYEN~1\AppData\Local\Temp\cc0CIE5M.s 			page 13


 585 0221 01       		.uleb128 0x1
 586 0222 51       		.byte	0x51
 587 0223 01       		.uleb128 0x1
 588 0224 30       		.byte	0x30
 589 0225 13       		.uleb128 0x13
 590 0226 01       		.uleb128 0x1
 591 0227 52       		.byte	0x52
 592 0228 01       		.uleb128 0x1
 593 0229 49       		.byte	0x49
 594 022a 00       		.byte	0
 595 022b 12       		.uleb128 0x12
 596 022c 90000000 		.4byte	.LVL16
 597 0230 F5020000 		.4byte	0x2f5
 598 0234 8B020000 		.4byte	0x28b
 599 0238 13       		.uleb128 0x13
 600 0239 01       		.uleb128 0x1
 601 023a 50       		.byte	0x50
 602 023b 02       		.uleb128 0x2
 603 023c 91       		.byte	0x91
 604 023d 54       		.sleb128 -44
 605 023e 13       		.uleb128 0x13
 606 023f 01       		.uleb128 0x1
 607 0240 51       		.byte	0x51
 608 0241 05       		.uleb128 0x5
 609 0242 03       		.byte	0x3
 610 0243 00000000 		.4byte	.LC9
 611 0247 13       		.uleb128 0x13
 612 0248 01       		.uleb128 0x1
 613 0249 53       		.byte	0x53
 614 024a 02       		.uleb128 0x2
 615 024b 08       		.byte	0x8
 616 024c 3A       		.byte	0x3a
 617 024d 13       		.uleb128 0x13
 618 024e 02       		.uleb128 0x2
 619 024f 7D       		.byte	0x7d
 620 0250 04       		.sleb128 4
 621 0251 02       		.uleb128 0x2
 622 0252 08       		.byte	0x8
 623 0253 3A       		.byte	0x3a
 624 0254 13       		.uleb128 0x13
 625 0255 02       		.uleb128 0x2
 626 0256 7D       		.byte	0x7d
 627 0257 08       		.sleb128 8
 628 0258 07       		.uleb128 0x7
 629 0259 91       		.byte	0x91
 630 025a 48       		.sleb128 -56
 631 025b 94       		.byte	0x94
 632 025c 01       		.byte	0x1
 633 025d 08       		.byte	0x8
 634 025e FF       		.byte	0xff
 635 025f 1A       		.byte	0x1a
 636 0260 13       		.uleb128 0x13
 637 0261 02       		.uleb128 0x2
 638 0262 7D       		.byte	0x7d
 639 0263 0C       		.sleb128 12
 640 0264 02       		.uleb128 0x2
 641 0265 08       		.byte	0x8
ARM GAS  C:\Users\NGUYEN~1\AppData\Local\Temp\cc0CIE5M.s 			page 14


 642 0266 20       		.byte	0x20
 643 0267 13       		.uleb128 0x13
 644 0268 02       		.uleb128 0x2
 645 0269 7D       		.byte	0x7d
 646 026a 10       		.sleb128 16
 647 026b 02       		.uleb128 0x2
 648 026c 74       		.byte	0x74
 649 026d 00       		.sleb128 0
 650 026e 13       		.uleb128 0x13
 651 026f 02       		.uleb128 0x2
 652 0270 7D       		.byte	0x7d
 653 0271 14       		.sleb128 20
 654 0272 02       		.uleb128 0x2
 655 0273 08       		.byte	0x8
 656 0274 20       		.byte	0x20
 657 0275 13       		.uleb128 0x13
 658 0276 02       		.uleb128 0x2
 659 0277 7D       		.byte	0x7d
 660 0278 1C       		.sleb128 28
 661 0279 02       		.uleb128 0x2
 662 027a 08       		.byte	0x8
 663 027b 2F       		.byte	0x2f
 664 027c 13       		.uleb128 0x13
 665 027d 02       		.uleb128 0x2
 666 027e 7D       		.byte	0x7d
 667 027f 20       		.sleb128 32
 668 0280 02       		.uleb128 0x2
 669 0281 75       		.byte	0x75
 670 0282 00       		.sleb128 0
 671 0283 13       		.uleb128 0x13
 672 0284 02       		.uleb128 0x2
 673 0285 7D       		.byte	0x7d
 674 0286 24       		.sleb128 36
 675 0287 02       		.uleb128 0x2
 676 0288 08       		.byte	0x8
 677 0289 2F       		.byte	0x2f
 678 028a 00       		.byte	0
 679 028b 14       		.uleb128 0x14
 680 028c 96000000 		.4byte	.LVL17
 681 0290 00030000 		.4byte	0x300
 682 0294 13       		.uleb128 0x13
 683 0295 01       		.uleb128 0x1
 684 0296 50       		.byte	0x50
 685 0297 02       		.uleb128 0x2
 686 0298 91       		.byte	0x91
 687 0299 54       		.sleb128 -44
 688 029a 00       		.byte	0
 689 029b 00       		.byte	0
 690 029c 05       		.uleb128 0x5
 691 029d A5000000 		.4byte	0xa5
 692 02a1 AC020000 		.4byte	0x2ac
 693 02a5 06       		.uleb128 0x6
 694 02a6 B3000000 		.4byte	0xb3
 695 02aa 03       		.byte	0x3
 696 02ab 00       		.byte	0
 697 02ac 15       		.uleb128 0x15
 698 02ad FF000000 		.4byte	.LASF36
ARM GAS  C:\Users\NGUYEN~1\AppData\Local\Temp\cc0CIE5M.s 			page 15


 699 02b1 01       		.byte	0x1
 700 02b2 44       		.byte	0x44
 701 02b3 00000000 		.4byte	.LFB36
 702 02b7 02000000 		.4byte	.LFE36-.LFB36
 703 02bb 01       		.uleb128 0x1
 704 02bc 9C       		.byte	0x9c
 705 02bd 10       		.uleb128 0x10
 706 02be 71000000 		.4byte	.LASF30
 707 02c2 01       		.byte	0x1
 708 02c3 49       		.byte	0x49
 709 02c4 00000000 		.4byte	.LFB37
 710 02c8 06000000 		.4byte	.LFE37-.LFB37
 711 02cc 01       		.uleb128 0x1
 712 02cd 9C       		.byte	0x9c
 713 02ce EC020000 		.4byte	0x2ec
 714 02d2 11       		.uleb128 0x11
 715 02d3 72746300 		.ascii	"rtc\000"
 716 02d7 01       		.byte	0x1
 717 02d8 49       		.byte	0x49
 718 02d9 37010000 		.4byte	0x137
 719 02dd 02       		.uleb128 0x2
 720 02de 91       		.byte	0x91
 721 02df 78       		.sleb128 -8
 722 02e0 16       		.uleb128 0x16
 723 02e1 7A000000 		.4byte	.LASF37
 724 02e5 01       		.byte	0x1
 725 02e6 4B       		.byte	0x4b
 726 02e7 BA000000 		.4byte	0xba
 727 02eb 00       		.byte	0
 728 02ec 17       		.uleb128 0x17
 729 02ed 94000000 		.4byte	.LASF38
 730 02f1 94000000 		.4byte	.LASF38
 731 02f5 18       		.uleb128 0x18
 732 02f6 34000000 		.4byte	.LASF31
 733 02fa 34000000 		.4byte	.LASF31
 734 02fe 05       		.byte	0x5
 735 02ff E7       		.byte	0xe7
 736 0300 19       		.uleb128 0x19
 737 0301 81000000 		.4byte	.LASF32
 738 0305 81000000 		.4byte	.LASF32
 739 0309 06       		.byte	0x6
 740 030a 2A03     		.2byte	0x32a
 741 030c 00       		.byte	0
 742              		.section	.debug_abbrev,"",%progbits
 743              	.Ldebug_abbrev0:
 744 0000 01       		.uleb128 0x1
 745 0001 11       		.uleb128 0x11
 746 0002 01       		.byte	0x1
 747 0003 25       		.uleb128 0x25
 748 0004 0E       		.uleb128 0xe
 749 0005 13       		.uleb128 0x13
 750 0006 0B       		.uleb128 0xb
 751 0007 03       		.uleb128 0x3
 752 0008 0E       		.uleb128 0xe
 753 0009 1B       		.uleb128 0x1b
 754 000a 0E       		.uleb128 0xe
 755 000b 55       		.uleb128 0x55
ARM GAS  C:\Users\NGUYEN~1\AppData\Local\Temp\cc0CIE5M.s 			page 16


 756 000c 17       		.uleb128 0x17
 757 000d 11       		.uleb128 0x11
 758 000e 01       		.uleb128 0x1
 759 000f 10       		.uleb128 0x10
 760 0010 17       		.uleb128 0x17
 761 0011 00       		.byte	0
 762 0012 00       		.byte	0
 763 0013 02       		.uleb128 0x2
 764 0014 24       		.uleb128 0x24
 765 0015 00       		.byte	0
 766 0016 0B       		.uleb128 0xb
 767 0017 0B       		.uleb128 0xb
 768 0018 3E       		.uleb128 0x3e
 769 0019 0B       		.uleb128 0xb
 770 001a 03       		.uleb128 0x3
 771 001b 0E       		.uleb128 0xe
 772 001c 00       		.byte	0
 773 001d 00       		.byte	0
 774 001e 03       		.uleb128 0x3
 775 001f 16       		.uleb128 0x16
 776 0020 00       		.byte	0
 777 0021 03       		.uleb128 0x3
 778 0022 0E       		.uleb128 0xe
 779 0023 3A       		.uleb128 0x3a
 780 0024 0B       		.uleb128 0xb
 781 0025 3B       		.uleb128 0x3b
 782 0026 0B       		.uleb128 0xb
 783 0027 49       		.uleb128 0x49
 784 0028 13       		.uleb128 0x13
 785 0029 00       		.byte	0
 786 002a 00       		.byte	0
 787 002b 04       		.uleb128 0x4
 788 002c 24       		.uleb128 0x24
 789 002d 00       		.byte	0
 790 002e 0B       		.uleb128 0xb
 791 002f 0B       		.uleb128 0xb
 792 0030 3E       		.uleb128 0x3e
 793 0031 0B       		.uleb128 0xb
 794 0032 03       		.uleb128 0x3
 795 0033 08       		.uleb128 0x8
 796 0034 00       		.byte	0
 797 0035 00       		.byte	0
 798 0036 05       		.uleb128 0x5
 799 0037 01       		.uleb128 0x1
 800 0038 01       		.byte	0x1
 801 0039 49       		.uleb128 0x49
 802 003a 13       		.uleb128 0x13
 803 003b 01       		.uleb128 0x1
 804 003c 13       		.uleb128 0x13
 805 003d 00       		.byte	0
 806 003e 00       		.byte	0
 807 003f 06       		.uleb128 0x6
 808 0040 21       		.uleb128 0x21
 809 0041 00       		.byte	0
 810 0042 49       		.uleb128 0x49
 811 0043 13       		.uleb128 0x13
 812 0044 2F       		.uleb128 0x2f
ARM GAS  C:\Users\NGUYEN~1\AppData\Local\Temp\cc0CIE5M.s 			page 17


 813 0045 0B       		.uleb128 0xb
 814 0046 00       		.byte	0
 815 0047 00       		.byte	0
 816 0048 07       		.uleb128 0x7
 817 0049 13       		.uleb128 0x13
 818 004a 01       		.byte	0x1
 819 004b 0B       		.uleb128 0xb
 820 004c 0B       		.uleb128 0xb
 821 004d 3A       		.uleb128 0x3a
 822 004e 0B       		.uleb128 0xb
 823 004f 3B       		.uleb128 0x3b
 824 0050 0B       		.uleb128 0xb
 825 0051 01       		.uleb128 0x1
 826 0052 13       		.uleb128 0x13
 827 0053 00       		.byte	0
 828 0054 00       		.byte	0
 829 0055 08       		.uleb128 0x8
 830 0056 0D       		.uleb128 0xd
 831 0057 00       		.byte	0
 832 0058 03       		.uleb128 0x3
 833 0059 08       		.uleb128 0x8
 834 005a 3A       		.uleb128 0x3a
 835 005b 0B       		.uleb128 0xb
 836 005c 3B       		.uleb128 0x3b
 837 005d 0B       		.uleb128 0xb
 838 005e 49       		.uleb128 0x49
 839 005f 13       		.uleb128 0x13
 840 0060 38       		.uleb128 0x38
 841 0061 0B       		.uleb128 0xb
 842 0062 00       		.byte	0
 843 0063 00       		.byte	0
 844 0064 09       		.uleb128 0x9
 845 0065 0D       		.uleb128 0xd
 846 0066 00       		.byte	0
 847 0067 03       		.uleb128 0x3
 848 0068 0E       		.uleb128 0xe
 849 0069 3A       		.uleb128 0x3a
 850 006a 0B       		.uleb128 0xb
 851 006b 3B       		.uleb128 0x3b
 852 006c 0B       		.uleb128 0xb
 853 006d 49       		.uleb128 0x49
 854 006e 13       		.uleb128 0x13
 855 006f 38       		.uleb128 0x38
 856 0070 0B       		.uleb128 0xb
 857 0071 00       		.byte	0
 858 0072 00       		.byte	0
 859 0073 0A       		.uleb128 0xa
 860 0074 2E       		.uleb128 0x2e
 861 0075 01       		.byte	0x1
 862 0076 3F       		.uleb128 0x3f
 863 0077 19       		.uleb128 0x19
 864 0078 03       		.uleb128 0x3
 865 0079 0E       		.uleb128 0xe
 866 007a 3A       		.uleb128 0x3a
 867 007b 0B       		.uleb128 0xb
 868 007c 3B       		.uleb128 0x3b
 869 007d 0B       		.uleb128 0xb
ARM GAS  C:\Users\NGUYEN~1\AppData\Local\Temp\cc0CIE5M.s 			page 18


 870 007e 27       		.uleb128 0x27
 871 007f 19       		.uleb128 0x19
 872 0080 49       		.uleb128 0x49
 873 0081 13       		.uleb128 0x13
 874 0082 11       		.uleb128 0x11
 875 0083 01       		.uleb128 0x1
 876 0084 12       		.uleb128 0x12
 877 0085 06       		.uleb128 0x6
 878 0086 40       		.uleb128 0x40
 879 0087 18       		.uleb128 0x18
 880 0088 9742     		.uleb128 0x2117
 881 008a 19       		.uleb128 0x19
 882 008b 01       		.uleb128 0x1
 883 008c 13       		.uleb128 0x13
 884 008d 00       		.byte	0
 885 008e 00       		.byte	0
 886 008f 0B       		.uleb128 0xb
 887 0090 05       		.uleb128 0x5
 888 0091 00       		.byte	0
 889 0092 03       		.uleb128 0x3
 890 0093 08       		.uleb128 0x8
 891 0094 3A       		.uleb128 0x3a
 892 0095 0B       		.uleb128 0xb
 893 0096 3B       		.uleb128 0x3b
 894 0097 0B       		.uleb128 0xb
 895 0098 49       		.uleb128 0x49
 896 0099 13       		.uleb128 0x13
 897 009a 02       		.uleb128 0x2
 898 009b 17       		.uleb128 0x17
 899 009c 00       		.byte	0
 900 009d 00       		.byte	0
 901 009e 0C       		.uleb128 0xc
 902 009f 34       		.uleb128 0x34
 903 00a0 00       		.byte	0
 904 00a1 03       		.uleb128 0x3
 905 00a2 08       		.uleb128 0x8
 906 00a3 3A       		.uleb128 0x3a
 907 00a4 0B       		.uleb128 0xb
 908 00a5 3B       		.uleb128 0x3b
 909 00a6 0B       		.uleb128 0xb
 910 00a7 49       		.uleb128 0x49
 911 00a8 13       		.uleb128 0x13
 912 00a9 02       		.uleb128 0x2
 913 00aa 17       		.uleb128 0x17
 914 00ab 00       		.byte	0
 915 00ac 00       		.byte	0
 916 00ad 0D       		.uleb128 0xd
 917 00ae 34       		.uleb128 0x34
 918 00af 00       		.byte	0
 919 00b0 03       		.uleb128 0x3
 920 00b1 0E       		.uleb128 0xe
 921 00b2 3A       		.uleb128 0x3a
 922 00b3 0B       		.uleb128 0xb
 923 00b4 3B       		.uleb128 0x3b
 924 00b5 0B       		.uleb128 0xb
 925 00b6 49       		.uleb128 0x49
 926 00b7 13       		.uleb128 0x13
ARM GAS  C:\Users\NGUYEN~1\AppData\Local\Temp\cc0CIE5M.s 			page 19


 927 00b8 02       		.uleb128 0x2
 928 00b9 18       		.uleb128 0x18
 929 00ba 00       		.byte	0
 930 00bb 00       		.byte	0
 931 00bc 0E       		.uleb128 0xe
 932 00bd 2E       		.uleb128 0x2e
 933 00be 01       		.byte	0x1
 934 00bf 3F       		.uleb128 0x3f
 935 00c0 19       		.uleb128 0x19
 936 00c1 03       		.uleb128 0x3
 937 00c2 0E       		.uleb128 0xe
 938 00c3 3A       		.uleb128 0x3a
 939 00c4 0B       		.uleb128 0xb
 940 00c5 3B       		.uleb128 0x3b
 941 00c6 0B       		.uleb128 0xb
 942 00c7 27       		.uleb128 0x27
 943 00c8 19       		.uleb128 0x19
 944 00c9 49       		.uleb128 0x49
 945 00ca 13       		.uleb128 0x13
 946 00cb 11       		.uleb128 0x11
 947 00cc 01       		.uleb128 0x1
 948 00cd 12       		.uleb128 0x12
 949 00ce 06       		.uleb128 0x6
 950 00cf 40       		.uleb128 0x40
 951 00d0 18       		.uleb128 0x18
 952 00d1 9642     		.uleb128 0x2116
 953 00d3 19       		.uleb128 0x19
 954 00d4 01       		.uleb128 0x1
 955 00d5 13       		.uleb128 0x13
 956 00d6 00       		.byte	0
 957 00d7 00       		.byte	0
 958 00d8 0F       		.uleb128 0xf
 959 00d9 34       		.uleb128 0x34
 960 00da 00       		.byte	0
 961 00db 03       		.uleb128 0x3
 962 00dc 0E       		.uleb128 0xe
 963 00dd 3A       		.uleb128 0x3a
 964 00de 0B       		.uleb128 0xb
 965 00df 3B       		.uleb128 0x3b
 966 00e0 0B       		.uleb128 0xb
 967 00e1 49       		.uleb128 0x49
 968 00e2 13       		.uleb128 0x13
 969 00e3 02       		.uleb128 0x2
 970 00e4 17       		.uleb128 0x17
 971 00e5 00       		.byte	0
 972 00e6 00       		.byte	0
 973 00e7 10       		.uleb128 0x10
 974 00e8 2E       		.uleb128 0x2e
 975 00e9 01       		.byte	0x1
 976 00ea 3F       		.uleb128 0x3f
 977 00eb 19       		.uleb128 0x19
 978 00ec 03       		.uleb128 0x3
 979 00ed 0E       		.uleb128 0xe
 980 00ee 3A       		.uleb128 0x3a
 981 00ef 0B       		.uleb128 0xb
 982 00f0 3B       		.uleb128 0x3b
 983 00f1 0B       		.uleb128 0xb
ARM GAS  C:\Users\NGUYEN~1\AppData\Local\Temp\cc0CIE5M.s 			page 20


 984 00f2 27       		.uleb128 0x27
 985 00f3 19       		.uleb128 0x19
 986 00f4 11       		.uleb128 0x11
 987 00f5 01       		.uleb128 0x1
 988 00f6 12       		.uleb128 0x12
 989 00f7 06       		.uleb128 0x6
 990 00f8 40       		.uleb128 0x40
 991 00f9 18       		.uleb128 0x18
 992 00fa 9742     		.uleb128 0x2117
 993 00fc 19       		.uleb128 0x19
 994 00fd 01       		.uleb128 0x1
 995 00fe 13       		.uleb128 0x13
 996 00ff 00       		.byte	0
 997 0100 00       		.byte	0
 998 0101 11       		.uleb128 0x11
 999 0102 05       		.uleb128 0x5
 1000 0103 00       		.byte	0
 1001 0104 03       		.uleb128 0x3
 1002 0105 08       		.uleb128 0x8
 1003 0106 3A       		.uleb128 0x3a
 1004 0107 0B       		.uleb128 0xb
 1005 0108 3B       		.uleb128 0x3b
 1006 0109 0B       		.uleb128 0xb
 1007 010a 49       		.uleb128 0x49
 1008 010b 13       		.uleb128 0x13
 1009 010c 02       		.uleb128 0x2
 1010 010d 18       		.uleb128 0x18
 1011 010e 00       		.byte	0
 1012 010f 00       		.byte	0
 1013 0110 12       		.uleb128 0x12
 1014 0111 898201   		.uleb128 0x4109
 1015 0114 01       		.byte	0x1
 1016 0115 11       		.uleb128 0x11
 1017 0116 01       		.uleb128 0x1
 1018 0117 31       		.uleb128 0x31
 1019 0118 13       		.uleb128 0x13
 1020 0119 01       		.uleb128 0x1
 1021 011a 13       		.uleb128 0x13
 1022 011b 00       		.byte	0
 1023 011c 00       		.byte	0
 1024 011d 13       		.uleb128 0x13
 1025 011e 8A8201   		.uleb128 0x410a
 1026 0121 00       		.byte	0
 1027 0122 02       		.uleb128 0x2
 1028 0123 18       		.uleb128 0x18
 1029 0124 9142     		.uleb128 0x2111
 1030 0126 18       		.uleb128 0x18
 1031 0127 00       		.byte	0
 1032 0128 00       		.byte	0
 1033 0129 14       		.uleb128 0x14
 1034 012a 898201   		.uleb128 0x4109
 1035 012d 01       		.byte	0x1
 1036 012e 11       		.uleb128 0x11
 1037 012f 01       		.uleb128 0x1
 1038 0130 31       		.uleb128 0x31
 1039 0131 13       		.uleb128 0x13
 1040 0132 00       		.byte	0
ARM GAS  C:\Users\NGUYEN~1\AppData\Local\Temp\cc0CIE5M.s 			page 21


 1041 0133 00       		.byte	0
 1042 0134 15       		.uleb128 0x15
 1043 0135 2E       		.uleb128 0x2e
 1044 0136 00       		.byte	0
 1045 0137 3F       		.uleb128 0x3f
 1046 0138 19       		.uleb128 0x19
 1047 0139 03       		.uleb128 0x3
 1048 013a 0E       		.uleb128 0xe
 1049 013b 3A       		.uleb128 0x3a
 1050 013c 0B       		.uleb128 0xb
 1051 013d 3B       		.uleb128 0x3b
 1052 013e 0B       		.uleb128 0xb
 1053 013f 11       		.uleb128 0x11
 1054 0140 01       		.uleb128 0x1
 1055 0141 12       		.uleb128 0x12
 1056 0142 06       		.uleb128 0x6
 1057 0143 40       		.uleb128 0x40
 1058 0144 18       		.uleb128 0x18
 1059 0145 9742     		.uleb128 0x2117
 1060 0147 19       		.uleb128 0x19
 1061 0148 00       		.byte	0
 1062 0149 00       		.byte	0
 1063 014a 16       		.uleb128 0x16
 1064 014b 34       		.uleb128 0x34
 1065 014c 00       		.byte	0
 1066 014d 03       		.uleb128 0x3
 1067 014e 0E       		.uleb128 0xe
 1068 014f 3A       		.uleb128 0x3a
 1069 0150 0B       		.uleb128 0xb
 1070 0151 3B       		.uleb128 0x3b
 1071 0152 0B       		.uleb128 0xb
 1072 0153 49       		.uleb128 0x49
 1073 0154 13       		.uleb128 0x13
 1074 0155 00       		.byte	0
 1075 0156 00       		.byte	0
 1076 0157 17       		.uleb128 0x17
 1077 0158 2E       		.uleb128 0x2e
 1078 0159 00       		.byte	0
 1079 015a 3F       		.uleb128 0x3f
 1080 015b 19       		.uleb128 0x19
 1081 015c 3C       		.uleb128 0x3c
 1082 015d 19       		.uleb128 0x19
 1083 015e 6E       		.uleb128 0x6e
 1084 015f 0E       		.uleb128 0xe
 1085 0160 03       		.uleb128 0x3
 1086 0161 0E       		.uleb128 0xe
 1087 0162 00       		.byte	0
 1088 0163 00       		.byte	0
 1089 0164 18       		.uleb128 0x18
 1090 0165 2E       		.uleb128 0x2e
 1091 0166 00       		.byte	0
 1092 0167 3F       		.uleb128 0x3f
 1093 0168 19       		.uleb128 0x19
 1094 0169 3C       		.uleb128 0x3c
 1095 016a 19       		.uleb128 0x19
 1096 016b 6E       		.uleb128 0x6e
 1097 016c 0E       		.uleb128 0xe
ARM GAS  C:\Users\NGUYEN~1\AppData\Local\Temp\cc0CIE5M.s 			page 22


 1098 016d 03       		.uleb128 0x3
 1099 016e 0E       		.uleb128 0xe
 1100 016f 3A       		.uleb128 0x3a
 1101 0170 0B       		.uleb128 0xb
 1102 0171 3B       		.uleb128 0x3b
 1103 0172 0B       		.uleb128 0xb
 1104 0173 00       		.byte	0
 1105 0174 00       		.byte	0
 1106 0175 19       		.uleb128 0x19
 1107 0176 2E       		.uleb128 0x2e
 1108 0177 00       		.byte	0
 1109 0178 3F       		.uleb128 0x3f
 1110 0179 19       		.uleb128 0x19
 1111 017a 3C       		.uleb128 0x3c
 1112 017b 19       		.uleb128 0x19
 1113 017c 6E       		.uleb128 0x6e
 1114 017d 0E       		.uleb128 0xe
 1115 017e 03       		.uleb128 0x3
 1116 017f 0E       		.uleb128 0xe
 1117 0180 3A       		.uleb128 0x3a
 1118 0181 0B       		.uleb128 0xb
 1119 0182 3B       		.uleb128 0x3b
 1120 0183 05       		.uleb128 0x5
 1121 0184 00       		.byte	0
 1122 0185 00       		.byte	0
 1123 0186 00       		.byte	0
 1124              		.section	.debug_loc,"",%progbits
 1125              	.Ldebug_loc0:
 1126              	.LLST0:
 1127 0000 00000000 		.4byte	.LVL0
 1128 0004 04000000 		.4byte	.LVL1
 1129 0008 0100     		.2byte	0x1
 1130 000a 50       		.byte	0x50
 1131 000b 04000000 		.4byte	.LVL1
 1132 000f 08000000 		.4byte	.LVL3
 1133 0013 0100     		.2byte	0x1
 1134 0015 53       		.byte	0x53
 1135 0016 08000000 		.4byte	.LVL3
 1136 001a 12000000 		.4byte	.LFE33
 1137 001e 0400     		.2byte	0x4
 1138 0020 F3       		.byte	0xf3
 1139 0021 01       		.uleb128 0x1
 1140 0022 50       		.byte	0x50
 1141 0023 9F       		.byte	0x9f
 1142 0024 00000000 		.4byte	0
 1143 0028 00000000 		.4byte	0
 1144              	.LLST1:
 1145 002c 06000000 		.4byte	.LVL2
 1146 0030 10000000 		.4byte	.LVL5
 1147 0034 0100     		.2byte	0x1
 1148 0036 50       		.byte	0x50
 1149 0037 10000000 		.4byte	.LVL5
 1150 003b 12000000 		.4byte	.LFE33
 1151 003f 0600     		.2byte	0x6
 1152 0041 F3       		.byte	0xf3
 1153 0042 01       		.uleb128 0x1
 1154 0043 50       		.byte	0x50
ARM GAS  C:\Users\NGUYEN~1\AppData\Local\Temp\cc0CIE5M.s 			page 23


 1155 0044 3F       		.byte	0x3f
 1156 0045 1A       		.byte	0x1a
 1157 0046 9F       		.byte	0x9f
 1158 0047 00000000 		.4byte	0
 1159 004b 00000000 		.4byte	0
 1160              	.LLST2:
 1161 004f 00000000 		.4byte	.LVL6
 1162 0053 09000000 		.4byte	.LVL7-1
 1163 0057 0100     		.2byte	0x1
 1164 0059 50       		.byte	0x50
 1165 005a 09000000 		.4byte	.LVL7-1
 1166 005e 18000000 		.4byte	.LVL13
 1167 0062 0100     		.2byte	0x1
 1168 0064 54       		.byte	0x54
 1169 0065 18000000 		.4byte	.LVL13
 1170 0069 1A000000 		.4byte	.LFE34
 1171 006d 0400     		.2byte	0x4
 1172 006f F3       		.byte	0xf3
 1173 0070 01       		.uleb128 0x1
 1174 0071 50       		.byte	0x50
 1175 0072 9F       		.byte	0x9f
 1176 0073 00000000 		.4byte	0
 1177 0077 00000000 		.4byte	0
 1178              	.LLST3:
 1179 007b 0C000000 		.4byte	.LVL8
 1180 007f 0E000000 		.4byte	.LVL9
 1181 0083 0100     		.2byte	0x1
 1182 0085 51       		.byte	0x51
 1183 0086 0E000000 		.4byte	.LVL9
 1184 008a 18000000 		.4byte	.LVL14
 1185 008e 0100     		.2byte	0x1
 1186 0090 55       		.byte	0x55
 1187 0091 00000000 		.4byte	0
 1188 0095 00000000 		.4byte	0
 1189              	.LLST4:
 1190 0099 16000000 		.4byte	.LVL11
 1191 009d 18000000 		.4byte	.LVL12
 1192 00a1 0100     		.2byte	0x1
 1193 00a3 50       		.byte	0x50
 1194 00a4 00000000 		.4byte	0
 1195 00a8 00000000 		.4byte	0
 1196              		.section	.debug_aranges,"",%progbits
 1197 0000 3C000000 		.4byte	0x3c
 1198 0004 0200     		.2byte	0x2
 1199 0006 00000000 		.4byte	.Ldebug_info0
 1200 000a 04       		.byte	0x4
 1201 000b 00       		.byte	0
 1202 000c 0000     		.2byte	0
 1203 000e 0000     		.2byte	0
 1204 0010 00000000 		.4byte	.LFB33
 1205 0014 12000000 		.4byte	.LFE33-.LFB33
 1206 0018 00000000 		.4byte	.LFB34
 1207 001c 1A000000 		.4byte	.LFE34-.LFB34
 1208 0020 00000000 		.4byte	.LFB35
 1209 0024 A8000000 		.4byte	.LFE35-.LFB35
 1210 0028 00000000 		.4byte	.LFB36
 1211 002c 02000000 		.4byte	.LFE36-.LFB36
ARM GAS  C:\Users\NGUYEN~1\AppData\Local\Temp\cc0CIE5M.s 			page 24


 1212 0030 00000000 		.4byte	.LFB37
 1213 0034 06000000 		.4byte	.LFE37-.LFB37
 1214 0038 00000000 		.4byte	0
 1215 003c 00000000 		.4byte	0
 1216              		.section	.debug_ranges,"",%progbits
 1217              	.Ldebug_ranges0:
 1218 0000 00000000 		.4byte	.LFB33
 1219 0004 12000000 		.4byte	.LFE33
 1220 0008 00000000 		.4byte	.LFB34
 1221 000c 1A000000 		.4byte	.LFE34
 1222 0010 00000000 		.4byte	.LFB35
 1223 0014 A8000000 		.4byte	.LFE35
 1224 0018 00000000 		.4byte	.LFB36
 1225 001c 02000000 		.4byte	.LFE36
 1226 0020 00000000 		.4byte	.LFB37
 1227 0024 06000000 		.4byte	.LFE37
 1228 0028 00000000 		.4byte	0
 1229 002c 00000000 		.4byte	0
 1230              		.section	.debug_line,"",%progbits
 1231              	.Ldebug_line0:
 1232 0000 40020000 		.section	.debug_str,"MS",%progbits,1
 1232      0200CD01 
 1232      00000201 
 1232      FB0E0D00 
 1232      01010101 
 1233              	.LASF3:
 1234 0000 5F5F7569 		.ascii	"__uint8_t\000"
 1234      6E74385F 
 1234      7400
 1235              	.LASF24:
 1236 000a 68696768 		.ascii	"hight\000"
 1236      7400
 1237              	.LASF22:
 1238 0010 79656172 		.ascii	"year\000"
 1238      00
 1239              	.LASF23:
 1240 0015 64733133 		.ascii	"ds1307_struct\000"
 1240      30375F73 
 1240      74727563 
 1240      7400
 1241              	.LASF21:
 1242 0023 6D6F6E74 		.ascii	"month\000"
 1242      6800
 1243              	.LASF13:
 1244 0029 666C6F61 		.ascii	"float\000"
 1244      7400
 1245              	.LASF20:
 1246 002f 64617465 		.ascii	"date\000"
 1246      00
 1247              	.LASF31:
 1248 0034 73707269 		.ascii	"sprintf\000"
 1248      6E746600 
 1249              	.LASF7:
 1250 003c 6C6F6E67 		.ascii	"long unsigned int\000"
 1250      20756E73 
 1250      69676E65 
 1250      6420696E 
ARM GAS  C:\Users\NGUYEN~1\AppData\Local\Temp\cc0CIE5M.s 			page 25


 1250      7400
 1251              	.LASF5:
 1252 004e 73686F72 		.ascii	"short unsigned int\000"
 1252      7420756E 
 1252      7369676E 
 1252      65642069 
 1252      6E7400
 1253              	.LASF25:
 1254 0061 4243445F 		.ascii	"BCD_Convert_DEC\000"
 1254      436F6E76 
 1254      6572745F 
 1254      44454300 
 1255              	.LASF30:
 1256 0071 77726974 		.ascii	"writeRtc\000"
 1256      65527463 
 1256      00
 1257              	.LASF37:
 1258 007a 72784461 		.ascii	"rxData\000"
 1258      746100
 1259              	.LASF32:
 1260 0081 75617274 		.ascii	"uart_UartPutString\000"
 1260      5F556172 
 1260      74507574 
 1260      53747269 
 1260      6E6700
 1261              	.LASF38:
 1262 0094 6D656D73 		.ascii	"memset\000"
 1262      657400
 1263              	.LASF4:
 1264 009b 5F5F7569 		.ascii	"__uint16_t\000"
 1264      6E743136 
 1264      5F7400
 1265              	.LASF14:
 1266 00a6 646F7562 		.ascii	"double\000"
 1266      6C6500
 1267              	.LASF34:
 1268 00ad 7274635F 		.ascii	"rtc_ds1307.c\000"
 1268      64733133 
 1268      30372E63 
 1268      00
 1269              	.LASF1:
 1270 00ba 756E7369 		.ascii	"unsigned char\000"
 1270      676E6564 
 1270      20636861 
 1270      7200
 1271              	.LASF10:
 1272 00c8 756E7369 		.ascii	"unsigned int\000"
 1272      676E6564 
 1272      20696E74 
 1272      00
 1273              	.LASF28:
 1274 00d5 6461794F 		.ascii	"dayOfWeeks\000"
 1274      66576565 
 1274      6B7300
 1275              	.LASF9:
 1276 00e0 6C6F6E67 		.ascii	"long long unsigned int\000"
 1276      206C6F6E 
ARM GAS  C:\Users\NGUYEN~1\AppData\Local\Temp\cc0CIE5M.s 			page 26


 1276      6720756E 
 1276      7369676E 
 1276      65642069 
 1277              	.LASF11:
 1278 00f7 75696E74 		.ascii	"uint8_t\000"
 1278      385F7400 
 1279              	.LASF36:
 1280 00ff 72656164 		.ascii	"readRtc\000"
 1280      52746300 
 1281              	.LASF18:
 1282 0107 686F7572 		.ascii	"hour\000"
 1282      00
 1283              	.LASF27:
 1284 010c 74696D65 		.ascii	"time\000"
 1284      00
 1285              	.LASF33:
 1286 0111 474E5520 		.ascii	"GNU C11 5.4.1 20160609 (release) [ARM/embedded-5-br"
 1286      43313120 
 1286      352E342E 
 1286      31203230 
 1286      31363036 
 1287 0144 616E6368 		.ascii	"anch revision 237715] -mcpu=cortex-m0 -mthumb -g -O"
 1287      20726576 
 1287      6973696F 
 1287      6E203233 
 1287      37373135 
 1288 0177 67202D66 		.ascii	"g -ffunction-sections -ffat-lto-objects\000"
 1288      66756E63 
 1288      74696F6E 
 1288      2D736563 
 1288      74696F6E 
 1289              	.LASF29:
 1290 019f 6469736C 		.ascii	"dislayTime\000"
 1290      61795469 
 1290      6D6500
 1291              	.LASF17:
 1292 01aa 73697A65 		.ascii	"sizetype\000"
 1292      74797065 
 1292      00
 1293              	.LASF8:
 1294 01b3 6C6F6E67 		.ascii	"long long int\000"
 1294      206C6F6E 
 1294      6720696E 
 1294      7400
 1295              	.LASF15:
 1296 01c1 63686172 		.ascii	"char\000"
 1296      00
 1297              	.LASF19:
 1298 01c6 64617957 		.ascii	"dayWeek\000"
 1298      65656B00 
 1299              	.LASF2:
 1300 01ce 73686F72 		.ascii	"short int\000"
 1300      7420696E 
 1300      7400
 1301              	.LASF12:
 1302 01d8 75696E74 		.ascii	"uint16_t\000"
 1302      31365F74 
ARM GAS  C:\Users\NGUYEN~1\AppData\Local\Temp\cc0CIE5M.s 			page 27


 1302      00
 1303              	.LASF6:
 1304 01e1 6C6F6E67 		.ascii	"long int\000"
 1304      20696E74 
 1304      00
 1305              	.LASF26:
 1306 01ea 4445435F 		.ascii	"DEC_Convert_BCD\000"
 1306      436F6E76 
 1306      6572745F 
 1306      42434400 
 1307              	.LASF16:
 1308 01fa 6C6F6E67 		.ascii	"long double\000"
 1308      20646F75 
 1308      626C6500 
 1309              	.LASF0:
 1310 0206 7369676E 		.ascii	"signed char\000"
 1310      65642063 
 1310      68617200 
 1311              	.LASF35:
 1312 0212 443A5C70 		.ascii	"D:\\psoc\\theory\\i2c\\i2c.cydsn\000"
 1312      736F635C 
 1312      7468656F 
 1312      72795C69 
 1312      32635C69 
 1313              		.ident	"GCC: (GNU Tools for ARM Embedded Processors) 5.4.1 20160609 (release) [ARM/embedded-5-bran
