ARM GAS  C:\Users\NGUYEN~1\AppData\Local\Temp\cckE4mZO.s 			page 1


   1              		.syntax unified
   2              		.cpu cortex-m0
   3              		.fpu softvfp
   4              		.eabi_attribute 20, 1
   5              		.eabi_attribute 21, 1
   6              		.eabi_attribute 23, 3
   7              		.eabi_attribute 24, 1
   8              		.eabi_attribute 25, 1
   9              		.eabi_attribute 26, 1
  10              		.eabi_attribute 30, 1
  11              		.eabi_attribute 34, 0
  12              		.eabi_attribute 18, 4
  13              		.thumb
  14              		.syntax unified
  15              		.file	"main.c"
  16              		.text
  17              	.Ltext0:
  18              		.cfi_sections	.debug_frame
  19              		.section	.text.Timer_Int_Handle,"ax",%progbits
  20              		.align	2
  21              		.global	Timer_Int_Handle
  22              		.code	16
  23              		.thumb_func
  24              		.type	Timer_Int_Handle, %function
  25              	Timer_Int_Handle:
  26              	.LFB32:
  27              		.file 1 "main.c"
   1:main.c        **** /* ========================================
   2:main.c        ****  *
   3:main.c        ****  * Copyright YOUR COMPANY, THE YEAR
   4:main.c        ****  * All Rights Reserved
   5:main.c        ****  * UNPUBLISHED, LICENSED SOFTWARE.
   6:main.c        ****  *
   7:main.c        ****  * CONFIDENTIAL AND PROPRIETARY INFORMATION
   8:main.c        ****  * WHICH IS THE PROPERTY OF your company.
   9:main.c        ****  *
  10:main.c        ****  * ========================================
  11:main.c        **** */
  12:main.c        **** #include "project.h"
  13:main.c        **** 
  14:main.c        **** void systemInit();
  15:main.c        **** 
  16:main.c        **** CY_ISR ( Timer_Int_Handle )
  17:main.c        **** {
  28              		.loc 1 17 0
  29              		.cfi_startproc
  30              		@ args = 0, pretend = 0, frame = 0
  31              		@ frame_needed = 0, uses_anonymous_args = 0
  32 0000 10B5     		push	{r4, lr}
  33              		.cfi_def_cfa_offset 8
  34              		.cfi_offset 4, -8
  35              		.cfi_offset 14, -4
  18:main.c        ****     uint16 counter = Timer_ReadCapture();
  36              		.loc 1 18 0
  37 0002 FFF7FEFF 		bl	Timer_ReadCapture
  38              	.LVL0:
  39 0006 80B2     		uxth	r0, r0
ARM GAS  C:\Users\NGUYEN~1\AppData\Local\Temp\cckE4mZO.s 			page 2


  40              	.LVL1:
  19:main.c        ****     
  20:main.c        ****     if(counter > 10000)
  41              		.loc 1 20 0
  42 0008 044B     		ldr	r3, .L4
  43 000a 9842     		cmp	r0, r3
  44 000c 00D9     		bls	.L2
  21:main.c        ****         counter = 10000;
  45              		.loc 1 21 0
  46 000e 1800     		movs	r0, r3
  47              	.LVL2:
  48              	.L2:
  22:main.c        ****     
  23:main.c        ****     PWM_WriteCompare( counter );
  49              		.loc 1 23 0
  50 0010 FFF7FEFF 		bl	PWM_WriteCompare
  51              	.LVL3:
  24:main.c        ****     
  25:main.c        ****     Timer_ClearInterrupt( Timer_INTR_MASK_CC_MATCH ); // clearn timer counter
  52              		.loc 1 25 0
  53 0014 0220     		movs	r0, #2
  54 0016 FFF7FEFF 		bl	Timer_ClearInterrupt
  55              	.LVL4:
  26:main.c        **** }
  56              		.loc 1 26 0
  57              		@ sp needed
  58 001a 10BD     		pop	{r4, pc}
  59              	.L5:
  60              		.align	2
  61              	.L4:
  62 001c 10270000 		.word	10000
  63              		.cfi_endproc
  64              	.LFE32:
  65              		.size	Timer_Int_Handle, .-Timer_Int_Handle
  66              		.section	.text.systemInit,"ax",%progbits
  67              		.align	2
  68              		.global	systemInit
  69              		.code	16
  70              		.thumb_func
  71              		.type	systemInit, %function
  72              	systemInit:
  73              	.LFB34:
  27:main.c        **** 
  28:main.c        **** int main(void)
  29:main.c        **** {
  30:main.c        ****     CyGlobalIntEnable; /* Enable global interrupts. */
  31:main.c        **** 
  32:main.c        ****     /* Place your initialization/startup code here (e.g. MyInst_Start()) */
  33:main.c        ****     
  34:main.c        ****     systemInit();
  35:main.c        ****     
  36:main.c        **** 
  37:main.c        ****     for(;;)
  38:main.c        ****     {
  39:main.c        ****         /* Place your application code here. */
  40:main.c        ****         
  41:main.c        ****     }
ARM GAS  C:\Users\NGUYEN~1\AppData\Local\Temp\cckE4mZO.s 			page 3


  42:main.c        **** }
  43:main.c        **** 
  44:main.c        **** void systemInit()
  45:main.c        **** {
  74              		.loc 1 45 0
  75              		.cfi_startproc
  76              		@ args = 0, pretend = 0, frame = 0
  77              		@ frame_needed = 0, uses_anonymous_args = 0
  78 0000 10B5     		push	{r4, lr}
  79              		.cfi_def_cfa_offset 8
  80              		.cfi_offset 4, -8
  81              		.cfi_offset 14, -4
  46:main.c        ****     PWM_Start();
  82              		.loc 1 46 0
  83 0002 FFF7FEFF 		bl	PWM_Start
  84              	.LVL5:
  47:main.c        ****     
  48:main.c        ****     Timer_Start();
  85              		.loc 1 48 0
  86 0006 FFF7FEFF 		bl	Timer_Start
  87              	.LVL6:
  49:main.c        ****     
  50:main.c        ****     Timer_Int_StartEx( Timer_Int_Handle );
  88              		.loc 1 50 0
  89 000a 0248     		ldr	r0, .L7
  90 000c FFF7FEFF 		bl	Timer_Int_StartEx
  91              	.LVL7:
  51:main.c        **** }
  92              		.loc 1 51 0
  93              		@ sp needed
  94 0010 10BD     		pop	{r4, pc}
  95              	.L8:
  96 0012 C046     		.align	2
  97              	.L7:
  98 0014 00000000 		.word	Timer_Int_Handle
  99              		.cfi_endproc
 100              	.LFE34:
 101              		.size	systemInit, .-systemInit
 102              		.section	.text.main,"ax",%progbits
 103              		.align	2
 104              		.global	main
 105              		.code	16
 106              		.thumb_func
 107              		.type	main, %function
 108              	main:
 109              	.LFB33:
  29:main.c        ****     CyGlobalIntEnable; /* Enable global interrupts. */
 110              		.loc 1 29 0
 111              		.cfi_startproc
 112              		@ Volatile: function does not return.
 113              		@ args = 0, pretend = 0, frame = 0
 114              		@ frame_needed = 0, uses_anonymous_args = 0
 115 0000 10B5     		push	{r4, lr}
 116              		.cfi_def_cfa_offset 8
 117              		.cfi_offset 4, -8
 118              		.cfi_offset 14, -4
  30:main.c        **** 
ARM GAS  C:\Users\NGUYEN~1\AppData\Local\Temp\cckE4mZO.s 			page 4


 119              		.loc 1 30 0
 120              		.syntax divided
 121              	@ 30 "main.c" 1
 122 0002 62B6     		CPSIE   i
 123              	@ 0 "" 2
  34:main.c        ****     
 124              		.loc 1 34 0
 125              		.thumb
 126              		.syntax unified
 127 0004 FFF7FEFF 		bl	systemInit
 128              	.LVL8:
 129              	.L10:
 130 0008 FEE7     		b	.L10
 131              		.cfi_endproc
 132              	.LFE33:
 133              		.size	main, .-main
 134 000a C046     		.text
 135              	.Letext0:
 136              		.file 2 "Generated_Source\\PSoC4/cytypes.h"
 137              		.file 3 "Generated_Source\\PSoC4/Timer.h"
 138              		.file 4 "Generated_Source\\PSoC4/PWM.h"
 139              		.file 5 "Generated_Source\\PSoC4/Timer_Int.h"
 140              		.section	.debug_info,"",%progbits
 141              	.Ldebug_info0:
 142 0000 8E010000 		.4byte	0x18e
 143 0004 0400     		.2byte	0x4
 144 0006 00000000 		.4byte	.Ldebug_abbrev0
 145 000a 04       		.byte	0x4
 146 000b 01       		.uleb128 0x1
 147 000c ED000000 		.4byte	.LASF22
 148 0010 0C       		.byte	0xc
 149 0011 47000000 		.4byte	.LASF23
 150 0015 A3000000 		.4byte	.LASF24
 151 0019 00000000 		.4byte	.Ldebug_ranges0+0
 152 001d 00000000 		.4byte	0
 153 0021 00000000 		.4byte	.Ldebug_line0
 154 0025 02       		.uleb128 0x2
 155 0026 01       		.byte	0x1
 156 0027 06       		.byte	0x6
 157 0028 8E010000 		.4byte	.LASF0
 158 002c 02       		.uleb128 0x2
 159 002d 01       		.byte	0x1
 160 002e 08       		.byte	0x8
 161 002f 39000000 		.4byte	.LASF1
 162 0033 02       		.uleb128 0x2
 163 0034 02       		.byte	0x2
 164 0035 05       		.byte	0x5
 165 0036 CD010000 		.4byte	.LASF2
 166 003a 02       		.uleb128 0x2
 167 003b 02       		.byte	0x2
 168 003c 07       		.byte	0x7
 169 003d 7B010000 		.4byte	.LASF3
 170 0041 02       		.uleb128 0x2
 171 0042 04       		.byte	0x4
 172 0043 05       		.byte	0x5
 173 0044 D5000000 		.4byte	.LASF4
 174 0048 02       		.uleb128 0x2
ARM GAS  C:\Users\NGUYEN~1\AppData\Local\Temp\cckE4mZO.s 			page 5


 175 0049 04       		.byte	0x4
 176 004a 07       		.byte	0x7
 177 004b 65000000 		.4byte	.LASF5
 178 004f 02       		.uleb128 0x2
 179 0050 08       		.byte	0x8
 180 0051 05       		.byte	0x5
 181 0052 00000000 		.4byte	.LASF6
 182 0056 02       		.uleb128 0x2
 183 0057 08       		.byte	0x8
 184 0058 07       		.byte	0x7
 185 0059 77000000 		.4byte	.LASF7
 186 005d 03       		.uleb128 0x3
 187 005e 04       		.byte	0x4
 188 005f 05       		.byte	0x5
 189 0060 696E7400 		.ascii	"int\000"
 190 0064 02       		.uleb128 0x2
 191 0065 04       		.byte	0x4
 192 0066 07       		.byte	0x7
 193 0067 21000000 		.4byte	.LASF8
 194 006b 04       		.uleb128 0x4
 195 006c D7010000 		.4byte	.LASF9
 196 0070 02       		.byte	0x2
 197 0071 FC01     		.2byte	0x1fc
 198 0073 3A000000 		.4byte	0x3a
 199 0077 04       		.uleb128 0x4
 200 0078 0E000000 		.4byte	.LASF10
 201 007c 02       		.byte	0x2
 202 007d FD01     		.2byte	0x1fd
 203 007f 48000000 		.4byte	0x48
 204 0083 02       		.uleb128 0x2
 205 0084 04       		.byte	0x4
 206 0085 04       		.byte	0x4
 207 0086 93000000 		.4byte	.LASF11
 208 008a 02       		.uleb128 0x2
 209 008b 08       		.byte	0x8
 210 008c 04       		.byte	0x4
 211 008d DE000000 		.4byte	.LASF12
 212 0091 02       		.uleb128 0x2
 213 0092 01       		.byte	0x1
 214 0093 08       		.byte	0x8
 215 0094 8E000000 		.4byte	.LASF13
 216 0098 02       		.uleb128 0x2
 217 0099 08       		.byte	0x8
 218 009a 04       		.byte	0x4
 219 009b C1010000 		.4byte	.LASF14
 220 009f 02       		.uleb128 0x2
 221 00a0 04       		.byte	0x4
 222 00a1 07       		.byte	0x7
 223 00a2 EF010000 		.4byte	.LASF15
 224 00a6 05       		.uleb128 0x5
 225 00a7 C4000000 		.4byte	.LASF25
 226 00ab 01       		.byte	0x1
 227 00ac 10       		.byte	0x10
 228 00ad 00000000 		.4byte	.LFB32
 229 00b1 20000000 		.4byte	.LFE32-.LFB32
 230 00b5 01       		.uleb128 0x1
 231 00b6 9C       		.byte	0x9c
ARM GAS  C:\Users\NGUYEN~1\AppData\Local\Temp\cckE4mZO.s 			page 6


 232 00b7 EC000000 		.4byte	0xec
 233 00bb 06       		.uleb128 0x6
 234 00bc E5000000 		.4byte	.LASF26
 235 00c0 01       		.byte	0x1
 236 00c1 12       		.byte	0x12
 237 00c2 6B000000 		.4byte	0x6b
 238 00c6 00000000 		.4byte	.LLST0
 239 00ca 07       		.uleb128 0x7
 240 00cb 06000000 		.4byte	.LVL0
 241 00cf 4A010000 		.4byte	0x14a
 242 00d3 07       		.uleb128 0x7
 243 00d4 14000000 		.4byte	.LVL3
 244 00d8 56010000 		.4byte	0x156
 245 00dc 08       		.uleb128 0x8
 246 00dd 1A000000 		.4byte	.LVL4
 247 00e1 62010000 		.4byte	0x162
 248 00e5 09       		.uleb128 0x9
 249 00e6 01       		.uleb128 0x1
 250 00e7 50       		.byte	0x50
 251 00e8 01       		.uleb128 0x1
 252 00e9 32       		.byte	0x32
 253 00ea 00       		.byte	0
 254 00eb 00       		.byte	0
 255 00ec 0A       		.uleb128 0xa
 256 00ed 2E000000 		.4byte	.LASF27
 257 00f1 01       		.byte	0x1
 258 00f2 2C       		.byte	0x2c
 259 00f3 00000000 		.4byte	.LFB34
 260 00f7 18000000 		.4byte	.LFE34-.LFB34
 261 00fb 01       		.uleb128 0x1
 262 00fc 9C       		.byte	0x9c
 263 00fd 27010000 		.4byte	0x127
 264 0101 07       		.uleb128 0x7
 265 0102 06000000 		.4byte	.LVL5
 266 0106 6E010000 		.4byte	0x16e
 267 010a 07       		.uleb128 0x7
 268 010b 0A000000 		.4byte	.LVL6
 269 010f 7A010000 		.4byte	0x17a
 270 0113 08       		.uleb128 0x8
 271 0114 10000000 		.4byte	.LVL7
 272 0118 86010000 		.4byte	0x186
 273 011c 09       		.uleb128 0x9
 274 011d 01       		.uleb128 0x1
 275 011e 50       		.byte	0x50
 276 011f 05       		.uleb128 0x5
 277 0120 03       		.byte	0x3
 278 0121 00000000 		.4byte	Timer_Int_Handle
 279 0125 00       		.byte	0
 280 0126 00       		.byte	0
 281 0127 0B       		.uleb128 0xb
 282 0128 4E000000 		.4byte	.LASF28
 283 012c 01       		.byte	0x1
 284 012d 1C       		.byte	0x1c
 285 012e 5D000000 		.4byte	0x5d
 286 0132 00000000 		.4byte	.LFB33
 287 0136 0A000000 		.4byte	.LFE33-.LFB33
 288 013a 01       		.uleb128 0x1
ARM GAS  C:\Users\NGUYEN~1\AppData\Local\Temp\cckE4mZO.s 			page 7


 289 013b 9C       		.byte	0x9c
 290 013c 4A010000 		.4byte	0x14a
 291 0140 07       		.uleb128 0x7
 292 0141 08000000 		.4byte	.LVL8
 293 0145 EC000000 		.4byte	0xec
 294 0149 00       		.byte	0
 295 014a 0C       		.uleb128 0xc
 296 014b 9A010000 		.4byte	.LASF16
 297 014f 9A010000 		.4byte	.LASF16
 298 0153 03       		.byte	0x3
 299 0154 4D01     		.2byte	0x14d
 300 0156 0C       		.uleb128 0xc
 301 0157 DE010000 		.4byte	.LASF17
 302 015b DE010000 		.4byte	.LASF17
 303 015f 04       		.byte	0x4
 304 0160 5501     		.2byte	0x155
 305 0162 0C       		.uleb128 0xc
 306 0163 AC010000 		.4byte	.LASF18
 307 0167 AC010000 		.4byte	.LASF18
 308 016b 03       		.byte	0x3
 309 016c 4701     		.2byte	0x147
 310 016e 0C       		.uleb128 0xc
 311 016f 99000000 		.4byte	.LASF19
 312 0173 99000000 		.4byte	.LASF19
 313 0177 04       		.byte	0x4
 314 0178 3201     		.2byte	0x132
 315 017a 0C       		.uleb128 0xc
 316 017b 15000000 		.4byte	.LASF20
 317 017f 15000000 		.4byte	.LASF20
 318 0183 03       		.byte	0x3
 319 0184 3201     		.2byte	0x132
 320 0186 0D       		.uleb128 0xd
 321 0187 53000000 		.4byte	.LASF21
 322 018b 53000000 		.4byte	.LASF21
 323 018f 05       		.byte	0x5
 324 0190 18       		.byte	0x18
 325 0191 00       		.byte	0
 326              		.section	.debug_abbrev,"",%progbits
 327              	.Ldebug_abbrev0:
 328 0000 01       		.uleb128 0x1
 329 0001 11       		.uleb128 0x11
 330 0002 01       		.byte	0x1
 331 0003 25       		.uleb128 0x25
 332 0004 0E       		.uleb128 0xe
 333 0005 13       		.uleb128 0x13
 334 0006 0B       		.uleb128 0xb
 335 0007 03       		.uleb128 0x3
 336 0008 0E       		.uleb128 0xe
 337 0009 1B       		.uleb128 0x1b
 338 000a 0E       		.uleb128 0xe
 339 000b 55       		.uleb128 0x55
 340 000c 17       		.uleb128 0x17
 341 000d 11       		.uleb128 0x11
 342 000e 01       		.uleb128 0x1
 343 000f 10       		.uleb128 0x10
 344 0010 17       		.uleb128 0x17
 345 0011 00       		.byte	0
ARM GAS  C:\Users\NGUYEN~1\AppData\Local\Temp\cckE4mZO.s 			page 8


 346 0012 00       		.byte	0
 347 0013 02       		.uleb128 0x2
 348 0014 24       		.uleb128 0x24
 349 0015 00       		.byte	0
 350 0016 0B       		.uleb128 0xb
 351 0017 0B       		.uleb128 0xb
 352 0018 3E       		.uleb128 0x3e
 353 0019 0B       		.uleb128 0xb
 354 001a 03       		.uleb128 0x3
 355 001b 0E       		.uleb128 0xe
 356 001c 00       		.byte	0
 357 001d 00       		.byte	0
 358 001e 03       		.uleb128 0x3
 359 001f 24       		.uleb128 0x24
 360 0020 00       		.byte	0
 361 0021 0B       		.uleb128 0xb
 362 0022 0B       		.uleb128 0xb
 363 0023 3E       		.uleb128 0x3e
 364 0024 0B       		.uleb128 0xb
 365 0025 03       		.uleb128 0x3
 366 0026 08       		.uleb128 0x8
 367 0027 00       		.byte	0
 368 0028 00       		.byte	0
 369 0029 04       		.uleb128 0x4
 370 002a 16       		.uleb128 0x16
 371 002b 00       		.byte	0
 372 002c 03       		.uleb128 0x3
 373 002d 0E       		.uleb128 0xe
 374 002e 3A       		.uleb128 0x3a
 375 002f 0B       		.uleb128 0xb
 376 0030 3B       		.uleb128 0x3b
 377 0031 05       		.uleb128 0x5
 378 0032 49       		.uleb128 0x49
 379 0033 13       		.uleb128 0x13
 380 0034 00       		.byte	0
 381 0035 00       		.byte	0
 382 0036 05       		.uleb128 0x5
 383 0037 2E       		.uleb128 0x2e
 384 0038 01       		.byte	0x1
 385 0039 3F       		.uleb128 0x3f
 386 003a 19       		.uleb128 0x19
 387 003b 03       		.uleb128 0x3
 388 003c 0E       		.uleb128 0xe
 389 003d 3A       		.uleb128 0x3a
 390 003e 0B       		.uleb128 0xb
 391 003f 3B       		.uleb128 0x3b
 392 0040 0B       		.uleb128 0xb
 393 0041 27       		.uleb128 0x27
 394 0042 19       		.uleb128 0x19
 395 0043 11       		.uleb128 0x11
 396 0044 01       		.uleb128 0x1
 397 0045 12       		.uleb128 0x12
 398 0046 06       		.uleb128 0x6
 399 0047 40       		.uleb128 0x40
 400 0048 18       		.uleb128 0x18
 401 0049 9742     		.uleb128 0x2117
 402 004b 19       		.uleb128 0x19
ARM GAS  C:\Users\NGUYEN~1\AppData\Local\Temp\cckE4mZO.s 			page 9


 403 004c 01       		.uleb128 0x1
 404 004d 13       		.uleb128 0x13
 405 004e 00       		.byte	0
 406 004f 00       		.byte	0
 407 0050 06       		.uleb128 0x6
 408 0051 34       		.uleb128 0x34
 409 0052 00       		.byte	0
 410 0053 03       		.uleb128 0x3
 411 0054 0E       		.uleb128 0xe
 412 0055 3A       		.uleb128 0x3a
 413 0056 0B       		.uleb128 0xb
 414 0057 3B       		.uleb128 0x3b
 415 0058 0B       		.uleb128 0xb
 416 0059 49       		.uleb128 0x49
 417 005a 13       		.uleb128 0x13
 418 005b 02       		.uleb128 0x2
 419 005c 17       		.uleb128 0x17
 420 005d 00       		.byte	0
 421 005e 00       		.byte	0
 422 005f 07       		.uleb128 0x7
 423 0060 898201   		.uleb128 0x4109
 424 0063 00       		.byte	0
 425 0064 11       		.uleb128 0x11
 426 0065 01       		.uleb128 0x1
 427 0066 31       		.uleb128 0x31
 428 0067 13       		.uleb128 0x13
 429 0068 00       		.byte	0
 430 0069 00       		.byte	0
 431 006a 08       		.uleb128 0x8
 432 006b 898201   		.uleb128 0x4109
 433 006e 01       		.byte	0x1
 434 006f 11       		.uleb128 0x11
 435 0070 01       		.uleb128 0x1
 436 0071 31       		.uleb128 0x31
 437 0072 13       		.uleb128 0x13
 438 0073 00       		.byte	0
 439 0074 00       		.byte	0
 440 0075 09       		.uleb128 0x9
 441 0076 8A8201   		.uleb128 0x410a
 442 0079 00       		.byte	0
 443 007a 02       		.uleb128 0x2
 444 007b 18       		.uleb128 0x18
 445 007c 9142     		.uleb128 0x2111
 446 007e 18       		.uleb128 0x18
 447 007f 00       		.byte	0
 448 0080 00       		.byte	0
 449 0081 0A       		.uleb128 0xa
 450 0082 2E       		.uleb128 0x2e
 451 0083 01       		.byte	0x1
 452 0084 3F       		.uleb128 0x3f
 453 0085 19       		.uleb128 0x19
 454 0086 03       		.uleb128 0x3
 455 0087 0E       		.uleb128 0xe
 456 0088 3A       		.uleb128 0x3a
 457 0089 0B       		.uleb128 0xb
 458 008a 3B       		.uleb128 0x3b
 459 008b 0B       		.uleb128 0xb
ARM GAS  C:\Users\NGUYEN~1\AppData\Local\Temp\cckE4mZO.s 			page 10


 460 008c 11       		.uleb128 0x11
 461 008d 01       		.uleb128 0x1
 462 008e 12       		.uleb128 0x12
 463 008f 06       		.uleb128 0x6
 464 0090 40       		.uleb128 0x40
 465 0091 18       		.uleb128 0x18
 466 0092 9742     		.uleb128 0x2117
 467 0094 19       		.uleb128 0x19
 468 0095 01       		.uleb128 0x1
 469 0096 13       		.uleb128 0x13
 470 0097 00       		.byte	0
 471 0098 00       		.byte	0
 472 0099 0B       		.uleb128 0xb
 473 009a 2E       		.uleb128 0x2e
 474 009b 01       		.byte	0x1
 475 009c 3F       		.uleb128 0x3f
 476 009d 19       		.uleb128 0x19
 477 009e 03       		.uleb128 0x3
 478 009f 0E       		.uleb128 0xe
 479 00a0 3A       		.uleb128 0x3a
 480 00a1 0B       		.uleb128 0xb
 481 00a2 3B       		.uleb128 0x3b
 482 00a3 0B       		.uleb128 0xb
 483 00a4 27       		.uleb128 0x27
 484 00a5 19       		.uleb128 0x19
 485 00a6 49       		.uleb128 0x49
 486 00a7 13       		.uleb128 0x13
 487 00a8 8701     		.uleb128 0x87
 488 00aa 19       		.uleb128 0x19
 489 00ab 11       		.uleb128 0x11
 490 00ac 01       		.uleb128 0x1
 491 00ad 12       		.uleb128 0x12
 492 00ae 06       		.uleb128 0x6
 493 00af 40       		.uleb128 0x40
 494 00b0 18       		.uleb128 0x18
 495 00b1 9742     		.uleb128 0x2117
 496 00b3 19       		.uleb128 0x19
 497 00b4 01       		.uleb128 0x1
 498 00b5 13       		.uleb128 0x13
 499 00b6 00       		.byte	0
 500 00b7 00       		.byte	0
 501 00b8 0C       		.uleb128 0xc
 502 00b9 2E       		.uleb128 0x2e
 503 00ba 00       		.byte	0
 504 00bb 3F       		.uleb128 0x3f
 505 00bc 19       		.uleb128 0x19
 506 00bd 3C       		.uleb128 0x3c
 507 00be 19       		.uleb128 0x19
 508 00bf 6E       		.uleb128 0x6e
 509 00c0 0E       		.uleb128 0xe
 510 00c1 03       		.uleb128 0x3
 511 00c2 0E       		.uleb128 0xe
 512 00c3 3A       		.uleb128 0x3a
 513 00c4 0B       		.uleb128 0xb
 514 00c5 3B       		.uleb128 0x3b
 515 00c6 05       		.uleb128 0x5
 516 00c7 00       		.byte	0
ARM GAS  C:\Users\NGUYEN~1\AppData\Local\Temp\cckE4mZO.s 			page 11


 517 00c8 00       		.byte	0
 518 00c9 0D       		.uleb128 0xd
 519 00ca 2E       		.uleb128 0x2e
 520 00cb 00       		.byte	0
 521 00cc 3F       		.uleb128 0x3f
 522 00cd 19       		.uleb128 0x19
 523 00ce 3C       		.uleb128 0x3c
 524 00cf 19       		.uleb128 0x19
 525 00d0 6E       		.uleb128 0x6e
 526 00d1 0E       		.uleb128 0xe
 527 00d2 03       		.uleb128 0x3
 528 00d3 0E       		.uleb128 0xe
 529 00d4 3A       		.uleb128 0x3a
 530 00d5 0B       		.uleb128 0xb
 531 00d6 3B       		.uleb128 0x3b
 532 00d7 0B       		.uleb128 0xb
 533 00d8 00       		.byte	0
 534 00d9 00       		.byte	0
 535 00da 00       		.byte	0
 536              		.section	.debug_loc,"",%progbits
 537              	.Ldebug_loc0:
 538              	.LLST0:
 539 0000 08000000 		.4byte	.LVL1
 540 0004 13000000 		.4byte	.LVL3-1
 541 0008 0100     		.2byte	0x1
 542 000a 50       		.byte	0x50
 543 000b 00000000 		.4byte	0
 544 000f 00000000 		.4byte	0
 545              		.section	.debug_aranges,"",%progbits
 546 0000 2C000000 		.4byte	0x2c
 547 0004 0200     		.2byte	0x2
 548 0006 00000000 		.4byte	.Ldebug_info0
 549 000a 04       		.byte	0x4
 550 000b 00       		.byte	0
 551 000c 0000     		.2byte	0
 552 000e 0000     		.2byte	0
 553 0010 00000000 		.4byte	.LFB32
 554 0014 20000000 		.4byte	.LFE32-.LFB32
 555 0018 00000000 		.4byte	.LFB34
 556 001c 18000000 		.4byte	.LFE34-.LFB34
 557 0020 00000000 		.4byte	.LFB33
 558 0024 0A000000 		.4byte	.LFE33-.LFB33
 559 0028 00000000 		.4byte	0
 560 002c 00000000 		.4byte	0
 561              		.section	.debug_ranges,"",%progbits
 562              	.Ldebug_ranges0:
 563 0000 00000000 		.4byte	.LFB32
 564 0004 20000000 		.4byte	.LFE32
 565 0008 00000000 		.4byte	.LFB34
 566 000c 18000000 		.4byte	.LFE34
 567 0010 00000000 		.4byte	.LFB33
 568 0014 0A000000 		.4byte	.LFE33
 569 0018 00000000 		.4byte	0
 570 001c 00000000 		.4byte	0
 571              		.section	.debug_line,"",%progbits
 572              	.Ldebug_line0:
 573 0000 A3000000 		.section	.debug_str,"MS",%progbits,1
ARM GAS  C:\Users\NGUYEN~1\AppData\Local\Temp\cckE4mZO.s 			page 12


 573      02006400 
 573      00000201 
 573      FB0E0D00 
 573      01010101 
 574              	.LASF6:
 575 0000 6C6F6E67 		.ascii	"long long int\000"
 575      206C6F6E 
 575      6720696E 
 575      7400
 576              	.LASF10:
 577 000e 75696E74 		.ascii	"uint32\000"
 577      333200
 578              	.LASF20:
 579 0015 54696D65 		.ascii	"Timer_Start\000"
 579      725F5374 
 579      61727400 
 580              	.LASF8:
 581 0021 756E7369 		.ascii	"unsigned int\000"
 581      676E6564 
 581      20696E74 
 581      00
 582              	.LASF27:
 583 002e 73797374 		.ascii	"systemInit\000"
 583      656D496E 
 583      697400
 584              	.LASF1:
 585 0039 756E7369 		.ascii	"unsigned char\000"
 585      676E6564 
 585      20636861 
 585      7200
 586              	.LASF23:
 587 0047 6D61696E 		.ascii	"main.c\000"
 587      2E6300
 588              	.LASF28:
 589 004e 6D61696E 		.ascii	"main\000"
 589      00
 590              	.LASF21:
 591 0053 54696D65 		.ascii	"Timer_Int_StartEx\000"
 591      725F496E 
 591      745F5374 
 591      61727445 
 591      7800
 592              	.LASF5:
 593 0065 6C6F6E67 		.ascii	"long unsigned int\000"
 593      20756E73 
 593      69676E65 
 593      6420696E 
 593      7400
 594              	.LASF7:
 595 0077 6C6F6E67 		.ascii	"long long unsigned int\000"
 595      206C6F6E 
 595      6720756E 
 595      7369676E 
 595      65642069 
 596              	.LASF13:
 597 008e 63686172 		.ascii	"char\000"
 597      00
ARM GAS  C:\Users\NGUYEN~1\AppData\Local\Temp\cckE4mZO.s 			page 13


 598              	.LASF11:
 599 0093 666C6F61 		.ascii	"float\000"
 599      7400
 600              	.LASF19:
 601 0099 50574D5F 		.ascii	"PWM_Start\000"
 601      53746172 
 601      7400
 602              	.LASF24:
 603 00a3 443A5C70 		.ascii	"D:\\psoc\\theory\\timer\\timer.cydsn\000"
 603      736F635C 
 603      7468656F 
 603      72795C74 
 603      696D6572 
 604              	.LASF25:
 605 00c4 54696D65 		.ascii	"Timer_Int_Handle\000"
 605      725F496E 
 605      745F4861 
 605      6E646C65 
 605      00
 606              	.LASF4:
 607 00d5 6C6F6E67 		.ascii	"long int\000"
 607      20696E74 
 607      00
 608              	.LASF12:
 609 00de 646F7562 		.ascii	"double\000"
 609      6C6500
 610              	.LASF26:
 611 00e5 636F756E 		.ascii	"counter\000"
 611      74657200 
 612              	.LASF22:
 613 00ed 474E5520 		.ascii	"GNU C11 5.4.1 20160609 (release) [ARM/embedded-5-br"
 613      43313120 
 613      352E342E 
 613      31203230 
 613      31363036 
 614 0120 616E6368 		.ascii	"anch revision 237715] -mcpu=cortex-m0 -mthumb -g -O"
 614      20726576 
 614      6973696F 
 614      6E203233 
 614      37373135 
 615 0153 67202D66 		.ascii	"g -ffunction-sections -ffat-lto-objects\000"
 615      66756E63 
 615      74696F6E 
 615      2D736563 
 615      74696F6E 
 616              	.LASF3:
 617 017b 73686F72 		.ascii	"short unsigned int\000"
 617      7420756E 
 617      7369676E 
 617      65642069 
 617      6E7400
 618              	.LASF0:
 619 018e 7369676E 		.ascii	"signed char\000"
 619      65642063 
 619      68617200 
 620              	.LASF16:
 621 019a 54696D65 		.ascii	"Timer_ReadCapture\000"
ARM GAS  C:\Users\NGUYEN~1\AppData\Local\Temp\cckE4mZO.s 			page 14


 621      725F5265 
 621      61644361 
 621      70747572 
 621      6500
 622              	.LASF18:
 623 01ac 54696D65 		.ascii	"Timer_ClearInterrupt\000"
 623      725F436C 
 623      65617249 
 623      6E746572 
 623      72757074 
 624              	.LASF14:
 625 01c1 6C6F6E67 		.ascii	"long double\000"
 625      20646F75 
 625      626C6500 
 626              	.LASF2:
 627 01cd 73686F72 		.ascii	"short int\000"
 627      7420696E 
 627      7400
 628              	.LASF9:
 629 01d7 75696E74 		.ascii	"uint16\000"
 629      313600
 630              	.LASF17:
 631 01de 50574D5F 		.ascii	"PWM_WriteCompare\000"
 631      57726974 
 631      65436F6D 
 631      70617265 
 631      00
 632              	.LASF15:
 633 01ef 73697A65 		.ascii	"sizetype\000"
 633      74797065 
 633      00
 634              		.ident	"GCC: (GNU Tools for ARM Embedded Processors) 5.4.1 20160609 (release) [ARM/embedded-5-bran
