ARM GAS  C:\Users\NGUYEN~1\AppData\Local\Temp\ccygxYDc.s 			page 1


   1              		.syntax unified
   2              		.cpu cortex-m0
   3              		.fpu softvfp
   4              		.eabi_attribute 20, 1
   5              		.eabi_attribute 21, 1
   6              		.eabi_attribute 23, 3
   7              		.eabi_attribute 24, 1
   8              		.eabi_attribute 25, 1
   9              		.eabi_attribute 26, 1
  10              		.eabi_attribute 30, 1
  11              		.eabi_attribute 34, 0
  12              		.eabi_attribute 18, 4
  13              		.thumb
  14              		.syntax unified
  15              		.file	"cyfitter_cfg.c"
  16              		.text
  17              	.Ltext0:
  18              		.cfi_sections	.debug_frame
  19              		.section	.text.cfg_write_bytes32,"ax",%progbits
  20              		.align	2
  21              		.code	16
  22              		.thumb_func
  23              		.type	cfg_write_bytes32, %function
  24              	cfg_write_bytes32:
  25              	.LFB3:
  26              		.file 1 "Generated_Source\\PSoC4\\cyfitter_cfg.c"
   1:Generated_Source\PSoC4/cyfitter_cfg.c **** 
   2:Generated_Source\PSoC4/cyfitter_cfg.c **** /*******************************************************************************
   3:Generated_Source\PSoC4/cyfitter_cfg.c **** * File Name: cyfitter_cfg.c
   4:Generated_Source\PSoC4/cyfitter_cfg.c **** * 
   5:Generated_Source\PSoC4/cyfitter_cfg.c **** * PSoC Creator  4.4
   6:Generated_Source\PSoC4/cyfitter_cfg.c **** *
   7:Generated_Source\PSoC4/cyfitter_cfg.c **** * Description:
   8:Generated_Source\PSoC4/cyfitter_cfg.c **** * This file contains device initialization code.
   9:Generated_Source\PSoC4/cyfitter_cfg.c **** * Except for the user defined sections in CyClockStartupError(), this file should not be modified.
  10:Generated_Source\PSoC4/cyfitter_cfg.c **** * This file is automatically generated by PSoC Creator.
  11:Generated_Source\PSoC4/cyfitter_cfg.c **** *
  12:Generated_Source\PSoC4/cyfitter_cfg.c **** ********************************************************************************
  13:Generated_Source\PSoC4/cyfitter_cfg.c **** * Copyright (c) 2007-2020 Cypress Semiconductor.  All rights reserved.
  14:Generated_Source\PSoC4/cyfitter_cfg.c **** * You may use this file only in accordance with the license, terms, conditions, 
  15:Generated_Source\PSoC4/cyfitter_cfg.c **** * disclaimers, and limitations in the end user license agreement accompanying 
  16:Generated_Source\PSoC4/cyfitter_cfg.c **** * the software package with which this file was provided.
  17:Generated_Source\PSoC4/cyfitter_cfg.c **** ********************************************************************************/
  18:Generated_Source\PSoC4/cyfitter_cfg.c **** 
  19:Generated_Source\PSoC4/cyfitter_cfg.c **** #include <string.h>
  20:Generated_Source\PSoC4/cyfitter_cfg.c **** #include "cytypes.h"
  21:Generated_Source\PSoC4/cyfitter_cfg.c **** #include "cydevice_trm.h"
  22:Generated_Source\PSoC4/cyfitter_cfg.c **** #include "cyfitter.h"
  23:Generated_Source\PSoC4/cyfitter_cfg.c **** #include "CyLib.h"
  24:Generated_Source\PSoC4/cyfitter_cfg.c **** #include "CyLFClk.h"
  25:Generated_Source\PSoC4/cyfitter_cfg.c **** #include "cyfitter_cfg.h"
  26:Generated_Source\PSoC4/cyfitter_cfg.c **** #include "cyapicallbacks.h"
  27:Generated_Source\PSoC4/cyfitter_cfg.c **** 
  28:Generated_Source\PSoC4/cyfitter_cfg.c **** 
  29:Generated_Source\PSoC4/cyfitter_cfg.c **** #if defined(__GNUC__) || defined(__ARMCC_VERSION)
  30:Generated_Source\PSoC4/cyfitter_cfg.c ****     #define CYPACKED 
  31:Generated_Source\PSoC4/cyfitter_cfg.c ****     #define CYPACKED_ATTR __attribute__ ((packed))
ARM GAS  C:\Users\NGUYEN~1\AppData\Local\Temp\ccygxYDc.s 			page 2


  32:Generated_Source\PSoC4/cyfitter_cfg.c ****     #define CYALIGNED __attribute__ ((aligned))
  33:Generated_Source\PSoC4/cyfitter_cfg.c ****     #define CY_CFG_UNUSED __attribute__ ((unused))
  34:Generated_Source\PSoC4/cyfitter_cfg.c ****     #ifndef CY_CFG_SECTION
  35:Generated_Source\PSoC4/cyfitter_cfg.c ****         #define CY_CFG_SECTION __attribute__ ((section(".psocinit")))
  36:Generated_Source\PSoC4/cyfitter_cfg.c ****     #endif
  37:Generated_Source\PSoC4/cyfitter_cfg.c ****     
  38:Generated_Source\PSoC4/cyfitter_cfg.c ****     #if defined(__ARMCC_VERSION)
  39:Generated_Source\PSoC4/cyfitter_cfg.c ****         #define CY_CFG_MEMORY_BARRIER() __memory_changed()
  40:Generated_Source\PSoC4/cyfitter_cfg.c ****     #else
  41:Generated_Source\PSoC4/cyfitter_cfg.c ****         #define CY_CFG_MEMORY_BARRIER() __sync_synchronize()
  42:Generated_Source\PSoC4/cyfitter_cfg.c ****     #endif
  43:Generated_Source\PSoC4/cyfitter_cfg.c ****     
  44:Generated_Source\PSoC4/cyfitter_cfg.c **** #elif defined(__ICCARM__)
  45:Generated_Source\PSoC4/cyfitter_cfg.c ****     #include <intrinsics.h>
  46:Generated_Source\PSoC4/cyfitter_cfg.c **** 
  47:Generated_Source\PSoC4/cyfitter_cfg.c ****     #define CYPACKED __packed
  48:Generated_Source\PSoC4/cyfitter_cfg.c ****     #define CYPACKED_ATTR 
  49:Generated_Source\PSoC4/cyfitter_cfg.c ****     #define CYALIGNED _Pragma("data_alignment=4")
  50:Generated_Source\PSoC4/cyfitter_cfg.c ****     #define CY_CFG_UNUSED _Pragma("diag_suppress=Pe177")
  51:Generated_Source\PSoC4/cyfitter_cfg.c ****     #define CY_CFG_SECTION _Pragma("location=\".psocinit\"")
  52:Generated_Source\PSoC4/cyfitter_cfg.c ****     
  53:Generated_Source\PSoC4/cyfitter_cfg.c ****     #define CY_CFG_MEMORY_BARRIER() __DMB()
  54:Generated_Source\PSoC4/cyfitter_cfg.c ****     
  55:Generated_Source\PSoC4/cyfitter_cfg.c **** #else
  56:Generated_Source\PSoC4/cyfitter_cfg.c ****     #error Unsupported toolchain
  57:Generated_Source\PSoC4/cyfitter_cfg.c **** #endif
  58:Generated_Source\PSoC4/cyfitter_cfg.c **** 
  59:Generated_Source\PSoC4/cyfitter_cfg.c **** #ifndef CYCODE
  60:Generated_Source\PSoC4/cyfitter_cfg.c ****     #define CYCODE
  61:Generated_Source\PSoC4/cyfitter_cfg.c **** #endif
  62:Generated_Source\PSoC4/cyfitter_cfg.c **** #ifndef CYDATA
  63:Generated_Source\PSoC4/cyfitter_cfg.c ****     #define CYDATA
  64:Generated_Source\PSoC4/cyfitter_cfg.c **** #endif
  65:Generated_Source\PSoC4/cyfitter_cfg.c **** #ifndef CYFAR
  66:Generated_Source\PSoC4/cyfitter_cfg.c ****     #define CYFAR
  67:Generated_Source\PSoC4/cyfitter_cfg.c **** #endif
  68:Generated_Source\PSoC4/cyfitter_cfg.c **** #ifndef CYXDATA
  69:Generated_Source\PSoC4/cyfitter_cfg.c ****     #define CYXDATA
  70:Generated_Source\PSoC4/cyfitter_cfg.c **** #endif
  71:Generated_Source\PSoC4/cyfitter_cfg.c **** 
  72:Generated_Source\PSoC4/cyfitter_cfg.c **** 
  73:Generated_Source\PSoC4/cyfitter_cfg.c **** CY_CFG_UNUSED
  74:Generated_Source\PSoC4/cyfitter_cfg.c **** static void CYMEMZERO(void *s, size_t n);
  75:Generated_Source\PSoC4/cyfitter_cfg.c **** CY_CFG_UNUSED
  76:Generated_Source\PSoC4/cyfitter_cfg.c **** static void CYMEMZERO(void *s, size_t n)
  77:Generated_Source\PSoC4/cyfitter_cfg.c **** {
  78:Generated_Source\PSoC4/cyfitter_cfg.c **** 	(void)memset(s, 0, n);
  79:Generated_Source\PSoC4/cyfitter_cfg.c **** }
  80:Generated_Source\PSoC4/cyfitter_cfg.c **** CY_CFG_UNUSED
  81:Generated_Source\PSoC4/cyfitter_cfg.c **** static void CYCONFIGCPY(void *dest, const void *src, size_t n);
  82:Generated_Source\PSoC4/cyfitter_cfg.c **** CY_CFG_UNUSED
  83:Generated_Source\PSoC4/cyfitter_cfg.c **** static void CYCONFIGCPY(void *dest, const void *src, size_t n)
  84:Generated_Source\PSoC4/cyfitter_cfg.c **** {
  85:Generated_Source\PSoC4/cyfitter_cfg.c **** 	(void)memcpy(dest, src, n);
  86:Generated_Source\PSoC4/cyfitter_cfg.c **** }
  87:Generated_Source\PSoC4/cyfitter_cfg.c **** CY_CFG_UNUSED
  88:Generated_Source\PSoC4/cyfitter_cfg.c **** static void CYCONFIGCPYCODE(void *dest, const void *src, size_t n);
ARM GAS  C:\Users\NGUYEN~1\AppData\Local\Temp\ccygxYDc.s 			page 3


  89:Generated_Source\PSoC4/cyfitter_cfg.c **** CY_CFG_UNUSED
  90:Generated_Source\PSoC4/cyfitter_cfg.c **** static void CYCONFIGCPYCODE(void *dest, const void *src, size_t n)
  91:Generated_Source\PSoC4/cyfitter_cfg.c **** {
  92:Generated_Source\PSoC4/cyfitter_cfg.c **** 	(void)memcpy(dest, src, n);
  93:Generated_Source\PSoC4/cyfitter_cfg.c **** }
  94:Generated_Source\PSoC4/cyfitter_cfg.c **** 
  95:Generated_Source\PSoC4/cyfitter_cfg.c **** 
  96:Generated_Source\PSoC4/cyfitter_cfg.c **** 
  97:Generated_Source\PSoC4/cyfitter_cfg.c **** 
  98:Generated_Source\PSoC4/cyfitter_cfg.c **** /* Clock startup error codes                                                   */
  99:Generated_Source\PSoC4/cyfitter_cfg.c **** #define CYCLOCKSTART_NO_ERROR    0u
 100:Generated_Source\PSoC4/cyfitter_cfg.c **** #define CYCLOCKSTART_XTAL_ERROR  1u
 101:Generated_Source\PSoC4/cyfitter_cfg.c **** #define CYCLOCKSTART_32KHZ_ERROR 2u
 102:Generated_Source\PSoC4/cyfitter_cfg.c **** #define CYCLOCKSTART_PLL_ERROR   3u
 103:Generated_Source\PSoC4/cyfitter_cfg.c **** #define CYCLOCKSTART_FLL_ERROR   4u
 104:Generated_Source\PSoC4/cyfitter_cfg.c **** #define CYCLOCKSTART_WCO_ERROR   5u
 105:Generated_Source\PSoC4/cyfitter_cfg.c **** 
 106:Generated_Source\PSoC4/cyfitter_cfg.c **** 
 107:Generated_Source\PSoC4/cyfitter_cfg.c **** #ifdef CY_NEED_CYCLOCKSTARTUPERROR
 108:Generated_Source\PSoC4/cyfitter_cfg.c **** /*******************************************************************************
 109:Generated_Source\PSoC4/cyfitter_cfg.c **** * Function Name: CyClockStartupError
 110:Generated_Source\PSoC4/cyfitter_cfg.c **** ********************************************************************************
 111:Generated_Source\PSoC4/cyfitter_cfg.c **** * Summary:
 112:Generated_Source\PSoC4/cyfitter_cfg.c **** *  If an error is encountered during clock configuration (crystal startup error,
 113:Generated_Source\PSoC4/cyfitter_cfg.c **** *  PLL lock error, etc.), the system will end up here.  Unless reimplemented by
 114:Generated_Source\PSoC4/cyfitter_cfg.c **** *  the customer, this function will stop in an infinite loop.
 115:Generated_Source\PSoC4/cyfitter_cfg.c **** *
 116:Generated_Source\PSoC4/cyfitter_cfg.c **** * Parameters:
 117:Generated_Source\PSoC4/cyfitter_cfg.c **** *   void
 118:Generated_Source\PSoC4/cyfitter_cfg.c **** *
 119:Generated_Source\PSoC4/cyfitter_cfg.c **** * Return:
 120:Generated_Source\PSoC4/cyfitter_cfg.c **** *   void
 121:Generated_Source\PSoC4/cyfitter_cfg.c **** *
 122:Generated_Source\PSoC4/cyfitter_cfg.c **** *******************************************************************************/
 123:Generated_Source\PSoC4/cyfitter_cfg.c **** CY_CFG_UNUSED
 124:Generated_Source\PSoC4/cyfitter_cfg.c **** static void CyClockStartupError(uint8 errorCode);
 125:Generated_Source\PSoC4/cyfitter_cfg.c **** CY_CFG_UNUSED
 126:Generated_Source\PSoC4/cyfitter_cfg.c **** static void CyClockStartupError(uint8 errorCode)
 127:Generated_Source\PSoC4/cyfitter_cfg.c **** {
 128:Generated_Source\PSoC4/cyfitter_cfg.c ****     /* To remove the compiler warning if errorCode not used.                */
 129:Generated_Source\PSoC4/cyfitter_cfg.c ****     errorCode = errorCode;
 130:Generated_Source\PSoC4/cyfitter_cfg.c **** 
 131:Generated_Source\PSoC4/cyfitter_cfg.c ****     /* If we have a clock startup error (bad MHz crystal, PLL lock, etc.),  */
 132:Generated_Source\PSoC4/cyfitter_cfg.c ****     /* we will end up here to allow the customer to implement something to  */
 133:Generated_Source\PSoC4/cyfitter_cfg.c ****     /* deal with the clock condition.                                       */
 134:Generated_Source\PSoC4/cyfitter_cfg.c **** 
 135:Generated_Source\PSoC4/cyfitter_cfg.c **** #ifdef CY_CFG_CLOCK_STARTUP_ERROR_CALLBACK
 136:Generated_Source\PSoC4/cyfitter_cfg.c ****     CY_CFG_Clock_Startup_ErrorCallback();
 137:Generated_Source\PSoC4/cyfitter_cfg.c **** #else
 138:Generated_Source\PSoC4/cyfitter_cfg.c ****     /*  If not using CY_CFG_CLOCK_STARTUP_ERROR_CALLBACK, place your clock startup code here. */
 139:Generated_Source\PSoC4/cyfitter_cfg.c ****     /* `#START CyClockStartupError` */
 140:Generated_Source\PSoC4/cyfitter_cfg.c **** 
 141:Generated_Source\PSoC4/cyfitter_cfg.c **** 
 142:Generated_Source\PSoC4/cyfitter_cfg.c **** 
 143:Generated_Source\PSoC4/cyfitter_cfg.c ****     /* `#END` */
 144:Generated_Source\PSoC4/cyfitter_cfg.c **** 
 145:Generated_Source\PSoC4/cyfitter_cfg.c ****     while(1) {}
ARM GAS  C:\Users\NGUYEN~1\AppData\Local\Temp\ccygxYDc.s 			page 4


 146:Generated_Source\PSoC4/cyfitter_cfg.c **** #endif /* CY_CFG_CLOCK_STARTUP_ERROR_CALLBACK */
 147:Generated_Source\PSoC4/cyfitter_cfg.c **** }
 148:Generated_Source\PSoC4/cyfitter_cfg.c **** #endif
 149:Generated_Source\PSoC4/cyfitter_cfg.c **** 
 150:Generated_Source\PSoC4/cyfitter_cfg.c **** #define CY_CFG_BASE_ADDR_COUNT 1u
 151:Generated_Source\PSoC4/cyfitter_cfg.c **** CYPACKED typedef struct
 152:Generated_Source\PSoC4/cyfitter_cfg.c **** {
 153:Generated_Source\PSoC4/cyfitter_cfg.c **** 	uint8 offset;
 154:Generated_Source\PSoC4/cyfitter_cfg.c **** 	uint8 value;
 155:Generated_Source\PSoC4/cyfitter_cfg.c **** } CYPACKED_ATTR cy_cfg_addrvalue_t;
 156:Generated_Source\PSoC4/cyfitter_cfg.c **** 
 157:Generated_Source\PSoC4/cyfitter_cfg.c **** 
 158:Generated_Source\PSoC4/cyfitter_cfg.c **** 
 159:Generated_Source\PSoC4/cyfitter_cfg.c **** /*******************************************************************************
 160:Generated_Source\PSoC4/cyfitter_cfg.c **** * Function Name: cfg_write_bytes32
 161:Generated_Source\PSoC4/cyfitter_cfg.c **** ********************************************************************************
 162:Generated_Source\PSoC4/cyfitter_cfg.c **** * Summary:
 163:Generated_Source\PSoC4/cyfitter_cfg.c **** *  This function is used for setting up the chip configuration areas that
 164:Generated_Source\PSoC4/cyfitter_cfg.c **** *  contain relatively sparse data.
 165:Generated_Source\PSoC4/cyfitter_cfg.c **** *
 166:Generated_Source\PSoC4/cyfitter_cfg.c **** * Parameters:
 167:Generated_Source\PSoC4/cyfitter_cfg.c **** *   void
 168:Generated_Source\PSoC4/cyfitter_cfg.c **** *
 169:Generated_Source\PSoC4/cyfitter_cfg.c **** * Return:
 170:Generated_Source\PSoC4/cyfitter_cfg.c **** *   void
 171:Generated_Source\PSoC4/cyfitter_cfg.c **** *
 172:Generated_Source\PSoC4/cyfitter_cfg.c **** *******************************************************************************/
 173:Generated_Source\PSoC4/cyfitter_cfg.c **** static void cfg_write_bytes32(const uint32 addr_table[], const cy_cfg_addrvalue_t data_table[]);
 174:Generated_Source\PSoC4/cyfitter_cfg.c **** static void cfg_write_bytes32(const uint32 addr_table[], const cy_cfg_addrvalue_t data_table[])
 175:Generated_Source\PSoC4/cyfitter_cfg.c **** {
  27              		.loc 1 175 0
  28              		.cfi_startproc
  29              		@ args = 0, pretend = 0, frame = 0
  30              		@ frame_needed = 0, uses_anonymous_args = 0
  31              	.LVL0:
  32 0000 F0B5     		push	{r4, r5, r6, r7, lr}
  33              		.cfi_def_cfa_offset 20
  34              		.cfi_offset 4, -20
  35              		.cfi_offset 5, -16
  36              		.cfi_offset 6, -12
  37              		.cfi_offset 7, -8
  38              		.cfi_offset 14, -4
  39              	.LVL1:
 176:Generated_Source\PSoC4/cyfitter_cfg.c **** 	/* For 32-bit little-endian architectures */
 177:Generated_Source\PSoC4/cyfitter_cfg.c **** 	uint32 i, j = 0u;
  40              		.loc 1 177 0
  41 0002 0025     		movs	r5, #0
 178:Generated_Source\PSoC4/cyfitter_cfg.c **** 	for (i = 0u; i < CY_CFG_BASE_ADDR_COUNT; i++)
  42              		.loc 1 178 0
  43 0004 0027     		movs	r7, #0
  44 0006 11E0     		b	.L2
  45              	.LVL2:
  46              	.L5:
  47              	.LBB2:
 179:Generated_Source\PSoC4/cyfitter_cfg.c **** 	{
 180:Generated_Source\PSoC4/cyfitter_cfg.c **** 		uint32 baseAddr = addr_table[i];
  48              		.loc 1 180 0
ARM GAS  C:\Users\NGUYEN~1\AppData\Local\Temp\ccygxYDc.s 			page 5


  49 0008 BB00     		lsls	r3, r7, #2
  50 000a C658     		ldr	r6, [r0, r3]
  51              	.LVL3:
 181:Generated_Source\PSoC4/cyfitter_cfg.c **** 		uint8 count = (uint8)baseAddr;
  52              		.loc 1 181 0
  53 000c F3B2     		uxtb	r3, r6
  54              	.LVL4:
 182:Generated_Source\PSoC4/cyfitter_cfg.c **** 		baseAddr &= 0xFFFFFF00u;
  55              		.loc 1 182 0
  56 000e FF22     		movs	r2, #255
  57 0010 9643     		bics	r6, r2
  58              	.LVL5:
 183:Generated_Source\PSoC4/cyfitter_cfg.c **** 		while (count != 0u)
  59              		.loc 1 183 0
  60 0012 08E0     		b	.L3
  61              	.L4:
 184:Generated_Source\PSoC4/cyfitter_cfg.c **** 		{
 185:Generated_Source\PSoC4/cyfitter_cfg.c **** 			CY_SET_REG8((void *)(baseAddr + data_table[j].offset), data_table[j].value);
  62              		.loc 1 185 0
  63 0014 6A00     		lsls	r2, r5, #1
  64 0016 8A18     		adds	r2, r1, r2
  65 0018 1478     		ldrb	r4, [r2]
  66 001a A419     		adds	r4, r4, r6
  67 001c 5278     		ldrb	r2, [r2, #1]
  68 001e 2270     		strb	r2, [r4]
 186:Generated_Source\PSoC4/cyfitter_cfg.c **** 			j++;
  69              		.loc 1 186 0
  70 0020 0135     		adds	r5, r5, #1
  71              	.LVL6:
 187:Generated_Source\PSoC4/cyfitter_cfg.c **** 			count--;
  72              		.loc 1 187 0
  73 0022 013B     		subs	r3, r3, #1
  74              	.LVL7:
  75 0024 DBB2     		uxtb	r3, r3
  76              	.LVL8:
  77              	.L3:
 183:Generated_Source\PSoC4/cyfitter_cfg.c **** 		{
  78              		.loc 1 183 0
  79 0026 002B     		cmp	r3, #0
  80 0028 F4D1     		bne	.L4
  81              	.LBE2:
 178:Generated_Source\PSoC4/cyfitter_cfg.c **** 	{
  82              		.loc 1 178 0 discriminator 2
  83 002a 0137     		adds	r7, r7, #1
  84              	.LVL9:
  85              	.L2:
 178:Generated_Source\PSoC4/cyfitter_cfg.c **** 	{
  86              		.loc 1 178 0 is_stmt 0 discriminator 1
  87 002c 002F     		cmp	r7, #0
  88 002e EBD0     		beq	.L5
 188:Generated_Source\PSoC4/cyfitter_cfg.c **** 		}
 189:Generated_Source\PSoC4/cyfitter_cfg.c **** 	}
 190:Generated_Source\PSoC4/cyfitter_cfg.c **** }
  89              		.loc 1 190 0 is_stmt 1
  90              		@ sp needed
  91              	.LVL10:
  92              	.LVL11:
ARM GAS  C:\Users\NGUYEN~1\AppData\Local\Temp\ccygxYDc.s 			page 6


  93 0030 F0BD     		pop	{r4, r5, r6, r7, pc}
  94              		.cfi_endproc
  95              	.LFE3:
  96              		.size	cfg_write_bytes32, .-cfg_write_bytes32
  97 0032 C046     		.section	.text.CYMEMZERO,"ax",%progbits
  98              		.align	2
  99              		.code	16
 100              		.thumb_func
 101              		.type	CYMEMZERO, %function
 102              	CYMEMZERO:
 103              	.LFB0:
  77:Generated_Source\PSoC4/cyfitter_cfg.c **** 	(void)memset(s, 0, n);
 104              		.loc 1 77 0
 105              		.cfi_startproc
 106              		@ args = 0, pretend = 0, frame = 0
 107              		@ frame_needed = 0, uses_anonymous_args = 0
 108              	.LVL12:
 109 0000 10B5     		push	{r4, lr}
 110              		.cfi_def_cfa_offset 8
 111              		.cfi_offset 4, -8
 112              		.cfi_offset 14, -4
 113 0002 0A00     		movs	r2, r1
  78:Generated_Source\PSoC4/cyfitter_cfg.c **** }
 114              		.loc 1 78 0
 115 0004 0021     		movs	r1, #0
 116              	.LVL13:
 117 0006 FFF7FEFF 		bl	memset
 118              	.LVL14:
  79:Generated_Source\PSoC4/cyfitter_cfg.c **** CY_CFG_UNUSED
 119              		.loc 1 79 0
 120              		@ sp needed
 121 000a 10BD     		pop	{r4, pc}
 122              		.cfi_endproc
 123              	.LFE0:
 124              		.size	CYMEMZERO, .-CYMEMZERO
 125              		.section	.psocinit,"ax",%progbits
 126              		.align	2
 127              		.code	16
 128              		.thumb_func
 129              		.type	ClockSetup, %function
 130              	ClockSetup:
 131              	.LFB4:
 191:Generated_Source\PSoC4/cyfitter_cfg.c **** 
 192:Generated_Source\PSoC4/cyfitter_cfg.c **** 
 193:Generated_Source\PSoC4/cyfitter_cfg.c **** /*******************************************************************************
 194:Generated_Source\PSoC4/cyfitter_cfg.c **** * Function Name: ClockSetup
 195:Generated_Source\PSoC4/cyfitter_cfg.c **** ********************************************************************************
 196:Generated_Source\PSoC4/cyfitter_cfg.c **** *
 197:Generated_Source\PSoC4/cyfitter_cfg.c **** * Summary:
 198:Generated_Source\PSoC4/cyfitter_cfg.c **** *   Performs the initialization of all of the clocks in the device based on the
 199:Generated_Source\PSoC4/cyfitter_cfg.c **** *   settings in the Clock tab of the DWR.  This includes enabling the requested
 200:Generated_Source\PSoC4/cyfitter_cfg.c **** *   clocks and setting the necessary dividers to produce the desired frequency. 
 201:Generated_Source\PSoC4/cyfitter_cfg.c **** *
 202:Generated_Source\PSoC4/cyfitter_cfg.c **** * Parameters:
 203:Generated_Source\PSoC4/cyfitter_cfg.c **** *   void
 204:Generated_Source\PSoC4/cyfitter_cfg.c **** *
 205:Generated_Source\PSoC4/cyfitter_cfg.c **** * Return:
ARM GAS  C:\Users\NGUYEN~1\AppData\Local\Temp\ccygxYDc.s 			page 7


 206:Generated_Source\PSoC4/cyfitter_cfg.c **** *   void
 207:Generated_Source\PSoC4/cyfitter_cfg.c **** *
 208:Generated_Source\PSoC4/cyfitter_cfg.c **** *******************************************************************************/
 209:Generated_Source\PSoC4/cyfitter_cfg.c **** static void ClockSetup(void);
 210:Generated_Source\PSoC4/cyfitter_cfg.c **** CY_CFG_SECTION
 211:Generated_Source\PSoC4/cyfitter_cfg.c **** static void ClockSetup(void)
 212:Generated_Source\PSoC4/cyfitter_cfg.c **** {
 132              		.loc 1 212 0
 133              		.cfi_startproc
 134              		@ args = 0, pretend = 0, frame = 0
 135              		@ frame_needed = 0, uses_anonymous_args = 0
 136 0000 70B5     		push	{r4, r5, r6, lr}
 137              		.cfi_def_cfa_offset 16
 138              		.cfi_offset 4, -16
 139              		.cfi_offset 5, -12
 140              		.cfi_offset 6, -8
 141              		.cfi_offset 14, -4
 213:Generated_Source\PSoC4/cyfitter_cfg.c **** 	/* Enable HALF_EN before trimming for the flash accelerator. */
 214:Generated_Source\PSoC4/cyfitter_cfg.c **** 	CY_SET_REG32((void CYXDATA *)(CYREG_CLK_SELECT), (CY_GET_REG32((void *)CYREG_CLK_SELECT) | 0x00040
 142              		.loc 1 214 0
 143 0002 134C     		ldr	r4, .L8
 144 0004 2368     		ldr	r3, [r4]
 145 0006 8022     		movs	r2, #128
 146 0008 D202     		lsls	r2, r2, #11
 147 000a 1343     		orrs	r3, r2
 148 000c 2360     		str	r3, [r4]
 215:Generated_Source\PSoC4/cyfitter_cfg.c **** 
 216:Generated_Source\PSoC4/cyfitter_cfg.c **** 	/* Setup and trim IMO based on desired frequency. */
 217:Generated_Source\PSoC4/cyfitter_cfg.c **** 	CySysClkWriteImoFreq(24u);
 149              		.loc 1 217 0
 150 000e 1820     		movs	r0, #24
 151 0010 FFF7FEFF 		bl	CySysClkWriteImoFreq
 152              	.LVL15:
 218:Generated_Source\PSoC4/cyfitter_cfg.c **** 
 219:Generated_Source\PSoC4/cyfitter_cfg.c **** 	/* Disable HALF_EN since it is not required at this IMO frequency. */
 220:Generated_Source\PSoC4/cyfitter_cfg.c **** 	CY_SET_REG32((void CYXDATA *)(CYREG_CLK_SELECT), (CY_GET_REG32((void *)CYREG_CLK_SELECT) & 0xFFFBF
 153              		.loc 1 220 0
 154 0014 2268     		ldr	r2, [r4]
 155 0016 0F4B     		ldr	r3, .L8+4
 156 0018 1340     		ands	r3, r2
 157 001a 2360     		str	r3, [r4]
 221:Generated_Source\PSoC4/cyfitter_cfg.c **** 	/* CYDEV_CLK_ILO_CONFIG Starting address: CYDEV_CLK_ILO_CONFIG */
 222:Generated_Source\PSoC4/cyfitter_cfg.c **** 	CY_SET_REG32((void *)(CYREG_CLK_ILO_CONFIG), 0x80000006u);
 158              		.loc 1 222 0
 159 001c 0E4A     		ldr	r2, .L8+8
 160 001e 0F4B     		ldr	r3, .L8+12
 161 0020 1A60     		str	r2, [r3]
 223:Generated_Source\PSoC4/cyfitter_cfg.c **** 
 224:Generated_Source\PSoC4/cyfitter_cfg.c **** 
 225:Generated_Source\PSoC4/cyfitter_cfg.c **** 	/* CYDEV_CLK_SELECT00 Starting address: CYDEV_CLK_SELECT00 */
 226:Generated_Source\PSoC4/cyfitter_cfg.c **** 	CY_SET_REG32((void *)(CYREG_CLK_SELECT08), 0x00000010u);
 162              		.loc 1 226 0
 163 0022 1022     		movs	r2, #16
 164 0024 0E4B     		ldr	r3, .L8+16
 165 0026 1A60     		str	r2, [r3]
 227:Generated_Source\PSoC4/cyfitter_cfg.c **** 
 228:Generated_Source\PSoC4/cyfitter_cfg.c **** 	/* CYDEV_CLK_IMO_CONFIG Starting address: CYDEV_CLK_IMO_CONFIG */
ARM GAS  C:\Users\NGUYEN~1\AppData\Local\Temp\ccygxYDc.s 			page 8


 229:Generated_Source\PSoC4/cyfitter_cfg.c **** 	CY_SET_REG32((void *)(CYREG_CLK_IMO_CONFIG), 0x80000000u);
 166              		.loc 1 229 0
 167 0028 8022     		movs	r2, #128
 168 002a 1206     		lsls	r2, r2, #24
 169 002c 0D4B     		ldr	r3, .L8+20
 170 002e 1A60     		str	r2, [r3]
 230:Generated_Source\PSoC4/cyfitter_cfg.c **** 
 231:Generated_Source\PSoC4/cyfitter_cfg.c **** 	/* CYDEV_CLK_SELECT Starting address: CYDEV_CLK_SELECT */
 232:Generated_Source\PSoC4/cyfitter_cfg.c **** 	CY_SET_REG32((void *)(CYREG_CLK_SELECT), 0x00000000u);
 171              		.loc 1 232 0
 172 0030 0025     		movs	r5, #0
 173 0032 2560     		str	r5, [r4]
 233:Generated_Source\PSoC4/cyfitter_cfg.c **** 
 234:Generated_Source\PSoC4/cyfitter_cfg.c **** 	/* CYDEV_CLK_DIVIDER_A00 Starting address: CYDEV_CLK_DIVIDER_A00 */
 235:Generated_Source\PSoC4/cyfitter_cfg.c **** 	CY_SET_REG32((void *)(CYREG_CLK_DIVIDER_A00), 0x80000001u);
 174              		.loc 1 235 0
 175 0034 0C4A     		ldr	r2, .L8+24
 176 0036 0D4B     		ldr	r3, .L8+28
 177 0038 1A60     		str	r2, [r3]
 236:Generated_Source\PSoC4/cyfitter_cfg.c **** 
 237:Generated_Source\PSoC4/cyfitter_cfg.c **** 	(void)CyIntSetVector(9u, &CySysWdtIsr);
 178              		.loc 1 237 0
 179 003a 0D49     		ldr	r1, .L8+32
 180 003c 0920     		movs	r0, #9
 181 003e FFF7FEFF 		bl	CyIntSetVector
 182              	.LVL16:
 238:Generated_Source\PSoC4/cyfitter_cfg.c **** 	CyIntEnable(9u);
 183              		.loc 1 238 0
 184 0042 0920     		movs	r0, #9
 185 0044 FFF7FEFF 		bl	CyIntEnable
 186              	.LVL17:
 239:Generated_Source\PSoC4/cyfitter_cfg.c **** 	CY_SET_REG32((void *)(CYREG_WDT_CONFIG), 0x00000000u);
 187              		.loc 1 239 0
 188 0048 0A4B     		ldr	r3, .L8+36
 189 004a 1D60     		str	r5, [r3]
 240:Generated_Source\PSoC4/cyfitter_cfg.c **** }
 190              		.loc 1 240 0
 191              		@ sp needed
 192 004c 70BD     		pop	{r4, r5, r6, pc}
 193              	.L9:
 194 004e C046     		.align	2
 195              	.L8:
 196 0050 00010B40 		.word	1074462976
 197 0054 FFFFFBFF 		.word	-262145
 198 0058 06000080 		.word	-2147483642
 199 005c 04010B40 		.word	1074462980
 200 0060 20020240 		.word	1073873440
 201 0064 08010B40 		.word	1074462984
 202 0068 01000080 		.word	-2147483647
 203 006c 00000240 		.word	1073872896
 204 0070 00000000 		.word	CySysWdtIsr
 205 0074 0C020B40 		.word	1074463244
 206              		.cfi_endproc
 207              	.LFE4:
 208              		.size	ClockSetup, .-ClockSetup
 209              		.align	2
 210              		.global	cyfitter_cfg
ARM GAS  C:\Users\NGUYEN~1\AppData\Local\Temp\ccygxYDc.s 			page 9


 211              		.code	16
 212              		.thumb_func
 213              		.type	cyfitter_cfg, %function
 214              	cyfitter_cfg:
 215              	.LFB6:
 241:Generated_Source\PSoC4/cyfitter_cfg.c **** 
 242:Generated_Source\PSoC4/cyfitter_cfg.c **** 
 243:Generated_Source\PSoC4/cyfitter_cfg.c **** /* Analog API Functions */
 244:Generated_Source\PSoC4/cyfitter_cfg.c **** 
 245:Generated_Source\PSoC4/cyfitter_cfg.c **** 
 246:Generated_Source\PSoC4/cyfitter_cfg.c **** /*******************************************************************************
 247:Generated_Source\PSoC4/cyfitter_cfg.c **** * Function Name: AnalogSetDefault
 248:Generated_Source\PSoC4/cyfitter_cfg.c **** ********************************************************************************
 249:Generated_Source\PSoC4/cyfitter_cfg.c **** *
 250:Generated_Source\PSoC4/cyfitter_cfg.c **** * Summary:
 251:Generated_Source\PSoC4/cyfitter_cfg.c **** *  Sets up the analog portions of the chip to default values based on chip
 252:Generated_Source\PSoC4/cyfitter_cfg.c **** *  configuration options from the project.
 253:Generated_Source\PSoC4/cyfitter_cfg.c **** *
 254:Generated_Source\PSoC4/cyfitter_cfg.c **** * Parameters:
 255:Generated_Source\PSoC4/cyfitter_cfg.c **** *  void
 256:Generated_Source\PSoC4/cyfitter_cfg.c **** *
 257:Generated_Source\PSoC4/cyfitter_cfg.c **** * Return:
 258:Generated_Source\PSoC4/cyfitter_cfg.c **** *  void
 259:Generated_Source\PSoC4/cyfitter_cfg.c **** *
 260:Generated_Source\PSoC4/cyfitter_cfg.c **** *******************************************************************************/
 261:Generated_Source\PSoC4/cyfitter_cfg.c **** static void AnalogSetDefault(void);
 262:Generated_Source\PSoC4/cyfitter_cfg.c **** static void AnalogSetDefault(void)
 263:Generated_Source\PSoC4/cyfitter_cfg.c **** {
 264:Generated_Source\PSoC4/cyfitter_cfg.c **** }
 265:Generated_Source\PSoC4/cyfitter_cfg.c **** 
 266:Generated_Source\PSoC4/cyfitter_cfg.c **** 
 267:Generated_Source\PSoC4/cyfitter_cfg.c **** 
 268:Generated_Source\PSoC4/cyfitter_cfg.c **** 
 269:Generated_Source\PSoC4/cyfitter_cfg.c **** /*******************************************************************************
 270:Generated_Source\PSoC4/cyfitter_cfg.c **** * Function Name: cyfitter_cfg
 271:Generated_Source\PSoC4/cyfitter_cfg.c **** ********************************************************************************
 272:Generated_Source\PSoC4/cyfitter_cfg.c **** * Summary:
 273:Generated_Source\PSoC4/cyfitter_cfg.c **** *  This function is called by the start-up code for the selected device. It
 274:Generated_Source\PSoC4/cyfitter_cfg.c **** *  performs all of the necessary device configuration based on the design
 275:Generated_Source\PSoC4/cyfitter_cfg.c **** *  settings.  This includes settings from the Design Wide Resources (DWR) such
 276:Generated_Source\PSoC4/cyfitter_cfg.c **** *  as Clocks and Pins as well as any component configuration that is necessary.
 277:Generated_Source\PSoC4/cyfitter_cfg.c **** *
 278:Generated_Source\PSoC4/cyfitter_cfg.c **** * Parameters:
 279:Generated_Source\PSoC4/cyfitter_cfg.c **** *   void
 280:Generated_Source\PSoC4/cyfitter_cfg.c **** *
 281:Generated_Source\PSoC4/cyfitter_cfg.c **** * Return:
 282:Generated_Source\PSoC4/cyfitter_cfg.c **** *   void
 283:Generated_Source\PSoC4/cyfitter_cfg.c **** *
 284:Generated_Source\PSoC4/cyfitter_cfg.c **** *******************************************************************************/
 285:Generated_Source\PSoC4/cyfitter_cfg.c **** CY_CFG_SECTION
 286:Generated_Source\PSoC4/cyfitter_cfg.c **** void cyfitter_cfg(void)
 287:Generated_Source\PSoC4/cyfitter_cfg.c **** {
 216              		.loc 1 287 0
 217              		.cfi_startproc
 218              		@ args = 0, pretend = 0, frame = 0
 219              		@ frame_needed = 0, uses_anonymous_args = 0
 220 0078 10B5     		push	{r4, lr}
ARM GAS  C:\Users\NGUYEN~1\AppData\Local\Temp\ccygxYDc.s 			page 10


 221              		.cfi_def_cfa_offset 8
 222              		.cfi_offset 4, -8
 223              		.cfi_offset 14, -4
 288:Generated_Source\PSoC4/cyfitter_cfg.c **** 	/* Disable interrupts by default. Let user enable if/when they want. */
 289:Generated_Source\PSoC4/cyfitter_cfg.c **** 	CyGlobalIntDisable;
 224              		.loc 1 289 0
 225              		.syntax divided
 226              	@ 289 "Generated_Source\PSoC4\cyfitter_cfg.c" 1
 227 007a 72B6     		CPSID   i
 228              	@ 0 "" 2
 229              	.LVL18:
 230              		.thumb
 231              		.syntax unified
 232              	.LBB3:
 290:Generated_Source\PSoC4/cyfitter_cfg.c **** 
 291:Generated_Source\PSoC4/cyfitter_cfg.c **** 	{
 292:Generated_Source\PSoC4/cyfitter_cfg.c **** 		static const uint32 CYCODE cy_cfg_addr_table[] = {
 293:Generated_Source\PSoC4/cyfitter_cfg.c **** 			0x400F4104u, /* Base address: 0x400F4100 Count: 4 */
 294:Generated_Source\PSoC4/cyfitter_cfg.c **** 		};
 295:Generated_Source\PSoC4/cyfitter_cfg.c **** 
 296:Generated_Source\PSoC4/cyfitter_cfg.c **** 		static const cy_cfg_addrvalue_t CYCODE cy_cfg_data_table[] = {
 297:Generated_Source\PSoC4/cyfitter_cfg.c **** 			{0x0Eu, 0x40u},
 298:Generated_Source\PSoC4/cyfitter_cfg.c **** 			{0x42u, 0x40u},
 299:Generated_Source\PSoC4/cyfitter_cfg.c **** 			{0xC2u, 0x20u},
 300:Generated_Source\PSoC4/cyfitter_cfg.c **** 			{0xD0u, 0x40u},
 301:Generated_Source\PSoC4/cyfitter_cfg.c **** 		};
 302:Generated_Source\PSoC4/cyfitter_cfg.c **** 
 303:Generated_Source\PSoC4/cyfitter_cfg.c **** 
 304:Generated_Source\PSoC4/cyfitter_cfg.c **** 
 305:Generated_Source\PSoC4/cyfitter_cfg.c **** 		CYPACKED typedef struct {
 306:Generated_Source\PSoC4/cyfitter_cfg.c **** 			void CYFAR *address;
 307:Generated_Source\PSoC4/cyfitter_cfg.c **** 			uint16 size;
 308:Generated_Source\PSoC4/cyfitter_cfg.c **** 		} CYPACKED_ATTR cfg_memset_t;
 309:Generated_Source\PSoC4/cyfitter_cfg.c **** 
 310:Generated_Source\PSoC4/cyfitter_cfg.c **** 		static const cfg_memset_t CYCODE cfg_memset_list[] = {
 311:Generated_Source\PSoC4/cyfitter_cfg.c **** 			/* address, size */
 312:Generated_Source\PSoC4/cyfitter_cfg.c **** 			{(void CYFAR *)(CYDEV_UDB_P0_U0_BASE), 1024u},
 313:Generated_Source\PSoC4/cyfitter_cfg.c **** 			{(void CYFAR *)(CYDEV_UDB_DSI0_BASE), 1024u},
 314:Generated_Source\PSoC4/cyfitter_cfg.c **** 		};
 315:Generated_Source\PSoC4/cyfitter_cfg.c **** 
 316:Generated_Source\PSoC4/cyfitter_cfg.c **** 		uint8 CYDATA i;
 317:Generated_Source\PSoC4/cyfitter_cfg.c **** 
 318:Generated_Source\PSoC4/cyfitter_cfg.c **** 		/* Zero out critical memory blocks before beginning configuration */
 319:Generated_Source\PSoC4/cyfitter_cfg.c **** 		for (i = 0u; i < (sizeof(cfg_memset_list)/sizeof(cfg_memset_list[0])); i++)
 233              		.loc 1 319 0
 234 007c 0024     		movs	r4, #0
 235 007e 0FE0     		b	.L11
 236              	.LVL19:
 237              	.L12:
 238              	.LBB4:
 320:Generated_Source\PSoC4/cyfitter_cfg.c **** 		{
 321:Generated_Source\PSoC4/cyfitter_cfg.c **** 			const cfg_memset_t CYCODE * CYDATA ms = &cfg_memset_list[i];
 322:Generated_Source\PSoC4/cyfitter_cfg.c **** 			CYMEMZERO(ms->address, (size_t)(uint32)(ms->size));
 239              		.loc 1 322 0 discriminator 3
 240 0080 1B48     		ldr	r0, .L13
 241 0082 6200     		lsls	r2, r4, #1
 242 0084 1319     		adds	r3, r2, r4
ARM GAS  C:\Users\NGUYEN~1\AppData\Local\Temp\ccygxYDc.s 			page 11


 243 0086 5900     		lsls	r1, r3, #1
 244 0088 0B00     		movs	r3, r1
 245 008a 4118     		adds	r1, r0, r1
 246 008c 8988     		ldrh	r1, [r1, #4]
 247 008e 1A5A     		ldrh	r2, [r3, r0]
 248 0090 C318     		adds	r3, r0, r3
 249 0092 5888     		ldrh	r0, [r3, #2]
 250 0094 0004     		lsls	r0, r0, #16
 251 0096 1043     		orrs	r0, r2
 252 0098 FFF7FEFF 		bl	CYMEMZERO
 253              	.LVL20:
 254              	.LBE4:
 319:Generated_Source\PSoC4/cyfitter_cfg.c **** 		{
 255              		.loc 1 319 0 discriminator 3
 256 009c 0134     		adds	r4, r4, #1
 257              	.LVL21:
 258 009e E4B2     		uxtb	r4, r4
 259              	.LVL22:
 260              	.L11:
 319:Generated_Source\PSoC4/cyfitter_cfg.c **** 		{
 261              		.loc 1 319 0 is_stmt 0 discriminator 1
 262 00a0 012C     		cmp	r4, #1
 263 00a2 EDD9     		bls	.L12
 323:Generated_Source\PSoC4/cyfitter_cfg.c **** 		}
 324:Generated_Source\PSoC4/cyfitter_cfg.c **** 
 325:Generated_Source\PSoC4/cyfitter_cfg.c **** 		cfg_write_bytes32(cy_cfg_addr_table, cy_cfg_data_table);
 264              		.loc 1 325 0 is_stmt 1
 265 00a4 1248     		ldr	r0, .L13
 266 00a6 0100     		movs	r1, r0
 267 00a8 0C31     		adds	r1, r1, #12
 268 00aa 1430     		adds	r0, r0, #20
 269 00ac FFF7FEFF 		bl	cfg_write_bytes32
 270              	.LVL23:
 326:Generated_Source\PSoC4/cyfitter_cfg.c **** 
 327:Generated_Source\PSoC4/cyfitter_cfg.c **** 		/* HSIOM Starting address: CYDEV_HSIOM_BASE */
 328:Generated_Source\PSoC4/cyfitter_cfg.c **** 		CY_SET_REG32((void *)(CYREG_HSIOM_PORT_SEL3), 0x0000EE00u);
 271              		.loc 1 328 0
 272 00b0 EE22     		movs	r2, #238
 273 00b2 1202     		lsls	r2, r2, #8
 274 00b4 0F4B     		ldr	r3, .L13+4
 275 00b6 1A60     		str	r2, [r3]
 329:Generated_Source\PSoC4/cyfitter_cfg.c **** 
 330:Generated_Source\PSoC4/cyfitter_cfg.c **** 		/* UDB_PA_1 Starting address: CYDEV_UDB_PA1_BASE */
 331:Generated_Source\PSoC4/cyfitter_cfg.c **** 		CY_SET_REG32((void *)(CYDEV_UDB_PA1_BASE), 0x00990000u);
 276              		.loc 1 331 0
 277 00b8 9923     		movs	r3, #153
 278 00ba 1B04     		lsls	r3, r3, #16
 279 00bc 0E4A     		ldr	r2, .L13+8
 280 00be 1360     		str	r3, [r2]
 332:Generated_Source\PSoC4/cyfitter_cfg.c **** 
 333:Generated_Source\PSoC4/cyfitter_cfg.c **** 		/* UDB_PA_3 Starting address: CYDEV_UDB_PA3_BASE */
 334:Generated_Source\PSoC4/cyfitter_cfg.c **** 		CY_SET_REG32((void *)(CYDEV_UDB_PA3_BASE), 0x00990000u);
 281              		.loc 1 334 0
 282 00c0 0E4A     		ldr	r2, .L13+12
 283 00c2 1360     		str	r3, [r2]
 335:Generated_Source\PSoC4/cyfitter_cfg.c **** 
 336:Generated_Source\PSoC4/cyfitter_cfg.c **** 		/* TCPWM_CNT0 Starting address: CYDEV_TCPWM_CNT0_TR_CTRL0 */
ARM GAS  C:\Users\NGUYEN~1\AppData\Local\Temp\ccygxYDc.s 			page 12


 337:Generated_Source\PSoC4/cyfitter_cfg.c **** 		CY_SET_REG32((void *)(CYREG_TCPWM_CNT0_TR_CTRL0), 0x000000C0u);
 284              		.loc 1 337 0
 285 00c4 C022     		movs	r2, #192
 286 00c6 0E4B     		ldr	r3, .L13+16
 287 00c8 1A60     		str	r2, [r3]
 338:Generated_Source\PSoC4/cyfitter_cfg.c **** 
 339:Generated_Source\PSoC4/cyfitter_cfg.c **** 		/* Enable digital routing */
 340:Generated_Source\PSoC4/cyfitter_cfg.c **** 		CY_SET_XTND_REG8((void *)CYREG_UDB_UDBIF_BANK_CTL, (uint8)(CY_GET_XTND_REG8((void *)CYREG_UDB_UDB
 288              		.loc 1 340 0
 289 00ca 0E4A     		ldr	r2, .L13+20
 290 00cc 1178     		ldrb	r1, [r2]
 291 00ce 0623     		movs	r3, #6
 292 00d0 0B43     		orrs	r3, r1
 293 00d2 DBB2     		uxtb	r3, r3
 294 00d4 1370     		strb	r3, [r2]
 295              	.LBE3:
 341:Generated_Source\PSoC4/cyfitter_cfg.c **** 	}
 342:Generated_Source\PSoC4/cyfitter_cfg.c **** 
 343:Generated_Source\PSoC4/cyfitter_cfg.c **** 	/* Perform second pass device configuration. These items must be configured in specific order afte
 344:Generated_Source\PSoC4/cyfitter_cfg.c **** 	/* IOPINS0_1 Starting address: CYDEV_PRT1_BASE */
 345:Generated_Source\PSoC4/cyfitter_cfg.c **** 	CY_SET_REG32((void *)(CYDEV_PRT1_BASE), 0x00000023u);
 296              		.loc 1 345 0
 297 00d6 2322     		movs	r2, #35
 298 00d8 0B4B     		ldr	r3, .L13+24
 299 00da 1A60     		str	r2, [r3]
 346:Generated_Source\PSoC4/cyfitter_cfg.c **** 	CY_SET_REG32((void *)(CYREG_PRT1_PC), 0x00190036u);
 300              		.loc 1 346 0
 301 00dc 0B4A     		ldr	r2, .L13+28
 302 00de 0C4B     		ldr	r3, .L13+32
 303 00e0 1A60     		str	r2, [r3]
 347:Generated_Source\PSoC4/cyfitter_cfg.c **** 
 348:Generated_Source\PSoC4/cyfitter_cfg.c **** 	/* IOPINS0_3 Starting address: CYDEV_PRT3_BASE */
 349:Generated_Source\PSoC4/cyfitter_cfg.c **** 	CY_SET_REG32((void *)(CYREG_PRT3_PC), 0x00000D80u);
 304              		.loc 1 349 0
 305 00e2 D822     		movs	r2, #216
 306 00e4 1201     		lsls	r2, r2, #4
 307 00e6 0B4B     		ldr	r3, .L13+36
 308 00e8 1A60     		str	r2, [r3]
 350:Generated_Source\PSoC4/cyfitter_cfg.c **** 
 351:Generated_Source\PSoC4/cyfitter_cfg.c **** 
 352:Generated_Source\PSoC4/cyfitter_cfg.c **** 	/* Setup clocks based on selections from Clock DWR */
 353:Generated_Source\PSoC4/cyfitter_cfg.c **** 	ClockSetup();
 309              		.loc 1 353 0
 310 00ea FFF789FF 		bl	ClockSetup
 311              	.LVL24:
 354:Generated_Source\PSoC4/cyfitter_cfg.c **** 
 355:Generated_Source\PSoC4/cyfitter_cfg.c **** 	/* Perform basic analog initialization to defaults */
 356:Generated_Source\PSoC4/cyfitter_cfg.c **** 	AnalogSetDefault();
 357:Generated_Source\PSoC4/cyfitter_cfg.c **** 
 358:Generated_Source\PSoC4/cyfitter_cfg.c **** }
 312              		.loc 1 358 0
 313              		@ sp needed
 314              	.LVL25:
 315 00ee 10BD     		pop	{r4, pc}
 316              	.L14:
 317              		.align	2
 318              	.L13:
ARM GAS  C:\Users\NGUYEN~1\AppData\Local\Temp\ccygxYDc.s 			page 13


 319 00f0 00000000 		.word	.LANCHOR0
 320 00f4 0C000140 		.word	1073807372
 321 00f8 10500F40 		.word	1074745360
 322 00fc 30500F40 		.word	1074745392
 323 0100 20010540 		.word	1074069792
 324 0104 00700F40 		.word	1074753536
 325 0108 00010440 		.word	1074004224
 326 010c 36001900 		.word	1638454
 327 0110 08010440 		.word	1074004232
 328 0114 08030440 		.word	1074004744
 329              		.cfi_endproc
 330              	.LFE6:
 331              		.size	cyfitter_cfg, .-cyfitter_cfg
 332              		.section	.rodata
 333              		.align	2
 334              		.set	.LANCHOR0,. + 0
 335              		.type	cfg_memset_list.4870, %object
 336              		.size	cfg_memset_list.4870, 12
 337              	cfg_memset_list.4870:
 338 0000 00300F40 		.word	1074737152
 339 0004 0004     		.short	1024
 340 0006 00400F40 		.4byte	1074741248
 341 000a 0004     		.short	1024
 342              		.type	cy_cfg_data_table.4865, %object
 343              		.size	cy_cfg_data_table.4865, 8
 344              	cy_cfg_data_table.4865:
 345 000c 0E       		.byte	14
 346 000d 40       		.byte	64
 347 000e 42       		.byte	66
 348 000f 40       		.byte	64
 349 0010 C2       		.byte	-62
 350 0011 20       		.byte	32
 351 0012 D0       		.byte	-48
 352 0013 40       		.byte	64
 353              		.type	cy_cfg_addr_table.4864, %object
 354              		.size	cy_cfg_addr_table.4864, 4
 355              	cy_cfg_addr_table.4864:
 356 0014 04410F40 		.word	1074741508
 357              		.text
 358              	.Letext0:
 359              		.file 2 "c:\\program files (x86)\\cypress\\psoc creator\\4.4\\psoc creator\\import\\gnu\\arm\\5.4.
 360              		.file 3 "Generated_Source\\PSoC4\\cytypes.h"
 361              		.file 4 "Generated_Source\\PSoC4\\CyLib.h"
 362              		.section	.debug_info,"",%progbits
 363              	.Ldebug_info0:
 364 0000 9C030000 		.4byte	0x39c
 365 0004 0400     		.2byte	0x4
 366 0006 00000000 		.4byte	.Ldebug_abbrev0
 367 000a 04       		.byte	0x4
 368 000b 01       		.uleb128 0x1
 369 000c 37010000 		.4byte	.LASF39
 370 0010 0C       		.byte	0xc
 371 0011 8A020000 		.4byte	.LASF40
 372 0015 1D020000 		.4byte	.LASF41
 373 0019 00000000 		.4byte	.Ldebug_ranges0+0
 374 001d 00000000 		.4byte	0
 375 0021 00000000 		.4byte	.Ldebug_line0
ARM GAS  C:\Users\NGUYEN~1\AppData\Local\Temp\ccygxYDc.s 			page 14


 376 0025 02       		.uleb128 0x2
 377 0026 04       		.byte	0x4
 378 0027 05       		.byte	0x5
 379 0028 696E7400 		.ascii	"int\000"
 380 002c 03       		.uleb128 0x3
 381 002d 06000000 		.4byte	.LASF12
 382 0031 02       		.byte	0x2
 383 0032 D8       		.byte	0xd8
 384 0033 37000000 		.4byte	0x37
 385 0037 04       		.uleb128 0x4
 386 0038 04       		.byte	0x4
 387 0039 07       		.byte	0x7
 388 003a FE000000 		.4byte	.LASF0
 389 003e 04       		.uleb128 0x4
 390 003f 08       		.byte	0x8
 391 0040 05       		.byte	0x5
 392 0041 F7010000 		.4byte	.LASF1
 393 0045 04       		.uleb128 0x4
 394 0046 08       		.byte	0x8
 395 0047 04       		.byte	0x4
 396 0048 72020000 		.4byte	.LASF2
 397 004c 04       		.uleb128 0x4
 398 004d 01       		.byte	0x1
 399 004e 06       		.byte	0x6
 400 004f 7E020000 		.4byte	.LASF3
 401 0053 04       		.uleb128 0x4
 402 0054 01       		.byte	0x1
 403 0055 08       		.byte	0x8
 404 0056 A0000000 		.4byte	.LASF4
 405 005a 04       		.uleb128 0x4
 406 005b 02       		.byte	0x2
 407 005c 05       		.byte	0x5
 408 005d 4A020000 		.4byte	.LASF5
 409 0061 04       		.uleb128 0x4
 410 0062 02       		.byte	0x2
 411 0063 07       		.byte	0x7
 412 0064 E4010000 		.4byte	.LASF6
 413 0068 04       		.uleb128 0x4
 414 0069 04       		.byte	0x4
 415 006a 05       		.byte	0x5
 416 006b 69020000 		.4byte	.LASF7
 417 006f 04       		.uleb128 0x4
 418 0070 04       		.byte	0x4
 419 0071 07       		.byte	0x7
 420 0072 7E000000 		.4byte	.LASF8
 421 0076 04       		.uleb128 0x4
 422 0077 08       		.byte	0x8
 423 0078 07       		.byte	0x7
 424 0079 20010000 		.4byte	.LASF9
 425 007d 04       		.uleb128 0x4
 426 007e 04       		.byte	0x4
 427 007f 07       		.byte	0x7
 428 0080 DB010000 		.4byte	.LASF10
 429 0084 05       		.uleb128 0x5
 430 0085 04       		.byte	0x4
 431 0086 04       		.uleb128 0x4
 432 0087 01       		.byte	0x1
ARM GAS  C:\Users\NGUYEN~1\AppData\Local\Temp\ccygxYDc.s 			page 15


 433 0088 08       		.byte	0x8
 434 0089 05020000 		.4byte	.LASF11
 435 008d 06       		.uleb128 0x6
 436 008e 90000000 		.4byte	.LASF13
 437 0092 03       		.byte	0x3
 438 0093 FB01     		.2byte	0x1fb
 439 0095 53000000 		.4byte	0x53
 440 0099 06       		.uleb128 0x6
 441 009a E5000000 		.4byte	.LASF14
 442 009e 03       		.byte	0x3
 443 009f FC01     		.2byte	0x1fc
 444 00a1 61000000 		.4byte	0x61
 445 00a5 06       		.uleb128 0x6
 446 00a6 F7000000 		.4byte	.LASF15
 447 00aa 03       		.byte	0x3
 448 00ab FD01     		.2byte	0x1fd
 449 00ad 6F000000 		.4byte	0x6f
 450 00b1 04       		.uleb128 0x4
 451 00b2 04       		.byte	0x4
 452 00b3 04       		.byte	0x4
 453 00b4 57000000 		.4byte	.LASF16
 454 00b8 04       		.uleb128 0x4
 455 00b9 08       		.byte	0x8
 456 00ba 04       		.byte	0x4
 457 00bb B5000000 		.4byte	.LASF17
 458 00bf 06       		.uleb128 0x6
 459 00c0 72000000 		.4byte	.LASF18
 460 00c4 03       		.byte	0x3
 461 00c5 A502     		.2byte	0x2a5
 462 00c7 CB000000 		.4byte	0xcb
 463 00cb 07       		.uleb128 0x7
 464 00cc 8D000000 		.4byte	0x8d
 465 00d0 06       		.uleb128 0x6
 466 00d1 00000000 		.4byte	.LASF19
 467 00d5 03       		.byte	0x3
 468 00d6 A702     		.2byte	0x2a7
 469 00d8 DC000000 		.4byte	0xdc
 470 00dc 07       		.uleb128 0x7
 471 00dd A5000000 		.4byte	0xa5
 472 00e1 08       		.uleb128 0x8
 473 00e2 02       		.byte	0x2
 474 00e3 01       		.byte	0x1
 475 00e4 97       		.byte	0x97
 476 00e5 02010000 		.4byte	0x102
 477 00e9 09       		.uleb128 0x9
 478 00ea 77000000 		.4byte	.LASF20
 479 00ee 01       		.byte	0x1
 480 00ef 99       		.byte	0x99
 481 00f0 8D000000 		.4byte	0x8d
 482 00f4 00       		.byte	0
 483 00f5 09       		.uleb128 0x9
 484 00f6 1C000000 		.4byte	.LASF21
 485 00fa 01       		.byte	0x1
 486 00fb 9A       		.byte	0x9a
 487 00fc 8D000000 		.4byte	0x8d
 488 0100 01       		.byte	0x1
 489 0101 00       		.byte	0
ARM GAS  C:\Users\NGUYEN~1\AppData\Local\Temp\ccygxYDc.s 			page 16


 490 0102 03       		.uleb128 0x3
 491 0103 0A020000 		.4byte	.LASF22
 492 0107 01       		.byte	0x1
 493 0108 9B       		.byte	0x9b
 494 0109 E1000000 		.4byte	0xe1
 495 010d 0A       		.uleb128 0xa
 496 010e BC000000 		.4byte	.LASF27
 497 0112 01       		.byte	0x1
 498 0113 AE       		.byte	0xae
 499 0114 00000000 		.4byte	.LFB3
 500 0118 32000000 		.4byte	.LFE3-.LFB3
 501 011c 01       		.uleb128 0x1
 502 011d 9C       		.byte	0x9c
 503 011e 7F010000 		.4byte	0x17f
 504 0122 0B       		.uleb128 0xb
 505 0123 DA000000 		.4byte	.LASF23
 506 0127 01       		.byte	0x1
 507 0128 AE       		.byte	0xae
 508 0129 7F010000 		.4byte	0x17f
 509 012d 01       		.uleb128 0x1
 510 012e 50       		.byte	0x50
 511 012f 0B       		.uleb128 0xb
 512 0130 EC000000 		.4byte	.LASF24
 513 0134 01       		.byte	0x1
 514 0135 AE       		.byte	0xae
 515 0136 8A010000 		.4byte	0x18a
 516 013a 01       		.uleb128 0x1
 517 013b 51       		.byte	0x51
 518 013c 0C       		.uleb128 0xc
 519 013d 6900     		.ascii	"i\000"
 520 013f 01       		.byte	0x1
 521 0140 B1       		.byte	0xb1
 522 0141 A5000000 		.4byte	0xa5
 523 0145 00000000 		.4byte	.LLST0
 524 0149 0C       		.uleb128 0xc
 525 014a 6A00     		.ascii	"j\000"
 526 014c 01       		.byte	0x1
 527 014d B1       		.byte	0xb1
 528 014e A5000000 		.4byte	0xa5
 529 0152 1F000000 		.4byte	.LLST1
 530 0156 0D       		.uleb128 0xd
 531 0157 08000000 		.4byte	.LBB2
 532 015b 22000000 		.4byte	.LBE2-.LBB2
 533 015f 0E       		.uleb128 0xe
 534 0160 D2010000 		.4byte	.LASF25
 535 0164 01       		.byte	0x1
 536 0165 B4       		.byte	0xb4
 537 0166 A5000000 		.4byte	0xa5
 538 016a 3E000000 		.4byte	.LLST2
 539 016e 0E       		.uleb128 0xe
 540 016f 22000000 		.4byte	.LASF26
 541 0173 01       		.byte	0x1
 542 0174 B5       		.byte	0xb5
 543 0175 8D000000 		.4byte	0x8d
 544 0179 51000000 		.4byte	.LLST3
 545 017d 00       		.byte	0
 546 017e 00       		.byte	0
ARM GAS  C:\Users\NGUYEN~1\AppData\Local\Temp\ccygxYDc.s 			page 17


 547 017f 0F       		.uleb128 0xf
 548 0180 04       		.byte	0x4
 549 0181 85010000 		.4byte	0x185
 550 0185 10       		.uleb128 0x10
 551 0186 A5000000 		.4byte	0xa5
 552 018a 0F       		.uleb128 0xf
 553 018b 04       		.byte	0x4
 554 018c 90010000 		.4byte	0x190
 555 0190 10       		.uleb128 0x10
 556 0191 02010000 		.4byte	0x102
 557 0195 0A       		.uleb128 0xa
 558 0196 96000000 		.4byte	.LASF28
 559 019a 01       		.byte	0x1
 560 019b 4C       		.byte	0x4c
 561 019c 00000000 		.4byte	.LFB0
 562 01a0 0C000000 		.4byte	.LFE0-.LFB0
 563 01a4 01       		.uleb128 0x1
 564 01a5 9C       		.byte	0x9c
 565 01a6 E2010000 		.4byte	0x1e2
 566 01aa 11       		.uleb128 0x11
 567 01ab 7300     		.ascii	"s\000"
 568 01ad 01       		.byte	0x1
 569 01ae 4C       		.byte	0x4c
 570 01af 84000000 		.4byte	0x84
 571 01b3 6F000000 		.4byte	.LLST4
 572 01b7 11       		.uleb128 0x11
 573 01b8 6E00     		.ascii	"n\000"
 574 01ba 01       		.byte	0x1
 575 01bb 4C       		.byte	0x4c
 576 01bc 2C000000 		.4byte	0x2c
 577 01c0 90000000 		.4byte	.LLST5
 578 01c4 12       		.uleb128 0x12
 579 01c5 0A000000 		.4byte	.LVL14
 580 01c9 75030000 		.4byte	0x375
 581 01cd 13       		.uleb128 0x13
 582 01ce 01       		.uleb128 0x1
 583 01cf 50       		.byte	0x50
 584 01d0 03       		.uleb128 0x3
 585 01d1 F3       		.byte	0xf3
 586 01d2 01       		.uleb128 0x1
 587 01d3 50       		.byte	0x50
 588 01d4 13       		.uleb128 0x13
 589 01d5 01       		.uleb128 0x1
 590 01d6 51       		.byte	0x51
 591 01d7 01       		.uleb128 0x1
 592 01d8 30       		.byte	0x30
 593 01d9 13       		.uleb128 0x13
 594 01da 01       		.uleb128 0x1
 595 01db 52       		.byte	0x52
 596 01dc 03       		.uleb128 0x3
 597 01dd F3       		.byte	0xf3
 598 01de 01       		.uleb128 0x1
 599 01df 51       		.byte	0x51
 600 01e0 00       		.byte	0
 601 01e1 00       		.byte	0
 602 01e2 0A       		.uleb128 0xa
 603 01e3 28000000 		.4byte	.LASF29
ARM GAS  C:\Users\NGUYEN~1\AppData\Local\Temp\ccygxYDc.s 			page 18


 604 01e7 01       		.byte	0x1
 605 01e8 D3       		.byte	0xd3
 606 01e9 00000000 		.4byte	.LFB4
 607 01ed 78000000 		.4byte	.LFE4-.LFB4
 608 01f1 01       		.uleb128 0x1
 609 01f2 9C       		.byte	0x9c
 610 01f3 2D020000 		.4byte	0x22d
 611 01f7 14       		.uleb128 0x14
 612 01f8 14000000 		.4byte	.LVL15
 613 01fc 7E030000 		.4byte	0x37e
 614 0200 0A020000 		.4byte	0x20a
 615 0204 13       		.uleb128 0x13
 616 0205 01       		.uleb128 0x1
 617 0206 50       		.byte	0x50
 618 0207 01       		.uleb128 0x1
 619 0208 48       		.byte	0x48
 620 0209 00       		.byte	0
 621 020a 14       		.uleb128 0x14
 622 020b 42000000 		.4byte	.LVL16
 623 020f 89030000 		.4byte	0x389
 624 0213 1D020000 		.4byte	0x21d
 625 0217 13       		.uleb128 0x13
 626 0218 01       		.uleb128 0x1
 627 0219 50       		.byte	0x50
 628 021a 01       		.uleb128 0x1
 629 021b 39       		.byte	0x39
 630 021c 00       		.byte	0
 631 021d 12       		.uleb128 0x12
 632 021e 48000000 		.4byte	.LVL17
 633 0222 94030000 		.4byte	0x394
 634 0226 13       		.uleb128 0x13
 635 0227 01       		.uleb128 0x1
 636 0228 50       		.byte	0x50
 637 0229 01       		.uleb128 0x1
 638 022a 39       		.byte	0x39
 639 022b 00       		.byte	0
 640 022c 00       		.byte	0
 641 022d 15       		.uleb128 0x15
 642 022e 0B010000 		.4byte	.LASF42
 643 0232 01       		.byte	0x1
 644 0233 1E01     		.2byte	0x11e
 645 0235 78000000 		.4byte	.LFB6
 646 0239 A0000000 		.4byte	.LFE6-.LFB6
 647 023d 01       		.uleb128 0x1
 648 023e 9C       		.byte	0x9c
 649 023f 4B030000 		.4byte	0x34b
 650 0243 16       		.uleb128 0x16
 651 0244 7C000000 		.4byte	.LBB3
 652 0248 5A000000 		.4byte	.LBE3-.LBB3
 653 024c 41030000 		.4byte	0x341
 654 0250 17       		.uleb128 0x17
 655 0251 33000000 		.4byte	.LASF30
 656 0255 01       		.byte	0x1
 657 0256 2401     		.2byte	0x124
 658 0258 5B030000 		.4byte	0x35b
 659 025c 05       		.uleb128 0x5
 660 025d 03       		.byte	0x3
ARM GAS  C:\Users\NGUYEN~1\AppData\Local\Temp\ccygxYDc.s 			page 19


 661 025e 14000000 		.4byte	cy_cfg_addr_table.4864
 662 0262 17       		.uleb128 0x17
 663 0263 45000000 		.4byte	.LASF31
 664 0267 01       		.byte	0x1
 665 0268 2801     		.2byte	0x128
 666 026a 70030000 		.4byte	0x370
 667 026e 05       		.uleb128 0x5
 668 026f 03       		.byte	0x3
 669 0270 0C000000 		.4byte	cy_cfg_data_table.4865
 670 0274 18       		.uleb128 0x18
 671 0275 06       		.byte	0x6
 672 0276 01       		.byte	0x1
 673 0277 3101     		.2byte	0x131
 674 0279 98020000 		.4byte	0x298
 675 027d 19       		.uleb128 0x19
 676 027e 18010000 		.4byte	.LASF32
 677 0282 01       		.byte	0x1
 678 0283 3201     		.2byte	0x132
 679 0285 84000000 		.4byte	0x84
 680 0289 00       		.byte	0
 681 028a 19       		.uleb128 0x19
 682 028b 6D000000 		.4byte	.LASF33
 683 028f 01       		.byte	0x1
 684 0290 3301     		.2byte	0x133
 685 0292 99000000 		.4byte	0x99
 686 0296 04       		.byte	0x4
 687 0297 00       		.byte	0
 688 0298 06       		.uleb128 0x6
 689 0299 C5010000 		.4byte	.LASF34
 690 029d 01       		.byte	0x1
 691 029e 3401     		.2byte	0x134
 692 02a0 74020000 		.4byte	0x274
 693 02a4 1A       		.uleb128 0x1a
 694 02a5 B4020000 		.4byte	0x2b4
 695 02a9 B4020000 		.4byte	0x2b4
 696 02ad 1B       		.uleb128 0x1b
 697 02ae 7D000000 		.4byte	0x7d
 698 02b2 01       		.byte	0x1
 699 02b3 00       		.byte	0
 700 02b4 10       		.uleb128 0x10
 701 02b5 98020000 		.4byte	0x298
 702 02b9 17       		.uleb128 0x17
 703 02ba 5D000000 		.4byte	.LASF35
 704 02be 01       		.byte	0x1
 705 02bf 3601     		.2byte	0x136
 706 02c1 CB020000 		.4byte	0x2cb
 707 02c5 05       		.uleb128 0x5
 708 02c6 03       		.byte	0x3
 709 02c7 00000000 		.4byte	cfg_memset_list.4870
 710 02cb 10       		.uleb128 0x10
 711 02cc A4020000 		.4byte	0x2a4
 712 02d0 1C       		.uleb128 0x1c
 713 02d1 6900     		.ascii	"i\000"
 714 02d3 01       		.byte	0x1
 715 02d4 3C01     		.2byte	0x13c
 716 02d6 8D000000 		.4byte	0x8d
 717 02da BC000000 		.4byte	.LLST6
ARM GAS  C:\Users\NGUYEN~1\AppData\Local\Temp\ccygxYDc.s 			page 20


 718 02de 16       		.uleb128 0x16
 719 02df 80000000 		.4byte	.LBB4
 720 02e3 1C000000 		.4byte	.LBE4-.LBB4
 721 02e7 24030000 		.4byte	0x324
 722 02eb 1C       		.uleb128 0x1c
 723 02ec 6D7300   		.ascii	"ms\000"
 724 02ef 01       		.byte	0x1
 725 02f0 4101     		.2byte	0x141
 726 02f2 FA020000 		.4byte	0x2fa
 727 02f6 E6000000 		.4byte	.LLST7
 728 02fa 0F       		.uleb128 0xf
 729 02fb 04       		.byte	0x4
 730 02fc B4020000 		.4byte	0x2b4
 731 0300 12       		.uleb128 0x12
 732 0301 9C000000 		.4byte	.LVL20
 733 0305 95010000 		.4byte	0x195
 734 0309 13       		.uleb128 0x13
 735 030a 01       		.uleb128 0x1
 736 030b 51       		.byte	0x51
 737 030c 15       		.uleb128 0x15
 738 030d 74       		.byte	0x74
 739 030e 00       		.sleb128 0
 740 030f 31       		.byte	0x31
 741 0310 24       		.byte	0x24
 742 0311 74       		.byte	0x74
 743 0312 00       		.sleb128 0
 744 0313 22       		.byte	0x22
 745 0314 31       		.byte	0x31
 746 0315 24       		.byte	0x24
 747 0316 03       		.byte	0x3
 748 0317 04000000 		.4byte	.LANCHOR0+4
 749 031b 22       		.byte	0x22
 750 031c 94       		.byte	0x94
 751 031d 02       		.byte	0x2
 752 031e 0A       		.byte	0xa
 753 031f FFFF     		.2byte	0xffff
 754 0321 1A       		.byte	0x1a
 755 0322 00       		.byte	0
 756 0323 00       		.byte	0
 757 0324 12       		.uleb128 0x12
 758 0325 B0000000 		.4byte	.LVL23
 759 0329 0D010000 		.4byte	0x10d
 760 032d 13       		.uleb128 0x13
 761 032e 01       		.uleb128 0x1
 762 032f 50       		.byte	0x50
 763 0330 05       		.uleb128 0x5
 764 0331 03       		.byte	0x3
 765 0332 14000000 		.4byte	.LANCHOR0+20
 766 0336 13       		.uleb128 0x13
 767 0337 01       		.uleb128 0x1
 768 0338 51       		.byte	0x51
 769 0339 05       		.uleb128 0x5
 770 033a 03       		.byte	0x3
 771 033b 0C000000 		.4byte	.LANCHOR0+12
 772 033f 00       		.byte	0
 773 0340 00       		.byte	0
 774 0341 1D       		.uleb128 0x1d
ARM GAS  C:\Users\NGUYEN~1\AppData\Local\Temp\ccygxYDc.s 			page 21


 775 0342 EE000000 		.4byte	.LVL24
 776 0346 E2010000 		.4byte	0x1e2
 777 034a 00       		.byte	0
 778 034b 1A       		.uleb128 0x1a
 779 034c 85010000 		.4byte	0x185
 780 0350 5B030000 		.4byte	0x35b
 781 0354 1B       		.uleb128 0x1b
 782 0355 7D000000 		.4byte	0x7d
 783 0359 00       		.byte	0
 784 035a 00       		.byte	0
 785 035b 10       		.uleb128 0x10
 786 035c 4B030000 		.4byte	0x34b
 787 0360 1A       		.uleb128 0x1a
 788 0361 90010000 		.4byte	0x190
 789 0365 70030000 		.4byte	0x370
 790 0369 1B       		.uleb128 0x1b
 791 036a 7D000000 		.4byte	0x7d
 792 036e 03       		.byte	0x3
 793 036f 00       		.byte	0
 794 0370 10       		.uleb128 0x10
 795 0371 60030000 		.4byte	0x360
 796 0375 1E       		.uleb128 0x1e
 797 0376 AE000000 		.4byte	.LASF43
 798 037a AE000000 		.4byte	.LASF43
 799 037e 1F       		.uleb128 0x1f
 800 037f 54020000 		.4byte	.LASF36
 801 0383 54020000 		.4byte	.LASF36
 802 0387 04       		.byte	0x4
 803 0388 6C       		.byte	0x6c
 804 0389 1F       		.uleb128 0x1f
 805 038a 0D000000 		.4byte	.LASF37
 806 038e 0D000000 		.4byte	.LASF37
 807 0392 04       		.byte	0x4
 808 0393 D0       		.byte	0xd0
 809 0394 1F       		.uleb128 0x1f
 810 0395 CE000000 		.4byte	.LASF38
 811 0399 CE000000 		.4byte	.LASF38
 812 039d 04       		.byte	0x4
 813 039e D6       		.byte	0xd6
 814 039f 00       		.byte	0
 815              		.section	.debug_abbrev,"",%progbits
 816              	.Ldebug_abbrev0:
 817 0000 01       		.uleb128 0x1
 818 0001 11       		.uleb128 0x11
 819 0002 01       		.byte	0x1
 820 0003 25       		.uleb128 0x25
 821 0004 0E       		.uleb128 0xe
 822 0005 13       		.uleb128 0x13
 823 0006 0B       		.uleb128 0xb
 824 0007 03       		.uleb128 0x3
 825 0008 0E       		.uleb128 0xe
 826 0009 1B       		.uleb128 0x1b
 827 000a 0E       		.uleb128 0xe
 828 000b 55       		.uleb128 0x55
 829 000c 17       		.uleb128 0x17
 830 000d 11       		.uleb128 0x11
 831 000e 01       		.uleb128 0x1
ARM GAS  C:\Users\NGUYEN~1\AppData\Local\Temp\ccygxYDc.s 			page 22


 832 000f 10       		.uleb128 0x10
 833 0010 17       		.uleb128 0x17
 834 0011 00       		.byte	0
 835 0012 00       		.byte	0
 836 0013 02       		.uleb128 0x2
 837 0014 24       		.uleb128 0x24
 838 0015 00       		.byte	0
 839 0016 0B       		.uleb128 0xb
 840 0017 0B       		.uleb128 0xb
 841 0018 3E       		.uleb128 0x3e
 842 0019 0B       		.uleb128 0xb
 843 001a 03       		.uleb128 0x3
 844 001b 08       		.uleb128 0x8
 845 001c 00       		.byte	0
 846 001d 00       		.byte	0
 847 001e 03       		.uleb128 0x3
 848 001f 16       		.uleb128 0x16
 849 0020 00       		.byte	0
 850 0021 03       		.uleb128 0x3
 851 0022 0E       		.uleb128 0xe
 852 0023 3A       		.uleb128 0x3a
 853 0024 0B       		.uleb128 0xb
 854 0025 3B       		.uleb128 0x3b
 855 0026 0B       		.uleb128 0xb
 856 0027 49       		.uleb128 0x49
 857 0028 13       		.uleb128 0x13
 858 0029 00       		.byte	0
 859 002a 00       		.byte	0
 860 002b 04       		.uleb128 0x4
 861 002c 24       		.uleb128 0x24
 862 002d 00       		.byte	0
 863 002e 0B       		.uleb128 0xb
 864 002f 0B       		.uleb128 0xb
 865 0030 3E       		.uleb128 0x3e
 866 0031 0B       		.uleb128 0xb
 867 0032 03       		.uleb128 0x3
 868 0033 0E       		.uleb128 0xe
 869 0034 00       		.byte	0
 870 0035 00       		.byte	0
 871 0036 05       		.uleb128 0x5
 872 0037 0F       		.uleb128 0xf
 873 0038 00       		.byte	0
 874 0039 0B       		.uleb128 0xb
 875 003a 0B       		.uleb128 0xb
 876 003b 00       		.byte	0
 877 003c 00       		.byte	0
 878 003d 06       		.uleb128 0x6
 879 003e 16       		.uleb128 0x16
 880 003f 00       		.byte	0
 881 0040 03       		.uleb128 0x3
 882 0041 0E       		.uleb128 0xe
 883 0042 3A       		.uleb128 0x3a
 884 0043 0B       		.uleb128 0xb
 885 0044 3B       		.uleb128 0x3b
 886 0045 05       		.uleb128 0x5
 887 0046 49       		.uleb128 0x49
 888 0047 13       		.uleb128 0x13
ARM GAS  C:\Users\NGUYEN~1\AppData\Local\Temp\ccygxYDc.s 			page 23


 889 0048 00       		.byte	0
 890 0049 00       		.byte	0
 891 004a 07       		.uleb128 0x7
 892 004b 35       		.uleb128 0x35
 893 004c 00       		.byte	0
 894 004d 49       		.uleb128 0x49
 895 004e 13       		.uleb128 0x13
 896 004f 00       		.byte	0
 897 0050 00       		.byte	0
 898 0051 08       		.uleb128 0x8
 899 0052 13       		.uleb128 0x13
 900 0053 01       		.byte	0x1
 901 0054 0B       		.uleb128 0xb
 902 0055 0B       		.uleb128 0xb
 903 0056 3A       		.uleb128 0x3a
 904 0057 0B       		.uleb128 0xb
 905 0058 3B       		.uleb128 0x3b
 906 0059 0B       		.uleb128 0xb
 907 005a 01       		.uleb128 0x1
 908 005b 13       		.uleb128 0x13
 909 005c 00       		.byte	0
 910 005d 00       		.byte	0
 911 005e 09       		.uleb128 0x9
 912 005f 0D       		.uleb128 0xd
 913 0060 00       		.byte	0
 914 0061 03       		.uleb128 0x3
 915 0062 0E       		.uleb128 0xe
 916 0063 3A       		.uleb128 0x3a
 917 0064 0B       		.uleb128 0xb
 918 0065 3B       		.uleb128 0x3b
 919 0066 0B       		.uleb128 0xb
 920 0067 49       		.uleb128 0x49
 921 0068 13       		.uleb128 0x13
 922 0069 38       		.uleb128 0x38
 923 006a 0B       		.uleb128 0xb
 924 006b 00       		.byte	0
 925 006c 00       		.byte	0
 926 006d 0A       		.uleb128 0xa
 927 006e 2E       		.uleb128 0x2e
 928 006f 01       		.byte	0x1
 929 0070 03       		.uleb128 0x3
 930 0071 0E       		.uleb128 0xe
 931 0072 3A       		.uleb128 0x3a
 932 0073 0B       		.uleb128 0xb
 933 0074 3B       		.uleb128 0x3b
 934 0075 0B       		.uleb128 0xb
 935 0076 27       		.uleb128 0x27
 936 0077 19       		.uleb128 0x19
 937 0078 11       		.uleb128 0x11
 938 0079 01       		.uleb128 0x1
 939 007a 12       		.uleb128 0x12
 940 007b 06       		.uleb128 0x6
 941 007c 40       		.uleb128 0x40
 942 007d 18       		.uleb128 0x18
 943 007e 9742     		.uleb128 0x2117
 944 0080 19       		.uleb128 0x19
 945 0081 01       		.uleb128 0x1
ARM GAS  C:\Users\NGUYEN~1\AppData\Local\Temp\ccygxYDc.s 			page 24


 946 0082 13       		.uleb128 0x13
 947 0083 00       		.byte	0
 948 0084 00       		.byte	0
 949 0085 0B       		.uleb128 0xb
 950 0086 05       		.uleb128 0x5
 951 0087 00       		.byte	0
 952 0088 03       		.uleb128 0x3
 953 0089 0E       		.uleb128 0xe
 954 008a 3A       		.uleb128 0x3a
 955 008b 0B       		.uleb128 0xb
 956 008c 3B       		.uleb128 0x3b
 957 008d 0B       		.uleb128 0xb
 958 008e 49       		.uleb128 0x49
 959 008f 13       		.uleb128 0x13
 960 0090 02       		.uleb128 0x2
 961 0091 18       		.uleb128 0x18
 962 0092 00       		.byte	0
 963 0093 00       		.byte	0
 964 0094 0C       		.uleb128 0xc
 965 0095 34       		.uleb128 0x34
 966 0096 00       		.byte	0
 967 0097 03       		.uleb128 0x3
 968 0098 08       		.uleb128 0x8
 969 0099 3A       		.uleb128 0x3a
 970 009a 0B       		.uleb128 0xb
 971 009b 3B       		.uleb128 0x3b
 972 009c 0B       		.uleb128 0xb
 973 009d 49       		.uleb128 0x49
 974 009e 13       		.uleb128 0x13
 975 009f 02       		.uleb128 0x2
 976 00a0 17       		.uleb128 0x17
 977 00a1 00       		.byte	0
 978 00a2 00       		.byte	0
 979 00a3 0D       		.uleb128 0xd
 980 00a4 0B       		.uleb128 0xb
 981 00a5 01       		.byte	0x1
 982 00a6 11       		.uleb128 0x11
 983 00a7 01       		.uleb128 0x1
 984 00a8 12       		.uleb128 0x12
 985 00a9 06       		.uleb128 0x6
 986 00aa 00       		.byte	0
 987 00ab 00       		.byte	0
 988 00ac 0E       		.uleb128 0xe
 989 00ad 34       		.uleb128 0x34
 990 00ae 00       		.byte	0
 991 00af 03       		.uleb128 0x3
 992 00b0 0E       		.uleb128 0xe
 993 00b1 3A       		.uleb128 0x3a
 994 00b2 0B       		.uleb128 0xb
 995 00b3 3B       		.uleb128 0x3b
 996 00b4 0B       		.uleb128 0xb
 997 00b5 49       		.uleb128 0x49
 998 00b6 13       		.uleb128 0x13
 999 00b7 02       		.uleb128 0x2
 1000 00b8 17       		.uleb128 0x17
 1001 00b9 00       		.byte	0
 1002 00ba 00       		.byte	0
ARM GAS  C:\Users\NGUYEN~1\AppData\Local\Temp\ccygxYDc.s 			page 25


 1003 00bb 0F       		.uleb128 0xf
 1004 00bc 0F       		.uleb128 0xf
 1005 00bd 00       		.byte	0
 1006 00be 0B       		.uleb128 0xb
 1007 00bf 0B       		.uleb128 0xb
 1008 00c0 49       		.uleb128 0x49
 1009 00c1 13       		.uleb128 0x13
 1010 00c2 00       		.byte	0
 1011 00c3 00       		.byte	0
 1012 00c4 10       		.uleb128 0x10
 1013 00c5 26       		.uleb128 0x26
 1014 00c6 00       		.byte	0
 1015 00c7 49       		.uleb128 0x49
 1016 00c8 13       		.uleb128 0x13
 1017 00c9 00       		.byte	0
 1018 00ca 00       		.byte	0
 1019 00cb 11       		.uleb128 0x11
 1020 00cc 05       		.uleb128 0x5
 1021 00cd 00       		.byte	0
 1022 00ce 03       		.uleb128 0x3
 1023 00cf 08       		.uleb128 0x8
 1024 00d0 3A       		.uleb128 0x3a
 1025 00d1 0B       		.uleb128 0xb
 1026 00d2 3B       		.uleb128 0x3b
 1027 00d3 0B       		.uleb128 0xb
 1028 00d4 49       		.uleb128 0x49
 1029 00d5 13       		.uleb128 0x13
 1030 00d6 02       		.uleb128 0x2
 1031 00d7 17       		.uleb128 0x17
 1032 00d8 00       		.byte	0
 1033 00d9 00       		.byte	0
 1034 00da 12       		.uleb128 0x12
 1035 00db 898201   		.uleb128 0x4109
 1036 00de 01       		.byte	0x1
 1037 00df 11       		.uleb128 0x11
 1038 00e0 01       		.uleb128 0x1
 1039 00e1 31       		.uleb128 0x31
 1040 00e2 13       		.uleb128 0x13
 1041 00e3 00       		.byte	0
 1042 00e4 00       		.byte	0
 1043 00e5 13       		.uleb128 0x13
 1044 00e6 8A8201   		.uleb128 0x410a
 1045 00e9 00       		.byte	0
 1046 00ea 02       		.uleb128 0x2
 1047 00eb 18       		.uleb128 0x18
 1048 00ec 9142     		.uleb128 0x2111
 1049 00ee 18       		.uleb128 0x18
 1050 00ef 00       		.byte	0
 1051 00f0 00       		.byte	0
 1052 00f1 14       		.uleb128 0x14
 1053 00f2 898201   		.uleb128 0x4109
 1054 00f5 01       		.byte	0x1
 1055 00f6 11       		.uleb128 0x11
 1056 00f7 01       		.uleb128 0x1
 1057 00f8 31       		.uleb128 0x31
 1058 00f9 13       		.uleb128 0x13
 1059 00fa 01       		.uleb128 0x1
ARM GAS  C:\Users\NGUYEN~1\AppData\Local\Temp\ccygxYDc.s 			page 26


 1060 00fb 13       		.uleb128 0x13
 1061 00fc 00       		.byte	0
 1062 00fd 00       		.byte	0
 1063 00fe 15       		.uleb128 0x15
 1064 00ff 2E       		.uleb128 0x2e
 1065 0100 01       		.byte	0x1
 1066 0101 3F       		.uleb128 0x3f
 1067 0102 19       		.uleb128 0x19
 1068 0103 03       		.uleb128 0x3
 1069 0104 0E       		.uleb128 0xe
 1070 0105 3A       		.uleb128 0x3a
 1071 0106 0B       		.uleb128 0xb
 1072 0107 3B       		.uleb128 0x3b
 1073 0108 05       		.uleb128 0x5
 1074 0109 27       		.uleb128 0x27
 1075 010a 19       		.uleb128 0x19
 1076 010b 11       		.uleb128 0x11
 1077 010c 01       		.uleb128 0x1
 1078 010d 12       		.uleb128 0x12
 1079 010e 06       		.uleb128 0x6
 1080 010f 40       		.uleb128 0x40
 1081 0110 18       		.uleb128 0x18
 1082 0111 9742     		.uleb128 0x2117
 1083 0113 19       		.uleb128 0x19
 1084 0114 01       		.uleb128 0x1
 1085 0115 13       		.uleb128 0x13
 1086 0116 00       		.byte	0
 1087 0117 00       		.byte	0
 1088 0118 16       		.uleb128 0x16
 1089 0119 0B       		.uleb128 0xb
 1090 011a 01       		.byte	0x1
 1091 011b 11       		.uleb128 0x11
 1092 011c 01       		.uleb128 0x1
 1093 011d 12       		.uleb128 0x12
 1094 011e 06       		.uleb128 0x6
 1095 011f 01       		.uleb128 0x1
 1096 0120 13       		.uleb128 0x13
 1097 0121 00       		.byte	0
 1098 0122 00       		.byte	0
 1099 0123 17       		.uleb128 0x17
 1100 0124 34       		.uleb128 0x34
 1101 0125 00       		.byte	0
 1102 0126 03       		.uleb128 0x3
 1103 0127 0E       		.uleb128 0xe
 1104 0128 3A       		.uleb128 0x3a
 1105 0129 0B       		.uleb128 0xb
 1106 012a 3B       		.uleb128 0x3b
 1107 012b 05       		.uleb128 0x5
 1108 012c 49       		.uleb128 0x49
 1109 012d 13       		.uleb128 0x13
 1110 012e 02       		.uleb128 0x2
 1111 012f 18       		.uleb128 0x18
 1112 0130 00       		.byte	0
 1113 0131 00       		.byte	0
 1114 0132 18       		.uleb128 0x18
 1115 0133 13       		.uleb128 0x13
 1116 0134 01       		.byte	0x1
ARM GAS  C:\Users\NGUYEN~1\AppData\Local\Temp\ccygxYDc.s 			page 27


 1117 0135 0B       		.uleb128 0xb
 1118 0136 0B       		.uleb128 0xb
 1119 0137 3A       		.uleb128 0x3a
 1120 0138 0B       		.uleb128 0xb
 1121 0139 3B       		.uleb128 0x3b
 1122 013a 05       		.uleb128 0x5
 1123 013b 01       		.uleb128 0x1
 1124 013c 13       		.uleb128 0x13
 1125 013d 00       		.byte	0
 1126 013e 00       		.byte	0
 1127 013f 19       		.uleb128 0x19
 1128 0140 0D       		.uleb128 0xd
 1129 0141 00       		.byte	0
 1130 0142 03       		.uleb128 0x3
 1131 0143 0E       		.uleb128 0xe
 1132 0144 3A       		.uleb128 0x3a
 1133 0145 0B       		.uleb128 0xb
 1134 0146 3B       		.uleb128 0x3b
 1135 0147 05       		.uleb128 0x5
 1136 0148 49       		.uleb128 0x49
 1137 0149 13       		.uleb128 0x13
 1138 014a 38       		.uleb128 0x38
 1139 014b 0B       		.uleb128 0xb
 1140 014c 00       		.byte	0
 1141 014d 00       		.byte	0
 1142 014e 1A       		.uleb128 0x1a
 1143 014f 01       		.uleb128 0x1
 1144 0150 01       		.byte	0x1
 1145 0151 49       		.uleb128 0x49
 1146 0152 13       		.uleb128 0x13
 1147 0153 01       		.uleb128 0x1
 1148 0154 13       		.uleb128 0x13
 1149 0155 00       		.byte	0
 1150 0156 00       		.byte	0
 1151 0157 1B       		.uleb128 0x1b
 1152 0158 21       		.uleb128 0x21
 1153 0159 00       		.byte	0
 1154 015a 49       		.uleb128 0x49
 1155 015b 13       		.uleb128 0x13
 1156 015c 2F       		.uleb128 0x2f
 1157 015d 0B       		.uleb128 0xb
 1158 015e 00       		.byte	0
 1159 015f 00       		.byte	0
 1160 0160 1C       		.uleb128 0x1c
 1161 0161 34       		.uleb128 0x34
 1162 0162 00       		.byte	0
 1163 0163 03       		.uleb128 0x3
 1164 0164 08       		.uleb128 0x8
 1165 0165 3A       		.uleb128 0x3a
 1166 0166 0B       		.uleb128 0xb
 1167 0167 3B       		.uleb128 0x3b
 1168 0168 05       		.uleb128 0x5
 1169 0169 49       		.uleb128 0x49
 1170 016a 13       		.uleb128 0x13
 1171 016b 02       		.uleb128 0x2
 1172 016c 17       		.uleb128 0x17
 1173 016d 00       		.byte	0
ARM GAS  C:\Users\NGUYEN~1\AppData\Local\Temp\ccygxYDc.s 			page 28


 1174 016e 00       		.byte	0
 1175 016f 1D       		.uleb128 0x1d
 1176 0170 898201   		.uleb128 0x4109
 1177 0173 00       		.byte	0
 1178 0174 11       		.uleb128 0x11
 1179 0175 01       		.uleb128 0x1
 1180 0176 31       		.uleb128 0x31
 1181 0177 13       		.uleb128 0x13
 1182 0178 00       		.byte	0
 1183 0179 00       		.byte	0
 1184 017a 1E       		.uleb128 0x1e
 1185 017b 2E       		.uleb128 0x2e
 1186 017c 00       		.byte	0
 1187 017d 3F       		.uleb128 0x3f
 1188 017e 19       		.uleb128 0x19
 1189 017f 3C       		.uleb128 0x3c
 1190 0180 19       		.uleb128 0x19
 1191 0181 6E       		.uleb128 0x6e
 1192 0182 0E       		.uleb128 0xe
 1193 0183 03       		.uleb128 0x3
 1194 0184 0E       		.uleb128 0xe
 1195 0185 00       		.byte	0
 1196 0186 00       		.byte	0
 1197 0187 1F       		.uleb128 0x1f
 1198 0188 2E       		.uleb128 0x2e
 1199 0189 00       		.byte	0
 1200 018a 3F       		.uleb128 0x3f
 1201 018b 19       		.uleb128 0x19
 1202 018c 3C       		.uleb128 0x3c
 1203 018d 19       		.uleb128 0x19
 1204 018e 6E       		.uleb128 0x6e
 1205 018f 0E       		.uleb128 0xe
 1206 0190 03       		.uleb128 0x3
 1207 0191 0E       		.uleb128 0xe
 1208 0192 3A       		.uleb128 0x3a
 1209 0193 0B       		.uleb128 0xb
 1210 0194 3B       		.uleb128 0x3b
 1211 0195 0B       		.uleb128 0xb
 1212 0196 00       		.byte	0
 1213 0197 00       		.byte	0
 1214 0198 00       		.byte	0
 1215              		.section	.debug_loc,"",%progbits
 1216              	.Ldebug_loc0:
 1217              	.LLST0:
 1218 0000 02000000 		.4byte	.LVL1
 1219 0004 08000000 		.4byte	.LVL2
 1220 0008 0200     		.2byte	0x2
 1221 000a 30       		.byte	0x30
 1222 000b 9F       		.byte	0x9f
 1223 000c 08000000 		.4byte	.LVL2
 1224 0010 30000000 		.4byte	.LVL11
 1225 0014 0100     		.2byte	0x1
 1226 0016 57       		.byte	0x57
 1227 0017 00000000 		.4byte	0
 1228 001b 00000000 		.4byte	0
 1229              	.LLST1:
 1230 001f 02000000 		.4byte	.LVL1
ARM GAS  C:\Users\NGUYEN~1\AppData\Local\Temp\ccygxYDc.s 			page 29


 1231 0023 08000000 		.4byte	.LVL2
 1232 0027 0200     		.2byte	0x2
 1233 0029 30       		.byte	0x30
 1234 002a 9F       		.byte	0x9f
 1235 002b 08000000 		.4byte	.LVL2
 1236 002f 30000000 		.4byte	.LVL10
 1237 0033 0100     		.2byte	0x1
 1238 0035 55       		.byte	0x55
 1239 0036 00000000 		.4byte	0
 1240 003a 00000000 		.4byte	0
 1241              	.LLST2:
 1242 003e 0C000000 		.4byte	.LVL3
 1243 0042 2C000000 		.4byte	.LVL9
 1244 0046 0100     		.2byte	0x1
 1245 0048 56       		.byte	0x56
 1246 0049 00000000 		.4byte	0
 1247 004d 00000000 		.4byte	0
 1248              	.LLST3:
 1249 0051 0E000000 		.4byte	.LVL4
 1250 0055 24000000 		.4byte	.LVL7
 1251 0059 0100     		.2byte	0x1
 1252 005b 53       		.byte	0x53
 1253 005c 26000000 		.4byte	.LVL8
 1254 0060 2C000000 		.4byte	.LVL9
 1255 0064 0100     		.2byte	0x1
 1256 0066 53       		.byte	0x53
 1257 0067 00000000 		.4byte	0
 1258 006b 00000000 		.4byte	0
 1259              	.LLST4:
 1260 006f 00000000 		.4byte	.LVL12
 1261 0073 09000000 		.4byte	.LVL14-1
 1262 0077 0100     		.2byte	0x1
 1263 0079 50       		.byte	0x50
 1264 007a 09000000 		.4byte	.LVL14-1
 1265 007e 0C000000 		.4byte	.LFE0
 1266 0082 0400     		.2byte	0x4
 1267 0084 F3       		.byte	0xf3
 1268 0085 01       		.uleb128 0x1
 1269 0086 50       		.byte	0x50
 1270 0087 9F       		.byte	0x9f
 1271 0088 00000000 		.4byte	0
 1272 008c 00000000 		.4byte	0
 1273              	.LLST5:
 1274 0090 00000000 		.4byte	.LVL12
 1275 0094 06000000 		.4byte	.LVL13
 1276 0098 0100     		.2byte	0x1
 1277 009a 51       		.byte	0x51
 1278 009b 06000000 		.4byte	.LVL13
 1279 009f 09000000 		.4byte	.LVL14-1
 1280 00a3 0100     		.2byte	0x1
 1281 00a5 52       		.byte	0x52
 1282 00a6 09000000 		.4byte	.LVL14-1
 1283 00aa 0C000000 		.4byte	.LFE0
 1284 00ae 0400     		.2byte	0x4
 1285 00b0 F3       		.byte	0xf3
 1286 00b1 01       		.uleb128 0x1
 1287 00b2 51       		.byte	0x51
ARM GAS  C:\Users\NGUYEN~1\AppData\Local\Temp\ccygxYDc.s 			page 30


 1288 00b3 9F       		.byte	0x9f
 1289 00b4 00000000 		.4byte	0
 1290 00b8 00000000 		.4byte	0
 1291              	.LLST6:
 1292 00bc 7C000000 		.4byte	.LVL18
 1293 00c0 80000000 		.4byte	.LVL19
 1294 00c4 0200     		.2byte	0x2
 1295 00c6 30       		.byte	0x30
 1296 00c7 9F       		.byte	0x9f
 1297 00c8 80000000 		.4byte	.LVL19
 1298 00cc 9E000000 		.4byte	.LVL21
 1299 00d0 0100     		.2byte	0x1
 1300 00d2 54       		.byte	0x54
 1301 00d3 A0000000 		.4byte	.LVL22
 1302 00d7 EE000000 		.4byte	.LVL25
 1303 00db 0100     		.2byte	0x1
 1304 00dd 54       		.byte	0x54
 1305 00de 00000000 		.4byte	0
 1306 00e2 00000000 		.4byte	0
 1307              	.LLST7:
 1308 00e6 80000000 		.4byte	.LVL19
 1309 00ea 9E000000 		.4byte	.LVL21
 1310 00ee 0B00     		.2byte	0xb
 1311 00f0 74       		.byte	0x74
 1312 00f1 00       		.sleb128 0
 1313 00f2 36       		.byte	0x36
 1314 00f3 1E       		.byte	0x1e
 1315 00f4 03       		.byte	0x3
 1316 00f5 00000000 		.4byte	cfg_memset_list.4870
 1317 00f9 22       		.byte	0x22
 1318 00fa 9F       		.byte	0x9f
 1319 00fb 9E000000 		.4byte	.LVL21
 1320 00ff A0000000 		.4byte	.LVL22
 1321 0103 0B00     		.2byte	0xb
 1322 0105 74       		.byte	0x74
 1323 0106 7F       		.sleb128 -1
 1324 0107 36       		.byte	0x36
 1325 0108 1E       		.byte	0x1e
 1326 0109 03       		.byte	0x3
 1327 010a 00000000 		.4byte	cfg_memset_list.4870
 1328 010e 22       		.byte	0x22
 1329 010f 9F       		.byte	0x9f
 1330 0110 00000000 		.4byte	0
 1331 0114 00000000 		.4byte	0
 1332              		.section	.debug_aranges,"",%progbits
 1333 0000 34000000 		.4byte	0x34
 1334 0004 0200     		.2byte	0x2
 1335 0006 00000000 		.4byte	.Ldebug_info0
 1336 000a 04       		.byte	0x4
 1337 000b 00       		.byte	0
 1338 000c 0000     		.2byte	0
 1339 000e 0000     		.2byte	0
 1340 0010 00000000 		.4byte	.LFB3
 1341 0014 32000000 		.4byte	.LFE3-.LFB3
 1342 0018 00000000 		.4byte	.LFB0
 1343 001c 0C000000 		.4byte	.LFE0-.LFB0
 1344 0020 00000000 		.4byte	.LFB4
ARM GAS  C:\Users\NGUYEN~1\AppData\Local\Temp\ccygxYDc.s 			page 31


 1345 0024 78000000 		.4byte	.LFE4-.LFB4
 1346 0028 78000000 		.4byte	.LFB6
 1347 002c A0000000 		.4byte	.LFE6-.LFB6
 1348 0030 00000000 		.4byte	0
 1349 0034 00000000 		.4byte	0
 1350              		.section	.debug_ranges,"",%progbits
 1351              	.Ldebug_ranges0:
 1352 0000 00000000 		.4byte	.LFB3
 1353 0004 32000000 		.4byte	.LFE3
 1354 0008 00000000 		.4byte	.LFB0
 1355 000c 0C000000 		.4byte	.LFE0
 1356 0010 00000000 		.4byte	.LFB4
 1357 0014 78000000 		.4byte	.LFE4
 1358 0018 78000000 		.4byte	.LFB6
 1359 001c 18010000 		.4byte	.LFE6
 1360 0020 00000000 		.4byte	0
 1361 0024 00000000 		.4byte	0
 1362              		.section	.debug_line,"",%progbits
 1363              	.Ldebug_line0:
 1364 0000 57010000 		.section	.debug_str,"MS",%progbits,1
 1364      0200D600 
 1364      00000201 
 1364      FB0E0D00 
 1364      01010101 
 1365              	.LASF19:
 1366 0000 72656733 		.ascii	"reg32\000"
 1366      3200
 1367              	.LASF12:
 1368 0006 73697A65 		.ascii	"size_t\000"
 1368      5F7400
 1369              	.LASF37:
 1370 000d 4379496E 		.ascii	"CyIntSetVector\000"
 1370      74536574 
 1370      56656374 
 1370      6F7200
 1371              	.LASF21:
 1372 001c 76616C75 		.ascii	"value\000"
 1372      6500
 1373              	.LASF26:
 1374 0022 636F756E 		.ascii	"count\000"
 1374      7400
 1375              	.LASF29:
 1376 0028 436C6F63 		.ascii	"ClockSetup\000"
 1376      6B536574 
 1376      757000
 1377              	.LASF30:
 1378 0033 63795F63 		.ascii	"cy_cfg_addr_table\000"
 1378      66675F61 
 1378      6464725F 
 1378      7461626C 
 1378      6500
 1379              	.LASF31:
 1380 0045 63795F63 		.ascii	"cy_cfg_data_table\000"
 1380      66675F64 
 1380      6174615F 
 1380      7461626C 
 1380      6500
ARM GAS  C:\Users\NGUYEN~1\AppData\Local\Temp\ccygxYDc.s 			page 32


 1381              	.LASF16:
 1382 0057 666C6F61 		.ascii	"float\000"
 1382      7400
 1383              	.LASF35:
 1384 005d 6366675F 		.ascii	"cfg_memset_list\000"
 1384      6D656D73 
 1384      65745F6C 
 1384      69737400 
 1385              	.LASF33:
 1386 006d 73697A65 		.ascii	"size\000"
 1386      00
 1387              	.LASF18:
 1388 0072 72656738 		.ascii	"reg8\000"
 1388      00
 1389              	.LASF20:
 1390 0077 6F666673 		.ascii	"offset\000"
 1390      657400
 1391              	.LASF8:
 1392 007e 6C6F6E67 		.ascii	"long unsigned int\000"
 1392      20756E73 
 1392      69676E65 
 1392      6420696E 
 1392      7400
 1393              	.LASF13:
 1394 0090 75696E74 		.ascii	"uint8\000"
 1394      3800
 1395              	.LASF28:
 1396 0096 43594D45 		.ascii	"CYMEMZERO\000"
 1396      4D5A4552 
 1396      4F00
 1397              	.LASF4:
 1398 00a0 756E7369 		.ascii	"unsigned char\000"
 1398      676E6564 
 1398      20636861 
 1398      7200
 1399              	.LASF43:
 1400 00ae 6D656D73 		.ascii	"memset\000"
 1400      657400
 1401              	.LASF17:
 1402 00b5 646F7562 		.ascii	"double\000"
 1402      6C6500
 1403              	.LASF27:
 1404 00bc 6366675F 		.ascii	"cfg_write_bytes32\000"
 1404      77726974 
 1404      655F6279 
 1404      74657333 
 1404      3200
 1405              	.LASF38:
 1406 00ce 4379496E 		.ascii	"CyIntEnable\000"
 1406      74456E61 
 1406      626C6500 
 1407              	.LASF23:
 1408 00da 61646472 		.ascii	"addr_table\000"
 1408      5F746162 
 1408      6C6500
 1409              	.LASF14:
 1410 00e5 75696E74 		.ascii	"uint16\000"
ARM GAS  C:\Users\NGUYEN~1\AppData\Local\Temp\ccygxYDc.s 			page 33


 1410      313600
 1411              	.LASF24:
 1412 00ec 64617461 		.ascii	"data_table\000"
 1412      5F746162 
 1412      6C6500
 1413              	.LASF15:
 1414 00f7 75696E74 		.ascii	"uint32\000"
 1414      333200
 1415              	.LASF0:
 1416 00fe 756E7369 		.ascii	"unsigned int\000"
 1416      676E6564 
 1416      20696E74 
 1416      00
 1417              	.LASF42:
 1418 010b 63796669 		.ascii	"cyfitter_cfg\000"
 1418      74746572 
 1418      5F636667 
 1418      00
 1419              	.LASF32:
 1420 0118 61646472 		.ascii	"address\000"
 1420      65737300 
 1421              	.LASF9:
 1422 0120 6C6F6E67 		.ascii	"long long unsigned int\000"
 1422      206C6F6E 
 1422      6720756E 
 1422      7369676E 
 1422      65642069 
 1423              	.LASF39:
 1424 0137 474E5520 		.ascii	"GNU C11 5.4.1 20160609 (release) [ARM/embedded-5-br"
 1424      43313120 
 1424      352E342E 
 1424      31203230 
 1424      31363036 
 1425 016a 616E6368 		.ascii	"anch revision 237715] -mcpu=cortex-m0 -mthumb -g -O"
 1425      20726576 
 1425      6973696F 
 1425      6E203233 
 1425      37373135 
 1426 019d 67202D66 		.ascii	"g -ffunction-sections -ffat-lto-objects\000"
 1426      66756E63 
 1426      74696F6E 
 1426      2D736563 
 1426      74696F6E 
 1427              	.LASF34:
 1428 01c5 6366675F 		.ascii	"cfg_memset_t\000"
 1428      6D656D73 
 1428      65745F74 
 1428      00
 1429              	.LASF25:
 1430 01d2 62617365 		.ascii	"baseAddr\000"
 1430      41646472 
 1430      00
 1431              	.LASF10:
 1432 01db 73697A65 		.ascii	"sizetype\000"
 1432      74797065 
 1432      00
 1433              	.LASF6:
ARM GAS  C:\Users\NGUYEN~1\AppData\Local\Temp\ccygxYDc.s 			page 34


 1434 01e4 73686F72 		.ascii	"short unsigned int\000"
 1434      7420756E 
 1434      7369676E 
 1434      65642069 
 1434      6E7400
 1435              	.LASF1:
 1436 01f7 6C6F6E67 		.ascii	"long long int\000"
 1436      206C6F6E 
 1436      6720696E 
 1436      7400
 1437              	.LASF11:
 1438 0205 63686172 		.ascii	"char\000"
 1438      00
 1439              	.LASF22:
 1440 020a 63795F63 		.ascii	"cy_cfg_addrvalue_t\000"
 1440      66675F61 
 1440      64647276 
 1440      616C7565 
 1440      5F7400
 1441              	.LASF41:
 1442 021d 443A5C70 		.ascii	"D:\\psoc\\theory\\outputPin\\basic_counter.cydsn\000"
 1442      736F635C 
 1442      7468656F 
 1442      72795C6F 
 1442      75747075 
 1443              	.LASF5:
 1444 024a 73686F72 		.ascii	"short int\000"
 1444      7420696E 
 1444      7400
 1445              	.LASF36:
 1446 0254 43795379 		.ascii	"CySysClkWriteImoFreq\000"
 1446      73436C6B 
 1446      57726974 
 1446      65496D6F 
 1446      46726571 
 1447              	.LASF7:
 1448 0269 6C6F6E67 		.ascii	"long int\000"
 1448      20696E74 
 1448      00
 1449              	.LASF2:
 1450 0272 6C6F6E67 		.ascii	"long double\000"
 1450      20646F75 
 1450      626C6500 
 1451              	.LASF3:
 1452 027e 7369676E 		.ascii	"signed char\000"
 1452      65642063 
 1452      68617200 
 1453              	.LASF40:
 1454 028a 47656E65 		.ascii	"Generated_Source\\PSoC4\\cyfitter_cfg.c\000"
 1454      72617465 
 1454      645F536F 
 1454      75726365 
 1454      5C50536F 
 1455              		.ident	"GCC: (GNU Tools for ARM Embedded Processors) 5.4.1 20160609 (release) [ARM/embedded-5-bran
