ARM GAS  C:\Users\NGUYEN~1\AppData\Local\Temp\ccKRPGEX.s 			page 1


   1              		.syntax unified
   2              		.cpu cortex-m0
   3              		.fpu softvfp
   4              		.eabi_attribute 20, 1
   5              		.eabi_attribute 21, 1
   6              		.eabi_attribute 23, 3
   7              		.eabi_attribute 24, 1
   8              		.eabi_attribute 25, 1
   9              		.eabi_attribute 26, 1
  10              		.eabi_attribute 30, 1
  11              		.eabi_attribute 34, 0
  12              		.eabi_attribute 18, 4
  13              		.thumb
  14              		.syntax unified
  15              		.file	"main.c"
  16              		.text
  17              	.Ltext0:
  18              		.cfi_sections	.debug_frame
  19              		.section	.text.Counter_Int_Handler,"ax",%progbits
  20              		.align	2
  21              		.global	Counter_Int_Handler
  22              		.code	16
  23              		.thumb_func
  24              		.type	Counter_Int_Handler, %function
  25              	Counter_Int_Handler:
  26              	.LFB32:
  27              		.file 1 "main.c"
   1:main.c        **** /* ========================================
   2:main.c        ****  *
   3:main.c        ****  * Copyright YOUR COMPANY, THE YEAR
   4:main.c        ****  * All Rights Reserved
   5:main.c        ****  * UNPUBLISHED, LICENSED SOFTWARE.
   6:main.c        ****  *
   7:main.c        ****  * CONFIDENTIAL AND PROPRIETARY INFORMATION
   8:main.c        ****  * WHICH IS THE PROPERTY OF your company.
   9:main.c        ****  *
  10:main.c        ****  * ========================================
  11:main.c        **** */
  12:main.c        **** #include "project.h"
  13:main.c        **** 
  14:main.c        **** CY_ISR( Counter_Int_Handler )
  15:main.c        **** {
  28              		.loc 1 15 0
  29              		.cfi_startproc
  30              		@ args = 0, pretend = 0, frame = 0
  31              		@ frame_needed = 0, uses_anonymous_args = 0
  32              		@ link register save eliminated.
  16:main.c        ****     
  17:main.c        **** }
  33              		.loc 1 17 0
  34              		@ sp needed
  35 0000 7047     		bx	lr
  36              		.cfi_endproc
  37              	.LFE32:
  38              		.size	Counter_Int_Handler, .-Counter_Int_Handler
  39 0002 C046     		.section	.text.main,"ax",%progbits
  40              		.align	2
ARM GAS  C:\Users\NGUYEN~1\AppData\Local\Temp\ccKRPGEX.s 			page 2


  41              		.global	main
  42              		.code	16
  43              		.thumb_func
  44              		.type	main, %function
  45              	main:
  46              	.LFB33:
  18:main.c        **** 
  19:main.c        **** 
  20:main.c        **** int main(void)
  21:main.c        **** {
  47              		.loc 1 21 0
  48              		.cfi_startproc
  49              		@ Volatile: function does not return.
  50              		@ args = 0, pretend = 0, frame = 0
  51              		@ frame_needed = 0, uses_anonymous_args = 0
  52 0000 10B5     		push	{r4, lr}
  53              		.cfi_def_cfa_offset 8
  54              		.cfi_offset 4, -8
  55              		.cfi_offset 14, -4
  22:main.c        ****     CyGlobalIntEnable; /* Enable global interrupts. */
  56              		.loc 1 22 0
  57              		.syntax divided
  58              	@ 22 "main.c" 1
  59 0002 62B6     		CPSIE   i
  60              	@ 0 "" 2
  23:main.c        **** 
  24:main.c        ****     /* Place your initialization/startup code here (e.g. MyInst_Start()) */
  25:main.c        ****     
  26:main.c        ****     gnd_Write(0);
  61              		.loc 1 26 0
  62              		.thumb
  63              		.syntax unified
  64 0004 0020     		movs	r0, #0
  65 0006 FFF7FEFF 		bl	gnd_Write
  66              	.LVL0:
  27:main.c        ****     
  28:main.c        ****     Counter_Start();
  67              		.loc 1 28 0
  68 000a FFF7FEFF 		bl	Counter_Start
  69              	.LVL1:
  29:main.c        ****     Counter_Int_StartEx( Counter_Int_Handler );
  70              		.loc 1 29 0
  71 000e 0248     		ldr	r0, .L4
  72 0010 FFF7FEFF 		bl	Counter_Int_StartEx
  73              	.LVL2:
  74              	.L3:
  75 0014 FEE7     		b	.L3
  76              	.L5:
  77 0016 C046     		.align	2
  78              	.L4:
  79 0018 00000000 		.word	Counter_Int_Handler
  80              		.cfi_endproc
  81              	.LFE33:
  82              		.size	main, .-main
  83              		.text
  84              	.Letext0:
  85              		.file 2 "Generated_Source\\PSoC4/gnd.h"
ARM GAS  C:\Users\NGUYEN~1\AppData\Local\Temp\ccKRPGEX.s 			page 3


  86              		.file 3 "Generated_Source\\PSoC4/Counter.h"
  87              		.file 4 "Generated_Source\\PSoC4/Counter_Int.h"
  88              		.section	.debug_info,"",%progbits
  89              	.Ldebug_info0:
  90 0000 07010000 		.4byte	0x107
  91 0004 0400     		.2byte	0x4
  92 0006 00000000 		.4byte	.Ldebug_abbrev0
  93 000a 04       		.byte	0x4
  94 000b 01       		.uleb128 0x1
  95 000c E6000000 		.4byte	.LASF17
  96 0010 0C       		.byte	0xc
  97 0011 CF000000 		.4byte	.LASF18
  98 0015 34000000 		.4byte	.LASF19
  99 0019 00000000 		.4byte	.Ldebug_ranges0+0
 100 001d 00000000 		.4byte	0
 101 0021 00000000 		.4byte	.Ldebug_line0
 102 0025 02       		.uleb128 0x2
 103 0026 01       		.byte	0x1
 104 0027 06       		.byte	0x6
 105 0028 87010000 		.4byte	.LASF0
 106 002c 02       		.uleb128 0x2
 107 002d 01       		.byte	0x1
 108 002e 08       		.byte	0x8
 109 002f AE000000 		.4byte	.LASF1
 110 0033 02       		.uleb128 0x2
 111 0034 02       		.byte	0x2
 112 0035 05       		.byte	0x5
 113 0036 9F010000 		.4byte	.LASF2
 114 003a 02       		.uleb128 0x2
 115 003b 02       		.byte	0x2
 116 003c 07       		.byte	0x7
 117 003d 74010000 		.4byte	.LASF3
 118 0041 02       		.uleb128 0x2
 119 0042 04       		.byte	0x4
 120 0043 05       		.byte	0x5
 121 0044 D6000000 		.4byte	.LASF4
 122 0048 02       		.uleb128 0x2
 123 0049 04       		.byte	0x4
 124 004a 07       		.byte	0x7
 125 004b 61000000 		.4byte	.LASF5
 126 004f 02       		.uleb128 0x2
 127 0050 08       		.byte	0x8
 128 0051 05       		.byte	0x5
 129 0052 00000000 		.4byte	.LASF6
 130 0056 02       		.uleb128 0x2
 131 0057 08       		.byte	0x8
 132 0058 07       		.byte	0x7
 133 0059 73000000 		.4byte	.LASF7
 134 005d 03       		.uleb128 0x3
 135 005e 04       		.byte	0x4
 136 005f 05       		.byte	0x5
 137 0060 696E7400 		.ascii	"int\000"
 138 0064 02       		.uleb128 0x2
 139 0065 04       		.byte	0x4
 140 0066 07       		.byte	0x7
 141 0067 0E000000 		.4byte	.LASF8
 142 006b 02       		.uleb128 0x2
ARM GAS  C:\Users\NGUYEN~1\AppData\Local\Temp\ccKRPGEX.s 			page 4


 143 006c 04       		.byte	0x4
 144 006d 04       		.byte	0x4
 145 006e A8000000 		.4byte	.LASF9
 146 0072 02       		.uleb128 0x2
 147 0073 08       		.byte	0x8
 148 0074 04       		.byte	0x4
 149 0075 DF000000 		.4byte	.LASF10
 150 0079 02       		.uleb128 0x2
 151 007a 01       		.byte	0x1
 152 007b 08       		.byte	0x8
 153 007c CA000000 		.4byte	.LASF11
 154 0080 02       		.uleb128 0x2
 155 0081 08       		.byte	0x8
 156 0082 04       		.byte	0x4
 157 0083 93010000 		.4byte	.LASF12
 158 0087 02       		.uleb128 0x2
 159 0088 04       		.byte	0x4
 160 0089 07       		.byte	0x7
 161 008a A9010000 		.4byte	.LASF13
 162 008e 04       		.uleb128 0x4
 163 008f 94000000 		.4byte	.LASF20
 164 0093 01       		.byte	0x1
 165 0094 0E       		.byte	0xe
 166 0095 00000000 		.4byte	.LFB32
 167 0099 02000000 		.4byte	.LFE32-.LFB32
 168 009d 01       		.uleb128 0x1
 169 009e 9C       		.byte	0x9c
 170 009f 05       		.uleb128 0x5
 171 00a0 2F000000 		.4byte	.LASF21
 172 00a4 01       		.byte	0x1
 173 00a5 14       		.byte	0x14
 174 00a6 5D000000 		.4byte	0x5d
 175 00aa 00000000 		.4byte	.LFB33
 176 00ae 1C000000 		.4byte	.LFE33-.LFB33
 177 00b2 01       		.uleb128 0x1
 178 00b3 9C       		.byte	0x9c
 179 00b4 E8000000 		.4byte	0xe8
 180 00b8 06       		.uleb128 0x6
 181 00b9 0A000000 		.4byte	.LVL0
 182 00bd E8000000 		.4byte	0xe8
 183 00c1 CB000000 		.4byte	0xcb
 184 00c5 07       		.uleb128 0x7
 185 00c6 01       		.uleb128 0x1
 186 00c7 50       		.byte	0x50
 187 00c8 01       		.uleb128 0x1
 188 00c9 30       		.byte	0x30
 189 00ca 00       		.byte	0
 190 00cb 08       		.uleb128 0x8
 191 00cc 0E000000 		.4byte	.LVL1
 192 00d0 F3000000 		.4byte	0xf3
 193 00d4 09       		.uleb128 0x9
 194 00d5 14000000 		.4byte	.LVL2
 195 00d9 FF000000 		.4byte	0xff
 196 00dd 07       		.uleb128 0x7
 197 00de 01       		.uleb128 0x1
 198 00df 50       		.byte	0x50
 199 00e0 05       		.uleb128 0x5
ARM GAS  C:\Users\NGUYEN~1\AppData\Local\Temp\ccKRPGEX.s 			page 5


 200 00e1 03       		.byte	0x3
 201 00e2 00000000 		.4byte	Counter_Int_Handler
 202 00e6 00       		.byte	0
 203 00e7 00       		.byte	0
 204 00e8 0A       		.uleb128 0xa
 205 00e9 8A000000 		.4byte	.LASF14
 206 00ed 8A000000 		.4byte	.LASF14
 207 00f1 02       		.byte	0x2
 208 00f2 33       		.byte	0x33
 209 00f3 0B       		.uleb128 0xb
 210 00f4 BC000000 		.4byte	.LASF15
 211 00f8 BC000000 		.4byte	.LASF15
 212 00fc 03       		.byte	0x3
 213 00fd 3201     		.2byte	0x132
 214 00ff 0A       		.uleb128 0xa
 215 0100 1B000000 		.4byte	.LASF16
 216 0104 1B000000 		.4byte	.LASF16
 217 0108 04       		.byte	0x4
 218 0109 18       		.byte	0x18
 219 010a 00       		.byte	0
 220              		.section	.debug_abbrev,"",%progbits
 221              	.Ldebug_abbrev0:
 222 0000 01       		.uleb128 0x1
 223 0001 11       		.uleb128 0x11
 224 0002 01       		.byte	0x1
 225 0003 25       		.uleb128 0x25
 226 0004 0E       		.uleb128 0xe
 227 0005 13       		.uleb128 0x13
 228 0006 0B       		.uleb128 0xb
 229 0007 03       		.uleb128 0x3
 230 0008 0E       		.uleb128 0xe
 231 0009 1B       		.uleb128 0x1b
 232 000a 0E       		.uleb128 0xe
 233 000b 55       		.uleb128 0x55
 234 000c 17       		.uleb128 0x17
 235 000d 11       		.uleb128 0x11
 236 000e 01       		.uleb128 0x1
 237 000f 10       		.uleb128 0x10
 238 0010 17       		.uleb128 0x17
 239 0011 00       		.byte	0
 240 0012 00       		.byte	0
 241 0013 02       		.uleb128 0x2
 242 0014 24       		.uleb128 0x24
 243 0015 00       		.byte	0
 244 0016 0B       		.uleb128 0xb
 245 0017 0B       		.uleb128 0xb
 246 0018 3E       		.uleb128 0x3e
 247 0019 0B       		.uleb128 0xb
 248 001a 03       		.uleb128 0x3
 249 001b 0E       		.uleb128 0xe
 250 001c 00       		.byte	0
 251 001d 00       		.byte	0
 252 001e 03       		.uleb128 0x3
 253 001f 24       		.uleb128 0x24
 254 0020 00       		.byte	0
 255 0021 0B       		.uleb128 0xb
 256 0022 0B       		.uleb128 0xb
ARM GAS  C:\Users\NGUYEN~1\AppData\Local\Temp\ccKRPGEX.s 			page 6


 257 0023 3E       		.uleb128 0x3e
 258 0024 0B       		.uleb128 0xb
 259 0025 03       		.uleb128 0x3
 260 0026 08       		.uleb128 0x8
 261 0027 00       		.byte	0
 262 0028 00       		.byte	0
 263 0029 04       		.uleb128 0x4
 264 002a 2E       		.uleb128 0x2e
 265 002b 00       		.byte	0
 266 002c 3F       		.uleb128 0x3f
 267 002d 19       		.uleb128 0x19
 268 002e 03       		.uleb128 0x3
 269 002f 0E       		.uleb128 0xe
 270 0030 3A       		.uleb128 0x3a
 271 0031 0B       		.uleb128 0xb
 272 0032 3B       		.uleb128 0x3b
 273 0033 0B       		.uleb128 0xb
 274 0034 27       		.uleb128 0x27
 275 0035 19       		.uleb128 0x19
 276 0036 11       		.uleb128 0x11
 277 0037 01       		.uleb128 0x1
 278 0038 12       		.uleb128 0x12
 279 0039 06       		.uleb128 0x6
 280 003a 40       		.uleb128 0x40
 281 003b 18       		.uleb128 0x18
 282 003c 9742     		.uleb128 0x2117
 283 003e 19       		.uleb128 0x19
 284 003f 00       		.byte	0
 285 0040 00       		.byte	0
 286 0041 05       		.uleb128 0x5
 287 0042 2E       		.uleb128 0x2e
 288 0043 01       		.byte	0x1
 289 0044 3F       		.uleb128 0x3f
 290 0045 19       		.uleb128 0x19
 291 0046 03       		.uleb128 0x3
 292 0047 0E       		.uleb128 0xe
 293 0048 3A       		.uleb128 0x3a
 294 0049 0B       		.uleb128 0xb
 295 004a 3B       		.uleb128 0x3b
 296 004b 0B       		.uleb128 0xb
 297 004c 27       		.uleb128 0x27
 298 004d 19       		.uleb128 0x19
 299 004e 49       		.uleb128 0x49
 300 004f 13       		.uleb128 0x13
 301 0050 8701     		.uleb128 0x87
 302 0052 19       		.uleb128 0x19
 303 0053 11       		.uleb128 0x11
 304 0054 01       		.uleb128 0x1
 305 0055 12       		.uleb128 0x12
 306 0056 06       		.uleb128 0x6
 307 0057 40       		.uleb128 0x40
 308 0058 18       		.uleb128 0x18
 309 0059 9742     		.uleb128 0x2117
 310 005b 19       		.uleb128 0x19
 311 005c 01       		.uleb128 0x1
 312 005d 13       		.uleb128 0x13
 313 005e 00       		.byte	0
ARM GAS  C:\Users\NGUYEN~1\AppData\Local\Temp\ccKRPGEX.s 			page 7


 314 005f 00       		.byte	0
 315 0060 06       		.uleb128 0x6
 316 0061 898201   		.uleb128 0x4109
 317 0064 01       		.byte	0x1
 318 0065 11       		.uleb128 0x11
 319 0066 01       		.uleb128 0x1
 320 0067 31       		.uleb128 0x31
 321 0068 13       		.uleb128 0x13
 322 0069 01       		.uleb128 0x1
 323 006a 13       		.uleb128 0x13
 324 006b 00       		.byte	0
 325 006c 00       		.byte	0
 326 006d 07       		.uleb128 0x7
 327 006e 8A8201   		.uleb128 0x410a
 328 0071 00       		.byte	0
 329 0072 02       		.uleb128 0x2
 330 0073 18       		.uleb128 0x18
 331 0074 9142     		.uleb128 0x2111
 332 0076 18       		.uleb128 0x18
 333 0077 00       		.byte	0
 334 0078 00       		.byte	0
 335 0079 08       		.uleb128 0x8
 336 007a 898201   		.uleb128 0x4109
 337 007d 00       		.byte	0
 338 007e 11       		.uleb128 0x11
 339 007f 01       		.uleb128 0x1
 340 0080 31       		.uleb128 0x31
 341 0081 13       		.uleb128 0x13
 342 0082 00       		.byte	0
 343 0083 00       		.byte	0
 344 0084 09       		.uleb128 0x9
 345 0085 898201   		.uleb128 0x4109
 346 0088 01       		.byte	0x1
 347 0089 11       		.uleb128 0x11
 348 008a 01       		.uleb128 0x1
 349 008b 31       		.uleb128 0x31
 350 008c 13       		.uleb128 0x13
 351 008d 00       		.byte	0
 352 008e 00       		.byte	0
 353 008f 0A       		.uleb128 0xa
 354 0090 2E       		.uleb128 0x2e
 355 0091 00       		.byte	0
 356 0092 3F       		.uleb128 0x3f
 357 0093 19       		.uleb128 0x19
 358 0094 3C       		.uleb128 0x3c
 359 0095 19       		.uleb128 0x19
 360 0096 6E       		.uleb128 0x6e
 361 0097 0E       		.uleb128 0xe
 362 0098 03       		.uleb128 0x3
 363 0099 0E       		.uleb128 0xe
 364 009a 3A       		.uleb128 0x3a
 365 009b 0B       		.uleb128 0xb
 366 009c 3B       		.uleb128 0x3b
 367 009d 0B       		.uleb128 0xb
 368 009e 00       		.byte	0
 369 009f 00       		.byte	0
 370 00a0 0B       		.uleb128 0xb
ARM GAS  C:\Users\NGUYEN~1\AppData\Local\Temp\ccKRPGEX.s 			page 8


 371 00a1 2E       		.uleb128 0x2e
 372 00a2 00       		.byte	0
 373 00a3 3F       		.uleb128 0x3f
 374 00a4 19       		.uleb128 0x19
 375 00a5 3C       		.uleb128 0x3c
 376 00a6 19       		.uleb128 0x19
 377 00a7 6E       		.uleb128 0x6e
 378 00a8 0E       		.uleb128 0xe
 379 00a9 03       		.uleb128 0x3
 380 00aa 0E       		.uleb128 0xe
 381 00ab 3A       		.uleb128 0x3a
 382 00ac 0B       		.uleb128 0xb
 383 00ad 3B       		.uleb128 0x3b
 384 00ae 05       		.uleb128 0x5
 385 00af 00       		.byte	0
 386 00b0 00       		.byte	0
 387 00b1 00       		.byte	0
 388              		.section	.debug_aranges,"",%progbits
 389 0000 24000000 		.4byte	0x24
 390 0004 0200     		.2byte	0x2
 391 0006 00000000 		.4byte	.Ldebug_info0
 392 000a 04       		.byte	0x4
 393 000b 00       		.byte	0
 394 000c 0000     		.2byte	0
 395 000e 0000     		.2byte	0
 396 0010 00000000 		.4byte	.LFB32
 397 0014 02000000 		.4byte	.LFE32-.LFB32
 398 0018 00000000 		.4byte	.LFB33
 399 001c 1C000000 		.4byte	.LFE33-.LFB33
 400 0020 00000000 		.4byte	0
 401 0024 00000000 		.4byte	0
 402              		.section	.debug_ranges,"",%progbits
 403              	.Ldebug_ranges0:
 404 0000 00000000 		.4byte	.LFB32
 405 0004 02000000 		.4byte	.LFE32
 406 0008 00000000 		.4byte	.LFB33
 407 000c 1C000000 		.4byte	.LFE33
 408 0010 00000000 		.4byte	0
 409 0014 00000000 		.4byte	0
 410              		.section	.debug_line,"",%progbits
 411              	.Ldebug_line0:
 412 0000 84000000 		.section	.debug_str,"MS",%progbits,1
 412      02005B00 
 412      00000201 
 412      FB0E0D00 
 412      01010101 
 413              	.LASF6:
 414 0000 6C6F6E67 		.ascii	"long long int\000"
 414      206C6F6E 
 414      6720696E 
 414      7400
 415              	.LASF8:
 416 000e 756E7369 		.ascii	"unsigned int\000"
 416      676E6564 
 416      20696E74 
 416      00
 417              	.LASF16:
ARM GAS  C:\Users\NGUYEN~1\AppData\Local\Temp\ccKRPGEX.s 			page 9


 418 001b 436F756E 		.ascii	"Counter_Int_StartEx\000"
 418      7465725F 
 418      496E745F 
 418      53746172 
 418      74457800 
 419              	.LASF21:
 420 002f 6D61696E 		.ascii	"main\000"
 420      00
 421              	.LASF19:
 422 0034 443A5C70 		.ascii	"D:\\psoc\\theory\\outputPin\\basic_counter.cydsn\000"
 422      736F635C 
 422      7468656F 
 422      72795C6F 
 422      75747075 
 423              	.LASF5:
 424 0061 6C6F6E67 		.ascii	"long unsigned int\000"
 424      20756E73 
 424      69676E65 
 424      6420696E 
 424      7400
 425              	.LASF7:
 426 0073 6C6F6E67 		.ascii	"long long unsigned int\000"
 426      206C6F6E 
 426      6720756E 
 426      7369676E 
 426      65642069 
 427              	.LASF14:
 428 008a 676E645F 		.ascii	"gnd_Write\000"
 428      57726974 
 428      6500
 429              	.LASF20:
 430 0094 436F756E 		.ascii	"Counter_Int_Handler\000"
 430      7465725F 
 430      496E745F 
 430      48616E64 
 430      6C657200 
 431              	.LASF9:
 432 00a8 666C6F61 		.ascii	"float\000"
 432      7400
 433              	.LASF1:
 434 00ae 756E7369 		.ascii	"unsigned char\000"
 434      676E6564 
 434      20636861 
 434      7200
 435              	.LASF15:
 436 00bc 436F756E 		.ascii	"Counter_Start\000"
 436      7465725F 
 436      53746172 
 436      7400
 437              	.LASF11:
 438 00ca 63686172 		.ascii	"char\000"
 438      00
 439              	.LASF18:
 440 00cf 6D61696E 		.ascii	"main.c\000"
 440      2E6300
 441              	.LASF4:
 442 00d6 6C6F6E67 		.ascii	"long int\000"
ARM GAS  C:\Users\NGUYEN~1\AppData\Local\Temp\ccKRPGEX.s 			page 10


 442      20696E74 
 442      00
 443              	.LASF10:
 444 00df 646F7562 		.ascii	"double\000"
 444      6C6500
 445              	.LASF17:
 446 00e6 474E5520 		.ascii	"GNU C11 5.4.1 20160609 (release) [ARM/embedded-5-br"
 446      43313120 
 446      352E342E 
 446      31203230 
 446      31363036 
 447 0119 616E6368 		.ascii	"anch revision 237715] -mcpu=cortex-m0 -mthumb -g -O"
 447      20726576 
 447      6973696F 
 447      6E203233 
 447      37373135 
 448 014c 67202D66 		.ascii	"g -ffunction-sections -ffat-lto-objects\000"
 448      66756E63 
 448      74696F6E 
 448      2D736563 
 448      74696F6E 
 449              	.LASF3:
 450 0174 73686F72 		.ascii	"short unsigned int\000"
 450      7420756E 
 450      7369676E 
 450      65642069 
 450      6E7400
 451              	.LASF0:
 452 0187 7369676E 		.ascii	"signed char\000"
 452      65642063 
 452      68617200 
 453              	.LASF12:
 454 0193 6C6F6E67 		.ascii	"long double\000"
 454      20646F75 
 454      626C6500 
 455              	.LASF2:
 456 019f 73686F72 		.ascii	"short int\000"
 456      7420696E 
 456      7400
 457              	.LASF13:
 458 01a9 73697A65 		.ascii	"sizetype\000"
 458      74797065 
 458      00
 459              		.ident	"GCC: (GNU Tools for ARM Embedded Processors) 5.4.1 20160609 (release) [ARM/embedded-5-bran
