ARM GAS  C:\Users\NGUYEN~1\AppData\Local\Temp\cc9Tlsz2.s 			page 1


   1              		.syntax unified
   2              		.cpu cortex-m0
   3              		.fpu softvfp
   4              		.eabi_attribute 20, 1
   5              		.eabi_attribute 21, 1
   6              		.eabi_attribute 23, 3
   7              		.eabi_attribute 24, 1
   8              		.eabi_attribute 25, 1
   9              		.eabi_attribute 26, 1
  10              		.eabi_attribute 30, 1
  11              		.eabi_attribute 34, 0
  12              		.eabi_attribute 18, 4
  13              		.thumb
  14              		.syntax unified
  15              		.file	"cyfitter_cfg.c"
  16              		.text
  17              	.Ltext0:
  18              		.cfi_sections	.debug_frame
  19              		.section	.text.CYMEMZERO,"ax",%progbits
  20              		.align	2
  21              		.code	16
  22              		.thumb_func
  23              		.type	CYMEMZERO, %function
  24              	CYMEMZERO:
  25              	.LFB0:
  26              		.file 1 "Generated_Source\\PSoC4\\cyfitter_cfg.c"
   1:Generated_Source\PSoC4/cyfitter_cfg.c **** 
   2:Generated_Source\PSoC4/cyfitter_cfg.c **** /*******************************************************************************
   3:Generated_Source\PSoC4/cyfitter_cfg.c **** * File Name: cyfitter_cfg.c
   4:Generated_Source\PSoC4/cyfitter_cfg.c **** * 
   5:Generated_Source\PSoC4/cyfitter_cfg.c **** * PSoC Creator  4.4
   6:Generated_Source\PSoC4/cyfitter_cfg.c **** *
   7:Generated_Source\PSoC4/cyfitter_cfg.c **** * Description:
   8:Generated_Source\PSoC4/cyfitter_cfg.c **** * This file contains device initialization code.
   9:Generated_Source\PSoC4/cyfitter_cfg.c **** * Except for the user defined sections in CyClockStartupError(), this file should not be modified.
  10:Generated_Source\PSoC4/cyfitter_cfg.c **** * This file is automatically generated by PSoC Creator.
  11:Generated_Source\PSoC4/cyfitter_cfg.c **** *
  12:Generated_Source\PSoC4/cyfitter_cfg.c **** ********************************************************************************
  13:Generated_Source\PSoC4/cyfitter_cfg.c **** * Copyright (c) 2007-2020 Cypress Semiconductor.  All rights reserved.
  14:Generated_Source\PSoC4/cyfitter_cfg.c **** * You may use this file only in accordance with the license, terms, conditions, 
  15:Generated_Source\PSoC4/cyfitter_cfg.c **** * disclaimers, and limitations in the end user license agreement accompanying 
  16:Generated_Source\PSoC4/cyfitter_cfg.c **** * the software package with which this file was provided.
  17:Generated_Source\PSoC4/cyfitter_cfg.c **** ********************************************************************************/
  18:Generated_Source\PSoC4/cyfitter_cfg.c **** 
  19:Generated_Source\PSoC4/cyfitter_cfg.c **** #include <string.h>
  20:Generated_Source\PSoC4/cyfitter_cfg.c **** #include "cytypes.h"
  21:Generated_Source\PSoC4/cyfitter_cfg.c **** #include "cydevice_trm.h"
  22:Generated_Source\PSoC4/cyfitter_cfg.c **** #include "cyfitter.h"
  23:Generated_Source\PSoC4/cyfitter_cfg.c **** #include "CyLib.h"
  24:Generated_Source\PSoC4/cyfitter_cfg.c **** #include "CyLFClk.h"
  25:Generated_Source\PSoC4/cyfitter_cfg.c **** #include "cyfitter_cfg.h"
  26:Generated_Source\PSoC4/cyfitter_cfg.c **** #include "cyapicallbacks.h"
  27:Generated_Source\PSoC4/cyfitter_cfg.c **** 
  28:Generated_Source\PSoC4/cyfitter_cfg.c **** 
  29:Generated_Source\PSoC4/cyfitter_cfg.c **** #if defined(__GNUC__) || defined(__ARMCC_VERSION)
  30:Generated_Source\PSoC4/cyfitter_cfg.c ****     #define CYPACKED 
  31:Generated_Source\PSoC4/cyfitter_cfg.c ****     #define CYPACKED_ATTR __attribute__ ((packed))
ARM GAS  C:\Users\NGUYEN~1\AppData\Local\Temp\cc9Tlsz2.s 			page 2


  32:Generated_Source\PSoC4/cyfitter_cfg.c ****     #define CYALIGNED __attribute__ ((aligned))
  33:Generated_Source\PSoC4/cyfitter_cfg.c ****     #define CY_CFG_UNUSED __attribute__ ((unused))
  34:Generated_Source\PSoC4/cyfitter_cfg.c ****     #ifndef CY_CFG_SECTION
  35:Generated_Source\PSoC4/cyfitter_cfg.c ****         #define CY_CFG_SECTION __attribute__ ((section(".psocinit")))
  36:Generated_Source\PSoC4/cyfitter_cfg.c ****     #endif
  37:Generated_Source\PSoC4/cyfitter_cfg.c ****     
  38:Generated_Source\PSoC4/cyfitter_cfg.c ****     #if defined(__ARMCC_VERSION)
  39:Generated_Source\PSoC4/cyfitter_cfg.c ****         #define CY_CFG_MEMORY_BARRIER() __memory_changed()
  40:Generated_Source\PSoC4/cyfitter_cfg.c ****     #else
  41:Generated_Source\PSoC4/cyfitter_cfg.c ****         #define CY_CFG_MEMORY_BARRIER() __sync_synchronize()
  42:Generated_Source\PSoC4/cyfitter_cfg.c ****     #endif
  43:Generated_Source\PSoC4/cyfitter_cfg.c ****     
  44:Generated_Source\PSoC4/cyfitter_cfg.c **** #elif defined(__ICCARM__)
  45:Generated_Source\PSoC4/cyfitter_cfg.c ****     #include <intrinsics.h>
  46:Generated_Source\PSoC4/cyfitter_cfg.c **** 
  47:Generated_Source\PSoC4/cyfitter_cfg.c ****     #define CYPACKED __packed
  48:Generated_Source\PSoC4/cyfitter_cfg.c ****     #define CYPACKED_ATTR 
  49:Generated_Source\PSoC4/cyfitter_cfg.c ****     #define CYALIGNED _Pragma("data_alignment=4")
  50:Generated_Source\PSoC4/cyfitter_cfg.c ****     #define CY_CFG_UNUSED _Pragma("diag_suppress=Pe177")
  51:Generated_Source\PSoC4/cyfitter_cfg.c ****     #define CY_CFG_SECTION _Pragma("location=\".psocinit\"")
  52:Generated_Source\PSoC4/cyfitter_cfg.c ****     
  53:Generated_Source\PSoC4/cyfitter_cfg.c ****     #define CY_CFG_MEMORY_BARRIER() __DMB()
  54:Generated_Source\PSoC4/cyfitter_cfg.c ****     
  55:Generated_Source\PSoC4/cyfitter_cfg.c **** #else
  56:Generated_Source\PSoC4/cyfitter_cfg.c ****     #error Unsupported toolchain
  57:Generated_Source\PSoC4/cyfitter_cfg.c **** #endif
  58:Generated_Source\PSoC4/cyfitter_cfg.c **** 
  59:Generated_Source\PSoC4/cyfitter_cfg.c **** #ifndef CYCODE
  60:Generated_Source\PSoC4/cyfitter_cfg.c ****     #define CYCODE
  61:Generated_Source\PSoC4/cyfitter_cfg.c **** #endif
  62:Generated_Source\PSoC4/cyfitter_cfg.c **** #ifndef CYDATA
  63:Generated_Source\PSoC4/cyfitter_cfg.c ****     #define CYDATA
  64:Generated_Source\PSoC4/cyfitter_cfg.c **** #endif
  65:Generated_Source\PSoC4/cyfitter_cfg.c **** #ifndef CYFAR
  66:Generated_Source\PSoC4/cyfitter_cfg.c ****     #define CYFAR
  67:Generated_Source\PSoC4/cyfitter_cfg.c **** #endif
  68:Generated_Source\PSoC4/cyfitter_cfg.c **** #ifndef CYXDATA
  69:Generated_Source\PSoC4/cyfitter_cfg.c ****     #define CYXDATA
  70:Generated_Source\PSoC4/cyfitter_cfg.c **** #endif
  71:Generated_Source\PSoC4/cyfitter_cfg.c **** 
  72:Generated_Source\PSoC4/cyfitter_cfg.c **** 
  73:Generated_Source\PSoC4/cyfitter_cfg.c **** CY_CFG_UNUSED
  74:Generated_Source\PSoC4/cyfitter_cfg.c **** static void CYMEMZERO(void *s, size_t n);
  75:Generated_Source\PSoC4/cyfitter_cfg.c **** CY_CFG_UNUSED
  76:Generated_Source\PSoC4/cyfitter_cfg.c **** static void CYMEMZERO(void *s, size_t n)
  77:Generated_Source\PSoC4/cyfitter_cfg.c **** {
  27              		.loc 1 77 0
  28              		.cfi_startproc
  29              		@ args = 0, pretend = 0, frame = 0
  30              		@ frame_needed = 0, uses_anonymous_args = 0
  31              	.LVL0:
  32 0000 10B5     		push	{r4, lr}
  33              		.cfi_def_cfa_offset 8
  34              		.cfi_offset 4, -8
  35              		.cfi_offset 14, -4
  36 0002 0A00     		movs	r2, r1
  78:Generated_Source\PSoC4/cyfitter_cfg.c **** 	(void)memset(s, 0, n);
ARM GAS  C:\Users\NGUYEN~1\AppData\Local\Temp\cc9Tlsz2.s 			page 3


  37              		.loc 1 78 0
  38 0004 0021     		movs	r1, #0
  39              	.LVL1:
  40 0006 FFF7FEFF 		bl	memset
  41              	.LVL2:
  79:Generated_Source\PSoC4/cyfitter_cfg.c **** }
  42              		.loc 1 79 0
  43              		@ sp needed
  44 000a 10BD     		pop	{r4, pc}
  45              		.cfi_endproc
  46              	.LFE0:
  47              		.size	CYMEMZERO, .-CYMEMZERO
  48              		.section	.psocinit,"ax",%progbits
  49              		.align	2
  50              		.code	16
  51              		.thumb_func
  52              		.type	ClockSetup, %function
  53              	ClockSetup:
  54              	.LFB3:
  80:Generated_Source\PSoC4/cyfitter_cfg.c **** CY_CFG_UNUSED
  81:Generated_Source\PSoC4/cyfitter_cfg.c **** static void CYCONFIGCPY(void *dest, const void *src, size_t n);
  82:Generated_Source\PSoC4/cyfitter_cfg.c **** CY_CFG_UNUSED
  83:Generated_Source\PSoC4/cyfitter_cfg.c **** static void CYCONFIGCPY(void *dest, const void *src, size_t n)
  84:Generated_Source\PSoC4/cyfitter_cfg.c **** {
  85:Generated_Source\PSoC4/cyfitter_cfg.c **** 	(void)memcpy(dest, src, n);
  86:Generated_Source\PSoC4/cyfitter_cfg.c **** }
  87:Generated_Source\PSoC4/cyfitter_cfg.c **** CY_CFG_UNUSED
  88:Generated_Source\PSoC4/cyfitter_cfg.c **** static void CYCONFIGCPYCODE(void *dest, const void *src, size_t n);
  89:Generated_Source\PSoC4/cyfitter_cfg.c **** CY_CFG_UNUSED
  90:Generated_Source\PSoC4/cyfitter_cfg.c **** static void CYCONFIGCPYCODE(void *dest, const void *src, size_t n)
  91:Generated_Source\PSoC4/cyfitter_cfg.c **** {
  92:Generated_Source\PSoC4/cyfitter_cfg.c **** 	(void)memcpy(dest, src, n);
  93:Generated_Source\PSoC4/cyfitter_cfg.c **** }
  94:Generated_Source\PSoC4/cyfitter_cfg.c **** 
  95:Generated_Source\PSoC4/cyfitter_cfg.c **** 
  96:Generated_Source\PSoC4/cyfitter_cfg.c **** 
  97:Generated_Source\PSoC4/cyfitter_cfg.c **** 
  98:Generated_Source\PSoC4/cyfitter_cfg.c **** /* Clock startup error codes                                                   */
  99:Generated_Source\PSoC4/cyfitter_cfg.c **** #define CYCLOCKSTART_NO_ERROR    0u
 100:Generated_Source\PSoC4/cyfitter_cfg.c **** #define CYCLOCKSTART_XTAL_ERROR  1u
 101:Generated_Source\PSoC4/cyfitter_cfg.c **** #define CYCLOCKSTART_32KHZ_ERROR 2u
 102:Generated_Source\PSoC4/cyfitter_cfg.c **** #define CYCLOCKSTART_PLL_ERROR   3u
 103:Generated_Source\PSoC4/cyfitter_cfg.c **** #define CYCLOCKSTART_FLL_ERROR   4u
 104:Generated_Source\PSoC4/cyfitter_cfg.c **** #define CYCLOCKSTART_WCO_ERROR   5u
 105:Generated_Source\PSoC4/cyfitter_cfg.c **** 
 106:Generated_Source\PSoC4/cyfitter_cfg.c **** 
 107:Generated_Source\PSoC4/cyfitter_cfg.c **** #ifdef CY_NEED_CYCLOCKSTARTUPERROR
 108:Generated_Source\PSoC4/cyfitter_cfg.c **** /*******************************************************************************
 109:Generated_Source\PSoC4/cyfitter_cfg.c **** * Function Name: CyClockStartupError
 110:Generated_Source\PSoC4/cyfitter_cfg.c **** ********************************************************************************
 111:Generated_Source\PSoC4/cyfitter_cfg.c **** * Summary:
 112:Generated_Source\PSoC4/cyfitter_cfg.c **** *  If an error is encountered during clock configuration (crystal startup error,
 113:Generated_Source\PSoC4/cyfitter_cfg.c **** *  PLL lock error, etc.), the system will end up here.  Unless reimplemented by
 114:Generated_Source\PSoC4/cyfitter_cfg.c **** *  the customer, this function will stop in an infinite loop.
 115:Generated_Source\PSoC4/cyfitter_cfg.c **** *
 116:Generated_Source\PSoC4/cyfitter_cfg.c **** * Parameters:
 117:Generated_Source\PSoC4/cyfitter_cfg.c **** *   void
ARM GAS  C:\Users\NGUYEN~1\AppData\Local\Temp\cc9Tlsz2.s 			page 4


 118:Generated_Source\PSoC4/cyfitter_cfg.c **** *
 119:Generated_Source\PSoC4/cyfitter_cfg.c **** * Return:
 120:Generated_Source\PSoC4/cyfitter_cfg.c **** *   void
 121:Generated_Source\PSoC4/cyfitter_cfg.c **** *
 122:Generated_Source\PSoC4/cyfitter_cfg.c **** *******************************************************************************/
 123:Generated_Source\PSoC4/cyfitter_cfg.c **** CY_CFG_UNUSED
 124:Generated_Source\PSoC4/cyfitter_cfg.c **** static void CyClockStartupError(uint8 errorCode);
 125:Generated_Source\PSoC4/cyfitter_cfg.c **** CY_CFG_UNUSED
 126:Generated_Source\PSoC4/cyfitter_cfg.c **** static void CyClockStartupError(uint8 errorCode)
 127:Generated_Source\PSoC4/cyfitter_cfg.c **** {
 128:Generated_Source\PSoC4/cyfitter_cfg.c ****     /* To remove the compiler warning if errorCode not used.                */
 129:Generated_Source\PSoC4/cyfitter_cfg.c ****     errorCode = errorCode;
 130:Generated_Source\PSoC4/cyfitter_cfg.c **** 
 131:Generated_Source\PSoC4/cyfitter_cfg.c ****     /* If we have a clock startup error (bad MHz crystal, PLL lock, etc.),  */
 132:Generated_Source\PSoC4/cyfitter_cfg.c ****     /* we will end up here to allow the customer to implement something to  */
 133:Generated_Source\PSoC4/cyfitter_cfg.c ****     /* deal with the clock condition.                                       */
 134:Generated_Source\PSoC4/cyfitter_cfg.c **** 
 135:Generated_Source\PSoC4/cyfitter_cfg.c **** #ifdef CY_CFG_CLOCK_STARTUP_ERROR_CALLBACK
 136:Generated_Source\PSoC4/cyfitter_cfg.c ****     CY_CFG_Clock_Startup_ErrorCallback();
 137:Generated_Source\PSoC4/cyfitter_cfg.c **** #else
 138:Generated_Source\PSoC4/cyfitter_cfg.c ****     /*  If not using CY_CFG_CLOCK_STARTUP_ERROR_CALLBACK, place your clock startup code here. */
 139:Generated_Source\PSoC4/cyfitter_cfg.c ****     /* `#START CyClockStartupError` */
 140:Generated_Source\PSoC4/cyfitter_cfg.c **** 
 141:Generated_Source\PSoC4/cyfitter_cfg.c **** 
 142:Generated_Source\PSoC4/cyfitter_cfg.c **** 
 143:Generated_Source\PSoC4/cyfitter_cfg.c ****     /* `#END` */
 144:Generated_Source\PSoC4/cyfitter_cfg.c **** 
 145:Generated_Source\PSoC4/cyfitter_cfg.c ****     while(1) {}
 146:Generated_Source\PSoC4/cyfitter_cfg.c **** #endif /* CY_CFG_CLOCK_STARTUP_ERROR_CALLBACK */
 147:Generated_Source\PSoC4/cyfitter_cfg.c **** }
 148:Generated_Source\PSoC4/cyfitter_cfg.c **** #endif
 149:Generated_Source\PSoC4/cyfitter_cfg.c **** 
 150:Generated_Source\PSoC4/cyfitter_cfg.c **** 
 151:Generated_Source\PSoC4/cyfitter_cfg.c **** 
 152:Generated_Source\PSoC4/cyfitter_cfg.c **** /*******************************************************************************
 153:Generated_Source\PSoC4/cyfitter_cfg.c **** * Function Name: ClockSetup
 154:Generated_Source\PSoC4/cyfitter_cfg.c **** ********************************************************************************
 155:Generated_Source\PSoC4/cyfitter_cfg.c **** *
 156:Generated_Source\PSoC4/cyfitter_cfg.c **** * Summary:
 157:Generated_Source\PSoC4/cyfitter_cfg.c **** *   Performs the initialization of all of the clocks in the device based on the
 158:Generated_Source\PSoC4/cyfitter_cfg.c **** *   settings in the Clock tab of the DWR.  This includes enabling the requested
 159:Generated_Source\PSoC4/cyfitter_cfg.c **** *   clocks and setting the necessary dividers to produce the desired frequency. 
 160:Generated_Source\PSoC4/cyfitter_cfg.c **** *
 161:Generated_Source\PSoC4/cyfitter_cfg.c **** * Parameters:
 162:Generated_Source\PSoC4/cyfitter_cfg.c **** *   void
 163:Generated_Source\PSoC4/cyfitter_cfg.c **** *
 164:Generated_Source\PSoC4/cyfitter_cfg.c **** * Return:
 165:Generated_Source\PSoC4/cyfitter_cfg.c **** *   void
 166:Generated_Source\PSoC4/cyfitter_cfg.c **** *
 167:Generated_Source\PSoC4/cyfitter_cfg.c **** *******************************************************************************/
 168:Generated_Source\PSoC4/cyfitter_cfg.c **** static void ClockSetup(void);
 169:Generated_Source\PSoC4/cyfitter_cfg.c **** CY_CFG_SECTION
 170:Generated_Source\PSoC4/cyfitter_cfg.c **** static void ClockSetup(void)
 171:Generated_Source\PSoC4/cyfitter_cfg.c **** {
  55              		.loc 1 171 0
  56              		.cfi_startproc
  57              		@ args = 0, pretend = 0, frame = 0
ARM GAS  C:\Users\NGUYEN~1\AppData\Local\Temp\cc9Tlsz2.s 			page 5


  58              		@ frame_needed = 0, uses_anonymous_args = 0
  59 0000 70B5     		push	{r4, r5, r6, lr}
  60              		.cfi_def_cfa_offset 16
  61              		.cfi_offset 4, -16
  62              		.cfi_offset 5, -12
  63              		.cfi_offset 6, -8
  64              		.cfi_offset 14, -4
 172:Generated_Source\PSoC4/cyfitter_cfg.c **** 	/* Enable HALF_EN before trimming for the flash accelerator. */
 173:Generated_Source\PSoC4/cyfitter_cfg.c **** 	CY_SET_REG32((void CYXDATA *)(CYREG_CLK_SELECT), (CY_GET_REG32((void *)CYREG_CLK_SELECT) | 0x00040
  65              		.loc 1 173 0
  66 0002 164C     		ldr	r4, .L3
  67 0004 2368     		ldr	r3, [r4]
  68 0006 8022     		movs	r2, #128
  69 0008 D202     		lsls	r2, r2, #11
  70 000a 1343     		orrs	r3, r2
  71 000c 2360     		str	r3, [r4]
 174:Generated_Source\PSoC4/cyfitter_cfg.c **** 
 175:Generated_Source\PSoC4/cyfitter_cfg.c **** 	/* Setup and trim IMO based on desired frequency. */
 176:Generated_Source\PSoC4/cyfitter_cfg.c **** 	CySysClkWriteImoFreq(24u);
  72              		.loc 1 176 0
  73 000e 1820     		movs	r0, #24
  74 0010 FFF7FEFF 		bl	CySysClkWriteImoFreq
  75              	.LVL3:
 177:Generated_Source\PSoC4/cyfitter_cfg.c **** 
 178:Generated_Source\PSoC4/cyfitter_cfg.c **** 	/* Disable HALF_EN since it is not required at this IMO frequency. */
 179:Generated_Source\PSoC4/cyfitter_cfg.c **** 	CY_SET_REG32((void CYXDATA *)(CYREG_CLK_SELECT), (CY_GET_REG32((void *)CYREG_CLK_SELECT) & 0xFFFBF
  76              		.loc 1 179 0
  77 0014 2268     		ldr	r2, [r4]
  78 0016 124B     		ldr	r3, .L3+4
  79 0018 1340     		ands	r3, r2
  80 001a 2360     		str	r3, [r4]
 180:Generated_Source\PSoC4/cyfitter_cfg.c **** 	/* CYDEV_CLK_ILO_CONFIG Starting address: CYDEV_CLK_ILO_CONFIG */
 181:Generated_Source\PSoC4/cyfitter_cfg.c **** 	CY_SET_REG32((void *)(CYREG_CLK_ILO_CONFIG), 0x80000006u);
  81              		.loc 1 181 0
  82 001c 114A     		ldr	r2, .L3+8
  83 001e 124B     		ldr	r3, .L3+12
  84 0020 1A60     		str	r2, [r3]
 182:Generated_Source\PSoC4/cyfitter_cfg.c **** 
 183:Generated_Source\PSoC4/cyfitter_cfg.c **** 
 184:Generated_Source\PSoC4/cyfitter_cfg.c **** 	/* CYDEV_CLK_SELECT00 Starting address: CYDEV_CLK_SELECT00 */
 185:Generated_Source\PSoC4/cyfitter_cfg.c **** 	CY_SET_REG32((void *)(CYREG_CLK_SELECT02), 0x00000010u);
  85              		.loc 1 185 0
  86 0022 1022     		movs	r2, #16
  87 0024 114B     		ldr	r3, .L3+16
  88 0026 1A60     		str	r2, [r3]
 186:Generated_Source\PSoC4/cyfitter_cfg.c **** 	CY_SET_REG32((void *)(CYREG_CLK_SELECT03), 0x00000020u);
  89              		.loc 1 186 0
  90 0028 1032     		adds	r2, r2, #16
  91 002a 114B     		ldr	r3, .L3+20
  92 002c 1A60     		str	r2, [r3]
 187:Generated_Source\PSoC4/cyfitter_cfg.c **** 
 188:Generated_Source\PSoC4/cyfitter_cfg.c **** 	/* CYDEV_CLK_IMO_CONFIG Starting address: CYDEV_CLK_IMO_CONFIG */
 189:Generated_Source\PSoC4/cyfitter_cfg.c **** 	CY_SET_REG32((void *)(CYREG_CLK_IMO_CONFIG), 0x80000000u);
  93              		.loc 1 189 0
  94 002e 8022     		movs	r2, #128
  95 0030 1206     		lsls	r2, r2, #24
  96 0032 104B     		ldr	r3, .L3+24
ARM GAS  C:\Users\NGUYEN~1\AppData\Local\Temp\cc9Tlsz2.s 			page 6


  97 0034 1A60     		str	r2, [r3]
 190:Generated_Source\PSoC4/cyfitter_cfg.c **** 
 191:Generated_Source\PSoC4/cyfitter_cfg.c **** 	/* CYDEV_CLK_SELECT Starting address: CYDEV_CLK_SELECT */
 192:Generated_Source\PSoC4/cyfitter_cfg.c **** 	CY_SET_REG32((void *)(CYREG_CLK_SELECT), 0x00000000u);
  98              		.loc 1 192 0
  99 0036 0025     		movs	r5, #0
 100 0038 2560     		str	r5, [r4]
 193:Generated_Source\PSoC4/cyfitter_cfg.c **** 
 194:Generated_Source\PSoC4/cyfitter_cfg.c **** 	/* CYDEV_CLK_DIVIDER_A00 Starting address: CYDEV_CLK_DIVIDER_A00 */
 195:Generated_Source\PSoC4/cyfitter_cfg.c **** 	CY_SET_REG32((void *)(CYREG_CLK_DIVIDER_A00), 0x8000000Eu);
 101              		.loc 1 195 0
 102 003a 0F4A     		ldr	r2, .L3+28
 103 003c 0F4B     		ldr	r3, .L3+32
 104 003e 1A60     		str	r2, [r3]
 196:Generated_Source\PSoC4/cyfitter_cfg.c **** 
 197:Generated_Source\PSoC4/cyfitter_cfg.c **** 	/* CYDEV_CLK_DIVIDER_B00 Starting address: CYDEV_CLK_DIVIDER_B00 */
 198:Generated_Source\PSoC4/cyfitter_cfg.c **** 	CY_SET_REG32((void *)(CYREG_CLK_DIVIDER_B00), 0x80000010u);
 105              		.loc 1 198 0
 106 0040 0F4A     		ldr	r2, .L3+36
 107 0042 104B     		ldr	r3, .L3+40
 108 0044 1A60     		str	r2, [r3]
 199:Generated_Source\PSoC4/cyfitter_cfg.c **** 
 200:Generated_Source\PSoC4/cyfitter_cfg.c **** 	(void)CyIntSetVector(9u, &CySysWdtIsr);
 109              		.loc 1 200 0
 110 0046 1049     		ldr	r1, .L3+44
 111 0048 0920     		movs	r0, #9
 112 004a FFF7FEFF 		bl	CyIntSetVector
 113              	.LVL4:
 201:Generated_Source\PSoC4/cyfitter_cfg.c **** 	CyIntEnable(9u);
 114              		.loc 1 201 0
 115 004e 0920     		movs	r0, #9
 116 0050 FFF7FEFF 		bl	CyIntEnable
 117              	.LVL5:
 202:Generated_Source\PSoC4/cyfitter_cfg.c **** 	CY_SET_REG32((void *)(CYREG_WDT_CONFIG), 0x00000000u);
 118              		.loc 1 202 0
 119 0054 0D4B     		ldr	r3, .L3+48
 120 0056 1D60     		str	r5, [r3]
 203:Generated_Source\PSoC4/cyfitter_cfg.c **** }
 121              		.loc 1 203 0
 122              		@ sp needed
 123 0058 70BD     		pop	{r4, r5, r6, pc}
 124              	.L4:
 125 005a C046     		.align	2
 126              	.L3:
 127 005c 00010B40 		.word	1074462976
 128 0060 FFFFFBFF 		.word	-262145
 129 0064 06000080 		.word	-2147483642
 130 0068 04010B40 		.word	1074462980
 131 006c 08020240 		.word	1073873416
 132 0070 0C020240 		.word	1073873420
 133 0074 08010B40 		.word	1074462984
 134 0078 0E000080 		.word	-2147483634
 135 007c 00000240 		.word	1073872896
 136 0080 10000080 		.word	-2147483632
 137 0084 40000240 		.word	1073872960
 138 0088 00000000 		.word	CySysWdtIsr
 139 008c 0C020B40 		.word	1074463244
ARM GAS  C:\Users\NGUYEN~1\AppData\Local\Temp\cc9Tlsz2.s 			page 7


 140              		.cfi_endproc
 141              	.LFE3:
 142              		.size	ClockSetup, .-ClockSetup
 143              		.align	2
 144              		.global	cyfitter_cfg
 145              		.code	16
 146              		.thumb_func
 147              		.type	cyfitter_cfg, %function
 148              	cyfitter_cfg:
 149              	.LFB5:
 204:Generated_Source\PSoC4/cyfitter_cfg.c **** 
 205:Generated_Source\PSoC4/cyfitter_cfg.c **** 
 206:Generated_Source\PSoC4/cyfitter_cfg.c **** /* Analog API Functions */
 207:Generated_Source\PSoC4/cyfitter_cfg.c **** 
 208:Generated_Source\PSoC4/cyfitter_cfg.c **** 
 209:Generated_Source\PSoC4/cyfitter_cfg.c **** /*******************************************************************************
 210:Generated_Source\PSoC4/cyfitter_cfg.c **** * Function Name: AnalogSetDefault
 211:Generated_Source\PSoC4/cyfitter_cfg.c **** ********************************************************************************
 212:Generated_Source\PSoC4/cyfitter_cfg.c **** *
 213:Generated_Source\PSoC4/cyfitter_cfg.c **** * Summary:
 214:Generated_Source\PSoC4/cyfitter_cfg.c **** *  Sets up the analog portions of the chip to default values based on chip
 215:Generated_Source\PSoC4/cyfitter_cfg.c **** *  configuration options from the project.
 216:Generated_Source\PSoC4/cyfitter_cfg.c **** *
 217:Generated_Source\PSoC4/cyfitter_cfg.c **** * Parameters:
 218:Generated_Source\PSoC4/cyfitter_cfg.c **** *  void
 219:Generated_Source\PSoC4/cyfitter_cfg.c **** *
 220:Generated_Source\PSoC4/cyfitter_cfg.c **** * Return:
 221:Generated_Source\PSoC4/cyfitter_cfg.c **** *  void
 222:Generated_Source\PSoC4/cyfitter_cfg.c **** *
 223:Generated_Source\PSoC4/cyfitter_cfg.c **** *******************************************************************************/
 224:Generated_Source\PSoC4/cyfitter_cfg.c **** static void AnalogSetDefault(void);
 225:Generated_Source\PSoC4/cyfitter_cfg.c **** static void AnalogSetDefault(void)
 226:Generated_Source\PSoC4/cyfitter_cfg.c **** {
 227:Generated_Source\PSoC4/cyfitter_cfg.c **** }
 228:Generated_Source\PSoC4/cyfitter_cfg.c **** 
 229:Generated_Source\PSoC4/cyfitter_cfg.c **** 
 230:Generated_Source\PSoC4/cyfitter_cfg.c **** 
 231:Generated_Source\PSoC4/cyfitter_cfg.c **** 
 232:Generated_Source\PSoC4/cyfitter_cfg.c **** /*******************************************************************************
 233:Generated_Source\PSoC4/cyfitter_cfg.c **** * Function Name: cyfitter_cfg
 234:Generated_Source\PSoC4/cyfitter_cfg.c **** ********************************************************************************
 235:Generated_Source\PSoC4/cyfitter_cfg.c **** * Summary:
 236:Generated_Source\PSoC4/cyfitter_cfg.c **** *  This function is called by the start-up code for the selected device. It
 237:Generated_Source\PSoC4/cyfitter_cfg.c **** *  performs all of the necessary device configuration based on the design
 238:Generated_Source\PSoC4/cyfitter_cfg.c **** *  settings.  This includes settings from the Design Wide Resources (DWR) such
 239:Generated_Source\PSoC4/cyfitter_cfg.c **** *  as Clocks and Pins as well as any component configuration that is necessary.
 240:Generated_Source\PSoC4/cyfitter_cfg.c **** *
 241:Generated_Source\PSoC4/cyfitter_cfg.c **** * Parameters:
 242:Generated_Source\PSoC4/cyfitter_cfg.c **** *   void
 243:Generated_Source\PSoC4/cyfitter_cfg.c **** *
 244:Generated_Source\PSoC4/cyfitter_cfg.c **** * Return:
 245:Generated_Source\PSoC4/cyfitter_cfg.c **** *   void
 246:Generated_Source\PSoC4/cyfitter_cfg.c **** *
 247:Generated_Source\PSoC4/cyfitter_cfg.c **** *******************************************************************************/
 248:Generated_Source\PSoC4/cyfitter_cfg.c **** CY_CFG_SECTION
 249:Generated_Source\PSoC4/cyfitter_cfg.c **** void cyfitter_cfg(void)
 250:Generated_Source\PSoC4/cyfitter_cfg.c **** {
ARM GAS  C:\Users\NGUYEN~1\AppData\Local\Temp\cc9Tlsz2.s 			page 8


 150              		.loc 1 250 0
 151              		.cfi_startproc
 152              		@ args = 0, pretend = 0, frame = 0
 153              		@ frame_needed = 0, uses_anonymous_args = 0
 154 0090 10B5     		push	{r4, lr}
 155              		.cfi_def_cfa_offset 8
 156              		.cfi_offset 4, -8
 157              		.cfi_offset 14, -4
 251:Generated_Source\PSoC4/cyfitter_cfg.c **** 	/* Disable interrupts by default. Let user enable if/when they want. */
 252:Generated_Source\PSoC4/cyfitter_cfg.c **** 	CyGlobalIntDisable;
 158              		.loc 1 252 0
 159              		.syntax divided
 160              	@ 252 "Generated_Source\PSoC4\cyfitter_cfg.c" 1
 161 0092 72B6     		CPSID   i
 162              	@ 0 "" 2
 163              	.LVL6:
 164              		.thumb
 165              		.syntax unified
 166              	.LBB2:
 253:Generated_Source\PSoC4/cyfitter_cfg.c **** 
 254:Generated_Source\PSoC4/cyfitter_cfg.c **** 	{
 255:Generated_Source\PSoC4/cyfitter_cfg.c **** 
 256:Generated_Source\PSoC4/cyfitter_cfg.c **** 		CYPACKED typedef struct {
 257:Generated_Source\PSoC4/cyfitter_cfg.c **** 			void CYFAR *address;
 258:Generated_Source\PSoC4/cyfitter_cfg.c **** 			uint16 size;
 259:Generated_Source\PSoC4/cyfitter_cfg.c **** 		} CYPACKED_ATTR cfg_memset_t;
 260:Generated_Source\PSoC4/cyfitter_cfg.c **** 
 261:Generated_Source\PSoC4/cyfitter_cfg.c **** 		static const cfg_memset_t CYCODE cfg_memset_list[] = {
 262:Generated_Source\PSoC4/cyfitter_cfg.c **** 			/* address, size */
 263:Generated_Source\PSoC4/cyfitter_cfg.c **** 			{(void CYFAR *)(CYDEV_UDB_P0_U0_BASE), 1024u},
 264:Generated_Source\PSoC4/cyfitter_cfg.c **** 			{(void CYFAR *)(CYDEV_UDB_DSI0_BASE), 1024u},
 265:Generated_Source\PSoC4/cyfitter_cfg.c **** 		};
 266:Generated_Source\PSoC4/cyfitter_cfg.c **** 
 267:Generated_Source\PSoC4/cyfitter_cfg.c **** 		uint8 CYDATA i;
 268:Generated_Source\PSoC4/cyfitter_cfg.c **** 
 269:Generated_Source\PSoC4/cyfitter_cfg.c **** 		/* Zero out critical memory blocks before beginning configuration */
 270:Generated_Source\PSoC4/cyfitter_cfg.c **** 		for (i = 0u; i < (sizeof(cfg_memset_list)/sizeof(cfg_memset_list[0])); i++)
 167              		.loc 1 270 0
 168 0094 0024     		movs	r4, #0
 169 0096 0FE0     		b	.L6
 170              	.LVL7:
 171              	.L7:
 172              	.LBB3:
 271:Generated_Source\PSoC4/cyfitter_cfg.c **** 		{
 272:Generated_Source\PSoC4/cyfitter_cfg.c **** 			const cfg_memset_t CYCODE * CYDATA ms = &cfg_memset_list[i];
 273:Generated_Source\PSoC4/cyfitter_cfg.c **** 			CYMEMZERO(ms->address, (size_t)(uint32)(ms->size));
 173              		.loc 1 273 0 discriminator 3
 174 0098 1D48     		ldr	r0, .L8
 175 009a 6200     		lsls	r2, r4, #1
 176 009c 1319     		adds	r3, r2, r4
 177 009e 5900     		lsls	r1, r3, #1
 178 00a0 0B00     		movs	r3, r1
 179 00a2 4118     		adds	r1, r0, r1
 180 00a4 8988     		ldrh	r1, [r1, #4]
 181 00a6 1A5A     		ldrh	r2, [r3, r0]
 182 00a8 C318     		adds	r3, r0, r3
 183 00aa 5888     		ldrh	r0, [r3, #2]
ARM GAS  C:\Users\NGUYEN~1\AppData\Local\Temp\cc9Tlsz2.s 			page 9


 184 00ac 0004     		lsls	r0, r0, #16
 185 00ae 1043     		orrs	r0, r2
 186 00b0 FFF7FEFF 		bl	CYMEMZERO
 187              	.LVL8:
 188              	.LBE3:
 270:Generated_Source\PSoC4/cyfitter_cfg.c **** 		{
 189              		.loc 1 270 0 discriminator 3
 190 00b4 0134     		adds	r4, r4, #1
 191              	.LVL9:
 192 00b6 E4B2     		uxtb	r4, r4
 193              	.LVL10:
 194              	.L6:
 270:Generated_Source\PSoC4/cyfitter_cfg.c **** 		{
 195              		.loc 1 270 0 is_stmt 0 discriminator 1
 196 00b8 012C     		cmp	r4, #1
 197 00ba EDD9     		bls	.L7
 274:Generated_Source\PSoC4/cyfitter_cfg.c **** 		}
 275:Generated_Source\PSoC4/cyfitter_cfg.c **** 
 276:Generated_Source\PSoC4/cyfitter_cfg.c **** 		/* HSIOM Starting address: CYDEV_HSIOM_BASE */
 277:Generated_Source\PSoC4/cyfitter_cfg.c **** 		CY_SET_REG32((void *)(CYDEV_HSIOM_BASE), 0x00990000u);
 198              		.loc 1 277 0 is_stmt 1
 199 00bc 9923     		movs	r3, #153
 200 00be 1B04     		lsls	r3, r3, #16
 201 00c0 144A     		ldr	r2, .L8+4
 202 00c2 1360     		str	r3, [r2]
 278:Generated_Source\PSoC4/cyfitter_cfg.c **** 		CY_SET_REG32((void *)(CYREG_HSIOM_PORT_SEL3), 0x0000EE00u);
 203              		.loc 1 278 0
 204 00c4 EE21     		movs	r1, #238
 205 00c6 0902     		lsls	r1, r1, #8
 206 00c8 134A     		ldr	r2, .L8+8
 207 00ca 1160     		str	r1, [r2]
 279:Generated_Source\PSoC4/cyfitter_cfg.c **** 		CY_SET_REG32((void *)(CYREG_HSIOM_PORT_SEL4), 0x000000EEu);
 208              		.loc 1 279 0
 209 00cc EE21     		movs	r1, #238
 210 00ce 134A     		ldr	r2, .L8+12
 211 00d0 1160     		str	r1, [r2]
 280:Generated_Source\PSoC4/cyfitter_cfg.c **** 
 281:Generated_Source\PSoC4/cyfitter_cfg.c **** 		/* UDB_PA_0 Starting address: CYDEV_UDB_PA0_BASE */
 282:Generated_Source\PSoC4/cyfitter_cfg.c **** 		CY_SET_REG32((void *)(CYDEV_UDB_PA0_BASE), 0x00990000u);
 212              		.loc 1 282 0
 213 00d2 134A     		ldr	r2, .L8+16
 214 00d4 1360     		str	r3, [r2]
 283:Generated_Source\PSoC4/cyfitter_cfg.c **** 
 284:Generated_Source\PSoC4/cyfitter_cfg.c **** 		/* UDB_PA_3 Starting address: CYDEV_UDB_PA3_BASE */
 285:Generated_Source\PSoC4/cyfitter_cfg.c **** 		CY_SET_REG32((void *)(CYDEV_UDB_PA3_BASE), 0x00990000u);
 215              		.loc 1 285 0
 216 00d6 134A     		ldr	r2, .L8+20
 217 00d8 1360     		str	r3, [r2]
 286:Generated_Source\PSoC4/cyfitter_cfg.c **** 
 287:Generated_Source\PSoC4/cyfitter_cfg.c **** 		/* Enable digital routing */
 288:Generated_Source\PSoC4/cyfitter_cfg.c **** 		CY_SET_XTND_REG8((void *)CYREG_UDB_UDBIF_BANK_CTL, (uint8)(CY_GET_XTND_REG8((void *)CYREG_UDB_UDB
 218              		.loc 1 288 0
 219 00da 134A     		ldr	r2, .L8+24
 220 00dc 1178     		ldrb	r1, [r2]
 221 00de 0623     		movs	r3, #6
 222 00e0 0B43     		orrs	r3, r1
 223 00e2 DBB2     		uxtb	r3, r3
ARM GAS  C:\Users\NGUYEN~1\AppData\Local\Temp\cc9Tlsz2.s 			page 10


 224 00e4 1370     		strb	r3, [r2]
 225              	.LBE2:
 289:Generated_Source\PSoC4/cyfitter_cfg.c **** 	}
 290:Generated_Source\PSoC4/cyfitter_cfg.c **** 
 291:Generated_Source\PSoC4/cyfitter_cfg.c **** 	/* Perform second pass device configuration. These items must be configured in specific order afte
 292:Generated_Source\PSoC4/cyfitter_cfg.c **** 	/* IOPINS0_0 Starting address: CYDEV_PRT0_BASE */
 293:Generated_Source\PSoC4/cyfitter_cfg.c **** 	CY_SET_REG32((void *)(CYDEV_PRT0_BASE), 0x00000020u);
 226              		.loc 1 293 0
 227 00e6 2023     		movs	r3, #32
 228 00e8 104A     		ldr	r2, .L8+28
 229 00ea 1360     		str	r3, [r2]
 294:Generated_Source\PSoC4/cyfitter_cfg.c **** 	CY_SET_REG32((void *)(CYREG_PRT0_PC), 0x00071006u);
 230              		.loc 1 294 0
 231 00ec 1049     		ldr	r1, .L8+32
 232 00ee 114A     		ldr	r2, .L8+36
 233 00f0 1160     		str	r1, [r2]
 295:Generated_Source\PSoC4/cyfitter_cfg.c **** 	CY_SET_REG32((void *)(CYREG_PRT0_PC2), 0x00000020u);
 234              		.loc 1 295 0
 235 00f2 114A     		ldr	r2, .L8+40
 236 00f4 1360     		str	r3, [r2]
 296:Generated_Source\PSoC4/cyfitter_cfg.c **** 
 297:Generated_Source\PSoC4/cyfitter_cfg.c **** 	/* IOPINS0_3 Starting address: CYDEV_PRT3_BASE */
 298:Generated_Source\PSoC4/cyfitter_cfg.c **** 	CY_SET_REG32((void *)(CYREG_PRT3_PC), 0x00000D80u);
 237              		.loc 1 298 0
 238 00f6 D822     		movs	r2, #216
 239 00f8 1201     		lsls	r2, r2, #4
 240 00fa 104B     		ldr	r3, .L8+44
 241 00fc 1A60     		str	r2, [r3]
 299:Generated_Source\PSoC4/cyfitter_cfg.c **** 
 300:Generated_Source\PSoC4/cyfitter_cfg.c **** 	/* IOPINS0_4 Starting address: CYDEV_PRT4_BASE */
 301:Generated_Source\PSoC4/cyfitter_cfg.c **** 	CY_SET_REG32((void *)(CYDEV_PRT4_BASE), 0x00000003u);
 242              		.loc 1 301 0
 243 00fe 0322     		movs	r2, #3
 244 0100 0F4B     		ldr	r3, .L8+48
 245 0102 1A60     		str	r2, [r3]
 302:Generated_Source\PSoC4/cyfitter_cfg.c **** 	CY_SET_REG32((void *)(CYREG_PRT4_PC), 0x00000024u);
 246              		.loc 1 302 0
 247 0104 2132     		adds	r2, r2, #33
 248 0106 0F4B     		ldr	r3, .L8+52
 249 0108 1A60     		str	r2, [r3]
 303:Generated_Source\PSoC4/cyfitter_cfg.c **** 
 304:Generated_Source\PSoC4/cyfitter_cfg.c **** 
 305:Generated_Source\PSoC4/cyfitter_cfg.c **** 	/* Setup clocks based on selections from Clock DWR */
 306:Generated_Source\PSoC4/cyfitter_cfg.c **** 	ClockSetup();
 250              		.loc 1 306 0
 251 010a FFF779FF 		bl	ClockSetup
 252              	.LVL11:
 307:Generated_Source\PSoC4/cyfitter_cfg.c **** 
 308:Generated_Source\PSoC4/cyfitter_cfg.c **** 	/* Perform basic analog initialization to defaults */
 309:Generated_Source\PSoC4/cyfitter_cfg.c **** 	AnalogSetDefault();
 310:Generated_Source\PSoC4/cyfitter_cfg.c **** 
 311:Generated_Source\PSoC4/cyfitter_cfg.c **** }
 253              		.loc 1 311 0
 254              		@ sp needed
 255              	.LVL12:
 256 010e 10BD     		pop	{r4, pc}
 257              	.L9:
ARM GAS  C:\Users\NGUYEN~1\AppData\Local\Temp\cc9Tlsz2.s 			page 11


 258              		.align	2
 259              	.L8:
 260 0110 00000000 		.word	.LANCHOR0
 261 0114 00000140 		.word	1073807360
 262 0118 0C000140 		.word	1073807372
 263 011c 10000140 		.word	1073807376
 264 0120 00500F40 		.word	1074745344
 265 0124 30500F40 		.word	1074745392
 266 0128 00700F40 		.word	1074753536
 267 012c 00000440 		.word	1074003968
 268 0130 06100700 		.word	462854
 269 0134 08000440 		.word	1074003976
 270 0138 18000440 		.word	1074003992
 271 013c 08030440 		.word	1074004744
 272 0140 00040440 		.word	1074004992
 273 0144 08040440 		.word	1074005000
 274              		.cfi_endproc
 275              	.LFE5:
 276              		.size	cyfitter_cfg, .-cyfitter_cfg
 277              		.section	.rodata
 278              		.align	2
 279              		.set	.LANCHOR0,. + 0
 280              		.type	cfg_memset_list.4847, %object
 281              		.size	cfg_memset_list.4847, 12
 282              	cfg_memset_list.4847:
 283 0000 00300F40 		.word	1074737152
 284 0004 0004     		.short	1024
 285 0006 00400F40 		.4byte	1074741248
 286 000a 0004     		.short	1024
 287              		.text
 288              	.Letext0:
 289              		.file 2 "c:\\program files (x86)\\cypress\\psoc creator\\4.4\\psoc creator\\import\\gnu\\arm\\5.4.
 290              		.file 3 "Generated_Source\\PSoC4\\cytypes.h"
 291              		.file 4 "Generated_Source\\PSoC4\\CyLib.h"
 292              		.section	.debug_info,"",%progbits
 293              	.Ldebug_info0:
 294 0000 79020000 		.4byte	0x279
 295 0004 0400     		.2byte	0x4
 296 0006 00000000 		.4byte	.Ldebug_abbrev0
 297 000a 04       		.byte	0x4
 298 000b 01       		.uleb128 0x1
 299 000c 16010000 		.4byte	.LASF29
 300 0010 0C       		.byte	0xc
 301 0011 0D020000 		.4byte	.LASF30
 302 0015 00000000 		.4byte	.LASF31
 303 0019 00000000 		.4byte	.Ldebug_ranges0+0
 304 001d 00000000 		.4byte	0
 305 0021 00000000 		.4byte	.Ldebug_line0
 306 0025 02       		.uleb128 0x2
 307 0026 04       		.byte	0x4
 308 0027 05       		.byte	0x5
 309 0028 696E7400 		.ascii	"int\000"
 310 002c 03       		.uleb128 0x3
 311 002d 31000000 		.4byte	.LASF12
 312 0031 02       		.byte	0x2
 313 0032 D8       		.byte	0xd8
 314 0033 37000000 		.4byte	0x37
ARM GAS  C:\Users\NGUYEN~1\AppData\Local\Temp\cc9Tlsz2.s 			page 12


 315 0037 04       		.uleb128 0x4
 316 0038 04       		.byte	0x4
 317 0039 07       		.byte	0x7
 318 003a DD000000 		.4byte	.LASF0
 319 003e 04       		.uleb128 0x4
 320 003f 08       		.byte	0x8
 321 0040 05       		.byte	0x5
 322 0041 BA010000 		.4byte	.LASF1
 323 0045 04       		.uleb128 0x4
 324 0046 08       		.byte	0x8
 325 0047 04       		.byte	0x4
 326 0048 F5010000 		.4byte	.LASF2
 327 004c 04       		.uleb128 0x4
 328 004d 01       		.byte	0x1
 329 004e 06       		.byte	0x6
 330 004f 01020000 		.4byte	.LASF3
 331 0053 04       		.uleb128 0x4
 332 0054 01       		.byte	0x1
 333 0055 08       		.byte	0x8
 334 0056 A7000000 		.4byte	.LASF4
 335 005a 04       		.uleb128 0x4
 336 005b 02       		.byte	0x2
 337 005c 05       		.byte	0x5
 338 005d CD010000 		.4byte	.LASF5
 339 0061 04       		.uleb128 0x4
 340 0062 02       		.byte	0x2
 341 0063 07       		.byte	0x7
 342 0064 62000000 		.4byte	.LASF6
 343 0068 04       		.uleb128 0x4
 344 0069 04       		.byte	0x4
 345 006a 05       		.byte	0x5
 346 006b EC010000 		.4byte	.LASF7
 347 006f 04       		.uleb128 0x4
 348 0070 04       		.byte	0x4
 349 0071 07       		.byte	0x7
 350 0072 85000000 		.4byte	.LASF8
 351 0076 04       		.uleb128 0x4
 352 0077 08       		.byte	0x8
 353 0078 07       		.byte	0x7
 354 0079 FF000000 		.4byte	.LASF9
 355 007d 04       		.uleb128 0x4
 356 007e 04       		.byte	0x4
 357 007f 07       		.byte	0x7
 358 0080 B1010000 		.4byte	.LASF10
 359 0084 05       		.uleb128 0x5
 360 0085 04       		.byte	0x4
 361 0086 04       		.uleb128 0x4
 362 0087 01       		.byte	0x1
 363 0088 08       		.byte	0x8
 364 0089 C8010000 		.4byte	.LASF11
 365 008d 06       		.uleb128 0x6
 366 008e 97000000 		.4byte	.LASF13
 367 0092 03       		.byte	0x3
 368 0093 FB01     		.2byte	0x1fb
 369 0095 53000000 		.4byte	0x53
 370 0099 06       		.uleb128 0x6
 371 009a CF000000 		.4byte	.LASF14
ARM GAS  C:\Users\NGUYEN~1\AppData\Local\Temp\cc9Tlsz2.s 			page 13


 372 009e 03       		.byte	0x3
 373 009f FC01     		.2byte	0x1fc
 374 00a1 61000000 		.4byte	0x61
 375 00a5 06       		.uleb128 0x6
 376 00a6 D6000000 		.4byte	.LASF15
 377 00aa 03       		.byte	0x3
 378 00ab FD01     		.2byte	0x1fd
 379 00ad 6F000000 		.4byte	0x6f
 380 00b1 04       		.uleb128 0x4
 381 00b2 04       		.byte	0x4
 382 00b3 04       		.byte	0x4
 383 00b4 75000000 		.4byte	.LASF16
 384 00b8 04       		.uleb128 0x4
 385 00b9 08       		.byte	0x8
 386 00ba 04       		.byte	0x4
 387 00bb BC000000 		.4byte	.LASF17
 388 00bf 06       		.uleb128 0x6
 389 00c0 80000000 		.4byte	.LASF18
 390 00c4 03       		.byte	0x3
 391 00c5 A502     		.2byte	0x2a5
 392 00c7 CB000000 		.4byte	0xcb
 393 00cb 07       		.uleb128 0x7
 394 00cc 8D000000 		.4byte	0x8d
 395 00d0 06       		.uleb128 0x6
 396 00d1 2B000000 		.4byte	.LASF19
 397 00d5 03       		.byte	0x3
 398 00d6 A702     		.2byte	0x2a7
 399 00d8 DC000000 		.4byte	0xdc
 400 00dc 07       		.uleb128 0x7
 401 00dd A5000000 		.4byte	0xa5
 402 00e1 08       		.uleb128 0x8
 403 00e2 9D000000 		.4byte	.LASF20
 404 00e6 01       		.byte	0x1
 405 00e7 4C       		.byte	0x4c
 406 00e8 00000000 		.4byte	.LFB0
 407 00ec 0C000000 		.4byte	.LFE0-.LFB0
 408 00f0 01       		.uleb128 0x1
 409 00f1 9C       		.byte	0x9c
 410 00f2 2E010000 		.4byte	0x12e
 411 00f6 09       		.uleb128 0x9
 412 00f7 7300     		.ascii	"s\000"
 413 00f9 01       		.byte	0x1
 414 00fa 4C       		.byte	0x4c
 415 00fb 84000000 		.4byte	0x84
 416 00ff 00000000 		.4byte	.LLST0
 417 0103 09       		.uleb128 0x9
 418 0104 6E00     		.ascii	"n\000"
 419 0106 01       		.byte	0x1
 420 0107 4C       		.byte	0x4c
 421 0108 2C000000 		.4byte	0x2c
 422 010c 21000000 		.4byte	.LLST1
 423 0110 0A       		.uleb128 0xa
 424 0111 0A000000 		.4byte	.LVL2
 425 0115 52020000 		.4byte	0x252
 426 0119 0B       		.uleb128 0xb
 427 011a 01       		.uleb128 0x1
 428 011b 50       		.byte	0x50
ARM GAS  C:\Users\NGUYEN~1\AppData\Local\Temp\cc9Tlsz2.s 			page 14


 429 011c 03       		.uleb128 0x3
 430 011d F3       		.byte	0xf3
 431 011e 01       		.uleb128 0x1
 432 011f 50       		.byte	0x50
 433 0120 0B       		.uleb128 0xb
 434 0121 01       		.uleb128 0x1
 435 0122 51       		.byte	0x51
 436 0123 01       		.uleb128 0x1
 437 0124 30       		.byte	0x30
 438 0125 0B       		.uleb128 0xb
 439 0126 01       		.uleb128 0x1
 440 0127 52       		.byte	0x52
 441 0128 03       		.uleb128 0x3
 442 0129 F3       		.byte	0xf3
 443 012a 01       		.uleb128 0x1
 444 012b 51       		.byte	0x51
 445 012c 00       		.byte	0
 446 012d 00       		.byte	0
 447 012e 08       		.uleb128 0x8
 448 012f 57000000 		.4byte	.LASF21
 449 0133 01       		.byte	0x1
 450 0134 AA       		.byte	0xaa
 451 0135 00000000 		.4byte	.LFB3
 452 0139 90000000 		.4byte	.LFE3-.LFB3
 453 013d 01       		.uleb128 0x1
 454 013e 9C       		.byte	0x9c
 455 013f 79010000 		.4byte	0x179
 456 0143 0C       		.uleb128 0xc
 457 0144 14000000 		.4byte	.LVL3
 458 0148 5B020000 		.4byte	0x25b
 459 014c 56010000 		.4byte	0x156
 460 0150 0B       		.uleb128 0xb
 461 0151 01       		.uleb128 0x1
 462 0152 50       		.byte	0x50
 463 0153 01       		.uleb128 0x1
 464 0154 48       		.byte	0x48
 465 0155 00       		.byte	0
 466 0156 0C       		.uleb128 0xc
 467 0157 4E000000 		.4byte	.LVL4
 468 015b 66020000 		.4byte	0x266
 469 015f 69010000 		.4byte	0x169
 470 0163 0B       		.uleb128 0xb
 471 0164 01       		.uleb128 0x1
 472 0165 50       		.byte	0x50
 473 0166 01       		.uleb128 0x1
 474 0167 39       		.byte	0x39
 475 0168 00       		.byte	0
 476 0169 0A       		.uleb128 0xa
 477 016a 54000000 		.4byte	.LVL5
 478 016e 71020000 		.4byte	0x271
 479 0172 0B       		.uleb128 0xb
 480 0173 01       		.uleb128 0x1
 481 0174 50       		.byte	0x50
 482 0175 01       		.uleb128 0x1
 483 0176 39       		.byte	0x39
 484 0177 00       		.byte	0
 485 0178 00       		.byte	0
ARM GAS  C:\Users\NGUYEN~1\AppData\Local\Temp\cc9Tlsz2.s 			page 15


 486 0179 0D       		.uleb128 0xd
 487 017a EA000000 		.4byte	.LASF32
 488 017e 01       		.byte	0x1
 489 017f F9       		.byte	0xf9
 490 0180 90000000 		.4byte	.LFB5
 491 0184 B8000000 		.4byte	.LFE5-.LFB5
 492 0188 01       		.uleb128 0x1
 493 0189 9C       		.byte	0x9c
 494 018a 52020000 		.4byte	0x252
 495 018e 0E       		.uleb128 0xe
 496 018f 94000000 		.4byte	.LBB2
 497 0193 52000000 		.4byte	.LBE2-.LBB2
 498 0197 48020000 		.4byte	0x248
 499 019b 0F       		.uleb128 0xf
 500 019c 06       		.byte	0x6
 501 019d 01       		.byte	0x1
 502 019e 0001     		.2byte	0x100
 503 01a0 BF010000 		.4byte	0x1bf
 504 01a4 10       		.uleb128 0x10
 505 01a5 F7000000 		.4byte	.LASF22
 506 01a9 01       		.byte	0x1
 507 01aa 0101     		.2byte	0x101
 508 01ac 84000000 		.4byte	0x84
 509 01b0 00       		.byte	0
 510 01b1 10       		.uleb128 0x10
 511 01b2 7B000000 		.4byte	.LASF23
 512 01b6 01       		.byte	0x1
 513 01b7 0201     		.2byte	0x102
 514 01b9 99000000 		.4byte	0x99
 515 01bd 04       		.byte	0x4
 516 01be 00       		.byte	0
 517 01bf 06       		.uleb128 0x6
 518 01c0 A4010000 		.4byte	.LASF24
 519 01c4 01       		.byte	0x1
 520 01c5 0301     		.2byte	0x103
 521 01c7 9B010000 		.4byte	0x19b
 522 01cb 11       		.uleb128 0x11
 523 01cc DB010000 		.4byte	0x1db
 524 01d0 DB010000 		.4byte	0x1db
 525 01d4 12       		.uleb128 0x12
 526 01d5 7D000000 		.4byte	0x7d
 527 01d9 01       		.byte	0x1
 528 01da 00       		.byte	0
 529 01db 13       		.uleb128 0x13
 530 01dc BF010000 		.4byte	0x1bf
 531 01e0 14       		.uleb128 0x14
 532 01e1 47000000 		.4byte	.LASF25
 533 01e5 01       		.byte	0x1
 534 01e6 0501     		.2byte	0x105
 535 01e8 F2010000 		.4byte	0x1f2
 536 01ec 05       		.uleb128 0x5
 537 01ed 03       		.byte	0x3
 538 01ee 00000000 		.4byte	cfg_memset_list.4847
 539 01f2 13       		.uleb128 0x13
 540 01f3 CB010000 		.4byte	0x1cb
 541 01f7 15       		.uleb128 0x15
 542 01f8 6900     		.ascii	"i\000"
ARM GAS  C:\Users\NGUYEN~1\AppData\Local\Temp\cc9Tlsz2.s 			page 16


 543 01fa 01       		.byte	0x1
 544 01fb 0B01     		.2byte	0x10b
 545 01fd 8D000000 		.4byte	0x8d
 546 0201 4D000000 		.4byte	.LLST2
 547 0205 16       		.uleb128 0x16
 548 0206 98000000 		.4byte	.LBB3
 549 020a 1C000000 		.4byte	.LBE3-.LBB3
 550 020e 15       		.uleb128 0x15
 551 020f 6D7300   		.ascii	"ms\000"
 552 0212 01       		.byte	0x1
 553 0213 1001     		.2byte	0x110
 554 0215 1D020000 		.4byte	0x21d
 555 0219 77000000 		.4byte	.LLST3
 556 021d 17       		.uleb128 0x17
 557 021e 04       		.byte	0x4
 558 021f DB010000 		.4byte	0x1db
 559 0223 0A       		.uleb128 0xa
 560 0224 B4000000 		.4byte	.LVL8
 561 0228 E1000000 		.4byte	0xe1
 562 022c 0B       		.uleb128 0xb
 563 022d 01       		.uleb128 0x1
 564 022e 51       		.byte	0x51
 565 022f 15       		.uleb128 0x15
 566 0230 74       		.byte	0x74
 567 0231 00       		.sleb128 0
 568 0232 31       		.byte	0x31
 569 0233 24       		.byte	0x24
 570 0234 74       		.byte	0x74
 571 0235 00       		.sleb128 0
 572 0236 22       		.byte	0x22
 573 0237 31       		.byte	0x31
 574 0238 24       		.byte	0x24
 575 0239 03       		.byte	0x3
 576 023a 04000000 		.4byte	.LANCHOR0+4
 577 023e 22       		.byte	0x22
 578 023f 94       		.byte	0x94
 579 0240 02       		.byte	0x2
 580 0241 0A       		.byte	0xa
 581 0242 FFFF     		.2byte	0xffff
 582 0244 1A       		.byte	0x1a
 583 0245 00       		.byte	0
 584 0246 00       		.byte	0
 585 0247 00       		.byte	0
 586 0248 18       		.uleb128 0x18
 587 0249 0E010000 		.4byte	.LVL11
 588 024d 2E010000 		.4byte	0x12e
 589 0251 00       		.byte	0
 590 0252 19       		.uleb128 0x19
 591 0253 B5000000 		.4byte	.LASF33
 592 0257 B5000000 		.4byte	.LASF33
 593 025b 1A       		.uleb128 0x1a
 594 025c D7010000 		.4byte	.LASF26
 595 0260 D7010000 		.4byte	.LASF26
 596 0264 04       		.byte	0x4
 597 0265 6C       		.byte	0x6c
 598 0266 1A       		.uleb128 0x1a
 599 0267 38000000 		.4byte	.LASF27
ARM GAS  C:\Users\NGUYEN~1\AppData\Local\Temp\cc9Tlsz2.s 			page 17


 600 026b 38000000 		.4byte	.LASF27
 601 026f 04       		.byte	0x4
 602 0270 D0       		.byte	0xd0
 603 0271 1A       		.uleb128 0x1a
 604 0272 C3000000 		.4byte	.LASF28
 605 0276 C3000000 		.4byte	.LASF28
 606 027a 04       		.byte	0x4
 607 027b D6       		.byte	0xd6
 608 027c 00       		.byte	0
 609              		.section	.debug_abbrev,"",%progbits
 610              	.Ldebug_abbrev0:
 611 0000 01       		.uleb128 0x1
 612 0001 11       		.uleb128 0x11
 613 0002 01       		.byte	0x1
 614 0003 25       		.uleb128 0x25
 615 0004 0E       		.uleb128 0xe
 616 0005 13       		.uleb128 0x13
 617 0006 0B       		.uleb128 0xb
 618 0007 03       		.uleb128 0x3
 619 0008 0E       		.uleb128 0xe
 620 0009 1B       		.uleb128 0x1b
 621 000a 0E       		.uleb128 0xe
 622 000b 55       		.uleb128 0x55
 623 000c 17       		.uleb128 0x17
 624 000d 11       		.uleb128 0x11
 625 000e 01       		.uleb128 0x1
 626 000f 10       		.uleb128 0x10
 627 0010 17       		.uleb128 0x17
 628 0011 00       		.byte	0
 629 0012 00       		.byte	0
 630 0013 02       		.uleb128 0x2
 631 0014 24       		.uleb128 0x24
 632 0015 00       		.byte	0
 633 0016 0B       		.uleb128 0xb
 634 0017 0B       		.uleb128 0xb
 635 0018 3E       		.uleb128 0x3e
 636 0019 0B       		.uleb128 0xb
 637 001a 03       		.uleb128 0x3
 638 001b 08       		.uleb128 0x8
 639 001c 00       		.byte	0
 640 001d 00       		.byte	0
 641 001e 03       		.uleb128 0x3
 642 001f 16       		.uleb128 0x16
 643 0020 00       		.byte	0
 644 0021 03       		.uleb128 0x3
 645 0022 0E       		.uleb128 0xe
 646 0023 3A       		.uleb128 0x3a
 647 0024 0B       		.uleb128 0xb
 648 0025 3B       		.uleb128 0x3b
 649 0026 0B       		.uleb128 0xb
 650 0027 49       		.uleb128 0x49
 651 0028 13       		.uleb128 0x13
 652 0029 00       		.byte	0
 653 002a 00       		.byte	0
 654 002b 04       		.uleb128 0x4
 655 002c 24       		.uleb128 0x24
 656 002d 00       		.byte	0
ARM GAS  C:\Users\NGUYEN~1\AppData\Local\Temp\cc9Tlsz2.s 			page 18


 657 002e 0B       		.uleb128 0xb
 658 002f 0B       		.uleb128 0xb
 659 0030 3E       		.uleb128 0x3e
 660 0031 0B       		.uleb128 0xb
 661 0032 03       		.uleb128 0x3
 662 0033 0E       		.uleb128 0xe
 663 0034 00       		.byte	0
 664 0035 00       		.byte	0
 665 0036 05       		.uleb128 0x5
 666 0037 0F       		.uleb128 0xf
 667 0038 00       		.byte	0
 668 0039 0B       		.uleb128 0xb
 669 003a 0B       		.uleb128 0xb
 670 003b 00       		.byte	0
 671 003c 00       		.byte	0
 672 003d 06       		.uleb128 0x6
 673 003e 16       		.uleb128 0x16
 674 003f 00       		.byte	0
 675 0040 03       		.uleb128 0x3
 676 0041 0E       		.uleb128 0xe
 677 0042 3A       		.uleb128 0x3a
 678 0043 0B       		.uleb128 0xb
 679 0044 3B       		.uleb128 0x3b
 680 0045 05       		.uleb128 0x5
 681 0046 49       		.uleb128 0x49
 682 0047 13       		.uleb128 0x13
 683 0048 00       		.byte	0
 684 0049 00       		.byte	0
 685 004a 07       		.uleb128 0x7
 686 004b 35       		.uleb128 0x35
 687 004c 00       		.byte	0
 688 004d 49       		.uleb128 0x49
 689 004e 13       		.uleb128 0x13
 690 004f 00       		.byte	0
 691 0050 00       		.byte	0
 692 0051 08       		.uleb128 0x8
 693 0052 2E       		.uleb128 0x2e
 694 0053 01       		.byte	0x1
 695 0054 03       		.uleb128 0x3
 696 0055 0E       		.uleb128 0xe
 697 0056 3A       		.uleb128 0x3a
 698 0057 0B       		.uleb128 0xb
 699 0058 3B       		.uleb128 0x3b
 700 0059 0B       		.uleb128 0xb
 701 005a 27       		.uleb128 0x27
 702 005b 19       		.uleb128 0x19
 703 005c 11       		.uleb128 0x11
 704 005d 01       		.uleb128 0x1
 705 005e 12       		.uleb128 0x12
 706 005f 06       		.uleb128 0x6
 707 0060 40       		.uleb128 0x40
 708 0061 18       		.uleb128 0x18
 709 0062 9742     		.uleb128 0x2117
 710 0064 19       		.uleb128 0x19
 711 0065 01       		.uleb128 0x1
 712 0066 13       		.uleb128 0x13
 713 0067 00       		.byte	0
ARM GAS  C:\Users\NGUYEN~1\AppData\Local\Temp\cc9Tlsz2.s 			page 19


 714 0068 00       		.byte	0
 715 0069 09       		.uleb128 0x9
 716 006a 05       		.uleb128 0x5
 717 006b 00       		.byte	0
 718 006c 03       		.uleb128 0x3
 719 006d 08       		.uleb128 0x8
 720 006e 3A       		.uleb128 0x3a
 721 006f 0B       		.uleb128 0xb
 722 0070 3B       		.uleb128 0x3b
 723 0071 0B       		.uleb128 0xb
 724 0072 49       		.uleb128 0x49
 725 0073 13       		.uleb128 0x13
 726 0074 02       		.uleb128 0x2
 727 0075 17       		.uleb128 0x17
 728 0076 00       		.byte	0
 729 0077 00       		.byte	0
 730 0078 0A       		.uleb128 0xa
 731 0079 898201   		.uleb128 0x4109
 732 007c 01       		.byte	0x1
 733 007d 11       		.uleb128 0x11
 734 007e 01       		.uleb128 0x1
 735 007f 31       		.uleb128 0x31
 736 0080 13       		.uleb128 0x13
 737 0081 00       		.byte	0
 738 0082 00       		.byte	0
 739 0083 0B       		.uleb128 0xb
 740 0084 8A8201   		.uleb128 0x410a
 741 0087 00       		.byte	0
 742 0088 02       		.uleb128 0x2
 743 0089 18       		.uleb128 0x18
 744 008a 9142     		.uleb128 0x2111
 745 008c 18       		.uleb128 0x18
 746 008d 00       		.byte	0
 747 008e 00       		.byte	0
 748 008f 0C       		.uleb128 0xc
 749 0090 898201   		.uleb128 0x4109
 750 0093 01       		.byte	0x1
 751 0094 11       		.uleb128 0x11
 752 0095 01       		.uleb128 0x1
 753 0096 31       		.uleb128 0x31
 754 0097 13       		.uleb128 0x13
 755 0098 01       		.uleb128 0x1
 756 0099 13       		.uleb128 0x13
 757 009a 00       		.byte	0
 758 009b 00       		.byte	0
 759 009c 0D       		.uleb128 0xd
 760 009d 2E       		.uleb128 0x2e
 761 009e 01       		.byte	0x1
 762 009f 3F       		.uleb128 0x3f
 763 00a0 19       		.uleb128 0x19
 764 00a1 03       		.uleb128 0x3
 765 00a2 0E       		.uleb128 0xe
 766 00a3 3A       		.uleb128 0x3a
 767 00a4 0B       		.uleb128 0xb
 768 00a5 3B       		.uleb128 0x3b
 769 00a6 0B       		.uleb128 0xb
 770 00a7 27       		.uleb128 0x27
ARM GAS  C:\Users\NGUYEN~1\AppData\Local\Temp\cc9Tlsz2.s 			page 20


 771 00a8 19       		.uleb128 0x19
 772 00a9 11       		.uleb128 0x11
 773 00aa 01       		.uleb128 0x1
 774 00ab 12       		.uleb128 0x12
 775 00ac 06       		.uleb128 0x6
 776 00ad 40       		.uleb128 0x40
 777 00ae 18       		.uleb128 0x18
 778 00af 9742     		.uleb128 0x2117
 779 00b1 19       		.uleb128 0x19
 780 00b2 01       		.uleb128 0x1
 781 00b3 13       		.uleb128 0x13
 782 00b4 00       		.byte	0
 783 00b5 00       		.byte	0
 784 00b6 0E       		.uleb128 0xe
 785 00b7 0B       		.uleb128 0xb
 786 00b8 01       		.byte	0x1
 787 00b9 11       		.uleb128 0x11
 788 00ba 01       		.uleb128 0x1
 789 00bb 12       		.uleb128 0x12
 790 00bc 06       		.uleb128 0x6
 791 00bd 01       		.uleb128 0x1
 792 00be 13       		.uleb128 0x13
 793 00bf 00       		.byte	0
 794 00c0 00       		.byte	0
 795 00c1 0F       		.uleb128 0xf
 796 00c2 13       		.uleb128 0x13
 797 00c3 01       		.byte	0x1
 798 00c4 0B       		.uleb128 0xb
 799 00c5 0B       		.uleb128 0xb
 800 00c6 3A       		.uleb128 0x3a
 801 00c7 0B       		.uleb128 0xb
 802 00c8 3B       		.uleb128 0x3b
 803 00c9 05       		.uleb128 0x5
 804 00ca 01       		.uleb128 0x1
 805 00cb 13       		.uleb128 0x13
 806 00cc 00       		.byte	0
 807 00cd 00       		.byte	0
 808 00ce 10       		.uleb128 0x10
 809 00cf 0D       		.uleb128 0xd
 810 00d0 00       		.byte	0
 811 00d1 03       		.uleb128 0x3
 812 00d2 0E       		.uleb128 0xe
 813 00d3 3A       		.uleb128 0x3a
 814 00d4 0B       		.uleb128 0xb
 815 00d5 3B       		.uleb128 0x3b
 816 00d6 05       		.uleb128 0x5
 817 00d7 49       		.uleb128 0x49
 818 00d8 13       		.uleb128 0x13
 819 00d9 38       		.uleb128 0x38
 820 00da 0B       		.uleb128 0xb
 821 00db 00       		.byte	0
 822 00dc 00       		.byte	0
 823 00dd 11       		.uleb128 0x11
 824 00de 01       		.uleb128 0x1
 825 00df 01       		.byte	0x1
 826 00e0 49       		.uleb128 0x49
 827 00e1 13       		.uleb128 0x13
ARM GAS  C:\Users\NGUYEN~1\AppData\Local\Temp\cc9Tlsz2.s 			page 21


 828 00e2 01       		.uleb128 0x1
 829 00e3 13       		.uleb128 0x13
 830 00e4 00       		.byte	0
 831 00e5 00       		.byte	0
 832 00e6 12       		.uleb128 0x12
 833 00e7 21       		.uleb128 0x21
 834 00e8 00       		.byte	0
 835 00e9 49       		.uleb128 0x49
 836 00ea 13       		.uleb128 0x13
 837 00eb 2F       		.uleb128 0x2f
 838 00ec 0B       		.uleb128 0xb
 839 00ed 00       		.byte	0
 840 00ee 00       		.byte	0
 841 00ef 13       		.uleb128 0x13
 842 00f0 26       		.uleb128 0x26
 843 00f1 00       		.byte	0
 844 00f2 49       		.uleb128 0x49
 845 00f3 13       		.uleb128 0x13
 846 00f4 00       		.byte	0
 847 00f5 00       		.byte	0
 848 00f6 14       		.uleb128 0x14
 849 00f7 34       		.uleb128 0x34
 850 00f8 00       		.byte	0
 851 00f9 03       		.uleb128 0x3
 852 00fa 0E       		.uleb128 0xe
 853 00fb 3A       		.uleb128 0x3a
 854 00fc 0B       		.uleb128 0xb
 855 00fd 3B       		.uleb128 0x3b
 856 00fe 05       		.uleb128 0x5
 857 00ff 49       		.uleb128 0x49
 858 0100 13       		.uleb128 0x13
 859 0101 02       		.uleb128 0x2
 860 0102 18       		.uleb128 0x18
 861 0103 00       		.byte	0
 862 0104 00       		.byte	0
 863 0105 15       		.uleb128 0x15
 864 0106 34       		.uleb128 0x34
 865 0107 00       		.byte	0
 866 0108 03       		.uleb128 0x3
 867 0109 08       		.uleb128 0x8
 868 010a 3A       		.uleb128 0x3a
 869 010b 0B       		.uleb128 0xb
 870 010c 3B       		.uleb128 0x3b
 871 010d 05       		.uleb128 0x5
 872 010e 49       		.uleb128 0x49
 873 010f 13       		.uleb128 0x13
 874 0110 02       		.uleb128 0x2
 875 0111 17       		.uleb128 0x17
 876 0112 00       		.byte	0
 877 0113 00       		.byte	0
 878 0114 16       		.uleb128 0x16
 879 0115 0B       		.uleb128 0xb
 880 0116 01       		.byte	0x1
 881 0117 11       		.uleb128 0x11
 882 0118 01       		.uleb128 0x1
 883 0119 12       		.uleb128 0x12
 884 011a 06       		.uleb128 0x6
ARM GAS  C:\Users\NGUYEN~1\AppData\Local\Temp\cc9Tlsz2.s 			page 22


 885 011b 00       		.byte	0
 886 011c 00       		.byte	0
 887 011d 17       		.uleb128 0x17
 888 011e 0F       		.uleb128 0xf
 889 011f 00       		.byte	0
 890 0120 0B       		.uleb128 0xb
 891 0121 0B       		.uleb128 0xb
 892 0122 49       		.uleb128 0x49
 893 0123 13       		.uleb128 0x13
 894 0124 00       		.byte	0
 895 0125 00       		.byte	0
 896 0126 18       		.uleb128 0x18
 897 0127 898201   		.uleb128 0x4109
 898 012a 00       		.byte	0
 899 012b 11       		.uleb128 0x11
 900 012c 01       		.uleb128 0x1
 901 012d 31       		.uleb128 0x31
 902 012e 13       		.uleb128 0x13
 903 012f 00       		.byte	0
 904 0130 00       		.byte	0
 905 0131 19       		.uleb128 0x19
 906 0132 2E       		.uleb128 0x2e
 907 0133 00       		.byte	0
 908 0134 3F       		.uleb128 0x3f
 909 0135 19       		.uleb128 0x19
 910 0136 3C       		.uleb128 0x3c
 911 0137 19       		.uleb128 0x19
 912 0138 6E       		.uleb128 0x6e
 913 0139 0E       		.uleb128 0xe
 914 013a 03       		.uleb128 0x3
 915 013b 0E       		.uleb128 0xe
 916 013c 00       		.byte	0
 917 013d 00       		.byte	0
 918 013e 1A       		.uleb128 0x1a
 919 013f 2E       		.uleb128 0x2e
 920 0140 00       		.byte	0
 921 0141 3F       		.uleb128 0x3f
 922 0142 19       		.uleb128 0x19
 923 0143 3C       		.uleb128 0x3c
 924 0144 19       		.uleb128 0x19
 925 0145 6E       		.uleb128 0x6e
 926 0146 0E       		.uleb128 0xe
 927 0147 03       		.uleb128 0x3
 928 0148 0E       		.uleb128 0xe
 929 0149 3A       		.uleb128 0x3a
 930 014a 0B       		.uleb128 0xb
 931 014b 3B       		.uleb128 0x3b
 932 014c 0B       		.uleb128 0xb
 933 014d 00       		.byte	0
 934 014e 00       		.byte	0
 935 014f 00       		.byte	0
 936              		.section	.debug_loc,"",%progbits
 937              	.Ldebug_loc0:
 938              	.LLST0:
 939 0000 00000000 		.4byte	.LVL0
 940 0004 09000000 		.4byte	.LVL2-1
 941 0008 0100     		.2byte	0x1
ARM GAS  C:\Users\NGUYEN~1\AppData\Local\Temp\cc9Tlsz2.s 			page 23


 942 000a 50       		.byte	0x50
 943 000b 09000000 		.4byte	.LVL2-1
 944 000f 0C000000 		.4byte	.LFE0
 945 0013 0400     		.2byte	0x4
 946 0015 F3       		.byte	0xf3
 947 0016 01       		.uleb128 0x1
 948 0017 50       		.byte	0x50
 949 0018 9F       		.byte	0x9f
 950 0019 00000000 		.4byte	0
 951 001d 00000000 		.4byte	0
 952              	.LLST1:
 953 0021 00000000 		.4byte	.LVL0
 954 0025 06000000 		.4byte	.LVL1
 955 0029 0100     		.2byte	0x1
 956 002b 51       		.byte	0x51
 957 002c 06000000 		.4byte	.LVL1
 958 0030 09000000 		.4byte	.LVL2-1
 959 0034 0100     		.2byte	0x1
 960 0036 52       		.byte	0x52
 961 0037 09000000 		.4byte	.LVL2-1
 962 003b 0C000000 		.4byte	.LFE0
 963 003f 0400     		.2byte	0x4
 964 0041 F3       		.byte	0xf3
 965 0042 01       		.uleb128 0x1
 966 0043 51       		.byte	0x51
 967 0044 9F       		.byte	0x9f
 968 0045 00000000 		.4byte	0
 969 0049 00000000 		.4byte	0
 970              	.LLST2:
 971 004d 94000000 		.4byte	.LVL6
 972 0051 98000000 		.4byte	.LVL7
 973 0055 0200     		.2byte	0x2
 974 0057 30       		.byte	0x30
 975 0058 9F       		.byte	0x9f
 976 0059 98000000 		.4byte	.LVL7
 977 005d B6000000 		.4byte	.LVL9
 978 0061 0100     		.2byte	0x1
 979 0063 54       		.byte	0x54
 980 0064 B8000000 		.4byte	.LVL10
 981 0068 0E010000 		.4byte	.LVL12
 982 006c 0100     		.2byte	0x1
 983 006e 54       		.byte	0x54
 984 006f 00000000 		.4byte	0
 985 0073 00000000 		.4byte	0
 986              	.LLST3:
 987 0077 98000000 		.4byte	.LVL7
 988 007b B6000000 		.4byte	.LVL9
 989 007f 0B00     		.2byte	0xb
 990 0081 74       		.byte	0x74
 991 0082 00       		.sleb128 0
 992 0083 36       		.byte	0x36
 993 0084 1E       		.byte	0x1e
 994 0085 03       		.byte	0x3
 995 0086 00000000 		.4byte	cfg_memset_list.4847
 996 008a 22       		.byte	0x22
 997 008b 9F       		.byte	0x9f
 998 008c B6000000 		.4byte	.LVL9
ARM GAS  C:\Users\NGUYEN~1\AppData\Local\Temp\cc9Tlsz2.s 			page 24


 999 0090 B8000000 		.4byte	.LVL10
 1000 0094 0B00     		.2byte	0xb
 1001 0096 74       		.byte	0x74
 1002 0097 7F       		.sleb128 -1
 1003 0098 36       		.byte	0x36
 1004 0099 1E       		.byte	0x1e
 1005 009a 03       		.byte	0x3
 1006 009b 00000000 		.4byte	cfg_memset_list.4847
 1007 009f 22       		.byte	0x22
 1008 00a0 9F       		.byte	0x9f
 1009 00a1 00000000 		.4byte	0
 1010 00a5 00000000 		.4byte	0
 1011              		.section	.debug_aranges,"",%progbits
 1012 0000 2C000000 		.4byte	0x2c
 1013 0004 0200     		.2byte	0x2
 1014 0006 00000000 		.4byte	.Ldebug_info0
 1015 000a 04       		.byte	0x4
 1016 000b 00       		.byte	0
 1017 000c 0000     		.2byte	0
 1018 000e 0000     		.2byte	0
 1019 0010 00000000 		.4byte	.LFB0
 1020 0014 0C000000 		.4byte	.LFE0-.LFB0
 1021 0018 00000000 		.4byte	.LFB3
 1022 001c 90000000 		.4byte	.LFE3-.LFB3
 1023 0020 90000000 		.4byte	.LFB5
 1024 0024 B8000000 		.4byte	.LFE5-.LFB5
 1025 0028 00000000 		.4byte	0
 1026 002c 00000000 		.4byte	0
 1027              		.section	.debug_ranges,"",%progbits
 1028              	.Ldebug_ranges0:
 1029 0000 00000000 		.4byte	.LFB0
 1030 0004 0C000000 		.4byte	.LFE0
 1031 0008 00000000 		.4byte	.LFB3
 1032 000c 90000000 		.4byte	.LFE3
 1033 0010 90000000 		.4byte	.LFB5
 1034 0014 48010000 		.4byte	.LFE5
 1035 0018 00000000 		.4byte	0
 1036 001c 00000000 		.4byte	0
 1037              		.section	.debug_line,"",%progbits
 1038              	.Ldebug_line0:
 1039 0000 33010000 		.section	.debug_str,"MS",%progbits,1
 1039      0200D600 
 1039      00000201 
 1039      FB0E0D00 
 1039      01010101 
 1040              	.LASF31:
 1041 0000 443A5C70 		.ascii	"D:\\psoc\\theory\\ds1307_i2c\\ds1307_i2c.cydsn\000"
 1041      736F635C 
 1041      7468656F 
 1041      72795C64 
 1041      73313330 
 1042              	.LASF19:
 1043 002b 72656733 		.ascii	"reg32\000"
 1043      3200
 1044              	.LASF12:
 1045 0031 73697A65 		.ascii	"size_t\000"
 1045      5F7400
ARM GAS  C:\Users\NGUYEN~1\AppData\Local\Temp\cc9Tlsz2.s 			page 25


 1046              	.LASF27:
 1047 0038 4379496E 		.ascii	"CyIntSetVector\000"
 1047      74536574 
 1047      56656374 
 1047      6F7200
 1048              	.LASF25:
 1049 0047 6366675F 		.ascii	"cfg_memset_list\000"
 1049      6D656D73 
 1049      65745F6C 
 1049      69737400 
 1050              	.LASF21:
 1051 0057 436C6F63 		.ascii	"ClockSetup\000"
 1051      6B536574 
 1051      757000
 1052              	.LASF6:
 1053 0062 73686F72 		.ascii	"short unsigned int\000"
 1053      7420756E 
 1053      7369676E 
 1053      65642069 
 1053      6E7400
 1054              	.LASF16:
 1055 0075 666C6F61 		.ascii	"float\000"
 1055      7400
 1056              	.LASF23:
 1057 007b 73697A65 		.ascii	"size\000"
 1057      00
 1058              	.LASF18:
 1059 0080 72656738 		.ascii	"reg8\000"
 1059      00
 1060              	.LASF8:
 1061 0085 6C6F6E67 		.ascii	"long unsigned int\000"
 1061      20756E73 
 1061      69676E65 
 1061      6420696E 
 1061      7400
 1062              	.LASF13:
 1063 0097 75696E74 		.ascii	"uint8\000"
 1063      3800
 1064              	.LASF20:
 1065 009d 43594D45 		.ascii	"CYMEMZERO\000"
 1065      4D5A4552 
 1065      4F00
 1066              	.LASF4:
 1067 00a7 756E7369 		.ascii	"unsigned char\000"
 1067      676E6564 
 1067      20636861 
 1067      7200
 1068              	.LASF33:
 1069 00b5 6D656D73 		.ascii	"memset\000"
 1069      657400
 1070              	.LASF17:
 1071 00bc 646F7562 		.ascii	"double\000"
 1071      6C6500
 1072              	.LASF28:
 1073 00c3 4379496E 		.ascii	"CyIntEnable\000"
 1073      74456E61 
 1073      626C6500 
ARM GAS  C:\Users\NGUYEN~1\AppData\Local\Temp\cc9Tlsz2.s 			page 26


 1074              	.LASF14:
 1075 00cf 75696E74 		.ascii	"uint16\000"
 1075      313600
 1076              	.LASF15:
 1077 00d6 75696E74 		.ascii	"uint32\000"
 1077      333200
 1078              	.LASF0:
 1079 00dd 756E7369 		.ascii	"unsigned int\000"
 1079      676E6564 
 1079      20696E74 
 1079      00
 1080              	.LASF32:
 1081 00ea 63796669 		.ascii	"cyfitter_cfg\000"
 1081      74746572 
 1081      5F636667 
 1081      00
 1082              	.LASF22:
 1083 00f7 61646472 		.ascii	"address\000"
 1083      65737300 
 1084              	.LASF9:
 1085 00ff 6C6F6E67 		.ascii	"long long unsigned int\000"
 1085      206C6F6E 
 1085      6720756E 
 1085      7369676E 
 1085      65642069 
 1086              	.LASF29:
 1087 0116 474E5520 		.ascii	"GNU C11 5.4.1 20160609 (release) [ARM/embedded-5-br"
 1087      43313120 
 1087      352E342E 
 1087      31203230 
 1087      31363036 
 1088 0149 616E6368 		.ascii	"anch revision 237715] -mcpu=cortex-m0 -mthumb -g -O"
 1088      20726576 
 1088      6973696F 
 1088      6E203233 
 1088      37373135 
 1089 017c 67202D66 		.ascii	"g -ffunction-sections -ffat-lto-objects\000"
 1089      66756E63 
 1089      74696F6E 
 1089      2D736563 
 1089      74696F6E 
 1090              	.LASF24:
 1091 01a4 6366675F 		.ascii	"cfg_memset_t\000"
 1091      6D656D73 
 1091      65745F74 
 1091      00
 1092              	.LASF10:
 1093 01b1 73697A65 		.ascii	"sizetype\000"
 1093      74797065 
 1093      00
 1094              	.LASF1:
 1095 01ba 6C6F6E67 		.ascii	"long long int\000"
 1095      206C6F6E 
 1095      6720696E 
 1095      7400
 1096              	.LASF11:
 1097 01c8 63686172 		.ascii	"char\000"
ARM GAS  C:\Users\NGUYEN~1\AppData\Local\Temp\cc9Tlsz2.s 			page 27


 1097      00
 1098              	.LASF5:
 1099 01cd 73686F72 		.ascii	"short int\000"
 1099      7420696E 
 1099      7400
 1100              	.LASF26:
 1101 01d7 43795379 		.ascii	"CySysClkWriteImoFreq\000"
 1101      73436C6B 
 1101      57726974 
 1101      65496D6F 
 1101      46726571 
 1102              	.LASF7:
 1103 01ec 6C6F6E67 		.ascii	"long int\000"
 1103      20696E74 
 1103      00
 1104              	.LASF2:
 1105 01f5 6C6F6E67 		.ascii	"long double\000"
 1105      20646F75 
 1105      626C6500 
 1106              	.LASF3:
 1107 0201 7369676E 		.ascii	"signed char\000"
 1107      65642063 
 1107      68617200 
 1108              	.LASF30:
 1109 020d 47656E65 		.ascii	"Generated_Source\\PSoC4\\cyfitter_cfg.c\000"
 1109      72617465 
 1109      645F536F 
 1109      75726365 
 1109      5C50536F 
 1110              		.ident	"GCC: (GNU Tools for ARM Embedded Processors) 5.4.1 20160609 (release) [ARM/embedded-5-bran
