ARM GAS  C:\Users\NGUYEN~1\AppData\Local\Temp\cc6uPBoW.s 			page 1


   1              		.syntax unified
   2              		.cpu cortex-m0
   3              		.fpu softvfp
   4              		.eabi_attribute 20, 1
   5              		.eabi_attribute 21, 1
   6              		.eabi_attribute 23, 3
   7              		.eabi_attribute 24, 1
   8              		.eabi_attribute 25, 1
   9              		.eabi_attribute 26, 1
  10              		.eabi_attribute 30, 1
  11              		.eabi_attribute 34, 0
  12              		.eabi_attribute 18, 4
  13              		.thumb
  14              		.syntax unified
  15              		.file	"main.c"
  16              		.text
  17              	.Ltext0:
  18              		.cfi_sections	.debug_frame
  19              		.section	.text.configSystem,"ax",%progbits
  20              		.align	2
  21              		.global	configSystem
  22              		.code	16
  23              		.thumb_func
  24              		.type	configSystem, %function
  25              	configSystem:
  26              	.LFB33:
  27              		.file 1 "main.c"
   1:main.c        **** /* ========================================
   2:main.c        ****  *
   3:main.c        ****  * Copyright YOUR COMPANY, THE YEAR
   4:main.c        ****  * All Rights Reserved
   5:main.c        ****  * UNPUBLISHED, LICENSED SOFTWARE.
   6:main.c        ****  *
   7:main.c        ****  * CONFIDENTIAL AND PROPRIETARY INFORMATION
   8:main.c        ****  * WHICH IS THE PROPERTY OF your company.
   9:main.c        ****  *
  10:main.c        ****  * ========================================
  11:main.c        **** */
  12:main.c        **** #include "main.h"
  13:main.c        **** 
  14:main.c        **** 
  15:main.c        **** int main(void)
  16:main.c        **** {
  17:main.c        ****     CyGlobalIntEnable; /* Enable global interrupts. */
  18:main.c        ****     
  19:main.c        ****     configSystem();
  20:main.c        ****     
  21:main.c        ****     //int compare_value = 1000;
  22:main.c        **** 
  23:main.c        ****     /* Place your initialization/startup code here (e.g. MyInst_Start()) */
  24:main.c        **** 
  25:main.c        ****     for(;;)
  26:main.c        ****     {
  27:main.c        ****         /* Place your application code here. */
  28:main.c        ****         //from0DegreeTo180Degree( &compare_value );
  29:main.c        ****         
  30:main.c        ****         lightIncrement();
ARM GAS  C:\Users\NGUYEN~1\AppData\Local\Temp\cc6uPBoW.s 			page 2


  31:main.c        ****         CyDelay(200);
  32:main.c        ****     }
  33:main.c        **** }
  34:main.c        **** 
  35:main.c        **** 
  36:main.c        **** void configSystem()
  37:main.c        **** {
  28              		.loc 1 37 0
  29              		.cfi_startproc
  30              		@ args = 0, pretend = 0, frame = 0
  31              		@ frame_needed = 0, uses_anonymous_args = 0
  32 0000 10B5     		push	{r4, lr}
  33              		.cfi_def_cfa_offset 8
  34              		.cfi_offset 4, -8
  35              		.cfi_offset 14, -4
  38:main.c        ****     pwm_Start();
  36              		.loc 1 38 0
  37 0002 FFF7FEFF 		bl	pwm_Start
  38              	.LVL0:
  39:main.c        **** }
  39              		.loc 1 39 0
  40              		@ sp needed
  41 0006 10BD     		pop	{r4, pc}
  42              		.cfi_endproc
  43              	.LFE33:
  44              		.size	configSystem, .-configSystem
  45              		.section	.text.main,"ax",%progbits
  46              		.align	2
  47              		.global	main
  48              		.code	16
  49              		.thumb_func
  50              		.type	main, %function
  51              	main:
  52              	.LFB32:
  16:main.c        ****     CyGlobalIntEnable; /* Enable global interrupts. */
  53              		.loc 1 16 0
  54              		.cfi_startproc
  55              		@ Volatile: function does not return.
  56              		@ args = 0, pretend = 0, frame = 0
  57              		@ frame_needed = 0, uses_anonymous_args = 0
  58 0000 10B5     		push	{r4, lr}
  59              		.cfi_def_cfa_offset 8
  60              		.cfi_offset 4, -8
  61              		.cfi_offset 14, -4
  17:main.c        ****     
  62              		.loc 1 17 0
  63              		.syntax divided
  64              	@ 17 "main.c" 1
  65 0002 62B6     		CPSIE   i
  66              	@ 0 "" 2
  19:main.c        ****     
  67              		.loc 1 19 0
  68              		.thumb
  69              		.syntax unified
  70 0004 FFF7FEFF 		bl	configSystem
  71              	.LVL1:
  72              	.L3:
ARM GAS  C:\Users\NGUYEN~1\AppData\Local\Temp\cc6uPBoW.s 			page 3


  30:main.c        ****         CyDelay(200);
  73              		.loc 1 30 0 discriminator 1
  74 0008 FFF7FEFF 		bl	lightIncrement
  75              	.LVL2:
  31:main.c        ****     }
  76              		.loc 1 31 0 discriminator 1
  77 000c C820     		movs	r0, #200
  78 000e FFF7FEFF 		bl	CyDelay
  79              	.LVL3:
  80 0012 F9E7     		b	.L3
  81              		.cfi_endproc
  82              	.LFE32:
  83              		.size	main, .-main
  84              		.text
  85              	.Letext0:
  86              		.file 2 "Generated_Source\\PSoC4/pwm.h"
  87              		.file 3 "ledSingle.h"
  88              		.file 4 "Generated_Source\\PSoC4/CyLib.h"
  89              		.section	.debug_info,"",%progbits
  90              	.Ldebug_info0:
  91 0000 08010000 		.4byte	0x108
  92 0004 0400     		.2byte	0x4
  93 0006 00000000 		.4byte	.Ldebug_abbrev0
  94 000a 04       		.byte	0x4
  95 000b 01       		.uleb128 0x1
  96 000c B5000000 		.4byte	.LASF17
  97 0010 0C       		.byte	0xc
  98 0011 38000000 		.4byte	.LASF18
  99 0015 1B000000 		.4byte	.LASF19
 100 0019 00000000 		.4byte	.Ldebug_ranges0+0
 101 001d 00000000 		.4byte	0
 102 0021 00000000 		.4byte	.Ldebug_line0
 103 0025 02       		.uleb128 0x2
 104 0026 01       		.byte	0x1
 105 0027 06       		.byte	0x6
 106 0028 56010000 		.4byte	.LASF0
 107 002c 02       		.uleb128 0x2
 108 002d 01       		.byte	0x1
 109 002e 08       		.byte	0x8
 110 002f 88000000 		.4byte	.LASF1
 111 0033 02       		.uleb128 0x2
 112 0034 02       		.byte	0x2
 113 0035 05       		.byte	0x5
 114 0036 6E010000 		.4byte	.LASF2
 115 003a 02       		.uleb128 0x2
 116 003b 02       		.byte	0x2
 117 003c 07       		.byte	0x7
 118 003d 43010000 		.4byte	.LASF3
 119 0041 02       		.uleb128 0x2
 120 0042 04       		.byte	0x4
 121 0043 05       		.byte	0x5
 122 0044 9B000000 		.4byte	.LASF4
 123 0048 02       		.uleb128 0x2
 124 0049 04       		.byte	0x4
 125 004a 07       		.byte	0x7
 126 004b 4C000000 		.4byte	.LASF5
 127 004f 02       		.uleb128 0x2
ARM GAS  C:\Users\NGUYEN~1\AppData\Local\Temp\cc6uPBoW.s 			page 4


 128 0050 08       		.byte	0x8
 129 0051 05       		.byte	0x5
 130 0052 00000000 		.4byte	.LASF6
 131 0056 02       		.uleb128 0x2
 132 0057 08       		.byte	0x8
 133 0058 07       		.byte	0x7
 134 0059 5E000000 		.4byte	.LASF7
 135 005d 03       		.uleb128 0x3
 136 005e 04       		.byte	0x4
 137 005f 05       		.byte	0x5
 138 0060 696E7400 		.ascii	"int\000"
 139 0064 02       		.uleb128 0x2
 140 0065 04       		.byte	0x4
 141 0066 07       		.byte	0x7
 142 0067 0E000000 		.4byte	.LASF8
 143 006b 02       		.uleb128 0x2
 144 006c 04       		.byte	0x4
 145 006d 04       		.byte	0x4
 146 006e 75000000 		.4byte	.LASF9
 147 0072 02       		.uleb128 0x2
 148 0073 08       		.byte	0x8
 149 0074 04       		.byte	0x4
 150 0075 AE000000 		.4byte	.LASF10
 151 0079 02       		.uleb128 0x2
 152 007a 01       		.byte	0x1
 153 007b 08       		.byte	0x8
 154 007c 96000000 		.4byte	.LASF11
 155 0080 02       		.uleb128 0x2
 156 0081 08       		.byte	0x8
 157 0082 04       		.byte	0x4
 158 0083 62010000 		.4byte	.LASF12
 159 0087 02       		.uleb128 0x2
 160 0088 04       		.byte	0x4
 161 0089 07       		.byte	0x7
 162 008a 87010000 		.4byte	.LASF13
 163 008e 04       		.uleb128 0x4
 164 008f 7B000000 		.4byte	.LASF20
 165 0093 01       		.byte	0x1
 166 0094 24       		.byte	0x24
 167 0095 00000000 		.4byte	.LFB33
 168 0099 08000000 		.4byte	.LFE33-.LFB33
 169 009d 01       		.uleb128 0x1
 170 009e 9C       		.byte	0x9c
 171 009f AD000000 		.4byte	0xad
 172 00a3 05       		.uleb128 0x5
 173 00a4 06000000 		.4byte	.LVL0
 174 00a8 E9000000 		.4byte	0xe9
 175 00ac 00       		.byte	0
 176 00ad 06       		.uleb128 0x6
 177 00ae 3F000000 		.4byte	.LASF21
 178 00b2 01       		.byte	0x1
 179 00b3 0F       		.byte	0xf
 180 00b4 5D000000 		.4byte	0x5d
 181 00b8 00000000 		.4byte	.LFB32
 182 00bc 14000000 		.4byte	.LFE32-.LFB32
 183 00c0 01       		.uleb128 0x1
 184 00c1 9C       		.byte	0x9c
ARM GAS  C:\Users\NGUYEN~1\AppData\Local\Temp\cc6uPBoW.s 			page 5


 185 00c2 E9000000 		.4byte	0xe9
 186 00c6 05       		.uleb128 0x5
 187 00c7 08000000 		.4byte	.LVL1
 188 00cb 8E000000 		.4byte	0x8e
 189 00cf 05       		.uleb128 0x5
 190 00d0 0C000000 		.4byte	.LVL2
 191 00d4 F5000000 		.4byte	0xf5
 192 00d8 07       		.uleb128 0x7
 193 00d9 12000000 		.4byte	.LVL3
 194 00dd 00010000 		.4byte	0x100
 195 00e1 08       		.uleb128 0x8
 196 00e2 01       		.uleb128 0x1
 197 00e3 50       		.byte	0x50
 198 00e4 02       		.uleb128 0x2
 199 00e5 08       		.byte	0x8
 200 00e6 C8       		.byte	0xc8
 201 00e7 00       		.byte	0
 202 00e8 00       		.byte	0
 203 00e9 09       		.uleb128 0x9
 204 00ea A4000000 		.4byte	.LASF14
 205 00ee A4000000 		.4byte	.LASF14
 206 00f2 02       		.byte	0x2
 207 00f3 3201     		.2byte	0x132
 208 00f5 0A       		.uleb128 0xa
 209 00f6 78010000 		.4byte	.LASF15
 210 00fa 78010000 		.4byte	.LASF15
 211 00fe 03       		.byte	0x3
 212 00ff 17       		.byte	0x17
 213 0100 0A       		.uleb128 0xa
 214 0101 44000000 		.4byte	.LASF16
 215 0105 44000000 		.4byte	.LASF16
 216 0109 04       		.byte	0x4
 217 010a EC       		.byte	0xec
 218 010b 00       		.byte	0
 219              		.section	.debug_abbrev,"",%progbits
 220              	.Ldebug_abbrev0:
 221 0000 01       		.uleb128 0x1
 222 0001 11       		.uleb128 0x11
 223 0002 01       		.byte	0x1
 224 0003 25       		.uleb128 0x25
 225 0004 0E       		.uleb128 0xe
 226 0005 13       		.uleb128 0x13
 227 0006 0B       		.uleb128 0xb
 228 0007 03       		.uleb128 0x3
 229 0008 0E       		.uleb128 0xe
 230 0009 1B       		.uleb128 0x1b
 231 000a 0E       		.uleb128 0xe
 232 000b 55       		.uleb128 0x55
 233 000c 17       		.uleb128 0x17
 234 000d 11       		.uleb128 0x11
 235 000e 01       		.uleb128 0x1
 236 000f 10       		.uleb128 0x10
 237 0010 17       		.uleb128 0x17
 238 0011 00       		.byte	0
 239 0012 00       		.byte	0
 240 0013 02       		.uleb128 0x2
 241 0014 24       		.uleb128 0x24
ARM GAS  C:\Users\NGUYEN~1\AppData\Local\Temp\cc6uPBoW.s 			page 6


 242 0015 00       		.byte	0
 243 0016 0B       		.uleb128 0xb
 244 0017 0B       		.uleb128 0xb
 245 0018 3E       		.uleb128 0x3e
 246 0019 0B       		.uleb128 0xb
 247 001a 03       		.uleb128 0x3
 248 001b 0E       		.uleb128 0xe
 249 001c 00       		.byte	0
 250 001d 00       		.byte	0
 251 001e 03       		.uleb128 0x3
 252 001f 24       		.uleb128 0x24
 253 0020 00       		.byte	0
 254 0021 0B       		.uleb128 0xb
 255 0022 0B       		.uleb128 0xb
 256 0023 3E       		.uleb128 0x3e
 257 0024 0B       		.uleb128 0xb
 258 0025 03       		.uleb128 0x3
 259 0026 08       		.uleb128 0x8
 260 0027 00       		.byte	0
 261 0028 00       		.byte	0
 262 0029 04       		.uleb128 0x4
 263 002a 2E       		.uleb128 0x2e
 264 002b 01       		.byte	0x1
 265 002c 3F       		.uleb128 0x3f
 266 002d 19       		.uleb128 0x19
 267 002e 03       		.uleb128 0x3
 268 002f 0E       		.uleb128 0xe
 269 0030 3A       		.uleb128 0x3a
 270 0031 0B       		.uleb128 0xb
 271 0032 3B       		.uleb128 0x3b
 272 0033 0B       		.uleb128 0xb
 273 0034 11       		.uleb128 0x11
 274 0035 01       		.uleb128 0x1
 275 0036 12       		.uleb128 0x12
 276 0037 06       		.uleb128 0x6
 277 0038 40       		.uleb128 0x40
 278 0039 18       		.uleb128 0x18
 279 003a 9742     		.uleb128 0x2117
 280 003c 19       		.uleb128 0x19
 281 003d 01       		.uleb128 0x1
 282 003e 13       		.uleb128 0x13
 283 003f 00       		.byte	0
 284 0040 00       		.byte	0
 285 0041 05       		.uleb128 0x5
 286 0042 898201   		.uleb128 0x4109
 287 0045 00       		.byte	0
 288 0046 11       		.uleb128 0x11
 289 0047 01       		.uleb128 0x1
 290 0048 31       		.uleb128 0x31
 291 0049 13       		.uleb128 0x13
 292 004a 00       		.byte	0
 293 004b 00       		.byte	0
 294 004c 06       		.uleb128 0x6
 295 004d 2E       		.uleb128 0x2e
 296 004e 01       		.byte	0x1
 297 004f 3F       		.uleb128 0x3f
 298 0050 19       		.uleb128 0x19
ARM GAS  C:\Users\NGUYEN~1\AppData\Local\Temp\cc6uPBoW.s 			page 7


 299 0051 03       		.uleb128 0x3
 300 0052 0E       		.uleb128 0xe
 301 0053 3A       		.uleb128 0x3a
 302 0054 0B       		.uleb128 0xb
 303 0055 3B       		.uleb128 0x3b
 304 0056 0B       		.uleb128 0xb
 305 0057 27       		.uleb128 0x27
 306 0058 19       		.uleb128 0x19
 307 0059 49       		.uleb128 0x49
 308 005a 13       		.uleb128 0x13
 309 005b 8701     		.uleb128 0x87
 310 005d 19       		.uleb128 0x19
 311 005e 11       		.uleb128 0x11
 312 005f 01       		.uleb128 0x1
 313 0060 12       		.uleb128 0x12
 314 0061 06       		.uleb128 0x6
 315 0062 40       		.uleb128 0x40
 316 0063 18       		.uleb128 0x18
 317 0064 9742     		.uleb128 0x2117
 318 0066 19       		.uleb128 0x19
 319 0067 01       		.uleb128 0x1
 320 0068 13       		.uleb128 0x13
 321 0069 00       		.byte	0
 322 006a 00       		.byte	0
 323 006b 07       		.uleb128 0x7
 324 006c 898201   		.uleb128 0x4109
 325 006f 01       		.byte	0x1
 326 0070 11       		.uleb128 0x11
 327 0071 01       		.uleb128 0x1
 328 0072 31       		.uleb128 0x31
 329 0073 13       		.uleb128 0x13
 330 0074 00       		.byte	0
 331 0075 00       		.byte	0
 332 0076 08       		.uleb128 0x8
 333 0077 8A8201   		.uleb128 0x410a
 334 007a 00       		.byte	0
 335 007b 02       		.uleb128 0x2
 336 007c 18       		.uleb128 0x18
 337 007d 9142     		.uleb128 0x2111
 338 007f 18       		.uleb128 0x18
 339 0080 00       		.byte	0
 340 0081 00       		.byte	0
 341 0082 09       		.uleb128 0x9
 342 0083 2E       		.uleb128 0x2e
 343 0084 00       		.byte	0
 344 0085 3F       		.uleb128 0x3f
 345 0086 19       		.uleb128 0x19
 346 0087 3C       		.uleb128 0x3c
 347 0088 19       		.uleb128 0x19
 348 0089 6E       		.uleb128 0x6e
 349 008a 0E       		.uleb128 0xe
 350 008b 03       		.uleb128 0x3
 351 008c 0E       		.uleb128 0xe
 352 008d 3A       		.uleb128 0x3a
 353 008e 0B       		.uleb128 0xb
 354 008f 3B       		.uleb128 0x3b
 355 0090 05       		.uleb128 0x5
ARM GAS  C:\Users\NGUYEN~1\AppData\Local\Temp\cc6uPBoW.s 			page 8


 356 0091 00       		.byte	0
 357 0092 00       		.byte	0
 358 0093 0A       		.uleb128 0xa
 359 0094 2E       		.uleb128 0x2e
 360 0095 00       		.byte	0
 361 0096 3F       		.uleb128 0x3f
 362 0097 19       		.uleb128 0x19
 363 0098 3C       		.uleb128 0x3c
 364 0099 19       		.uleb128 0x19
 365 009a 6E       		.uleb128 0x6e
 366 009b 0E       		.uleb128 0xe
 367 009c 03       		.uleb128 0x3
 368 009d 0E       		.uleb128 0xe
 369 009e 3A       		.uleb128 0x3a
 370 009f 0B       		.uleb128 0xb
 371 00a0 3B       		.uleb128 0x3b
 372 00a1 0B       		.uleb128 0xb
 373 00a2 00       		.byte	0
 374 00a3 00       		.byte	0
 375 00a4 00       		.byte	0
 376              		.section	.debug_aranges,"",%progbits
 377 0000 24000000 		.4byte	0x24
 378 0004 0200     		.2byte	0x2
 379 0006 00000000 		.4byte	.Ldebug_info0
 380 000a 04       		.byte	0x4
 381 000b 00       		.byte	0
 382 000c 0000     		.2byte	0
 383 000e 0000     		.2byte	0
 384 0010 00000000 		.4byte	.LFB33
 385 0014 08000000 		.4byte	.LFE33-.LFB33
 386 0018 00000000 		.4byte	.LFB32
 387 001c 14000000 		.4byte	.LFE32-.LFB32
 388 0020 00000000 		.4byte	0
 389 0024 00000000 		.4byte	0
 390              		.section	.debug_ranges,"",%progbits
 391              	.Ldebug_ranges0:
 392 0000 00000000 		.4byte	.LFB33
 393 0004 08000000 		.4byte	.LFE33
 394 0008 00000000 		.4byte	.LFB32
 395 000c 14000000 		.4byte	.LFE32
 396 0010 00000000 		.4byte	0
 397 0014 00000000 		.4byte	0
 398              		.section	.debug_line,"",%progbits
 399              	.Ldebug_line0:
 400 0000 8B000000 		.section	.debug_str,"MS",%progbits,1
 400      02005700 
 400      00000201 
 400      FB0E0D00 
 400      01010101 
 401              	.LASF6:
 402 0000 6C6F6E67 		.ascii	"long long int\000"
 402      206C6F6E 
 402      6720696E 
 402      7400
 403              	.LASF8:
 404 000e 756E7369 		.ascii	"unsigned int\000"
 404      676E6564 
ARM GAS  C:\Users\NGUYEN~1\AppData\Local\Temp\cc6uPBoW.s 			page 9


 404      20696E74 
 404      00
 405              	.LASF19:
 406 001b 443A5C70 		.ascii	"D:\\psoc\\theory\\pwm\\pwm.cydsn\000"
 406      736F635C 
 406      7468656F 
 406      72795C70 
 406      776D5C70 
 407              	.LASF18:
 408 0038 6D61696E 		.ascii	"main.c\000"
 408      2E6300
 409              	.LASF21:
 410 003f 6D61696E 		.ascii	"main\000"
 410      00
 411              	.LASF16:
 412 0044 43794465 		.ascii	"CyDelay\000"
 412      6C617900 
 413              	.LASF5:
 414 004c 6C6F6E67 		.ascii	"long unsigned int\000"
 414      20756E73 
 414      69676E65 
 414      6420696E 
 414      7400
 415              	.LASF7:
 416 005e 6C6F6E67 		.ascii	"long long unsigned int\000"
 416      206C6F6E 
 416      6720756E 
 416      7369676E 
 416      65642069 
 417              	.LASF9:
 418 0075 666C6F61 		.ascii	"float\000"
 418      7400
 419              	.LASF20:
 420 007b 636F6E66 		.ascii	"configSystem\000"
 420      69675379 
 420      7374656D 
 420      00
 421              	.LASF1:
 422 0088 756E7369 		.ascii	"unsigned char\000"
 422      676E6564 
 422      20636861 
 422      7200
 423              	.LASF11:
 424 0096 63686172 		.ascii	"char\000"
 424      00
 425              	.LASF4:
 426 009b 6C6F6E67 		.ascii	"long int\000"
 426      20696E74 
 426      00
 427              	.LASF14:
 428 00a4 70776D5F 		.ascii	"pwm_Start\000"
 428      53746172 
 428      7400
 429              	.LASF10:
 430 00ae 646F7562 		.ascii	"double\000"
 430      6C6500
 431              	.LASF17:
ARM GAS  C:\Users\NGUYEN~1\AppData\Local\Temp\cc6uPBoW.s 			page 10


 432 00b5 474E5520 		.ascii	"GNU C11 5.4.1 20160609 (release) [ARM/embedded-5-br"
 432      43313120 
 432      352E342E 
 432      31203230 
 432      31363036 
 433 00e8 616E6368 		.ascii	"anch revision 237715] -mcpu=cortex-m0 -mthumb -g -O"
 433      20726576 
 433      6973696F 
 433      6E203233 
 433      37373135 
 434 011b 67202D66 		.ascii	"g -ffunction-sections -ffat-lto-objects\000"
 434      66756E63 
 434      74696F6E 
 434      2D736563 
 434      74696F6E 
 435              	.LASF3:
 436 0143 73686F72 		.ascii	"short unsigned int\000"
 436      7420756E 
 436      7369676E 
 436      65642069 
 436      6E7400
 437              	.LASF0:
 438 0156 7369676E 		.ascii	"signed char\000"
 438      65642063 
 438      68617200 
 439              	.LASF12:
 440 0162 6C6F6E67 		.ascii	"long double\000"
 440      20646F75 
 440      626C6500 
 441              	.LASF2:
 442 016e 73686F72 		.ascii	"short int\000"
 442      7420696E 
 442      7400
 443              	.LASF15:
 444 0178 6C696768 		.ascii	"lightIncrement\000"
 444      74496E63 
 444      72656D65 
 444      6E7400
 445              	.LASF13:
 446 0187 73697A65 		.ascii	"sizetype\000"
 446      74797065 
 446      00
 447              		.ident	"GCC: (GNU Tools for ARM Embedded Processors) 5.4.1 20160609 (release) [ARM/embedded-5-bran
