ARM GAS  C:\Users\NGUYEN~1\AppData\Local\Temp\ccsf2lrH.s 			page 1


   1              		.syntax unified
   2              		.cpu cortex-m0
   3              		.fpu softvfp
   4              		.eabi_attribute 20, 1
   5              		.eabi_attribute 21, 1
   6              		.eabi_attribute 23, 3
   7              		.eabi_attribute 24, 1
   8              		.eabi_attribute 25, 1
   9              		.eabi_attribute 26, 1
  10              		.eabi_attribute 30, 1
  11              		.eabi_attribute 34, 0
  12              		.eabi_attribute 18, 4
  13              		.thumb
  14              		.syntax unified
  15              		.file	"servo.c"
  16              		.text
  17              	.Ltext0:
  18              		.cfi_sections	.debug_frame
  19              		.section	.text.from90DegreeTo180Degree,"ax",%progbits
  20              		.align	2
  21              		.global	from90DegreeTo180Degree
  22              		.code	16
  23              		.thumb_func
  24              		.type	from90DegreeTo180Degree, %function
  25              	from90DegreeTo180Degree:
  26              	.LFB32:
  27              		.file 1 "servo.c"
   1:servo.c       **** /* ========================================
   2:servo.c       ****  *
   3:servo.c       ****  * Copyright YOUR COMPANY, THE YEAR
   4:servo.c       ****  * All Rights Reserved
   5:servo.c       ****  * UNPUBLISHED, LICENSED SOFTWARE.
   6:servo.c       ****  *
   7:servo.c       ****  * CONFIDENTIAL AND PROPRIETARY INFORMATION
   8:servo.c       ****  * WHICH IS THE PROPERTY OF your company.
   9:servo.c       ****  *
  10:servo.c       ****  * ========================================
  11:servo.c       **** */
  12:servo.c       **** #include "servo.h"
  13:servo.c       **** 
  14:servo.c       **** void from90DegreeTo180Degree(int *value_compare)
  15:servo.c       **** {
  28              		.loc 1 15 0
  29              		.cfi_startproc
  30              		@ args = 0, pretend = 0, frame = 0
  31              		@ frame_needed = 0, uses_anonymous_args = 0
  32              	.LVL0:
  33 0000 10B5     		push	{r4, lr}
  34              		.cfi_def_cfa_offset 8
  35              		.cfi_offset 4, -8
  36              		.cfi_offset 14, -4
  16:servo.c       ****     (*value_compare == 1000) ? (*value_compare = 2000) : (*value_compare = 1000);
  37              		.loc 1 16 0
  38 0002 FA23     		movs	r3, #250
  39 0004 9B00     		lsls	r3, r3, #2
  40 0006 0268     		ldr	r2, [r0]
  41 0008 9A42     		cmp	r2, r3
ARM GAS  C:\Users\NGUYEN~1\AppData\Local\Temp\ccsf2lrH.s 			page 2


  42 000a 03D1     		bne	.L2
  43              		.loc 1 16 0 is_stmt 0 discriminator 1
  44 000c FA23     		movs	r3, #250
  45 000e DB00     		lsls	r3, r3, #3
  46 0010 0360     		str	r3, [r0]
  47 0012 02E0     		b	.L3
  48              	.L2:
  49              		.loc 1 16 0 discriminator 2
  50 0014 FA23     		movs	r3, #250
  51 0016 9B00     		lsls	r3, r3, #2
  52 0018 0360     		str	r3, [r0]
  53              	.L3:
  17:servo.c       ****     
  18:servo.c       ****     pwm_WriteCompare(*value_compare);
  54              		.loc 1 18 0 is_stmt 1
  55 001a 0068     		ldr	r0, [r0]
  56              	.LVL1:
  57 001c FFF7FEFF 		bl	pwm_WriteCompare
  58              	.LVL2:
  19:servo.c       **** }
  59              		.loc 1 19 0
  60              		@ sp needed
  61 0020 10BD     		pop	{r4, pc}
  62              		.cfi_endproc
  63              	.LFE32:
  64              		.size	from90DegreeTo180Degree, .-from90DegreeTo180Degree
  65 0022 C046     		.section	.text.from0DegreeTo180Degree,"ax",%progbits
  66              		.align	2
  67              		.global	from0DegreeTo180Degree
  68              		.code	16
  69              		.thumb_func
  70              		.type	from0DegreeTo180Degree, %function
  71              	from0DegreeTo180Degree:
  72              	.LFB33:
  20:servo.c       **** 
  21:servo.c       **** void from0DegreeTo180Degree(int *value_compare)
  22:servo.c       **** {
  73              		.loc 1 22 0
  74              		.cfi_startproc
  75              		@ args = 0, pretend = 0, frame = 0
  76              		@ frame_needed = 0, uses_anonymous_args = 0
  77              	.LVL3:
  78 0000 10B5     		push	{r4, lr}
  79              		.cfi_def_cfa_offset 8
  80              		.cfi_offset 4, -8
  81              		.cfi_offset 14, -4
  23:servo.c       ****     (*value_compare == 900) ? (*value_compare = 2000) : (*value_compare = 900);
  82              		.loc 1 23 0
  83 0002 E123     		movs	r3, #225
  84 0004 9B00     		lsls	r3, r3, #2
  85 0006 0268     		ldr	r2, [r0]
  86 0008 9A42     		cmp	r2, r3
  87 000a 03D1     		bne	.L5
  88              		.loc 1 23 0 is_stmt 0 discriminator 1
  89 000c FA23     		movs	r3, #250
  90 000e DB00     		lsls	r3, r3, #3
  91 0010 0360     		str	r3, [r0]
ARM GAS  C:\Users\NGUYEN~1\AppData\Local\Temp\ccsf2lrH.s 			page 3


  92 0012 02E0     		b	.L6
  93              	.L5:
  94              		.loc 1 23 0 discriminator 2
  95 0014 E123     		movs	r3, #225
  96 0016 9B00     		lsls	r3, r3, #2
  97 0018 0360     		str	r3, [r0]
  98              	.L6:
  24:servo.c       ****     
  25:servo.c       ****     pwm_WriteCompare(*value_compare);
  99              		.loc 1 25 0 is_stmt 1
 100 001a 0068     		ldr	r0, [r0]
 101              	.LVL4:
 102 001c FFF7FEFF 		bl	pwm_WriteCompare
 103              	.LVL5:
  26:servo.c       **** }
 104              		.loc 1 26 0
 105              		@ sp needed
 106 0020 10BD     		pop	{r4, pc}
 107              		.cfi_endproc
 108              	.LFE33:
 109              		.size	from0DegreeTo180Degree, .-from0DegreeTo180Degree
 110 0022 C046     		.section	.text.location0Degree,"ax",%progbits
 111              		.align	2
 112              		.global	location0Degree
 113              		.code	16
 114              		.thumb_func
 115              		.type	location0Degree, %function
 116              	location0Degree:
 117              	.LFB34:
  27:servo.c       **** 
  28:servo.c       **** // Location 180 degree of circle
  29:servo.c       **** void location0Degree()
  30:servo.c       **** {
 118              		.loc 1 30 0
 119              		.cfi_startproc
 120              		@ args = 0, pretend = 0, frame = 0
 121              		@ frame_needed = 0, uses_anonymous_args = 0
 122 0000 10B5     		push	{r4, lr}
 123              		.cfi_def_cfa_offset 8
 124              		.cfi_offset 4, -8
 125              		.cfi_offset 14, -4
 126              	.LVL6:
  31:servo.c       ****     int value_compare = 900;
  32:servo.c       ****     
  33:servo.c       ****     pwm_WriteCompare(value_compare);
 127              		.loc 1 33 0
 128 0002 E120     		movs	r0, #225
 129 0004 8000     		lsls	r0, r0, #2
 130 0006 FFF7FEFF 		bl	pwm_WriteCompare
 131              	.LVL7:
  34:servo.c       **** }
 132              		.loc 1 34 0
 133              		@ sp needed
 134 000a 10BD     		pop	{r4, pc}
 135              		.cfi_endproc
 136              	.LFE34:
 137              		.size	location0Degree, .-location0Degree
ARM GAS  C:\Users\NGUYEN~1\AppData\Local\Temp\ccsf2lrH.s 			page 4


 138              		.section	.text.location90Degree,"ax",%progbits
 139              		.align	2
 140              		.global	location90Degree
 141              		.code	16
 142              		.thumb_func
 143              		.type	location90Degree, %function
 144              	location90Degree:
 145              	.LFB35:
  35:servo.c       **** 
  36:servo.c       **** // Location 90 degree of circle
  37:servo.c       **** void location90Degree()
  38:servo.c       **** {
 146              		.loc 1 38 0
 147              		.cfi_startproc
 148              		@ args = 0, pretend = 0, frame = 0
 149              		@ frame_needed = 0, uses_anonymous_args = 0
 150 0000 10B5     		push	{r4, lr}
 151              		.cfi_def_cfa_offset 8
 152              		.cfi_offset 4, -8
 153              		.cfi_offset 14, -4
 154              	.LVL8:
  39:servo.c       ****     int value_compare = 1500;
  40:servo.c       ****     
  41:servo.c       ****     pwm_WriteCompare(value_compare);
 155              		.loc 1 41 0
 156 0002 0248     		ldr	r0, .L9
 157 0004 FFF7FEFF 		bl	pwm_WriteCompare
 158              	.LVL9:
  42:servo.c       **** }
 159              		.loc 1 42 0
 160              		@ sp needed
 161 0008 10BD     		pop	{r4, pc}
 162              	.L10:
 163 000a C046     		.align	2
 164              	.L9:
 165 000c DC050000 		.word	1500
 166              		.cfi_endproc
 167              	.LFE35:
 168              		.size	location90Degree, .-location90Degree
 169              		.section	.text.location180Degree,"ax",%progbits
 170              		.align	2
 171              		.global	location180Degree
 172              		.code	16
 173              		.thumb_func
 174              		.type	location180Degree, %function
 175              	location180Degree:
 176              	.LFB36:
  43:servo.c       **** 
  44:servo.c       **** // Location 0 degree of circle
  45:servo.c       **** void location180Degree()
  46:servo.c       **** {
 177              		.loc 1 46 0
 178              		.cfi_startproc
 179              		@ args = 0, pretend = 0, frame = 0
 180              		@ frame_needed = 0, uses_anonymous_args = 0
 181 0000 10B5     		push	{r4, lr}
 182              		.cfi_def_cfa_offset 8
ARM GAS  C:\Users\NGUYEN~1\AppData\Local\Temp\ccsf2lrH.s 			page 5


 183              		.cfi_offset 4, -8
 184              		.cfi_offset 14, -4
 185              	.LVL10:
  47:servo.c       ****     int value_compare = 2000;
  48:servo.c       ****     
  49:servo.c       ****     pwm_WriteCompare(value_compare);
 186              		.loc 1 49 0
 187 0002 FA20     		movs	r0, #250
 188 0004 C000     		lsls	r0, r0, #3
 189 0006 FFF7FEFF 		bl	pwm_WriteCompare
 190              	.LVL11:
  50:servo.c       **** }
 191              		.loc 1 50 0
 192              		@ sp needed
 193 000a 10BD     		pop	{r4, pc}
 194              		.cfi_endproc
 195              	.LFE36:
 196              		.size	location180Degree, .-location180Degree
 197              		.text
 198              	.Letext0:
 199              		.file 2 "Generated_Source\\PSoC4/pwm.h"
 200              		.section	.debug_info,"",%progbits
 201              	.Ldebug_info0:
 202 0000 95010000 		.4byte	0x195
 203 0004 0400     		.2byte	0x4
 204 0006 00000000 		.4byte	.Ldebug_abbrev0
 205 000a 04       		.byte	0x4
 206 000b 01       		.uleb128 0x1
 207 000c DB000000 		.4byte	.LASF20
 208 0010 0C       		.byte	0xc
 209 0011 78000000 		.4byte	.LASF21
 210 0015 1B000000 		.4byte	.LASF22
 211 0019 00000000 		.4byte	.Ldebug_ranges0+0
 212 001d 00000000 		.4byte	0
 213 0021 00000000 		.4byte	.Ldebug_line0
 214 0025 02       		.uleb128 0x2
 215 0026 01       		.byte	0x1
 216 0027 06       		.byte	0x6
 217 0028 7C010000 		.4byte	.LASF0
 218 002c 02       		.uleb128 0x2
 219 002d 01       		.byte	0x1
 220 002e 08       		.byte	0x8
 221 002f 80000000 		.4byte	.LASF1
 222 0033 02       		.uleb128 0x2
 223 0034 02       		.byte	0x2
 224 0035 05       		.byte	0x5
 225 0036 CC010000 		.4byte	.LASF2
 226 003a 02       		.uleb128 0x2
 227 003b 02       		.byte	0x2
 228 003c 07       		.byte	0x7
 229 003d 69010000 		.4byte	.LASF3
 230 0041 02       		.uleb128 0x2
 231 0042 04       		.byte	0x4
 232 0043 05       		.byte	0x5
 233 0044 AA000000 		.4byte	.LASF4
 234 0048 02       		.uleb128 0x2
 235 0049 04       		.byte	0x4
ARM GAS  C:\Users\NGUYEN~1\AppData\Local\Temp\ccsf2lrH.s 			page 6


 236 004a 07       		.byte	0x7
 237 004b 49000000 		.4byte	.LASF5
 238 004f 02       		.uleb128 0x2
 239 0050 08       		.byte	0x8
 240 0051 05       		.byte	0x5
 241 0052 00000000 		.4byte	.LASF6
 242 0056 02       		.uleb128 0x2
 243 0057 08       		.byte	0x8
 244 0058 07       		.byte	0x7
 245 0059 5B000000 		.4byte	.LASF7
 246 005d 03       		.uleb128 0x3
 247 005e 04       		.byte	0x4
 248 005f 05       		.byte	0x5
 249 0060 696E7400 		.ascii	"int\000"
 250 0064 02       		.uleb128 0x2
 251 0065 04       		.byte	0x4
 252 0066 07       		.byte	0x7
 253 0067 0E000000 		.4byte	.LASF8
 254 006b 02       		.uleb128 0x2
 255 006c 04       		.byte	0x4
 256 006d 04       		.byte	0x4
 257 006e 72000000 		.4byte	.LASF9
 258 0072 02       		.uleb128 0x2
 259 0073 08       		.byte	0x8
 260 0074 04       		.byte	0x4
 261 0075 C4000000 		.4byte	.LASF10
 262 0079 02       		.uleb128 0x2
 263 007a 01       		.byte	0x1
 264 007b 08       		.byte	0x8
 265 007c A5000000 		.4byte	.LASF11
 266 0080 02       		.uleb128 0x2
 267 0081 08       		.byte	0x8
 268 0082 04       		.byte	0x4
 269 0083 B2010000 		.4byte	.LASF12
 270 0087 02       		.uleb128 0x2
 271 0088 04       		.byte	0x4
 272 0089 07       		.byte	0x7
 273 008a D6010000 		.4byte	.LASF13
 274 008e 04       		.uleb128 0x4
 275 008f 9A010000 		.4byte	.LASF14
 276 0093 01       		.byte	0x1
 277 0094 0E       		.byte	0xe
 278 0095 00000000 		.4byte	.LFB32
 279 0099 22000000 		.4byte	.LFE32-.LFB32
 280 009d 01       		.uleb128 0x1
 281 009e 9C       		.byte	0x9c
 282 009f BC000000 		.4byte	0xbc
 283 00a3 05       		.uleb128 0x5
 284 00a4 BE010000 		.4byte	.LASF16
 285 00a8 01       		.byte	0x1
 286 00a9 0E       		.byte	0xe
 287 00aa BC000000 		.4byte	0xbc
 288 00ae 00000000 		.4byte	.LLST0
 289 00b2 06       		.uleb128 0x6
 290 00b3 20000000 		.4byte	.LVL2
 291 00b7 8C010000 		.4byte	0x18c
 292 00bb 00       		.byte	0
ARM GAS  C:\Users\NGUYEN~1\AppData\Local\Temp\ccsf2lrH.s 			page 7


 293 00bc 07       		.uleb128 0x7
 294 00bd 04       		.byte	0x4
 295 00be 5D000000 		.4byte	0x5d
 296 00c2 04       		.uleb128 0x4
 297 00c3 8E000000 		.4byte	.LASF15
 298 00c7 01       		.byte	0x1
 299 00c8 15       		.byte	0x15
 300 00c9 00000000 		.4byte	.LFB33
 301 00cd 22000000 		.4byte	.LFE33-.LFB33
 302 00d1 01       		.uleb128 0x1
 303 00d2 9C       		.byte	0x9c
 304 00d3 F0000000 		.4byte	0xf0
 305 00d7 05       		.uleb128 0x5
 306 00d8 BE010000 		.4byte	.LASF16
 307 00dc 01       		.byte	0x1
 308 00dd 15       		.byte	0x15
 309 00de BC000000 		.4byte	0xbc
 310 00e2 21000000 		.4byte	.LLST1
 311 00e6 06       		.uleb128 0x6
 312 00e7 20000000 		.4byte	.LVL5
 313 00eb 8C010000 		.4byte	0x18c
 314 00ef 00       		.byte	0
 315 00f0 08       		.uleb128 0x8
 316 00f1 CB000000 		.4byte	.LASF17
 317 00f5 01       		.byte	0x1
 318 00f6 1D       		.byte	0x1d
 319 00f7 00000000 		.4byte	.LFB34
 320 00fb 0C000000 		.4byte	.LFE34-.LFB34
 321 00ff 01       		.uleb128 0x1
 322 0100 9C       		.byte	0x9c
 323 0101 24010000 		.4byte	0x124
 324 0105 09       		.uleb128 0x9
 325 0106 BE010000 		.4byte	.LASF16
 326 010a 01       		.byte	0x1
 327 010b 1F       		.byte	0x1f
 328 010c 5D000000 		.4byte	0x5d
 329 0110 8403     		.2byte	0x384
 330 0112 0A       		.uleb128 0xa
 331 0113 0A000000 		.4byte	.LVL7
 332 0117 8C010000 		.4byte	0x18c
 333 011b 0B       		.uleb128 0xb
 334 011c 01       		.uleb128 0x1
 335 011d 50       		.byte	0x50
 336 011e 03       		.uleb128 0x3
 337 011f 0A       		.byte	0xa
 338 0120 8403     		.2byte	0x384
 339 0122 00       		.byte	0
 340 0123 00       		.byte	0
 341 0124 08       		.uleb128 0x8
 342 0125 B3000000 		.4byte	.LASF18
 343 0129 01       		.byte	0x1
 344 012a 25       		.byte	0x25
 345 012b 00000000 		.4byte	.LFB35
 346 012f 10000000 		.4byte	.LFE35-.LFB35
 347 0133 01       		.uleb128 0x1
 348 0134 9C       		.byte	0x9c
 349 0135 58010000 		.4byte	0x158
ARM GAS  C:\Users\NGUYEN~1\AppData\Local\Temp\ccsf2lrH.s 			page 8


 350 0139 09       		.uleb128 0x9
 351 013a BE010000 		.4byte	.LASF16
 352 013e 01       		.byte	0x1
 353 013f 27       		.byte	0x27
 354 0140 5D000000 		.4byte	0x5d
 355 0144 DC05     		.2byte	0x5dc
 356 0146 0A       		.uleb128 0xa
 357 0147 08000000 		.4byte	.LVL9
 358 014b 8C010000 		.4byte	0x18c
 359 014f 0B       		.uleb128 0xb
 360 0150 01       		.uleb128 0x1
 361 0151 50       		.byte	0x50
 362 0152 03       		.uleb128 0x3
 363 0153 0A       		.byte	0xa
 364 0154 DC05     		.2byte	0x5dc
 365 0156 00       		.byte	0
 366 0157 00       		.byte	0
 367 0158 08       		.uleb128 0x8
 368 0159 88010000 		.4byte	.LASF19
 369 015d 01       		.byte	0x1
 370 015e 2D       		.byte	0x2d
 371 015f 00000000 		.4byte	.LFB36
 372 0163 0C000000 		.4byte	.LFE36-.LFB36
 373 0167 01       		.uleb128 0x1
 374 0168 9C       		.byte	0x9c
 375 0169 8C010000 		.4byte	0x18c
 376 016d 09       		.uleb128 0x9
 377 016e BE010000 		.4byte	.LASF16
 378 0172 01       		.byte	0x1
 379 0173 2F       		.byte	0x2f
 380 0174 5D000000 		.4byte	0x5d
 381 0178 D007     		.2byte	0x7d0
 382 017a 0A       		.uleb128 0xa
 383 017b 0A000000 		.4byte	.LVL11
 384 017f 8C010000 		.4byte	0x18c
 385 0183 0B       		.uleb128 0xb
 386 0184 01       		.uleb128 0x1
 387 0185 50       		.byte	0x50
 388 0186 03       		.uleb128 0x3
 389 0187 0A       		.byte	0xa
 390 0188 D007     		.2byte	0x7d0
 391 018a 00       		.byte	0
 392 018b 00       		.byte	0
 393 018c 0C       		.uleb128 0xc
 394 018d 38000000 		.4byte	.LASF23
 395 0191 38000000 		.4byte	.LASF23
 396 0195 02       		.byte	0x2
 397 0196 5501     		.2byte	0x155
 398 0198 00       		.byte	0
 399              		.section	.debug_abbrev,"",%progbits
 400              	.Ldebug_abbrev0:
 401 0000 01       		.uleb128 0x1
 402 0001 11       		.uleb128 0x11
 403 0002 01       		.byte	0x1
 404 0003 25       		.uleb128 0x25
 405 0004 0E       		.uleb128 0xe
 406 0005 13       		.uleb128 0x13
ARM GAS  C:\Users\NGUYEN~1\AppData\Local\Temp\ccsf2lrH.s 			page 9


 407 0006 0B       		.uleb128 0xb
 408 0007 03       		.uleb128 0x3
 409 0008 0E       		.uleb128 0xe
 410 0009 1B       		.uleb128 0x1b
 411 000a 0E       		.uleb128 0xe
 412 000b 55       		.uleb128 0x55
 413 000c 17       		.uleb128 0x17
 414 000d 11       		.uleb128 0x11
 415 000e 01       		.uleb128 0x1
 416 000f 10       		.uleb128 0x10
 417 0010 17       		.uleb128 0x17
 418 0011 00       		.byte	0
 419 0012 00       		.byte	0
 420 0013 02       		.uleb128 0x2
 421 0014 24       		.uleb128 0x24
 422 0015 00       		.byte	0
 423 0016 0B       		.uleb128 0xb
 424 0017 0B       		.uleb128 0xb
 425 0018 3E       		.uleb128 0x3e
 426 0019 0B       		.uleb128 0xb
 427 001a 03       		.uleb128 0x3
 428 001b 0E       		.uleb128 0xe
 429 001c 00       		.byte	0
 430 001d 00       		.byte	0
 431 001e 03       		.uleb128 0x3
 432 001f 24       		.uleb128 0x24
 433 0020 00       		.byte	0
 434 0021 0B       		.uleb128 0xb
 435 0022 0B       		.uleb128 0xb
 436 0023 3E       		.uleb128 0x3e
 437 0024 0B       		.uleb128 0xb
 438 0025 03       		.uleb128 0x3
 439 0026 08       		.uleb128 0x8
 440 0027 00       		.byte	0
 441 0028 00       		.byte	0
 442 0029 04       		.uleb128 0x4
 443 002a 2E       		.uleb128 0x2e
 444 002b 01       		.byte	0x1
 445 002c 3F       		.uleb128 0x3f
 446 002d 19       		.uleb128 0x19
 447 002e 03       		.uleb128 0x3
 448 002f 0E       		.uleb128 0xe
 449 0030 3A       		.uleb128 0x3a
 450 0031 0B       		.uleb128 0xb
 451 0032 3B       		.uleb128 0x3b
 452 0033 0B       		.uleb128 0xb
 453 0034 27       		.uleb128 0x27
 454 0035 19       		.uleb128 0x19
 455 0036 11       		.uleb128 0x11
 456 0037 01       		.uleb128 0x1
 457 0038 12       		.uleb128 0x12
 458 0039 06       		.uleb128 0x6
 459 003a 40       		.uleb128 0x40
 460 003b 18       		.uleb128 0x18
 461 003c 9742     		.uleb128 0x2117
 462 003e 19       		.uleb128 0x19
 463 003f 01       		.uleb128 0x1
ARM GAS  C:\Users\NGUYEN~1\AppData\Local\Temp\ccsf2lrH.s 			page 10


 464 0040 13       		.uleb128 0x13
 465 0041 00       		.byte	0
 466 0042 00       		.byte	0
 467 0043 05       		.uleb128 0x5
 468 0044 05       		.uleb128 0x5
 469 0045 00       		.byte	0
 470 0046 03       		.uleb128 0x3
 471 0047 0E       		.uleb128 0xe
 472 0048 3A       		.uleb128 0x3a
 473 0049 0B       		.uleb128 0xb
 474 004a 3B       		.uleb128 0x3b
 475 004b 0B       		.uleb128 0xb
 476 004c 49       		.uleb128 0x49
 477 004d 13       		.uleb128 0x13
 478 004e 02       		.uleb128 0x2
 479 004f 17       		.uleb128 0x17
 480 0050 00       		.byte	0
 481 0051 00       		.byte	0
 482 0052 06       		.uleb128 0x6
 483 0053 898201   		.uleb128 0x4109
 484 0056 00       		.byte	0
 485 0057 11       		.uleb128 0x11
 486 0058 01       		.uleb128 0x1
 487 0059 31       		.uleb128 0x31
 488 005a 13       		.uleb128 0x13
 489 005b 00       		.byte	0
 490 005c 00       		.byte	0
 491 005d 07       		.uleb128 0x7
 492 005e 0F       		.uleb128 0xf
 493 005f 00       		.byte	0
 494 0060 0B       		.uleb128 0xb
 495 0061 0B       		.uleb128 0xb
 496 0062 49       		.uleb128 0x49
 497 0063 13       		.uleb128 0x13
 498 0064 00       		.byte	0
 499 0065 00       		.byte	0
 500 0066 08       		.uleb128 0x8
 501 0067 2E       		.uleb128 0x2e
 502 0068 01       		.byte	0x1
 503 0069 3F       		.uleb128 0x3f
 504 006a 19       		.uleb128 0x19
 505 006b 03       		.uleb128 0x3
 506 006c 0E       		.uleb128 0xe
 507 006d 3A       		.uleb128 0x3a
 508 006e 0B       		.uleb128 0xb
 509 006f 3B       		.uleb128 0x3b
 510 0070 0B       		.uleb128 0xb
 511 0071 11       		.uleb128 0x11
 512 0072 01       		.uleb128 0x1
 513 0073 12       		.uleb128 0x12
 514 0074 06       		.uleb128 0x6
 515 0075 40       		.uleb128 0x40
 516 0076 18       		.uleb128 0x18
 517 0077 9742     		.uleb128 0x2117
 518 0079 19       		.uleb128 0x19
 519 007a 01       		.uleb128 0x1
 520 007b 13       		.uleb128 0x13
ARM GAS  C:\Users\NGUYEN~1\AppData\Local\Temp\ccsf2lrH.s 			page 11


 521 007c 00       		.byte	0
 522 007d 00       		.byte	0
 523 007e 09       		.uleb128 0x9
 524 007f 34       		.uleb128 0x34
 525 0080 00       		.byte	0
 526 0081 03       		.uleb128 0x3
 527 0082 0E       		.uleb128 0xe
 528 0083 3A       		.uleb128 0x3a
 529 0084 0B       		.uleb128 0xb
 530 0085 3B       		.uleb128 0x3b
 531 0086 0B       		.uleb128 0xb
 532 0087 49       		.uleb128 0x49
 533 0088 13       		.uleb128 0x13
 534 0089 1C       		.uleb128 0x1c
 535 008a 05       		.uleb128 0x5
 536 008b 00       		.byte	0
 537 008c 00       		.byte	0
 538 008d 0A       		.uleb128 0xa
 539 008e 898201   		.uleb128 0x4109
 540 0091 01       		.byte	0x1
 541 0092 11       		.uleb128 0x11
 542 0093 01       		.uleb128 0x1
 543 0094 31       		.uleb128 0x31
 544 0095 13       		.uleb128 0x13
 545 0096 00       		.byte	0
 546 0097 00       		.byte	0
 547 0098 0B       		.uleb128 0xb
 548 0099 8A8201   		.uleb128 0x410a
 549 009c 00       		.byte	0
 550 009d 02       		.uleb128 0x2
 551 009e 18       		.uleb128 0x18
 552 009f 9142     		.uleb128 0x2111
 553 00a1 18       		.uleb128 0x18
 554 00a2 00       		.byte	0
 555 00a3 00       		.byte	0
 556 00a4 0C       		.uleb128 0xc
 557 00a5 2E       		.uleb128 0x2e
 558 00a6 00       		.byte	0
 559 00a7 3F       		.uleb128 0x3f
 560 00a8 19       		.uleb128 0x19
 561 00a9 3C       		.uleb128 0x3c
 562 00aa 19       		.uleb128 0x19
 563 00ab 6E       		.uleb128 0x6e
 564 00ac 0E       		.uleb128 0xe
 565 00ad 03       		.uleb128 0x3
 566 00ae 0E       		.uleb128 0xe
 567 00af 3A       		.uleb128 0x3a
 568 00b0 0B       		.uleb128 0xb
 569 00b1 3B       		.uleb128 0x3b
 570 00b2 05       		.uleb128 0x5
 571 00b3 00       		.byte	0
 572 00b4 00       		.byte	0
 573 00b5 00       		.byte	0
 574              		.section	.debug_loc,"",%progbits
 575              	.Ldebug_loc0:
 576              	.LLST0:
 577 0000 00000000 		.4byte	.LVL0
ARM GAS  C:\Users\NGUYEN~1\AppData\Local\Temp\ccsf2lrH.s 			page 12


 578 0004 1C000000 		.4byte	.LVL1
 579 0008 0100     		.2byte	0x1
 580 000a 50       		.byte	0x50
 581 000b 1C000000 		.4byte	.LVL1
 582 000f 22000000 		.4byte	.LFE32
 583 0013 0400     		.2byte	0x4
 584 0015 F3       		.byte	0xf3
 585 0016 01       		.uleb128 0x1
 586 0017 50       		.byte	0x50
 587 0018 9F       		.byte	0x9f
 588 0019 00000000 		.4byte	0
 589 001d 00000000 		.4byte	0
 590              	.LLST1:
 591 0021 00000000 		.4byte	.LVL3
 592 0025 1C000000 		.4byte	.LVL4
 593 0029 0100     		.2byte	0x1
 594 002b 50       		.byte	0x50
 595 002c 1C000000 		.4byte	.LVL4
 596 0030 22000000 		.4byte	.LFE33
 597 0034 0400     		.2byte	0x4
 598 0036 F3       		.byte	0xf3
 599 0037 01       		.uleb128 0x1
 600 0038 50       		.byte	0x50
 601 0039 9F       		.byte	0x9f
 602 003a 00000000 		.4byte	0
 603 003e 00000000 		.4byte	0
 604              		.section	.debug_aranges,"",%progbits
 605 0000 3C000000 		.4byte	0x3c
 606 0004 0200     		.2byte	0x2
 607 0006 00000000 		.4byte	.Ldebug_info0
 608 000a 04       		.byte	0x4
 609 000b 00       		.byte	0
 610 000c 0000     		.2byte	0
 611 000e 0000     		.2byte	0
 612 0010 00000000 		.4byte	.LFB32
 613 0014 22000000 		.4byte	.LFE32-.LFB32
 614 0018 00000000 		.4byte	.LFB33
 615 001c 22000000 		.4byte	.LFE33-.LFB33
 616 0020 00000000 		.4byte	.LFB34
 617 0024 0C000000 		.4byte	.LFE34-.LFB34
 618 0028 00000000 		.4byte	.LFB35
 619 002c 10000000 		.4byte	.LFE35-.LFB35
 620 0030 00000000 		.4byte	.LFB36
 621 0034 0C000000 		.4byte	.LFE36-.LFB36
 622 0038 00000000 		.4byte	0
 623 003c 00000000 		.4byte	0
 624              		.section	.debug_ranges,"",%progbits
 625              	.Ldebug_ranges0:
 626 0000 00000000 		.4byte	.LFB32
 627 0004 22000000 		.4byte	.LFE32
 628 0008 00000000 		.4byte	.LFB33
 629 000c 22000000 		.4byte	.LFE33
 630 0010 00000000 		.4byte	.LFB34
 631 0014 0C000000 		.4byte	.LFE34
 632 0018 00000000 		.4byte	.LFB35
 633 001c 10000000 		.4byte	.LFE35
 634 0020 00000000 		.4byte	.LFB36
ARM GAS  C:\Users\NGUYEN~1\AppData\Local\Temp\ccsf2lrH.s 			page 13


 635 0024 0C000000 		.4byte	.LFE36
 636 0028 00000000 		.4byte	0
 637 002c 00000000 		.4byte	0
 638              		.section	.debug_line,"",%progbits
 639              	.Ldebug_line0:
 640 0000 B3000000 		.section	.debug_str,"MS",%progbits,1
 640      02003E00 
 640      00000201 
 640      FB0E0D00 
 640      01010101 
 641              	.LASF6:
 642 0000 6C6F6E67 		.ascii	"long long int\000"
 642      206C6F6E 
 642      6720696E 
 642      7400
 643              	.LASF8:
 644 000e 756E7369 		.ascii	"unsigned int\000"
 644      676E6564 
 644      20696E74 
 644      00
 645              	.LASF22:
 646 001b 443A5C70 		.ascii	"D:\\psoc\\theory\\pwm\\pwm.cydsn\000"
 646      736F635C 
 646      7468656F 
 646      72795C70 
 646      776D5C70 
 647              	.LASF23:
 648 0038 70776D5F 		.ascii	"pwm_WriteCompare\000"
 648      57726974 
 648      65436F6D 
 648      70617265 
 648      00
 649              	.LASF5:
 650 0049 6C6F6E67 		.ascii	"long unsigned int\000"
 650      20756E73 
 650      69676E65 
 650      6420696E 
 650      7400
 651              	.LASF7:
 652 005b 6C6F6E67 		.ascii	"long long unsigned int\000"
 652      206C6F6E 
 652      6720756E 
 652      7369676E 
 652      65642069 
 653              	.LASF9:
 654 0072 666C6F61 		.ascii	"float\000"
 654      7400
 655              	.LASF21:
 656 0078 73657276 		.ascii	"servo.c\000"
 656      6F2E6300 
 657              	.LASF1:
 658 0080 756E7369 		.ascii	"unsigned char\000"
 658      676E6564 
 658      20636861 
 658      7200
 659              	.LASF15:
 660 008e 66726F6D 		.ascii	"from0DegreeTo180Degree\000"
ARM GAS  C:\Users\NGUYEN~1\AppData\Local\Temp\ccsf2lrH.s 			page 14


 660      30446567 
 660      72656554 
 660      6F313830 
 660      44656772 
 661              	.LASF11:
 662 00a5 63686172 		.ascii	"char\000"
 662      00
 663              	.LASF4:
 664 00aa 6C6F6E67 		.ascii	"long int\000"
 664      20696E74 
 664      00
 665              	.LASF18:
 666 00b3 6C6F6361 		.ascii	"location90Degree\000"
 666      74696F6E 
 666      39304465 
 666      67726565 
 666      00
 667              	.LASF10:
 668 00c4 646F7562 		.ascii	"double\000"
 668      6C6500
 669              	.LASF17:
 670 00cb 6C6F6361 		.ascii	"location0Degree\000"
 670      74696F6E 
 670      30446567 
 670      72656500 
 671              	.LASF20:
 672 00db 474E5520 		.ascii	"GNU C11 5.4.1 20160609 (release) [ARM/embedded-5-br"
 672      43313120 
 672      352E342E 
 672      31203230 
 672      31363036 
 673 010e 616E6368 		.ascii	"anch revision 237715] -mcpu=cortex-m0 -mthumb -g -O"
 673      20726576 
 673      6973696F 
 673      6E203233 
 673      37373135 
 674 0141 67202D66 		.ascii	"g -ffunction-sections -ffat-lto-objects\000"
 674      66756E63 
 674      74696F6E 
 674      2D736563 
 674      74696F6E 
 675              	.LASF3:
 676 0169 73686F72 		.ascii	"short unsigned int\000"
 676      7420756E 
 676      7369676E 
 676      65642069 
 676      6E7400
 677              	.LASF0:
 678 017c 7369676E 		.ascii	"signed char\000"
 678      65642063 
 678      68617200 
 679              	.LASF19:
 680 0188 6C6F6361 		.ascii	"location180Degree\000"
 680      74696F6E 
 680      31383044 
 680      65677265 
 680      6500
ARM GAS  C:\Users\NGUYEN~1\AppData\Local\Temp\ccsf2lrH.s 			page 15


 681              	.LASF14:
 682 019a 66726F6D 		.ascii	"from90DegreeTo180Degree\000"
 682      39304465 
 682      67726565 
 682      546F3138 
 682      30446567 
 683              	.LASF12:
 684 01b2 6C6F6E67 		.ascii	"long double\000"
 684      20646F75 
 684      626C6500 
 685              	.LASF16:
 686 01be 76616C75 		.ascii	"value_compare\000"
 686      655F636F 
 686      6D706172 
 686      6500
 687              	.LASF2:
 688 01cc 73686F72 		.ascii	"short int\000"
 688      7420696E 
 688      7400
 689              	.LASF13:
 690 01d6 73697A65 		.ascii	"sizetype\000"
 690      74797065 
 690      00
 691              		.ident	"GCC: (GNU Tools for ARM Embedded Processors) 5.4.1 20160609 (release) [ARM/embedded-5-bran
