ARM GAS  C:\Users\NGUYEN~1\AppData\Local\Temp\ccUquAbO.s 			page 1


   1              		.syntax unified
   2              		.cpu cortex-m0
   3              		.fpu softvfp
   4              		.eabi_attribute 20, 1
   5              		.eabi_attribute 21, 1
   6              		.eabi_attribute 23, 3
   7              		.eabi_attribute 24, 1
   8              		.eabi_attribute 25, 1
   9              		.eabi_attribute 26, 1
  10              		.eabi_attribute 30, 1
  11              		.eabi_attribute 34, 0
  12              		.eabi_attribute 18, 4
  13              		.thumb
  14              		.syntax unified
  15              		.file	"cyfitter_cfg.c"
  16              		.text
  17              	.Ltext0:
  18              		.cfi_sections	.debug_frame
  19              		.section	.text.CYMEMZERO,"ax",%progbits
  20              		.align	2
  21              		.code	16
  22              		.thumb_func
  23              		.type	CYMEMZERO, %function
  24              	CYMEMZERO:
  25              	.LFB0:
  26              		.file 1 "Generated_Source\\PSoC4\\cyfitter_cfg.c"
   1:Generated_Source\PSoC4/cyfitter_cfg.c **** 
   2:Generated_Source\PSoC4/cyfitter_cfg.c **** /*******************************************************************************
   3:Generated_Source\PSoC4/cyfitter_cfg.c **** * File Name: cyfitter_cfg.c
   4:Generated_Source\PSoC4/cyfitter_cfg.c **** * 
   5:Generated_Source\PSoC4/cyfitter_cfg.c **** * PSoC Creator  4.4
   6:Generated_Source\PSoC4/cyfitter_cfg.c **** *
   7:Generated_Source\PSoC4/cyfitter_cfg.c **** * Description:
   8:Generated_Source\PSoC4/cyfitter_cfg.c **** * This file contains device initialization code.
   9:Generated_Source\PSoC4/cyfitter_cfg.c **** * Except for the user defined sections in CyClockStartupError(), this file should not be modified.
  10:Generated_Source\PSoC4/cyfitter_cfg.c **** * This file is automatically generated by PSoC Creator.
  11:Generated_Source\PSoC4/cyfitter_cfg.c **** *
  12:Generated_Source\PSoC4/cyfitter_cfg.c **** ********************************************************************************
  13:Generated_Source\PSoC4/cyfitter_cfg.c **** * Copyright (c) 2007-2020 Cypress Semiconductor.  All rights reserved.
  14:Generated_Source\PSoC4/cyfitter_cfg.c **** * You may use this file only in accordance with the license, terms, conditions, 
  15:Generated_Source\PSoC4/cyfitter_cfg.c **** * disclaimers, and limitations in the end user license agreement accompanying 
  16:Generated_Source\PSoC4/cyfitter_cfg.c **** * the software package with which this file was provided.
  17:Generated_Source\PSoC4/cyfitter_cfg.c **** ********************************************************************************/
  18:Generated_Source\PSoC4/cyfitter_cfg.c **** 
  19:Generated_Source\PSoC4/cyfitter_cfg.c **** #include <string.h>
  20:Generated_Source\PSoC4/cyfitter_cfg.c **** #include "cytypes.h"
  21:Generated_Source\PSoC4/cyfitter_cfg.c **** #include "cydevice_trm.h"
  22:Generated_Source\PSoC4/cyfitter_cfg.c **** #include "cyfitter.h"
  23:Generated_Source\PSoC4/cyfitter_cfg.c **** #include "CyLib.h"
  24:Generated_Source\PSoC4/cyfitter_cfg.c **** #include "CyLFClk.h"
  25:Generated_Source\PSoC4/cyfitter_cfg.c **** #include "cyfitter_cfg.h"
  26:Generated_Source\PSoC4/cyfitter_cfg.c **** #include "cyapicallbacks.h"
  27:Generated_Source\PSoC4/cyfitter_cfg.c **** 
  28:Generated_Source\PSoC4/cyfitter_cfg.c **** 
  29:Generated_Source\PSoC4/cyfitter_cfg.c **** #if defined(__GNUC__) || defined(__ARMCC_VERSION)
  30:Generated_Source\PSoC4/cyfitter_cfg.c ****     #define CYPACKED 
  31:Generated_Source\PSoC4/cyfitter_cfg.c ****     #define CYPACKED_ATTR __attribute__ ((packed))
ARM GAS  C:\Users\NGUYEN~1\AppData\Local\Temp\ccUquAbO.s 			page 2


  32:Generated_Source\PSoC4/cyfitter_cfg.c ****     #define CYALIGNED __attribute__ ((aligned))
  33:Generated_Source\PSoC4/cyfitter_cfg.c ****     #define CY_CFG_UNUSED __attribute__ ((unused))
  34:Generated_Source\PSoC4/cyfitter_cfg.c ****     #ifndef CY_CFG_SECTION
  35:Generated_Source\PSoC4/cyfitter_cfg.c ****         #define CY_CFG_SECTION __attribute__ ((section(".psocinit")))
  36:Generated_Source\PSoC4/cyfitter_cfg.c ****     #endif
  37:Generated_Source\PSoC4/cyfitter_cfg.c ****     
  38:Generated_Source\PSoC4/cyfitter_cfg.c ****     #if defined(__ARMCC_VERSION)
  39:Generated_Source\PSoC4/cyfitter_cfg.c ****         #define CY_CFG_MEMORY_BARRIER() __memory_changed()
  40:Generated_Source\PSoC4/cyfitter_cfg.c ****     #else
  41:Generated_Source\PSoC4/cyfitter_cfg.c ****         #define CY_CFG_MEMORY_BARRIER() __sync_synchronize()
  42:Generated_Source\PSoC4/cyfitter_cfg.c ****     #endif
  43:Generated_Source\PSoC4/cyfitter_cfg.c ****     
  44:Generated_Source\PSoC4/cyfitter_cfg.c **** #elif defined(__ICCARM__)
  45:Generated_Source\PSoC4/cyfitter_cfg.c ****     #include <intrinsics.h>
  46:Generated_Source\PSoC4/cyfitter_cfg.c **** 
  47:Generated_Source\PSoC4/cyfitter_cfg.c ****     #define CYPACKED __packed
  48:Generated_Source\PSoC4/cyfitter_cfg.c ****     #define CYPACKED_ATTR 
  49:Generated_Source\PSoC4/cyfitter_cfg.c ****     #define CYALIGNED _Pragma("data_alignment=4")
  50:Generated_Source\PSoC4/cyfitter_cfg.c ****     #define CY_CFG_UNUSED _Pragma("diag_suppress=Pe177")
  51:Generated_Source\PSoC4/cyfitter_cfg.c ****     #define CY_CFG_SECTION _Pragma("location=\".psocinit\"")
  52:Generated_Source\PSoC4/cyfitter_cfg.c ****     
  53:Generated_Source\PSoC4/cyfitter_cfg.c ****     #define CY_CFG_MEMORY_BARRIER() __DMB()
  54:Generated_Source\PSoC4/cyfitter_cfg.c ****     
  55:Generated_Source\PSoC4/cyfitter_cfg.c **** #else
  56:Generated_Source\PSoC4/cyfitter_cfg.c ****     #error Unsupported toolchain
  57:Generated_Source\PSoC4/cyfitter_cfg.c **** #endif
  58:Generated_Source\PSoC4/cyfitter_cfg.c **** 
  59:Generated_Source\PSoC4/cyfitter_cfg.c **** #ifndef CYCODE
  60:Generated_Source\PSoC4/cyfitter_cfg.c ****     #define CYCODE
  61:Generated_Source\PSoC4/cyfitter_cfg.c **** #endif
  62:Generated_Source\PSoC4/cyfitter_cfg.c **** #ifndef CYDATA
  63:Generated_Source\PSoC4/cyfitter_cfg.c ****     #define CYDATA
  64:Generated_Source\PSoC4/cyfitter_cfg.c **** #endif
  65:Generated_Source\PSoC4/cyfitter_cfg.c **** #ifndef CYFAR
  66:Generated_Source\PSoC4/cyfitter_cfg.c ****     #define CYFAR
  67:Generated_Source\PSoC4/cyfitter_cfg.c **** #endif
  68:Generated_Source\PSoC4/cyfitter_cfg.c **** #ifndef CYXDATA
  69:Generated_Source\PSoC4/cyfitter_cfg.c ****     #define CYXDATA
  70:Generated_Source\PSoC4/cyfitter_cfg.c **** #endif
  71:Generated_Source\PSoC4/cyfitter_cfg.c **** 
  72:Generated_Source\PSoC4/cyfitter_cfg.c **** 
  73:Generated_Source\PSoC4/cyfitter_cfg.c **** CY_CFG_UNUSED
  74:Generated_Source\PSoC4/cyfitter_cfg.c **** static void CYMEMZERO(void *s, size_t n);
  75:Generated_Source\PSoC4/cyfitter_cfg.c **** CY_CFG_UNUSED
  76:Generated_Source\PSoC4/cyfitter_cfg.c **** static void CYMEMZERO(void *s, size_t n)
  77:Generated_Source\PSoC4/cyfitter_cfg.c **** {
  27              		.loc 1 77 0
  28              		.cfi_startproc
  29              		@ args = 0, pretend = 0, frame = 0
  30              		@ frame_needed = 0, uses_anonymous_args = 0
  31              	.LVL0:
  32 0000 10B5     		push	{r4, lr}
  33              		.cfi_def_cfa_offset 8
  34              		.cfi_offset 4, -8
  35              		.cfi_offset 14, -4
  36 0002 0A00     		movs	r2, r1
  78:Generated_Source\PSoC4/cyfitter_cfg.c **** 	(void)memset(s, 0, n);
ARM GAS  C:\Users\NGUYEN~1\AppData\Local\Temp\ccUquAbO.s 			page 3


  37              		.loc 1 78 0
  38 0004 0021     		movs	r1, #0
  39              	.LVL1:
  40 0006 FFF7FEFF 		bl	memset
  41              	.LVL2:
  79:Generated_Source\PSoC4/cyfitter_cfg.c **** }
  42              		.loc 1 79 0
  43              		@ sp needed
  44 000a 10BD     		pop	{r4, pc}
  45              		.cfi_endproc
  46              	.LFE0:
  47              		.size	CYMEMZERO, .-CYMEMZERO
  48              		.section	.psocinit,"ax",%progbits
  49              		.align	2
  50              		.code	16
  51              		.thumb_func
  52              		.type	ClockSetup, %function
  53              	ClockSetup:
  54              	.LFB3:
  80:Generated_Source\PSoC4/cyfitter_cfg.c **** CY_CFG_UNUSED
  81:Generated_Source\PSoC4/cyfitter_cfg.c **** static void CYCONFIGCPY(void *dest, const void *src, size_t n);
  82:Generated_Source\PSoC4/cyfitter_cfg.c **** CY_CFG_UNUSED
  83:Generated_Source\PSoC4/cyfitter_cfg.c **** static void CYCONFIGCPY(void *dest, const void *src, size_t n)
  84:Generated_Source\PSoC4/cyfitter_cfg.c **** {
  85:Generated_Source\PSoC4/cyfitter_cfg.c **** 	(void)memcpy(dest, src, n);
  86:Generated_Source\PSoC4/cyfitter_cfg.c **** }
  87:Generated_Source\PSoC4/cyfitter_cfg.c **** CY_CFG_UNUSED
  88:Generated_Source\PSoC4/cyfitter_cfg.c **** static void CYCONFIGCPYCODE(void *dest, const void *src, size_t n);
  89:Generated_Source\PSoC4/cyfitter_cfg.c **** CY_CFG_UNUSED
  90:Generated_Source\PSoC4/cyfitter_cfg.c **** static void CYCONFIGCPYCODE(void *dest, const void *src, size_t n)
  91:Generated_Source\PSoC4/cyfitter_cfg.c **** {
  92:Generated_Source\PSoC4/cyfitter_cfg.c **** 	(void)memcpy(dest, src, n);
  93:Generated_Source\PSoC4/cyfitter_cfg.c **** }
  94:Generated_Source\PSoC4/cyfitter_cfg.c **** 
  95:Generated_Source\PSoC4/cyfitter_cfg.c **** 
  96:Generated_Source\PSoC4/cyfitter_cfg.c **** 
  97:Generated_Source\PSoC4/cyfitter_cfg.c **** 
  98:Generated_Source\PSoC4/cyfitter_cfg.c **** /* Clock startup error codes                                                   */
  99:Generated_Source\PSoC4/cyfitter_cfg.c **** #define CYCLOCKSTART_NO_ERROR    0u
 100:Generated_Source\PSoC4/cyfitter_cfg.c **** #define CYCLOCKSTART_XTAL_ERROR  1u
 101:Generated_Source\PSoC4/cyfitter_cfg.c **** #define CYCLOCKSTART_32KHZ_ERROR 2u
 102:Generated_Source\PSoC4/cyfitter_cfg.c **** #define CYCLOCKSTART_PLL_ERROR   3u
 103:Generated_Source\PSoC4/cyfitter_cfg.c **** #define CYCLOCKSTART_FLL_ERROR   4u
 104:Generated_Source\PSoC4/cyfitter_cfg.c **** #define CYCLOCKSTART_WCO_ERROR   5u
 105:Generated_Source\PSoC4/cyfitter_cfg.c **** 
 106:Generated_Source\PSoC4/cyfitter_cfg.c **** 
 107:Generated_Source\PSoC4/cyfitter_cfg.c **** #ifdef CY_NEED_CYCLOCKSTARTUPERROR
 108:Generated_Source\PSoC4/cyfitter_cfg.c **** /*******************************************************************************
 109:Generated_Source\PSoC4/cyfitter_cfg.c **** * Function Name: CyClockStartupError
 110:Generated_Source\PSoC4/cyfitter_cfg.c **** ********************************************************************************
 111:Generated_Source\PSoC4/cyfitter_cfg.c **** * Summary:
 112:Generated_Source\PSoC4/cyfitter_cfg.c **** *  If an error is encountered during clock configuration (crystal startup error,
 113:Generated_Source\PSoC4/cyfitter_cfg.c **** *  PLL lock error, etc.), the system will end up here.  Unless reimplemented by
 114:Generated_Source\PSoC4/cyfitter_cfg.c **** *  the customer, this function will stop in an infinite loop.
 115:Generated_Source\PSoC4/cyfitter_cfg.c **** *
 116:Generated_Source\PSoC4/cyfitter_cfg.c **** * Parameters:
 117:Generated_Source\PSoC4/cyfitter_cfg.c **** *   void
ARM GAS  C:\Users\NGUYEN~1\AppData\Local\Temp\ccUquAbO.s 			page 4


 118:Generated_Source\PSoC4/cyfitter_cfg.c **** *
 119:Generated_Source\PSoC4/cyfitter_cfg.c **** * Return:
 120:Generated_Source\PSoC4/cyfitter_cfg.c **** *   void
 121:Generated_Source\PSoC4/cyfitter_cfg.c **** *
 122:Generated_Source\PSoC4/cyfitter_cfg.c **** *******************************************************************************/
 123:Generated_Source\PSoC4/cyfitter_cfg.c **** CY_CFG_UNUSED
 124:Generated_Source\PSoC4/cyfitter_cfg.c **** static void CyClockStartupError(uint8 errorCode);
 125:Generated_Source\PSoC4/cyfitter_cfg.c **** CY_CFG_UNUSED
 126:Generated_Source\PSoC4/cyfitter_cfg.c **** static void CyClockStartupError(uint8 errorCode)
 127:Generated_Source\PSoC4/cyfitter_cfg.c **** {
 128:Generated_Source\PSoC4/cyfitter_cfg.c ****     /* To remove the compiler warning if errorCode not used.                */
 129:Generated_Source\PSoC4/cyfitter_cfg.c ****     errorCode = errorCode;
 130:Generated_Source\PSoC4/cyfitter_cfg.c **** 
 131:Generated_Source\PSoC4/cyfitter_cfg.c ****     /* If we have a clock startup error (bad MHz crystal, PLL lock, etc.),  */
 132:Generated_Source\PSoC4/cyfitter_cfg.c ****     /* we will end up here to allow the customer to implement something to  */
 133:Generated_Source\PSoC4/cyfitter_cfg.c ****     /* deal with the clock condition.                                       */
 134:Generated_Source\PSoC4/cyfitter_cfg.c **** 
 135:Generated_Source\PSoC4/cyfitter_cfg.c **** #ifdef CY_CFG_CLOCK_STARTUP_ERROR_CALLBACK
 136:Generated_Source\PSoC4/cyfitter_cfg.c ****     CY_CFG_Clock_Startup_ErrorCallback();
 137:Generated_Source\PSoC4/cyfitter_cfg.c **** #else
 138:Generated_Source\PSoC4/cyfitter_cfg.c ****     /*  If not using CY_CFG_CLOCK_STARTUP_ERROR_CALLBACK, place your clock startup code here. */
 139:Generated_Source\PSoC4/cyfitter_cfg.c ****     /* `#START CyClockStartupError` */
 140:Generated_Source\PSoC4/cyfitter_cfg.c **** 
 141:Generated_Source\PSoC4/cyfitter_cfg.c **** 
 142:Generated_Source\PSoC4/cyfitter_cfg.c **** 
 143:Generated_Source\PSoC4/cyfitter_cfg.c ****     /* `#END` */
 144:Generated_Source\PSoC4/cyfitter_cfg.c **** 
 145:Generated_Source\PSoC4/cyfitter_cfg.c ****     while(1) {}
 146:Generated_Source\PSoC4/cyfitter_cfg.c **** #endif /* CY_CFG_CLOCK_STARTUP_ERROR_CALLBACK */
 147:Generated_Source\PSoC4/cyfitter_cfg.c **** }
 148:Generated_Source\PSoC4/cyfitter_cfg.c **** #endif
 149:Generated_Source\PSoC4/cyfitter_cfg.c **** 
 150:Generated_Source\PSoC4/cyfitter_cfg.c **** 
 151:Generated_Source\PSoC4/cyfitter_cfg.c **** 
 152:Generated_Source\PSoC4/cyfitter_cfg.c **** /*******************************************************************************
 153:Generated_Source\PSoC4/cyfitter_cfg.c **** * Function Name: ClockSetup
 154:Generated_Source\PSoC4/cyfitter_cfg.c **** ********************************************************************************
 155:Generated_Source\PSoC4/cyfitter_cfg.c **** *
 156:Generated_Source\PSoC4/cyfitter_cfg.c **** * Summary:
 157:Generated_Source\PSoC4/cyfitter_cfg.c **** *   Performs the initialization of all of the clocks in the device based on the
 158:Generated_Source\PSoC4/cyfitter_cfg.c **** *   settings in the Clock tab of the DWR.  This includes enabling the requested
 159:Generated_Source\PSoC4/cyfitter_cfg.c **** *   clocks and setting the necessary dividers to produce the desired frequency. 
 160:Generated_Source\PSoC4/cyfitter_cfg.c **** *
 161:Generated_Source\PSoC4/cyfitter_cfg.c **** * Parameters:
 162:Generated_Source\PSoC4/cyfitter_cfg.c **** *   void
 163:Generated_Source\PSoC4/cyfitter_cfg.c **** *
 164:Generated_Source\PSoC4/cyfitter_cfg.c **** * Return:
 165:Generated_Source\PSoC4/cyfitter_cfg.c **** *   void
 166:Generated_Source\PSoC4/cyfitter_cfg.c **** *
 167:Generated_Source\PSoC4/cyfitter_cfg.c **** *******************************************************************************/
 168:Generated_Source\PSoC4/cyfitter_cfg.c **** static void ClockSetup(void);
 169:Generated_Source\PSoC4/cyfitter_cfg.c **** CY_CFG_SECTION
 170:Generated_Source\PSoC4/cyfitter_cfg.c **** static void ClockSetup(void)
 171:Generated_Source\PSoC4/cyfitter_cfg.c **** {
  55              		.loc 1 171 0
  56              		.cfi_startproc
  57              		@ args = 0, pretend = 0, frame = 0
ARM GAS  C:\Users\NGUYEN~1\AppData\Local\Temp\ccUquAbO.s 			page 5


  58              		@ frame_needed = 0, uses_anonymous_args = 0
  59 0000 70B5     		push	{r4, r5, r6, lr}
  60              		.cfi_def_cfa_offset 16
  61              		.cfi_offset 4, -16
  62              		.cfi_offset 5, -12
  63              		.cfi_offset 6, -8
  64              		.cfi_offset 14, -4
 172:Generated_Source\PSoC4/cyfitter_cfg.c **** 	/* Enable HALF_EN before trimming for the flash accelerator. */
 173:Generated_Source\PSoC4/cyfitter_cfg.c **** 	CY_SET_REG32((void CYXDATA *)(CYREG_CLK_SELECT), (CY_GET_REG32((void *)CYREG_CLK_SELECT) | 0x00040
  65              		.loc 1 173 0
  66 0002 134C     		ldr	r4, .L3
  67 0004 2368     		ldr	r3, [r4]
  68 0006 8022     		movs	r2, #128
  69 0008 D202     		lsls	r2, r2, #11
  70 000a 1343     		orrs	r3, r2
  71 000c 2360     		str	r3, [r4]
 174:Generated_Source\PSoC4/cyfitter_cfg.c **** 
 175:Generated_Source\PSoC4/cyfitter_cfg.c **** 	/* Setup and trim IMO based on desired frequency. */
 176:Generated_Source\PSoC4/cyfitter_cfg.c **** 	CySysClkWriteImoFreq(24u);
  72              		.loc 1 176 0
  73 000e 1820     		movs	r0, #24
  74 0010 FFF7FEFF 		bl	CySysClkWriteImoFreq
  75              	.LVL3:
 177:Generated_Source\PSoC4/cyfitter_cfg.c **** 
 178:Generated_Source\PSoC4/cyfitter_cfg.c **** 	/* Disable HALF_EN since it is not required at this IMO frequency. */
 179:Generated_Source\PSoC4/cyfitter_cfg.c **** 	CY_SET_REG32((void CYXDATA *)(CYREG_CLK_SELECT), (CY_GET_REG32((void *)CYREG_CLK_SELECT) & 0xFFFBF
  76              		.loc 1 179 0
  77 0014 2268     		ldr	r2, [r4]
  78 0016 0F4B     		ldr	r3, .L3+4
  79 0018 1340     		ands	r3, r2
  80 001a 2360     		str	r3, [r4]
 180:Generated_Source\PSoC4/cyfitter_cfg.c **** 	/* CYDEV_CLK_ILO_CONFIG Starting address: CYDEV_CLK_ILO_CONFIG */
 181:Generated_Source\PSoC4/cyfitter_cfg.c **** 	CY_SET_REG32((void *)(CYREG_CLK_ILO_CONFIG), 0x80000006u);
  81              		.loc 1 181 0
  82 001c 0E4A     		ldr	r2, .L3+8
  83 001e 0F4B     		ldr	r3, .L3+12
  84 0020 1A60     		str	r2, [r3]
 182:Generated_Source\PSoC4/cyfitter_cfg.c **** 
 183:Generated_Source\PSoC4/cyfitter_cfg.c **** 
 184:Generated_Source\PSoC4/cyfitter_cfg.c **** 	/* CYDEV_CLK_SELECT00 Starting address: CYDEV_CLK_SELECT00 */
 185:Generated_Source\PSoC4/cyfitter_cfg.c **** 	CY_SET_REG32((void *)(CYREG_CLK_SELECT10), 0x00000010u);
  85              		.loc 1 185 0
  86 0022 1022     		movs	r2, #16
  87 0024 0E4B     		ldr	r3, .L3+16
  88 0026 1A60     		str	r2, [r3]
 186:Generated_Source\PSoC4/cyfitter_cfg.c **** 
 187:Generated_Source\PSoC4/cyfitter_cfg.c **** 	/* CYDEV_CLK_IMO_CONFIG Starting address: CYDEV_CLK_IMO_CONFIG */
 188:Generated_Source\PSoC4/cyfitter_cfg.c **** 	CY_SET_REG32((void *)(CYREG_CLK_IMO_CONFIG), 0x80000000u);
  89              		.loc 1 188 0
  90 0028 8022     		movs	r2, #128
  91 002a 1206     		lsls	r2, r2, #24
  92 002c 0D4B     		ldr	r3, .L3+20
  93 002e 1A60     		str	r2, [r3]
 189:Generated_Source\PSoC4/cyfitter_cfg.c **** 
 190:Generated_Source\PSoC4/cyfitter_cfg.c **** 	/* CYDEV_CLK_SELECT Starting address: CYDEV_CLK_SELECT */
 191:Generated_Source\PSoC4/cyfitter_cfg.c **** 	CY_SET_REG32((void *)(CYREG_CLK_SELECT), 0x00000000u);
  94              		.loc 1 191 0
ARM GAS  C:\Users\NGUYEN~1\AppData\Local\Temp\ccUquAbO.s 			page 6


  95 0030 0025     		movs	r5, #0
  96 0032 2560     		str	r5, [r4]
 192:Generated_Source\PSoC4/cyfitter_cfg.c **** 
 193:Generated_Source\PSoC4/cyfitter_cfg.c **** 	/* CYDEV_CLK_DIVIDER_A00 Starting address: CYDEV_CLK_DIVIDER_A00 */
 194:Generated_Source\PSoC4/cyfitter_cfg.c **** 	CY_SET_REG32((void *)(CYREG_CLK_DIVIDER_A00), 0x800001DFu);
  97              		.loc 1 194 0
  98 0034 0C4A     		ldr	r2, .L3+24
  99 0036 0D4B     		ldr	r3, .L3+28
 100 0038 1A60     		str	r2, [r3]
 195:Generated_Source\PSoC4/cyfitter_cfg.c **** 
 196:Generated_Source\PSoC4/cyfitter_cfg.c **** 	(void)CyIntSetVector(9u, &CySysWdtIsr);
 101              		.loc 1 196 0
 102 003a 0D49     		ldr	r1, .L3+32
 103 003c 0920     		movs	r0, #9
 104 003e FFF7FEFF 		bl	CyIntSetVector
 105              	.LVL4:
 197:Generated_Source\PSoC4/cyfitter_cfg.c **** 	CyIntEnable(9u);
 106              		.loc 1 197 0
 107 0042 0920     		movs	r0, #9
 108 0044 FFF7FEFF 		bl	CyIntEnable
 109              	.LVL5:
 198:Generated_Source\PSoC4/cyfitter_cfg.c **** 	CY_SET_REG32((void *)(CYREG_WDT_CONFIG), 0x00000000u);
 110              		.loc 1 198 0
 111 0048 0A4B     		ldr	r3, .L3+36
 112 004a 1D60     		str	r5, [r3]
 199:Generated_Source\PSoC4/cyfitter_cfg.c **** }
 113              		.loc 1 199 0
 114              		@ sp needed
 115 004c 70BD     		pop	{r4, r5, r6, pc}
 116              	.L4:
 117 004e C046     		.align	2
 118              	.L3:
 119 0050 00010B40 		.word	1074462976
 120 0054 FFFFFBFF 		.word	-262145
 121 0058 06000080 		.word	-2147483642
 122 005c 04010B40 		.word	1074462980
 123 0060 28020240 		.word	1073873448
 124 0064 08010B40 		.word	1074462984
 125 0068 DF010080 		.word	-2147483169
 126 006c 00000240 		.word	1073872896
 127 0070 00000000 		.word	CySysWdtIsr
 128 0074 0C020B40 		.word	1074463244
 129              		.cfi_endproc
 130              	.LFE3:
 131              		.size	ClockSetup, .-ClockSetup
 132              		.align	2
 133              		.global	cyfitter_cfg
 134              		.code	16
 135              		.thumb_func
 136              		.type	cyfitter_cfg, %function
 137              	cyfitter_cfg:
 138              	.LFB5:
 200:Generated_Source\PSoC4/cyfitter_cfg.c **** 
 201:Generated_Source\PSoC4/cyfitter_cfg.c **** 
 202:Generated_Source\PSoC4/cyfitter_cfg.c **** /* Analog API Functions */
 203:Generated_Source\PSoC4/cyfitter_cfg.c **** 
 204:Generated_Source\PSoC4/cyfitter_cfg.c **** 
ARM GAS  C:\Users\NGUYEN~1\AppData\Local\Temp\ccUquAbO.s 			page 7


 205:Generated_Source\PSoC4/cyfitter_cfg.c **** /*******************************************************************************
 206:Generated_Source\PSoC4/cyfitter_cfg.c **** * Function Name: AnalogSetDefault
 207:Generated_Source\PSoC4/cyfitter_cfg.c **** ********************************************************************************
 208:Generated_Source\PSoC4/cyfitter_cfg.c **** *
 209:Generated_Source\PSoC4/cyfitter_cfg.c **** * Summary:
 210:Generated_Source\PSoC4/cyfitter_cfg.c **** *  Sets up the analog portions of the chip to default values based on chip
 211:Generated_Source\PSoC4/cyfitter_cfg.c **** *  configuration options from the project.
 212:Generated_Source\PSoC4/cyfitter_cfg.c **** *
 213:Generated_Source\PSoC4/cyfitter_cfg.c **** * Parameters:
 214:Generated_Source\PSoC4/cyfitter_cfg.c **** *  void
 215:Generated_Source\PSoC4/cyfitter_cfg.c **** *
 216:Generated_Source\PSoC4/cyfitter_cfg.c **** * Return:
 217:Generated_Source\PSoC4/cyfitter_cfg.c **** *  void
 218:Generated_Source\PSoC4/cyfitter_cfg.c **** *
 219:Generated_Source\PSoC4/cyfitter_cfg.c **** *******************************************************************************/
 220:Generated_Source\PSoC4/cyfitter_cfg.c **** static void AnalogSetDefault(void);
 221:Generated_Source\PSoC4/cyfitter_cfg.c **** static void AnalogSetDefault(void)
 222:Generated_Source\PSoC4/cyfitter_cfg.c **** {
 223:Generated_Source\PSoC4/cyfitter_cfg.c **** }
 224:Generated_Source\PSoC4/cyfitter_cfg.c **** 
 225:Generated_Source\PSoC4/cyfitter_cfg.c **** 
 226:Generated_Source\PSoC4/cyfitter_cfg.c **** 
 227:Generated_Source\PSoC4/cyfitter_cfg.c **** 
 228:Generated_Source\PSoC4/cyfitter_cfg.c **** /*******************************************************************************
 229:Generated_Source\PSoC4/cyfitter_cfg.c **** * Function Name: cyfitter_cfg
 230:Generated_Source\PSoC4/cyfitter_cfg.c **** ********************************************************************************
 231:Generated_Source\PSoC4/cyfitter_cfg.c **** * Summary:
 232:Generated_Source\PSoC4/cyfitter_cfg.c **** *  This function is called by the start-up code for the selected device. It
 233:Generated_Source\PSoC4/cyfitter_cfg.c **** *  performs all of the necessary device configuration based on the design
 234:Generated_Source\PSoC4/cyfitter_cfg.c **** *  settings.  This includes settings from the Design Wide Resources (DWR) such
 235:Generated_Source\PSoC4/cyfitter_cfg.c **** *  as Clocks and Pins as well as any component configuration that is necessary.
 236:Generated_Source\PSoC4/cyfitter_cfg.c **** *
 237:Generated_Source\PSoC4/cyfitter_cfg.c **** * Parameters:
 238:Generated_Source\PSoC4/cyfitter_cfg.c **** *   void
 239:Generated_Source\PSoC4/cyfitter_cfg.c **** *
 240:Generated_Source\PSoC4/cyfitter_cfg.c **** * Return:
 241:Generated_Source\PSoC4/cyfitter_cfg.c **** *   void
 242:Generated_Source\PSoC4/cyfitter_cfg.c **** *
 243:Generated_Source\PSoC4/cyfitter_cfg.c **** *******************************************************************************/
 244:Generated_Source\PSoC4/cyfitter_cfg.c **** CY_CFG_SECTION
 245:Generated_Source\PSoC4/cyfitter_cfg.c **** void cyfitter_cfg(void)
 246:Generated_Source\PSoC4/cyfitter_cfg.c **** {
 139              		.loc 1 246 0
 140              		.cfi_startproc
 141              		@ args = 0, pretend = 0, frame = 0
 142              		@ frame_needed = 0, uses_anonymous_args = 0
 143 0078 10B5     		push	{r4, lr}
 144              		.cfi_def_cfa_offset 8
 145              		.cfi_offset 4, -8
 146              		.cfi_offset 14, -4
 247:Generated_Source\PSoC4/cyfitter_cfg.c **** 	/* Disable interrupts by default. Let user enable if/when they want. */
 248:Generated_Source\PSoC4/cyfitter_cfg.c **** 	CyGlobalIntDisable;
 147              		.loc 1 248 0
 148              		.syntax divided
 149              	@ 248 "Generated_Source\PSoC4\cyfitter_cfg.c" 1
 150 007a 72B6     		CPSID   i
 151              	@ 0 "" 2
ARM GAS  C:\Users\NGUYEN~1\AppData\Local\Temp\ccUquAbO.s 			page 8


 152              	.LVL6:
 153              		.thumb
 154              		.syntax unified
 155              	.LBB2:
 249:Generated_Source\PSoC4/cyfitter_cfg.c **** 
 250:Generated_Source\PSoC4/cyfitter_cfg.c **** 	{
 251:Generated_Source\PSoC4/cyfitter_cfg.c **** 
 252:Generated_Source\PSoC4/cyfitter_cfg.c **** 		CYPACKED typedef struct {
 253:Generated_Source\PSoC4/cyfitter_cfg.c **** 			void CYFAR *address;
 254:Generated_Source\PSoC4/cyfitter_cfg.c **** 			uint16 size;
 255:Generated_Source\PSoC4/cyfitter_cfg.c **** 		} CYPACKED_ATTR cfg_memset_t;
 256:Generated_Source\PSoC4/cyfitter_cfg.c **** 
 257:Generated_Source\PSoC4/cyfitter_cfg.c **** 		static const cfg_memset_t CYCODE cfg_memset_list[] = {
 258:Generated_Source\PSoC4/cyfitter_cfg.c **** 			/* address, size */
 259:Generated_Source\PSoC4/cyfitter_cfg.c **** 			{(void CYFAR *)(CYDEV_UDB_P0_U0_BASE), 1024u},
 260:Generated_Source\PSoC4/cyfitter_cfg.c **** 			{(void CYFAR *)(CYDEV_UDB_DSI0_BASE), 1024u},
 261:Generated_Source\PSoC4/cyfitter_cfg.c **** 		};
 262:Generated_Source\PSoC4/cyfitter_cfg.c **** 
 263:Generated_Source\PSoC4/cyfitter_cfg.c **** 		uint8 CYDATA i;
 264:Generated_Source\PSoC4/cyfitter_cfg.c **** 
 265:Generated_Source\PSoC4/cyfitter_cfg.c **** 		/* Zero out critical memory blocks before beginning configuration */
 266:Generated_Source\PSoC4/cyfitter_cfg.c **** 		for (i = 0u; i < (sizeof(cfg_memset_list)/sizeof(cfg_memset_list[0])); i++)
 156              		.loc 1 266 0
 157 007c 0024     		movs	r4, #0
 158 007e 0FE0     		b	.L6
 159              	.LVL7:
 160              	.L7:
 161              	.LBB3:
 267:Generated_Source\PSoC4/cyfitter_cfg.c **** 		{
 268:Generated_Source\PSoC4/cyfitter_cfg.c **** 			const cfg_memset_t CYCODE * CYDATA ms = &cfg_memset_list[i];
 269:Generated_Source\PSoC4/cyfitter_cfg.c **** 			CYMEMZERO(ms->address, (size_t)(uint32)(ms->size));
 162              		.loc 1 269 0 discriminator 3
 163 0080 1848     		ldr	r0, .L8
 164 0082 6200     		lsls	r2, r4, #1
 165 0084 1319     		adds	r3, r2, r4
 166 0086 5900     		lsls	r1, r3, #1
 167 0088 0B00     		movs	r3, r1
 168 008a 4118     		adds	r1, r0, r1
 169 008c 8988     		ldrh	r1, [r1, #4]
 170 008e 1A5A     		ldrh	r2, [r3, r0]
 171 0090 C318     		adds	r3, r0, r3
 172 0092 5888     		ldrh	r0, [r3, #2]
 173 0094 0004     		lsls	r0, r0, #16
 174 0096 1043     		orrs	r0, r2
 175 0098 FFF7FEFF 		bl	CYMEMZERO
 176              	.LVL8:
 177              	.LBE3:
 266:Generated_Source\PSoC4/cyfitter_cfg.c **** 		{
 178              		.loc 1 266 0 discriminator 3
 179 009c 0134     		adds	r4, r4, #1
 180              	.LVL9:
 181 009e E4B2     		uxtb	r4, r4
 182              	.LVL10:
 183              	.L6:
 266:Generated_Source\PSoC4/cyfitter_cfg.c **** 		{
 184              		.loc 1 266 0 is_stmt 0 discriminator 1
 185 00a0 012C     		cmp	r4, #1
ARM GAS  C:\Users\NGUYEN~1\AppData\Local\Temp\ccUquAbO.s 			page 9


 186 00a2 EDD9     		bls	.L7
 270:Generated_Source\PSoC4/cyfitter_cfg.c **** 		}
 271:Generated_Source\PSoC4/cyfitter_cfg.c **** 
 272:Generated_Source\PSoC4/cyfitter_cfg.c **** 		/* HSIOM Starting address: CYDEV_HSIOM_BASE */
 273:Generated_Source\PSoC4/cyfitter_cfg.c **** 		CY_SET_REG32((void *)(CYREG_HSIOM_PORT_SEL1), 0x00000008u);
 187              		.loc 1 273 0 is_stmt 1
 188 00a4 0822     		movs	r2, #8
 189 00a6 104B     		ldr	r3, .L8+4
 190 00a8 1A60     		str	r2, [r3]
 274:Generated_Source\PSoC4/cyfitter_cfg.c **** 		CY_SET_REG32((void *)(CYREG_HSIOM_PORT_SEL3), 0x0000EE00u);
 191              		.loc 1 274 0
 192 00aa EE22     		movs	r2, #238
 193 00ac 1202     		lsls	r2, r2, #8
 194 00ae 0F4B     		ldr	r3, .L8+8
 195 00b0 1A60     		str	r2, [r3]
 275:Generated_Source\PSoC4/cyfitter_cfg.c **** 
 276:Generated_Source\PSoC4/cyfitter_cfg.c **** 		/* UDB_PA_1 Starting address: CYDEV_UDB_PA1_BASE */
 277:Generated_Source\PSoC4/cyfitter_cfg.c **** 		CY_SET_REG32((void *)(CYDEV_UDB_PA1_BASE), 0x00990000u);
 196              		.loc 1 277 0
 197 00b2 9923     		movs	r3, #153
 198 00b4 1B04     		lsls	r3, r3, #16
 199 00b6 0E4A     		ldr	r2, .L8+12
 200 00b8 1360     		str	r3, [r2]
 278:Generated_Source\PSoC4/cyfitter_cfg.c **** 
 279:Generated_Source\PSoC4/cyfitter_cfg.c **** 		/* UDB_PA_3 Starting address: CYDEV_UDB_PA3_BASE */
 280:Generated_Source\PSoC4/cyfitter_cfg.c **** 		CY_SET_REG32((void *)(CYDEV_UDB_PA3_BASE), 0x00990000u);
 201              		.loc 1 280 0
 202 00ba 0E4A     		ldr	r2, .L8+16
 203 00bc 1360     		str	r3, [r2]
 281:Generated_Source\PSoC4/cyfitter_cfg.c **** 
 282:Generated_Source\PSoC4/cyfitter_cfg.c **** 		/* Enable digital routing */
 283:Generated_Source\PSoC4/cyfitter_cfg.c **** 		CY_SET_XTND_REG8((void *)CYREG_UDB_UDBIF_BANK_CTL, (uint8)(CY_GET_XTND_REG8((void *)CYREG_UDB_UDB
 204              		.loc 1 283 0
 205 00be 0E4A     		ldr	r2, .L8+20
 206 00c0 1178     		ldrb	r1, [r2]
 207 00c2 0623     		movs	r3, #6
 208 00c4 0B43     		orrs	r3, r1
 209 00c6 DBB2     		uxtb	r3, r3
 210 00c8 1370     		strb	r3, [r2]
 211              	.LBE2:
 284:Generated_Source\PSoC4/cyfitter_cfg.c **** 	}
 285:Generated_Source\PSoC4/cyfitter_cfg.c **** 
 286:Generated_Source\PSoC4/cyfitter_cfg.c **** 	/* Perform second pass device configuration. These items must be configured in specific order afte
 287:Generated_Source\PSoC4/cyfitter_cfg.c **** 	/* IOPINS0_1 Starting address: CYDEV_PRT1_BASE */
 288:Generated_Source\PSoC4/cyfitter_cfg.c **** 	CY_SET_REG32((void *)(CYDEV_PRT1_BASE), 0x00000001u);
 212              		.loc 1 288 0
 213 00ca 0122     		movs	r2, #1
 214 00cc 0B4B     		ldr	r3, .L8+24
 215 00ce 1A60     		str	r2, [r3]
 289:Generated_Source\PSoC4/cyfitter_cfg.c **** 	CY_SET_REG32((void *)(CYREG_PRT1_PC), 0x00000006u);
 216              		.loc 1 289 0
 217 00d0 0B4B     		ldr	r3, .L8+28
 218 00d2 0532     		adds	r2, r2, #5
 219 00d4 1A60     		str	r2, [r3]
 290:Generated_Source\PSoC4/cyfitter_cfg.c **** 
 291:Generated_Source\PSoC4/cyfitter_cfg.c **** 	/* IOPINS0_3 Starting address: CYDEV_PRT3_BASE */
 292:Generated_Source\PSoC4/cyfitter_cfg.c **** 	CY_SET_REG32((void *)(CYREG_PRT3_PC), 0x00000D80u);
ARM GAS  C:\Users\NGUYEN~1\AppData\Local\Temp\ccUquAbO.s 			page 10


 220              		.loc 1 292 0
 221 00d6 D822     		movs	r2, #216
 222 00d8 1201     		lsls	r2, r2, #4
 223 00da 0A4B     		ldr	r3, .L8+32
 224 00dc 1A60     		str	r2, [r3]
 293:Generated_Source\PSoC4/cyfitter_cfg.c **** 
 294:Generated_Source\PSoC4/cyfitter_cfg.c **** 
 295:Generated_Source\PSoC4/cyfitter_cfg.c **** 	/* Setup clocks based on selections from Clock DWR */
 296:Generated_Source\PSoC4/cyfitter_cfg.c **** 	ClockSetup();
 225              		.loc 1 296 0
 226 00de FFF78FFF 		bl	ClockSetup
 227              	.LVL11:
 297:Generated_Source\PSoC4/cyfitter_cfg.c **** 
 298:Generated_Source\PSoC4/cyfitter_cfg.c **** 	/* Perform basic analog initialization to defaults */
 299:Generated_Source\PSoC4/cyfitter_cfg.c **** 	AnalogSetDefault();
 300:Generated_Source\PSoC4/cyfitter_cfg.c **** 
 301:Generated_Source\PSoC4/cyfitter_cfg.c **** }
 228              		.loc 1 301 0
 229              		@ sp needed
 230              	.LVL12:
 231 00e2 10BD     		pop	{r4, pc}
 232              	.L9:
 233              		.align	2
 234              	.L8:
 235 00e4 00000000 		.word	.LANCHOR0
 236 00e8 04000140 		.word	1073807364
 237 00ec 0C000140 		.word	1073807372
 238 00f0 10500F40 		.word	1074745360
 239 00f4 30500F40 		.word	1074745392
 240 00f8 00700F40 		.word	1074753536
 241 00fc 00010440 		.word	1074004224
 242 0100 08010440 		.word	1074004232
 243 0104 08030440 		.word	1074004744
 244              		.cfi_endproc
 245              	.LFE5:
 246              		.size	cyfitter_cfg, .-cyfitter_cfg
 247              		.section	.rodata
 248              		.align	2
 249              		.set	.LANCHOR0,. + 0
 250              		.type	cfg_memset_list.4847, %object
 251              		.size	cfg_memset_list.4847, 12
 252              	cfg_memset_list.4847:
 253 0000 00300F40 		.word	1074737152
 254 0004 0004     		.short	1024
 255 0006 00400F40 		.4byte	1074741248
 256 000a 0004     		.short	1024
 257              		.text
 258              	.Letext0:
 259              		.file 2 "c:\\program files (x86)\\cypress\\psoc creator\\4.4\\psoc creator\\import\\gnu\\arm\\5.4.
 260              		.file 3 "Generated_Source\\PSoC4\\cytypes.h"
 261              		.file 4 "Generated_Source\\PSoC4\\CyLib.h"
 262              		.section	.debug_info,"",%progbits
 263              	.Ldebug_info0:
 264 0000 75020000 		.4byte	0x275
 265 0004 0400     		.2byte	0x4
 266 0006 00000000 		.4byte	.Ldebug_abbrev0
 267 000a 04       		.byte	0x4
ARM GAS  C:\Users\NGUYEN~1\AppData\Local\Temp\ccUquAbO.s 			page 11


 268 000b 01       		.uleb128 0x1
 269 000c 14010000 		.4byte	.LASF29
 270 0010 0C       		.byte	0xc
 271 0011 0B020000 		.4byte	.LASF30
 272 0015 91000000 		.4byte	.LASF31
 273 0019 00000000 		.4byte	.Ldebug_ranges0+0
 274 001d 00000000 		.4byte	0
 275 0021 00000000 		.4byte	.Ldebug_line0
 276 0025 02       		.uleb128 0x2
 277 0026 04       		.byte	0x4
 278 0027 05       		.byte	0x5
 279 0028 696E7400 		.ascii	"int\000"
 280 002c 03       		.uleb128 0x3
 281 002d 06000000 		.4byte	.LASF12
 282 0031 02       		.byte	0x2
 283 0032 D8       		.byte	0xd8
 284 0033 37000000 		.4byte	0x37
 285 0037 04       		.uleb128 0x4
 286 0038 04       		.byte	0x4
 287 0039 07       		.byte	0x7
 288 003a DB000000 		.4byte	.LASF0
 289 003e 04       		.uleb128 0x4
 290 003f 08       		.byte	0x8
 291 0040 05       		.byte	0x5
 292 0041 B8010000 		.4byte	.LASF1
 293 0045 04       		.uleb128 0x4
 294 0046 08       		.byte	0x8
 295 0047 04       		.byte	0x4
 296 0048 F3010000 		.4byte	.LASF2
 297 004c 04       		.uleb128 0x4
 298 004d 01       		.byte	0x1
 299 004e 06       		.byte	0x6
 300 004f FF010000 		.4byte	.LASF3
 301 0053 04       		.uleb128 0x4
 302 0054 01       		.byte	0x1
 303 0055 08       		.byte	0x8
 304 0056 7C000000 		.4byte	.LASF4
 305 005a 04       		.uleb128 0x4
 306 005b 02       		.byte	0x2
 307 005c 05       		.byte	0x5
 308 005d CB010000 		.4byte	.LASF5
 309 0061 04       		.uleb128 0x4
 310 0062 02       		.byte	0x2
 311 0063 07       		.byte	0x7
 312 0064 37000000 		.4byte	.LASF6
 313 0068 04       		.uleb128 0x4
 314 0069 04       		.byte	0x4
 315 006a 05       		.byte	0x5
 316 006b EA010000 		.4byte	.LASF7
 317 006f 04       		.uleb128 0x4
 318 0070 04       		.byte	0x4
 319 0071 07       		.byte	0x7
 320 0072 5A000000 		.4byte	.LASF8
 321 0076 04       		.uleb128 0x4
 322 0077 08       		.byte	0x8
 323 0078 07       		.byte	0x7
 324 0079 FD000000 		.4byte	.LASF9
ARM GAS  C:\Users\NGUYEN~1\AppData\Local\Temp\ccUquAbO.s 			page 12


 325 007d 04       		.uleb128 0x4
 326 007e 04       		.byte	0x4
 327 007f 07       		.byte	0x7
 328 0080 AF010000 		.4byte	.LASF10
 329 0084 05       		.uleb128 0x5
 330 0085 04       		.byte	0x4
 331 0086 04       		.uleb128 0x4
 332 0087 01       		.byte	0x1
 333 0088 08       		.byte	0x8
 334 0089 C6010000 		.4byte	.LASF11
 335 008d 06       		.uleb128 0x6
 336 008e 6C000000 		.4byte	.LASF13
 337 0092 03       		.byte	0x3
 338 0093 FB01     		.2byte	0x1fb
 339 0095 53000000 		.4byte	0x53
 340 0099 06       		.uleb128 0x6
 341 009a CD000000 		.4byte	.LASF14
 342 009e 03       		.byte	0x3
 343 009f FC01     		.2byte	0x1fc
 344 00a1 61000000 		.4byte	0x61
 345 00a5 06       		.uleb128 0x6
 346 00a6 D4000000 		.4byte	.LASF15
 347 00aa 03       		.byte	0x3
 348 00ab FD01     		.2byte	0x1fd
 349 00ad 6F000000 		.4byte	0x6f
 350 00b1 04       		.uleb128 0x4
 351 00b2 04       		.byte	0x4
 352 00b3 04       		.byte	0x4
 353 00b4 4A000000 		.4byte	.LASF16
 354 00b8 04       		.uleb128 0x4
 355 00b9 08       		.byte	0x8
 356 00ba 04       		.byte	0x4
 357 00bb BA000000 		.4byte	.LASF17
 358 00bf 06       		.uleb128 0x6
 359 00c0 55000000 		.4byte	.LASF18
 360 00c4 03       		.byte	0x3
 361 00c5 A502     		.2byte	0x2a5
 362 00c7 CB000000 		.4byte	0xcb
 363 00cb 07       		.uleb128 0x7
 364 00cc 8D000000 		.4byte	0x8d
 365 00d0 06       		.uleb128 0x6
 366 00d1 00000000 		.4byte	.LASF19
 367 00d5 03       		.byte	0x3
 368 00d6 A702     		.2byte	0x2a7
 369 00d8 DC000000 		.4byte	0xdc
 370 00dc 07       		.uleb128 0x7
 371 00dd A5000000 		.4byte	0xa5
 372 00e1 08       		.uleb128 0x8
 373 00e2 72000000 		.4byte	.LASF20
 374 00e6 01       		.byte	0x1
 375 00e7 4C       		.byte	0x4c
 376 00e8 00000000 		.4byte	.LFB0
 377 00ec 0C000000 		.4byte	.LFE0-.LFB0
 378 00f0 01       		.uleb128 0x1
 379 00f1 9C       		.byte	0x9c
 380 00f2 2E010000 		.4byte	0x12e
 381 00f6 09       		.uleb128 0x9
ARM GAS  C:\Users\NGUYEN~1\AppData\Local\Temp\ccUquAbO.s 			page 13


 382 00f7 7300     		.ascii	"s\000"
 383 00f9 01       		.byte	0x1
 384 00fa 4C       		.byte	0x4c
 385 00fb 84000000 		.4byte	0x84
 386 00ff 00000000 		.4byte	.LLST0
 387 0103 09       		.uleb128 0x9
 388 0104 6E00     		.ascii	"n\000"
 389 0106 01       		.byte	0x1
 390 0107 4C       		.byte	0x4c
 391 0108 2C000000 		.4byte	0x2c
 392 010c 21000000 		.4byte	.LLST1
 393 0110 0A       		.uleb128 0xa
 394 0111 0A000000 		.4byte	.LVL2
 395 0115 4E020000 		.4byte	0x24e
 396 0119 0B       		.uleb128 0xb
 397 011a 01       		.uleb128 0x1
 398 011b 50       		.byte	0x50
 399 011c 03       		.uleb128 0x3
 400 011d F3       		.byte	0xf3
 401 011e 01       		.uleb128 0x1
 402 011f 50       		.byte	0x50
 403 0120 0B       		.uleb128 0xb
 404 0121 01       		.uleb128 0x1
 405 0122 51       		.byte	0x51
 406 0123 01       		.uleb128 0x1
 407 0124 30       		.byte	0x30
 408 0125 0B       		.uleb128 0xb
 409 0126 01       		.uleb128 0x1
 410 0127 52       		.byte	0x52
 411 0128 03       		.uleb128 0x3
 412 0129 F3       		.byte	0xf3
 413 012a 01       		.uleb128 0x1
 414 012b 51       		.byte	0x51
 415 012c 00       		.byte	0
 416 012d 00       		.byte	0
 417 012e 08       		.uleb128 0x8
 418 012f 2C000000 		.4byte	.LASF21
 419 0133 01       		.byte	0x1
 420 0134 AA       		.byte	0xaa
 421 0135 00000000 		.4byte	.LFB3
 422 0139 78000000 		.4byte	.LFE3-.LFB3
 423 013d 01       		.uleb128 0x1
 424 013e 9C       		.byte	0x9c
 425 013f 79010000 		.4byte	0x179
 426 0143 0C       		.uleb128 0xc
 427 0144 14000000 		.4byte	.LVL3
 428 0148 57020000 		.4byte	0x257
 429 014c 56010000 		.4byte	0x156
 430 0150 0B       		.uleb128 0xb
 431 0151 01       		.uleb128 0x1
 432 0152 50       		.byte	0x50
 433 0153 01       		.uleb128 0x1
 434 0154 48       		.byte	0x48
 435 0155 00       		.byte	0
 436 0156 0C       		.uleb128 0xc
 437 0157 42000000 		.4byte	.LVL4
 438 015b 62020000 		.4byte	0x262
ARM GAS  C:\Users\NGUYEN~1\AppData\Local\Temp\ccUquAbO.s 			page 14


 439 015f 69010000 		.4byte	0x169
 440 0163 0B       		.uleb128 0xb
 441 0164 01       		.uleb128 0x1
 442 0165 50       		.byte	0x50
 443 0166 01       		.uleb128 0x1
 444 0167 39       		.byte	0x39
 445 0168 00       		.byte	0
 446 0169 0A       		.uleb128 0xa
 447 016a 48000000 		.4byte	.LVL5
 448 016e 6D020000 		.4byte	0x26d
 449 0172 0B       		.uleb128 0xb
 450 0173 01       		.uleb128 0x1
 451 0174 50       		.byte	0x50
 452 0175 01       		.uleb128 0x1
 453 0176 39       		.byte	0x39
 454 0177 00       		.byte	0
 455 0178 00       		.byte	0
 456 0179 0D       		.uleb128 0xd
 457 017a E8000000 		.4byte	.LASF32
 458 017e 01       		.byte	0x1
 459 017f F5       		.byte	0xf5
 460 0180 78000000 		.4byte	.LFB5
 461 0184 90000000 		.4byte	.LFE5-.LFB5
 462 0188 01       		.uleb128 0x1
 463 0189 9C       		.byte	0x9c
 464 018a 4E020000 		.4byte	0x24e
 465 018e 0E       		.uleb128 0xe
 466 018f 7C000000 		.4byte	.LBB2
 467 0193 4E000000 		.4byte	.LBE2-.LBB2
 468 0197 44020000 		.4byte	0x244
 469 019b 0F       		.uleb128 0xf
 470 019c 06       		.byte	0x6
 471 019d 01       		.byte	0x1
 472 019e FC       		.byte	0xfc
 473 019f BC010000 		.4byte	0x1bc
 474 01a3 10       		.uleb128 0x10
 475 01a4 F5000000 		.4byte	.LASF22
 476 01a8 01       		.byte	0x1
 477 01a9 FD       		.byte	0xfd
 478 01aa 84000000 		.4byte	0x84
 479 01ae 00       		.byte	0
 480 01af 10       		.uleb128 0x10
 481 01b0 50000000 		.4byte	.LASF23
 482 01b4 01       		.byte	0x1
 483 01b5 FE       		.byte	0xfe
 484 01b6 99000000 		.4byte	0x99
 485 01ba 04       		.byte	0x4
 486 01bb 00       		.byte	0
 487 01bc 03       		.uleb128 0x3
 488 01bd A2010000 		.4byte	.LASF24
 489 01c1 01       		.byte	0x1
 490 01c2 FF       		.byte	0xff
 491 01c3 9B010000 		.4byte	0x19b
 492 01c7 11       		.uleb128 0x11
 493 01c8 D7010000 		.4byte	0x1d7
 494 01cc D7010000 		.4byte	0x1d7
 495 01d0 12       		.uleb128 0x12
ARM GAS  C:\Users\NGUYEN~1\AppData\Local\Temp\ccUquAbO.s 			page 15


 496 01d1 7D000000 		.4byte	0x7d
 497 01d5 01       		.byte	0x1
 498 01d6 00       		.byte	0
 499 01d7 13       		.uleb128 0x13
 500 01d8 BC010000 		.4byte	0x1bc
 501 01dc 14       		.uleb128 0x14
 502 01dd 1C000000 		.4byte	.LASF25
 503 01e1 01       		.byte	0x1
 504 01e2 0101     		.2byte	0x101
 505 01e4 EE010000 		.4byte	0x1ee
 506 01e8 05       		.uleb128 0x5
 507 01e9 03       		.byte	0x3
 508 01ea 00000000 		.4byte	cfg_memset_list.4847
 509 01ee 13       		.uleb128 0x13
 510 01ef C7010000 		.4byte	0x1c7
 511 01f3 15       		.uleb128 0x15
 512 01f4 6900     		.ascii	"i\000"
 513 01f6 01       		.byte	0x1
 514 01f7 0701     		.2byte	0x107
 515 01f9 8D000000 		.4byte	0x8d
 516 01fd 4D000000 		.4byte	.LLST2
 517 0201 16       		.uleb128 0x16
 518 0202 80000000 		.4byte	.LBB3
 519 0206 1C000000 		.4byte	.LBE3-.LBB3
 520 020a 15       		.uleb128 0x15
 521 020b 6D7300   		.ascii	"ms\000"
 522 020e 01       		.byte	0x1
 523 020f 0C01     		.2byte	0x10c
 524 0211 19020000 		.4byte	0x219
 525 0215 77000000 		.4byte	.LLST3
 526 0219 17       		.uleb128 0x17
 527 021a 04       		.byte	0x4
 528 021b D7010000 		.4byte	0x1d7
 529 021f 0A       		.uleb128 0xa
 530 0220 9C000000 		.4byte	.LVL8
 531 0224 E1000000 		.4byte	0xe1
 532 0228 0B       		.uleb128 0xb
 533 0229 01       		.uleb128 0x1
 534 022a 51       		.byte	0x51
 535 022b 15       		.uleb128 0x15
 536 022c 74       		.byte	0x74
 537 022d 00       		.sleb128 0
 538 022e 31       		.byte	0x31
 539 022f 24       		.byte	0x24
 540 0230 74       		.byte	0x74
 541 0231 00       		.sleb128 0
 542 0232 22       		.byte	0x22
 543 0233 31       		.byte	0x31
 544 0234 24       		.byte	0x24
 545 0235 03       		.byte	0x3
 546 0236 04000000 		.4byte	.LANCHOR0+4
 547 023a 22       		.byte	0x22
 548 023b 94       		.byte	0x94
 549 023c 02       		.byte	0x2
 550 023d 0A       		.byte	0xa
 551 023e FFFF     		.2byte	0xffff
 552 0240 1A       		.byte	0x1a
ARM GAS  C:\Users\NGUYEN~1\AppData\Local\Temp\ccUquAbO.s 			page 16


 553 0241 00       		.byte	0
 554 0242 00       		.byte	0
 555 0243 00       		.byte	0
 556 0244 18       		.uleb128 0x18
 557 0245 E2000000 		.4byte	.LVL11
 558 0249 2E010000 		.4byte	0x12e
 559 024d 00       		.byte	0
 560 024e 19       		.uleb128 0x19
 561 024f 8A000000 		.4byte	.LASF33
 562 0253 8A000000 		.4byte	.LASF33
 563 0257 1A       		.uleb128 0x1a
 564 0258 D5010000 		.4byte	.LASF26
 565 025c D5010000 		.4byte	.LASF26
 566 0260 04       		.byte	0x4
 567 0261 6C       		.byte	0x6c
 568 0262 1A       		.uleb128 0x1a
 569 0263 0D000000 		.4byte	.LASF27
 570 0267 0D000000 		.4byte	.LASF27
 571 026b 04       		.byte	0x4
 572 026c D0       		.byte	0xd0
 573 026d 1A       		.uleb128 0x1a
 574 026e C1000000 		.4byte	.LASF28
 575 0272 C1000000 		.4byte	.LASF28
 576 0276 04       		.byte	0x4
 577 0277 D6       		.byte	0xd6
 578 0278 00       		.byte	0
 579              		.section	.debug_abbrev,"",%progbits
 580              	.Ldebug_abbrev0:
 581 0000 01       		.uleb128 0x1
 582 0001 11       		.uleb128 0x11
 583 0002 01       		.byte	0x1
 584 0003 25       		.uleb128 0x25
 585 0004 0E       		.uleb128 0xe
 586 0005 13       		.uleb128 0x13
 587 0006 0B       		.uleb128 0xb
 588 0007 03       		.uleb128 0x3
 589 0008 0E       		.uleb128 0xe
 590 0009 1B       		.uleb128 0x1b
 591 000a 0E       		.uleb128 0xe
 592 000b 55       		.uleb128 0x55
 593 000c 17       		.uleb128 0x17
 594 000d 11       		.uleb128 0x11
 595 000e 01       		.uleb128 0x1
 596 000f 10       		.uleb128 0x10
 597 0010 17       		.uleb128 0x17
 598 0011 00       		.byte	0
 599 0012 00       		.byte	0
 600 0013 02       		.uleb128 0x2
 601 0014 24       		.uleb128 0x24
 602 0015 00       		.byte	0
 603 0016 0B       		.uleb128 0xb
 604 0017 0B       		.uleb128 0xb
 605 0018 3E       		.uleb128 0x3e
 606 0019 0B       		.uleb128 0xb
 607 001a 03       		.uleb128 0x3
 608 001b 08       		.uleb128 0x8
 609 001c 00       		.byte	0
ARM GAS  C:\Users\NGUYEN~1\AppData\Local\Temp\ccUquAbO.s 			page 17


 610 001d 00       		.byte	0
 611 001e 03       		.uleb128 0x3
 612 001f 16       		.uleb128 0x16
 613 0020 00       		.byte	0
 614 0021 03       		.uleb128 0x3
 615 0022 0E       		.uleb128 0xe
 616 0023 3A       		.uleb128 0x3a
 617 0024 0B       		.uleb128 0xb
 618 0025 3B       		.uleb128 0x3b
 619 0026 0B       		.uleb128 0xb
 620 0027 49       		.uleb128 0x49
 621 0028 13       		.uleb128 0x13
 622 0029 00       		.byte	0
 623 002a 00       		.byte	0
 624 002b 04       		.uleb128 0x4
 625 002c 24       		.uleb128 0x24
 626 002d 00       		.byte	0
 627 002e 0B       		.uleb128 0xb
 628 002f 0B       		.uleb128 0xb
 629 0030 3E       		.uleb128 0x3e
 630 0031 0B       		.uleb128 0xb
 631 0032 03       		.uleb128 0x3
 632 0033 0E       		.uleb128 0xe
 633 0034 00       		.byte	0
 634 0035 00       		.byte	0
 635 0036 05       		.uleb128 0x5
 636 0037 0F       		.uleb128 0xf
 637 0038 00       		.byte	0
 638 0039 0B       		.uleb128 0xb
 639 003a 0B       		.uleb128 0xb
 640 003b 00       		.byte	0
 641 003c 00       		.byte	0
 642 003d 06       		.uleb128 0x6
 643 003e 16       		.uleb128 0x16
 644 003f 00       		.byte	0
 645 0040 03       		.uleb128 0x3
 646 0041 0E       		.uleb128 0xe
 647 0042 3A       		.uleb128 0x3a
 648 0043 0B       		.uleb128 0xb
 649 0044 3B       		.uleb128 0x3b
 650 0045 05       		.uleb128 0x5
 651 0046 49       		.uleb128 0x49
 652 0047 13       		.uleb128 0x13
 653 0048 00       		.byte	0
 654 0049 00       		.byte	0
 655 004a 07       		.uleb128 0x7
 656 004b 35       		.uleb128 0x35
 657 004c 00       		.byte	0
 658 004d 49       		.uleb128 0x49
 659 004e 13       		.uleb128 0x13
 660 004f 00       		.byte	0
 661 0050 00       		.byte	0
 662 0051 08       		.uleb128 0x8
 663 0052 2E       		.uleb128 0x2e
 664 0053 01       		.byte	0x1
 665 0054 03       		.uleb128 0x3
 666 0055 0E       		.uleb128 0xe
ARM GAS  C:\Users\NGUYEN~1\AppData\Local\Temp\ccUquAbO.s 			page 18


 667 0056 3A       		.uleb128 0x3a
 668 0057 0B       		.uleb128 0xb
 669 0058 3B       		.uleb128 0x3b
 670 0059 0B       		.uleb128 0xb
 671 005a 27       		.uleb128 0x27
 672 005b 19       		.uleb128 0x19
 673 005c 11       		.uleb128 0x11
 674 005d 01       		.uleb128 0x1
 675 005e 12       		.uleb128 0x12
 676 005f 06       		.uleb128 0x6
 677 0060 40       		.uleb128 0x40
 678 0061 18       		.uleb128 0x18
 679 0062 9742     		.uleb128 0x2117
 680 0064 19       		.uleb128 0x19
 681 0065 01       		.uleb128 0x1
 682 0066 13       		.uleb128 0x13
 683 0067 00       		.byte	0
 684 0068 00       		.byte	0
 685 0069 09       		.uleb128 0x9
 686 006a 05       		.uleb128 0x5
 687 006b 00       		.byte	0
 688 006c 03       		.uleb128 0x3
 689 006d 08       		.uleb128 0x8
 690 006e 3A       		.uleb128 0x3a
 691 006f 0B       		.uleb128 0xb
 692 0070 3B       		.uleb128 0x3b
 693 0071 0B       		.uleb128 0xb
 694 0072 49       		.uleb128 0x49
 695 0073 13       		.uleb128 0x13
 696 0074 02       		.uleb128 0x2
 697 0075 17       		.uleb128 0x17
 698 0076 00       		.byte	0
 699 0077 00       		.byte	0
 700 0078 0A       		.uleb128 0xa
 701 0079 898201   		.uleb128 0x4109
 702 007c 01       		.byte	0x1
 703 007d 11       		.uleb128 0x11
 704 007e 01       		.uleb128 0x1
 705 007f 31       		.uleb128 0x31
 706 0080 13       		.uleb128 0x13
 707 0081 00       		.byte	0
 708 0082 00       		.byte	0
 709 0083 0B       		.uleb128 0xb
 710 0084 8A8201   		.uleb128 0x410a
 711 0087 00       		.byte	0
 712 0088 02       		.uleb128 0x2
 713 0089 18       		.uleb128 0x18
 714 008a 9142     		.uleb128 0x2111
 715 008c 18       		.uleb128 0x18
 716 008d 00       		.byte	0
 717 008e 00       		.byte	0
 718 008f 0C       		.uleb128 0xc
 719 0090 898201   		.uleb128 0x4109
 720 0093 01       		.byte	0x1
 721 0094 11       		.uleb128 0x11
 722 0095 01       		.uleb128 0x1
 723 0096 31       		.uleb128 0x31
ARM GAS  C:\Users\NGUYEN~1\AppData\Local\Temp\ccUquAbO.s 			page 19


 724 0097 13       		.uleb128 0x13
 725 0098 01       		.uleb128 0x1
 726 0099 13       		.uleb128 0x13
 727 009a 00       		.byte	0
 728 009b 00       		.byte	0
 729 009c 0D       		.uleb128 0xd
 730 009d 2E       		.uleb128 0x2e
 731 009e 01       		.byte	0x1
 732 009f 3F       		.uleb128 0x3f
 733 00a0 19       		.uleb128 0x19
 734 00a1 03       		.uleb128 0x3
 735 00a2 0E       		.uleb128 0xe
 736 00a3 3A       		.uleb128 0x3a
 737 00a4 0B       		.uleb128 0xb
 738 00a5 3B       		.uleb128 0x3b
 739 00a6 0B       		.uleb128 0xb
 740 00a7 27       		.uleb128 0x27
 741 00a8 19       		.uleb128 0x19
 742 00a9 11       		.uleb128 0x11
 743 00aa 01       		.uleb128 0x1
 744 00ab 12       		.uleb128 0x12
 745 00ac 06       		.uleb128 0x6
 746 00ad 40       		.uleb128 0x40
 747 00ae 18       		.uleb128 0x18
 748 00af 9742     		.uleb128 0x2117
 749 00b1 19       		.uleb128 0x19
 750 00b2 01       		.uleb128 0x1
 751 00b3 13       		.uleb128 0x13
 752 00b4 00       		.byte	0
 753 00b5 00       		.byte	0
 754 00b6 0E       		.uleb128 0xe
 755 00b7 0B       		.uleb128 0xb
 756 00b8 01       		.byte	0x1
 757 00b9 11       		.uleb128 0x11
 758 00ba 01       		.uleb128 0x1
 759 00bb 12       		.uleb128 0x12
 760 00bc 06       		.uleb128 0x6
 761 00bd 01       		.uleb128 0x1
 762 00be 13       		.uleb128 0x13
 763 00bf 00       		.byte	0
 764 00c0 00       		.byte	0
 765 00c1 0F       		.uleb128 0xf
 766 00c2 13       		.uleb128 0x13
 767 00c3 01       		.byte	0x1
 768 00c4 0B       		.uleb128 0xb
 769 00c5 0B       		.uleb128 0xb
 770 00c6 3A       		.uleb128 0x3a
 771 00c7 0B       		.uleb128 0xb
 772 00c8 3B       		.uleb128 0x3b
 773 00c9 0B       		.uleb128 0xb
 774 00ca 01       		.uleb128 0x1
 775 00cb 13       		.uleb128 0x13
 776 00cc 00       		.byte	0
 777 00cd 00       		.byte	0
 778 00ce 10       		.uleb128 0x10
 779 00cf 0D       		.uleb128 0xd
 780 00d0 00       		.byte	0
ARM GAS  C:\Users\NGUYEN~1\AppData\Local\Temp\ccUquAbO.s 			page 20


 781 00d1 03       		.uleb128 0x3
 782 00d2 0E       		.uleb128 0xe
 783 00d3 3A       		.uleb128 0x3a
 784 00d4 0B       		.uleb128 0xb
 785 00d5 3B       		.uleb128 0x3b
 786 00d6 0B       		.uleb128 0xb
 787 00d7 49       		.uleb128 0x49
 788 00d8 13       		.uleb128 0x13
 789 00d9 38       		.uleb128 0x38
 790 00da 0B       		.uleb128 0xb
 791 00db 00       		.byte	0
 792 00dc 00       		.byte	0
 793 00dd 11       		.uleb128 0x11
 794 00de 01       		.uleb128 0x1
 795 00df 01       		.byte	0x1
 796 00e0 49       		.uleb128 0x49
 797 00e1 13       		.uleb128 0x13
 798 00e2 01       		.uleb128 0x1
 799 00e3 13       		.uleb128 0x13
 800 00e4 00       		.byte	0
 801 00e5 00       		.byte	0
 802 00e6 12       		.uleb128 0x12
 803 00e7 21       		.uleb128 0x21
 804 00e8 00       		.byte	0
 805 00e9 49       		.uleb128 0x49
 806 00ea 13       		.uleb128 0x13
 807 00eb 2F       		.uleb128 0x2f
 808 00ec 0B       		.uleb128 0xb
 809 00ed 00       		.byte	0
 810 00ee 00       		.byte	0
 811 00ef 13       		.uleb128 0x13
 812 00f0 26       		.uleb128 0x26
 813 00f1 00       		.byte	0
 814 00f2 49       		.uleb128 0x49
 815 00f3 13       		.uleb128 0x13
 816 00f4 00       		.byte	0
 817 00f5 00       		.byte	0
 818 00f6 14       		.uleb128 0x14
 819 00f7 34       		.uleb128 0x34
 820 00f8 00       		.byte	0
 821 00f9 03       		.uleb128 0x3
 822 00fa 0E       		.uleb128 0xe
 823 00fb 3A       		.uleb128 0x3a
 824 00fc 0B       		.uleb128 0xb
 825 00fd 3B       		.uleb128 0x3b
 826 00fe 05       		.uleb128 0x5
 827 00ff 49       		.uleb128 0x49
 828 0100 13       		.uleb128 0x13
 829 0101 02       		.uleb128 0x2
 830 0102 18       		.uleb128 0x18
 831 0103 00       		.byte	0
 832 0104 00       		.byte	0
 833 0105 15       		.uleb128 0x15
 834 0106 34       		.uleb128 0x34
 835 0107 00       		.byte	0
 836 0108 03       		.uleb128 0x3
 837 0109 08       		.uleb128 0x8
ARM GAS  C:\Users\NGUYEN~1\AppData\Local\Temp\ccUquAbO.s 			page 21


 838 010a 3A       		.uleb128 0x3a
 839 010b 0B       		.uleb128 0xb
 840 010c 3B       		.uleb128 0x3b
 841 010d 05       		.uleb128 0x5
 842 010e 49       		.uleb128 0x49
 843 010f 13       		.uleb128 0x13
 844 0110 02       		.uleb128 0x2
 845 0111 17       		.uleb128 0x17
 846 0112 00       		.byte	0
 847 0113 00       		.byte	0
 848 0114 16       		.uleb128 0x16
 849 0115 0B       		.uleb128 0xb
 850 0116 01       		.byte	0x1
 851 0117 11       		.uleb128 0x11
 852 0118 01       		.uleb128 0x1
 853 0119 12       		.uleb128 0x12
 854 011a 06       		.uleb128 0x6
 855 011b 00       		.byte	0
 856 011c 00       		.byte	0
 857 011d 17       		.uleb128 0x17
 858 011e 0F       		.uleb128 0xf
 859 011f 00       		.byte	0
 860 0120 0B       		.uleb128 0xb
 861 0121 0B       		.uleb128 0xb
 862 0122 49       		.uleb128 0x49
 863 0123 13       		.uleb128 0x13
 864 0124 00       		.byte	0
 865 0125 00       		.byte	0
 866 0126 18       		.uleb128 0x18
 867 0127 898201   		.uleb128 0x4109
 868 012a 00       		.byte	0
 869 012b 11       		.uleb128 0x11
 870 012c 01       		.uleb128 0x1
 871 012d 31       		.uleb128 0x31
 872 012e 13       		.uleb128 0x13
 873 012f 00       		.byte	0
 874 0130 00       		.byte	0
 875 0131 19       		.uleb128 0x19
 876 0132 2E       		.uleb128 0x2e
 877 0133 00       		.byte	0
 878 0134 3F       		.uleb128 0x3f
 879 0135 19       		.uleb128 0x19
 880 0136 3C       		.uleb128 0x3c
 881 0137 19       		.uleb128 0x19
 882 0138 6E       		.uleb128 0x6e
 883 0139 0E       		.uleb128 0xe
 884 013a 03       		.uleb128 0x3
 885 013b 0E       		.uleb128 0xe
 886 013c 00       		.byte	0
 887 013d 00       		.byte	0
 888 013e 1A       		.uleb128 0x1a
 889 013f 2E       		.uleb128 0x2e
 890 0140 00       		.byte	0
 891 0141 3F       		.uleb128 0x3f
 892 0142 19       		.uleb128 0x19
 893 0143 3C       		.uleb128 0x3c
 894 0144 19       		.uleb128 0x19
ARM GAS  C:\Users\NGUYEN~1\AppData\Local\Temp\ccUquAbO.s 			page 22


 895 0145 6E       		.uleb128 0x6e
 896 0146 0E       		.uleb128 0xe
 897 0147 03       		.uleb128 0x3
 898 0148 0E       		.uleb128 0xe
 899 0149 3A       		.uleb128 0x3a
 900 014a 0B       		.uleb128 0xb
 901 014b 3B       		.uleb128 0x3b
 902 014c 0B       		.uleb128 0xb
 903 014d 00       		.byte	0
 904 014e 00       		.byte	0
 905 014f 00       		.byte	0
 906              		.section	.debug_loc,"",%progbits
 907              	.Ldebug_loc0:
 908              	.LLST0:
 909 0000 00000000 		.4byte	.LVL0
 910 0004 09000000 		.4byte	.LVL2-1
 911 0008 0100     		.2byte	0x1
 912 000a 50       		.byte	0x50
 913 000b 09000000 		.4byte	.LVL2-1
 914 000f 0C000000 		.4byte	.LFE0
 915 0013 0400     		.2byte	0x4
 916 0015 F3       		.byte	0xf3
 917 0016 01       		.uleb128 0x1
 918 0017 50       		.byte	0x50
 919 0018 9F       		.byte	0x9f
 920 0019 00000000 		.4byte	0
 921 001d 00000000 		.4byte	0
 922              	.LLST1:
 923 0021 00000000 		.4byte	.LVL0
 924 0025 06000000 		.4byte	.LVL1
 925 0029 0100     		.2byte	0x1
 926 002b 51       		.byte	0x51
 927 002c 06000000 		.4byte	.LVL1
 928 0030 09000000 		.4byte	.LVL2-1
 929 0034 0100     		.2byte	0x1
 930 0036 52       		.byte	0x52
 931 0037 09000000 		.4byte	.LVL2-1
 932 003b 0C000000 		.4byte	.LFE0
 933 003f 0400     		.2byte	0x4
 934 0041 F3       		.byte	0xf3
 935 0042 01       		.uleb128 0x1
 936 0043 51       		.byte	0x51
 937 0044 9F       		.byte	0x9f
 938 0045 00000000 		.4byte	0
 939 0049 00000000 		.4byte	0
 940              	.LLST2:
 941 004d 7C000000 		.4byte	.LVL6
 942 0051 80000000 		.4byte	.LVL7
 943 0055 0200     		.2byte	0x2
 944 0057 30       		.byte	0x30
 945 0058 9F       		.byte	0x9f
 946 0059 80000000 		.4byte	.LVL7
 947 005d 9E000000 		.4byte	.LVL9
 948 0061 0100     		.2byte	0x1
 949 0063 54       		.byte	0x54
 950 0064 A0000000 		.4byte	.LVL10
 951 0068 E2000000 		.4byte	.LVL12
ARM GAS  C:\Users\NGUYEN~1\AppData\Local\Temp\ccUquAbO.s 			page 23


 952 006c 0100     		.2byte	0x1
 953 006e 54       		.byte	0x54
 954 006f 00000000 		.4byte	0
 955 0073 00000000 		.4byte	0
 956              	.LLST3:
 957 0077 80000000 		.4byte	.LVL7
 958 007b 9E000000 		.4byte	.LVL9
 959 007f 0B00     		.2byte	0xb
 960 0081 74       		.byte	0x74
 961 0082 00       		.sleb128 0
 962 0083 36       		.byte	0x36
 963 0084 1E       		.byte	0x1e
 964 0085 03       		.byte	0x3
 965 0086 00000000 		.4byte	cfg_memset_list.4847
 966 008a 22       		.byte	0x22
 967 008b 9F       		.byte	0x9f
 968 008c 9E000000 		.4byte	.LVL9
 969 0090 A0000000 		.4byte	.LVL10
 970 0094 0B00     		.2byte	0xb
 971 0096 74       		.byte	0x74
 972 0097 7F       		.sleb128 -1
 973 0098 36       		.byte	0x36
 974 0099 1E       		.byte	0x1e
 975 009a 03       		.byte	0x3
 976 009b 00000000 		.4byte	cfg_memset_list.4847
 977 009f 22       		.byte	0x22
 978 00a0 9F       		.byte	0x9f
 979 00a1 00000000 		.4byte	0
 980 00a5 00000000 		.4byte	0
 981              		.section	.debug_aranges,"",%progbits
 982 0000 2C000000 		.4byte	0x2c
 983 0004 0200     		.2byte	0x2
 984 0006 00000000 		.4byte	.Ldebug_info0
 985 000a 04       		.byte	0x4
 986 000b 00       		.byte	0
 987 000c 0000     		.2byte	0
 988 000e 0000     		.2byte	0
 989 0010 00000000 		.4byte	.LFB0
 990 0014 0C000000 		.4byte	.LFE0-.LFB0
 991 0018 00000000 		.4byte	.LFB3
 992 001c 78000000 		.4byte	.LFE3-.LFB3
 993 0020 78000000 		.4byte	.LFB5
 994 0024 90000000 		.4byte	.LFE5-.LFB5
 995 0028 00000000 		.4byte	0
 996 002c 00000000 		.4byte	0
 997              		.section	.debug_ranges,"",%progbits
 998              	.Ldebug_ranges0:
 999 0000 00000000 		.4byte	.LFB0
 1000 0004 0C000000 		.4byte	.LFE0
 1001 0008 00000000 		.4byte	.LFB3
 1002 000c 78000000 		.4byte	.LFE3
 1003 0010 78000000 		.4byte	.LFB5
 1004 0014 08010000 		.4byte	.LFE5
 1005 0018 00000000 		.4byte	0
 1006 001c 00000000 		.4byte	0
 1007              		.section	.debug_line,"",%progbits
 1008              	.Ldebug_line0:
ARM GAS  C:\Users\NGUYEN~1\AppData\Local\Temp\ccUquAbO.s 			page 24


 1009 0000 2D010000 		.section	.debug_str,"MS",%progbits,1
 1009      0200D600 
 1009      00000201 
 1009      FB0E0D00 
 1009      01010101 
 1010              	.LASF19:
 1011 0000 72656733 		.ascii	"reg32\000"
 1011      3200
 1012              	.LASF12:
 1013 0006 73697A65 		.ascii	"size_t\000"
 1013      5F7400
 1014              	.LASF27:
 1015 000d 4379496E 		.ascii	"CyIntSetVector\000"
 1015      74536574 
 1015      56656374 
 1015      6F7200
 1016              	.LASF25:
 1017 001c 6366675F 		.ascii	"cfg_memset_list\000"
 1017      6D656D73 
 1017      65745F6C 
 1017      69737400 
 1018              	.LASF21:
 1019 002c 436C6F63 		.ascii	"ClockSetup\000"
 1019      6B536574 
 1019      757000
 1020              	.LASF6:
 1021 0037 73686F72 		.ascii	"short unsigned int\000"
 1021      7420756E 
 1021      7369676E 
 1021      65642069 
 1021      6E7400
 1022              	.LASF16:
 1023 004a 666C6F61 		.ascii	"float\000"
 1023      7400
 1024              	.LASF23:
 1025 0050 73697A65 		.ascii	"size\000"
 1025      00
 1026              	.LASF18:
 1027 0055 72656738 		.ascii	"reg8\000"
 1027      00
 1028              	.LASF8:
 1029 005a 6C6F6E67 		.ascii	"long unsigned int\000"
 1029      20756E73 
 1029      69676E65 
 1029      6420696E 
 1029      7400
 1030              	.LASF13:
 1031 006c 75696E74 		.ascii	"uint8\000"
 1031      3800
 1032              	.LASF20:
 1033 0072 43594D45 		.ascii	"CYMEMZERO\000"
 1033      4D5A4552 
 1033      4F00
 1034              	.LASF4:
 1035 007c 756E7369 		.ascii	"unsigned char\000"
 1035      676E6564 
 1035      20636861 
ARM GAS  C:\Users\NGUYEN~1\AppData\Local\Temp\ccUquAbO.s 			page 25


 1035      7200
 1036              	.LASF33:
 1037 008a 6D656D73 		.ascii	"memset\000"
 1037      657400
 1038              	.LASF31:
 1039 0091 443A5C70 		.ascii	"D:\\psoc\\theory\\pwm_motor_servo\\pwm.cydsn\000"
 1039      736F635C 
 1039      7468656F 
 1039      72795C70 
 1039      776D5F6D 
 1040              	.LASF17:
 1041 00ba 646F7562 		.ascii	"double\000"
 1041      6C6500
 1042              	.LASF28:
 1043 00c1 4379496E 		.ascii	"CyIntEnable\000"
 1043      74456E61 
 1043      626C6500 
 1044              	.LASF14:
 1045 00cd 75696E74 		.ascii	"uint16\000"
 1045      313600
 1046              	.LASF15:
 1047 00d4 75696E74 		.ascii	"uint32\000"
 1047      333200
 1048              	.LASF0:
 1049 00db 756E7369 		.ascii	"unsigned int\000"
 1049      676E6564 
 1049      20696E74 
 1049      00
 1050              	.LASF32:
 1051 00e8 63796669 		.ascii	"cyfitter_cfg\000"
 1051      74746572 
 1051      5F636667 
 1051      00
 1052              	.LASF22:
 1053 00f5 61646472 		.ascii	"address\000"
 1053      65737300 
 1054              	.LASF9:
 1055 00fd 6C6F6E67 		.ascii	"long long unsigned int\000"
 1055      206C6F6E 
 1055      6720756E 
 1055      7369676E 
 1055      65642069 
 1056              	.LASF29:
 1057 0114 474E5520 		.ascii	"GNU C11 5.4.1 20160609 (release) [ARM/embedded-5-br"
 1057      43313120 
 1057      352E342E 
 1057      31203230 
 1057      31363036 
 1058 0147 616E6368 		.ascii	"anch revision 237715] -mcpu=cortex-m0 -mthumb -g -O"
 1058      20726576 
 1058      6973696F 
 1058      6E203233 
 1058      37373135 
 1059 017a 67202D66 		.ascii	"g -ffunction-sections -ffat-lto-objects\000"
 1059      66756E63 
 1059      74696F6E 
 1059      2D736563 
ARM GAS  C:\Users\NGUYEN~1\AppData\Local\Temp\ccUquAbO.s 			page 26


 1059      74696F6E 
 1060              	.LASF24:
 1061 01a2 6366675F 		.ascii	"cfg_memset_t\000"
 1061      6D656D73 
 1061      65745F74 
 1061      00
 1062              	.LASF10:
 1063 01af 73697A65 		.ascii	"sizetype\000"
 1063      74797065 
 1063      00
 1064              	.LASF1:
 1065 01b8 6C6F6E67 		.ascii	"long long int\000"
 1065      206C6F6E 
 1065      6720696E 
 1065      7400
 1066              	.LASF11:
 1067 01c6 63686172 		.ascii	"char\000"
 1067      00
 1068              	.LASF5:
 1069 01cb 73686F72 		.ascii	"short int\000"
 1069      7420696E 
 1069      7400
 1070              	.LASF26:
 1071 01d5 43795379 		.ascii	"CySysClkWriteImoFreq\000"
 1071      73436C6B 
 1071      57726974 
 1071      65496D6F 
 1071      46726571 
 1072              	.LASF7:
 1073 01ea 6C6F6E67 		.ascii	"long int\000"
 1073      20696E74 
 1073      00
 1074              	.LASF2:
 1075 01f3 6C6F6E67 		.ascii	"long double\000"
 1075      20646F75 
 1075      626C6500 
 1076              	.LASF3:
 1077 01ff 7369676E 		.ascii	"signed char\000"
 1077      65642063 
 1077      68617200 
 1078              	.LASF30:
 1079 020b 47656E65 		.ascii	"Generated_Source\\PSoC4\\cyfitter_cfg.c\000"
 1079      72617465 
 1079      645F536F 
 1079      75726365 
 1079      5C50536F 
 1080              		.ident	"GCC: (GNU Tools for ARM Embedded Processors) 5.4.1 20160609 (release) [ARM/embedded-5-bran
