ARM GAS  C:\Users\NGUYEN~1\AppData\Local\Temp\cc2jDhrd.s 			page 1


   1              		.syntax unified
   2              		.cpu cortex-m0
   3              		.fpu softvfp
   4              		.eabi_attribute 20, 1
   5              		.eabi_attribute 21, 1
   6              		.eabi_attribute 23, 3
   7              		.eabi_attribute 24, 1
   8              		.eabi_attribute 25, 1
   9              		.eabi_attribute 26, 1
  10              		.eabi_attribute 30, 1
  11              		.eabi_attribute 34, 0
  12              		.eabi_attribute 18, 4
  13              		.thumb
  14              		.syntax unified
  15              		.file	"ledSingle.c"
  16              		.text
  17              	.Ltext0:
  18              		.cfi_sections	.debug_frame
  19              		.section	.text.lightIncrement,"ax",%progbits
  20              		.align	2
  21              		.global	lightIncrement
  22              		.code	16
  23              		.thumb_func
  24              		.type	lightIncrement, %function
  25              	lightIncrement:
  26              	.LFB32:
  27              		.file 1 "ledSingle.c"
   1:ledSingle.c   **** /* ========================================
   2:ledSingle.c   ****  *
   3:ledSingle.c   ****  * Copyright YOUR COMPANY, THE YEAR
   4:ledSingle.c   ****  * All Rights Reserved
   5:ledSingle.c   ****  * UNPUBLISHED, LICENSED SOFTWARE.
   6:ledSingle.c   ****  *
   7:ledSingle.c   ****  * CONFIDENTIAL AND PROPRIETARY INFORMATION
   8:ledSingle.c   ****  * WHICH IS THE PROPERTY OF your company.
   9:ledSingle.c   ****  *
  10:ledSingle.c   ****  * ========================================
  11:ledSingle.c   **** */
  12:ledSingle.c   **** #include "project.h"
  13:ledSingle.c   **** #include "ledSingle.h"
  14:ledSingle.c   **** 
  15:ledSingle.c   **** void lightIncrement()
  16:ledSingle.c   **** {
  28              		.loc 1 16 0
  29              		.cfi_startproc
  30              		@ args = 0, pretend = 0, frame = 0
  31              		@ frame_needed = 0, uses_anonymous_args = 0
  32 0000 10B5     		push	{r4, lr}
  33              		.cfi_def_cfa_offset 8
  34              		.cfi_offset 4, -8
  35              		.cfi_offset 14, -4
  17:ledSingle.c   ****     static unsigned int compear_value = 0;
  18:ledSingle.c   ****     compear_value += 1000;
  36              		.loc 1 18 0
  37 0002 094A     		ldr	r2, .L3
  38 0004 1368     		ldr	r3, [r2]
  39 0006 FA21     		movs	r1, #250
ARM GAS  C:\Users\NGUYEN~1\AppData\Local\Temp\cc2jDhrd.s 			page 2


  40 0008 8900     		lsls	r1, r1, #2
  41 000a 8C46     		mov	ip, r1
  42 000c 6344     		add	r3, r3, ip
  43 000e 1360     		str	r3, [r2]
  19:ledSingle.c   ****     if(compear_value>=20000)
  44              		.loc 1 19 0
  45 0010 064A     		ldr	r2, .L3+4
  46 0012 9342     		cmp	r3, r2
  47 0014 02D9     		bls	.L2
  20:ledSingle.c   ****         compear_value = 0;
  48              		.loc 1 20 0
  49 0016 0022     		movs	r2, #0
  50 0018 034B     		ldr	r3, .L3
  51 001a 1A60     		str	r2, [r3]
  52              	.L2:
  21:ledSingle.c   ****       
  22:ledSingle.c   ****     pwm_WriteCompare(compear_value);
  53              		.loc 1 22 0
  54 001c 024B     		ldr	r3, .L3
  55 001e 1868     		ldr	r0, [r3]
  56 0020 FFF7FEFF 		bl	pwm_WriteCompare
  57              	.LVL0:
  23:ledSingle.c   **** }
  58              		.loc 1 23 0
  59              		@ sp needed
  60 0024 10BD     		pop	{r4, pc}
  61              	.L4:
  62 0026 C046     		.align	2
  63              	.L3:
  64 0028 00000000 		.word	.LANCHOR0
  65 002c 1F4E0000 		.word	19999
  66              		.cfi_endproc
  67              	.LFE32:
  68              		.size	lightIncrement, .-lightIncrement
  69              		.bss
  70              		.align	2
  71              		.set	.LANCHOR0,. + 0
  72              		.type	compear_value.5191, %object
  73              		.size	compear_value.5191, 4
  74              	compear_value.5191:
  75 0000 00000000 		.space	4
  76              		.text
  77              	.Letext0:
  78              		.file 2 "Generated_Source\\PSoC4/pwm.h"
  79              		.section	.debug_info,"",%progbits
  80              	.Ldebug_info0:
  81 0000 C7000000 		.4byte	0xc7
  82 0004 0400     		.2byte	0x4
  83 0006 00000000 		.4byte	.Ldebug_abbrev0
  84 000a 04       		.byte	0x4
  85 000b 01       		.uleb128 0x1
  86 000c A7000000 		.4byte	.LASF14
  87 0010 0C       		.byte	0xc
  88 0011 7C000000 		.4byte	.LASF15
  89 0015 6A010000 		.4byte	.LASF16
  90 0019 00000000 		.4byte	.Ldebug_ranges0+0
  91 001d 00000000 		.4byte	0
ARM GAS  C:\Users\NGUYEN~1\AppData\Local\Temp\cc2jDhrd.s 			page 3


  92 0021 00000000 		.4byte	.Ldebug_line0
  93 0025 02       		.uleb128 0x2
  94 0026 01       		.byte	0x1
  95 0027 06       		.byte	0x6
  96 0028 48010000 		.4byte	.LASF0
  97 002c 02       		.uleb128 0x2
  98 002d 01       		.byte	0x1
  99 002e 08       		.byte	0x8
 100 002f 6E000000 		.4byte	.LASF1
 101 0033 02       		.uleb128 0x2
 102 0034 02       		.byte	0x2
 103 0035 05       		.byte	0x5
 104 0036 60010000 		.4byte	.LASF2
 105 003a 02       		.uleb128 0x2
 106 003b 02       		.byte	0x2
 107 003c 07       		.byte	0x7
 108 003d 35010000 		.4byte	.LASF3
 109 0041 02       		.uleb128 0x2
 110 0042 04       		.byte	0x4
 111 0043 05       		.byte	0x5
 112 0044 88000000 		.4byte	.LASF4
 113 0048 02       		.uleb128 0x2
 114 0049 04       		.byte	0x4
 115 004a 07       		.byte	0x7
 116 004b 2C000000 		.4byte	.LASF5
 117 004f 02       		.uleb128 0x2
 118 0050 08       		.byte	0x8
 119 0051 05       		.byte	0x5
 120 0052 00000000 		.4byte	.LASF6
 121 0056 02       		.uleb128 0x2
 122 0057 08       		.byte	0x8
 123 0058 07       		.byte	0x7
 124 0059 3E000000 		.4byte	.LASF7
 125 005d 03       		.uleb128 0x3
 126 005e 04       		.byte	0x4
 127 005f 05       		.byte	0x5
 128 0060 696E7400 		.ascii	"int\000"
 129 0064 02       		.uleb128 0x2
 130 0065 04       		.byte	0x4
 131 0066 07       		.byte	0x7
 132 0067 0E000000 		.4byte	.LASF8
 133 006b 02       		.uleb128 0x2
 134 006c 04       		.byte	0x4
 135 006d 04       		.byte	0x4
 136 006e 55000000 		.4byte	.LASF9
 137 0072 02       		.uleb128 0x2
 138 0073 08       		.byte	0x8
 139 0074 04       		.byte	0x4
 140 0075 A0000000 		.4byte	.LASF10
 141 0079 02       		.uleb128 0x2
 142 007a 01       		.byte	0x1
 143 007b 08       		.byte	0x8
 144 007c 69000000 		.4byte	.LASF11
 145 0080 02       		.uleb128 0x2
 146 0081 08       		.byte	0x8
 147 0082 04       		.byte	0x4
 148 0083 54010000 		.4byte	.LASF12
ARM GAS  C:\Users\NGUYEN~1\AppData\Local\Temp\cc2jDhrd.s 			page 4


 149 0087 02       		.uleb128 0x2
 150 0088 04       		.byte	0x4
 151 0089 07       		.byte	0x7
 152 008a 93010000 		.4byte	.LASF13
 153 008e 04       		.uleb128 0x4
 154 008f 91000000 		.4byte	.LASF17
 155 0093 01       		.byte	0x1
 156 0094 0F       		.byte	0xf
 157 0095 00000000 		.4byte	.LFB32
 158 0099 30000000 		.4byte	.LFE32-.LFB32
 159 009d 01       		.uleb128 0x1
 160 009e 9C       		.byte	0x9c
 161 009f BE000000 		.4byte	0xbe
 162 00a3 05       		.uleb128 0x5
 163 00a4 5B000000 		.4byte	.LASF18
 164 00a8 01       		.byte	0x1
 165 00a9 11       		.byte	0x11
 166 00aa 64000000 		.4byte	0x64
 167 00ae 05       		.uleb128 0x5
 168 00af 03       		.byte	0x3
 169 00b0 00000000 		.4byte	compear_value.5191
 170 00b4 06       		.uleb128 0x6
 171 00b5 24000000 		.4byte	.LVL0
 172 00b9 BE000000 		.4byte	0xbe
 173 00bd 00       		.byte	0
 174 00be 07       		.uleb128 0x7
 175 00bf 1B000000 		.4byte	.LASF19
 176 00c3 1B000000 		.4byte	.LASF19
 177 00c7 02       		.byte	0x2
 178 00c8 5501     		.2byte	0x155
 179 00ca 00       		.byte	0
 180              		.section	.debug_abbrev,"",%progbits
 181              	.Ldebug_abbrev0:
 182 0000 01       		.uleb128 0x1
 183 0001 11       		.uleb128 0x11
 184 0002 01       		.byte	0x1
 185 0003 25       		.uleb128 0x25
 186 0004 0E       		.uleb128 0xe
 187 0005 13       		.uleb128 0x13
 188 0006 0B       		.uleb128 0xb
 189 0007 03       		.uleb128 0x3
 190 0008 0E       		.uleb128 0xe
 191 0009 1B       		.uleb128 0x1b
 192 000a 0E       		.uleb128 0xe
 193 000b 55       		.uleb128 0x55
 194 000c 17       		.uleb128 0x17
 195 000d 11       		.uleb128 0x11
 196 000e 01       		.uleb128 0x1
 197 000f 10       		.uleb128 0x10
 198 0010 17       		.uleb128 0x17
 199 0011 00       		.byte	0
 200 0012 00       		.byte	0
 201 0013 02       		.uleb128 0x2
 202 0014 24       		.uleb128 0x24
 203 0015 00       		.byte	0
 204 0016 0B       		.uleb128 0xb
 205 0017 0B       		.uleb128 0xb
ARM GAS  C:\Users\NGUYEN~1\AppData\Local\Temp\cc2jDhrd.s 			page 5


 206 0018 3E       		.uleb128 0x3e
 207 0019 0B       		.uleb128 0xb
 208 001a 03       		.uleb128 0x3
 209 001b 0E       		.uleb128 0xe
 210 001c 00       		.byte	0
 211 001d 00       		.byte	0
 212 001e 03       		.uleb128 0x3
 213 001f 24       		.uleb128 0x24
 214 0020 00       		.byte	0
 215 0021 0B       		.uleb128 0xb
 216 0022 0B       		.uleb128 0xb
 217 0023 3E       		.uleb128 0x3e
 218 0024 0B       		.uleb128 0xb
 219 0025 03       		.uleb128 0x3
 220 0026 08       		.uleb128 0x8
 221 0027 00       		.byte	0
 222 0028 00       		.byte	0
 223 0029 04       		.uleb128 0x4
 224 002a 2E       		.uleb128 0x2e
 225 002b 01       		.byte	0x1
 226 002c 3F       		.uleb128 0x3f
 227 002d 19       		.uleb128 0x19
 228 002e 03       		.uleb128 0x3
 229 002f 0E       		.uleb128 0xe
 230 0030 3A       		.uleb128 0x3a
 231 0031 0B       		.uleb128 0xb
 232 0032 3B       		.uleb128 0x3b
 233 0033 0B       		.uleb128 0xb
 234 0034 11       		.uleb128 0x11
 235 0035 01       		.uleb128 0x1
 236 0036 12       		.uleb128 0x12
 237 0037 06       		.uleb128 0x6
 238 0038 40       		.uleb128 0x40
 239 0039 18       		.uleb128 0x18
 240 003a 9742     		.uleb128 0x2117
 241 003c 19       		.uleb128 0x19
 242 003d 01       		.uleb128 0x1
 243 003e 13       		.uleb128 0x13
 244 003f 00       		.byte	0
 245 0040 00       		.byte	0
 246 0041 05       		.uleb128 0x5
 247 0042 34       		.uleb128 0x34
 248 0043 00       		.byte	0
 249 0044 03       		.uleb128 0x3
 250 0045 0E       		.uleb128 0xe
 251 0046 3A       		.uleb128 0x3a
 252 0047 0B       		.uleb128 0xb
 253 0048 3B       		.uleb128 0x3b
 254 0049 0B       		.uleb128 0xb
 255 004a 49       		.uleb128 0x49
 256 004b 13       		.uleb128 0x13
 257 004c 02       		.uleb128 0x2
 258 004d 18       		.uleb128 0x18
 259 004e 00       		.byte	0
 260 004f 00       		.byte	0
 261 0050 06       		.uleb128 0x6
 262 0051 898201   		.uleb128 0x4109
ARM GAS  C:\Users\NGUYEN~1\AppData\Local\Temp\cc2jDhrd.s 			page 6


 263 0054 00       		.byte	0
 264 0055 11       		.uleb128 0x11
 265 0056 01       		.uleb128 0x1
 266 0057 31       		.uleb128 0x31
 267 0058 13       		.uleb128 0x13
 268 0059 00       		.byte	0
 269 005a 00       		.byte	0
 270 005b 07       		.uleb128 0x7
 271 005c 2E       		.uleb128 0x2e
 272 005d 00       		.byte	0
 273 005e 3F       		.uleb128 0x3f
 274 005f 19       		.uleb128 0x19
 275 0060 3C       		.uleb128 0x3c
 276 0061 19       		.uleb128 0x19
 277 0062 6E       		.uleb128 0x6e
 278 0063 0E       		.uleb128 0xe
 279 0064 03       		.uleb128 0x3
 280 0065 0E       		.uleb128 0xe
 281 0066 3A       		.uleb128 0x3a
 282 0067 0B       		.uleb128 0xb
 283 0068 3B       		.uleb128 0x3b
 284 0069 05       		.uleb128 0x5
 285 006a 00       		.byte	0
 286 006b 00       		.byte	0
 287 006c 00       		.byte	0
 288              		.section	.debug_aranges,"",%progbits
 289 0000 1C000000 		.4byte	0x1c
 290 0004 0200     		.2byte	0x2
 291 0006 00000000 		.4byte	.Ldebug_info0
 292 000a 04       		.byte	0x4
 293 000b 00       		.byte	0
 294 000c 0000     		.2byte	0
 295 000e 0000     		.2byte	0
 296 0010 00000000 		.4byte	.LFB32
 297 0014 30000000 		.4byte	.LFE32-.LFB32
 298 0018 00000000 		.4byte	0
 299 001c 00000000 		.4byte	0
 300              		.section	.debug_ranges,"",%progbits
 301              	.Ldebug_ranges0:
 302 0000 00000000 		.4byte	.LFB32
 303 0004 30000000 		.4byte	.LFE32
 304 0008 00000000 		.4byte	0
 305 000c 00000000 		.4byte	0
 306              		.section	.debug_line,"",%progbits
 307              	.Ldebug_line0:
 308 0000 5C000000 		.section	.debug_str,"MS",%progbits,1
 308      02004200 
 308      00000201 
 308      FB0E0D00 
 308      01010101 
 309              	.LASF6:
 310 0000 6C6F6E67 		.ascii	"long long int\000"
 310      206C6F6E 
 310      6720696E 
 310      7400
 311              	.LASF8:
 312 000e 756E7369 		.ascii	"unsigned int\000"
ARM GAS  C:\Users\NGUYEN~1\AppData\Local\Temp\cc2jDhrd.s 			page 7


 312      676E6564 
 312      20696E74 
 312      00
 313              	.LASF19:
 314 001b 70776D5F 		.ascii	"pwm_WriteCompare\000"
 314      57726974 
 314      65436F6D 
 314      70617265 
 314      00
 315              	.LASF5:
 316 002c 6C6F6E67 		.ascii	"long unsigned int\000"
 316      20756E73 
 316      69676E65 
 316      6420696E 
 316      7400
 317              	.LASF7:
 318 003e 6C6F6E67 		.ascii	"long long unsigned int\000"
 318      206C6F6E 
 318      6720756E 
 318      7369676E 
 318      65642069 
 319              	.LASF9:
 320 0055 666C6F61 		.ascii	"float\000"
 320      7400
 321              	.LASF18:
 322 005b 636F6D70 		.ascii	"compear_value\000"
 322      6561725F 
 322      76616C75 
 322      6500
 323              	.LASF11:
 324 0069 63686172 		.ascii	"char\000"
 324      00
 325              	.LASF1:
 326 006e 756E7369 		.ascii	"unsigned char\000"
 326      676E6564 
 326      20636861 
 326      7200
 327              	.LASF15:
 328 007c 6C656453 		.ascii	"ledSingle.c\000"
 328      696E676C 
 328      652E6300 
 329              	.LASF4:
 330 0088 6C6F6E67 		.ascii	"long int\000"
 330      20696E74 
 330      00
 331              	.LASF17:
 332 0091 6C696768 		.ascii	"lightIncrement\000"
 332      74496E63 
 332      72656D65 
 332      6E7400
 333              	.LASF10:
 334 00a0 646F7562 		.ascii	"double\000"
 334      6C6500
 335              	.LASF14:
 336 00a7 474E5520 		.ascii	"GNU C11 5.4.1 20160609 (release) [ARM/embedded-5-br"
 336      43313120 
 336      352E342E 
ARM GAS  C:\Users\NGUYEN~1\AppData\Local\Temp\cc2jDhrd.s 			page 8


 336      31203230 
 336      31363036 
 337 00da 616E6368 		.ascii	"anch revision 237715] -mcpu=cortex-m0 -mthumb -g -O"
 337      20726576 
 337      6973696F 
 337      6E203233 
 337      37373135 
 338 010d 67202D66 		.ascii	"g -ffunction-sections -ffat-lto-objects\000"
 338      66756E63 
 338      74696F6E 
 338      2D736563 
 338      74696F6E 
 339              	.LASF3:
 340 0135 73686F72 		.ascii	"short unsigned int\000"
 340      7420756E 
 340      7369676E 
 340      65642069 
 340      6E7400
 341              	.LASF0:
 342 0148 7369676E 		.ascii	"signed char\000"
 342      65642063 
 342      68617200 
 343              	.LASF12:
 344 0154 6C6F6E67 		.ascii	"long double\000"
 344      20646F75 
 344      626C6500 
 345              	.LASF2:
 346 0160 73686F72 		.ascii	"short int\000"
 346      7420696E 
 346      7400
 347              	.LASF16:
 348 016a 443A5C70 		.ascii	"D:\\psoc\\theory\\pwm_motor_servo\\pwm.cydsn\000"
 348      736F635C 
 348      7468656F 
 348      72795C70 
 348      776D5F6D 
 349              	.LASF13:
 350 0193 73697A65 		.ascii	"sizetype\000"
 350      74797065 
 350      00
 351              		.ident	"GCC: (GNU Tools for ARM Embedded Processors) 5.4.1 20160609 (release) [ARM/embedded-5-bran
