ARM GAS  C:\Users\NGUYEN~1\AppData\Local\Temp\cc3DDwGj.s 			page 1


   1              		.syntax unified
   2              		.cpu cortex-m0
   3              		.fpu softvfp
   4              		.eabi_attribute 20, 1
   5              		.eabi_attribute 21, 1
   6              		.eabi_attribute 23, 3
   7              		.eabi_attribute 24, 1
   8              		.eabi_attribute 25, 1
   9              		.eabi_attribute 26, 1
  10              		.eabi_attribute 30, 1
  11              		.eabi_attribute 34, 0
  12              		.eabi_attribute 18, 4
  13              		.thumb
  14              		.syntax unified
  15              		.file	"main.c"
  16              		.text
  17              	.Ltext0:
  18              		.cfi_sections	.debug_frame
  19              		.section	.text.configSystem,"ax",%progbits
  20              		.align	2
  21              		.global	configSystem
  22              		.code	16
  23              		.thumb_func
  24              		.type	configSystem, %function
  25              	configSystem:
  26              	.LFB33:
  27              		.file 1 "main.c"
   1:main.c        **** /* ========================================
   2:main.c        ****  *
   3:main.c        ****  * Copyright YOUR COMPANY, THE YEAR
   4:main.c        ****  * All Rights Reserved
   5:main.c        ****  * UNPUBLISHED, LICENSED SOFTWARE.
   6:main.c        ****  *
   7:main.c        ****  * CONFIDENTIAL AND PROPRIETARY INFORMATION
   8:main.c        ****  * WHICH IS THE PROPERTY OF your company.
   9:main.c        ****  *
  10:main.c        ****  * ========================================
  11:main.c        **** */
  12:main.c        **** #include "project.h"
  13:main.c        **** #include "main.h"
  14:main.c        **** 
  15:main.c        **** #include "servo.h"
  16:main.c        **** #include "ledSingle.h"
  17:main.c        **** 
  18:main.c        **** int main(void)
  19:main.c        **** {
  20:main.c        ****     CyGlobalIntEnable; /* Enable global interrupts. */
  21:main.c        ****     
  22:main.c        ****     configSystem();
  23:main.c        ****     
  24:main.c        ****     int value = 50;
  25:main.c        ****     
  26:main.c        ****     for(;;)
  27:main.c        ****     {
  28:main.c        ****         value = 50;
  29:main.c        ****         from0DegreeTo180Degree(&value);
  30:main.c        ****         CyDelay(1000);
ARM GAS  C:\Users\NGUYEN~1\AppData\Local\Temp\cc3DDwGj.s 			page 2


  31:main.c        ****         
  32:main.c        ****         value = 100;
  33:main.c        ****         from0DegreeTo180Degree(&value);
  34:main.c        ****         CyDelay(1000);
  35:main.c        ****     }
  36:main.c        **** }
  37:main.c        **** 
  38:main.c        **** void configSystem()
  39:main.c        **** {
  28              		.loc 1 39 0
  29              		.cfi_startproc
  30              		@ args = 0, pretend = 0, frame = 0
  31              		@ frame_needed = 0, uses_anonymous_args = 0
  32 0000 10B5     		push	{r4, lr}
  33              		.cfi_def_cfa_offset 8
  34              		.cfi_offset 4, -8
  35              		.cfi_offset 14, -4
  40:main.c        ****     pwm_Start();
  36              		.loc 1 40 0
  37 0002 FFF7FEFF 		bl	pwm_Start
  38              	.LVL0:
  41:main.c        **** }
  39              		.loc 1 41 0
  40              		@ sp needed
  41 0006 10BD     		pop	{r4, pc}
  42              		.cfi_endproc
  43              	.LFE33:
  44              		.size	configSystem, .-configSystem
  45              		.section	.text.main,"ax",%progbits
  46              		.align	2
  47              		.global	main
  48              		.code	16
  49              		.thumb_func
  50              		.type	main, %function
  51              	main:
  52              	.LFB32:
  19:main.c        ****     CyGlobalIntEnable; /* Enable global interrupts. */
  53              		.loc 1 19 0
  54              		.cfi_startproc
  55              		@ args = 0, pretend = 0, frame = 8
  56              		@ frame_needed = 0, uses_anonymous_args = 0
  57 0000 10B5     		push	{r4, lr}
  58              		.cfi_def_cfa_offset 8
  59              		.cfi_offset 4, -8
  60              		.cfi_offset 14, -4
  61 0002 82B0     		sub	sp, sp, #8
  62              		.cfi_def_cfa_offset 16
  20:main.c        ****     
  63              		.loc 1 20 0
  64              		.syntax divided
  65              	@ 20 "main.c" 1
  66 0004 62B6     		CPSIE   i
  67              	@ 0 "" 2
  22:main.c        ****     
  68              		.loc 1 22 0
  69              		.thumb
  70              		.syntax unified
ARM GAS  C:\Users\NGUYEN~1\AppData\Local\Temp\cc3DDwGj.s 			page 3


  71 0006 FFF7FEFF 		bl	configSystem
  72              	.LVL1:
  73              	.L3:
  28:main.c        ****         from0DegreeTo180Degree(&value);
  74              		.loc 1 28 0 discriminator 1
  75 000a 3223     		movs	r3, #50
  76 000c 0193     		str	r3, [sp, #4]
  29:main.c        ****         CyDelay(1000);
  77              		.loc 1 29 0 discriminator 1
  78 000e 01A8     		add	r0, sp, #4
  79 0010 FFF7FEFF 		bl	from0DegreeTo180Degree
  80              	.LVL2:
  30:main.c        ****         
  81              		.loc 1 30 0 discriminator 1
  82 0014 FA24     		movs	r4, #250
  83 0016 A400     		lsls	r4, r4, #2
  84 0018 2000     		movs	r0, r4
  85 001a FFF7FEFF 		bl	CyDelay
  86              	.LVL3:
  32:main.c        ****         from0DegreeTo180Degree(&value);
  87              		.loc 1 32 0 discriminator 1
  88 001e 6423     		movs	r3, #100
  89 0020 0193     		str	r3, [sp, #4]
  33:main.c        ****         CyDelay(1000);
  90              		.loc 1 33 0 discriminator 1
  91 0022 01A8     		add	r0, sp, #4
  92 0024 FFF7FEFF 		bl	from0DegreeTo180Degree
  93              	.LVL4:
  34:main.c        ****     }
  94              		.loc 1 34 0 discriminator 1
  95 0028 2000     		movs	r0, r4
  96 002a FFF7FEFF 		bl	CyDelay
  97              	.LVL5:
  98 002e ECE7     		b	.L3
  99              		.cfi_endproc
 100              	.LFE32:
 101              		.size	main, .-main
 102              		.text
 103              	.Letext0:
 104              		.file 2 "Generated_Source\\PSoC4/pwm.h"
 105              		.file 3 "servo.h"
 106              		.file 4 "Generated_Source\\PSoC4/CyLib.h"
 107              		.section	.debug_info,"",%progbits
 108              	.Ldebug_info0:
 109 0000 49010000 		.4byte	0x149
 110 0004 0400     		.2byte	0x4
 111 0006 00000000 		.4byte	.Ldebug_abbrev0
 112 000a 04       		.byte	0x4
 113 000b 01       		.uleb128 0x1
 114 000c 98000000 		.4byte	.LASF17
 115 0010 0C       		.byte	0xc
 116 0011 1B000000 		.4byte	.LASF18
 117 0015 78010000 		.4byte	.LASF19
 118 0019 00000000 		.4byte	.Ldebug_ranges0+0
 119 001d 00000000 		.4byte	0
 120 0021 00000000 		.4byte	.Ldebug_line0
 121 0025 02       		.uleb128 0x2
ARM GAS  C:\Users\NGUYEN~1\AppData\Local\Temp\cc3DDwGj.s 			page 4


 122 0026 01       		.byte	0x1
 123 0027 06       		.byte	0x6
 124 0028 39010000 		.4byte	.LASF0
 125 002c 02       		.uleb128 0x2
 126 002d 01       		.byte	0x1
 127 002e 08       		.byte	0x8
 128 002f 6B000000 		.4byte	.LASF1
 129 0033 02       		.uleb128 0x2
 130 0034 02       		.byte	0x2
 131 0035 05       		.byte	0x5
 132 0036 6E010000 		.4byte	.LASF2
 133 003a 02       		.uleb128 0x2
 134 003b 02       		.byte	0x2
 135 003c 07       		.byte	0x7
 136 003d 26010000 		.4byte	.LASF3
 137 0041 02       		.uleb128 0x2
 138 0042 04       		.byte	0x4
 139 0043 05       		.byte	0x5
 140 0044 7E000000 		.4byte	.LASF4
 141 0048 02       		.uleb128 0x2
 142 0049 04       		.byte	0x4
 143 004a 07       		.byte	0x7
 144 004b 2F000000 		.4byte	.LASF5
 145 004f 02       		.uleb128 0x2
 146 0050 08       		.byte	0x8
 147 0051 05       		.byte	0x5
 148 0052 00000000 		.4byte	.LASF6
 149 0056 02       		.uleb128 0x2
 150 0057 08       		.byte	0x8
 151 0058 07       		.byte	0x7
 152 0059 41000000 		.4byte	.LASF7
 153 005d 03       		.uleb128 0x3
 154 005e 04       		.byte	0x4
 155 005f 05       		.byte	0x5
 156 0060 696E7400 		.ascii	"int\000"
 157 0064 02       		.uleb128 0x2
 158 0065 04       		.byte	0x4
 159 0066 07       		.byte	0x7
 160 0067 0E000000 		.4byte	.LASF8
 161 006b 02       		.uleb128 0x2
 162 006c 04       		.byte	0x4
 163 006d 04       		.byte	0x4
 164 006e 58000000 		.4byte	.LASF9
 165 0072 02       		.uleb128 0x2
 166 0073 08       		.byte	0x8
 167 0074 04       		.byte	0x4
 168 0075 91000000 		.4byte	.LASF10
 169 0079 02       		.uleb128 0x2
 170 007a 01       		.byte	0x1
 171 007b 08       		.byte	0x8
 172 007c 79000000 		.4byte	.LASF11
 173 0080 02       		.uleb128 0x2
 174 0081 08       		.byte	0x8
 175 0082 04       		.byte	0x4
 176 0083 45010000 		.4byte	.LASF12
 177 0087 02       		.uleb128 0x2
 178 0088 04       		.byte	0x4
ARM GAS  C:\Users\NGUYEN~1\AppData\Local\Temp\cc3DDwGj.s 			page 5


 179 0089 07       		.byte	0x7
 180 008a A1010000 		.4byte	.LASF13
 181 008e 04       		.uleb128 0x4
 182 008f 5E000000 		.4byte	.LASF20
 183 0093 01       		.byte	0x1
 184 0094 26       		.byte	0x26
 185 0095 00000000 		.4byte	.LFB33
 186 0099 08000000 		.4byte	.LFE33-.LFB33
 187 009d 01       		.uleb128 0x1
 188 009e 9C       		.byte	0x9c
 189 009f AD000000 		.4byte	0xad
 190 00a3 05       		.uleb128 0x5
 191 00a4 06000000 		.4byte	.LVL0
 192 00a8 2A010000 		.4byte	0x12a
 193 00ac 00       		.byte	0
 194 00ad 06       		.uleb128 0x6
 195 00ae 22000000 		.4byte	.LASF21
 196 00b2 01       		.byte	0x1
 197 00b3 12       		.byte	0x12
 198 00b4 5D000000 		.4byte	0x5d
 199 00b8 00000000 		.4byte	.LFB32
 200 00bc 30000000 		.4byte	.LFE32-.LFB32
 201 00c0 01       		.uleb128 0x1
 202 00c1 9C       		.byte	0x9c
 203 00c2 2A010000 		.4byte	0x12a
 204 00c6 07       		.uleb128 0x7
 205 00c7 68010000 		.4byte	.LASF22
 206 00cb 01       		.byte	0x1
 207 00cc 18       		.byte	0x18
 208 00cd 5D000000 		.4byte	0x5d
 209 00d1 02       		.uleb128 0x2
 210 00d2 91       		.byte	0x91
 211 00d3 74       		.sleb128 -12
 212 00d4 05       		.uleb128 0x5
 213 00d5 0A000000 		.4byte	.LVL1
 214 00d9 8E000000 		.4byte	0x8e
 215 00dd 08       		.uleb128 0x8
 216 00de 14000000 		.4byte	.LVL2
 217 00e2 36010000 		.4byte	0x136
 218 00e6 F1000000 		.4byte	0xf1
 219 00ea 09       		.uleb128 0x9
 220 00eb 01       		.uleb128 0x1
 221 00ec 50       		.byte	0x50
 222 00ed 02       		.uleb128 0x2
 223 00ee 91       		.byte	0x91
 224 00ef 74       		.sleb128 -12
 225 00f0 00       		.byte	0
 226 00f1 08       		.uleb128 0x8
 227 00f2 1E000000 		.4byte	.LVL3
 228 00f6 41010000 		.4byte	0x141
 229 00fa 05010000 		.4byte	0x105
 230 00fe 09       		.uleb128 0x9
 231 00ff 01       		.uleb128 0x1
 232 0100 50       		.byte	0x50
 233 0101 02       		.uleb128 0x2
 234 0102 74       		.byte	0x74
 235 0103 00       		.sleb128 0
ARM GAS  C:\Users\NGUYEN~1\AppData\Local\Temp\cc3DDwGj.s 			page 6


 236 0104 00       		.byte	0
 237 0105 08       		.uleb128 0x8
 238 0106 28000000 		.4byte	.LVL4
 239 010a 36010000 		.4byte	0x136
 240 010e 19010000 		.4byte	0x119
 241 0112 09       		.uleb128 0x9
 242 0113 01       		.uleb128 0x1
 243 0114 50       		.byte	0x50
 244 0115 02       		.uleb128 0x2
 245 0116 91       		.byte	0x91
 246 0117 74       		.sleb128 -12
 247 0118 00       		.byte	0
 248 0119 0A       		.uleb128 0xa
 249 011a 2E000000 		.4byte	.LVL5
 250 011e 41010000 		.4byte	0x141
 251 0122 09       		.uleb128 0x9
 252 0123 01       		.uleb128 0x1
 253 0124 50       		.byte	0x50
 254 0125 02       		.uleb128 0x2
 255 0126 74       		.byte	0x74
 256 0127 00       		.sleb128 0
 257 0128 00       		.byte	0
 258 0129 00       		.byte	0
 259 012a 0B       		.uleb128 0xb
 260 012b 87000000 		.4byte	.LASF14
 261 012f 87000000 		.4byte	.LASF14
 262 0133 02       		.byte	0x2
 263 0134 3201     		.2byte	0x132
 264 0136 0C       		.uleb128 0xc
 265 0137 51010000 		.4byte	.LASF15
 266 013b 51010000 		.4byte	.LASF15
 267 013f 03       		.byte	0x3
 268 0140 14       		.byte	0x14
 269 0141 0C       		.uleb128 0xc
 270 0142 27000000 		.4byte	.LASF16
 271 0146 27000000 		.4byte	.LASF16
 272 014a 04       		.byte	0x4
 273 014b EC       		.byte	0xec
 274 014c 00       		.byte	0
 275              		.section	.debug_abbrev,"",%progbits
 276              	.Ldebug_abbrev0:
 277 0000 01       		.uleb128 0x1
 278 0001 11       		.uleb128 0x11
 279 0002 01       		.byte	0x1
 280 0003 25       		.uleb128 0x25
 281 0004 0E       		.uleb128 0xe
 282 0005 13       		.uleb128 0x13
 283 0006 0B       		.uleb128 0xb
 284 0007 03       		.uleb128 0x3
 285 0008 0E       		.uleb128 0xe
 286 0009 1B       		.uleb128 0x1b
 287 000a 0E       		.uleb128 0xe
 288 000b 55       		.uleb128 0x55
 289 000c 17       		.uleb128 0x17
 290 000d 11       		.uleb128 0x11
 291 000e 01       		.uleb128 0x1
 292 000f 10       		.uleb128 0x10
ARM GAS  C:\Users\NGUYEN~1\AppData\Local\Temp\cc3DDwGj.s 			page 7


 293 0010 17       		.uleb128 0x17
 294 0011 00       		.byte	0
 295 0012 00       		.byte	0
 296 0013 02       		.uleb128 0x2
 297 0014 24       		.uleb128 0x24
 298 0015 00       		.byte	0
 299 0016 0B       		.uleb128 0xb
 300 0017 0B       		.uleb128 0xb
 301 0018 3E       		.uleb128 0x3e
 302 0019 0B       		.uleb128 0xb
 303 001a 03       		.uleb128 0x3
 304 001b 0E       		.uleb128 0xe
 305 001c 00       		.byte	0
 306 001d 00       		.byte	0
 307 001e 03       		.uleb128 0x3
 308 001f 24       		.uleb128 0x24
 309 0020 00       		.byte	0
 310 0021 0B       		.uleb128 0xb
 311 0022 0B       		.uleb128 0xb
 312 0023 3E       		.uleb128 0x3e
 313 0024 0B       		.uleb128 0xb
 314 0025 03       		.uleb128 0x3
 315 0026 08       		.uleb128 0x8
 316 0027 00       		.byte	0
 317 0028 00       		.byte	0
 318 0029 04       		.uleb128 0x4
 319 002a 2E       		.uleb128 0x2e
 320 002b 01       		.byte	0x1
 321 002c 3F       		.uleb128 0x3f
 322 002d 19       		.uleb128 0x19
 323 002e 03       		.uleb128 0x3
 324 002f 0E       		.uleb128 0xe
 325 0030 3A       		.uleb128 0x3a
 326 0031 0B       		.uleb128 0xb
 327 0032 3B       		.uleb128 0x3b
 328 0033 0B       		.uleb128 0xb
 329 0034 11       		.uleb128 0x11
 330 0035 01       		.uleb128 0x1
 331 0036 12       		.uleb128 0x12
 332 0037 06       		.uleb128 0x6
 333 0038 40       		.uleb128 0x40
 334 0039 18       		.uleb128 0x18
 335 003a 9742     		.uleb128 0x2117
 336 003c 19       		.uleb128 0x19
 337 003d 01       		.uleb128 0x1
 338 003e 13       		.uleb128 0x13
 339 003f 00       		.byte	0
 340 0040 00       		.byte	0
 341 0041 05       		.uleb128 0x5
 342 0042 898201   		.uleb128 0x4109
 343 0045 00       		.byte	0
 344 0046 11       		.uleb128 0x11
 345 0047 01       		.uleb128 0x1
 346 0048 31       		.uleb128 0x31
 347 0049 13       		.uleb128 0x13
 348 004a 00       		.byte	0
 349 004b 00       		.byte	0
ARM GAS  C:\Users\NGUYEN~1\AppData\Local\Temp\cc3DDwGj.s 			page 8


 350 004c 06       		.uleb128 0x6
 351 004d 2E       		.uleb128 0x2e
 352 004e 01       		.byte	0x1
 353 004f 3F       		.uleb128 0x3f
 354 0050 19       		.uleb128 0x19
 355 0051 03       		.uleb128 0x3
 356 0052 0E       		.uleb128 0xe
 357 0053 3A       		.uleb128 0x3a
 358 0054 0B       		.uleb128 0xb
 359 0055 3B       		.uleb128 0x3b
 360 0056 0B       		.uleb128 0xb
 361 0057 27       		.uleb128 0x27
 362 0058 19       		.uleb128 0x19
 363 0059 49       		.uleb128 0x49
 364 005a 13       		.uleb128 0x13
 365 005b 8701     		.uleb128 0x87
 366 005d 19       		.uleb128 0x19
 367 005e 11       		.uleb128 0x11
 368 005f 01       		.uleb128 0x1
 369 0060 12       		.uleb128 0x12
 370 0061 06       		.uleb128 0x6
 371 0062 40       		.uleb128 0x40
 372 0063 18       		.uleb128 0x18
 373 0064 9742     		.uleb128 0x2117
 374 0066 19       		.uleb128 0x19
 375 0067 01       		.uleb128 0x1
 376 0068 13       		.uleb128 0x13
 377 0069 00       		.byte	0
 378 006a 00       		.byte	0
 379 006b 07       		.uleb128 0x7
 380 006c 34       		.uleb128 0x34
 381 006d 00       		.byte	0
 382 006e 03       		.uleb128 0x3
 383 006f 0E       		.uleb128 0xe
 384 0070 3A       		.uleb128 0x3a
 385 0071 0B       		.uleb128 0xb
 386 0072 3B       		.uleb128 0x3b
 387 0073 0B       		.uleb128 0xb
 388 0074 49       		.uleb128 0x49
 389 0075 13       		.uleb128 0x13
 390 0076 02       		.uleb128 0x2
 391 0077 18       		.uleb128 0x18
 392 0078 00       		.byte	0
 393 0079 00       		.byte	0
 394 007a 08       		.uleb128 0x8
 395 007b 898201   		.uleb128 0x4109
 396 007e 01       		.byte	0x1
 397 007f 11       		.uleb128 0x11
 398 0080 01       		.uleb128 0x1
 399 0081 31       		.uleb128 0x31
 400 0082 13       		.uleb128 0x13
 401 0083 01       		.uleb128 0x1
 402 0084 13       		.uleb128 0x13
 403 0085 00       		.byte	0
 404 0086 00       		.byte	0
 405 0087 09       		.uleb128 0x9
 406 0088 8A8201   		.uleb128 0x410a
ARM GAS  C:\Users\NGUYEN~1\AppData\Local\Temp\cc3DDwGj.s 			page 9


 407 008b 00       		.byte	0
 408 008c 02       		.uleb128 0x2
 409 008d 18       		.uleb128 0x18
 410 008e 9142     		.uleb128 0x2111
 411 0090 18       		.uleb128 0x18
 412 0091 00       		.byte	0
 413 0092 00       		.byte	0
 414 0093 0A       		.uleb128 0xa
 415 0094 898201   		.uleb128 0x4109
 416 0097 01       		.byte	0x1
 417 0098 11       		.uleb128 0x11
 418 0099 01       		.uleb128 0x1
 419 009a 31       		.uleb128 0x31
 420 009b 13       		.uleb128 0x13
 421 009c 00       		.byte	0
 422 009d 00       		.byte	0
 423 009e 0B       		.uleb128 0xb
 424 009f 2E       		.uleb128 0x2e
 425 00a0 00       		.byte	0
 426 00a1 3F       		.uleb128 0x3f
 427 00a2 19       		.uleb128 0x19
 428 00a3 3C       		.uleb128 0x3c
 429 00a4 19       		.uleb128 0x19
 430 00a5 6E       		.uleb128 0x6e
 431 00a6 0E       		.uleb128 0xe
 432 00a7 03       		.uleb128 0x3
 433 00a8 0E       		.uleb128 0xe
 434 00a9 3A       		.uleb128 0x3a
 435 00aa 0B       		.uleb128 0xb
 436 00ab 3B       		.uleb128 0x3b
 437 00ac 05       		.uleb128 0x5
 438 00ad 00       		.byte	0
 439 00ae 00       		.byte	0
 440 00af 0C       		.uleb128 0xc
 441 00b0 2E       		.uleb128 0x2e
 442 00b1 00       		.byte	0
 443 00b2 3F       		.uleb128 0x3f
 444 00b3 19       		.uleb128 0x19
 445 00b4 3C       		.uleb128 0x3c
 446 00b5 19       		.uleb128 0x19
 447 00b6 6E       		.uleb128 0x6e
 448 00b7 0E       		.uleb128 0xe
 449 00b8 03       		.uleb128 0x3
 450 00b9 0E       		.uleb128 0xe
 451 00ba 3A       		.uleb128 0x3a
 452 00bb 0B       		.uleb128 0xb
 453 00bc 3B       		.uleb128 0x3b
 454 00bd 0B       		.uleb128 0xb
 455 00be 00       		.byte	0
 456 00bf 00       		.byte	0
 457 00c0 00       		.byte	0
 458              		.section	.debug_aranges,"",%progbits
 459 0000 24000000 		.4byte	0x24
 460 0004 0200     		.2byte	0x2
 461 0006 00000000 		.4byte	.Ldebug_info0
 462 000a 04       		.byte	0x4
 463 000b 00       		.byte	0
ARM GAS  C:\Users\NGUYEN~1\AppData\Local\Temp\cc3DDwGj.s 			page 10


 464 000c 0000     		.2byte	0
 465 000e 0000     		.2byte	0
 466 0010 00000000 		.4byte	.LFB33
 467 0014 08000000 		.4byte	.LFE33-.LFB33
 468 0018 00000000 		.4byte	.LFB32
 469 001c 30000000 		.4byte	.LFE32-.LFB32
 470 0020 00000000 		.4byte	0
 471 0024 00000000 		.4byte	0
 472              		.section	.debug_ranges,"",%progbits
 473              	.Ldebug_ranges0:
 474 0000 00000000 		.4byte	.LFB33
 475 0004 08000000 		.4byte	.LFE33
 476 0008 00000000 		.4byte	.LFB32
 477 000c 30000000 		.4byte	.LFE32
 478 0010 00000000 		.4byte	0
 479 0014 00000000 		.4byte	0
 480              		.section	.debug_line,"",%progbits
 481              	.Ldebug_line0:
 482 0000 99000000 		.section	.debug_str,"MS",%progbits,1
 482      02005300 
 482      00000201 
 482      FB0E0D00 
 482      01010101 
 483              	.LASF6:
 484 0000 6C6F6E67 		.ascii	"long long int\000"
 484      206C6F6E 
 484      6720696E 
 484      7400
 485              	.LASF8:
 486 000e 756E7369 		.ascii	"unsigned int\000"
 486      676E6564 
 486      20696E74 
 486      00
 487              	.LASF18:
 488 001b 6D61696E 		.ascii	"main.c\000"
 488      2E6300
 489              	.LASF21:
 490 0022 6D61696E 		.ascii	"main\000"
 490      00
 491              	.LASF16:
 492 0027 43794465 		.ascii	"CyDelay\000"
 492      6C617900 
 493              	.LASF5:
 494 002f 6C6F6E67 		.ascii	"long unsigned int\000"
 494      20756E73 
 494      69676E65 
 494      6420696E 
 494      7400
 495              	.LASF7:
 496 0041 6C6F6E67 		.ascii	"long long unsigned int\000"
 496      206C6F6E 
 496      6720756E 
 496      7369676E 
 496      65642069 
 497              	.LASF9:
 498 0058 666C6F61 		.ascii	"float\000"
 498      7400
ARM GAS  C:\Users\NGUYEN~1\AppData\Local\Temp\cc3DDwGj.s 			page 11


 499              	.LASF20:
 500 005e 636F6E66 		.ascii	"configSystem\000"
 500      69675379 
 500      7374656D 
 500      00
 501              	.LASF1:
 502 006b 756E7369 		.ascii	"unsigned char\000"
 502      676E6564 
 502      20636861 
 502      7200
 503              	.LASF11:
 504 0079 63686172 		.ascii	"char\000"
 504      00
 505              	.LASF4:
 506 007e 6C6F6E67 		.ascii	"long int\000"
 506      20696E74 
 506      00
 507              	.LASF14:
 508 0087 70776D5F 		.ascii	"pwm_Start\000"
 508      53746172 
 508      7400
 509              	.LASF10:
 510 0091 646F7562 		.ascii	"double\000"
 510      6C6500
 511              	.LASF17:
 512 0098 474E5520 		.ascii	"GNU C11 5.4.1 20160609 (release) [ARM/embedded-5-br"
 512      43313120 
 512      352E342E 
 512      31203230 
 512      31363036 
 513 00cb 616E6368 		.ascii	"anch revision 237715] -mcpu=cortex-m0 -mthumb -g -O"
 513      20726576 
 513      6973696F 
 513      6E203233 
 513      37373135 
 514 00fe 67202D66 		.ascii	"g -ffunction-sections -ffat-lto-objects\000"
 514      66756E63 
 514      74696F6E 
 514      2D736563 
 514      74696F6E 
 515              	.LASF3:
 516 0126 73686F72 		.ascii	"short unsigned int\000"
 516      7420756E 
 516      7369676E 
 516      65642069 
 516      6E7400
 517              	.LASF0:
 518 0139 7369676E 		.ascii	"signed char\000"
 518      65642063 
 518      68617200 
 519              	.LASF12:
 520 0145 6C6F6E67 		.ascii	"long double\000"
 520      20646F75 
 520      626C6500 
 521              	.LASF15:
 522 0151 66726F6D 		.ascii	"from0DegreeTo180Degree\000"
 522      30446567 
ARM GAS  C:\Users\NGUYEN~1\AppData\Local\Temp\cc3DDwGj.s 			page 12


 522      72656554 
 522      6F313830 
 522      44656772 
 523              	.LASF22:
 524 0168 76616C75 		.ascii	"value\000"
 524      6500
 525              	.LASF2:
 526 016e 73686F72 		.ascii	"short int\000"
 526      7420696E 
 526      7400
 527              	.LASF19:
 528 0178 443A5C70 		.ascii	"D:\\psoc\\theory\\pwm_motor_servo\\pwm.cydsn\000"
 528      736F635C 
 528      7468656F 
 528      72795C70 
 528      776D5F6D 
 529              	.LASF13:
 530 01a1 73697A65 		.ascii	"sizetype\000"
 530      74797065 
 530      00
 531              		.ident	"GCC: (GNU Tools for ARM Embedded Processors) 5.4.1 20160609 (release) [ARM/embedded-5-bran
