ARM GAS  C:\Users\NGUYEN~1\AppData\Local\Temp\ccvw3lVa.s 			page 1


   1              		.syntax unified
   2              		.cpu cortex-m0
   3              		.fpu softvfp
   4              		.eabi_attribute 20, 1
   5              		.eabi_attribute 21, 1
   6              		.eabi_attribute 23, 3
   7              		.eabi_attribute 24, 1
   8              		.eabi_attribute 25, 1
   9              		.eabi_attribute 26, 1
  10              		.eabi_attribute 30, 1
  11              		.eabi_attribute 34, 0
  12              		.eabi_attribute 18, 4
  13              		.thumb
  14              		.syntax unified
  15              		.file	"cyfitter_cfg.c"
  16              		.text
  17              	.Ltext0:
  18              		.cfi_sections	.debug_frame
  19              		.section	.text.cfg_write_bytes32,"ax",%progbits
  20              		.align	2
  21              		.code	16
  22              		.thumb_func
  23              		.type	cfg_write_bytes32, %function
  24              	cfg_write_bytes32:
  25              	.LFB3:
  26              		.file 1 "Generated_Source\\PSoC4\\cyfitter_cfg.c"
   1:Generated_Source\PSoC4/cyfitter_cfg.c **** 
   2:Generated_Source\PSoC4/cyfitter_cfg.c **** /*******************************************************************************
   3:Generated_Source\PSoC4/cyfitter_cfg.c **** * File Name: cyfitter_cfg.c
   4:Generated_Source\PSoC4/cyfitter_cfg.c **** * 
   5:Generated_Source\PSoC4/cyfitter_cfg.c **** * PSoC Creator  4.4
   6:Generated_Source\PSoC4/cyfitter_cfg.c **** *
   7:Generated_Source\PSoC4/cyfitter_cfg.c **** * Description:
   8:Generated_Source\PSoC4/cyfitter_cfg.c **** * This file contains device initialization code.
   9:Generated_Source\PSoC4/cyfitter_cfg.c **** * Except for the user defined sections in CyClockStartupError(), this file should not be modified.
  10:Generated_Source\PSoC4/cyfitter_cfg.c **** * This file is automatically generated by PSoC Creator.
  11:Generated_Source\PSoC4/cyfitter_cfg.c **** *
  12:Generated_Source\PSoC4/cyfitter_cfg.c **** ********************************************************************************
  13:Generated_Source\PSoC4/cyfitter_cfg.c **** * Copyright (c) 2007-2020 Cypress Semiconductor.  All rights reserved.
  14:Generated_Source\PSoC4/cyfitter_cfg.c **** * You may use this file only in accordance with the license, terms, conditions, 
  15:Generated_Source\PSoC4/cyfitter_cfg.c **** * disclaimers, and limitations in the end user license agreement accompanying 
  16:Generated_Source\PSoC4/cyfitter_cfg.c **** * the software package with which this file was provided.
  17:Generated_Source\PSoC4/cyfitter_cfg.c **** ********************************************************************************/
  18:Generated_Source\PSoC4/cyfitter_cfg.c **** 
  19:Generated_Source\PSoC4/cyfitter_cfg.c **** #include <string.h>
  20:Generated_Source\PSoC4/cyfitter_cfg.c **** #include "cytypes.h"
  21:Generated_Source\PSoC4/cyfitter_cfg.c **** #include "cydevice_trm.h"
  22:Generated_Source\PSoC4/cyfitter_cfg.c **** #include "cyfitter.h"
  23:Generated_Source\PSoC4/cyfitter_cfg.c **** #include "CyLib.h"
  24:Generated_Source\PSoC4/cyfitter_cfg.c **** #include "CyLFClk.h"
  25:Generated_Source\PSoC4/cyfitter_cfg.c **** #include "cyfitter_cfg.h"
  26:Generated_Source\PSoC4/cyfitter_cfg.c **** #include "cyapicallbacks.h"
  27:Generated_Source\PSoC4/cyfitter_cfg.c **** 
  28:Generated_Source\PSoC4/cyfitter_cfg.c **** 
  29:Generated_Source\PSoC4/cyfitter_cfg.c **** #if defined(__GNUC__) || defined(__ARMCC_VERSION)
  30:Generated_Source\PSoC4/cyfitter_cfg.c ****     #define CYPACKED 
  31:Generated_Source\PSoC4/cyfitter_cfg.c ****     #define CYPACKED_ATTR __attribute__ ((packed))
ARM GAS  C:\Users\NGUYEN~1\AppData\Local\Temp\ccvw3lVa.s 			page 2


  32:Generated_Source\PSoC4/cyfitter_cfg.c ****     #define CYALIGNED __attribute__ ((aligned))
  33:Generated_Source\PSoC4/cyfitter_cfg.c ****     #define CY_CFG_UNUSED __attribute__ ((unused))
  34:Generated_Source\PSoC4/cyfitter_cfg.c ****     #ifndef CY_CFG_SECTION
  35:Generated_Source\PSoC4/cyfitter_cfg.c ****         #define CY_CFG_SECTION __attribute__ ((section(".psocinit")))
  36:Generated_Source\PSoC4/cyfitter_cfg.c ****     #endif
  37:Generated_Source\PSoC4/cyfitter_cfg.c ****     
  38:Generated_Source\PSoC4/cyfitter_cfg.c ****     #if defined(__ARMCC_VERSION)
  39:Generated_Source\PSoC4/cyfitter_cfg.c ****         #define CY_CFG_MEMORY_BARRIER() __memory_changed()
  40:Generated_Source\PSoC4/cyfitter_cfg.c ****     #else
  41:Generated_Source\PSoC4/cyfitter_cfg.c ****         #define CY_CFG_MEMORY_BARRIER() __sync_synchronize()
  42:Generated_Source\PSoC4/cyfitter_cfg.c ****     #endif
  43:Generated_Source\PSoC4/cyfitter_cfg.c ****     
  44:Generated_Source\PSoC4/cyfitter_cfg.c **** #elif defined(__ICCARM__)
  45:Generated_Source\PSoC4/cyfitter_cfg.c ****     #include <intrinsics.h>
  46:Generated_Source\PSoC4/cyfitter_cfg.c **** 
  47:Generated_Source\PSoC4/cyfitter_cfg.c ****     #define CYPACKED __packed
  48:Generated_Source\PSoC4/cyfitter_cfg.c ****     #define CYPACKED_ATTR 
  49:Generated_Source\PSoC4/cyfitter_cfg.c ****     #define CYALIGNED _Pragma("data_alignment=4")
  50:Generated_Source\PSoC4/cyfitter_cfg.c ****     #define CY_CFG_UNUSED _Pragma("diag_suppress=Pe177")
  51:Generated_Source\PSoC4/cyfitter_cfg.c ****     #define CY_CFG_SECTION _Pragma("location=\".psocinit\"")
  52:Generated_Source\PSoC4/cyfitter_cfg.c ****     
  53:Generated_Source\PSoC4/cyfitter_cfg.c ****     #define CY_CFG_MEMORY_BARRIER() __DMB()
  54:Generated_Source\PSoC4/cyfitter_cfg.c ****     
  55:Generated_Source\PSoC4/cyfitter_cfg.c **** #else
  56:Generated_Source\PSoC4/cyfitter_cfg.c ****     #error Unsupported toolchain
  57:Generated_Source\PSoC4/cyfitter_cfg.c **** #endif
  58:Generated_Source\PSoC4/cyfitter_cfg.c **** 
  59:Generated_Source\PSoC4/cyfitter_cfg.c **** #ifndef CYCODE
  60:Generated_Source\PSoC4/cyfitter_cfg.c ****     #define CYCODE
  61:Generated_Source\PSoC4/cyfitter_cfg.c **** #endif
  62:Generated_Source\PSoC4/cyfitter_cfg.c **** #ifndef CYDATA
  63:Generated_Source\PSoC4/cyfitter_cfg.c ****     #define CYDATA
  64:Generated_Source\PSoC4/cyfitter_cfg.c **** #endif
  65:Generated_Source\PSoC4/cyfitter_cfg.c **** #ifndef CYFAR
  66:Generated_Source\PSoC4/cyfitter_cfg.c ****     #define CYFAR
  67:Generated_Source\PSoC4/cyfitter_cfg.c **** #endif
  68:Generated_Source\PSoC4/cyfitter_cfg.c **** #ifndef CYXDATA
  69:Generated_Source\PSoC4/cyfitter_cfg.c ****     #define CYXDATA
  70:Generated_Source\PSoC4/cyfitter_cfg.c **** #endif
  71:Generated_Source\PSoC4/cyfitter_cfg.c **** 
  72:Generated_Source\PSoC4/cyfitter_cfg.c **** 
  73:Generated_Source\PSoC4/cyfitter_cfg.c **** CY_CFG_UNUSED
  74:Generated_Source\PSoC4/cyfitter_cfg.c **** static void CYMEMZERO(void *s, size_t n);
  75:Generated_Source\PSoC4/cyfitter_cfg.c **** CY_CFG_UNUSED
  76:Generated_Source\PSoC4/cyfitter_cfg.c **** static void CYMEMZERO(void *s, size_t n)
  77:Generated_Source\PSoC4/cyfitter_cfg.c **** {
  78:Generated_Source\PSoC4/cyfitter_cfg.c **** 	(void)memset(s, 0, n);
  79:Generated_Source\PSoC4/cyfitter_cfg.c **** }
  80:Generated_Source\PSoC4/cyfitter_cfg.c **** CY_CFG_UNUSED
  81:Generated_Source\PSoC4/cyfitter_cfg.c **** static void CYCONFIGCPY(void *dest, const void *src, size_t n);
  82:Generated_Source\PSoC4/cyfitter_cfg.c **** CY_CFG_UNUSED
  83:Generated_Source\PSoC4/cyfitter_cfg.c **** static void CYCONFIGCPY(void *dest, const void *src, size_t n)
  84:Generated_Source\PSoC4/cyfitter_cfg.c **** {
  85:Generated_Source\PSoC4/cyfitter_cfg.c **** 	(void)memcpy(dest, src, n);
  86:Generated_Source\PSoC4/cyfitter_cfg.c **** }
  87:Generated_Source\PSoC4/cyfitter_cfg.c **** CY_CFG_UNUSED
  88:Generated_Source\PSoC4/cyfitter_cfg.c **** static void CYCONFIGCPYCODE(void *dest, const void *src, size_t n);
ARM GAS  C:\Users\NGUYEN~1\AppData\Local\Temp\ccvw3lVa.s 			page 3


  89:Generated_Source\PSoC4/cyfitter_cfg.c **** CY_CFG_UNUSED
  90:Generated_Source\PSoC4/cyfitter_cfg.c **** static void CYCONFIGCPYCODE(void *dest, const void *src, size_t n)
  91:Generated_Source\PSoC4/cyfitter_cfg.c **** {
  92:Generated_Source\PSoC4/cyfitter_cfg.c **** 	(void)memcpy(dest, src, n);
  93:Generated_Source\PSoC4/cyfitter_cfg.c **** }
  94:Generated_Source\PSoC4/cyfitter_cfg.c **** 
  95:Generated_Source\PSoC4/cyfitter_cfg.c **** 
  96:Generated_Source\PSoC4/cyfitter_cfg.c **** 
  97:Generated_Source\PSoC4/cyfitter_cfg.c **** 
  98:Generated_Source\PSoC4/cyfitter_cfg.c **** /* Clock startup error codes                                                   */
  99:Generated_Source\PSoC4/cyfitter_cfg.c **** #define CYCLOCKSTART_NO_ERROR    0u
 100:Generated_Source\PSoC4/cyfitter_cfg.c **** #define CYCLOCKSTART_XTAL_ERROR  1u
 101:Generated_Source\PSoC4/cyfitter_cfg.c **** #define CYCLOCKSTART_32KHZ_ERROR 2u
 102:Generated_Source\PSoC4/cyfitter_cfg.c **** #define CYCLOCKSTART_PLL_ERROR   3u
 103:Generated_Source\PSoC4/cyfitter_cfg.c **** #define CYCLOCKSTART_FLL_ERROR   4u
 104:Generated_Source\PSoC4/cyfitter_cfg.c **** #define CYCLOCKSTART_WCO_ERROR   5u
 105:Generated_Source\PSoC4/cyfitter_cfg.c **** 
 106:Generated_Source\PSoC4/cyfitter_cfg.c **** 
 107:Generated_Source\PSoC4/cyfitter_cfg.c **** #ifdef CY_NEED_CYCLOCKSTARTUPERROR
 108:Generated_Source\PSoC4/cyfitter_cfg.c **** /*******************************************************************************
 109:Generated_Source\PSoC4/cyfitter_cfg.c **** * Function Name: CyClockStartupError
 110:Generated_Source\PSoC4/cyfitter_cfg.c **** ********************************************************************************
 111:Generated_Source\PSoC4/cyfitter_cfg.c **** * Summary:
 112:Generated_Source\PSoC4/cyfitter_cfg.c **** *  If an error is encountered during clock configuration (crystal startup error,
 113:Generated_Source\PSoC4/cyfitter_cfg.c **** *  PLL lock error, etc.), the system will end up here.  Unless reimplemented by
 114:Generated_Source\PSoC4/cyfitter_cfg.c **** *  the customer, this function will stop in an infinite loop.
 115:Generated_Source\PSoC4/cyfitter_cfg.c **** *
 116:Generated_Source\PSoC4/cyfitter_cfg.c **** * Parameters:
 117:Generated_Source\PSoC4/cyfitter_cfg.c **** *   void
 118:Generated_Source\PSoC4/cyfitter_cfg.c **** *
 119:Generated_Source\PSoC4/cyfitter_cfg.c **** * Return:
 120:Generated_Source\PSoC4/cyfitter_cfg.c **** *   void
 121:Generated_Source\PSoC4/cyfitter_cfg.c **** *
 122:Generated_Source\PSoC4/cyfitter_cfg.c **** *******************************************************************************/
 123:Generated_Source\PSoC4/cyfitter_cfg.c **** CY_CFG_UNUSED
 124:Generated_Source\PSoC4/cyfitter_cfg.c **** static void CyClockStartupError(uint8 errorCode);
 125:Generated_Source\PSoC4/cyfitter_cfg.c **** CY_CFG_UNUSED
 126:Generated_Source\PSoC4/cyfitter_cfg.c **** static void CyClockStartupError(uint8 errorCode)
 127:Generated_Source\PSoC4/cyfitter_cfg.c **** {
 128:Generated_Source\PSoC4/cyfitter_cfg.c ****     /* To remove the compiler warning if errorCode not used.                */
 129:Generated_Source\PSoC4/cyfitter_cfg.c ****     errorCode = errorCode;
 130:Generated_Source\PSoC4/cyfitter_cfg.c **** 
 131:Generated_Source\PSoC4/cyfitter_cfg.c ****     /* If we have a clock startup error (bad MHz crystal, PLL lock, etc.),  */
 132:Generated_Source\PSoC4/cyfitter_cfg.c ****     /* we will end up here to allow the customer to implement something to  */
 133:Generated_Source\PSoC4/cyfitter_cfg.c ****     /* deal with the clock condition.                                       */
 134:Generated_Source\PSoC4/cyfitter_cfg.c **** 
 135:Generated_Source\PSoC4/cyfitter_cfg.c **** #ifdef CY_CFG_CLOCK_STARTUP_ERROR_CALLBACK
 136:Generated_Source\PSoC4/cyfitter_cfg.c ****     CY_CFG_Clock_Startup_ErrorCallback();
 137:Generated_Source\PSoC4/cyfitter_cfg.c **** #else
 138:Generated_Source\PSoC4/cyfitter_cfg.c ****     /*  If not using CY_CFG_CLOCK_STARTUP_ERROR_CALLBACK, place your clock startup code here. */
 139:Generated_Source\PSoC4/cyfitter_cfg.c ****     /* `#START CyClockStartupError` */
 140:Generated_Source\PSoC4/cyfitter_cfg.c **** 
 141:Generated_Source\PSoC4/cyfitter_cfg.c **** 
 142:Generated_Source\PSoC4/cyfitter_cfg.c **** 
 143:Generated_Source\PSoC4/cyfitter_cfg.c ****     /* `#END` */
 144:Generated_Source\PSoC4/cyfitter_cfg.c **** 
 145:Generated_Source\PSoC4/cyfitter_cfg.c ****     while(1) {}
ARM GAS  C:\Users\NGUYEN~1\AppData\Local\Temp\ccvw3lVa.s 			page 4


 146:Generated_Source\PSoC4/cyfitter_cfg.c **** #endif /* CY_CFG_CLOCK_STARTUP_ERROR_CALLBACK */
 147:Generated_Source\PSoC4/cyfitter_cfg.c **** }
 148:Generated_Source\PSoC4/cyfitter_cfg.c **** #endif
 149:Generated_Source\PSoC4/cyfitter_cfg.c **** 
 150:Generated_Source\PSoC4/cyfitter_cfg.c **** #define CY_CFG_BASE_ADDR_COUNT 2u
 151:Generated_Source\PSoC4/cyfitter_cfg.c **** CYPACKED typedef struct
 152:Generated_Source\PSoC4/cyfitter_cfg.c **** {
 153:Generated_Source\PSoC4/cyfitter_cfg.c **** 	uint8 offset;
 154:Generated_Source\PSoC4/cyfitter_cfg.c **** 	uint8 value;
 155:Generated_Source\PSoC4/cyfitter_cfg.c **** } CYPACKED_ATTR cy_cfg_addrvalue_t;
 156:Generated_Source\PSoC4/cyfitter_cfg.c **** 
 157:Generated_Source\PSoC4/cyfitter_cfg.c **** 
 158:Generated_Source\PSoC4/cyfitter_cfg.c **** 
 159:Generated_Source\PSoC4/cyfitter_cfg.c **** /*******************************************************************************
 160:Generated_Source\PSoC4/cyfitter_cfg.c **** * Function Name: cfg_write_bytes32
 161:Generated_Source\PSoC4/cyfitter_cfg.c **** ********************************************************************************
 162:Generated_Source\PSoC4/cyfitter_cfg.c **** * Summary:
 163:Generated_Source\PSoC4/cyfitter_cfg.c **** *  This function is used for setting up the chip configuration areas that
 164:Generated_Source\PSoC4/cyfitter_cfg.c **** *  contain relatively sparse data.
 165:Generated_Source\PSoC4/cyfitter_cfg.c **** *
 166:Generated_Source\PSoC4/cyfitter_cfg.c **** * Parameters:
 167:Generated_Source\PSoC4/cyfitter_cfg.c **** *   void
 168:Generated_Source\PSoC4/cyfitter_cfg.c **** *
 169:Generated_Source\PSoC4/cyfitter_cfg.c **** * Return:
 170:Generated_Source\PSoC4/cyfitter_cfg.c **** *   void
 171:Generated_Source\PSoC4/cyfitter_cfg.c **** *
 172:Generated_Source\PSoC4/cyfitter_cfg.c **** *******************************************************************************/
 173:Generated_Source\PSoC4/cyfitter_cfg.c **** static void cfg_write_bytes32(const uint32 addr_table[], const cy_cfg_addrvalue_t data_table[]);
 174:Generated_Source\PSoC4/cyfitter_cfg.c **** static void cfg_write_bytes32(const uint32 addr_table[], const cy_cfg_addrvalue_t data_table[])
 175:Generated_Source\PSoC4/cyfitter_cfg.c **** {
  27              		.loc 1 175 0
  28              		.cfi_startproc
  29              		@ args = 0, pretend = 0, frame = 0
  30              		@ frame_needed = 0, uses_anonymous_args = 0
  31              	.LVL0:
  32 0000 F0B5     		push	{r4, r5, r6, r7, lr}
  33              		.cfi_def_cfa_offset 20
  34              		.cfi_offset 4, -20
  35              		.cfi_offset 5, -16
  36              		.cfi_offset 6, -12
  37              		.cfi_offset 7, -8
  38              		.cfi_offset 14, -4
  39              	.LVL1:
 176:Generated_Source\PSoC4/cyfitter_cfg.c **** 	/* For 32-bit little-endian architectures */
 177:Generated_Source\PSoC4/cyfitter_cfg.c **** 	uint32 i, j = 0u;
  40              		.loc 1 177 0
  41 0002 0025     		movs	r5, #0
 178:Generated_Source\PSoC4/cyfitter_cfg.c **** 	for (i = 0u; i < CY_CFG_BASE_ADDR_COUNT; i++)
  42              		.loc 1 178 0
  43 0004 0027     		movs	r7, #0
  44 0006 11E0     		b	.L2
  45              	.LVL2:
  46              	.L5:
  47              	.LBB2:
 179:Generated_Source\PSoC4/cyfitter_cfg.c **** 	{
 180:Generated_Source\PSoC4/cyfitter_cfg.c **** 		uint32 baseAddr = addr_table[i];
  48              		.loc 1 180 0
ARM GAS  C:\Users\NGUYEN~1\AppData\Local\Temp\ccvw3lVa.s 			page 5


  49 0008 BB00     		lsls	r3, r7, #2
  50 000a C658     		ldr	r6, [r0, r3]
  51              	.LVL3:
 181:Generated_Source\PSoC4/cyfitter_cfg.c **** 		uint8 count = (uint8)baseAddr;
  52              		.loc 1 181 0
  53 000c F3B2     		uxtb	r3, r6
  54              	.LVL4:
 182:Generated_Source\PSoC4/cyfitter_cfg.c **** 		baseAddr &= 0xFFFFFF00u;
  55              		.loc 1 182 0
  56 000e FF22     		movs	r2, #255
  57 0010 9643     		bics	r6, r2
  58              	.LVL5:
 183:Generated_Source\PSoC4/cyfitter_cfg.c **** 		while (count != 0u)
  59              		.loc 1 183 0
  60 0012 08E0     		b	.L3
  61              	.L4:
 184:Generated_Source\PSoC4/cyfitter_cfg.c **** 		{
 185:Generated_Source\PSoC4/cyfitter_cfg.c **** 			CY_SET_REG8((void *)(baseAddr + data_table[j].offset), data_table[j].value);
  62              		.loc 1 185 0
  63 0014 6A00     		lsls	r2, r5, #1
  64 0016 8A18     		adds	r2, r1, r2
  65 0018 1478     		ldrb	r4, [r2]
  66 001a A419     		adds	r4, r4, r6
  67 001c 5278     		ldrb	r2, [r2, #1]
  68 001e 2270     		strb	r2, [r4]
 186:Generated_Source\PSoC4/cyfitter_cfg.c **** 			j++;
  69              		.loc 1 186 0
  70 0020 0135     		adds	r5, r5, #1
  71              	.LVL6:
 187:Generated_Source\PSoC4/cyfitter_cfg.c **** 			count--;
  72              		.loc 1 187 0
  73 0022 013B     		subs	r3, r3, #1
  74              	.LVL7:
  75 0024 DBB2     		uxtb	r3, r3
  76              	.LVL8:
  77              	.L3:
 183:Generated_Source\PSoC4/cyfitter_cfg.c **** 		{
  78              		.loc 1 183 0
  79 0026 002B     		cmp	r3, #0
  80 0028 F4D1     		bne	.L4
  81              	.LBE2:
 178:Generated_Source\PSoC4/cyfitter_cfg.c **** 	{
  82              		.loc 1 178 0 discriminator 2
  83 002a 0137     		adds	r7, r7, #1
  84              	.LVL9:
  85              	.L2:
 178:Generated_Source\PSoC4/cyfitter_cfg.c **** 	{
  86              		.loc 1 178 0 is_stmt 0 discriminator 1
  87 002c 012F     		cmp	r7, #1
  88 002e EBD9     		bls	.L5
 188:Generated_Source\PSoC4/cyfitter_cfg.c **** 		}
 189:Generated_Source\PSoC4/cyfitter_cfg.c **** 	}
 190:Generated_Source\PSoC4/cyfitter_cfg.c **** }
  89              		.loc 1 190 0 is_stmt 1
  90              		@ sp needed
  91              	.LVL10:
  92              	.LVL11:
ARM GAS  C:\Users\NGUYEN~1\AppData\Local\Temp\ccvw3lVa.s 			page 6


  93 0030 F0BD     		pop	{r4, r5, r6, r7, pc}
  94              		.cfi_endproc
  95              	.LFE3:
  96              		.size	cfg_write_bytes32, .-cfg_write_bytes32
  97 0032 C046     		.section	.text.CYMEMZERO,"ax",%progbits
  98              		.align	2
  99              		.code	16
 100              		.thumb_func
 101              		.type	CYMEMZERO, %function
 102              	CYMEMZERO:
 103              	.LFB0:
  77:Generated_Source\PSoC4/cyfitter_cfg.c **** 	(void)memset(s, 0, n);
 104              		.loc 1 77 0
 105              		.cfi_startproc
 106              		@ args = 0, pretend = 0, frame = 0
 107              		@ frame_needed = 0, uses_anonymous_args = 0
 108              	.LVL12:
 109 0000 10B5     		push	{r4, lr}
 110              		.cfi_def_cfa_offset 8
 111              		.cfi_offset 4, -8
 112              		.cfi_offset 14, -4
 113 0002 0A00     		movs	r2, r1
  78:Generated_Source\PSoC4/cyfitter_cfg.c **** }
 114              		.loc 1 78 0
 115 0004 0021     		movs	r1, #0
 116              	.LVL13:
 117 0006 FFF7FEFF 		bl	memset
 118              	.LVL14:
  79:Generated_Source\PSoC4/cyfitter_cfg.c **** CY_CFG_UNUSED
 119              		.loc 1 79 0
 120              		@ sp needed
 121 000a 10BD     		pop	{r4, pc}
 122              		.cfi_endproc
 123              	.LFE0:
 124              		.size	CYMEMZERO, .-CYMEMZERO
 125              		.section	.psocinit,"ax",%progbits
 126              		.align	2
 127              		.code	16
 128              		.thumb_func
 129              		.type	ClockSetup, %function
 130              	ClockSetup:
 131              	.LFB4:
 191:Generated_Source\PSoC4/cyfitter_cfg.c **** 
 192:Generated_Source\PSoC4/cyfitter_cfg.c **** 
 193:Generated_Source\PSoC4/cyfitter_cfg.c **** /*******************************************************************************
 194:Generated_Source\PSoC4/cyfitter_cfg.c **** * Function Name: ClockSetup
 195:Generated_Source\PSoC4/cyfitter_cfg.c **** ********************************************************************************
 196:Generated_Source\PSoC4/cyfitter_cfg.c **** *
 197:Generated_Source\PSoC4/cyfitter_cfg.c **** * Summary:
 198:Generated_Source\PSoC4/cyfitter_cfg.c **** *   Performs the initialization of all of the clocks in the device based on the
 199:Generated_Source\PSoC4/cyfitter_cfg.c **** *   settings in the Clock tab of the DWR.  This includes enabling the requested
 200:Generated_Source\PSoC4/cyfitter_cfg.c **** *   clocks and setting the necessary dividers to produce the desired frequency. 
 201:Generated_Source\PSoC4/cyfitter_cfg.c **** *
 202:Generated_Source\PSoC4/cyfitter_cfg.c **** * Parameters:
 203:Generated_Source\PSoC4/cyfitter_cfg.c **** *   void
 204:Generated_Source\PSoC4/cyfitter_cfg.c **** *
 205:Generated_Source\PSoC4/cyfitter_cfg.c **** * Return:
ARM GAS  C:\Users\NGUYEN~1\AppData\Local\Temp\ccvw3lVa.s 			page 7


 206:Generated_Source\PSoC4/cyfitter_cfg.c **** *   void
 207:Generated_Source\PSoC4/cyfitter_cfg.c **** *
 208:Generated_Source\PSoC4/cyfitter_cfg.c **** *******************************************************************************/
 209:Generated_Source\PSoC4/cyfitter_cfg.c **** static void ClockSetup(void);
 210:Generated_Source\PSoC4/cyfitter_cfg.c **** CY_CFG_SECTION
 211:Generated_Source\PSoC4/cyfitter_cfg.c **** static void ClockSetup(void)
 212:Generated_Source\PSoC4/cyfitter_cfg.c **** {
 132              		.loc 1 212 0
 133              		.cfi_startproc
 134              		@ args = 0, pretend = 0, frame = 0
 135              		@ frame_needed = 0, uses_anonymous_args = 0
 136 0000 70B5     		push	{r4, r5, r6, lr}
 137              		.cfi_def_cfa_offset 16
 138              		.cfi_offset 4, -16
 139              		.cfi_offset 5, -12
 140              		.cfi_offset 6, -8
 141              		.cfi_offset 14, -4
 213:Generated_Source\PSoC4/cyfitter_cfg.c **** 	/* Enable HALF_EN before trimming for the flash accelerator. */
 214:Generated_Source\PSoC4/cyfitter_cfg.c **** 	CY_SET_REG32((void CYXDATA *)(CYREG_CLK_SELECT), (CY_GET_REG32((void *)CYREG_CLK_SELECT) | 0x00040
 142              		.loc 1 214 0
 143 0002 0F4C     		ldr	r4, .L8
 144 0004 2368     		ldr	r3, [r4]
 145 0006 8022     		movs	r2, #128
 146 0008 D202     		lsls	r2, r2, #11
 147 000a 1343     		orrs	r3, r2
 148 000c 2360     		str	r3, [r4]
 215:Generated_Source\PSoC4/cyfitter_cfg.c **** 
 216:Generated_Source\PSoC4/cyfitter_cfg.c **** 	/* Setup and trim IMO based on desired frequency. */
 217:Generated_Source\PSoC4/cyfitter_cfg.c **** 	CySysClkWriteImoFreq(24u);
 149              		.loc 1 217 0
 150 000e 1820     		movs	r0, #24
 151 0010 FFF7FEFF 		bl	CySysClkWriteImoFreq
 152              	.LVL15:
 218:Generated_Source\PSoC4/cyfitter_cfg.c **** 
 219:Generated_Source\PSoC4/cyfitter_cfg.c **** 	/* Disable HALF_EN since it is not required at this IMO frequency. */
 220:Generated_Source\PSoC4/cyfitter_cfg.c **** 	CY_SET_REG32((void CYXDATA *)(CYREG_CLK_SELECT), (CY_GET_REG32((void *)CYREG_CLK_SELECT) & 0xFFFBF
 153              		.loc 1 220 0
 154 0014 2268     		ldr	r2, [r4]
 155 0016 0B4B     		ldr	r3, .L8+4
 156 0018 1340     		ands	r3, r2
 157 001a 2360     		str	r3, [r4]
 221:Generated_Source\PSoC4/cyfitter_cfg.c **** 	/* CYDEV_CLK_ILO_CONFIG Starting address: CYDEV_CLK_ILO_CONFIG */
 222:Generated_Source\PSoC4/cyfitter_cfg.c **** 	CY_SET_REG32((void *)(CYREG_CLK_ILO_CONFIG), 0x80000006u);
 158              		.loc 1 222 0
 159 001c 0A4A     		ldr	r2, .L8+8
 160 001e 0B4B     		ldr	r3, .L8+12
 161 0020 1A60     		str	r2, [r3]
 223:Generated_Source\PSoC4/cyfitter_cfg.c **** 
 224:Generated_Source\PSoC4/cyfitter_cfg.c **** 
 225:Generated_Source\PSoC4/cyfitter_cfg.c **** 	/* CYDEV_CLK_IMO_CONFIG Starting address: CYDEV_CLK_IMO_CONFIG */
 226:Generated_Source\PSoC4/cyfitter_cfg.c **** 	CY_SET_REG32((void *)(CYREG_CLK_IMO_CONFIG), 0x80000000u);
 162              		.loc 1 226 0
 163 0022 063A     		subs	r2, r2, #6
 164 0024 0A4B     		ldr	r3, .L8+16
 165 0026 1A60     		str	r2, [r3]
 227:Generated_Source\PSoC4/cyfitter_cfg.c **** 
 228:Generated_Source\PSoC4/cyfitter_cfg.c **** 	/* CYDEV_CLK_SELECT Starting address: CYDEV_CLK_SELECT */
ARM GAS  C:\Users\NGUYEN~1\AppData\Local\Temp\ccvw3lVa.s 			page 8


 229:Generated_Source\PSoC4/cyfitter_cfg.c **** 	CY_SET_REG32((void *)(CYREG_CLK_SELECT), 0x00000000u);
 166              		.loc 1 229 0
 167 0028 0025     		movs	r5, #0
 168 002a 2560     		str	r5, [r4]
 230:Generated_Source\PSoC4/cyfitter_cfg.c **** 
 231:Generated_Source\PSoC4/cyfitter_cfg.c **** 	(void)CyIntSetVector(9u, &CySysWdtIsr);
 169              		.loc 1 231 0
 170 002c 0949     		ldr	r1, .L8+20
 171 002e 0920     		movs	r0, #9
 172 0030 FFF7FEFF 		bl	CyIntSetVector
 173              	.LVL16:
 232:Generated_Source\PSoC4/cyfitter_cfg.c **** 	CyIntEnable(9u);
 174              		.loc 1 232 0
 175 0034 0920     		movs	r0, #9
 176 0036 FFF7FEFF 		bl	CyIntEnable
 177              	.LVL17:
 233:Generated_Source\PSoC4/cyfitter_cfg.c **** 	CY_SET_REG32((void *)(CYREG_WDT_CONFIG), 0x00000000u);
 178              		.loc 1 233 0
 179 003a 074B     		ldr	r3, .L8+24
 180 003c 1D60     		str	r5, [r3]
 234:Generated_Source\PSoC4/cyfitter_cfg.c **** }
 181              		.loc 1 234 0
 182              		@ sp needed
 183 003e 70BD     		pop	{r4, r5, r6, pc}
 184              	.L9:
 185              		.align	2
 186              	.L8:
 187 0040 00010B40 		.word	1074462976
 188 0044 FFFFFBFF 		.word	-262145
 189 0048 06000080 		.word	-2147483642
 190 004c 04010B40 		.word	1074462980
 191 0050 08010B40 		.word	1074462984
 192 0054 00000000 		.word	CySysWdtIsr
 193 0058 0C020B40 		.word	1074463244
 194              		.cfi_endproc
 195              	.LFE4:
 196              		.size	ClockSetup, .-ClockSetup
 197              		.align	2
 198              		.global	cyfitter_cfg
 199              		.code	16
 200              		.thumb_func
 201              		.type	cyfitter_cfg, %function
 202              	cyfitter_cfg:
 203              	.LFB6:
 235:Generated_Source\PSoC4/cyfitter_cfg.c **** 
 236:Generated_Source\PSoC4/cyfitter_cfg.c **** 
 237:Generated_Source\PSoC4/cyfitter_cfg.c **** /* Analog API Functions */
 238:Generated_Source\PSoC4/cyfitter_cfg.c **** 
 239:Generated_Source\PSoC4/cyfitter_cfg.c **** 
 240:Generated_Source\PSoC4/cyfitter_cfg.c **** /*******************************************************************************
 241:Generated_Source\PSoC4/cyfitter_cfg.c **** * Function Name: AnalogSetDefault
 242:Generated_Source\PSoC4/cyfitter_cfg.c **** ********************************************************************************
 243:Generated_Source\PSoC4/cyfitter_cfg.c **** *
 244:Generated_Source\PSoC4/cyfitter_cfg.c **** * Summary:
 245:Generated_Source\PSoC4/cyfitter_cfg.c **** *  Sets up the analog portions of the chip to default values based on chip
 246:Generated_Source\PSoC4/cyfitter_cfg.c **** *  configuration options from the project.
 247:Generated_Source\PSoC4/cyfitter_cfg.c **** *
ARM GAS  C:\Users\NGUYEN~1\AppData\Local\Temp\ccvw3lVa.s 			page 9


 248:Generated_Source\PSoC4/cyfitter_cfg.c **** * Parameters:
 249:Generated_Source\PSoC4/cyfitter_cfg.c **** *  void
 250:Generated_Source\PSoC4/cyfitter_cfg.c **** *
 251:Generated_Source\PSoC4/cyfitter_cfg.c **** * Return:
 252:Generated_Source\PSoC4/cyfitter_cfg.c **** *  void
 253:Generated_Source\PSoC4/cyfitter_cfg.c **** *
 254:Generated_Source\PSoC4/cyfitter_cfg.c **** *******************************************************************************/
 255:Generated_Source\PSoC4/cyfitter_cfg.c **** static void AnalogSetDefault(void);
 256:Generated_Source\PSoC4/cyfitter_cfg.c **** static void AnalogSetDefault(void)
 257:Generated_Source\PSoC4/cyfitter_cfg.c **** {
 258:Generated_Source\PSoC4/cyfitter_cfg.c **** }
 259:Generated_Source\PSoC4/cyfitter_cfg.c **** 
 260:Generated_Source\PSoC4/cyfitter_cfg.c **** 
 261:Generated_Source\PSoC4/cyfitter_cfg.c **** 
 262:Generated_Source\PSoC4/cyfitter_cfg.c **** 
 263:Generated_Source\PSoC4/cyfitter_cfg.c **** /*******************************************************************************
 264:Generated_Source\PSoC4/cyfitter_cfg.c **** * Function Name: cyfitter_cfg
 265:Generated_Source\PSoC4/cyfitter_cfg.c **** ********************************************************************************
 266:Generated_Source\PSoC4/cyfitter_cfg.c **** * Summary:
 267:Generated_Source\PSoC4/cyfitter_cfg.c **** *  This function is called by the start-up code for the selected device. It
 268:Generated_Source\PSoC4/cyfitter_cfg.c **** *  performs all of the necessary device configuration based on the design
 269:Generated_Source\PSoC4/cyfitter_cfg.c **** *  settings.  This includes settings from the Design Wide Resources (DWR) such
 270:Generated_Source\PSoC4/cyfitter_cfg.c **** *  as Clocks and Pins as well as any component configuration that is necessary.
 271:Generated_Source\PSoC4/cyfitter_cfg.c **** *
 272:Generated_Source\PSoC4/cyfitter_cfg.c **** * Parameters:
 273:Generated_Source\PSoC4/cyfitter_cfg.c **** *   void
 274:Generated_Source\PSoC4/cyfitter_cfg.c **** *
 275:Generated_Source\PSoC4/cyfitter_cfg.c **** * Return:
 276:Generated_Source\PSoC4/cyfitter_cfg.c **** *   void
 277:Generated_Source\PSoC4/cyfitter_cfg.c **** *
 278:Generated_Source\PSoC4/cyfitter_cfg.c **** *******************************************************************************/
 279:Generated_Source\PSoC4/cyfitter_cfg.c **** CY_CFG_SECTION
 280:Generated_Source\PSoC4/cyfitter_cfg.c **** void cyfitter_cfg(void)
 281:Generated_Source\PSoC4/cyfitter_cfg.c **** {
 204              		.loc 1 281 0
 205              		.cfi_startproc
 206              		@ args = 0, pretend = 0, frame = 0
 207              		@ frame_needed = 0, uses_anonymous_args = 0
 208 005c 10B5     		push	{r4, lr}
 209              		.cfi_def_cfa_offset 8
 210              		.cfi_offset 4, -8
 211              		.cfi_offset 14, -4
 282:Generated_Source\PSoC4/cyfitter_cfg.c **** 	/* Disable interrupts by default. Let user enable if/when they want. */
 283:Generated_Source\PSoC4/cyfitter_cfg.c **** 	CyGlobalIntDisable;
 212              		.loc 1 283 0
 213              		.syntax divided
 214              	@ 283 "Generated_Source\PSoC4\cyfitter_cfg.c" 1
 215 005e 72B6     		CPSID   i
 216              	@ 0 "" 2
 217              	.LVL18:
 218              		.thumb
 219              		.syntax unified
 220              	.LBB3:
 284:Generated_Source\PSoC4/cyfitter_cfg.c **** 
 285:Generated_Source\PSoC4/cyfitter_cfg.c **** 	{
 286:Generated_Source\PSoC4/cyfitter_cfg.c **** 		static const uint32 CYCODE cy_cfg_addr_table[] = {
 287:Generated_Source\PSoC4/cyfitter_cfg.c **** 			0x400F4104u, /* Base address: 0x400F4100 Count: 4 */
ARM GAS  C:\Users\NGUYEN~1\AppData\Local\Temp\ccvw3lVa.s 			page 10


 288:Generated_Source\PSoC4/cyfitter_cfg.c **** 			0x400F6002u, /* Base address: 0x400F6000 Count: 2 */
 289:Generated_Source\PSoC4/cyfitter_cfg.c **** 		};
 290:Generated_Source\PSoC4/cyfitter_cfg.c **** 
 291:Generated_Source\PSoC4/cyfitter_cfg.c **** 		static const cy_cfg_addrvalue_t CYCODE cy_cfg_data_table[] = {
 292:Generated_Source\PSoC4/cyfitter_cfg.c **** 			{0x06u, 0x80u},
 293:Generated_Source\PSoC4/cyfitter_cfg.c **** 			{0x56u, 0x80u},
 294:Generated_Source\PSoC4/cyfitter_cfg.c **** 			{0xC0u, 0x20u},
 295:Generated_Source\PSoC4/cyfitter_cfg.c **** 			{0xD4u, 0x40u},
 296:Generated_Source\PSoC4/cyfitter_cfg.c **** 			{0x02u, 0x01u},
 297:Generated_Source\PSoC4/cyfitter_cfg.c **** 			{0x11u, 0x01u},
 298:Generated_Source\PSoC4/cyfitter_cfg.c **** 		};
 299:Generated_Source\PSoC4/cyfitter_cfg.c **** 
 300:Generated_Source\PSoC4/cyfitter_cfg.c **** 
 301:Generated_Source\PSoC4/cyfitter_cfg.c **** 
 302:Generated_Source\PSoC4/cyfitter_cfg.c **** 		CYPACKED typedef struct {
 303:Generated_Source\PSoC4/cyfitter_cfg.c **** 			void CYFAR *address;
 304:Generated_Source\PSoC4/cyfitter_cfg.c **** 			uint16 size;
 305:Generated_Source\PSoC4/cyfitter_cfg.c **** 		} CYPACKED_ATTR cfg_memset_t;
 306:Generated_Source\PSoC4/cyfitter_cfg.c **** 
 307:Generated_Source\PSoC4/cyfitter_cfg.c **** 		static const cfg_memset_t CYCODE cfg_memset_list[] = {
 308:Generated_Source\PSoC4/cyfitter_cfg.c **** 			/* address, size */
 309:Generated_Source\PSoC4/cyfitter_cfg.c **** 			{(void CYFAR *)(CYDEV_UDB_P0_U0_BASE), 1024u},
 310:Generated_Source\PSoC4/cyfitter_cfg.c **** 			{(void CYFAR *)(CYDEV_UDB_DSI0_BASE), 1024u},
 311:Generated_Source\PSoC4/cyfitter_cfg.c **** 		};
 312:Generated_Source\PSoC4/cyfitter_cfg.c **** 
 313:Generated_Source\PSoC4/cyfitter_cfg.c **** 		uint8 CYDATA i;
 314:Generated_Source\PSoC4/cyfitter_cfg.c **** 
 315:Generated_Source\PSoC4/cyfitter_cfg.c **** 		/* Zero out critical memory blocks before beginning configuration */
 316:Generated_Source\PSoC4/cyfitter_cfg.c **** 		for (i = 0u; i < (sizeof(cfg_memset_list)/sizeof(cfg_memset_list[0])); i++)
 221              		.loc 1 316 0
 222 0060 0024     		movs	r4, #0
 223 0062 0FE0     		b	.L11
 224              	.LVL19:
 225              	.L12:
 226              	.LBB4:
 317:Generated_Source\PSoC4/cyfitter_cfg.c **** 		{
 318:Generated_Source\PSoC4/cyfitter_cfg.c **** 			const cfg_memset_t CYCODE * CYDATA ms = &cfg_memset_list[i];
 319:Generated_Source\PSoC4/cyfitter_cfg.c **** 			CYMEMZERO(ms->address, (size_t)(uint32)(ms->size));
 227              		.loc 1 319 0 discriminator 3
 228 0064 2048     		ldr	r0, .L13
 229 0066 6200     		lsls	r2, r4, #1
 230 0068 1319     		adds	r3, r2, r4
 231 006a 5900     		lsls	r1, r3, #1
 232 006c 0B00     		movs	r3, r1
 233 006e 4118     		adds	r1, r0, r1
 234 0070 8988     		ldrh	r1, [r1, #4]
 235 0072 1A5A     		ldrh	r2, [r3, r0]
 236 0074 C318     		adds	r3, r0, r3
 237 0076 5888     		ldrh	r0, [r3, #2]
 238 0078 0004     		lsls	r0, r0, #16
 239 007a 1043     		orrs	r0, r2
 240 007c FFF7FEFF 		bl	CYMEMZERO
 241              	.LVL20:
 242              	.LBE4:
 316:Generated_Source\PSoC4/cyfitter_cfg.c **** 		{
 243              		.loc 1 316 0 discriminator 3
 244 0080 0134     		adds	r4, r4, #1
ARM GAS  C:\Users\NGUYEN~1\AppData\Local\Temp\ccvw3lVa.s 			page 11


 245              	.LVL21:
 246 0082 E4B2     		uxtb	r4, r4
 247              	.LVL22:
 248              	.L11:
 316:Generated_Source\PSoC4/cyfitter_cfg.c **** 		{
 249              		.loc 1 316 0 is_stmt 0 discriminator 1
 250 0084 012C     		cmp	r4, #1
 251 0086 EDD9     		bls	.L12
 320:Generated_Source\PSoC4/cyfitter_cfg.c **** 		}
 321:Generated_Source\PSoC4/cyfitter_cfg.c **** 
 322:Generated_Source\PSoC4/cyfitter_cfg.c **** 		cfg_write_bytes32(cy_cfg_addr_table, cy_cfg_data_table);
 252              		.loc 1 322 0 is_stmt 1
 253 0088 1748     		ldr	r0, .L13
 254 008a 0100     		movs	r1, r0
 255 008c 0C31     		adds	r1, r1, #12
 256 008e 1830     		adds	r0, r0, #24
 257 0090 FFF7FEFF 		bl	cfg_write_bytes32
 258              	.LVL23:
 323:Generated_Source\PSoC4/cyfitter_cfg.c **** 
 324:Generated_Source\PSoC4/cyfitter_cfg.c **** 		/* HSIOM Starting address: CYDEV_HSIOM_BASE */
 325:Generated_Source\PSoC4/cyfitter_cfg.c **** 		CY_SET_REG32((void *)(CYREG_HSIOM_PORT_SEL1), 0x00000003u);
 259              		.loc 1 325 0
 260 0094 0322     		movs	r2, #3
 261 0096 154B     		ldr	r3, .L13+4
 262 0098 1A60     		str	r2, [r3]
 326:Generated_Source\PSoC4/cyfitter_cfg.c **** 		CY_SET_REG32((void *)(CYREG_HSIOM_PORT_SEL3), 0x0000EE00u);
 263              		.loc 1 326 0
 264 009a EE21     		movs	r1, #238
 265 009c 0902     		lsls	r1, r1, #8
 266 009e 144B     		ldr	r3, .L13+8
 267 00a0 1960     		str	r1, [r3]
 327:Generated_Source\PSoC4/cyfitter_cfg.c **** 
 328:Generated_Source\PSoC4/cyfitter_cfg.c **** 		/* UDB_PA_1 Starting address: CYDEV_UDB_PA1_BASE */
 329:Generated_Source\PSoC4/cyfitter_cfg.c **** 		CY_SET_REG32((void *)(CYDEV_UDB_PA1_BASE), 0x00990004u);
 268              		.loc 1 329 0
 269 00a2 1449     		ldr	r1, .L13+12
 270 00a4 144B     		ldr	r3, .L13+16
 271 00a6 1960     		str	r1, [r3]
 330:Generated_Source\PSoC4/cyfitter_cfg.c **** 		CY_SET_REG32((void *)(CYREG_UDB_PA1_CFG4), 0x00080000u);
 272              		.loc 1 330 0
 273 00a8 8021     		movs	r1, #128
 274 00aa 0903     		lsls	r1, r1, #12
 275 00ac 134B     		ldr	r3, .L13+20
 276 00ae 1960     		str	r1, [r3]
 331:Generated_Source\PSoC4/cyfitter_cfg.c **** 		CY_SET_REG32((void *)(CYREG_UDB_PA1_CFG8), 0x00010000u);
 277              		.loc 1 331 0
 278 00b0 8021     		movs	r1, #128
 279 00b2 4902     		lsls	r1, r1, #9
 280 00b4 124B     		ldr	r3, .L13+24
 281 00b6 1960     		str	r1, [r3]
 332:Generated_Source\PSoC4/cyfitter_cfg.c **** 
 333:Generated_Source\PSoC4/cyfitter_cfg.c **** 		/* UDB_PA_3 Starting address: CYDEV_UDB_PA3_BASE */
 334:Generated_Source\PSoC4/cyfitter_cfg.c **** 		CY_SET_REG32((void *)(CYDEV_UDB_PA3_BASE), 0x00990000u);
 282              		.loc 1 334 0
 283 00b8 9921     		movs	r1, #153
 284 00ba 0904     		lsls	r1, r1, #16
 285 00bc 114B     		ldr	r3, .L13+28
ARM GAS  C:\Users\NGUYEN~1\AppData\Local\Temp\ccvw3lVa.s 			page 12


 286 00be 1960     		str	r1, [r3]
 335:Generated_Source\PSoC4/cyfitter_cfg.c **** 
 336:Generated_Source\PSoC4/cyfitter_cfg.c **** 		/* Enable digital routing */
 337:Generated_Source\PSoC4/cyfitter_cfg.c **** 		CY_SET_XTND_REG8((void *)CYREG_UDB_UDBIF_BANK_CTL, (uint8)(CY_GET_XTND_REG8((void *)CYREG_UDB_UDB
 287              		.loc 1 337 0
 288 00c0 1149     		ldr	r1, .L13+32
 289 00c2 0878     		ldrb	r0, [r1]
 290 00c4 0623     		movs	r3, #6
 291 00c6 0343     		orrs	r3, r0
 292 00c8 DBB2     		uxtb	r3, r3
 293 00ca 0B70     		strb	r3, [r1]
 294              	.LBE3:
 338:Generated_Source\PSoC4/cyfitter_cfg.c **** 	}
 339:Generated_Source\PSoC4/cyfitter_cfg.c **** 
 340:Generated_Source\PSoC4/cyfitter_cfg.c **** 	/* Perform second pass device configuration. These items must be configured in specific order afte
 341:Generated_Source\PSoC4/cyfitter_cfg.c **** 	/* IOPINS0_1 Starting address: CYDEV_PRT1_BASE */
 342:Generated_Source\PSoC4/cyfitter_cfg.c **** 	CY_SET_REG32((void *)(CYDEV_PRT1_BASE), 0x00000003u);
 295              		.loc 1 342 0
 296 00cc 0F4B     		ldr	r3, .L13+36
 297 00ce 1A60     		str	r2, [r3]
 343:Generated_Source\PSoC4/cyfitter_cfg.c **** 	CY_SET_REG32((void *)(CYREG_PRT1_PC), 0x00000196u);
 298              		.loc 1 343 0
 299 00d0 9432     		adds	r2, r2, #148
 300 00d2 FF32     		adds	r2, r2, #255
 301 00d4 0E4B     		ldr	r3, .L13+40
 302 00d6 1A60     		str	r2, [r3]
 344:Generated_Source\PSoC4/cyfitter_cfg.c **** 
 345:Generated_Source\PSoC4/cyfitter_cfg.c **** 	/* IOPINS0_3 Starting address: CYDEV_PRT3_BASE */
 346:Generated_Source\PSoC4/cyfitter_cfg.c **** 	CY_SET_REG32((void *)(CYREG_PRT3_PC), 0x00000D80u);
 303              		.loc 1 346 0
 304 00d8 D822     		movs	r2, #216
 305 00da 1201     		lsls	r2, r2, #4
 306 00dc 0D4B     		ldr	r3, .L13+44
 307 00de 1A60     		str	r2, [r3]
 347:Generated_Source\PSoC4/cyfitter_cfg.c **** 
 348:Generated_Source\PSoC4/cyfitter_cfg.c **** 
 349:Generated_Source\PSoC4/cyfitter_cfg.c **** 	/* Setup clocks based on selections from Clock DWR */
 350:Generated_Source\PSoC4/cyfitter_cfg.c **** 	ClockSetup();
 308              		.loc 1 350 0
 309 00e0 FFF78EFF 		bl	ClockSetup
 310              	.LVL24:
 351:Generated_Source\PSoC4/cyfitter_cfg.c **** 
 352:Generated_Source\PSoC4/cyfitter_cfg.c **** 	/* Perform basic analog initialization to defaults */
 353:Generated_Source\PSoC4/cyfitter_cfg.c **** 	AnalogSetDefault();
 354:Generated_Source\PSoC4/cyfitter_cfg.c **** 
 355:Generated_Source\PSoC4/cyfitter_cfg.c **** }
 311              		.loc 1 355 0
 312              		@ sp needed
 313              	.LVL25:
 314 00e4 10BD     		pop	{r4, pc}
 315              	.L14:
 316 00e6 C046     		.align	2
 317              	.L13:
 318 00e8 00000000 		.word	.LANCHOR0
 319 00ec 04000140 		.word	1073807364
 320 00f0 0C000140 		.word	1073807372
 321 00f4 04009900 		.word	10027012
ARM GAS  C:\Users\NGUYEN~1\AppData\Local\Temp\ccvw3lVa.s 			page 13


 322 00f8 10500F40 		.word	1074745360
 323 00fc 14500F40 		.word	1074745364
 324 0100 18500F40 		.word	1074745368
 325 0104 30500F40 		.word	1074745392
 326 0108 00700F40 		.word	1074753536
 327 010c 00010440 		.word	1074004224
 328 0110 08010440 		.word	1074004232
 329 0114 08030440 		.word	1074004744
 330              		.cfi_endproc
 331              	.LFE6:
 332              		.size	cyfitter_cfg, .-cyfitter_cfg
 333              		.section	.rodata
 334              		.align	2
 335              		.set	.LANCHOR0,. + 0
 336              		.type	cfg_memset_list.4870, %object
 337              		.size	cfg_memset_list.4870, 12
 338              	cfg_memset_list.4870:
 339 0000 00300F40 		.word	1074737152
 340 0004 0004     		.short	1024
 341 0006 00400F40 		.4byte	1074741248
 342 000a 0004     		.short	1024
 343              		.type	cy_cfg_data_table.4865, %object
 344              		.size	cy_cfg_data_table.4865, 12
 345              	cy_cfg_data_table.4865:
 346 000c 06       		.byte	6
 347 000d 80       		.byte	-128
 348 000e 56       		.byte	86
 349 000f 80       		.byte	-128
 350 0010 C0       		.byte	-64
 351 0011 20       		.byte	32
 352 0012 D4       		.byte	-44
 353 0013 40       		.byte	64
 354 0014 02       		.byte	2
 355 0015 01       		.byte	1
 356 0016 11       		.byte	17
 357 0017 01       		.byte	1
 358              		.type	cy_cfg_addr_table.4864, %object
 359              		.size	cy_cfg_addr_table.4864, 8
 360              	cy_cfg_addr_table.4864:
 361 0018 04410F40 		.word	1074741508
 362 001c 02600F40 		.word	1074749442
 363              		.text
 364              	.Letext0:
 365              		.file 2 "c:\\program files (x86)\\cypress\\psoc creator\\4.4\\psoc creator\\import\\gnu\\arm\\5.4.
 366              		.file 3 "Generated_Source\\PSoC4\\cytypes.h"
 367              		.file 4 "Generated_Source\\PSoC4\\CyLib.h"
 368              		.section	.debug_info,"",%progbits
 369              	.Ldebug_info0:
 370 0000 9C030000 		.4byte	0x39c
 371 0004 0400     		.2byte	0x4
 372 0006 00000000 		.4byte	.Ldebug_abbrev0
 373 000a 04       		.byte	0x4
 374 000b 01       		.uleb128 0x1
 375 000c 5D010000 		.4byte	.LASF39
 376 0010 0C       		.byte	0xc
 377 0011 8A020000 		.4byte	.LASF40
 378 0015 00000000 		.4byte	.LASF41
ARM GAS  C:\Users\NGUYEN~1\AppData\Local\Temp\ccvw3lVa.s 			page 14


 379 0019 00000000 		.4byte	.Ldebug_ranges0+0
 380 001d 00000000 		.4byte	0
 381 0021 00000000 		.4byte	.Ldebug_line0
 382 0025 02       		.uleb128 0x2
 383 0026 04       		.byte	0x4
 384 0027 05       		.byte	0x5
 385 0028 696E7400 		.ascii	"int\000"
 386 002c 03       		.uleb128 0x3
 387 002d 33000000 		.4byte	.LASF12
 388 0031 02       		.byte	0x2
 389 0032 D8       		.byte	0xd8
 390 0033 37000000 		.4byte	0x37
 391 0037 04       		.uleb128 0x4
 392 0038 04       		.byte	0x4
 393 0039 07       		.byte	0x7
 394 003a 24010000 		.4byte	.LASF0
 395 003e 04       		.uleb128 0x4
 396 003f 08       		.byte	0x8
 397 0040 05       		.byte	0x5
 398 0041 1D020000 		.4byte	.LASF1
 399 0045 04       		.uleb128 0x4
 400 0046 08       		.byte	0x8
 401 0047 04       		.byte	0x4
 402 0048 72020000 		.4byte	.LASF2
 403 004c 04       		.uleb128 0x4
 404 004d 01       		.byte	0x1
 405 004e 06       		.byte	0x6
 406 004f 7E020000 		.4byte	.LASF3
 407 0053 04       		.uleb128 0x4
 408 0054 01       		.byte	0x1
 409 0055 08       		.byte	0x8
 410 0056 C6000000 		.4byte	.LASF4
 411 005a 04       		.uleb128 0x4
 412 005b 02       		.byte	0x2
 413 005c 05       		.byte	0x5
 414 005d 4A020000 		.4byte	.LASF5
 415 0061 04       		.uleb128 0x4
 416 0062 02       		.byte	0x2
 417 0063 07       		.byte	0x7
 418 0064 0A020000 		.4byte	.LASF6
 419 0068 04       		.uleb128 0x4
 420 0069 04       		.byte	0x4
 421 006a 05       		.byte	0x5
 422 006b 69020000 		.4byte	.LASF7
 423 006f 04       		.uleb128 0x4
 424 0070 04       		.byte	0x4
 425 0071 07       		.byte	0x7
 426 0072 A4000000 		.4byte	.LASF8
 427 0076 04       		.uleb128 0x4
 428 0077 08       		.byte	0x8
 429 0078 07       		.byte	0x7
 430 0079 46010000 		.4byte	.LASF9
 431 007d 04       		.uleb128 0x4
 432 007e 04       		.byte	0x4
 433 007f 07       		.byte	0x7
 434 0080 01020000 		.4byte	.LASF10
 435 0084 05       		.uleb128 0x5
ARM GAS  C:\Users\NGUYEN~1\AppData\Local\Temp\ccvw3lVa.s 			page 15


 436 0085 04       		.byte	0x4
 437 0086 04       		.uleb128 0x4
 438 0087 01       		.byte	0x1
 439 0088 08       		.byte	0x8
 440 0089 2B020000 		.4byte	.LASF11
 441 008d 06       		.uleb128 0x6
 442 008e B6000000 		.4byte	.LASF13
 443 0092 03       		.byte	0x3
 444 0093 FB01     		.2byte	0x1fb
 445 0095 53000000 		.4byte	0x53
 446 0099 06       		.uleb128 0x6
 447 009a 0B010000 		.4byte	.LASF14
 448 009e 03       		.byte	0x3
 449 009f FC01     		.2byte	0x1fc
 450 00a1 61000000 		.4byte	0x61
 451 00a5 06       		.uleb128 0x6
 452 00a6 1D010000 		.4byte	.LASF15
 453 00aa 03       		.byte	0x3
 454 00ab FD01     		.2byte	0x1fd
 455 00ad 6F000000 		.4byte	0x6f
 456 00b1 04       		.uleb128 0x4
 457 00b2 04       		.byte	0x4
 458 00b3 04       		.byte	0x4
 459 00b4 84000000 		.4byte	.LASF16
 460 00b8 04       		.uleb128 0x4
 461 00b9 08       		.byte	0x8
 462 00ba 04       		.byte	0x4
 463 00bb DB000000 		.4byte	.LASF17
 464 00bf 06       		.uleb128 0x6
 465 00c0 9F000000 		.4byte	.LASF18
 466 00c4 03       		.byte	0x3
 467 00c5 A502     		.2byte	0x2a5
 468 00c7 CB000000 		.4byte	0xcb
 469 00cb 07       		.uleb128 0x7
 470 00cc 8D000000 		.4byte	0x8d
 471 00d0 06       		.uleb128 0x6
 472 00d1 2D000000 		.4byte	.LASF19
 473 00d5 03       		.byte	0x3
 474 00d6 A702     		.2byte	0x2a7
 475 00d8 DC000000 		.4byte	0xdc
 476 00dc 07       		.uleb128 0x7
 477 00dd A5000000 		.4byte	0xa5
 478 00e1 08       		.uleb128 0x8
 479 00e2 02       		.byte	0x2
 480 00e3 01       		.byte	0x1
 481 00e4 97       		.byte	0x97
 482 00e5 02010000 		.4byte	0x102
 483 00e9 09       		.uleb128 0x9
 484 00ea 43020000 		.4byte	.LASF20
 485 00ee 01       		.byte	0x1
 486 00ef 99       		.byte	0x99
 487 00f0 8D000000 		.4byte	0x8d
 488 00f4 00       		.byte	0
 489 00f5 09       		.uleb128 0x9
 490 00f6 49000000 		.4byte	.LASF21
 491 00fa 01       		.byte	0x1
 492 00fb 9A       		.byte	0x9a
ARM GAS  C:\Users\NGUYEN~1\AppData\Local\Temp\ccvw3lVa.s 			page 16


 493 00fc 8D000000 		.4byte	0x8d
 494 0100 01       		.byte	0x1
 495 0101 00       		.byte	0
 496 0102 03       		.uleb128 0x3
 497 0103 30020000 		.4byte	.LASF22
 498 0107 01       		.byte	0x1
 499 0108 9B       		.byte	0x9b
 500 0109 E1000000 		.4byte	0xe1
 501 010d 0A       		.uleb128 0xa
 502 010e E2000000 		.4byte	.LASF27
 503 0112 01       		.byte	0x1
 504 0113 AE       		.byte	0xae
 505 0114 00000000 		.4byte	.LFB3
 506 0118 32000000 		.4byte	.LFE3-.LFB3
 507 011c 01       		.uleb128 0x1
 508 011d 9C       		.byte	0x9c
 509 011e 7F010000 		.4byte	0x17f
 510 0122 0B       		.uleb128 0xb
 511 0123 00010000 		.4byte	.LASF23
 512 0127 01       		.byte	0x1
 513 0128 AE       		.byte	0xae
 514 0129 7F010000 		.4byte	0x17f
 515 012d 01       		.uleb128 0x1
 516 012e 50       		.byte	0x50
 517 012f 0B       		.uleb128 0xb
 518 0130 12010000 		.4byte	.LASF24
 519 0134 01       		.byte	0x1
 520 0135 AE       		.byte	0xae
 521 0136 8A010000 		.4byte	0x18a
 522 013a 01       		.uleb128 0x1
 523 013b 51       		.byte	0x51
 524 013c 0C       		.uleb128 0xc
 525 013d 6900     		.ascii	"i\000"
 526 013f 01       		.byte	0x1
 527 0140 B1       		.byte	0xb1
 528 0141 A5000000 		.4byte	0xa5
 529 0145 00000000 		.4byte	.LLST0
 530 0149 0C       		.uleb128 0xc
 531 014a 6A00     		.ascii	"j\000"
 532 014c 01       		.byte	0x1
 533 014d B1       		.byte	0xb1
 534 014e A5000000 		.4byte	0xa5
 535 0152 1F000000 		.4byte	.LLST1
 536 0156 0D       		.uleb128 0xd
 537 0157 08000000 		.4byte	.LBB2
 538 015b 22000000 		.4byte	.LBE2-.LBB2
 539 015f 0E       		.uleb128 0xe
 540 0160 F8010000 		.4byte	.LASF25
 541 0164 01       		.byte	0x1
 542 0165 B4       		.byte	0xb4
 543 0166 A5000000 		.4byte	0xa5
 544 016a 3E000000 		.4byte	.LLST2
 545 016e 0E       		.uleb128 0xe
 546 016f 4F000000 		.4byte	.LASF26
 547 0173 01       		.byte	0x1
 548 0174 B5       		.byte	0xb5
 549 0175 8D000000 		.4byte	0x8d
ARM GAS  C:\Users\NGUYEN~1\AppData\Local\Temp\ccvw3lVa.s 			page 17


 550 0179 51000000 		.4byte	.LLST3
 551 017d 00       		.byte	0
 552 017e 00       		.byte	0
 553 017f 0F       		.uleb128 0xf
 554 0180 04       		.byte	0x4
 555 0181 85010000 		.4byte	0x185
 556 0185 10       		.uleb128 0x10
 557 0186 A5000000 		.4byte	0xa5
 558 018a 0F       		.uleb128 0xf
 559 018b 04       		.byte	0x4
 560 018c 90010000 		.4byte	0x190
 561 0190 10       		.uleb128 0x10
 562 0191 02010000 		.4byte	0x102
 563 0195 0A       		.uleb128 0xa
 564 0196 BC000000 		.4byte	.LASF28
 565 019a 01       		.byte	0x1
 566 019b 4C       		.byte	0x4c
 567 019c 00000000 		.4byte	.LFB0
 568 01a0 0C000000 		.4byte	.LFE0-.LFB0
 569 01a4 01       		.uleb128 0x1
 570 01a5 9C       		.byte	0x9c
 571 01a6 E2010000 		.4byte	0x1e2
 572 01aa 11       		.uleb128 0x11
 573 01ab 7300     		.ascii	"s\000"
 574 01ad 01       		.byte	0x1
 575 01ae 4C       		.byte	0x4c
 576 01af 84000000 		.4byte	0x84
 577 01b3 6F000000 		.4byte	.LLST4
 578 01b7 11       		.uleb128 0x11
 579 01b8 6E00     		.ascii	"n\000"
 580 01ba 01       		.byte	0x1
 581 01bb 4C       		.byte	0x4c
 582 01bc 2C000000 		.4byte	0x2c
 583 01c0 90000000 		.4byte	.LLST5
 584 01c4 12       		.uleb128 0x12
 585 01c5 0A000000 		.4byte	.LVL14
 586 01c9 75030000 		.4byte	0x375
 587 01cd 13       		.uleb128 0x13
 588 01ce 01       		.uleb128 0x1
 589 01cf 50       		.byte	0x50
 590 01d0 03       		.uleb128 0x3
 591 01d1 F3       		.byte	0xf3
 592 01d2 01       		.uleb128 0x1
 593 01d3 50       		.byte	0x50
 594 01d4 13       		.uleb128 0x13
 595 01d5 01       		.uleb128 0x1
 596 01d6 51       		.byte	0x51
 597 01d7 01       		.uleb128 0x1
 598 01d8 30       		.byte	0x30
 599 01d9 13       		.uleb128 0x13
 600 01da 01       		.uleb128 0x1
 601 01db 52       		.byte	0x52
 602 01dc 03       		.uleb128 0x3
 603 01dd F3       		.byte	0xf3
 604 01de 01       		.uleb128 0x1
 605 01df 51       		.byte	0x51
 606 01e0 00       		.byte	0
ARM GAS  C:\Users\NGUYEN~1\AppData\Local\Temp\ccvw3lVa.s 			page 18


 607 01e1 00       		.byte	0
 608 01e2 0A       		.uleb128 0xa
 609 01e3 55000000 		.4byte	.LASF29
 610 01e7 01       		.byte	0x1
 611 01e8 D3       		.byte	0xd3
 612 01e9 00000000 		.4byte	.LFB4
 613 01ed 5C000000 		.4byte	.LFE4-.LFB4
 614 01f1 01       		.uleb128 0x1
 615 01f2 9C       		.byte	0x9c
 616 01f3 2D020000 		.4byte	0x22d
 617 01f7 14       		.uleb128 0x14
 618 01f8 14000000 		.4byte	.LVL15
 619 01fc 7E030000 		.4byte	0x37e
 620 0200 0A020000 		.4byte	0x20a
 621 0204 13       		.uleb128 0x13
 622 0205 01       		.uleb128 0x1
 623 0206 50       		.byte	0x50
 624 0207 01       		.uleb128 0x1
 625 0208 48       		.byte	0x48
 626 0209 00       		.byte	0
 627 020a 14       		.uleb128 0x14
 628 020b 34000000 		.4byte	.LVL16
 629 020f 89030000 		.4byte	0x389
 630 0213 1D020000 		.4byte	0x21d
 631 0217 13       		.uleb128 0x13
 632 0218 01       		.uleb128 0x1
 633 0219 50       		.byte	0x50
 634 021a 01       		.uleb128 0x1
 635 021b 39       		.byte	0x39
 636 021c 00       		.byte	0
 637 021d 12       		.uleb128 0x12
 638 021e 3A000000 		.4byte	.LVL17
 639 0222 94030000 		.4byte	0x394
 640 0226 13       		.uleb128 0x13
 641 0227 01       		.uleb128 0x1
 642 0228 50       		.byte	0x50
 643 0229 01       		.uleb128 0x1
 644 022a 39       		.byte	0x39
 645 022b 00       		.byte	0
 646 022c 00       		.byte	0
 647 022d 15       		.uleb128 0x15
 648 022e 31010000 		.4byte	.LASF42
 649 0232 01       		.byte	0x1
 650 0233 1801     		.2byte	0x118
 651 0235 5C000000 		.4byte	.LFB6
 652 0239 BC000000 		.4byte	.LFE6-.LFB6
 653 023d 01       		.uleb128 0x1
 654 023e 9C       		.byte	0x9c
 655 023f 4B030000 		.4byte	0x34b
 656 0243 16       		.uleb128 0x16
 657 0244 60000000 		.4byte	.LBB3
 658 0248 6C000000 		.4byte	.LBE3-.LBB3
 659 024c 41030000 		.4byte	0x341
 660 0250 17       		.uleb128 0x17
 661 0251 60000000 		.4byte	.LASF30
 662 0255 01       		.byte	0x1
 663 0256 1E01     		.2byte	0x11e
ARM GAS  C:\Users\NGUYEN~1\AppData\Local\Temp\ccvw3lVa.s 			page 19


 664 0258 5B030000 		.4byte	0x35b
 665 025c 05       		.uleb128 0x5
 666 025d 03       		.byte	0x3
 667 025e 18000000 		.4byte	cy_cfg_addr_table.4864
 668 0262 17       		.uleb128 0x17
 669 0263 72000000 		.4byte	.LASF31
 670 0267 01       		.byte	0x1
 671 0268 2301     		.2byte	0x123
 672 026a 70030000 		.4byte	0x370
 673 026e 05       		.uleb128 0x5
 674 026f 03       		.byte	0x3
 675 0270 0C000000 		.4byte	cy_cfg_data_table.4865
 676 0274 18       		.uleb128 0x18
 677 0275 06       		.byte	0x6
 678 0276 01       		.byte	0x1
 679 0277 2E01     		.2byte	0x12e
 680 0279 98020000 		.4byte	0x298
 681 027d 19       		.uleb128 0x19
 682 027e 3E010000 		.4byte	.LASF32
 683 0282 01       		.byte	0x1
 684 0283 2F01     		.2byte	0x12f
 685 0285 84000000 		.4byte	0x84
 686 0289 00       		.byte	0
 687 028a 19       		.uleb128 0x19
 688 028b 9A000000 		.4byte	.LASF33
 689 028f 01       		.byte	0x1
 690 0290 3001     		.2byte	0x130
 691 0292 99000000 		.4byte	0x99
 692 0296 04       		.byte	0x4
 693 0297 00       		.byte	0
 694 0298 06       		.uleb128 0x6
 695 0299 EB010000 		.4byte	.LASF34
 696 029d 01       		.byte	0x1
 697 029e 3101     		.2byte	0x131
 698 02a0 74020000 		.4byte	0x274
 699 02a4 1A       		.uleb128 0x1a
 700 02a5 B4020000 		.4byte	0x2b4
 701 02a9 B4020000 		.4byte	0x2b4
 702 02ad 1B       		.uleb128 0x1b
 703 02ae 7D000000 		.4byte	0x7d
 704 02b2 01       		.byte	0x1
 705 02b3 00       		.byte	0
 706 02b4 10       		.uleb128 0x10
 707 02b5 98020000 		.4byte	0x298
 708 02b9 17       		.uleb128 0x17
 709 02ba 8A000000 		.4byte	.LASF35
 710 02be 01       		.byte	0x1
 711 02bf 3301     		.2byte	0x133
 712 02c1 CB020000 		.4byte	0x2cb
 713 02c5 05       		.uleb128 0x5
 714 02c6 03       		.byte	0x3
 715 02c7 00000000 		.4byte	cfg_memset_list.4870
 716 02cb 10       		.uleb128 0x10
 717 02cc A4020000 		.4byte	0x2a4
 718 02d0 1C       		.uleb128 0x1c
 719 02d1 6900     		.ascii	"i\000"
 720 02d3 01       		.byte	0x1
ARM GAS  C:\Users\NGUYEN~1\AppData\Local\Temp\ccvw3lVa.s 			page 20


 721 02d4 3901     		.2byte	0x139
 722 02d6 8D000000 		.4byte	0x8d
 723 02da BC000000 		.4byte	.LLST6
 724 02de 16       		.uleb128 0x16
 725 02df 64000000 		.4byte	.LBB4
 726 02e3 1C000000 		.4byte	.LBE4-.LBB4
 727 02e7 24030000 		.4byte	0x324
 728 02eb 1C       		.uleb128 0x1c
 729 02ec 6D7300   		.ascii	"ms\000"
 730 02ef 01       		.byte	0x1
 731 02f0 3E01     		.2byte	0x13e
 732 02f2 FA020000 		.4byte	0x2fa
 733 02f6 E6000000 		.4byte	.LLST7
 734 02fa 0F       		.uleb128 0xf
 735 02fb 04       		.byte	0x4
 736 02fc B4020000 		.4byte	0x2b4
 737 0300 12       		.uleb128 0x12
 738 0301 80000000 		.4byte	.LVL20
 739 0305 95010000 		.4byte	0x195
 740 0309 13       		.uleb128 0x13
 741 030a 01       		.uleb128 0x1
 742 030b 51       		.byte	0x51
 743 030c 15       		.uleb128 0x15
 744 030d 74       		.byte	0x74
 745 030e 00       		.sleb128 0
 746 030f 31       		.byte	0x31
 747 0310 24       		.byte	0x24
 748 0311 74       		.byte	0x74
 749 0312 00       		.sleb128 0
 750 0313 22       		.byte	0x22
 751 0314 31       		.byte	0x31
 752 0315 24       		.byte	0x24
 753 0316 03       		.byte	0x3
 754 0317 04000000 		.4byte	.LANCHOR0+4
 755 031b 22       		.byte	0x22
 756 031c 94       		.byte	0x94
 757 031d 02       		.byte	0x2
 758 031e 0A       		.byte	0xa
 759 031f FFFF     		.2byte	0xffff
 760 0321 1A       		.byte	0x1a
 761 0322 00       		.byte	0
 762 0323 00       		.byte	0
 763 0324 12       		.uleb128 0x12
 764 0325 94000000 		.4byte	.LVL23
 765 0329 0D010000 		.4byte	0x10d
 766 032d 13       		.uleb128 0x13
 767 032e 01       		.uleb128 0x1
 768 032f 50       		.byte	0x50
 769 0330 05       		.uleb128 0x5
 770 0331 03       		.byte	0x3
 771 0332 18000000 		.4byte	.LANCHOR0+24
 772 0336 13       		.uleb128 0x13
 773 0337 01       		.uleb128 0x1
 774 0338 51       		.byte	0x51
 775 0339 05       		.uleb128 0x5
 776 033a 03       		.byte	0x3
 777 033b 0C000000 		.4byte	.LANCHOR0+12
ARM GAS  C:\Users\NGUYEN~1\AppData\Local\Temp\ccvw3lVa.s 			page 21


 778 033f 00       		.byte	0
 779 0340 00       		.byte	0
 780 0341 1D       		.uleb128 0x1d
 781 0342 E4000000 		.4byte	.LVL24
 782 0346 E2010000 		.4byte	0x1e2
 783 034a 00       		.byte	0
 784 034b 1A       		.uleb128 0x1a
 785 034c 85010000 		.4byte	0x185
 786 0350 5B030000 		.4byte	0x35b
 787 0354 1B       		.uleb128 0x1b
 788 0355 7D000000 		.4byte	0x7d
 789 0359 01       		.byte	0x1
 790 035a 00       		.byte	0
 791 035b 10       		.uleb128 0x10
 792 035c 4B030000 		.4byte	0x34b
 793 0360 1A       		.uleb128 0x1a
 794 0361 90010000 		.4byte	0x190
 795 0365 70030000 		.4byte	0x370
 796 0369 1B       		.uleb128 0x1b
 797 036a 7D000000 		.4byte	0x7d
 798 036e 05       		.byte	0x5
 799 036f 00       		.byte	0
 800 0370 10       		.uleb128 0x10
 801 0371 60030000 		.4byte	0x360
 802 0375 1E       		.uleb128 0x1e
 803 0376 D4000000 		.4byte	.LASF43
 804 037a D4000000 		.4byte	.LASF43
 805 037e 1F       		.uleb128 0x1f
 806 037f 54020000 		.4byte	.LASF36
 807 0383 54020000 		.4byte	.LASF36
 808 0387 04       		.byte	0x4
 809 0388 6C       		.byte	0x6c
 810 0389 1F       		.uleb128 0x1f
 811 038a 3A000000 		.4byte	.LASF37
 812 038e 3A000000 		.4byte	.LASF37
 813 0392 04       		.byte	0x4
 814 0393 D0       		.byte	0xd0
 815 0394 1F       		.uleb128 0x1f
 816 0395 F4000000 		.4byte	.LASF38
 817 0399 F4000000 		.4byte	.LASF38
 818 039d 04       		.byte	0x4
 819 039e D6       		.byte	0xd6
 820 039f 00       		.byte	0
 821              		.section	.debug_abbrev,"",%progbits
 822              	.Ldebug_abbrev0:
 823 0000 01       		.uleb128 0x1
 824 0001 11       		.uleb128 0x11
 825 0002 01       		.byte	0x1
 826 0003 25       		.uleb128 0x25
 827 0004 0E       		.uleb128 0xe
 828 0005 13       		.uleb128 0x13
 829 0006 0B       		.uleb128 0xb
 830 0007 03       		.uleb128 0x3
 831 0008 0E       		.uleb128 0xe
 832 0009 1B       		.uleb128 0x1b
 833 000a 0E       		.uleb128 0xe
 834 000b 55       		.uleb128 0x55
ARM GAS  C:\Users\NGUYEN~1\AppData\Local\Temp\ccvw3lVa.s 			page 22


 835 000c 17       		.uleb128 0x17
 836 000d 11       		.uleb128 0x11
 837 000e 01       		.uleb128 0x1
 838 000f 10       		.uleb128 0x10
 839 0010 17       		.uleb128 0x17
 840 0011 00       		.byte	0
 841 0012 00       		.byte	0
 842 0013 02       		.uleb128 0x2
 843 0014 24       		.uleb128 0x24
 844 0015 00       		.byte	0
 845 0016 0B       		.uleb128 0xb
 846 0017 0B       		.uleb128 0xb
 847 0018 3E       		.uleb128 0x3e
 848 0019 0B       		.uleb128 0xb
 849 001a 03       		.uleb128 0x3
 850 001b 08       		.uleb128 0x8
 851 001c 00       		.byte	0
 852 001d 00       		.byte	0
 853 001e 03       		.uleb128 0x3
 854 001f 16       		.uleb128 0x16
 855 0020 00       		.byte	0
 856 0021 03       		.uleb128 0x3
 857 0022 0E       		.uleb128 0xe
 858 0023 3A       		.uleb128 0x3a
 859 0024 0B       		.uleb128 0xb
 860 0025 3B       		.uleb128 0x3b
 861 0026 0B       		.uleb128 0xb
 862 0027 49       		.uleb128 0x49
 863 0028 13       		.uleb128 0x13
 864 0029 00       		.byte	0
 865 002a 00       		.byte	0
 866 002b 04       		.uleb128 0x4
 867 002c 24       		.uleb128 0x24
 868 002d 00       		.byte	0
 869 002e 0B       		.uleb128 0xb
 870 002f 0B       		.uleb128 0xb
 871 0030 3E       		.uleb128 0x3e
 872 0031 0B       		.uleb128 0xb
 873 0032 03       		.uleb128 0x3
 874 0033 0E       		.uleb128 0xe
 875 0034 00       		.byte	0
 876 0035 00       		.byte	0
 877 0036 05       		.uleb128 0x5
 878 0037 0F       		.uleb128 0xf
 879 0038 00       		.byte	0
 880 0039 0B       		.uleb128 0xb
 881 003a 0B       		.uleb128 0xb
 882 003b 00       		.byte	0
 883 003c 00       		.byte	0
 884 003d 06       		.uleb128 0x6
 885 003e 16       		.uleb128 0x16
 886 003f 00       		.byte	0
 887 0040 03       		.uleb128 0x3
 888 0041 0E       		.uleb128 0xe
 889 0042 3A       		.uleb128 0x3a
 890 0043 0B       		.uleb128 0xb
 891 0044 3B       		.uleb128 0x3b
ARM GAS  C:\Users\NGUYEN~1\AppData\Local\Temp\ccvw3lVa.s 			page 23


 892 0045 05       		.uleb128 0x5
 893 0046 49       		.uleb128 0x49
 894 0047 13       		.uleb128 0x13
 895 0048 00       		.byte	0
 896 0049 00       		.byte	0
 897 004a 07       		.uleb128 0x7
 898 004b 35       		.uleb128 0x35
 899 004c 00       		.byte	0
 900 004d 49       		.uleb128 0x49
 901 004e 13       		.uleb128 0x13
 902 004f 00       		.byte	0
 903 0050 00       		.byte	0
 904 0051 08       		.uleb128 0x8
 905 0052 13       		.uleb128 0x13
 906 0053 01       		.byte	0x1
 907 0054 0B       		.uleb128 0xb
 908 0055 0B       		.uleb128 0xb
 909 0056 3A       		.uleb128 0x3a
 910 0057 0B       		.uleb128 0xb
 911 0058 3B       		.uleb128 0x3b
 912 0059 0B       		.uleb128 0xb
 913 005a 01       		.uleb128 0x1
 914 005b 13       		.uleb128 0x13
 915 005c 00       		.byte	0
 916 005d 00       		.byte	0
 917 005e 09       		.uleb128 0x9
 918 005f 0D       		.uleb128 0xd
 919 0060 00       		.byte	0
 920 0061 03       		.uleb128 0x3
 921 0062 0E       		.uleb128 0xe
 922 0063 3A       		.uleb128 0x3a
 923 0064 0B       		.uleb128 0xb
 924 0065 3B       		.uleb128 0x3b
 925 0066 0B       		.uleb128 0xb
 926 0067 49       		.uleb128 0x49
 927 0068 13       		.uleb128 0x13
 928 0069 38       		.uleb128 0x38
 929 006a 0B       		.uleb128 0xb
 930 006b 00       		.byte	0
 931 006c 00       		.byte	0
 932 006d 0A       		.uleb128 0xa
 933 006e 2E       		.uleb128 0x2e
 934 006f 01       		.byte	0x1
 935 0070 03       		.uleb128 0x3
 936 0071 0E       		.uleb128 0xe
 937 0072 3A       		.uleb128 0x3a
 938 0073 0B       		.uleb128 0xb
 939 0074 3B       		.uleb128 0x3b
 940 0075 0B       		.uleb128 0xb
 941 0076 27       		.uleb128 0x27
 942 0077 19       		.uleb128 0x19
 943 0078 11       		.uleb128 0x11
 944 0079 01       		.uleb128 0x1
 945 007a 12       		.uleb128 0x12
 946 007b 06       		.uleb128 0x6
 947 007c 40       		.uleb128 0x40
 948 007d 18       		.uleb128 0x18
ARM GAS  C:\Users\NGUYEN~1\AppData\Local\Temp\ccvw3lVa.s 			page 24


 949 007e 9742     		.uleb128 0x2117
 950 0080 19       		.uleb128 0x19
 951 0081 01       		.uleb128 0x1
 952 0082 13       		.uleb128 0x13
 953 0083 00       		.byte	0
 954 0084 00       		.byte	0
 955 0085 0B       		.uleb128 0xb
 956 0086 05       		.uleb128 0x5
 957 0087 00       		.byte	0
 958 0088 03       		.uleb128 0x3
 959 0089 0E       		.uleb128 0xe
 960 008a 3A       		.uleb128 0x3a
 961 008b 0B       		.uleb128 0xb
 962 008c 3B       		.uleb128 0x3b
 963 008d 0B       		.uleb128 0xb
 964 008e 49       		.uleb128 0x49
 965 008f 13       		.uleb128 0x13
 966 0090 02       		.uleb128 0x2
 967 0091 18       		.uleb128 0x18
 968 0092 00       		.byte	0
 969 0093 00       		.byte	0
 970 0094 0C       		.uleb128 0xc
 971 0095 34       		.uleb128 0x34
 972 0096 00       		.byte	0
 973 0097 03       		.uleb128 0x3
 974 0098 08       		.uleb128 0x8
 975 0099 3A       		.uleb128 0x3a
 976 009a 0B       		.uleb128 0xb
 977 009b 3B       		.uleb128 0x3b
 978 009c 0B       		.uleb128 0xb
 979 009d 49       		.uleb128 0x49
 980 009e 13       		.uleb128 0x13
 981 009f 02       		.uleb128 0x2
 982 00a0 17       		.uleb128 0x17
 983 00a1 00       		.byte	0
 984 00a2 00       		.byte	0
 985 00a3 0D       		.uleb128 0xd
 986 00a4 0B       		.uleb128 0xb
 987 00a5 01       		.byte	0x1
 988 00a6 11       		.uleb128 0x11
 989 00a7 01       		.uleb128 0x1
 990 00a8 12       		.uleb128 0x12
 991 00a9 06       		.uleb128 0x6
 992 00aa 00       		.byte	0
 993 00ab 00       		.byte	0
 994 00ac 0E       		.uleb128 0xe
 995 00ad 34       		.uleb128 0x34
 996 00ae 00       		.byte	0
 997 00af 03       		.uleb128 0x3
 998 00b0 0E       		.uleb128 0xe
 999 00b1 3A       		.uleb128 0x3a
 1000 00b2 0B       		.uleb128 0xb
 1001 00b3 3B       		.uleb128 0x3b
 1002 00b4 0B       		.uleb128 0xb
 1003 00b5 49       		.uleb128 0x49
 1004 00b6 13       		.uleb128 0x13
 1005 00b7 02       		.uleb128 0x2
ARM GAS  C:\Users\NGUYEN~1\AppData\Local\Temp\ccvw3lVa.s 			page 25


 1006 00b8 17       		.uleb128 0x17
 1007 00b9 00       		.byte	0
 1008 00ba 00       		.byte	0
 1009 00bb 0F       		.uleb128 0xf
 1010 00bc 0F       		.uleb128 0xf
 1011 00bd 00       		.byte	0
 1012 00be 0B       		.uleb128 0xb
 1013 00bf 0B       		.uleb128 0xb
 1014 00c0 49       		.uleb128 0x49
 1015 00c1 13       		.uleb128 0x13
 1016 00c2 00       		.byte	0
 1017 00c3 00       		.byte	0
 1018 00c4 10       		.uleb128 0x10
 1019 00c5 26       		.uleb128 0x26
 1020 00c6 00       		.byte	0
 1021 00c7 49       		.uleb128 0x49
 1022 00c8 13       		.uleb128 0x13
 1023 00c9 00       		.byte	0
 1024 00ca 00       		.byte	0
 1025 00cb 11       		.uleb128 0x11
 1026 00cc 05       		.uleb128 0x5
 1027 00cd 00       		.byte	0
 1028 00ce 03       		.uleb128 0x3
 1029 00cf 08       		.uleb128 0x8
 1030 00d0 3A       		.uleb128 0x3a
 1031 00d1 0B       		.uleb128 0xb
 1032 00d2 3B       		.uleb128 0x3b
 1033 00d3 0B       		.uleb128 0xb
 1034 00d4 49       		.uleb128 0x49
 1035 00d5 13       		.uleb128 0x13
 1036 00d6 02       		.uleb128 0x2
 1037 00d7 17       		.uleb128 0x17
 1038 00d8 00       		.byte	0
 1039 00d9 00       		.byte	0
 1040 00da 12       		.uleb128 0x12
 1041 00db 898201   		.uleb128 0x4109
 1042 00de 01       		.byte	0x1
 1043 00df 11       		.uleb128 0x11
 1044 00e0 01       		.uleb128 0x1
 1045 00e1 31       		.uleb128 0x31
 1046 00e2 13       		.uleb128 0x13
 1047 00e3 00       		.byte	0
 1048 00e4 00       		.byte	0
 1049 00e5 13       		.uleb128 0x13
 1050 00e6 8A8201   		.uleb128 0x410a
 1051 00e9 00       		.byte	0
 1052 00ea 02       		.uleb128 0x2
 1053 00eb 18       		.uleb128 0x18
 1054 00ec 9142     		.uleb128 0x2111
 1055 00ee 18       		.uleb128 0x18
 1056 00ef 00       		.byte	0
 1057 00f0 00       		.byte	0
 1058 00f1 14       		.uleb128 0x14
 1059 00f2 898201   		.uleb128 0x4109
 1060 00f5 01       		.byte	0x1
 1061 00f6 11       		.uleb128 0x11
 1062 00f7 01       		.uleb128 0x1
ARM GAS  C:\Users\NGUYEN~1\AppData\Local\Temp\ccvw3lVa.s 			page 26


 1063 00f8 31       		.uleb128 0x31
 1064 00f9 13       		.uleb128 0x13
 1065 00fa 01       		.uleb128 0x1
 1066 00fb 13       		.uleb128 0x13
 1067 00fc 00       		.byte	0
 1068 00fd 00       		.byte	0
 1069 00fe 15       		.uleb128 0x15
 1070 00ff 2E       		.uleb128 0x2e
 1071 0100 01       		.byte	0x1
 1072 0101 3F       		.uleb128 0x3f
 1073 0102 19       		.uleb128 0x19
 1074 0103 03       		.uleb128 0x3
 1075 0104 0E       		.uleb128 0xe
 1076 0105 3A       		.uleb128 0x3a
 1077 0106 0B       		.uleb128 0xb
 1078 0107 3B       		.uleb128 0x3b
 1079 0108 05       		.uleb128 0x5
 1080 0109 27       		.uleb128 0x27
 1081 010a 19       		.uleb128 0x19
 1082 010b 11       		.uleb128 0x11
 1083 010c 01       		.uleb128 0x1
 1084 010d 12       		.uleb128 0x12
 1085 010e 06       		.uleb128 0x6
 1086 010f 40       		.uleb128 0x40
 1087 0110 18       		.uleb128 0x18
 1088 0111 9742     		.uleb128 0x2117
 1089 0113 19       		.uleb128 0x19
 1090 0114 01       		.uleb128 0x1
 1091 0115 13       		.uleb128 0x13
 1092 0116 00       		.byte	0
 1093 0117 00       		.byte	0
 1094 0118 16       		.uleb128 0x16
 1095 0119 0B       		.uleb128 0xb
 1096 011a 01       		.byte	0x1
 1097 011b 11       		.uleb128 0x11
 1098 011c 01       		.uleb128 0x1
 1099 011d 12       		.uleb128 0x12
 1100 011e 06       		.uleb128 0x6
 1101 011f 01       		.uleb128 0x1
 1102 0120 13       		.uleb128 0x13
 1103 0121 00       		.byte	0
 1104 0122 00       		.byte	0
 1105 0123 17       		.uleb128 0x17
 1106 0124 34       		.uleb128 0x34
 1107 0125 00       		.byte	0
 1108 0126 03       		.uleb128 0x3
 1109 0127 0E       		.uleb128 0xe
 1110 0128 3A       		.uleb128 0x3a
 1111 0129 0B       		.uleb128 0xb
 1112 012a 3B       		.uleb128 0x3b
 1113 012b 05       		.uleb128 0x5
 1114 012c 49       		.uleb128 0x49
 1115 012d 13       		.uleb128 0x13
 1116 012e 02       		.uleb128 0x2
 1117 012f 18       		.uleb128 0x18
 1118 0130 00       		.byte	0
 1119 0131 00       		.byte	0
ARM GAS  C:\Users\NGUYEN~1\AppData\Local\Temp\ccvw3lVa.s 			page 27


 1120 0132 18       		.uleb128 0x18
 1121 0133 13       		.uleb128 0x13
 1122 0134 01       		.byte	0x1
 1123 0135 0B       		.uleb128 0xb
 1124 0136 0B       		.uleb128 0xb
 1125 0137 3A       		.uleb128 0x3a
 1126 0138 0B       		.uleb128 0xb
 1127 0139 3B       		.uleb128 0x3b
 1128 013a 05       		.uleb128 0x5
 1129 013b 01       		.uleb128 0x1
 1130 013c 13       		.uleb128 0x13
 1131 013d 00       		.byte	0
 1132 013e 00       		.byte	0
 1133 013f 19       		.uleb128 0x19
 1134 0140 0D       		.uleb128 0xd
 1135 0141 00       		.byte	0
 1136 0142 03       		.uleb128 0x3
 1137 0143 0E       		.uleb128 0xe
 1138 0144 3A       		.uleb128 0x3a
 1139 0145 0B       		.uleb128 0xb
 1140 0146 3B       		.uleb128 0x3b
 1141 0147 05       		.uleb128 0x5
 1142 0148 49       		.uleb128 0x49
 1143 0149 13       		.uleb128 0x13
 1144 014a 38       		.uleb128 0x38
 1145 014b 0B       		.uleb128 0xb
 1146 014c 00       		.byte	0
 1147 014d 00       		.byte	0
 1148 014e 1A       		.uleb128 0x1a
 1149 014f 01       		.uleb128 0x1
 1150 0150 01       		.byte	0x1
 1151 0151 49       		.uleb128 0x49
 1152 0152 13       		.uleb128 0x13
 1153 0153 01       		.uleb128 0x1
 1154 0154 13       		.uleb128 0x13
 1155 0155 00       		.byte	0
 1156 0156 00       		.byte	0
 1157 0157 1B       		.uleb128 0x1b
 1158 0158 21       		.uleb128 0x21
 1159 0159 00       		.byte	0
 1160 015a 49       		.uleb128 0x49
 1161 015b 13       		.uleb128 0x13
 1162 015c 2F       		.uleb128 0x2f
 1163 015d 0B       		.uleb128 0xb
 1164 015e 00       		.byte	0
 1165 015f 00       		.byte	0
 1166 0160 1C       		.uleb128 0x1c
 1167 0161 34       		.uleb128 0x34
 1168 0162 00       		.byte	0
 1169 0163 03       		.uleb128 0x3
 1170 0164 08       		.uleb128 0x8
 1171 0165 3A       		.uleb128 0x3a
 1172 0166 0B       		.uleb128 0xb
 1173 0167 3B       		.uleb128 0x3b
 1174 0168 05       		.uleb128 0x5
 1175 0169 49       		.uleb128 0x49
 1176 016a 13       		.uleb128 0x13
ARM GAS  C:\Users\NGUYEN~1\AppData\Local\Temp\ccvw3lVa.s 			page 28


 1177 016b 02       		.uleb128 0x2
 1178 016c 17       		.uleb128 0x17
 1179 016d 00       		.byte	0
 1180 016e 00       		.byte	0
 1181 016f 1D       		.uleb128 0x1d
 1182 0170 898201   		.uleb128 0x4109
 1183 0173 00       		.byte	0
 1184 0174 11       		.uleb128 0x11
 1185 0175 01       		.uleb128 0x1
 1186 0176 31       		.uleb128 0x31
 1187 0177 13       		.uleb128 0x13
 1188 0178 00       		.byte	0
 1189 0179 00       		.byte	0
 1190 017a 1E       		.uleb128 0x1e
 1191 017b 2E       		.uleb128 0x2e
 1192 017c 00       		.byte	0
 1193 017d 3F       		.uleb128 0x3f
 1194 017e 19       		.uleb128 0x19
 1195 017f 3C       		.uleb128 0x3c
 1196 0180 19       		.uleb128 0x19
 1197 0181 6E       		.uleb128 0x6e
 1198 0182 0E       		.uleb128 0xe
 1199 0183 03       		.uleb128 0x3
 1200 0184 0E       		.uleb128 0xe
 1201 0185 00       		.byte	0
 1202 0186 00       		.byte	0
 1203 0187 1F       		.uleb128 0x1f
 1204 0188 2E       		.uleb128 0x2e
 1205 0189 00       		.byte	0
 1206 018a 3F       		.uleb128 0x3f
 1207 018b 19       		.uleb128 0x19
 1208 018c 3C       		.uleb128 0x3c
 1209 018d 19       		.uleb128 0x19
 1210 018e 6E       		.uleb128 0x6e
 1211 018f 0E       		.uleb128 0xe
 1212 0190 03       		.uleb128 0x3
 1213 0191 0E       		.uleb128 0xe
 1214 0192 3A       		.uleb128 0x3a
 1215 0193 0B       		.uleb128 0xb
 1216 0194 3B       		.uleb128 0x3b
 1217 0195 0B       		.uleb128 0xb
 1218 0196 00       		.byte	0
 1219 0197 00       		.byte	0
 1220 0198 00       		.byte	0
 1221              		.section	.debug_loc,"",%progbits
 1222              	.Ldebug_loc0:
 1223              	.LLST0:
 1224 0000 02000000 		.4byte	.LVL1
 1225 0004 08000000 		.4byte	.LVL2
 1226 0008 0200     		.2byte	0x2
 1227 000a 30       		.byte	0x30
 1228 000b 9F       		.byte	0x9f
 1229 000c 08000000 		.4byte	.LVL2
 1230 0010 30000000 		.4byte	.LVL11
 1231 0014 0100     		.2byte	0x1
 1232 0016 57       		.byte	0x57
 1233 0017 00000000 		.4byte	0
ARM GAS  C:\Users\NGUYEN~1\AppData\Local\Temp\ccvw3lVa.s 			page 29


 1234 001b 00000000 		.4byte	0
 1235              	.LLST1:
 1236 001f 02000000 		.4byte	.LVL1
 1237 0023 08000000 		.4byte	.LVL2
 1238 0027 0200     		.2byte	0x2
 1239 0029 30       		.byte	0x30
 1240 002a 9F       		.byte	0x9f
 1241 002b 08000000 		.4byte	.LVL2
 1242 002f 30000000 		.4byte	.LVL10
 1243 0033 0100     		.2byte	0x1
 1244 0035 55       		.byte	0x55
 1245 0036 00000000 		.4byte	0
 1246 003a 00000000 		.4byte	0
 1247              	.LLST2:
 1248 003e 0C000000 		.4byte	.LVL3
 1249 0042 2C000000 		.4byte	.LVL9
 1250 0046 0100     		.2byte	0x1
 1251 0048 56       		.byte	0x56
 1252 0049 00000000 		.4byte	0
 1253 004d 00000000 		.4byte	0
 1254              	.LLST3:
 1255 0051 0E000000 		.4byte	.LVL4
 1256 0055 24000000 		.4byte	.LVL7
 1257 0059 0100     		.2byte	0x1
 1258 005b 53       		.byte	0x53
 1259 005c 26000000 		.4byte	.LVL8
 1260 0060 2C000000 		.4byte	.LVL9
 1261 0064 0100     		.2byte	0x1
 1262 0066 53       		.byte	0x53
 1263 0067 00000000 		.4byte	0
 1264 006b 00000000 		.4byte	0
 1265              	.LLST4:
 1266 006f 00000000 		.4byte	.LVL12
 1267 0073 09000000 		.4byte	.LVL14-1
 1268 0077 0100     		.2byte	0x1
 1269 0079 50       		.byte	0x50
 1270 007a 09000000 		.4byte	.LVL14-1
 1271 007e 0C000000 		.4byte	.LFE0
 1272 0082 0400     		.2byte	0x4
 1273 0084 F3       		.byte	0xf3
 1274 0085 01       		.uleb128 0x1
 1275 0086 50       		.byte	0x50
 1276 0087 9F       		.byte	0x9f
 1277 0088 00000000 		.4byte	0
 1278 008c 00000000 		.4byte	0
 1279              	.LLST5:
 1280 0090 00000000 		.4byte	.LVL12
 1281 0094 06000000 		.4byte	.LVL13
 1282 0098 0100     		.2byte	0x1
 1283 009a 51       		.byte	0x51
 1284 009b 06000000 		.4byte	.LVL13
 1285 009f 09000000 		.4byte	.LVL14-1
 1286 00a3 0100     		.2byte	0x1
 1287 00a5 52       		.byte	0x52
 1288 00a6 09000000 		.4byte	.LVL14-1
 1289 00aa 0C000000 		.4byte	.LFE0
 1290 00ae 0400     		.2byte	0x4
ARM GAS  C:\Users\NGUYEN~1\AppData\Local\Temp\ccvw3lVa.s 			page 30


 1291 00b0 F3       		.byte	0xf3
 1292 00b1 01       		.uleb128 0x1
 1293 00b2 51       		.byte	0x51
 1294 00b3 9F       		.byte	0x9f
 1295 00b4 00000000 		.4byte	0
 1296 00b8 00000000 		.4byte	0
 1297              	.LLST6:
 1298 00bc 60000000 		.4byte	.LVL18
 1299 00c0 64000000 		.4byte	.LVL19
 1300 00c4 0200     		.2byte	0x2
 1301 00c6 30       		.byte	0x30
 1302 00c7 9F       		.byte	0x9f
 1303 00c8 64000000 		.4byte	.LVL19
 1304 00cc 82000000 		.4byte	.LVL21
 1305 00d0 0100     		.2byte	0x1
 1306 00d2 54       		.byte	0x54
 1307 00d3 84000000 		.4byte	.LVL22
 1308 00d7 E4000000 		.4byte	.LVL25
 1309 00db 0100     		.2byte	0x1
 1310 00dd 54       		.byte	0x54
 1311 00de 00000000 		.4byte	0
 1312 00e2 00000000 		.4byte	0
 1313              	.LLST7:
 1314 00e6 64000000 		.4byte	.LVL19
 1315 00ea 82000000 		.4byte	.LVL21
 1316 00ee 0B00     		.2byte	0xb
 1317 00f0 74       		.byte	0x74
 1318 00f1 00       		.sleb128 0
 1319 00f2 36       		.byte	0x36
 1320 00f3 1E       		.byte	0x1e
 1321 00f4 03       		.byte	0x3
 1322 00f5 00000000 		.4byte	cfg_memset_list.4870
 1323 00f9 22       		.byte	0x22
 1324 00fa 9F       		.byte	0x9f
 1325 00fb 82000000 		.4byte	.LVL21
 1326 00ff 84000000 		.4byte	.LVL22
 1327 0103 0B00     		.2byte	0xb
 1328 0105 74       		.byte	0x74
 1329 0106 7F       		.sleb128 -1
 1330 0107 36       		.byte	0x36
 1331 0108 1E       		.byte	0x1e
 1332 0109 03       		.byte	0x3
 1333 010a 00000000 		.4byte	cfg_memset_list.4870
 1334 010e 22       		.byte	0x22
 1335 010f 9F       		.byte	0x9f
 1336 0110 00000000 		.4byte	0
 1337 0114 00000000 		.4byte	0
 1338              		.section	.debug_aranges,"",%progbits
 1339 0000 34000000 		.4byte	0x34
 1340 0004 0200     		.2byte	0x2
 1341 0006 00000000 		.4byte	.Ldebug_info0
 1342 000a 04       		.byte	0x4
 1343 000b 00       		.byte	0
 1344 000c 0000     		.2byte	0
 1345 000e 0000     		.2byte	0
 1346 0010 00000000 		.4byte	.LFB3
 1347 0014 32000000 		.4byte	.LFE3-.LFB3
ARM GAS  C:\Users\NGUYEN~1\AppData\Local\Temp\ccvw3lVa.s 			page 31


 1348 0018 00000000 		.4byte	.LFB0
 1349 001c 0C000000 		.4byte	.LFE0-.LFB0
 1350 0020 00000000 		.4byte	.LFB4
 1351 0024 5C000000 		.4byte	.LFE4-.LFB4
 1352 0028 5C000000 		.4byte	.LFB6
 1353 002c BC000000 		.4byte	.LFE6-.LFB6
 1354 0030 00000000 		.4byte	0
 1355 0034 00000000 		.4byte	0
 1356              		.section	.debug_ranges,"",%progbits
 1357              	.Ldebug_ranges0:
 1358 0000 00000000 		.4byte	.LFB3
 1359 0004 32000000 		.4byte	.LFE3
 1360 0008 00000000 		.4byte	.LFB0
 1361 000c 0C000000 		.4byte	.LFE0
 1362 0010 00000000 		.4byte	.LFB4
 1363 0014 5C000000 		.4byte	.LFE4
 1364 0018 5C000000 		.4byte	.LFB6
 1365 001c 18010000 		.4byte	.LFE6
 1366 0020 00000000 		.4byte	0
 1367 0024 00000000 		.4byte	0
 1368              		.section	.debug_line,"",%progbits
 1369              	.Ldebug_line0:
 1370 0000 56010000 		.section	.debug_str,"MS",%progbits,1
 1370      0200D600 
 1370      00000201 
 1370      FB0E0D00 
 1370      01010101 
 1371              	.LASF41:
 1372 0000 443A5C70 		.ascii	"D:\\psoc\\theory\\outputPin\\hardware_pins.cydsn\000"
 1372      736F635C 
 1372      7468656F 
 1372      72795C6F 
 1372      75747075 
 1373              	.LASF19:
 1374 002d 72656733 		.ascii	"reg32\000"
 1374      3200
 1375              	.LASF12:
 1376 0033 73697A65 		.ascii	"size_t\000"
 1376      5F7400
 1377              	.LASF37:
 1378 003a 4379496E 		.ascii	"CyIntSetVector\000"
 1378      74536574 
 1378      56656374 
 1378      6F7200
 1379              	.LASF21:
 1380 0049 76616C75 		.ascii	"value\000"
 1380      6500
 1381              	.LASF26:
 1382 004f 636F756E 		.ascii	"count\000"
 1382      7400
 1383              	.LASF29:
 1384 0055 436C6F63 		.ascii	"ClockSetup\000"
 1384      6B536574 
 1384      757000
 1385              	.LASF30:
 1386 0060 63795F63 		.ascii	"cy_cfg_addr_table\000"
 1386      66675F61 
ARM GAS  C:\Users\NGUYEN~1\AppData\Local\Temp\ccvw3lVa.s 			page 32


 1386      6464725F 
 1386      7461626C 
 1386      6500
 1387              	.LASF31:
 1388 0072 63795F63 		.ascii	"cy_cfg_data_table\000"
 1388      66675F64 
 1388      6174615F 
 1388      7461626C 
 1388      6500
 1389              	.LASF16:
 1390 0084 666C6F61 		.ascii	"float\000"
 1390      7400
 1391              	.LASF35:
 1392 008a 6366675F 		.ascii	"cfg_memset_list\000"
 1392      6D656D73 
 1392      65745F6C 
 1392      69737400 
 1393              	.LASF33:
 1394 009a 73697A65 		.ascii	"size\000"
 1394      00
 1395              	.LASF18:
 1396 009f 72656738 		.ascii	"reg8\000"
 1396      00
 1397              	.LASF8:
 1398 00a4 6C6F6E67 		.ascii	"long unsigned int\000"
 1398      20756E73 
 1398      69676E65 
 1398      6420696E 
 1398      7400
 1399              	.LASF13:
 1400 00b6 75696E74 		.ascii	"uint8\000"
 1400      3800
 1401              	.LASF28:
 1402 00bc 43594D45 		.ascii	"CYMEMZERO\000"
 1402      4D5A4552 
 1402      4F00
 1403              	.LASF4:
 1404 00c6 756E7369 		.ascii	"unsigned char\000"
 1404      676E6564 
 1404      20636861 
 1404      7200
 1405              	.LASF43:
 1406 00d4 6D656D73 		.ascii	"memset\000"
 1406      657400
 1407              	.LASF17:
 1408 00db 646F7562 		.ascii	"double\000"
 1408      6C6500
 1409              	.LASF27:
 1410 00e2 6366675F 		.ascii	"cfg_write_bytes32\000"
 1410      77726974 
 1410      655F6279 
 1410      74657333 
 1410      3200
 1411              	.LASF38:
 1412 00f4 4379496E 		.ascii	"CyIntEnable\000"
 1412      74456E61 
 1412      626C6500 
ARM GAS  C:\Users\NGUYEN~1\AppData\Local\Temp\ccvw3lVa.s 			page 33


 1413              	.LASF23:
 1414 0100 61646472 		.ascii	"addr_table\000"
 1414      5F746162 
 1414      6C6500
 1415              	.LASF14:
 1416 010b 75696E74 		.ascii	"uint16\000"
 1416      313600
 1417              	.LASF24:
 1418 0112 64617461 		.ascii	"data_table\000"
 1418      5F746162 
 1418      6C6500
 1419              	.LASF15:
 1420 011d 75696E74 		.ascii	"uint32\000"
 1420      333200
 1421              	.LASF0:
 1422 0124 756E7369 		.ascii	"unsigned int\000"
 1422      676E6564 
 1422      20696E74 
 1422      00
 1423              	.LASF42:
 1424 0131 63796669 		.ascii	"cyfitter_cfg\000"
 1424      74746572 
 1424      5F636667 
 1424      00
 1425              	.LASF32:
 1426 013e 61646472 		.ascii	"address\000"
 1426      65737300 
 1427              	.LASF9:
 1428 0146 6C6F6E67 		.ascii	"long long unsigned int\000"
 1428      206C6F6E 
 1428      6720756E 
 1428      7369676E 
 1428      65642069 
 1429              	.LASF39:
 1430 015d 474E5520 		.ascii	"GNU C11 5.4.1 20160609 (release) [ARM/embedded-5-br"
 1430      43313120 
 1430      352E342E 
 1430      31203230 
 1430      31363036 
 1431 0190 616E6368 		.ascii	"anch revision 237715] -mcpu=cortex-m0 -mthumb -g -O"
 1431      20726576 
 1431      6973696F 
 1431      6E203233 
 1431      37373135 
 1432 01c3 67202D66 		.ascii	"g -ffunction-sections -ffat-lto-objects\000"
 1432      66756E63 
 1432      74696F6E 
 1432      2D736563 
 1432      74696F6E 
 1433              	.LASF34:
 1434 01eb 6366675F 		.ascii	"cfg_memset_t\000"
 1434      6D656D73 
 1434      65745F74 
 1434      00
 1435              	.LASF25:
 1436 01f8 62617365 		.ascii	"baseAddr\000"
 1436      41646472 
ARM GAS  C:\Users\NGUYEN~1\AppData\Local\Temp\ccvw3lVa.s 			page 34


 1436      00
 1437              	.LASF10:
 1438 0201 73697A65 		.ascii	"sizetype\000"
 1438      74797065 
 1438      00
 1439              	.LASF6:
 1440 020a 73686F72 		.ascii	"short unsigned int\000"
 1440      7420756E 
 1440      7369676E 
 1440      65642069 
 1440      6E7400
 1441              	.LASF1:
 1442 021d 6C6F6E67 		.ascii	"long long int\000"
 1442      206C6F6E 
 1442      6720696E 
 1442      7400
 1443              	.LASF11:
 1444 022b 63686172 		.ascii	"char\000"
 1444      00
 1445              	.LASF22:
 1446 0230 63795F63 		.ascii	"cy_cfg_addrvalue_t\000"
 1446      66675F61 
 1446      64647276 
 1446      616C7565 
 1446      5F7400
 1447              	.LASF20:
 1448 0243 6F666673 		.ascii	"offset\000"
 1448      657400
 1449              	.LASF5:
 1450 024a 73686F72 		.ascii	"short int\000"
 1450      7420696E 
 1450      7400
 1451              	.LASF36:
 1452 0254 43795379 		.ascii	"CySysClkWriteImoFreq\000"
 1452      73436C6B 
 1452      57726974 
 1452      65496D6F 
 1452      46726571 
 1453              	.LASF7:
 1454 0269 6C6F6E67 		.ascii	"long int\000"
 1454      20696E74 
 1454      00
 1455              	.LASF2:
 1456 0272 6C6F6E67 		.ascii	"long double\000"
 1456      20646F75 
 1456      626C6500 
 1457              	.LASF3:
 1458 027e 7369676E 		.ascii	"signed char\000"
 1458      65642063 
 1458      68617200 
 1459              	.LASF40:
 1460 028a 47656E65 		.ascii	"Generated_Source\\PSoC4\\cyfitter_cfg.c\000"
 1460      72617465 
 1460      645F536F 
 1460      75726365 
 1460      5C50536F 
 1461              		.ident	"GCC: (GNU Tools for ARM Embedded Processors) 5.4.1 20160609 (release) [ARM/embedded-5-bran
ARM GAS  C:\Users\NGUYEN~1\AppData\Local\Temp\ccvw3lVa.s 			page 35


