ARM GAS  C:\Users\NGUYEN~1\AppData\Local\Temp\ccSyMBIV.s 			page 1


   1              		.syntax unified
   2              		.cpu cortex-m0
   3              		.fpu softvfp
   4              		.eabi_attribute 20, 1
   5              		.eabi_attribute 21, 1
   6              		.eabi_attribute 23, 3
   7              		.eabi_attribute 24, 1
   8              		.eabi_attribute 25, 1
   9              		.eabi_attribute 26, 1
  10              		.eabi_attribute 30, 1
  11              		.eabi_attribute 34, 0
  12              		.eabi_attribute 18, 4
  13              		.thumb
  14              		.syntax unified
  15              		.file	"main.c"
  16              		.text
  17              	.Ltext0:
  18              		.cfi_sections	.debug_frame
  19              		.section	.text.handle_interrupt,"ax",%progbits
  20              		.align	2
  21              		.global	handle_interrupt
  22              		.code	16
  23              		.thumb_func
  24              		.type	handle_interrupt, %function
  25              	handle_interrupt:
  26              	.LFB32:
  27              		.file 1 "main.c"
   1:main.c        ****  /* ========================================
   2:main.c        ****  *
   3:main.c        ****  * Copyright YOUR COMPANY, THE YEAR
   4:main.c        ****  * All Rights Reserved
   5:main.c        ****  * UNPUBLISHED, LICENSED SOFTWARE.
   6:main.c        ****  *
   7:main.c        ****  * CONFIDENTIAL AND PROPRIETARY INFORMATION
   8:main.c        ****  * WHICH IS THE PROPERTY OF your company.
   9:main.c        ****  *
  10:main.c        ****  * ========================================
  11:main.c        **** */
  12:main.c        **** #include "project.h"
  13:main.c        **** 
  14:main.c        **** void dem_counter();
  15:main.c        **** 
  16:main.c        **** 
  17:main.c        **** CY_ISR(handle_interrupt)
  18:main.c        **** {
  28              		.loc 1 18 0
  29              		.cfi_startproc
  30              		@ args = 0, pretend = 0, frame = 0
  31              		@ frame_needed = 0, uses_anonymous_args = 0
  32 0000 10B5     		push	{r4, lr}
  33              		.cfi_def_cfa_offset 8
  34              		.cfi_offset 4, -8
  35              		.cfi_offset 14, -4
  19:main.c        ****     Pin_Led_Write( ~ Pin_Led_Read());
  36              		.loc 1 19 0
  37 0002 FFF7FEFF 		bl	Pin_Led_Read
  38              	.LVL0:
ARM GAS  C:\Users\NGUYEN~1\AppData\Local\Temp\ccSyMBIV.s 			page 2


  39 0006 C043     		mvns	r0, r0
  40 0008 C0B2     		uxtb	r0, r0
  41 000a FFF7FEFF 		bl	Pin_Led_Write
  42              	.LVL1:
  20:main.c        ****     
  21:main.c        ****     timer1_ClearInterrupt( timer1_INTR_MASK_TC );  // clear timer  
  43              		.loc 1 21 0
  44 000e 0120     		movs	r0, #1
  45 0010 FFF7FEFF 		bl	timer1_ClearInterrupt
  46              	.LVL2:
  22:main.c        ****     timer_int_ClearPending();   // clear interrupt timer
  47              		.loc 1 22 0
  48 0014 FFF7FEFF 		bl	timer_int_ClearPending
  49              	.LVL3:
  23:main.c        **** }
  50              		.loc 1 23 0
  51              		@ sp needed
  52 0018 10BD     		pop	{r4, pc}
  53              		.cfi_endproc
  54              	.LFE32:
  55              		.size	handle_interrupt, .-handle_interrupt
  56 001a C046     		.section	.text.main,"ax",%progbits
  57              		.align	2
  58              		.global	main
  59              		.code	16
  60              		.thumb_func
  61              		.type	main, %function
  62              	main:
  63              	.LFB33:
  24:main.c        **** 
  25:main.c        **** 
  26:main.c        **** int main(void)
  27:main.c        **** {
  64              		.loc 1 27 0
  65              		.cfi_startproc
  66              		@ Volatile: function does not return.
  67              		@ args = 0, pretend = 0, frame = 0
  68              		@ frame_needed = 0, uses_anonymous_args = 0
  69 0000 10B5     		push	{r4, lr}
  70              		.cfi_def_cfa_offset 8
  71              		.cfi_offset 4, -8
  72              		.cfi_offset 14, -4
  28:main.c        ****     CyGlobalIntEnable; /* Enable global interrupts. */
  73              		.loc 1 28 0
  74              		.syntax divided
  75              	@ 28 "main.c" 1
  76 0002 62B6     		CPSIE   i
  77              	@ 0 "" 2
  29:main.c        **** 
  30:main.c        ****     /* Place your initialization/startup code here (e.g. MyInst_Start()) */
  31:main.c        ****     
  32:main.c        ****     timer1_Start();
  78              		.loc 1 32 0
  79              		.thumb
  80              		.syntax unified
  81 0004 FFF7FEFF 		bl	timer1_Start
  82              	.LVL4:
ARM GAS  C:\Users\NGUYEN~1\AppData\Local\Temp\ccSyMBIV.s 			page 3


  33:main.c        ****     timer_int_StartEx(handle_interrupt);
  83              		.loc 1 33 0
  84 0008 0148     		ldr	r0, .L4
  85 000a FFF7FEFF 		bl	timer_int_StartEx
  86              	.LVL5:
  87              	.L3:
  88 000e FEE7     		b	.L3
  89              	.L5:
  90              		.align	2
  91              	.L4:
  92 0010 00000000 		.word	handle_interrupt
  93              		.cfi_endproc
  94              	.LFE33:
  95              		.size	main, .-main
  96              		.text
  97              	.Letext0:
  98              		.file 2 "Generated_Source\\PSoC4/Pin_Led.h"
  99              		.file 3 "Generated_Source\\PSoC4/timer1.h"
 100              		.file 4 "Generated_Source\\PSoC4/timer_int.h"
 101              		.file 5 "Generated_Source\\PSoC4/cytypes.h"
 102              		.section	.debug_info,"",%progbits
 103              	.Ldebug_info0:
 104 0000 55010000 		.4byte	0x155
 105 0004 0400     		.2byte	0x4
 106 0006 00000000 		.4byte	.Ldebug_abbrev0
 107 000a 04       		.byte	0x4
 108 000b 01       		.uleb128 0x1
 109 000c 2E010000 		.4byte	.LASF20
 110 0010 0C       		.byte	0xc
 111 0011 93000000 		.4byte	.LASF21
 112 0015 38000000 		.4byte	.LASF22
 113 0019 00000000 		.4byte	.Ldebug_ranges0+0
 114 001d 00000000 		.4byte	0
 115 0021 00000000 		.4byte	.Ldebug_line0
 116 0025 02       		.uleb128 0x2
 117 0026 01       		.byte	0x1
 118 0027 06       		.byte	0x6
 119 0028 CF010000 		.4byte	.LASF0
 120 002c 02       		.uleb128 0x2
 121 002d 01       		.byte	0x1
 122 002e 08       		.byte	0x8
 123 002f DB010000 		.4byte	.LASF1
 124 0033 02       		.uleb128 0x2
 125 0034 02       		.byte	0x2
 126 0035 05       		.byte	0x5
 127 0036 F5010000 		.4byte	.LASF2
 128 003a 02       		.uleb128 0x2
 129 003b 02       		.byte	0x2
 130 003c 07       		.byte	0x7
 131 003d BC010000 		.4byte	.LASF3
 132 0041 02       		.uleb128 0x2
 133 0042 04       		.byte	0x4
 134 0043 05       		.byte	0x5
 135 0044 25010000 		.4byte	.LASF4
 136 0048 02       		.uleb128 0x2
 137 0049 04       		.byte	0x4
 138 004a 07       		.byte	0x7
ARM GAS  C:\Users\NGUYEN~1\AppData\Local\Temp\ccSyMBIV.s 			page 4


 139 004b AD000000 		.4byte	.LASF5
 140 004f 02       		.uleb128 0x2
 141 0050 08       		.byte	0x8
 142 0051 05       		.byte	0x5
 143 0052 00000000 		.4byte	.LASF6
 144 0056 02       		.uleb128 0x2
 145 0057 08       		.byte	0x8
 146 0058 07       		.byte	0x7
 147 0059 BF000000 		.4byte	.LASF7
 148 005d 03       		.uleb128 0x3
 149 005e 04       		.byte	0x4
 150 005f 05       		.byte	0x5
 151 0060 696E7400 		.ascii	"int\000"
 152 0064 02       		.uleb128 0x2
 153 0065 04       		.byte	0x4
 154 0066 07       		.byte	0x7
 155 0067 2B000000 		.4byte	.LASF8
 156 006b 04       		.uleb128 0x4
 157 006c 0E000000 		.4byte	.LASF23
 158 0070 05       		.byte	0x5
 159 0071 FD01     		.2byte	0x1fd
 160 0073 48000000 		.4byte	0x48
 161 0077 02       		.uleb128 0x2
 162 0078 04       		.byte	0x4
 163 0079 04       		.byte	0x4
 164 007a E8000000 		.4byte	.LASF9
 165 007e 02       		.uleb128 0x2
 166 007f 08       		.byte	0x8
 167 0080 04       		.byte	0x4
 168 0081 1E010000 		.4byte	.LASF10
 169 0085 02       		.uleb128 0x2
 170 0086 01       		.byte	0x1
 171 0087 08       		.byte	0x8
 172 0088 0C010000 		.4byte	.LASF11
 173 008c 02       		.uleb128 0x2
 174 008d 08       		.byte	0x8
 175 008e 04       		.byte	0x4
 176 008f E9010000 		.4byte	.LASF12
 177 0093 02       		.uleb128 0x2
 178 0094 04       		.byte	0x4
 179 0095 07       		.byte	0x7
 180 0096 FF010000 		.4byte	.LASF13
 181 009a 05       		.uleb128 0x5
 182 009b EE000000 		.4byte	.LASF24
 183 009f 01       		.byte	0x1
 184 00a0 11       		.byte	0x11
 185 00a1 00000000 		.4byte	.LFB32
 186 00a5 1A000000 		.4byte	.LFE32-.LFB32
 187 00a9 01       		.uleb128 0x1
 188 00aa 9C       		.byte	0x9c
 189 00ab DE000000 		.4byte	0xde
 190 00af 06       		.uleb128 0x6
 191 00b0 06000000 		.4byte	.LVL0
 192 00b4 14010000 		.4byte	0x114
 193 00b8 06       		.uleb128 0x6
 194 00b9 0E000000 		.4byte	.LVL1
 195 00bd 1F010000 		.4byte	0x11f
ARM GAS  C:\Users\NGUYEN~1\AppData\Local\Temp\ccSyMBIV.s 			page 5


 196 00c1 07       		.uleb128 0x7
 197 00c2 14000000 		.4byte	.LVL2
 198 00c6 2A010000 		.4byte	0x12a
 199 00ca D4000000 		.4byte	0xd4
 200 00ce 08       		.uleb128 0x8
 201 00cf 01       		.uleb128 0x1
 202 00d0 50       		.byte	0x50
 203 00d1 01       		.uleb128 0x1
 204 00d2 31       		.byte	0x31
 205 00d3 00       		.byte	0
 206 00d4 06       		.uleb128 0x6
 207 00d5 18000000 		.4byte	.LVL3
 208 00d9 36010000 		.4byte	0x136
 209 00dd 00       		.byte	0
 210 00de 09       		.uleb128 0x9
 211 00df 9A000000 		.4byte	.LASF25
 212 00e3 01       		.byte	0x1
 213 00e4 1A       		.byte	0x1a
 214 00e5 5D000000 		.4byte	0x5d
 215 00e9 00000000 		.4byte	.LFB33
 216 00ed 14000000 		.4byte	.LFE33-.LFB33
 217 00f1 01       		.uleb128 0x1
 218 00f2 9C       		.byte	0x9c
 219 00f3 14010000 		.4byte	0x114
 220 00f7 06       		.uleb128 0x6
 221 00f8 08000000 		.4byte	.LVL4
 222 00fc 41010000 		.4byte	0x141
 223 0100 0A       		.uleb128 0xa
 224 0101 0E000000 		.4byte	.LVL5
 225 0105 4D010000 		.4byte	0x14d
 226 0109 08       		.uleb128 0x8
 227 010a 01       		.uleb128 0x1
 228 010b 50       		.byte	0x50
 229 010c 05       		.uleb128 0x5
 230 010d 03       		.byte	0x3
 231 010e 00000000 		.4byte	handle_interrupt
 232 0112 00       		.byte	0
 233 0113 00       		.byte	0
 234 0114 0B       		.uleb128 0xb
 235 0115 FF000000 		.4byte	.LASF14
 236 0119 FF000000 		.4byte	.LASF14
 237 011d 02       		.byte	0x2
 238 011e 32       		.byte	0x32
 239 011f 0B       		.uleb128 0xb
 240 0120 9F000000 		.4byte	.LASF15
 241 0124 9F000000 		.4byte	.LASF15
 242 0128 02       		.byte	0x2
 243 0129 33       		.byte	0x33
 244 012a 0C       		.uleb128 0xc
 245 012b 15000000 		.4byte	.LASF16
 246 012f 15000000 		.4byte	.LASF16
 247 0133 03       		.byte	0x3
 248 0134 4701     		.2byte	0x147
 249 0136 0B       		.uleb128 0xb
 250 0137 7C000000 		.4byte	.LASF17
 251 013b 7C000000 		.4byte	.LASF17
 252 013f 04       		.byte	0x4
ARM GAS  C:\Users\NGUYEN~1\AppData\Local\Temp\ccSyMBIV.s 			page 6


 253 0140 28       		.byte	0x28
 254 0141 0C       		.uleb128 0xc
 255 0142 11010000 		.4byte	.LASF18
 256 0146 11010000 		.4byte	.LASF18
 257 014a 03       		.byte	0x3
 258 014b 3201     		.2byte	0x132
 259 014d 0B       		.uleb128 0xb
 260 014e D6000000 		.4byte	.LASF19
 261 0152 D6000000 		.4byte	.LASF19
 262 0156 04       		.byte	0x4
 263 0157 18       		.byte	0x18
 264 0158 00       		.byte	0
 265              		.section	.debug_abbrev,"",%progbits
 266              	.Ldebug_abbrev0:
 267 0000 01       		.uleb128 0x1
 268 0001 11       		.uleb128 0x11
 269 0002 01       		.byte	0x1
 270 0003 25       		.uleb128 0x25
 271 0004 0E       		.uleb128 0xe
 272 0005 13       		.uleb128 0x13
 273 0006 0B       		.uleb128 0xb
 274 0007 03       		.uleb128 0x3
 275 0008 0E       		.uleb128 0xe
 276 0009 1B       		.uleb128 0x1b
 277 000a 0E       		.uleb128 0xe
 278 000b 55       		.uleb128 0x55
 279 000c 17       		.uleb128 0x17
 280 000d 11       		.uleb128 0x11
 281 000e 01       		.uleb128 0x1
 282 000f 10       		.uleb128 0x10
 283 0010 17       		.uleb128 0x17
 284 0011 00       		.byte	0
 285 0012 00       		.byte	0
 286 0013 02       		.uleb128 0x2
 287 0014 24       		.uleb128 0x24
 288 0015 00       		.byte	0
 289 0016 0B       		.uleb128 0xb
 290 0017 0B       		.uleb128 0xb
 291 0018 3E       		.uleb128 0x3e
 292 0019 0B       		.uleb128 0xb
 293 001a 03       		.uleb128 0x3
 294 001b 0E       		.uleb128 0xe
 295 001c 00       		.byte	0
 296 001d 00       		.byte	0
 297 001e 03       		.uleb128 0x3
 298 001f 24       		.uleb128 0x24
 299 0020 00       		.byte	0
 300 0021 0B       		.uleb128 0xb
 301 0022 0B       		.uleb128 0xb
 302 0023 3E       		.uleb128 0x3e
 303 0024 0B       		.uleb128 0xb
 304 0025 03       		.uleb128 0x3
 305 0026 08       		.uleb128 0x8
 306 0027 00       		.byte	0
 307 0028 00       		.byte	0
 308 0029 04       		.uleb128 0x4
 309 002a 16       		.uleb128 0x16
ARM GAS  C:\Users\NGUYEN~1\AppData\Local\Temp\ccSyMBIV.s 			page 7


 310 002b 00       		.byte	0
 311 002c 03       		.uleb128 0x3
 312 002d 0E       		.uleb128 0xe
 313 002e 3A       		.uleb128 0x3a
 314 002f 0B       		.uleb128 0xb
 315 0030 3B       		.uleb128 0x3b
 316 0031 05       		.uleb128 0x5
 317 0032 49       		.uleb128 0x49
 318 0033 13       		.uleb128 0x13
 319 0034 00       		.byte	0
 320 0035 00       		.byte	0
 321 0036 05       		.uleb128 0x5
 322 0037 2E       		.uleb128 0x2e
 323 0038 01       		.byte	0x1
 324 0039 3F       		.uleb128 0x3f
 325 003a 19       		.uleb128 0x19
 326 003b 03       		.uleb128 0x3
 327 003c 0E       		.uleb128 0xe
 328 003d 3A       		.uleb128 0x3a
 329 003e 0B       		.uleb128 0xb
 330 003f 3B       		.uleb128 0x3b
 331 0040 0B       		.uleb128 0xb
 332 0041 27       		.uleb128 0x27
 333 0042 19       		.uleb128 0x19
 334 0043 11       		.uleb128 0x11
 335 0044 01       		.uleb128 0x1
 336 0045 12       		.uleb128 0x12
 337 0046 06       		.uleb128 0x6
 338 0047 40       		.uleb128 0x40
 339 0048 18       		.uleb128 0x18
 340 0049 9742     		.uleb128 0x2117
 341 004b 19       		.uleb128 0x19
 342 004c 01       		.uleb128 0x1
 343 004d 13       		.uleb128 0x13
 344 004e 00       		.byte	0
 345 004f 00       		.byte	0
 346 0050 06       		.uleb128 0x6
 347 0051 898201   		.uleb128 0x4109
 348 0054 00       		.byte	0
 349 0055 11       		.uleb128 0x11
 350 0056 01       		.uleb128 0x1
 351 0057 31       		.uleb128 0x31
 352 0058 13       		.uleb128 0x13
 353 0059 00       		.byte	0
 354 005a 00       		.byte	0
 355 005b 07       		.uleb128 0x7
 356 005c 898201   		.uleb128 0x4109
 357 005f 01       		.byte	0x1
 358 0060 11       		.uleb128 0x11
 359 0061 01       		.uleb128 0x1
 360 0062 31       		.uleb128 0x31
 361 0063 13       		.uleb128 0x13
 362 0064 01       		.uleb128 0x1
 363 0065 13       		.uleb128 0x13
 364 0066 00       		.byte	0
 365 0067 00       		.byte	0
 366 0068 08       		.uleb128 0x8
ARM GAS  C:\Users\NGUYEN~1\AppData\Local\Temp\ccSyMBIV.s 			page 8


 367 0069 8A8201   		.uleb128 0x410a
 368 006c 00       		.byte	0
 369 006d 02       		.uleb128 0x2
 370 006e 18       		.uleb128 0x18
 371 006f 9142     		.uleb128 0x2111
 372 0071 18       		.uleb128 0x18
 373 0072 00       		.byte	0
 374 0073 00       		.byte	0
 375 0074 09       		.uleb128 0x9
 376 0075 2E       		.uleb128 0x2e
 377 0076 01       		.byte	0x1
 378 0077 3F       		.uleb128 0x3f
 379 0078 19       		.uleb128 0x19
 380 0079 03       		.uleb128 0x3
 381 007a 0E       		.uleb128 0xe
 382 007b 3A       		.uleb128 0x3a
 383 007c 0B       		.uleb128 0xb
 384 007d 3B       		.uleb128 0x3b
 385 007e 0B       		.uleb128 0xb
 386 007f 27       		.uleb128 0x27
 387 0080 19       		.uleb128 0x19
 388 0081 49       		.uleb128 0x49
 389 0082 13       		.uleb128 0x13
 390 0083 8701     		.uleb128 0x87
 391 0085 19       		.uleb128 0x19
 392 0086 11       		.uleb128 0x11
 393 0087 01       		.uleb128 0x1
 394 0088 12       		.uleb128 0x12
 395 0089 06       		.uleb128 0x6
 396 008a 40       		.uleb128 0x40
 397 008b 18       		.uleb128 0x18
 398 008c 9742     		.uleb128 0x2117
 399 008e 19       		.uleb128 0x19
 400 008f 01       		.uleb128 0x1
 401 0090 13       		.uleb128 0x13
 402 0091 00       		.byte	0
 403 0092 00       		.byte	0
 404 0093 0A       		.uleb128 0xa
 405 0094 898201   		.uleb128 0x4109
 406 0097 01       		.byte	0x1
 407 0098 11       		.uleb128 0x11
 408 0099 01       		.uleb128 0x1
 409 009a 31       		.uleb128 0x31
 410 009b 13       		.uleb128 0x13
 411 009c 00       		.byte	0
 412 009d 00       		.byte	0
 413 009e 0B       		.uleb128 0xb
 414 009f 2E       		.uleb128 0x2e
 415 00a0 00       		.byte	0
 416 00a1 3F       		.uleb128 0x3f
 417 00a2 19       		.uleb128 0x19
 418 00a3 3C       		.uleb128 0x3c
 419 00a4 19       		.uleb128 0x19
 420 00a5 6E       		.uleb128 0x6e
 421 00a6 0E       		.uleb128 0xe
 422 00a7 03       		.uleb128 0x3
 423 00a8 0E       		.uleb128 0xe
ARM GAS  C:\Users\NGUYEN~1\AppData\Local\Temp\ccSyMBIV.s 			page 9


 424 00a9 3A       		.uleb128 0x3a
 425 00aa 0B       		.uleb128 0xb
 426 00ab 3B       		.uleb128 0x3b
 427 00ac 0B       		.uleb128 0xb
 428 00ad 00       		.byte	0
 429 00ae 00       		.byte	0
 430 00af 0C       		.uleb128 0xc
 431 00b0 2E       		.uleb128 0x2e
 432 00b1 00       		.byte	0
 433 00b2 3F       		.uleb128 0x3f
 434 00b3 19       		.uleb128 0x19
 435 00b4 3C       		.uleb128 0x3c
 436 00b5 19       		.uleb128 0x19
 437 00b6 6E       		.uleb128 0x6e
 438 00b7 0E       		.uleb128 0xe
 439 00b8 03       		.uleb128 0x3
 440 00b9 0E       		.uleb128 0xe
 441 00ba 3A       		.uleb128 0x3a
 442 00bb 0B       		.uleb128 0xb
 443 00bc 3B       		.uleb128 0x3b
 444 00bd 05       		.uleb128 0x5
 445 00be 00       		.byte	0
 446 00bf 00       		.byte	0
 447 00c0 00       		.byte	0
 448              		.section	.debug_aranges,"",%progbits
 449 0000 24000000 		.4byte	0x24
 450 0004 0200     		.2byte	0x2
 451 0006 00000000 		.4byte	.Ldebug_info0
 452 000a 04       		.byte	0x4
 453 000b 00       		.byte	0
 454 000c 0000     		.2byte	0
 455 000e 0000     		.2byte	0
 456 0010 00000000 		.4byte	.LFB32
 457 0014 1A000000 		.4byte	.LFE32-.LFB32
 458 0018 00000000 		.4byte	.LFB33
 459 001c 14000000 		.4byte	.LFE33-.LFB33
 460 0020 00000000 		.4byte	0
 461 0024 00000000 		.4byte	0
 462              		.section	.debug_ranges,"",%progbits
 463              	.Ldebug_ranges0:
 464 0000 00000000 		.4byte	.LFB32
 465 0004 1A000000 		.4byte	.LFE32
 466 0008 00000000 		.4byte	.LFB33
 467 000c 14000000 		.4byte	.LFE33
 468 0010 00000000 		.4byte	0
 469 0014 00000000 		.4byte	0
 470              		.section	.debug_line,"",%progbits
 471              	.Ldebug_line0:
 472 0000 94000000 		.section	.debug_str,"MS",%progbits,1
 472      02006900 
 472      00000201 
 472      FB0E0D00 
 472      01010101 
 473              	.LASF6:
 474 0000 6C6F6E67 		.ascii	"long long int\000"
 474      206C6F6E 
 474      6720696E 
ARM GAS  C:\Users\NGUYEN~1\AppData\Local\Temp\ccSyMBIV.s 			page 10


 474      7400
 475              	.LASF23:
 476 000e 75696E74 		.ascii	"uint32\000"
 476      333200
 477              	.LASF16:
 478 0015 74696D65 		.ascii	"timer1_ClearInterrupt\000"
 478      72315F43 
 478      6C656172 
 478      496E7465 
 478      72727570 
 479              	.LASF8:
 480 002b 756E7369 		.ascii	"unsigned int\000"
 480      676E6564 
 480      20696E74 
 480      00
 481              	.LASF22:
 482 0038 443A5C70 		.ascii	"D:\\psoc\\theory\\timer_interrupt\\timer_have_see_b"
 482      736F635C 
 482      7468656F 
 482      72795C74 
 482      696D6572 
 483 0067 795F6D61 		.ascii	"y_machine_wire.cydsn\000"
 483      6368696E 
 483      655F7769 
 483      72652E63 
 483      7964736E 
 484              	.LASF17:
 485 007c 74696D65 		.ascii	"timer_int_ClearPending\000"
 485      725F696E 
 485      745F436C 
 485      65617250 
 485      656E6469 
 486              	.LASF21:
 487 0093 6D61696E 		.ascii	"main.c\000"
 487      2E6300
 488              	.LASF25:
 489 009a 6D61696E 		.ascii	"main\000"
 489      00
 490              	.LASF15:
 491 009f 50696E5F 		.ascii	"Pin_Led_Write\000"
 491      4C65645F 
 491      57726974 
 491      6500
 492              	.LASF5:
 493 00ad 6C6F6E67 		.ascii	"long unsigned int\000"
 493      20756E73 
 493      69676E65 
 493      6420696E 
 493      7400
 494              	.LASF7:
 495 00bf 6C6F6E67 		.ascii	"long long unsigned int\000"
 495      206C6F6E 
 495      6720756E 
 495      7369676E 
 495      65642069 
 496              	.LASF19:
 497 00d6 74696D65 		.ascii	"timer_int_StartEx\000"
ARM GAS  C:\Users\NGUYEN~1\AppData\Local\Temp\ccSyMBIV.s 			page 11


 497      725F696E 
 497      745F5374 
 497      61727445 
 497      7800
 498              	.LASF9:
 499 00e8 666C6F61 		.ascii	"float\000"
 499      7400
 500              	.LASF24:
 501 00ee 68616E64 		.ascii	"handle_interrupt\000"
 501      6C655F69 
 501      6E746572 
 501      72757074 
 501      00
 502              	.LASF14:
 503 00ff 50696E5F 		.ascii	"Pin_Led_Read\000"
 503      4C65645F 
 503      52656164 
 503      00
 504              	.LASF11:
 505 010c 63686172 		.ascii	"char\000"
 505      00
 506              	.LASF18:
 507 0111 74696D65 		.ascii	"timer1_Start\000"
 507      72315F53 
 507      74617274 
 507      00
 508              	.LASF10:
 509 011e 646F7562 		.ascii	"double\000"
 509      6C6500
 510              	.LASF4:
 511 0125 6C6F6E67 		.ascii	"long int\000"
 511      20696E74 
 511      00
 512              	.LASF20:
 513 012e 474E5520 		.ascii	"GNU C11 5.4.1 20160609 (release) [ARM/embedded-5-br"
 513      43313120 
 513      352E342E 
 513      31203230 
 513      31363036 
 514 0161 616E6368 		.ascii	"anch revision 237715] -mcpu=cortex-m0 -mthumb -g -O"
 514      20726576 
 514      6973696F 
 514      6E203233 
 514      37373135 
 515 0194 67202D66 		.ascii	"g -ffunction-sections -ffat-lto-objects\000"
 515      66756E63 
 515      74696F6E 
 515      2D736563 
 515      74696F6E 
 516              	.LASF3:
 517 01bc 73686F72 		.ascii	"short unsigned int\000"
 517      7420756E 
 517      7369676E 
 517      65642069 
 517      6E7400
 518              	.LASF0:
 519 01cf 7369676E 		.ascii	"signed char\000"
ARM GAS  C:\Users\NGUYEN~1\AppData\Local\Temp\ccSyMBIV.s 			page 12


 519      65642063 
 519      68617200 
 520              	.LASF1:
 521 01db 756E7369 		.ascii	"unsigned char\000"
 521      676E6564 
 521      20636861 
 521      7200
 522              	.LASF12:
 523 01e9 6C6F6E67 		.ascii	"long double\000"
 523      20646F75 
 523      626C6500 
 524              	.LASF2:
 525 01f5 73686F72 		.ascii	"short int\000"
 525      7420696E 
 525      7400
 526              	.LASF13:
 527 01ff 73697A65 		.ascii	"sizetype\000"
 527      74797065 
 527      00
 528              		.ident	"GCC: (GNU Tools for ARM Embedded Processors) 5.4.1 20160609 (release) [ARM/embedded-5-bran
