ARM GAS  C:\Users\NGUYEN~1\AppData\Local\Temp\ccmMFerT.s 			page 1


   1              		.syntax unified
   2              		.cpu cortex-m0
   3              		.fpu softvfp
   4              		.eabi_attribute 20, 1
   5              		.eabi_attribute 21, 1
   6              		.eabi_attribute 23, 3
   7              		.eabi_attribute 24, 1
   8              		.eabi_attribute 25, 1
   9              		.eabi_attribute 26, 1
  10              		.eabi_attribute 30, 1
  11              		.eabi_attribute 34, 0
  12              		.eabi_attribute 18, 4
  13              		.thumb
  14              		.syntax unified
  15              		.file	"button_handle.c"
  16              		.text
  17              	.Ltext0:
  18              		.cfi_sections	.debug_frame
  19              		.comm	data_wite_to_eeprom,4,4
  20              	.Letext0:
  21              		.file 1 "button_handle.c"
  22              		.section	.debug_info,"",%progbits
  23              	.Ldebug_info0:
  24 0000 3E000000 		.4byte	0x3e
  25 0004 0400     		.2byte	0x4
  26 0006 00000000 		.4byte	.Ldebug_abbrev0
  27 000a 04       		.byte	0x4
  28 000b 01       		.uleb128 0x1
  29 000c 1E000000 		.4byte	.LASF1
  30 0010 0C       		.byte	0xc
  31 0011 00000000 		.4byte	.LASF2
  32 0015 AC000000 		.4byte	.LASF3
  33 0019 00000000 		.4byte	.Ldebug_line0
  34 001d 02       		.uleb128 0x2
  35 001e 01       		.byte	0x1
  36 001f 08       		.byte	0x8
  37 0020 10000000 		.4byte	.LASF0
  38 0024 03       		.uleb128 0x3
  39 0025 E1000000 		.4byte	.LASF4
  40 0029 01       		.byte	0x1
  41 002a 0F       		.byte	0xf
  42 002b 3C000000 		.4byte	0x3c
  43 002f 05       		.uleb128 0x5
  44 0030 03       		.byte	0x3
  45 0031 00000000 		.4byte	data_wite_to_eeprom
  46 0035 04       		.uleb128 0x4
  47 0036 04       		.byte	0x4
  48 0037 05       		.byte	0x5
  49 0038 696E7400 		.ascii	"int\000"
  50 003c 05       		.uleb128 0x5
  51 003d 35000000 		.4byte	0x35
  52 0041 00       		.byte	0
  53              		.section	.debug_abbrev,"",%progbits
  54              	.Ldebug_abbrev0:
  55 0000 01       		.uleb128 0x1
  56 0001 11       		.uleb128 0x11
  57 0002 01       		.byte	0x1
ARM GAS  C:\Users\NGUYEN~1\AppData\Local\Temp\ccmMFerT.s 			page 2


  58 0003 25       		.uleb128 0x25
  59 0004 0E       		.uleb128 0xe
  60 0005 13       		.uleb128 0x13
  61 0006 0B       		.uleb128 0xb
  62 0007 03       		.uleb128 0x3
  63 0008 0E       		.uleb128 0xe
  64 0009 1B       		.uleb128 0x1b
  65 000a 0E       		.uleb128 0xe
  66 000b 10       		.uleb128 0x10
  67 000c 17       		.uleb128 0x17
  68 000d 00       		.byte	0
  69 000e 00       		.byte	0
  70 000f 02       		.uleb128 0x2
  71 0010 24       		.uleb128 0x24
  72 0011 00       		.byte	0
  73 0012 0B       		.uleb128 0xb
  74 0013 0B       		.uleb128 0xb
  75 0014 3E       		.uleb128 0x3e
  76 0015 0B       		.uleb128 0xb
  77 0016 03       		.uleb128 0x3
  78 0017 0E       		.uleb128 0xe
  79 0018 00       		.byte	0
  80 0019 00       		.byte	0
  81 001a 03       		.uleb128 0x3
  82 001b 34       		.uleb128 0x34
  83 001c 00       		.byte	0
  84 001d 03       		.uleb128 0x3
  85 001e 0E       		.uleb128 0xe
  86 001f 3A       		.uleb128 0x3a
  87 0020 0B       		.uleb128 0xb
  88 0021 3B       		.uleb128 0x3b
  89 0022 0B       		.uleb128 0xb
  90 0023 49       		.uleb128 0x49
  91 0024 13       		.uleb128 0x13
  92 0025 3F       		.uleb128 0x3f
  93 0026 19       		.uleb128 0x19
  94 0027 02       		.uleb128 0x2
  95 0028 18       		.uleb128 0x18
  96 0029 00       		.byte	0
  97 002a 00       		.byte	0
  98 002b 04       		.uleb128 0x4
  99 002c 24       		.uleb128 0x24
 100 002d 00       		.byte	0
 101 002e 0B       		.uleb128 0xb
 102 002f 0B       		.uleb128 0xb
 103 0030 3E       		.uleb128 0x3e
 104 0031 0B       		.uleb128 0xb
 105 0032 03       		.uleb128 0x3
 106 0033 08       		.uleb128 0x8
 107 0034 00       		.byte	0
 108 0035 00       		.byte	0
 109 0036 05       		.uleb128 0x5
 110 0037 35       		.uleb128 0x35
 111 0038 00       		.byte	0
 112 0039 49       		.uleb128 0x49
 113 003a 13       		.uleb128 0x13
 114 003b 00       		.byte	0
ARM GAS  C:\Users\NGUYEN~1\AppData\Local\Temp\ccmMFerT.s 			page 3


 115 003c 00       		.byte	0
 116 003d 00       		.byte	0
 117              		.section	.debug_aranges,"",%progbits
 118 0000 14000000 		.4byte	0x14
 119 0004 0200     		.2byte	0x2
 120 0006 00000000 		.4byte	.Ldebug_info0
 121 000a 04       		.byte	0x4
 122 000b 00       		.byte	0
 123 000c 0000     		.2byte	0
 124 000e 0000     		.2byte	0
 125 0010 00000000 		.4byte	0
 126 0014 00000000 		.4byte	0
 127              		.section	.debug_line,"",%progbits
 128              	.Ldebug_line0:
 129 0000 2C000000 		.section	.debug_str,"MS",%progbits,1
 129      02002600 
 129      00000201 
 129      FB0E0D00 
 129      01010101 
 130              	.LASF2:
 131 0000 62757474 		.ascii	"button_handle.c\000"
 131      6F6E5F68 
 131      616E646C 
 131      652E6300 
 132              	.LASF0:
 133 0010 756E7369 		.ascii	"unsigned char\000"
 133      676E6564 
 133      20636861 
 133      7200
 134              	.LASF1:
 135 001e 474E5520 		.ascii	"GNU C11 5.4.1 20160609 (release) [ARM/embedded-5-br"
 135      43313120 
 135      352E342E 
 135      31203230 
 135      31363036 
 136 0051 616E6368 		.ascii	"anch revision 237715] -mcpu=cortex-m0 -mthumb -g -O"
 136      20726576 
 136      6973696F 
 136      6E203233 
 136      37373135 
 137 0084 67202D66 		.ascii	"g -ffunction-sections -ffat-lto-objects\000"
 137      66756E63 
 137      74696F6E 
 137      2D736563 
 137      74696F6E 
 138              	.LASF3:
 139 00ac 443A5C70 		.ascii	"D:\\psoc\\theory\\eeprom_external\\eeprom_external."
 139      736F635C 
 139      7468656F 
 139      72795C65 
 139      6570726F 
 140 00db 63796473 		.ascii	"cydsn\000"
 140      6E00
 141              	.LASF4:
 142 00e1 64617461 		.ascii	"data_wite_to_eeprom\000"
 142      5F776974 
 142      655F746F 
ARM GAS  C:\Users\NGUYEN~1\AppData\Local\Temp\ccmMFerT.s 			page 4


 142      5F656570 
 142      726F6D00 
 143              		.ident	"GCC: (GNU Tools for ARM Embedded Processors) 5.4.1 20160609 (release) [ARM/embedded-5-bran
