ARM GAS  C:\Users\NGUYEN~1\AppData\Local\Temp\ccVod3qa.s 			page 1


   1              		.syntax unified
   2              		.cpu cortex-m0
   3              		.fpu softvfp
   4              		.eabi_attribute 20, 1
   5              		.eabi_attribute 21, 1
   6              		.eabi_attribute 23, 3
   7              		.eabi_attribute 24, 1
   8              		.eabi_attribute 25, 1
   9              		.eabi_attribute 26, 1
  10              		.eabi_attribute 30, 1
  11              		.eabi_attribute 34, 0
  12              		.eabi_attribute 18, 4
  13              		.thumb
  14              		.syntax unified
  15              		.file	"cyfitter_cfg.c"
  16              		.text
  17              	.Ltext0:
  18              		.cfi_sections	.debug_frame
  19              		.section	.text.CYMEMZERO,"ax",%progbits
  20              		.align	2
  21              		.code	16
  22              		.thumb_func
  23              		.type	CYMEMZERO, %function
  24              	CYMEMZERO:
  25              	.LFB0:
  26              		.file 1 "Generated_Source\\PSoC4\\cyfitter_cfg.c"
   1:Generated_Source\PSoC4/cyfitter_cfg.c **** 
   2:Generated_Source\PSoC4/cyfitter_cfg.c **** /*******************************************************************************
   3:Generated_Source\PSoC4/cyfitter_cfg.c **** * File Name: cyfitter_cfg.c
   4:Generated_Source\PSoC4/cyfitter_cfg.c **** * 
   5:Generated_Source\PSoC4/cyfitter_cfg.c **** * PSoC Creator  4.4
   6:Generated_Source\PSoC4/cyfitter_cfg.c **** *
   7:Generated_Source\PSoC4/cyfitter_cfg.c **** * Description:
   8:Generated_Source\PSoC4/cyfitter_cfg.c **** * This file contains device initialization code.
   9:Generated_Source\PSoC4/cyfitter_cfg.c **** * Except for the user defined sections in CyClockStartupError(), this file should not be modified.
  10:Generated_Source\PSoC4/cyfitter_cfg.c **** * This file is automatically generated by PSoC Creator.
  11:Generated_Source\PSoC4/cyfitter_cfg.c **** *
  12:Generated_Source\PSoC4/cyfitter_cfg.c **** ********************************************************************************
  13:Generated_Source\PSoC4/cyfitter_cfg.c **** * Copyright (c) 2007-2020 Cypress Semiconductor.  All rights reserved.
  14:Generated_Source\PSoC4/cyfitter_cfg.c **** * You may use this file only in accordance with the license, terms, conditions, 
  15:Generated_Source\PSoC4/cyfitter_cfg.c **** * disclaimers, and limitations in the end user license agreement accompanying 
  16:Generated_Source\PSoC4/cyfitter_cfg.c **** * the software package with which this file was provided.
  17:Generated_Source\PSoC4/cyfitter_cfg.c **** ********************************************************************************/
  18:Generated_Source\PSoC4/cyfitter_cfg.c **** 
  19:Generated_Source\PSoC4/cyfitter_cfg.c **** #include <string.h>
  20:Generated_Source\PSoC4/cyfitter_cfg.c **** #include "cytypes.h"
  21:Generated_Source\PSoC4/cyfitter_cfg.c **** #include "cydevice_trm.h"
  22:Generated_Source\PSoC4/cyfitter_cfg.c **** #include "cyfitter.h"
  23:Generated_Source\PSoC4/cyfitter_cfg.c **** #include "CyLib.h"
  24:Generated_Source\PSoC4/cyfitter_cfg.c **** #include "CyLFClk.h"
  25:Generated_Source\PSoC4/cyfitter_cfg.c **** #include "cyfitter_cfg.h"
  26:Generated_Source\PSoC4/cyfitter_cfg.c **** #include "cyapicallbacks.h"
  27:Generated_Source\PSoC4/cyfitter_cfg.c **** 
  28:Generated_Source\PSoC4/cyfitter_cfg.c **** 
  29:Generated_Source\PSoC4/cyfitter_cfg.c **** #if defined(__GNUC__) || defined(__ARMCC_VERSION)
  30:Generated_Source\PSoC4/cyfitter_cfg.c ****     #define CYPACKED 
  31:Generated_Source\PSoC4/cyfitter_cfg.c ****     #define CYPACKED_ATTR __attribute__ ((packed))
ARM GAS  C:\Users\NGUYEN~1\AppData\Local\Temp\ccVod3qa.s 			page 2


  32:Generated_Source\PSoC4/cyfitter_cfg.c ****     #define CYALIGNED __attribute__ ((aligned))
  33:Generated_Source\PSoC4/cyfitter_cfg.c ****     #define CY_CFG_UNUSED __attribute__ ((unused))
  34:Generated_Source\PSoC4/cyfitter_cfg.c ****     #ifndef CY_CFG_SECTION
  35:Generated_Source\PSoC4/cyfitter_cfg.c ****         #define CY_CFG_SECTION __attribute__ ((section(".psocinit")))
  36:Generated_Source\PSoC4/cyfitter_cfg.c ****     #endif
  37:Generated_Source\PSoC4/cyfitter_cfg.c ****     
  38:Generated_Source\PSoC4/cyfitter_cfg.c ****     #if defined(__ARMCC_VERSION)
  39:Generated_Source\PSoC4/cyfitter_cfg.c ****         #define CY_CFG_MEMORY_BARRIER() __memory_changed()
  40:Generated_Source\PSoC4/cyfitter_cfg.c ****     #else
  41:Generated_Source\PSoC4/cyfitter_cfg.c ****         #define CY_CFG_MEMORY_BARRIER() __sync_synchronize()
  42:Generated_Source\PSoC4/cyfitter_cfg.c ****     #endif
  43:Generated_Source\PSoC4/cyfitter_cfg.c ****     
  44:Generated_Source\PSoC4/cyfitter_cfg.c **** #elif defined(__ICCARM__)
  45:Generated_Source\PSoC4/cyfitter_cfg.c ****     #include <intrinsics.h>
  46:Generated_Source\PSoC4/cyfitter_cfg.c **** 
  47:Generated_Source\PSoC4/cyfitter_cfg.c ****     #define CYPACKED __packed
  48:Generated_Source\PSoC4/cyfitter_cfg.c ****     #define CYPACKED_ATTR 
  49:Generated_Source\PSoC4/cyfitter_cfg.c ****     #define CYALIGNED _Pragma("data_alignment=4")
  50:Generated_Source\PSoC4/cyfitter_cfg.c ****     #define CY_CFG_UNUSED _Pragma("diag_suppress=Pe177")
  51:Generated_Source\PSoC4/cyfitter_cfg.c ****     #define CY_CFG_SECTION _Pragma("location=\".psocinit\"")
  52:Generated_Source\PSoC4/cyfitter_cfg.c ****     
  53:Generated_Source\PSoC4/cyfitter_cfg.c ****     #define CY_CFG_MEMORY_BARRIER() __DMB()
  54:Generated_Source\PSoC4/cyfitter_cfg.c ****     
  55:Generated_Source\PSoC4/cyfitter_cfg.c **** #else
  56:Generated_Source\PSoC4/cyfitter_cfg.c ****     #error Unsupported toolchain
  57:Generated_Source\PSoC4/cyfitter_cfg.c **** #endif
  58:Generated_Source\PSoC4/cyfitter_cfg.c **** 
  59:Generated_Source\PSoC4/cyfitter_cfg.c **** #ifndef CYCODE
  60:Generated_Source\PSoC4/cyfitter_cfg.c ****     #define CYCODE
  61:Generated_Source\PSoC4/cyfitter_cfg.c **** #endif
  62:Generated_Source\PSoC4/cyfitter_cfg.c **** #ifndef CYDATA
  63:Generated_Source\PSoC4/cyfitter_cfg.c ****     #define CYDATA
  64:Generated_Source\PSoC4/cyfitter_cfg.c **** #endif
  65:Generated_Source\PSoC4/cyfitter_cfg.c **** #ifndef CYFAR
  66:Generated_Source\PSoC4/cyfitter_cfg.c ****     #define CYFAR
  67:Generated_Source\PSoC4/cyfitter_cfg.c **** #endif
  68:Generated_Source\PSoC4/cyfitter_cfg.c **** #ifndef CYXDATA
  69:Generated_Source\PSoC4/cyfitter_cfg.c ****     #define CYXDATA
  70:Generated_Source\PSoC4/cyfitter_cfg.c **** #endif
  71:Generated_Source\PSoC4/cyfitter_cfg.c **** 
  72:Generated_Source\PSoC4/cyfitter_cfg.c **** 
  73:Generated_Source\PSoC4/cyfitter_cfg.c **** CY_CFG_UNUSED
  74:Generated_Source\PSoC4/cyfitter_cfg.c **** static void CYMEMZERO(void *s, size_t n);
  75:Generated_Source\PSoC4/cyfitter_cfg.c **** CY_CFG_UNUSED
  76:Generated_Source\PSoC4/cyfitter_cfg.c **** static void CYMEMZERO(void *s, size_t n)
  77:Generated_Source\PSoC4/cyfitter_cfg.c **** {
  27              		.loc 1 77 0
  28              		.cfi_startproc
  29              		@ args = 0, pretend = 0, frame = 0
  30              		@ frame_needed = 0, uses_anonymous_args = 0
  31              	.LVL0:
  32 0000 10B5     		push	{r4, lr}
  33              		.cfi_def_cfa_offset 8
  34              		.cfi_offset 4, -8
  35              		.cfi_offset 14, -4
  36 0002 0A00     		movs	r2, r1
  78:Generated_Source\PSoC4/cyfitter_cfg.c **** 	(void)memset(s, 0, n);
ARM GAS  C:\Users\NGUYEN~1\AppData\Local\Temp\ccVod3qa.s 			page 3


  37              		.loc 1 78 0
  38 0004 0021     		movs	r1, #0
  39              	.LVL1:
  40 0006 FFF7FEFF 		bl	memset
  41              	.LVL2:
  79:Generated_Source\PSoC4/cyfitter_cfg.c **** }
  42              		.loc 1 79 0
  43              		@ sp needed
  44 000a 10BD     		pop	{r4, pc}
  45              		.cfi_endproc
  46              	.LFE0:
  47              		.size	CYMEMZERO, .-CYMEMZERO
  48              		.section	.psocinit,"ax",%progbits
  49              		.align	2
  50              		.code	16
  51              		.thumb_func
  52              		.type	ClockSetup, %function
  53              	ClockSetup:
  54              	.LFB3:
  80:Generated_Source\PSoC4/cyfitter_cfg.c **** CY_CFG_UNUSED
  81:Generated_Source\PSoC4/cyfitter_cfg.c **** static void CYCONFIGCPY(void *dest, const void *src, size_t n);
  82:Generated_Source\PSoC4/cyfitter_cfg.c **** CY_CFG_UNUSED
  83:Generated_Source\PSoC4/cyfitter_cfg.c **** static void CYCONFIGCPY(void *dest, const void *src, size_t n)
  84:Generated_Source\PSoC4/cyfitter_cfg.c **** {
  85:Generated_Source\PSoC4/cyfitter_cfg.c **** 	(void)memcpy(dest, src, n);
  86:Generated_Source\PSoC4/cyfitter_cfg.c **** }
  87:Generated_Source\PSoC4/cyfitter_cfg.c **** CY_CFG_UNUSED
  88:Generated_Source\PSoC4/cyfitter_cfg.c **** static void CYCONFIGCPYCODE(void *dest, const void *src, size_t n);
  89:Generated_Source\PSoC4/cyfitter_cfg.c **** CY_CFG_UNUSED
  90:Generated_Source\PSoC4/cyfitter_cfg.c **** static void CYCONFIGCPYCODE(void *dest, const void *src, size_t n)
  91:Generated_Source\PSoC4/cyfitter_cfg.c **** {
  92:Generated_Source\PSoC4/cyfitter_cfg.c **** 	(void)memcpy(dest, src, n);
  93:Generated_Source\PSoC4/cyfitter_cfg.c **** }
  94:Generated_Source\PSoC4/cyfitter_cfg.c **** 
  95:Generated_Source\PSoC4/cyfitter_cfg.c **** 
  96:Generated_Source\PSoC4/cyfitter_cfg.c **** 
  97:Generated_Source\PSoC4/cyfitter_cfg.c **** 
  98:Generated_Source\PSoC4/cyfitter_cfg.c **** /* Clock startup error codes                                                   */
  99:Generated_Source\PSoC4/cyfitter_cfg.c **** #define CYCLOCKSTART_NO_ERROR    0u
 100:Generated_Source\PSoC4/cyfitter_cfg.c **** #define CYCLOCKSTART_XTAL_ERROR  1u
 101:Generated_Source\PSoC4/cyfitter_cfg.c **** #define CYCLOCKSTART_32KHZ_ERROR 2u
 102:Generated_Source\PSoC4/cyfitter_cfg.c **** #define CYCLOCKSTART_PLL_ERROR   3u
 103:Generated_Source\PSoC4/cyfitter_cfg.c **** #define CYCLOCKSTART_FLL_ERROR   4u
 104:Generated_Source\PSoC4/cyfitter_cfg.c **** #define CYCLOCKSTART_WCO_ERROR   5u
 105:Generated_Source\PSoC4/cyfitter_cfg.c **** 
 106:Generated_Source\PSoC4/cyfitter_cfg.c **** 
 107:Generated_Source\PSoC4/cyfitter_cfg.c **** #ifdef CY_NEED_CYCLOCKSTARTUPERROR
 108:Generated_Source\PSoC4/cyfitter_cfg.c **** /*******************************************************************************
 109:Generated_Source\PSoC4/cyfitter_cfg.c **** * Function Name: CyClockStartupError
 110:Generated_Source\PSoC4/cyfitter_cfg.c **** ********************************************************************************
 111:Generated_Source\PSoC4/cyfitter_cfg.c **** * Summary:
 112:Generated_Source\PSoC4/cyfitter_cfg.c **** *  If an error is encountered during clock configuration (crystal startup error,
 113:Generated_Source\PSoC4/cyfitter_cfg.c **** *  PLL lock error, etc.), the system will end up here.  Unless reimplemented by
 114:Generated_Source\PSoC4/cyfitter_cfg.c **** *  the customer, this function will stop in an infinite loop.
 115:Generated_Source\PSoC4/cyfitter_cfg.c **** *
 116:Generated_Source\PSoC4/cyfitter_cfg.c **** * Parameters:
 117:Generated_Source\PSoC4/cyfitter_cfg.c **** *   void
ARM GAS  C:\Users\NGUYEN~1\AppData\Local\Temp\ccVod3qa.s 			page 4


 118:Generated_Source\PSoC4/cyfitter_cfg.c **** *
 119:Generated_Source\PSoC4/cyfitter_cfg.c **** * Return:
 120:Generated_Source\PSoC4/cyfitter_cfg.c **** *   void
 121:Generated_Source\PSoC4/cyfitter_cfg.c **** *
 122:Generated_Source\PSoC4/cyfitter_cfg.c **** *******************************************************************************/
 123:Generated_Source\PSoC4/cyfitter_cfg.c **** CY_CFG_UNUSED
 124:Generated_Source\PSoC4/cyfitter_cfg.c **** static void CyClockStartupError(uint8 errorCode);
 125:Generated_Source\PSoC4/cyfitter_cfg.c **** CY_CFG_UNUSED
 126:Generated_Source\PSoC4/cyfitter_cfg.c **** static void CyClockStartupError(uint8 errorCode)
 127:Generated_Source\PSoC4/cyfitter_cfg.c **** {
 128:Generated_Source\PSoC4/cyfitter_cfg.c ****     /* To remove the compiler warning if errorCode not used.                */
 129:Generated_Source\PSoC4/cyfitter_cfg.c ****     errorCode = errorCode;
 130:Generated_Source\PSoC4/cyfitter_cfg.c **** 
 131:Generated_Source\PSoC4/cyfitter_cfg.c ****     /* If we have a clock startup error (bad MHz crystal, PLL lock, etc.),  */
 132:Generated_Source\PSoC4/cyfitter_cfg.c ****     /* we will end up here to allow the customer to implement something to  */
 133:Generated_Source\PSoC4/cyfitter_cfg.c ****     /* deal with the clock condition.                                       */
 134:Generated_Source\PSoC4/cyfitter_cfg.c **** 
 135:Generated_Source\PSoC4/cyfitter_cfg.c **** #ifdef CY_CFG_CLOCK_STARTUP_ERROR_CALLBACK
 136:Generated_Source\PSoC4/cyfitter_cfg.c ****     CY_CFG_Clock_Startup_ErrorCallback();
 137:Generated_Source\PSoC4/cyfitter_cfg.c **** #else
 138:Generated_Source\PSoC4/cyfitter_cfg.c ****     /*  If not using CY_CFG_CLOCK_STARTUP_ERROR_CALLBACK, place your clock startup code here. */
 139:Generated_Source\PSoC4/cyfitter_cfg.c ****     /* `#START CyClockStartupError` */
 140:Generated_Source\PSoC4/cyfitter_cfg.c **** 
 141:Generated_Source\PSoC4/cyfitter_cfg.c **** 
 142:Generated_Source\PSoC4/cyfitter_cfg.c **** 
 143:Generated_Source\PSoC4/cyfitter_cfg.c ****     /* `#END` */
 144:Generated_Source\PSoC4/cyfitter_cfg.c **** 
 145:Generated_Source\PSoC4/cyfitter_cfg.c ****     while(1) {}
 146:Generated_Source\PSoC4/cyfitter_cfg.c **** #endif /* CY_CFG_CLOCK_STARTUP_ERROR_CALLBACK */
 147:Generated_Source\PSoC4/cyfitter_cfg.c **** }
 148:Generated_Source\PSoC4/cyfitter_cfg.c **** #endif
 149:Generated_Source\PSoC4/cyfitter_cfg.c **** 
 150:Generated_Source\PSoC4/cyfitter_cfg.c **** 
 151:Generated_Source\PSoC4/cyfitter_cfg.c **** 
 152:Generated_Source\PSoC4/cyfitter_cfg.c **** /*******************************************************************************
 153:Generated_Source\PSoC4/cyfitter_cfg.c **** * Function Name: ClockSetup
 154:Generated_Source\PSoC4/cyfitter_cfg.c **** ********************************************************************************
 155:Generated_Source\PSoC4/cyfitter_cfg.c **** *
 156:Generated_Source\PSoC4/cyfitter_cfg.c **** * Summary:
 157:Generated_Source\PSoC4/cyfitter_cfg.c **** *   Performs the initialization of all of the clocks in the device based on the
 158:Generated_Source\PSoC4/cyfitter_cfg.c **** *   settings in the Clock tab of the DWR.  This includes enabling the requested
 159:Generated_Source\PSoC4/cyfitter_cfg.c **** *   clocks and setting the necessary dividers to produce the desired frequency. 
 160:Generated_Source\PSoC4/cyfitter_cfg.c **** *
 161:Generated_Source\PSoC4/cyfitter_cfg.c **** * Parameters:
 162:Generated_Source\PSoC4/cyfitter_cfg.c **** *   void
 163:Generated_Source\PSoC4/cyfitter_cfg.c **** *
 164:Generated_Source\PSoC4/cyfitter_cfg.c **** * Return:
 165:Generated_Source\PSoC4/cyfitter_cfg.c **** *   void
 166:Generated_Source\PSoC4/cyfitter_cfg.c **** *
 167:Generated_Source\PSoC4/cyfitter_cfg.c **** *******************************************************************************/
 168:Generated_Source\PSoC4/cyfitter_cfg.c **** static void ClockSetup(void);
 169:Generated_Source\PSoC4/cyfitter_cfg.c **** CY_CFG_SECTION
 170:Generated_Source\PSoC4/cyfitter_cfg.c **** static void ClockSetup(void)
 171:Generated_Source\PSoC4/cyfitter_cfg.c **** {
  55              		.loc 1 171 0
  56              		.cfi_startproc
  57              		@ args = 0, pretend = 0, frame = 0
ARM GAS  C:\Users\NGUYEN~1\AppData\Local\Temp\ccVod3qa.s 			page 5


  58              		@ frame_needed = 0, uses_anonymous_args = 0
  59 0000 70B5     		push	{r4, r5, r6, lr}
  60              		.cfi_def_cfa_offset 16
  61              		.cfi_offset 4, -16
  62              		.cfi_offset 5, -12
  63              		.cfi_offset 6, -8
  64              		.cfi_offset 14, -4
 172:Generated_Source\PSoC4/cyfitter_cfg.c **** 	/* Enable HALF_EN before trimming for the flash accelerator. */
 173:Generated_Source\PSoC4/cyfitter_cfg.c **** 	CY_SET_REG32((void CYXDATA *)(CYREG_CLK_SELECT), (CY_GET_REG32((void *)CYREG_CLK_SELECT) | 0x00040
  65              		.loc 1 173 0
  66 0002 164C     		ldr	r4, .L3
  67 0004 2368     		ldr	r3, [r4]
  68 0006 8022     		movs	r2, #128
  69 0008 D202     		lsls	r2, r2, #11
  70 000a 1343     		orrs	r3, r2
  71 000c 2360     		str	r3, [r4]
 174:Generated_Source\PSoC4/cyfitter_cfg.c **** 
 175:Generated_Source\PSoC4/cyfitter_cfg.c **** 	/* Setup and trim IMO based on desired frequency. */
 176:Generated_Source\PSoC4/cyfitter_cfg.c **** 	CySysClkWriteImoFreq(24u);
  72              		.loc 1 176 0
  73 000e 1820     		movs	r0, #24
  74 0010 FFF7FEFF 		bl	CySysClkWriteImoFreq
  75              	.LVL3:
 177:Generated_Source\PSoC4/cyfitter_cfg.c **** 
 178:Generated_Source\PSoC4/cyfitter_cfg.c **** 	/* Disable HALF_EN since it is not required at this IMO frequency. */
 179:Generated_Source\PSoC4/cyfitter_cfg.c **** 	CY_SET_REG32((void CYXDATA *)(CYREG_CLK_SELECT), (CY_GET_REG32((void *)CYREG_CLK_SELECT) & 0xFFFBF
  76              		.loc 1 179 0
  77 0014 2268     		ldr	r2, [r4]
  78 0016 124B     		ldr	r3, .L3+4
  79 0018 1340     		ands	r3, r2
  80 001a 2360     		str	r3, [r4]
 180:Generated_Source\PSoC4/cyfitter_cfg.c **** 	/* CYDEV_CLK_ILO_CONFIG Starting address: CYDEV_CLK_ILO_CONFIG */
 181:Generated_Source\PSoC4/cyfitter_cfg.c **** 	CY_SET_REG32((void *)(CYREG_CLK_ILO_CONFIG), 0x80000006u);
  81              		.loc 1 181 0
  82 001c 114A     		ldr	r2, .L3+8
  83 001e 124B     		ldr	r3, .L3+12
  84 0020 1A60     		str	r2, [r3]
 182:Generated_Source\PSoC4/cyfitter_cfg.c **** 
 183:Generated_Source\PSoC4/cyfitter_cfg.c **** 
 184:Generated_Source\PSoC4/cyfitter_cfg.c **** 	/* CYDEV_CLK_SELECT00 Starting address: CYDEV_CLK_SELECT00 */
 185:Generated_Source\PSoC4/cyfitter_cfg.c **** 	CY_SET_REG32((void *)(CYREG_CLK_SELECT02), 0x00000010u);
  85              		.loc 1 185 0
  86 0022 1022     		movs	r2, #16
  87 0024 114B     		ldr	r3, .L3+16
  88 0026 1A60     		str	r2, [r3]
 186:Generated_Source\PSoC4/cyfitter_cfg.c **** 	CY_SET_REG32((void *)(CYREG_CLK_SELECT08), 0x00000020u);
  89              		.loc 1 186 0
  90 0028 1032     		adds	r2, r2, #16
  91 002a 114B     		ldr	r3, .L3+20
  92 002c 1A60     		str	r2, [r3]
 187:Generated_Source\PSoC4/cyfitter_cfg.c **** 
 188:Generated_Source\PSoC4/cyfitter_cfg.c **** 	/* CYDEV_CLK_IMO_CONFIG Starting address: CYDEV_CLK_IMO_CONFIG */
 189:Generated_Source\PSoC4/cyfitter_cfg.c **** 	CY_SET_REG32((void *)(CYREG_CLK_IMO_CONFIG), 0x80000000u);
  93              		.loc 1 189 0
  94 002e 8022     		movs	r2, #128
  95 0030 1206     		lsls	r2, r2, #24
  96 0032 104B     		ldr	r3, .L3+24
ARM GAS  C:\Users\NGUYEN~1\AppData\Local\Temp\ccVod3qa.s 			page 6


  97 0034 1A60     		str	r2, [r3]
 190:Generated_Source\PSoC4/cyfitter_cfg.c **** 
 191:Generated_Source\PSoC4/cyfitter_cfg.c **** 	/* CYDEV_CLK_SELECT Starting address: CYDEV_CLK_SELECT */
 192:Generated_Source\PSoC4/cyfitter_cfg.c **** 	CY_SET_REG32((void *)(CYREG_CLK_SELECT), 0x00000000u);
  98              		.loc 1 192 0
  99 0036 0025     		movs	r5, #0
 100 0038 2560     		str	r5, [r4]
 193:Generated_Source\PSoC4/cyfitter_cfg.c **** 
 194:Generated_Source\PSoC4/cyfitter_cfg.c **** 	/* CYDEV_CLK_DIVIDER_A00 Starting address: CYDEV_CLK_DIVIDER_A00 */
 195:Generated_Source\PSoC4/cyfitter_cfg.c **** 	CY_SET_REG32((void *)(CYREG_CLK_DIVIDER_A00), 0x80000002u);
 101              		.loc 1 195 0
 102 003a 0F4A     		ldr	r2, .L3+28
 103 003c 0F4B     		ldr	r3, .L3+32
 104 003e 1A60     		str	r2, [r3]
 196:Generated_Source\PSoC4/cyfitter_cfg.c **** 
 197:Generated_Source\PSoC4/cyfitter_cfg.c **** 	/* CYDEV_CLK_DIVIDER_B00 Starting address: CYDEV_CLK_DIVIDER_B00 */
 198:Generated_Source\PSoC4/cyfitter_cfg.c **** 	CY_SET_REG32((void *)(CYREG_CLK_DIVIDER_B00), 0x800000EFu);
 105              		.loc 1 198 0
 106 0040 0F4A     		ldr	r2, .L3+36
 107 0042 104B     		ldr	r3, .L3+40
 108 0044 1A60     		str	r2, [r3]
 199:Generated_Source\PSoC4/cyfitter_cfg.c **** 
 200:Generated_Source\PSoC4/cyfitter_cfg.c **** 	(void)CyIntSetVector(9u, &CySysWdtIsr);
 109              		.loc 1 200 0
 110 0046 1049     		ldr	r1, .L3+44
 111 0048 0920     		movs	r0, #9
 112 004a FFF7FEFF 		bl	CyIntSetVector
 113              	.LVL4:
 201:Generated_Source\PSoC4/cyfitter_cfg.c **** 	CyIntEnable(9u);
 114              		.loc 1 201 0
 115 004e 0920     		movs	r0, #9
 116 0050 FFF7FEFF 		bl	CyIntEnable
 117              	.LVL5:
 202:Generated_Source\PSoC4/cyfitter_cfg.c **** 	CY_SET_REG32((void *)(CYREG_WDT_CONFIG), 0x00000000u);
 118              		.loc 1 202 0
 119 0054 0D4B     		ldr	r3, .L3+48
 120 0056 1D60     		str	r5, [r3]
 203:Generated_Source\PSoC4/cyfitter_cfg.c **** }
 121              		.loc 1 203 0
 122              		@ sp needed
 123 0058 70BD     		pop	{r4, r5, r6, pc}
 124              	.L4:
 125 005a C046     		.align	2
 126              	.L3:
 127 005c 00010B40 		.word	1074462976
 128 0060 FFFFFBFF 		.word	-262145
 129 0064 06000080 		.word	-2147483642
 130 0068 04010B40 		.word	1074462980
 131 006c 08020240 		.word	1073873416
 132 0070 20020240 		.word	1073873440
 133 0074 08010B40 		.word	1074462984
 134 0078 02000080 		.word	-2147483646
 135 007c 00000240 		.word	1073872896
 136 0080 EF000080 		.word	-2147483409
 137 0084 40000240 		.word	1073872960
 138 0088 00000000 		.word	CySysWdtIsr
 139 008c 0C020B40 		.word	1074463244
ARM GAS  C:\Users\NGUYEN~1\AppData\Local\Temp\ccVod3qa.s 			page 7


 140              		.cfi_endproc
 141              	.LFE3:
 142              		.size	ClockSetup, .-ClockSetup
 143              		.align	2
 144              		.global	cyfitter_cfg
 145              		.code	16
 146              		.thumb_func
 147              		.type	cyfitter_cfg, %function
 148              	cyfitter_cfg:
 149              	.LFB5:
 204:Generated_Source\PSoC4/cyfitter_cfg.c **** 
 205:Generated_Source\PSoC4/cyfitter_cfg.c **** 
 206:Generated_Source\PSoC4/cyfitter_cfg.c **** /* Analog API Functions */
 207:Generated_Source\PSoC4/cyfitter_cfg.c **** 
 208:Generated_Source\PSoC4/cyfitter_cfg.c **** 
 209:Generated_Source\PSoC4/cyfitter_cfg.c **** /*******************************************************************************
 210:Generated_Source\PSoC4/cyfitter_cfg.c **** * Function Name: AnalogSetDefault
 211:Generated_Source\PSoC4/cyfitter_cfg.c **** ********************************************************************************
 212:Generated_Source\PSoC4/cyfitter_cfg.c **** *
 213:Generated_Source\PSoC4/cyfitter_cfg.c **** * Summary:
 214:Generated_Source\PSoC4/cyfitter_cfg.c **** *  Sets up the analog portions of the chip to default values based on chip
 215:Generated_Source\PSoC4/cyfitter_cfg.c **** *  configuration options from the project.
 216:Generated_Source\PSoC4/cyfitter_cfg.c **** *
 217:Generated_Source\PSoC4/cyfitter_cfg.c **** * Parameters:
 218:Generated_Source\PSoC4/cyfitter_cfg.c **** *  void
 219:Generated_Source\PSoC4/cyfitter_cfg.c **** *
 220:Generated_Source\PSoC4/cyfitter_cfg.c **** * Return:
 221:Generated_Source\PSoC4/cyfitter_cfg.c **** *  void
 222:Generated_Source\PSoC4/cyfitter_cfg.c **** *
 223:Generated_Source\PSoC4/cyfitter_cfg.c **** *******************************************************************************/
 224:Generated_Source\PSoC4/cyfitter_cfg.c **** static void AnalogSetDefault(void);
 225:Generated_Source\PSoC4/cyfitter_cfg.c **** static void AnalogSetDefault(void)
 226:Generated_Source\PSoC4/cyfitter_cfg.c **** {
 227:Generated_Source\PSoC4/cyfitter_cfg.c **** }
 228:Generated_Source\PSoC4/cyfitter_cfg.c **** 
 229:Generated_Source\PSoC4/cyfitter_cfg.c **** 
 230:Generated_Source\PSoC4/cyfitter_cfg.c **** 
 231:Generated_Source\PSoC4/cyfitter_cfg.c **** 
 232:Generated_Source\PSoC4/cyfitter_cfg.c **** /*******************************************************************************
 233:Generated_Source\PSoC4/cyfitter_cfg.c **** * Function Name: cyfitter_cfg
 234:Generated_Source\PSoC4/cyfitter_cfg.c **** ********************************************************************************
 235:Generated_Source\PSoC4/cyfitter_cfg.c **** * Summary:
 236:Generated_Source\PSoC4/cyfitter_cfg.c **** *  This function is called by the start-up code for the selected device. It
 237:Generated_Source\PSoC4/cyfitter_cfg.c **** *  performs all of the necessary device configuration based on the design
 238:Generated_Source\PSoC4/cyfitter_cfg.c **** *  settings.  This includes settings from the Design Wide Resources (DWR) such
 239:Generated_Source\PSoC4/cyfitter_cfg.c **** *  as Clocks and Pins as well as any component configuration that is necessary.
 240:Generated_Source\PSoC4/cyfitter_cfg.c **** *
 241:Generated_Source\PSoC4/cyfitter_cfg.c **** * Parameters:
 242:Generated_Source\PSoC4/cyfitter_cfg.c **** *   void
 243:Generated_Source\PSoC4/cyfitter_cfg.c **** *
 244:Generated_Source\PSoC4/cyfitter_cfg.c **** * Return:
 245:Generated_Source\PSoC4/cyfitter_cfg.c **** *   void
 246:Generated_Source\PSoC4/cyfitter_cfg.c **** *
 247:Generated_Source\PSoC4/cyfitter_cfg.c **** *******************************************************************************/
 248:Generated_Source\PSoC4/cyfitter_cfg.c **** CY_CFG_SECTION
 249:Generated_Source\PSoC4/cyfitter_cfg.c **** void cyfitter_cfg(void)
 250:Generated_Source\PSoC4/cyfitter_cfg.c **** {
ARM GAS  C:\Users\NGUYEN~1\AppData\Local\Temp\ccVod3qa.s 			page 8


 150              		.loc 1 250 0
 151              		.cfi_startproc
 152              		@ args = 0, pretend = 0, frame = 0
 153              		@ frame_needed = 0, uses_anonymous_args = 0
 154 0090 10B5     		push	{r4, lr}
 155              		.cfi_def_cfa_offset 8
 156              		.cfi_offset 4, -8
 157              		.cfi_offset 14, -4
 251:Generated_Source\PSoC4/cyfitter_cfg.c **** 	/* Disable interrupts by default. Let user enable if/when they want. */
 252:Generated_Source\PSoC4/cyfitter_cfg.c **** 	CyGlobalIntDisable;
 158              		.loc 1 252 0
 159              		.syntax divided
 160              	@ 252 "Generated_Source\PSoC4\cyfitter_cfg.c" 1
 161 0092 72B6     		CPSID   i
 162              	@ 0 "" 2
 163              	.LVL6:
 164              		.thumb
 165              		.syntax unified
 166              	.LBB2:
 253:Generated_Source\PSoC4/cyfitter_cfg.c **** 
 254:Generated_Source\PSoC4/cyfitter_cfg.c **** 	{
 255:Generated_Source\PSoC4/cyfitter_cfg.c **** 
 256:Generated_Source\PSoC4/cyfitter_cfg.c **** 		CYPACKED typedef struct {
 257:Generated_Source\PSoC4/cyfitter_cfg.c **** 			void CYFAR *address;
 258:Generated_Source\PSoC4/cyfitter_cfg.c **** 			uint16 size;
 259:Generated_Source\PSoC4/cyfitter_cfg.c **** 		} CYPACKED_ATTR cfg_memset_t;
 260:Generated_Source\PSoC4/cyfitter_cfg.c **** 
 261:Generated_Source\PSoC4/cyfitter_cfg.c **** 		static const cfg_memset_t CYCODE cfg_memset_list[] = {
 262:Generated_Source\PSoC4/cyfitter_cfg.c **** 			/* address, size */
 263:Generated_Source\PSoC4/cyfitter_cfg.c **** 			{(void CYFAR *)(CYDEV_UDB_P0_U0_BASE), 1024u},
 264:Generated_Source\PSoC4/cyfitter_cfg.c **** 			{(void CYFAR *)(CYDEV_UDB_DSI0_BASE), 1024u},
 265:Generated_Source\PSoC4/cyfitter_cfg.c **** 		};
 266:Generated_Source\PSoC4/cyfitter_cfg.c **** 
 267:Generated_Source\PSoC4/cyfitter_cfg.c **** 		uint8 CYDATA i;
 268:Generated_Source\PSoC4/cyfitter_cfg.c **** 
 269:Generated_Source\PSoC4/cyfitter_cfg.c **** 		/* Zero out critical memory blocks before beginning configuration */
 270:Generated_Source\PSoC4/cyfitter_cfg.c **** 		for (i = 0u; i < (sizeof(cfg_memset_list)/sizeof(cfg_memset_list[0])); i++)
 167              		.loc 1 270 0
 168 0094 0024     		movs	r4, #0
 169 0096 0FE0     		b	.L6
 170              	.LVL7:
 171              	.L7:
 172              	.LBB3:
 271:Generated_Source\PSoC4/cyfitter_cfg.c **** 		{
 272:Generated_Source\PSoC4/cyfitter_cfg.c **** 			const cfg_memset_t CYCODE * CYDATA ms = &cfg_memset_list[i];
 273:Generated_Source\PSoC4/cyfitter_cfg.c **** 			CYMEMZERO(ms->address, (size_t)(uint32)(ms->size));
 173              		.loc 1 273 0 discriminator 3
 174 0098 1C48     		ldr	r0, .L8
 175 009a 6200     		lsls	r2, r4, #1
 176 009c 1319     		adds	r3, r2, r4
 177 009e 5900     		lsls	r1, r3, #1
 178 00a0 0B00     		movs	r3, r1
 179 00a2 4118     		adds	r1, r0, r1
 180 00a4 8988     		ldrh	r1, [r1, #4]
 181 00a6 1A5A     		ldrh	r2, [r3, r0]
 182 00a8 C318     		adds	r3, r0, r3
 183 00aa 5888     		ldrh	r0, [r3, #2]
ARM GAS  C:\Users\NGUYEN~1\AppData\Local\Temp\ccVod3qa.s 			page 9


 184 00ac 0004     		lsls	r0, r0, #16
 185 00ae 1043     		orrs	r0, r2
 186 00b0 FFF7FEFF 		bl	CYMEMZERO
 187              	.LVL8:
 188              	.LBE3:
 270:Generated_Source\PSoC4/cyfitter_cfg.c **** 		{
 189              		.loc 1 270 0 discriminator 3
 190 00b4 0134     		adds	r4, r4, #1
 191              	.LVL9:
 192 00b6 E4B2     		uxtb	r4, r4
 193              	.LVL10:
 194              	.L6:
 270:Generated_Source\PSoC4/cyfitter_cfg.c **** 		{
 195              		.loc 1 270 0 is_stmt 0 discriminator 1
 196 00b8 012C     		cmp	r4, #1
 197 00ba EDD9     		bls	.L7
 274:Generated_Source\PSoC4/cyfitter_cfg.c **** 		}
 275:Generated_Source\PSoC4/cyfitter_cfg.c **** 
 276:Generated_Source\PSoC4/cyfitter_cfg.c **** 		/* HSIOM Starting address: CYDEV_HSIOM_BASE */
 277:Generated_Source\PSoC4/cyfitter_cfg.c **** 		CY_SET_REG32((void *)(CYREG_HSIOM_PORT_SEL3), 0x0000EE00u);
 198              		.loc 1 277 0 is_stmt 1
 199 00bc EE22     		movs	r2, #238
 200 00be 1202     		lsls	r2, r2, #8
 201 00c0 134B     		ldr	r3, .L8+4
 202 00c2 1A60     		str	r2, [r3]
 278:Generated_Source\PSoC4/cyfitter_cfg.c **** 		CY_SET_REG32((void *)(CYREG_HSIOM_PORT_SEL4), 0x000000EEu);
 203              		.loc 1 278 0
 204 00c4 EE22     		movs	r2, #238
 205 00c6 134B     		ldr	r3, .L8+8
 206 00c8 1A60     		str	r2, [r3]
 279:Generated_Source\PSoC4/cyfitter_cfg.c **** 
 280:Generated_Source\PSoC4/cyfitter_cfg.c **** 		/* UDB_PA_0 Starting address: CYDEV_UDB_PA0_BASE */
 281:Generated_Source\PSoC4/cyfitter_cfg.c **** 		CY_SET_REG32((void *)(CYDEV_UDB_PA0_BASE), 0x00990000u);
 207              		.loc 1 281 0
 208 00ca 9923     		movs	r3, #153
 209 00cc 1B04     		lsls	r3, r3, #16
 210 00ce 124A     		ldr	r2, .L8+12
 211 00d0 1360     		str	r3, [r2]
 282:Generated_Source\PSoC4/cyfitter_cfg.c **** 
 283:Generated_Source\PSoC4/cyfitter_cfg.c **** 		/* UDB_PA_1 Starting address: CYDEV_UDB_PA1_BASE */
 284:Generated_Source\PSoC4/cyfitter_cfg.c **** 		CY_SET_REG32((void *)(CYDEV_UDB_PA1_BASE), 0x00990000u);
 212              		.loc 1 284 0
 213 00d2 124A     		ldr	r2, .L8+16
 214 00d4 1360     		str	r3, [r2]
 285:Generated_Source\PSoC4/cyfitter_cfg.c **** 
 286:Generated_Source\PSoC4/cyfitter_cfg.c **** 		/* UDB_PA_3 Starting address: CYDEV_UDB_PA3_BASE */
 287:Generated_Source\PSoC4/cyfitter_cfg.c **** 		CY_SET_REG32((void *)(CYDEV_UDB_PA3_BASE), 0x00990000u);
 215              		.loc 1 287 0
 216 00d6 124A     		ldr	r2, .L8+20
 217 00d8 1360     		str	r3, [r2]
 288:Generated_Source\PSoC4/cyfitter_cfg.c **** 
 289:Generated_Source\PSoC4/cyfitter_cfg.c **** 		/* Enable digital routing */
 290:Generated_Source\PSoC4/cyfitter_cfg.c **** 		CY_SET_XTND_REG8((void *)CYREG_UDB_UDBIF_BANK_CTL, (uint8)(CY_GET_XTND_REG8((void *)CYREG_UDB_UDB
 218              		.loc 1 290 0
 219 00da 124A     		ldr	r2, .L8+24
 220 00dc 1178     		ldrb	r1, [r2]
 221 00de 0623     		movs	r3, #6
ARM GAS  C:\Users\NGUYEN~1\AppData\Local\Temp\ccVod3qa.s 			page 10


 222 00e0 0B43     		orrs	r3, r1
 223 00e2 DBB2     		uxtb	r3, r3
 224 00e4 1370     		strb	r3, [r2]
 225              	.LBE2:
 291:Generated_Source\PSoC4/cyfitter_cfg.c **** 	}
 292:Generated_Source\PSoC4/cyfitter_cfg.c **** 
 293:Generated_Source\PSoC4/cyfitter_cfg.c **** 	/* Perform second pass device configuration. These items must be configured in specific order afte
 294:Generated_Source\PSoC4/cyfitter_cfg.c **** 	/* IOPINS0_0 Starting address: CYDEV_PRT0_BASE */
 295:Generated_Source\PSoC4/cyfitter_cfg.c **** 	CY_SET_REG32((void *)(CYREG_PRT0_PC), 0x00DB6DB6u);
 226              		.loc 1 295 0
 227 00e6 104A     		ldr	r2, .L8+28
 228 00e8 104B     		ldr	r3, .L8+32
 229 00ea 1A60     		str	r2, [r3]
 296:Generated_Source\PSoC4/cyfitter_cfg.c **** 
 297:Generated_Source\PSoC4/cyfitter_cfg.c **** 	/* IOPINS0_1 Starting address: CYDEV_PRT1_BASE */
 298:Generated_Source\PSoC4/cyfitter_cfg.c **** 	CY_SET_REG32((void *)(CYREG_PRT1_PC), 0x00000001u);
 230              		.loc 1 298 0
 231 00ec 0122     		movs	r2, #1
 232 00ee 104B     		ldr	r3, .L8+36
 233 00f0 1A60     		str	r2, [r3]
 299:Generated_Source\PSoC4/cyfitter_cfg.c **** 
 300:Generated_Source\PSoC4/cyfitter_cfg.c **** 	/* IOPINS0_3 Starting address: CYDEV_PRT3_BASE */
 301:Generated_Source\PSoC4/cyfitter_cfg.c **** 	CY_SET_REG32((void *)(CYREG_PRT3_PC), 0x00000D80u);
 234              		.loc 1 301 0
 235 00f2 D822     		movs	r2, #216
 236 00f4 1201     		lsls	r2, r2, #4
 237 00f6 0F4B     		ldr	r3, .L8+40
 238 00f8 1A60     		str	r2, [r3]
 302:Generated_Source\PSoC4/cyfitter_cfg.c **** 
 303:Generated_Source\PSoC4/cyfitter_cfg.c **** 	/* IOPINS0_4 Starting address: CYDEV_PRT4_BASE */
 304:Generated_Source\PSoC4/cyfitter_cfg.c **** 	CY_SET_REG32((void *)(CYDEV_PRT4_BASE), 0x00000003u);
 239              		.loc 1 304 0
 240 00fa 0322     		movs	r2, #3
 241 00fc 0E4B     		ldr	r3, .L8+44
 242 00fe 1A60     		str	r2, [r3]
 305:Generated_Source\PSoC4/cyfitter_cfg.c **** 	CY_SET_REG32((void *)(CYREG_PRT4_PC), 0x00000024u);
 243              		.loc 1 305 0
 244 0100 2132     		adds	r2, r2, #33
 245 0102 0E4B     		ldr	r3, .L8+48
 246 0104 1A60     		str	r2, [r3]
 306:Generated_Source\PSoC4/cyfitter_cfg.c **** 
 307:Generated_Source\PSoC4/cyfitter_cfg.c **** 
 308:Generated_Source\PSoC4/cyfitter_cfg.c **** 	/* Setup clocks based on selections from Clock DWR */
 309:Generated_Source\PSoC4/cyfitter_cfg.c **** 	ClockSetup();
 247              		.loc 1 309 0
 248 0106 FFF77BFF 		bl	ClockSetup
 249              	.LVL11:
 310:Generated_Source\PSoC4/cyfitter_cfg.c **** 
 311:Generated_Source\PSoC4/cyfitter_cfg.c **** 	/* Perform basic analog initialization to defaults */
 312:Generated_Source\PSoC4/cyfitter_cfg.c **** 	AnalogSetDefault();
 313:Generated_Source\PSoC4/cyfitter_cfg.c **** 
 314:Generated_Source\PSoC4/cyfitter_cfg.c **** }
 250              		.loc 1 314 0
 251              		@ sp needed
 252              	.LVL12:
 253 010a 10BD     		pop	{r4, pc}
 254              	.L9:
ARM GAS  C:\Users\NGUYEN~1\AppData\Local\Temp\ccVod3qa.s 			page 11


 255              		.align	2
 256              	.L8:
 257 010c 00000000 		.word	.LANCHOR0
 258 0110 0C000140 		.word	1073807372
 259 0114 10000140 		.word	1073807376
 260 0118 00500F40 		.word	1074745344
 261 011c 10500F40 		.word	1074745360
 262 0120 30500F40 		.word	1074745392
 263 0124 00700F40 		.word	1074753536
 264 0128 B66DDB00 		.word	14380470
 265 012c 08000440 		.word	1074003976
 266 0130 08010440 		.word	1074004232
 267 0134 08030440 		.word	1074004744
 268 0138 00040440 		.word	1074004992
 269 013c 08040440 		.word	1074005000
 270              		.cfi_endproc
 271              	.LFE5:
 272              		.size	cyfitter_cfg, .-cyfitter_cfg
 273              		.section	.rodata
 274              		.align	2
 275              		.set	.LANCHOR0,. + 0
 276              		.type	cfg_memset_list.4847, %object
 277              		.size	cfg_memset_list.4847, 12
 278              	cfg_memset_list.4847:
 279 0000 00300F40 		.word	1074737152
 280 0004 0004     		.short	1024
 281 0006 00400F40 		.4byte	1074741248
 282 000a 0004     		.short	1024
 283              		.text
 284              	.Letext0:
 285              		.file 2 "c:\\program files (x86)\\cypress\\psoc creator\\4.4\\psoc creator\\import\\gnu\\arm\\5.4.
 286              		.file 3 "Generated_Source\\PSoC4\\cytypes.h"
 287              		.file 4 "Generated_Source\\PSoC4\\CyLib.h"
 288              		.section	.debug_info,"",%progbits
 289              	.Ldebug_info0:
 290 0000 79020000 		.4byte	0x279
 291 0004 0400     		.2byte	0x4
 292 0006 00000000 		.4byte	.Ldebug_abbrev0
 293 000a 04       		.byte	0x4
 294 000b 01       		.uleb128 0x1
 295 000c 20010000 		.4byte	.LASF29
 296 0010 0C       		.byte	0xc
 297 0011 17020000 		.4byte	.LASF30
 298 0015 6C000000 		.4byte	.LASF31
 299 0019 00000000 		.4byte	.Ldebug_ranges0+0
 300 001d 00000000 		.4byte	0
 301 0021 00000000 		.4byte	.Ldebug_line0
 302 0025 02       		.uleb128 0x2
 303 0026 04       		.byte	0x4
 304 0027 05       		.byte	0x5
 305 0028 696E7400 		.ascii	"int\000"
 306 002c 03       		.uleb128 0x3
 307 002d 06000000 		.4byte	.LASF12
 308 0031 02       		.byte	0x2
 309 0032 D8       		.byte	0xd8
 310 0033 37000000 		.4byte	0x37
 311 0037 04       		.uleb128 0x4
ARM GAS  C:\Users\NGUYEN~1\AppData\Local\Temp\ccVod3qa.s 			page 12


 312 0038 04       		.byte	0x4
 313 0039 07       		.byte	0x7
 314 003a E7000000 		.4byte	.LASF0
 315 003e 04       		.uleb128 0x4
 316 003f 08       		.byte	0x8
 317 0040 05       		.byte	0x5
 318 0041 C4010000 		.4byte	.LASF1
 319 0045 04       		.uleb128 0x4
 320 0046 08       		.byte	0x8
 321 0047 04       		.byte	0x4
 322 0048 FF010000 		.4byte	.LASF2
 323 004c 04       		.uleb128 0x4
 324 004d 01       		.byte	0x1
 325 004e 06       		.byte	0x6
 326 004f 0B020000 		.4byte	.LASF3
 327 0053 04       		.uleb128 0x4
 328 0054 01       		.byte	0x1
 329 0055 08       		.byte	0x8
 330 0056 B1000000 		.4byte	.LASF4
 331 005a 04       		.uleb128 0x4
 332 005b 02       		.byte	0x2
 333 005c 05       		.byte	0x5
 334 005d D7010000 		.4byte	.LASF5
 335 0061 04       		.uleb128 0x4
 336 0062 02       		.byte	0x2
 337 0063 07       		.byte	0x7
 338 0064 37000000 		.4byte	.LASF6
 339 0068 04       		.uleb128 0x4
 340 0069 04       		.byte	0x4
 341 006a 05       		.byte	0x5
 342 006b F6010000 		.4byte	.LASF7
 343 006f 04       		.uleb128 0x4
 344 0070 04       		.byte	0x4
 345 0071 07       		.byte	0x7
 346 0072 5A000000 		.4byte	.LASF8
 347 0076 04       		.uleb128 0x4
 348 0077 08       		.byte	0x8
 349 0078 07       		.byte	0x7
 350 0079 09010000 		.4byte	.LASF9
 351 007d 04       		.uleb128 0x4
 352 007e 04       		.byte	0x4
 353 007f 07       		.byte	0x7
 354 0080 BB010000 		.4byte	.LASF10
 355 0084 05       		.uleb128 0x5
 356 0085 04       		.byte	0x4
 357 0086 04       		.uleb128 0x4
 358 0087 01       		.byte	0x1
 359 0088 08       		.byte	0x8
 360 0089 D2010000 		.4byte	.LASF11
 361 008d 06       		.uleb128 0x6
 362 008e A1000000 		.4byte	.LASF13
 363 0092 03       		.byte	0x3
 364 0093 FB01     		.2byte	0x1fb
 365 0095 53000000 		.4byte	0x53
 366 0099 06       		.uleb128 0x6
 367 009a D9000000 		.4byte	.LASF14
 368 009e 03       		.byte	0x3
ARM GAS  C:\Users\NGUYEN~1\AppData\Local\Temp\ccVod3qa.s 			page 13


 369 009f FC01     		.2byte	0x1fc
 370 00a1 61000000 		.4byte	0x61
 371 00a5 06       		.uleb128 0x6
 372 00a6 E0000000 		.4byte	.LASF15
 373 00aa 03       		.byte	0x3
 374 00ab FD01     		.2byte	0x1fd
 375 00ad 6F000000 		.4byte	0x6f
 376 00b1 04       		.uleb128 0x4
 377 00b2 04       		.byte	0x4
 378 00b3 04       		.byte	0x4
 379 00b4 4A000000 		.4byte	.LASF16
 380 00b8 04       		.uleb128 0x4
 381 00b9 08       		.byte	0x8
 382 00ba 04       		.byte	0x4
 383 00bb C6000000 		.4byte	.LASF17
 384 00bf 06       		.uleb128 0x6
 385 00c0 55000000 		.4byte	.LASF18
 386 00c4 03       		.byte	0x3
 387 00c5 A502     		.2byte	0x2a5
 388 00c7 CB000000 		.4byte	0xcb
 389 00cb 07       		.uleb128 0x7
 390 00cc 8D000000 		.4byte	0x8d
 391 00d0 06       		.uleb128 0x6
 392 00d1 00000000 		.4byte	.LASF19
 393 00d5 03       		.byte	0x3
 394 00d6 A702     		.2byte	0x2a7
 395 00d8 DC000000 		.4byte	0xdc
 396 00dc 07       		.uleb128 0x7
 397 00dd A5000000 		.4byte	0xa5
 398 00e1 08       		.uleb128 0x8
 399 00e2 A7000000 		.4byte	.LASF20
 400 00e6 01       		.byte	0x1
 401 00e7 4C       		.byte	0x4c
 402 00e8 00000000 		.4byte	.LFB0
 403 00ec 0C000000 		.4byte	.LFE0-.LFB0
 404 00f0 01       		.uleb128 0x1
 405 00f1 9C       		.byte	0x9c
 406 00f2 2E010000 		.4byte	0x12e
 407 00f6 09       		.uleb128 0x9
 408 00f7 7300     		.ascii	"s\000"
 409 00f9 01       		.byte	0x1
 410 00fa 4C       		.byte	0x4c
 411 00fb 84000000 		.4byte	0x84
 412 00ff 00000000 		.4byte	.LLST0
 413 0103 09       		.uleb128 0x9
 414 0104 6E00     		.ascii	"n\000"
 415 0106 01       		.byte	0x1
 416 0107 4C       		.byte	0x4c
 417 0108 2C000000 		.4byte	0x2c
 418 010c 21000000 		.4byte	.LLST1
 419 0110 0A       		.uleb128 0xa
 420 0111 0A000000 		.4byte	.LVL2
 421 0115 52020000 		.4byte	0x252
 422 0119 0B       		.uleb128 0xb
 423 011a 01       		.uleb128 0x1
 424 011b 50       		.byte	0x50
 425 011c 03       		.uleb128 0x3
ARM GAS  C:\Users\NGUYEN~1\AppData\Local\Temp\ccVod3qa.s 			page 14


 426 011d F3       		.byte	0xf3
 427 011e 01       		.uleb128 0x1
 428 011f 50       		.byte	0x50
 429 0120 0B       		.uleb128 0xb
 430 0121 01       		.uleb128 0x1
 431 0122 51       		.byte	0x51
 432 0123 01       		.uleb128 0x1
 433 0124 30       		.byte	0x30
 434 0125 0B       		.uleb128 0xb
 435 0126 01       		.uleb128 0x1
 436 0127 52       		.byte	0x52
 437 0128 03       		.uleb128 0x3
 438 0129 F3       		.byte	0xf3
 439 012a 01       		.uleb128 0x1
 440 012b 51       		.byte	0x51
 441 012c 00       		.byte	0
 442 012d 00       		.byte	0
 443 012e 08       		.uleb128 0x8
 444 012f 2C000000 		.4byte	.LASF21
 445 0133 01       		.byte	0x1
 446 0134 AA       		.byte	0xaa
 447 0135 00000000 		.4byte	.LFB3
 448 0139 90000000 		.4byte	.LFE3-.LFB3
 449 013d 01       		.uleb128 0x1
 450 013e 9C       		.byte	0x9c
 451 013f 79010000 		.4byte	0x179
 452 0143 0C       		.uleb128 0xc
 453 0144 14000000 		.4byte	.LVL3
 454 0148 5B020000 		.4byte	0x25b
 455 014c 56010000 		.4byte	0x156
 456 0150 0B       		.uleb128 0xb
 457 0151 01       		.uleb128 0x1
 458 0152 50       		.byte	0x50
 459 0153 01       		.uleb128 0x1
 460 0154 48       		.byte	0x48
 461 0155 00       		.byte	0
 462 0156 0C       		.uleb128 0xc
 463 0157 4E000000 		.4byte	.LVL4
 464 015b 66020000 		.4byte	0x266
 465 015f 69010000 		.4byte	0x169
 466 0163 0B       		.uleb128 0xb
 467 0164 01       		.uleb128 0x1
 468 0165 50       		.byte	0x50
 469 0166 01       		.uleb128 0x1
 470 0167 39       		.byte	0x39
 471 0168 00       		.byte	0
 472 0169 0A       		.uleb128 0xa
 473 016a 54000000 		.4byte	.LVL5
 474 016e 71020000 		.4byte	0x271
 475 0172 0B       		.uleb128 0xb
 476 0173 01       		.uleb128 0x1
 477 0174 50       		.byte	0x50
 478 0175 01       		.uleb128 0x1
 479 0176 39       		.byte	0x39
 480 0177 00       		.byte	0
 481 0178 00       		.byte	0
 482 0179 0D       		.uleb128 0xd
ARM GAS  C:\Users\NGUYEN~1\AppData\Local\Temp\ccVod3qa.s 			page 15


 483 017a F4000000 		.4byte	.LASF32
 484 017e 01       		.byte	0x1
 485 017f F9       		.byte	0xf9
 486 0180 90000000 		.4byte	.LFB5
 487 0184 B0000000 		.4byte	.LFE5-.LFB5
 488 0188 01       		.uleb128 0x1
 489 0189 9C       		.byte	0x9c
 490 018a 52020000 		.4byte	0x252
 491 018e 0E       		.uleb128 0xe
 492 018f 94000000 		.4byte	.LBB2
 493 0193 52000000 		.4byte	.LBE2-.LBB2
 494 0197 48020000 		.4byte	0x248
 495 019b 0F       		.uleb128 0xf
 496 019c 06       		.byte	0x6
 497 019d 01       		.byte	0x1
 498 019e 0001     		.2byte	0x100
 499 01a0 BF010000 		.4byte	0x1bf
 500 01a4 10       		.uleb128 0x10
 501 01a5 01010000 		.4byte	.LASF22
 502 01a9 01       		.byte	0x1
 503 01aa 0101     		.2byte	0x101
 504 01ac 84000000 		.4byte	0x84
 505 01b0 00       		.byte	0
 506 01b1 10       		.uleb128 0x10
 507 01b2 50000000 		.4byte	.LASF23
 508 01b6 01       		.byte	0x1
 509 01b7 0201     		.2byte	0x102
 510 01b9 99000000 		.4byte	0x99
 511 01bd 04       		.byte	0x4
 512 01be 00       		.byte	0
 513 01bf 06       		.uleb128 0x6
 514 01c0 AE010000 		.4byte	.LASF24
 515 01c4 01       		.byte	0x1
 516 01c5 0301     		.2byte	0x103
 517 01c7 9B010000 		.4byte	0x19b
 518 01cb 11       		.uleb128 0x11
 519 01cc DB010000 		.4byte	0x1db
 520 01d0 DB010000 		.4byte	0x1db
 521 01d4 12       		.uleb128 0x12
 522 01d5 7D000000 		.4byte	0x7d
 523 01d9 01       		.byte	0x1
 524 01da 00       		.byte	0
 525 01db 13       		.uleb128 0x13
 526 01dc BF010000 		.4byte	0x1bf
 527 01e0 14       		.uleb128 0x14
 528 01e1 1C000000 		.4byte	.LASF25
 529 01e5 01       		.byte	0x1
 530 01e6 0501     		.2byte	0x105
 531 01e8 F2010000 		.4byte	0x1f2
 532 01ec 05       		.uleb128 0x5
 533 01ed 03       		.byte	0x3
 534 01ee 00000000 		.4byte	cfg_memset_list.4847
 535 01f2 13       		.uleb128 0x13
 536 01f3 CB010000 		.4byte	0x1cb
 537 01f7 15       		.uleb128 0x15
 538 01f8 6900     		.ascii	"i\000"
 539 01fa 01       		.byte	0x1
ARM GAS  C:\Users\NGUYEN~1\AppData\Local\Temp\ccVod3qa.s 			page 16


 540 01fb 0B01     		.2byte	0x10b
 541 01fd 8D000000 		.4byte	0x8d
 542 0201 4D000000 		.4byte	.LLST2
 543 0205 16       		.uleb128 0x16
 544 0206 98000000 		.4byte	.LBB3
 545 020a 1C000000 		.4byte	.LBE3-.LBB3
 546 020e 15       		.uleb128 0x15
 547 020f 6D7300   		.ascii	"ms\000"
 548 0212 01       		.byte	0x1
 549 0213 1001     		.2byte	0x110
 550 0215 1D020000 		.4byte	0x21d
 551 0219 77000000 		.4byte	.LLST3
 552 021d 17       		.uleb128 0x17
 553 021e 04       		.byte	0x4
 554 021f DB010000 		.4byte	0x1db
 555 0223 0A       		.uleb128 0xa
 556 0224 B4000000 		.4byte	.LVL8
 557 0228 E1000000 		.4byte	0xe1
 558 022c 0B       		.uleb128 0xb
 559 022d 01       		.uleb128 0x1
 560 022e 51       		.byte	0x51
 561 022f 15       		.uleb128 0x15
 562 0230 74       		.byte	0x74
 563 0231 00       		.sleb128 0
 564 0232 31       		.byte	0x31
 565 0233 24       		.byte	0x24
 566 0234 74       		.byte	0x74
 567 0235 00       		.sleb128 0
 568 0236 22       		.byte	0x22
 569 0237 31       		.byte	0x31
 570 0238 24       		.byte	0x24
 571 0239 03       		.byte	0x3
 572 023a 04000000 		.4byte	.LANCHOR0+4
 573 023e 22       		.byte	0x22
 574 023f 94       		.byte	0x94
 575 0240 02       		.byte	0x2
 576 0241 0A       		.byte	0xa
 577 0242 FFFF     		.2byte	0xffff
 578 0244 1A       		.byte	0x1a
 579 0245 00       		.byte	0
 580 0246 00       		.byte	0
 581 0247 00       		.byte	0
 582 0248 18       		.uleb128 0x18
 583 0249 0A010000 		.4byte	.LVL11
 584 024d 2E010000 		.4byte	0x12e
 585 0251 00       		.byte	0
 586 0252 19       		.uleb128 0x19
 587 0253 BF000000 		.4byte	.LASF33
 588 0257 BF000000 		.4byte	.LASF33
 589 025b 1A       		.uleb128 0x1a
 590 025c E1010000 		.4byte	.LASF26
 591 0260 E1010000 		.4byte	.LASF26
 592 0264 04       		.byte	0x4
 593 0265 6C       		.byte	0x6c
 594 0266 1A       		.uleb128 0x1a
 595 0267 0D000000 		.4byte	.LASF27
 596 026b 0D000000 		.4byte	.LASF27
ARM GAS  C:\Users\NGUYEN~1\AppData\Local\Temp\ccVod3qa.s 			page 17


 597 026f 04       		.byte	0x4
 598 0270 D0       		.byte	0xd0
 599 0271 1A       		.uleb128 0x1a
 600 0272 CD000000 		.4byte	.LASF28
 601 0276 CD000000 		.4byte	.LASF28
 602 027a 04       		.byte	0x4
 603 027b D6       		.byte	0xd6
 604 027c 00       		.byte	0
 605              		.section	.debug_abbrev,"",%progbits
 606              	.Ldebug_abbrev0:
 607 0000 01       		.uleb128 0x1
 608 0001 11       		.uleb128 0x11
 609 0002 01       		.byte	0x1
 610 0003 25       		.uleb128 0x25
 611 0004 0E       		.uleb128 0xe
 612 0005 13       		.uleb128 0x13
 613 0006 0B       		.uleb128 0xb
 614 0007 03       		.uleb128 0x3
 615 0008 0E       		.uleb128 0xe
 616 0009 1B       		.uleb128 0x1b
 617 000a 0E       		.uleb128 0xe
 618 000b 55       		.uleb128 0x55
 619 000c 17       		.uleb128 0x17
 620 000d 11       		.uleb128 0x11
 621 000e 01       		.uleb128 0x1
 622 000f 10       		.uleb128 0x10
 623 0010 17       		.uleb128 0x17
 624 0011 00       		.byte	0
 625 0012 00       		.byte	0
 626 0013 02       		.uleb128 0x2
 627 0014 24       		.uleb128 0x24
 628 0015 00       		.byte	0
 629 0016 0B       		.uleb128 0xb
 630 0017 0B       		.uleb128 0xb
 631 0018 3E       		.uleb128 0x3e
 632 0019 0B       		.uleb128 0xb
 633 001a 03       		.uleb128 0x3
 634 001b 08       		.uleb128 0x8
 635 001c 00       		.byte	0
 636 001d 00       		.byte	0
 637 001e 03       		.uleb128 0x3
 638 001f 16       		.uleb128 0x16
 639 0020 00       		.byte	0
 640 0021 03       		.uleb128 0x3
 641 0022 0E       		.uleb128 0xe
 642 0023 3A       		.uleb128 0x3a
 643 0024 0B       		.uleb128 0xb
 644 0025 3B       		.uleb128 0x3b
 645 0026 0B       		.uleb128 0xb
 646 0027 49       		.uleb128 0x49
 647 0028 13       		.uleb128 0x13
 648 0029 00       		.byte	0
 649 002a 00       		.byte	0
 650 002b 04       		.uleb128 0x4
 651 002c 24       		.uleb128 0x24
 652 002d 00       		.byte	0
 653 002e 0B       		.uleb128 0xb
ARM GAS  C:\Users\NGUYEN~1\AppData\Local\Temp\ccVod3qa.s 			page 18


 654 002f 0B       		.uleb128 0xb
 655 0030 3E       		.uleb128 0x3e
 656 0031 0B       		.uleb128 0xb
 657 0032 03       		.uleb128 0x3
 658 0033 0E       		.uleb128 0xe
 659 0034 00       		.byte	0
 660 0035 00       		.byte	0
 661 0036 05       		.uleb128 0x5
 662 0037 0F       		.uleb128 0xf
 663 0038 00       		.byte	0
 664 0039 0B       		.uleb128 0xb
 665 003a 0B       		.uleb128 0xb
 666 003b 00       		.byte	0
 667 003c 00       		.byte	0
 668 003d 06       		.uleb128 0x6
 669 003e 16       		.uleb128 0x16
 670 003f 00       		.byte	0
 671 0040 03       		.uleb128 0x3
 672 0041 0E       		.uleb128 0xe
 673 0042 3A       		.uleb128 0x3a
 674 0043 0B       		.uleb128 0xb
 675 0044 3B       		.uleb128 0x3b
 676 0045 05       		.uleb128 0x5
 677 0046 49       		.uleb128 0x49
 678 0047 13       		.uleb128 0x13
 679 0048 00       		.byte	0
 680 0049 00       		.byte	0
 681 004a 07       		.uleb128 0x7
 682 004b 35       		.uleb128 0x35
 683 004c 00       		.byte	0
 684 004d 49       		.uleb128 0x49
 685 004e 13       		.uleb128 0x13
 686 004f 00       		.byte	0
 687 0050 00       		.byte	0
 688 0051 08       		.uleb128 0x8
 689 0052 2E       		.uleb128 0x2e
 690 0053 01       		.byte	0x1
 691 0054 03       		.uleb128 0x3
 692 0055 0E       		.uleb128 0xe
 693 0056 3A       		.uleb128 0x3a
 694 0057 0B       		.uleb128 0xb
 695 0058 3B       		.uleb128 0x3b
 696 0059 0B       		.uleb128 0xb
 697 005a 27       		.uleb128 0x27
 698 005b 19       		.uleb128 0x19
 699 005c 11       		.uleb128 0x11
 700 005d 01       		.uleb128 0x1
 701 005e 12       		.uleb128 0x12
 702 005f 06       		.uleb128 0x6
 703 0060 40       		.uleb128 0x40
 704 0061 18       		.uleb128 0x18
 705 0062 9742     		.uleb128 0x2117
 706 0064 19       		.uleb128 0x19
 707 0065 01       		.uleb128 0x1
 708 0066 13       		.uleb128 0x13
 709 0067 00       		.byte	0
 710 0068 00       		.byte	0
ARM GAS  C:\Users\NGUYEN~1\AppData\Local\Temp\ccVod3qa.s 			page 19


 711 0069 09       		.uleb128 0x9
 712 006a 05       		.uleb128 0x5
 713 006b 00       		.byte	0
 714 006c 03       		.uleb128 0x3
 715 006d 08       		.uleb128 0x8
 716 006e 3A       		.uleb128 0x3a
 717 006f 0B       		.uleb128 0xb
 718 0070 3B       		.uleb128 0x3b
 719 0071 0B       		.uleb128 0xb
 720 0072 49       		.uleb128 0x49
 721 0073 13       		.uleb128 0x13
 722 0074 02       		.uleb128 0x2
 723 0075 17       		.uleb128 0x17
 724 0076 00       		.byte	0
 725 0077 00       		.byte	0
 726 0078 0A       		.uleb128 0xa
 727 0079 898201   		.uleb128 0x4109
 728 007c 01       		.byte	0x1
 729 007d 11       		.uleb128 0x11
 730 007e 01       		.uleb128 0x1
 731 007f 31       		.uleb128 0x31
 732 0080 13       		.uleb128 0x13
 733 0081 00       		.byte	0
 734 0082 00       		.byte	0
 735 0083 0B       		.uleb128 0xb
 736 0084 8A8201   		.uleb128 0x410a
 737 0087 00       		.byte	0
 738 0088 02       		.uleb128 0x2
 739 0089 18       		.uleb128 0x18
 740 008a 9142     		.uleb128 0x2111
 741 008c 18       		.uleb128 0x18
 742 008d 00       		.byte	0
 743 008e 00       		.byte	0
 744 008f 0C       		.uleb128 0xc
 745 0090 898201   		.uleb128 0x4109
 746 0093 01       		.byte	0x1
 747 0094 11       		.uleb128 0x11
 748 0095 01       		.uleb128 0x1
 749 0096 31       		.uleb128 0x31
 750 0097 13       		.uleb128 0x13
 751 0098 01       		.uleb128 0x1
 752 0099 13       		.uleb128 0x13
 753 009a 00       		.byte	0
 754 009b 00       		.byte	0
 755 009c 0D       		.uleb128 0xd
 756 009d 2E       		.uleb128 0x2e
 757 009e 01       		.byte	0x1
 758 009f 3F       		.uleb128 0x3f
 759 00a0 19       		.uleb128 0x19
 760 00a1 03       		.uleb128 0x3
 761 00a2 0E       		.uleb128 0xe
 762 00a3 3A       		.uleb128 0x3a
 763 00a4 0B       		.uleb128 0xb
 764 00a5 3B       		.uleb128 0x3b
 765 00a6 0B       		.uleb128 0xb
 766 00a7 27       		.uleb128 0x27
 767 00a8 19       		.uleb128 0x19
ARM GAS  C:\Users\NGUYEN~1\AppData\Local\Temp\ccVod3qa.s 			page 20


 768 00a9 11       		.uleb128 0x11
 769 00aa 01       		.uleb128 0x1
 770 00ab 12       		.uleb128 0x12
 771 00ac 06       		.uleb128 0x6
 772 00ad 40       		.uleb128 0x40
 773 00ae 18       		.uleb128 0x18
 774 00af 9742     		.uleb128 0x2117
 775 00b1 19       		.uleb128 0x19
 776 00b2 01       		.uleb128 0x1
 777 00b3 13       		.uleb128 0x13
 778 00b4 00       		.byte	0
 779 00b5 00       		.byte	0
 780 00b6 0E       		.uleb128 0xe
 781 00b7 0B       		.uleb128 0xb
 782 00b8 01       		.byte	0x1
 783 00b9 11       		.uleb128 0x11
 784 00ba 01       		.uleb128 0x1
 785 00bb 12       		.uleb128 0x12
 786 00bc 06       		.uleb128 0x6
 787 00bd 01       		.uleb128 0x1
 788 00be 13       		.uleb128 0x13
 789 00bf 00       		.byte	0
 790 00c0 00       		.byte	0
 791 00c1 0F       		.uleb128 0xf
 792 00c2 13       		.uleb128 0x13
 793 00c3 01       		.byte	0x1
 794 00c4 0B       		.uleb128 0xb
 795 00c5 0B       		.uleb128 0xb
 796 00c6 3A       		.uleb128 0x3a
 797 00c7 0B       		.uleb128 0xb
 798 00c8 3B       		.uleb128 0x3b
 799 00c9 05       		.uleb128 0x5
 800 00ca 01       		.uleb128 0x1
 801 00cb 13       		.uleb128 0x13
 802 00cc 00       		.byte	0
 803 00cd 00       		.byte	0
 804 00ce 10       		.uleb128 0x10
 805 00cf 0D       		.uleb128 0xd
 806 00d0 00       		.byte	0
 807 00d1 03       		.uleb128 0x3
 808 00d2 0E       		.uleb128 0xe
 809 00d3 3A       		.uleb128 0x3a
 810 00d4 0B       		.uleb128 0xb
 811 00d5 3B       		.uleb128 0x3b
 812 00d6 05       		.uleb128 0x5
 813 00d7 49       		.uleb128 0x49
 814 00d8 13       		.uleb128 0x13
 815 00d9 38       		.uleb128 0x38
 816 00da 0B       		.uleb128 0xb
 817 00db 00       		.byte	0
 818 00dc 00       		.byte	0
 819 00dd 11       		.uleb128 0x11
 820 00de 01       		.uleb128 0x1
 821 00df 01       		.byte	0x1
 822 00e0 49       		.uleb128 0x49
 823 00e1 13       		.uleb128 0x13
 824 00e2 01       		.uleb128 0x1
ARM GAS  C:\Users\NGUYEN~1\AppData\Local\Temp\ccVod3qa.s 			page 21


 825 00e3 13       		.uleb128 0x13
 826 00e4 00       		.byte	0
 827 00e5 00       		.byte	0
 828 00e6 12       		.uleb128 0x12
 829 00e7 21       		.uleb128 0x21
 830 00e8 00       		.byte	0
 831 00e9 49       		.uleb128 0x49
 832 00ea 13       		.uleb128 0x13
 833 00eb 2F       		.uleb128 0x2f
 834 00ec 0B       		.uleb128 0xb
 835 00ed 00       		.byte	0
 836 00ee 00       		.byte	0
 837 00ef 13       		.uleb128 0x13
 838 00f0 26       		.uleb128 0x26
 839 00f1 00       		.byte	0
 840 00f2 49       		.uleb128 0x49
 841 00f3 13       		.uleb128 0x13
 842 00f4 00       		.byte	0
 843 00f5 00       		.byte	0
 844 00f6 14       		.uleb128 0x14
 845 00f7 34       		.uleb128 0x34
 846 00f8 00       		.byte	0
 847 00f9 03       		.uleb128 0x3
 848 00fa 0E       		.uleb128 0xe
 849 00fb 3A       		.uleb128 0x3a
 850 00fc 0B       		.uleb128 0xb
 851 00fd 3B       		.uleb128 0x3b
 852 00fe 05       		.uleb128 0x5
 853 00ff 49       		.uleb128 0x49
 854 0100 13       		.uleb128 0x13
 855 0101 02       		.uleb128 0x2
 856 0102 18       		.uleb128 0x18
 857 0103 00       		.byte	0
 858 0104 00       		.byte	0
 859 0105 15       		.uleb128 0x15
 860 0106 34       		.uleb128 0x34
 861 0107 00       		.byte	0
 862 0108 03       		.uleb128 0x3
 863 0109 08       		.uleb128 0x8
 864 010a 3A       		.uleb128 0x3a
 865 010b 0B       		.uleb128 0xb
 866 010c 3B       		.uleb128 0x3b
 867 010d 05       		.uleb128 0x5
 868 010e 49       		.uleb128 0x49
 869 010f 13       		.uleb128 0x13
 870 0110 02       		.uleb128 0x2
 871 0111 17       		.uleb128 0x17
 872 0112 00       		.byte	0
 873 0113 00       		.byte	0
 874 0114 16       		.uleb128 0x16
 875 0115 0B       		.uleb128 0xb
 876 0116 01       		.byte	0x1
 877 0117 11       		.uleb128 0x11
 878 0118 01       		.uleb128 0x1
 879 0119 12       		.uleb128 0x12
 880 011a 06       		.uleb128 0x6
 881 011b 00       		.byte	0
ARM GAS  C:\Users\NGUYEN~1\AppData\Local\Temp\ccVod3qa.s 			page 22


 882 011c 00       		.byte	0
 883 011d 17       		.uleb128 0x17
 884 011e 0F       		.uleb128 0xf
 885 011f 00       		.byte	0
 886 0120 0B       		.uleb128 0xb
 887 0121 0B       		.uleb128 0xb
 888 0122 49       		.uleb128 0x49
 889 0123 13       		.uleb128 0x13
 890 0124 00       		.byte	0
 891 0125 00       		.byte	0
 892 0126 18       		.uleb128 0x18
 893 0127 898201   		.uleb128 0x4109
 894 012a 00       		.byte	0
 895 012b 11       		.uleb128 0x11
 896 012c 01       		.uleb128 0x1
 897 012d 31       		.uleb128 0x31
 898 012e 13       		.uleb128 0x13
 899 012f 00       		.byte	0
 900 0130 00       		.byte	0
 901 0131 19       		.uleb128 0x19
 902 0132 2E       		.uleb128 0x2e
 903 0133 00       		.byte	0
 904 0134 3F       		.uleb128 0x3f
 905 0135 19       		.uleb128 0x19
 906 0136 3C       		.uleb128 0x3c
 907 0137 19       		.uleb128 0x19
 908 0138 6E       		.uleb128 0x6e
 909 0139 0E       		.uleb128 0xe
 910 013a 03       		.uleb128 0x3
 911 013b 0E       		.uleb128 0xe
 912 013c 00       		.byte	0
 913 013d 00       		.byte	0
 914 013e 1A       		.uleb128 0x1a
 915 013f 2E       		.uleb128 0x2e
 916 0140 00       		.byte	0
 917 0141 3F       		.uleb128 0x3f
 918 0142 19       		.uleb128 0x19
 919 0143 3C       		.uleb128 0x3c
 920 0144 19       		.uleb128 0x19
 921 0145 6E       		.uleb128 0x6e
 922 0146 0E       		.uleb128 0xe
 923 0147 03       		.uleb128 0x3
 924 0148 0E       		.uleb128 0xe
 925 0149 3A       		.uleb128 0x3a
 926 014a 0B       		.uleb128 0xb
 927 014b 3B       		.uleb128 0x3b
 928 014c 0B       		.uleb128 0xb
 929 014d 00       		.byte	0
 930 014e 00       		.byte	0
 931 014f 00       		.byte	0
 932              		.section	.debug_loc,"",%progbits
 933              	.Ldebug_loc0:
 934              	.LLST0:
 935 0000 00000000 		.4byte	.LVL0
 936 0004 09000000 		.4byte	.LVL2-1
 937 0008 0100     		.2byte	0x1
 938 000a 50       		.byte	0x50
ARM GAS  C:\Users\NGUYEN~1\AppData\Local\Temp\ccVod3qa.s 			page 23


 939 000b 09000000 		.4byte	.LVL2-1
 940 000f 0C000000 		.4byte	.LFE0
 941 0013 0400     		.2byte	0x4
 942 0015 F3       		.byte	0xf3
 943 0016 01       		.uleb128 0x1
 944 0017 50       		.byte	0x50
 945 0018 9F       		.byte	0x9f
 946 0019 00000000 		.4byte	0
 947 001d 00000000 		.4byte	0
 948              	.LLST1:
 949 0021 00000000 		.4byte	.LVL0
 950 0025 06000000 		.4byte	.LVL1
 951 0029 0100     		.2byte	0x1
 952 002b 51       		.byte	0x51
 953 002c 06000000 		.4byte	.LVL1
 954 0030 09000000 		.4byte	.LVL2-1
 955 0034 0100     		.2byte	0x1
 956 0036 52       		.byte	0x52
 957 0037 09000000 		.4byte	.LVL2-1
 958 003b 0C000000 		.4byte	.LFE0
 959 003f 0400     		.2byte	0x4
 960 0041 F3       		.byte	0xf3
 961 0042 01       		.uleb128 0x1
 962 0043 51       		.byte	0x51
 963 0044 9F       		.byte	0x9f
 964 0045 00000000 		.4byte	0
 965 0049 00000000 		.4byte	0
 966              	.LLST2:
 967 004d 94000000 		.4byte	.LVL6
 968 0051 98000000 		.4byte	.LVL7
 969 0055 0200     		.2byte	0x2
 970 0057 30       		.byte	0x30
 971 0058 9F       		.byte	0x9f
 972 0059 98000000 		.4byte	.LVL7
 973 005d B6000000 		.4byte	.LVL9
 974 0061 0100     		.2byte	0x1
 975 0063 54       		.byte	0x54
 976 0064 B8000000 		.4byte	.LVL10
 977 0068 0A010000 		.4byte	.LVL12
 978 006c 0100     		.2byte	0x1
 979 006e 54       		.byte	0x54
 980 006f 00000000 		.4byte	0
 981 0073 00000000 		.4byte	0
 982              	.LLST3:
 983 0077 98000000 		.4byte	.LVL7
 984 007b B6000000 		.4byte	.LVL9
 985 007f 0B00     		.2byte	0xb
 986 0081 74       		.byte	0x74
 987 0082 00       		.sleb128 0
 988 0083 36       		.byte	0x36
 989 0084 1E       		.byte	0x1e
 990 0085 03       		.byte	0x3
 991 0086 00000000 		.4byte	cfg_memset_list.4847
 992 008a 22       		.byte	0x22
 993 008b 9F       		.byte	0x9f
 994 008c B6000000 		.4byte	.LVL9
 995 0090 B8000000 		.4byte	.LVL10
ARM GAS  C:\Users\NGUYEN~1\AppData\Local\Temp\ccVod3qa.s 			page 24


 996 0094 0B00     		.2byte	0xb
 997 0096 74       		.byte	0x74
 998 0097 7F       		.sleb128 -1
 999 0098 36       		.byte	0x36
 1000 0099 1E       		.byte	0x1e
 1001 009a 03       		.byte	0x3
 1002 009b 00000000 		.4byte	cfg_memset_list.4847
 1003 009f 22       		.byte	0x22
 1004 00a0 9F       		.byte	0x9f
 1005 00a1 00000000 		.4byte	0
 1006 00a5 00000000 		.4byte	0
 1007              		.section	.debug_aranges,"",%progbits
 1008 0000 2C000000 		.4byte	0x2c
 1009 0004 0200     		.2byte	0x2
 1010 0006 00000000 		.4byte	.Ldebug_info0
 1011 000a 04       		.byte	0x4
 1012 000b 00       		.byte	0
 1013 000c 0000     		.2byte	0
 1014 000e 0000     		.2byte	0
 1015 0010 00000000 		.4byte	.LFB0
 1016 0014 0C000000 		.4byte	.LFE0-.LFB0
 1017 0018 00000000 		.4byte	.LFB3
 1018 001c 90000000 		.4byte	.LFE3-.LFB3
 1019 0020 90000000 		.4byte	.LFB5
 1020 0024 B0000000 		.4byte	.LFE5-.LFB5
 1021 0028 00000000 		.4byte	0
 1022 002c 00000000 		.4byte	0
 1023              		.section	.debug_ranges,"",%progbits
 1024              	.Ldebug_ranges0:
 1025 0000 00000000 		.4byte	.LFB0
 1026 0004 0C000000 		.4byte	.LFE0
 1027 0008 00000000 		.4byte	.LFB3
 1028 000c 90000000 		.4byte	.LFE3
 1029 0010 90000000 		.4byte	.LFB5
 1030 0014 40010000 		.4byte	.LFE5
 1031 0018 00000000 		.4byte	0
 1032 001c 00000000 		.4byte	0
 1033              		.section	.debug_line,"",%progbits
 1034              	.Ldebug_line0:
 1035 0000 32010000 		.section	.debug_str,"MS",%progbits,1
 1035      0200D600 
 1035      00000201 
 1035      FB0E0D00 
 1035      01010101 
 1036              	.LASF19:
 1037 0000 72656733 		.ascii	"reg32\000"
 1037      3200
 1038              	.LASF12:
 1039 0006 73697A65 		.ascii	"size_t\000"
 1039      5F7400
 1040              	.LASF27:
 1041 000d 4379496E 		.ascii	"CyIntSetVector\000"
 1041      74536574 
 1041      56656374 
 1041      6F7200
 1042              	.LASF25:
 1043 001c 6366675F 		.ascii	"cfg_memset_list\000"
ARM GAS  C:\Users\NGUYEN~1\AppData\Local\Temp\ccVod3qa.s 			page 25


 1043      6D656D73 
 1043      65745F6C 
 1043      69737400 
 1044              	.LASF21:
 1045 002c 436C6F63 		.ascii	"ClockSetup\000"
 1045      6B536574 
 1045      757000
 1046              	.LASF6:
 1047 0037 73686F72 		.ascii	"short unsigned int\000"
 1047      7420756E 
 1047      7369676E 
 1047      65642069 
 1047      6E7400
 1048              	.LASF16:
 1049 004a 666C6F61 		.ascii	"float\000"
 1049      7400
 1050              	.LASF23:
 1051 0050 73697A65 		.ascii	"size\000"
 1051      00
 1052              	.LASF18:
 1053 0055 72656738 		.ascii	"reg8\000"
 1053      00
 1054              	.LASF8:
 1055 005a 6C6F6E67 		.ascii	"long unsigned int\000"
 1055      20756E73 
 1055      69676E65 
 1055      6420696E 
 1055      7400
 1056              	.LASF31:
 1057 006c 443A5C70 		.ascii	"D:\\psoc\\theory\\eeprom_external\\eeprom_external."
 1057      736F635C 
 1057      7468656F 
 1057      72795C65 
 1057      6570726F 
 1058 009b 63796473 		.ascii	"cydsn\000"
 1058      6E00
 1059              	.LASF13:
 1060 00a1 75696E74 		.ascii	"uint8\000"
 1060      3800
 1061              	.LASF20:
 1062 00a7 43594D45 		.ascii	"CYMEMZERO\000"
 1062      4D5A4552 
 1062      4F00
 1063              	.LASF4:
 1064 00b1 756E7369 		.ascii	"unsigned char\000"
 1064      676E6564 
 1064      20636861 
 1064      7200
 1065              	.LASF33:
 1066 00bf 6D656D73 		.ascii	"memset\000"
 1066      657400
 1067              	.LASF17:
 1068 00c6 646F7562 		.ascii	"double\000"
 1068      6C6500
 1069              	.LASF28:
 1070 00cd 4379496E 		.ascii	"CyIntEnable\000"
 1070      74456E61 
ARM GAS  C:\Users\NGUYEN~1\AppData\Local\Temp\ccVod3qa.s 			page 26


 1070      626C6500 
 1071              	.LASF14:
 1072 00d9 75696E74 		.ascii	"uint16\000"
 1072      313600
 1073              	.LASF15:
 1074 00e0 75696E74 		.ascii	"uint32\000"
 1074      333200
 1075              	.LASF0:
 1076 00e7 756E7369 		.ascii	"unsigned int\000"
 1076      676E6564 
 1076      20696E74 
 1076      00
 1077              	.LASF32:
 1078 00f4 63796669 		.ascii	"cyfitter_cfg\000"
 1078      74746572 
 1078      5F636667 
 1078      00
 1079              	.LASF22:
 1080 0101 61646472 		.ascii	"address\000"
 1080      65737300 
 1081              	.LASF9:
 1082 0109 6C6F6E67 		.ascii	"long long unsigned int\000"
 1082      206C6F6E 
 1082      6720756E 
 1082      7369676E 
 1082      65642069 
 1083              	.LASF29:
 1084 0120 474E5520 		.ascii	"GNU C11 5.4.1 20160609 (release) [ARM/embedded-5-br"
 1084      43313120 
 1084      352E342E 
 1084      31203230 
 1084      31363036 
 1085 0153 616E6368 		.ascii	"anch revision 237715] -mcpu=cortex-m0 -mthumb -g -O"
 1085      20726576 
 1085      6973696F 
 1085      6E203233 
 1085      37373135 
 1086 0186 67202D66 		.ascii	"g -ffunction-sections -ffat-lto-objects\000"
 1086      66756E63 
 1086      74696F6E 
 1086      2D736563 
 1086      74696F6E 
 1087              	.LASF24:
 1088 01ae 6366675F 		.ascii	"cfg_memset_t\000"
 1088      6D656D73 
 1088      65745F74 
 1088      00
 1089              	.LASF10:
 1090 01bb 73697A65 		.ascii	"sizetype\000"
 1090      74797065 
 1090      00
 1091              	.LASF1:
 1092 01c4 6C6F6E67 		.ascii	"long long int\000"
 1092      206C6F6E 
 1092      6720696E 
 1092      7400
 1093              	.LASF11:
ARM GAS  C:\Users\NGUYEN~1\AppData\Local\Temp\ccVod3qa.s 			page 27


 1094 01d2 63686172 		.ascii	"char\000"
 1094      00
 1095              	.LASF5:
 1096 01d7 73686F72 		.ascii	"short int\000"
 1096      7420696E 
 1096      7400
 1097              	.LASF26:
 1098 01e1 43795379 		.ascii	"CySysClkWriteImoFreq\000"
 1098      73436C6B 
 1098      57726974 
 1098      65496D6F 
 1098      46726571 
 1099              	.LASF7:
 1100 01f6 6C6F6E67 		.ascii	"long int\000"
 1100      20696E74 
 1100      00
 1101              	.LASF2:
 1102 01ff 6C6F6E67 		.ascii	"long double\000"
 1102      20646F75 
 1102      626C6500 
 1103              	.LASF3:
 1104 020b 7369676E 		.ascii	"signed char\000"
 1104      65642063 
 1104      68617200 
 1105              	.LASF30:
 1106 0217 47656E65 		.ascii	"Generated_Source\\PSoC4\\cyfitter_cfg.c\000"
 1106      72617465 
 1106      645F536F 
 1106      75726365 
 1106      5C50536F 
 1107              		.ident	"GCC: (GNU Tools for ARM Embedded Processors) 5.4.1 20160609 (release) [ARM/embedded-5-bran
