ARM GAS  C:\Users\NGUYEN~1\AppData\Local\Temp\ccbbgXt4.s 			page 1


   1              		.syntax unified
   2              		.cpu cortex-m0
   3              		.fpu softvfp
   4              		.eabi_attribute 20, 1
   5              		.eabi_attribute 21, 1
   6              		.eabi_attribute 23, 3
   7              		.eabi_attribute 24, 1
   8              		.eabi_attribute 25, 1
   9              		.eabi_attribute 26, 1
  10              		.eabi_attribute 30, 1
  11              		.eabi_attribute 34, 0
  12              		.eabi_attribute 18, 4
  13              		.thumb
  14              		.syntax unified
  15              		.file	"eeprom_external.c"
  16              		.text
  17              	.Ltext0:
  18              		.cfi_sections	.debug_frame
  19              		.section	.text.eeprom_read_a_byte,"ax",%progbits
  20              		.align	2
  21              		.global	eeprom_read_a_byte
  22              		.code	16
  23              		.thumb_func
  24              		.type	eeprom_read_a_byte, %function
  25              	eeprom_read_a_byte:
  26              	.LFB33:
  27              		.file 1 "eeprom_external.c"
   1:eeprom_external.c **** /* ========================================
   2:eeprom_external.c ****  *
   3:eeprom_external.c ****  * Copyright YOUR COMPANY, THE YEAR
   4:eeprom_external.c ****  * All Rights Reserved
   5:eeprom_external.c ****  * UNPUBLISHED, LICENSED SOFTWARE.
   6:eeprom_external.c ****  *
   7:eeprom_external.c ****  * CONFIDENTIAL AND PROPRIETARY INFORMATION
   8:eeprom_external.c ****  * WHICH IS THE PROPERTY OF your company.
   9:eeprom_external.c ****  *
  10:eeprom_external.c ****  * ========================================
  11:eeprom_external.c **** */
  12:eeprom_external.c **** #include "project.h"
  13:eeprom_external.c **** #include <stdio.h>
  14:eeprom_external.c **** 
  15:eeprom_external.c **** #include "eeprom_external.h"
  16:eeprom_external.c **** 
  17:eeprom_external.c **** 
  18:eeprom_external.c **** 
  19:eeprom_external.c **** //0 1010 B2B1B0 --> B2=B1=B0=0 --> 0101 000 --> 0x50
  20:eeprom_external.c **** #define EEPROM_ADDRESS 0x50
  21:eeprom_external.c **** 
  22:eeprom_external.c **** /*
  23:eeprom_external.c ****     Random a byte read
  24:eeprom_external.c **** */
  25:eeprom_external.c **** uint8 eeprom_read_a_byte( unsigned long  address_read)
  26:eeprom_external.c **** {
  28              		.loc 1 26 0
  29              		.cfi_startproc
  30              		@ args = 0, pretend = 0, frame = 8
  31              		@ frame_needed = 0, uses_anonymous_args = 0
ARM GAS  C:\Users\NGUYEN~1\AppData\Local\Temp\ccbbgXt4.s 			page 2


  32              	.LVL0:
  33 0000 10B5     		push	{r4, lr}
  34              		.cfi_def_cfa_offset 8
  35              		.cfi_offset 4, -8
  36              		.cfi_offset 14, -4
  37 0002 82B0     		sub	sp, sp, #8
  38              		.cfi_def_cfa_offset 16
  39 0004 0400     		movs	r4, r0
  40              	.LVL1:
  41              	.L2:
  27:eeprom_external.c ****     uint8 data_read;
  28:eeprom_external.c ****     uint8 result = 0;
  29:eeprom_external.c ****     
  30:eeprom_external.c ****     do{
  31:eeprom_external.c ****         result = i2c_I2CMasterSendStart(EEPROM_ADDRESS, i2c_I2C_WRITE_XFER_MODE, 1);
  42              		.loc 1 31 0 discriminator 1
  43 0006 0122     		movs	r2, #1
  44 0008 0021     		movs	r1, #0
  45 000a 5020     		movs	r0, #80
  46 000c FFF7FEFF 		bl	i2c_I2CMasterSendStart
  47              	.LVL2:
  48 0010 C0B2     		uxtb	r0, r0
  49              	.LVL3:
  32:eeprom_external.c ****     }while(result != i2c_I2C_MSTR_NO_ERROR);
  50              		.loc 1 32 0 discriminator 1
  51 0012 0028     		cmp	r0, #0
  52 0014 F7D1     		bne	.L2
  33:eeprom_external.c ****     
  34:eeprom_external.c ****     i2c_I2CMasterWriteByte( address_read, 1 );
  53              		.loc 1 34 0
  54 0016 0121     		movs	r1, #1
  55 0018 2000     		movs	r0, r4
  56              	.LVL4:
  57 001a FFF7FEFF 		bl	i2c_I2CMasterWriteByte
  58              	.LVL5:
  35:eeprom_external.c ****     
  36:eeprom_external.c ****     i2c_I2CMasterSendRestart(EEPROM_ADDRESS, i2c_I2C_READ_XFER_MODE, 1);
  59              		.loc 1 36 0
  60 001e 0122     		movs	r2, #1
  61 0020 0121     		movs	r1, #1
  62 0022 5020     		movs	r0, #80
  63 0024 FFF7FEFF 		bl	i2c_I2CMasterSendRestart
  64              	.LVL6:
  37:eeprom_external.c ****     
  38:eeprom_external.c ****     i2c_I2CMasterReadByte( i2c_I2C_NAK_DATA, &data_read , 1);
  65              		.loc 1 38 0
  66 0028 6B46     		mov	r3, sp
  67 002a DC1D     		adds	r4, r3, #7
  68              	.LVL7:
  69 002c 0122     		movs	r2, #1
  70 002e 2100     		movs	r1, r4
  71 0030 0120     		movs	r0, #1
  72 0032 FFF7FEFF 		bl	i2c_I2CMasterReadByte
  73              	.LVL8:
  39:eeprom_external.c ****     
  40:eeprom_external.c ****     i2c_I2CMasterSendStop(5);
  74              		.loc 1 40 0
ARM GAS  C:\Users\NGUYEN~1\AppData\Local\Temp\ccbbgXt4.s 			page 3


  75 0036 0520     		movs	r0, #5
  76 0038 FFF7FEFF 		bl	i2c_I2CMasterSendStop
  77              	.LVL9:
  41:eeprom_external.c ****     
  42:eeprom_external.c ****     return data_read;
  78              		.loc 1 42 0
  79 003c 2078     		ldrb	r0, [r4]
  43:eeprom_external.c **** }
  80              		.loc 1 43 0
  81 003e 02B0     		add	sp, sp, #8
  82              		@ sp needed
  83 0040 10BD     		pop	{r4, pc}
  84              		.cfi_endproc
  85              	.LFE33:
  86              		.size	eeprom_read_a_byte, .-eeprom_read_a_byte
  87 0042 C046     		.section	.text.eeprom_read_page,"ax",%progbits
  88              		.align	2
  89              		.global	eeprom_read_page
  90              		.code	16
  91              		.thumb_func
  92              		.type	eeprom_read_page, %function
  93              	eeprom_read_page:
  94              	.LFB34:
  44:eeprom_external.c **** 
  45:eeprom_external.c **** 
  46:eeprom_external.c **** /*
  47:eeprom_external.c ****    Sequential( page) read
  48:eeprom_external.c **** */
  49:eeprom_external.c **** void eeprom_read_page(uint8 address, uint8 *data_read, uint8 length)
  50:eeprom_external.c **** {
  95              		.loc 1 50 0
  96              		.cfi_startproc
  97              		@ args = 0, pretend = 0, frame = 0
  98              		@ frame_needed = 0, uses_anonymous_args = 0
  99              	.LVL10:
 100 0000 70B5     		push	{r4, r5, r6, lr}
 101              		.cfi_def_cfa_offset 16
 102              		.cfi_offset 4, -16
 103              		.cfi_offset 5, -12
 104              		.cfi_offset 6, -8
 105              		.cfi_offset 14, -4
 106 0002 0400     		movs	r4, r0
 107 0004 0D00     		movs	r5, r1
 108 0006 1600     		movs	r6, r2
 109              	.LVL11:
 110              	.L4:
  51:eeprom_external.c ****     uint8 result = 0, i;
  52:eeprom_external.c ****     
  53:eeprom_external.c ****     do{
  54:eeprom_external.c ****         result = i2c_I2CMasterSendStart(EEPROM_ADDRESS, i2c_I2C_WRITE_XFER_MODE, 1);
 111              		.loc 1 54 0 discriminator 1
 112 0008 0122     		movs	r2, #1
 113 000a 0021     		movs	r1, #0
 114 000c 5020     		movs	r0, #80
 115 000e FFF7FEFF 		bl	i2c_I2CMasterSendStart
 116              	.LVL12:
 117 0012 C0B2     		uxtb	r0, r0
ARM GAS  C:\Users\NGUYEN~1\AppData\Local\Temp\ccbbgXt4.s 			page 4


 118              	.LVL13:
  55:eeprom_external.c ****     }while(result != i2c_I2C_MSTR_NO_ERROR);
 119              		.loc 1 55 0 discriminator 1
 120 0014 0028     		cmp	r0, #0
 121 0016 F7D1     		bne	.L4
  56:eeprom_external.c ****     
  57:eeprom_external.c ****      i2c_I2CMasterWriteByte( (uint32)address, 1 );
 122              		.loc 1 57 0
 123 0018 0121     		movs	r1, #1
 124 001a 2000     		movs	r0, r4
 125              	.LVL14:
 126 001c FFF7FEFF 		bl	i2c_I2CMasterWriteByte
 127              	.LVL15:
  58:eeprom_external.c ****     
  59:eeprom_external.c ****     i2c_I2CMasterSendRestart(EEPROM_ADDRESS, i2c_I2C_READ_XFER_MODE, 1);
 128              		.loc 1 59 0
 129 0020 0122     		movs	r2, #1
 130 0022 0121     		movs	r1, #1
 131 0024 5020     		movs	r0, #80
 132 0026 FFF7FEFF 		bl	i2c_I2CMasterSendRestart
 133              	.LVL16:
  60:eeprom_external.c ****     
  61:eeprom_external.c ****     for(i=0; i<length-1; i++)
 134              		.loc 1 61 0
 135 002a 0024     		movs	r4, #0
 136 002c 06E0     		b	.L5
 137              	.LVL17:
 138              	.L6:
  62:eeprom_external.c ****     {
  63:eeprom_external.c ****          i2c_I2CMasterReadByte( i2c_I2C_ACK_DATA, &data_read[i] , 1);
 139              		.loc 1 63 0 discriminator 3
 140 002e 2919     		adds	r1, r5, r4
 141 0030 0122     		movs	r2, #1
 142 0032 0020     		movs	r0, #0
 143 0034 FFF7FEFF 		bl	i2c_I2CMasterReadByte
 144              	.LVL18:
  61:eeprom_external.c ****     {
 145              		.loc 1 61 0 discriminator 3
 146 0038 0134     		adds	r4, r4, #1
 147              	.LVL19:
 148 003a E4B2     		uxtb	r4, r4
 149              	.LVL20:
 150              	.L5:
  61:eeprom_external.c ****     {
 151              		.loc 1 61 0 is_stmt 0 discriminator 1
 152 003c 731E     		subs	r3, r6, #1
 153 003e 9C42     		cmp	r4, r3
 154 0040 F5DB     		blt	.L6
  64:eeprom_external.c ****     }
  65:eeprom_external.c ****     i2c_I2CMasterReadByte( i2c_I2C_NAK_DATA, &data_read[i] , 1);
 155              		.loc 1 65 0 is_stmt 1
 156 0042 2919     		adds	r1, r5, r4
 157 0044 0122     		movs	r2, #1
 158 0046 0120     		movs	r0, #1
 159 0048 FFF7FEFF 		bl	i2c_I2CMasterReadByte
 160              	.LVL21:
  66:eeprom_external.c ****     
ARM GAS  C:\Users\NGUYEN~1\AppData\Local\Temp\ccbbgXt4.s 			page 5


  67:eeprom_external.c ****     i2c_I2CMasterSendStop(5);
 161              		.loc 1 67 0
 162 004c 0520     		movs	r0, #5
 163 004e FFF7FEFF 		bl	i2c_I2CMasterSendStop
 164              	.LVL22:
  68:eeprom_external.c **** }
 165              		.loc 1 68 0
 166              		@ sp needed
 167              	.LVL23:
 168              	.LVL24:
 169 0052 70BD     		pop	{r4, r5, r6, pc}
 170              		.cfi_endproc
 171              	.LFE34:
 172              		.size	eeprom_read_page, .-eeprom_read_page
 173              		.section	.text.eeprom_write_a_byte_128,"ax",%progbits
 174              		.align	2
 175              		.global	eeprom_write_a_byte_128
 176              		.code	16
 177              		.thumb_func
 178              		.type	eeprom_write_a_byte_128, %function
 179              	eeprom_write_a_byte_128:
 180              	.LFB35:
  69:eeprom_external.c **** 
  70:eeprom_external.c **** //eeprom 24c128 --> error
  71:eeprom_external.c **** void eeprom_write_a_byte_128(uint32 address, uint8 data_need_write)
  72:eeprom_external.c **** {
 181              		.loc 1 72 0
 182              		.cfi_startproc
 183              		@ args = 0, pretend = 0, frame = 0
 184              		@ frame_needed = 0, uses_anonymous_args = 0
 185              	.LVL25:
 186 0000 70B5     		push	{r4, r5, r6, lr}
 187              		.cfi_def_cfa_offset 16
 188              		.cfi_offset 4, -16
 189              		.cfi_offset 5, -12
 190              		.cfi_offset 6, -8
 191              		.cfi_offset 14, -4
 192 0002 0400     		movs	r4, r0
 193 0004 0D00     		movs	r5, r1
 194              	.LVL26:
 195              	.L8:
  73:eeprom_external.c ****     uint8 result = 0;
  74:eeprom_external.c ****     
  75:eeprom_external.c ****     do{
  76:eeprom_external.c ****         result = i2c_I2CMasterSendStart(EEPROM_ADDRESS, i2c_I2C_WRITE_XFER_MODE, 1);
 196              		.loc 1 76 0 discriminator 1
 197 0006 0122     		movs	r2, #1
 198 0008 0021     		movs	r1, #0
 199 000a 5020     		movs	r0, #80
 200 000c FFF7FEFF 		bl	i2c_I2CMasterSendStart
 201              	.LVL27:
 202 0010 C0B2     		uxtb	r0, r0
 203              	.LVL28:
  77:eeprom_external.c ****     }while(result != i2c_I2C_MSTR_NO_ERROR);
 204              		.loc 1 77 0 discriminator 1
 205 0012 0028     		cmp	r0, #0
 206 0014 F7D1     		bne	.L8
ARM GAS  C:\Users\NGUYEN~1\AppData\Local\Temp\ccbbgXt4.s 			page 6


  78:eeprom_external.c ****     
  79:eeprom_external.c ****     i2c_I2CMasterWriteByte( (int)(address >> 8), 1 );   //MSB
 207              		.loc 1 79 0
 208 0016 200A     		lsrs	r0, r4, #8
 209              	.LVL29:
 210 0018 0121     		movs	r1, #1
 211 001a FFF7FEFF 		bl	i2c_I2CMasterWriteByte
 212              	.LVL30:
  80:eeprom_external.c ****     
  81:eeprom_external.c ****     i2c_I2CMasterWriteByte( (int)(address & 0xff) , 1 );    //LSB
 213              		.loc 1 81 0
 214 001e FF20     		movs	r0, #255
 215 0020 2040     		ands	r0, r4
 216 0022 0121     		movs	r1, #1
 217 0024 FFF7FEFF 		bl	i2c_I2CMasterWriteByte
 218              	.LVL31:
  82:eeprom_external.c ****     
  83:eeprom_external.c ****     i2c_I2CMasterWriteByte( data_need_write, 1 );
 219              		.loc 1 83 0
 220 0028 0121     		movs	r1, #1
 221 002a 2800     		movs	r0, r5
 222 002c FFF7FEFF 		bl	i2c_I2CMasterWriteByte
 223              	.LVL32:
  84:eeprom_external.c ****     
  85:eeprom_external.c ****     i2c_I2CMasterSendStop(5);
 224              		.loc 1 85 0
 225 0030 0520     		movs	r0, #5
 226 0032 FFF7FEFF 		bl	i2c_I2CMasterSendStop
 227              	.LVL33:
  86:eeprom_external.c **** }
 228              		.loc 1 86 0
 229              		@ sp needed
 230              	.LVL34:
 231 0036 70BD     		pop	{r4, r5, r6, pc}
 232              		.cfi_endproc
 233              	.LFE35:
 234              		.size	eeprom_write_a_byte_128, .-eeprom_write_a_byte_128
 235              		.section	.text.eeprom_write_a_byte_08,"ax",%progbits
 236              		.align	2
 237              		.global	eeprom_write_a_byte_08
 238              		.code	16
 239              		.thumb_func
 240              		.type	eeprom_write_a_byte_08, %function
 241              	eeprom_write_a_byte_08:
 242              	.LFB36:
  87:eeprom_external.c **** 
  88:eeprom_external.c **** //eeprom 24c08
  89:eeprom_external.c **** void eeprom_write_a_byte_08(uint32 address, uint8 data_need_write)
  90:eeprom_external.c **** {
 243              		.loc 1 90 0
 244              		.cfi_startproc
 245              		@ args = 0, pretend = 0, frame = 0
 246              		@ frame_needed = 0, uses_anonymous_args = 0
 247              	.LVL35:
 248 0000 70B5     		push	{r4, r5, r6, lr}
 249              		.cfi_def_cfa_offset 16
 250              		.cfi_offset 4, -16
ARM GAS  C:\Users\NGUYEN~1\AppData\Local\Temp\ccbbgXt4.s 			page 7


 251              		.cfi_offset 5, -12
 252              		.cfi_offset 6, -8
 253              		.cfi_offset 14, -4
 254 0002 0500     		movs	r5, r0
 255 0004 0C00     		movs	r4, r1
 256              	.LVL36:
 257              	.L10:
  91:eeprom_external.c ****     uint8 result = 0;
  92:eeprom_external.c ****     
  93:eeprom_external.c ****     do{
  94:eeprom_external.c ****         result = i2c_I2CMasterSendStart(EEPROM_ADDRESS, i2c_I2C_WRITE_XFER_MODE, 1);
 258              		.loc 1 94 0 discriminator 1
 259 0006 0122     		movs	r2, #1
 260 0008 0021     		movs	r1, #0
 261 000a 5020     		movs	r0, #80
 262 000c FFF7FEFF 		bl	i2c_I2CMasterSendStart
 263              	.LVL37:
 264 0010 C0B2     		uxtb	r0, r0
 265              	.LVL38:
  95:eeprom_external.c ****     }while(result != i2c_I2C_MSTR_NO_ERROR);
 266              		.loc 1 95 0 discriminator 1
 267 0012 0028     		cmp	r0, #0
 268 0014 F7D1     		bne	.L10
  96:eeprom_external.c ****     
  97:eeprom_external.c ****     i2c_I2CMasterWriteByte( address , 1 );
 269              		.loc 1 97 0
 270 0016 0121     		movs	r1, #1
 271 0018 2800     		movs	r0, r5
 272              	.LVL39:
 273 001a FFF7FEFF 		bl	i2c_I2CMasterWriteByte
 274              	.LVL40:
  98:eeprom_external.c ****     
  99:eeprom_external.c ****     i2c_I2CMasterWriteByte( data_need_write, 1 );
 275              		.loc 1 99 0
 276 001e 0121     		movs	r1, #1
 277 0020 2000     		movs	r0, r4
 278 0022 FFF7FEFF 		bl	i2c_I2CMasterWriteByte
 279              	.LVL41:
 100:eeprom_external.c ****     
 101:eeprom_external.c ****     i2c_I2CMasterSendStop(5);
 280              		.loc 1 101 0
 281 0026 0520     		movs	r0, #5
 282 0028 FFF7FEFF 		bl	i2c_I2CMasterSendStop
 283              	.LVL42:
 102:eeprom_external.c **** }
 284              		.loc 1 102 0
 285              		@ sp needed
 286              	.LVL43:
 287 002c 70BD     		pop	{r4, r5, r6, pc}
 288              		.cfi_endproc
 289              	.LFE36:
 290              		.size	eeprom_write_a_byte_08, .-eeprom_write_a_byte_08
 291 002e C046     		.section	.text.eeprom_write_page,"ax",%progbits
 292              		.align	2
 293              		.global	eeprom_write_page
 294              		.code	16
 295              		.thumb_func
ARM GAS  C:\Users\NGUYEN~1\AppData\Local\Temp\ccbbgXt4.s 			page 8


 296              		.type	eeprom_write_page, %function
 297              	eeprom_write_page:
 298              	.LFB37:
 103:eeprom_external.c **** void eeprom_write_page(uint8 address, uint32 *data_need_write, uint8 length)
 104:eeprom_external.c **** {
 299              		.loc 1 104 0
 300              		.cfi_startproc
 301              		@ args = 0, pretend = 0, frame = 0
 302              		@ frame_needed = 0, uses_anonymous_args = 0
 303              	.LVL44:
 304 0000 70B5     		push	{r4, r5, r6, lr}
 305              		.cfi_def_cfa_offset 16
 306              		.cfi_offset 4, -16
 307              		.cfi_offset 5, -12
 308              		.cfi_offset 6, -8
 309              		.cfi_offset 14, -4
 310 0002 0400     		movs	r4, r0
 311 0004 0E00     		movs	r6, r1
 312 0006 1500     		movs	r5, r2
 313              	.LVL45:
 314              	.L12:
 105:eeprom_external.c ****     uint8 result = 0, i;
 106:eeprom_external.c ****      do{
 107:eeprom_external.c ****         result = i2c_I2CMasterSendStart(EEPROM_ADDRESS, i2c_I2C_WRITE_XFER_MODE, 1);
 315              		.loc 1 107 0 discriminator 1
 316 0008 0122     		movs	r2, #1
 317 000a 0021     		movs	r1, #0
 318 000c 5020     		movs	r0, #80
 319 000e FFF7FEFF 		bl	i2c_I2CMasterSendStart
 320              	.LVL46:
 321 0012 C0B2     		uxtb	r0, r0
 322              	.LVL47:
 108:eeprom_external.c ****     }while(result != i2c_I2C_MSTR_NO_ERROR);
 323              		.loc 1 108 0 discriminator 1
 324 0014 0028     		cmp	r0, #0
 325 0016 F7D1     		bne	.L12
 109:eeprom_external.c ****     
 110:eeprom_external.c ****     i2c_I2CMasterWriteByte( (uint32)address, 1 );
 326              		.loc 1 110 0
 327 0018 0121     		movs	r1, #1
 328 001a 2000     		movs	r0, r4
 329              	.LVL48:
 330 001c FFF7FEFF 		bl	i2c_I2CMasterWriteByte
 331              	.LVL49:
 111:eeprom_external.c ****     
 112:eeprom_external.c ****     for(i=0; i<length; i++)
 332              		.loc 1 112 0
 333 0020 0024     		movs	r4, #0
 334 0022 06E0     		b	.L13
 335              	.LVL50:
 336              	.L14:
 113:eeprom_external.c ****          i2c_I2CMasterWriteByte( data_need_write[i], 1 );
 337              		.loc 1 113 0 discriminator 3
 338 0024 A300     		lsls	r3, r4, #2
 339 0026 F058     		ldr	r0, [r6, r3]
 340 0028 0121     		movs	r1, #1
 341 002a FFF7FEFF 		bl	i2c_I2CMasterWriteByte
ARM GAS  C:\Users\NGUYEN~1\AppData\Local\Temp\ccbbgXt4.s 			page 9


 342              	.LVL51:
 112:eeprom_external.c ****          i2c_I2CMasterWriteByte( data_need_write[i], 1 );
 343              		.loc 1 112 0 discriminator 3
 344 002e 0134     		adds	r4, r4, #1
 345              	.LVL52:
 346 0030 E4B2     		uxtb	r4, r4
 347              	.LVL53:
 348              	.L13:
 112:eeprom_external.c ****          i2c_I2CMasterWriteByte( data_need_write[i], 1 );
 349              		.loc 1 112 0 is_stmt 0 discriminator 1
 350 0032 AC42     		cmp	r4, r5
 351 0034 F6D3     		bcc	.L14
 114:eeprom_external.c ****         
 115:eeprom_external.c ****     i2c_I2CMasterSendStop(5);
 352              		.loc 1 115 0 is_stmt 1
 353 0036 0520     		movs	r0, #5
 354 0038 FFF7FEFF 		bl	i2c_I2CMasterSendStop
 355              	.LVL54:
 116:eeprom_external.c **** }
 356              		.loc 1 116 0
 357              		@ sp needed
 358              	.LVL55:
 359              	.LVL56:
 360 003c 70BD     		pop	{r4, r5, r6, pc}
 361              		.cfi_endproc
 362              	.LFE37:
 363              		.size	eeprom_write_page, .-eeprom_write_page
 364 003e C046     		.section	.text.find_address_eeprom,"ax",%progbits
 365              		.align	2
 366              		.global	find_address_eeprom
 367              		.code	16
 368              		.thumb_func
 369              		.type	find_address_eeprom, %function
 370              	find_address_eeprom:
 371              	.LFB38:
 117:eeprom_external.c **** 
 118:eeprom_external.c **** uint8 find_address_eeprom()
 119:eeprom_external.c **** {
 372              		.loc 1 119 0
 373              		.cfi_startproc
 374              		@ args = 0, pretend = 0, frame = 0
 375              		@ frame_needed = 0, uses_anonymous_args = 0
 376 0000 10B5     		push	{r4, lr}
 377              		.cfi_def_cfa_offset 8
 378              		.cfi_offset 4, -8
 379              		.cfi_offset 14, -4
 380              	.L17:
 120:eeprom_external.c ****     static int counter=0;
 121:eeprom_external.c ****     uint8 result = 0;
 122:eeprom_external.c ****     static uint8 address = 0x40;   //0x50-1
 123:eeprom_external.c ****     
 124:eeprom_external.c ****     
 125:eeprom_external.c ****     
 126:eeprom_external.c ****     do{
 127:eeprom_external.c ****         counter++;
 381              		.loc 1 127 0 discriminator 2
 382 0002 0F4A     		ldr	r2, .L20
ARM GAS  C:\Users\NGUYEN~1\AppData\Local\Temp\ccbbgXt4.s 			page 10


 383 0004 1368     		ldr	r3, [r2]
 384 0006 0133     		adds	r3, r3, #1
 385 0008 1360     		str	r3, [r2]
 128:eeprom_external.c ****         result = i2c_I2CMasterSendStart(address, i2c_I2C_WRITE_XFER_MODE, 1);
 386              		.loc 1 128 0 discriminator 2
 387 000a 0E4B     		ldr	r3, .L20+4
 388 000c 1878     		ldrb	r0, [r3]
 389 000e 0122     		movs	r2, #1
 390 0010 0021     		movs	r1, #0
 391 0012 FFF7FEFF 		bl	i2c_I2CMasterSendStart
 392              	.LVL57:
 393 0016 C0B2     		uxtb	r0, r0
 394              	.LVL58:
 129:eeprom_external.c ****     }while( (result != i2c_I2C_MSTR_NO_ERROR) && (counter<=5) );
 395              		.loc 1 129 0 discriminator 2
 396 0018 0028     		cmp	r0, #0
 397 001a 03D0     		beq	.L16
 398              		.loc 1 129 0 is_stmt 0 discriminator 1
 399 001c 084B     		ldr	r3, .L20
 400 001e 1B68     		ldr	r3, [r3]
 401 0020 052B     		cmp	r3, #5
 402 0022 EEDD     		ble	.L17
 403              	.L16:
 130:eeprom_external.c ****     
 131:eeprom_external.c ****     counter = 0;
 404              		.loc 1 131 0 is_stmt 1
 405 0024 0022     		movs	r2, #0
 406 0026 064B     		ldr	r3, .L20
 407 0028 1A60     		str	r2, [r3]
 132:eeprom_external.c ****    
 133:eeprom_external.c ****     if( result != i2c_I2C_MSTR_NO_ERROR )
 408              		.loc 1 133 0
 409 002a 0028     		cmp	r0, #0
 410 002c 02D0     		beq	.L18
 134:eeprom_external.c ****         return address;
 411              		.loc 1 134 0
 412 002e 054B     		ldr	r3, .L20+4
 413 0030 1878     		ldrb	r0, [r3]
 414              	.LVL59:
 415 0032 04E0     		b	.L19
 416              	.LVL60:
 417              	.L18:
 135:eeprom_external.c ****     else 
 136:eeprom_external.c ****     {
 137:eeprom_external.c ****         address++;
 418              		.loc 1 137 0
 419 0034 034A     		ldr	r2, .L20+4
 420 0036 1378     		ldrb	r3, [r2]
 421 0038 0133     		adds	r3, r3, #1
 422 003a 1370     		strb	r3, [r2]
 138:eeprom_external.c ****         return 0x01; 
 423              		.loc 1 138 0
 424 003c 0120     		movs	r0, #1
 425              	.LVL61:
 426              	.L19:
 139:eeprom_external.c ****     }
 140:eeprom_external.c **** }
ARM GAS  C:\Users\NGUYEN~1\AppData\Local\Temp\ccbbgXt4.s 			page 11


 427              		.loc 1 140 0
 428              		@ sp needed
 429 003e 10BD     		pop	{r4, pc}
 430              	.L21:
 431              		.align	2
 432              	.L20:
 433 0040 00000000 		.word	.LANCHOR0
 434 0044 00000000 		.word	.LANCHOR1
 435              		.cfi_endproc
 436              	.LFE38:
 437              		.size	find_address_eeprom, .-find_address_eeprom
 438              		.data
 439              		.set	.LANCHOR1,. + 0
 440              		.type	address.6580, %object
 441              		.size	address.6580, 1
 442              	address.6580:
 443 0000 40       		.byte	64
 444              		.bss
 445              		.align	2
 446              		.set	.LANCHOR0,. + 0
 447              		.type	counter.6578, %object
 448              		.size	counter.6578, 4
 449              	counter.6578:
 450 0000 00000000 		.space	4
 451              		.text
 452              	.Letext0:
 453              		.file 2 "Generated_Source\\PSoC4/cytypes.h"
 454              		.file 3 "Generated_Source\\PSoC4/i2c_I2C.h"
 455              		.section	.debug_info,"",%progbits
 456              	.Ldebug_info0:
 457 0000 31050000 		.4byte	0x531
 458 0004 0400     		.2byte	0x4
 459 0006 00000000 		.4byte	.Ldebug_abbrev0
 460 000a 04       		.byte	0x4
 461 000b 01       		.uleb128 0x1
 462 000c 45010000 		.4byte	.LASF33
 463 0010 0C       		.byte	0xc
 464 0011 00000000 		.4byte	.LASF34
 465 0015 05020000 		.4byte	.LASF35
 466 0019 00000000 		.4byte	.Ldebug_ranges0+0
 467 001d 00000000 		.4byte	0
 468 0021 00000000 		.4byte	.Ldebug_line0
 469 0025 02       		.uleb128 0x2
 470 0026 01       		.byte	0x1
 471 0027 06       		.byte	0x6
 472 0028 94020000 		.4byte	.LASF0
 473 002c 02       		.uleb128 0x2
 474 002d 01       		.byte	0x1
 475 002e 08       		.byte	0x8
 476 002f 54000000 		.4byte	.LASF1
 477 0033 02       		.uleb128 0x2
 478 0034 02       		.byte	0x2
 479 0035 05       		.byte	0x5
 480 0036 EE000000 		.4byte	.LASF2
 481 003a 02       		.uleb128 0x2
 482 003b 02       		.byte	0x2
 483 003c 07       		.byte	0x7
ARM GAS  C:\Users\NGUYEN~1\AppData\Local\Temp\ccbbgXt4.s 			page 12


 484 003d A7020000 		.4byte	.LASF3
 485 0041 02       		.uleb128 0x2
 486 0042 04       		.byte	0x4
 487 0043 05       		.byte	0x5
 488 0044 7F020000 		.4byte	.LASF4
 489 0048 02       		.uleb128 0x2
 490 0049 04       		.byte	0x4
 491 004a 07       		.byte	0x7
 492 004b B8000000 		.4byte	.LASF5
 493 004f 02       		.uleb128 0x2
 494 0050 08       		.byte	0x8
 495 0051 05       		.byte	0x5
 496 0052 F2010000 		.4byte	.LASF6
 497 0056 02       		.uleb128 0x2
 498 0057 08       		.byte	0x8
 499 0058 07       		.byte	0x7
 500 0059 27010000 		.4byte	.LASF7
 501 005d 03       		.uleb128 0x3
 502 005e 04       		.byte	0x4
 503 005f 05       		.byte	0x5
 504 0060 696E7400 		.ascii	"int\000"
 505 0064 02       		.uleb128 0x2
 506 0065 04       		.byte	0x4
 507 0066 07       		.byte	0x7
 508 0067 12010000 		.4byte	.LASF8
 509 006b 04       		.uleb128 0x4
 510 006c 4E000000 		.4byte	.LASF9
 511 0070 02       		.byte	0x2
 512 0071 FB01     		.2byte	0x1fb
 513 0073 2C000000 		.4byte	0x2c
 514 0077 04       		.uleb128 0x4
 515 0078 0B010000 		.4byte	.LASF10
 516 007c 02       		.byte	0x2
 517 007d FD01     		.2byte	0x1fd
 518 007f 48000000 		.4byte	0x48
 519 0083 02       		.uleb128 0x2
 520 0084 04       		.byte	0x4
 521 0085 04       		.byte	0x4
 522 0086 40000000 		.4byte	.LASF11
 523 008a 02       		.uleb128 0x2
 524 008b 08       		.byte	0x8
 525 008c 04       		.byte	0x4
 526 008d A0020000 		.4byte	.LASF12
 527 0091 02       		.uleb128 0x2
 528 0092 01       		.byte	0x1
 529 0093 08       		.byte	0x8
 530 0094 00020000 		.4byte	.LASF13
 531 0098 02       		.uleb128 0x2
 532 0099 08       		.byte	0x8
 533 009a 04       		.byte	0x4
 534 009b 88020000 		.4byte	.LASF14
 535 009f 02       		.uleb128 0x2
 536 00a0 04       		.byte	0x4
 537 00a1 07       		.byte	0x7
 538 00a2 D3010000 		.4byte	.LASF15
 539 00a6 05       		.uleb128 0x5
 540 00a7 04       		.byte	0x4
ARM GAS  C:\Users\NGUYEN~1\AppData\Local\Temp\ccbbgXt4.s 			page 13


 541 00a8 6B000000 		.4byte	0x6b
 542 00ac 06       		.uleb128 0x6
 543 00ad F8000000 		.4byte	.LASF36
 544 00b1 01       		.byte	0x1
 545 00b2 19       		.byte	0x19
 546 00b3 6B000000 		.4byte	0x6b
 547 00b7 00000000 		.4byte	.LFB33
 548 00bb 42000000 		.4byte	.LFE33-.LFB33
 549 00bf 01       		.uleb128 0x1
 550 00c0 9C       		.byte	0x9c
 551 00c1 74010000 		.4byte	0x174
 552 00c5 07       		.uleb128 0x7
 553 00c6 74000000 		.4byte	.LASF18
 554 00ca 01       		.byte	0x1
 555 00cb 19       		.byte	0x19
 556 00cc 48000000 		.4byte	0x48
 557 00d0 00000000 		.4byte	.LLST0
 558 00d4 08       		.uleb128 0x8
 559 00d5 81000000 		.4byte	.LASF16
 560 00d9 01       		.byte	0x1
 561 00da 1B       		.byte	0x1b
 562 00db 6B000000 		.4byte	0x6b
 563 00df 02       		.uleb128 0x2
 564 00e0 91       		.byte	0x91
 565 00e1 77       		.sleb128 -9
 566 00e2 09       		.uleb128 0x9
 567 00e3 3E010000 		.4byte	.LASF17
 568 00e7 01       		.byte	0x1
 569 00e8 1C       		.byte	0x1c
 570 00e9 6B000000 		.4byte	0x6b
 571 00ed 2C000000 		.4byte	.LLST1
 572 00f1 0A       		.uleb128 0xa
 573 00f2 10000000 		.4byte	.LVL2
 574 00f6 F8040000 		.4byte	0x4f8
 575 00fa 0F010000 		.4byte	0x10f
 576 00fe 0B       		.uleb128 0xb
 577 00ff 01       		.uleb128 0x1
 578 0100 50       		.byte	0x50
 579 0101 02       		.uleb128 0x2
 580 0102 08       		.byte	0x8
 581 0103 50       		.byte	0x50
 582 0104 0B       		.uleb128 0xb
 583 0105 01       		.uleb128 0x1
 584 0106 51       		.byte	0x51
 585 0107 01       		.uleb128 0x1
 586 0108 30       		.byte	0x30
 587 0109 0B       		.uleb128 0xb
 588 010a 01       		.uleb128 0x1
 589 010b 52       		.byte	0x52
 590 010c 01       		.uleb128 0x1
 591 010d 31       		.byte	0x31
 592 010e 00       		.byte	0
 593 010f 0A       		.uleb128 0xa
 594 0110 1E000000 		.4byte	.LVL5
 595 0114 04050000 		.4byte	0x504
 596 0118 28010000 		.4byte	0x128
 597 011c 0B       		.uleb128 0xb
ARM GAS  C:\Users\NGUYEN~1\AppData\Local\Temp\ccbbgXt4.s 			page 14


 598 011d 01       		.uleb128 0x1
 599 011e 50       		.byte	0x50
 600 011f 02       		.uleb128 0x2
 601 0120 74       		.byte	0x74
 602 0121 00       		.sleb128 0
 603 0122 0B       		.uleb128 0xb
 604 0123 01       		.uleb128 0x1
 605 0124 51       		.byte	0x51
 606 0125 01       		.uleb128 0x1
 607 0126 31       		.byte	0x31
 608 0127 00       		.byte	0
 609 0128 0A       		.uleb128 0xa
 610 0129 28000000 		.4byte	.LVL6
 611 012d 10050000 		.4byte	0x510
 612 0131 46010000 		.4byte	0x146
 613 0135 0B       		.uleb128 0xb
 614 0136 01       		.uleb128 0x1
 615 0137 50       		.byte	0x50
 616 0138 02       		.uleb128 0x2
 617 0139 08       		.byte	0x8
 618 013a 50       		.byte	0x50
 619 013b 0B       		.uleb128 0xb
 620 013c 01       		.uleb128 0x1
 621 013d 51       		.byte	0x51
 622 013e 01       		.uleb128 0x1
 623 013f 31       		.byte	0x31
 624 0140 0B       		.uleb128 0xb
 625 0141 01       		.uleb128 0x1
 626 0142 52       		.byte	0x52
 627 0143 01       		.uleb128 0x1
 628 0144 31       		.byte	0x31
 629 0145 00       		.byte	0
 630 0146 0A       		.uleb128 0xa
 631 0147 36000000 		.4byte	.LVL8
 632 014b 1C050000 		.4byte	0x51c
 633 014f 64010000 		.4byte	0x164
 634 0153 0B       		.uleb128 0xb
 635 0154 01       		.uleb128 0x1
 636 0155 50       		.byte	0x50
 637 0156 01       		.uleb128 0x1
 638 0157 31       		.byte	0x31
 639 0158 0B       		.uleb128 0xb
 640 0159 01       		.uleb128 0x1
 641 015a 51       		.byte	0x51
 642 015b 02       		.uleb128 0x2
 643 015c 74       		.byte	0x74
 644 015d 00       		.sleb128 0
 645 015e 0B       		.uleb128 0xb
 646 015f 01       		.uleb128 0x1
 647 0160 52       		.byte	0x52
 648 0161 01       		.uleb128 0x1
 649 0162 31       		.byte	0x31
 650 0163 00       		.byte	0
 651 0164 0C       		.uleb128 0xc
 652 0165 3C000000 		.4byte	.LVL9
 653 0169 28050000 		.4byte	0x528
 654 016d 0B       		.uleb128 0xb
ARM GAS  C:\Users\NGUYEN~1\AppData\Local\Temp\ccbbgXt4.s 			page 15


 655 016e 01       		.uleb128 0x1
 656 016f 50       		.byte	0x50
 657 0170 01       		.uleb128 0x1
 658 0171 35       		.byte	0x35
 659 0172 00       		.byte	0
 660 0173 00       		.byte	0
 661 0174 0D       		.uleb128 0xd
 662 0175 6E020000 		.4byte	.LASF21
 663 0179 01       		.byte	0x1
 664 017a 31       		.byte	0x31
 665 017b 00000000 		.4byte	.LFB34
 666 017f 54000000 		.4byte	.LFE34-.LFB34
 667 0183 01       		.uleb128 0x1
 668 0184 9C       		.byte	0x9c
 669 0185 79020000 		.4byte	0x279
 670 0189 07       		.uleb128 0x7
 671 018a 1F010000 		.4byte	.LASF19
 672 018e 01       		.byte	0x1
 673 018f 31       		.byte	0x31
 674 0190 6B000000 		.4byte	0x6b
 675 0194 3F000000 		.4byte	.LLST2
 676 0198 07       		.uleb128 0x7
 677 0199 81000000 		.4byte	.LASF16
 678 019d 01       		.byte	0x1
 679 019e 31       		.byte	0x31
 680 019f A6000000 		.4byte	0xa6
 681 01a3 60000000 		.4byte	.LLST3
 682 01a7 07       		.uleb128 0x7
 683 01a8 BA020000 		.4byte	.LASF20
 684 01ac 01       		.byte	0x1
 685 01ad 31       		.byte	0x31
 686 01ae 6B000000 		.4byte	0x6b
 687 01b2 8C000000 		.4byte	.LLST4
 688 01b6 09       		.uleb128 0x9
 689 01b7 3E010000 		.4byte	.LASF17
 690 01bb 01       		.byte	0x1
 691 01bc 33       		.byte	0x33
 692 01bd 6B000000 		.4byte	0x6b
 693 01c1 AD000000 		.4byte	.LLST5
 694 01c5 0E       		.uleb128 0xe
 695 01c6 6900     		.ascii	"i\000"
 696 01c8 01       		.byte	0x1
 697 01c9 33       		.byte	0x33
 698 01ca 6B000000 		.4byte	0x6b
 699 01ce C0000000 		.4byte	.LLST6
 700 01d2 0A       		.uleb128 0xa
 701 01d3 12000000 		.4byte	.LVL12
 702 01d7 F8040000 		.4byte	0x4f8
 703 01db F0010000 		.4byte	0x1f0
 704 01df 0B       		.uleb128 0xb
 705 01e0 01       		.uleb128 0x1
 706 01e1 50       		.byte	0x50
 707 01e2 02       		.uleb128 0x2
 708 01e3 08       		.byte	0x8
 709 01e4 50       		.byte	0x50
 710 01e5 0B       		.uleb128 0xb
 711 01e6 01       		.uleb128 0x1
ARM GAS  C:\Users\NGUYEN~1\AppData\Local\Temp\ccbbgXt4.s 			page 16


 712 01e7 51       		.byte	0x51
 713 01e8 01       		.uleb128 0x1
 714 01e9 30       		.byte	0x30
 715 01ea 0B       		.uleb128 0xb
 716 01eb 01       		.uleb128 0x1
 717 01ec 52       		.byte	0x52
 718 01ed 01       		.uleb128 0x1
 719 01ee 31       		.byte	0x31
 720 01ef 00       		.byte	0
 721 01f0 0A       		.uleb128 0xa
 722 01f1 20000000 		.4byte	.LVL15
 723 01f5 04050000 		.4byte	0x504
 724 01f9 09020000 		.4byte	0x209
 725 01fd 0B       		.uleb128 0xb
 726 01fe 01       		.uleb128 0x1
 727 01ff 50       		.byte	0x50
 728 0200 02       		.uleb128 0x2
 729 0201 74       		.byte	0x74
 730 0202 00       		.sleb128 0
 731 0203 0B       		.uleb128 0xb
 732 0204 01       		.uleb128 0x1
 733 0205 51       		.byte	0x51
 734 0206 01       		.uleb128 0x1
 735 0207 31       		.byte	0x31
 736 0208 00       		.byte	0
 737 0209 0A       		.uleb128 0xa
 738 020a 2A000000 		.4byte	.LVL16
 739 020e 10050000 		.4byte	0x510
 740 0212 27020000 		.4byte	0x227
 741 0216 0B       		.uleb128 0xb
 742 0217 01       		.uleb128 0x1
 743 0218 50       		.byte	0x50
 744 0219 02       		.uleb128 0x2
 745 021a 08       		.byte	0x8
 746 021b 50       		.byte	0x50
 747 021c 0B       		.uleb128 0xb
 748 021d 01       		.uleb128 0x1
 749 021e 51       		.byte	0x51
 750 021f 01       		.uleb128 0x1
 751 0220 31       		.byte	0x31
 752 0221 0B       		.uleb128 0xb
 753 0222 01       		.uleb128 0x1
 754 0223 52       		.byte	0x52
 755 0224 01       		.uleb128 0x1
 756 0225 31       		.byte	0x31
 757 0226 00       		.byte	0
 758 0227 0A       		.uleb128 0xa
 759 0228 38000000 		.4byte	.LVL18
 760 022c 1C050000 		.4byte	0x51c
 761 0230 48020000 		.4byte	0x248
 762 0234 0B       		.uleb128 0xb
 763 0235 01       		.uleb128 0x1
 764 0236 50       		.byte	0x50
 765 0237 01       		.uleb128 0x1
 766 0238 30       		.byte	0x30
 767 0239 0B       		.uleb128 0xb
 768 023a 01       		.uleb128 0x1
ARM GAS  C:\Users\NGUYEN~1\AppData\Local\Temp\ccbbgXt4.s 			page 17


 769 023b 51       		.byte	0x51
 770 023c 05       		.uleb128 0x5
 771 023d 75       		.byte	0x75
 772 023e 00       		.sleb128 0
 773 023f 74       		.byte	0x74
 774 0240 00       		.sleb128 0
 775 0241 22       		.byte	0x22
 776 0242 0B       		.uleb128 0xb
 777 0243 01       		.uleb128 0x1
 778 0244 52       		.byte	0x52
 779 0245 01       		.uleb128 0x1
 780 0246 31       		.byte	0x31
 781 0247 00       		.byte	0
 782 0248 0A       		.uleb128 0xa
 783 0249 4C000000 		.4byte	.LVL21
 784 024d 1C050000 		.4byte	0x51c
 785 0251 69020000 		.4byte	0x269
 786 0255 0B       		.uleb128 0xb
 787 0256 01       		.uleb128 0x1
 788 0257 50       		.byte	0x50
 789 0258 01       		.uleb128 0x1
 790 0259 31       		.byte	0x31
 791 025a 0B       		.uleb128 0xb
 792 025b 01       		.uleb128 0x1
 793 025c 51       		.byte	0x51
 794 025d 05       		.uleb128 0x5
 795 025e 75       		.byte	0x75
 796 025f 00       		.sleb128 0
 797 0260 74       		.byte	0x74
 798 0261 00       		.sleb128 0
 799 0262 22       		.byte	0x22
 800 0263 0B       		.uleb128 0xb
 801 0264 01       		.uleb128 0x1
 802 0265 52       		.byte	0x52
 803 0266 01       		.uleb128 0x1
 804 0267 31       		.byte	0x31
 805 0268 00       		.byte	0
 806 0269 0C       		.uleb128 0xc
 807 026a 52000000 		.4byte	.LVL22
 808 026e 28050000 		.4byte	0x528
 809 0272 0B       		.uleb128 0xb
 810 0273 01       		.uleb128 0x1
 811 0274 50       		.byte	0x50
 812 0275 01       		.uleb128 0x1
 813 0276 35       		.byte	0x35
 814 0277 00       		.byte	0
 815 0278 00       		.byte	0
 816 0279 0D       		.uleb128 0xd
 817 027a C1020000 		.4byte	.LASF22
 818 027e 01       		.byte	0x1
 819 027f 47       		.byte	0x47
 820 0280 00000000 		.4byte	.LFB35
 821 0284 38000000 		.4byte	.LFE35-.LFB35
 822 0288 01       		.uleb128 0x1
 823 0289 9C       		.byte	0x9c
 824 028a 39030000 		.4byte	0x339
 825 028e 07       		.uleb128 0x7
ARM GAS  C:\Users\NGUYEN~1\AppData\Local\Temp\ccbbgXt4.s 			page 18


 826 028f 1F010000 		.4byte	.LASF19
 827 0293 01       		.byte	0x1
 828 0294 47       		.byte	0x47
 829 0295 77000000 		.4byte	0x77
 830 0299 EA000000 		.4byte	.LLST7
 831 029d 07       		.uleb128 0x7
 832 029e DE000000 		.4byte	.LASF23
 833 02a2 01       		.byte	0x1
 834 02a3 47       		.byte	0x47
 835 02a4 6B000000 		.4byte	0x6b
 836 02a8 16010000 		.4byte	.LLST8
 837 02ac 09       		.uleb128 0x9
 838 02ad 3E010000 		.4byte	.LASF17
 839 02b1 01       		.byte	0x1
 840 02b2 49       		.byte	0x49
 841 02b3 6B000000 		.4byte	0x6b
 842 02b7 37010000 		.4byte	.LLST9
 843 02bb 0A       		.uleb128 0xa
 844 02bc 10000000 		.4byte	.LVL27
 845 02c0 F8040000 		.4byte	0x4f8
 846 02c4 D9020000 		.4byte	0x2d9
 847 02c8 0B       		.uleb128 0xb
 848 02c9 01       		.uleb128 0x1
 849 02ca 50       		.byte	0x50
 850 02cb 02       		.uleb128 0x2
 851 02cc 08       		.byte	0x8
 852 02cd 50       		.byte	0x50
 853 02ce 0B       		.uleb128 0xb
 854 02cf 01       		.uleb128 0x1
 855 02d0 51       		.byte	0x51
 856 02d1 01       		.uleb128 0x1
 857 02d2 30       		.byte	0x30
 858 02d3 0B       		.uleb128 0xb
 859 02d4 01       		.uleb128 0x1
 860 02d5 52       		.byte	0x52
 861 02d6 01       		.uleb128 0x1
 862 02d7 31       		.byte	0x31
 863 02d8 00       		.byte	0
 864 02d9 0A       		.uleb128 0xa
 865 02da 1E000000 		.4byte	.LVL30
 866 02de 04050000 		.4byte	0x504
 867 02e2 F4020000 		.4byte	0x2f4
 868 02e6 0B       		.uleb128 0xb
 869 02e7 01       		.uleb128 0x1
 870 02e8 50       		.byte	0x50
 871 02e9 04       		.uleb128 0x4
 872 02ea 74       		.byte	0x74
 873 02eb 00       		.sleb128 0
 874 02ec 38       		.byte	0x38
 875 02ed 25       		.byte	0x25
 876 02ee 0B       		.uleb128 0xb
 877 02ef 01       		.uleb128 0x1
 878 02f0 51       		.byte	0x51
 879 02f1 01       		.uleb128 0x1
 880 02f2 31       		.byte	0x31
 881 02f3 00       		.byte	0
 882 02f4 0A       		.uleb128 0xa
ARM GAS  C:\Users\NGUYEN~1\AppData\Local\Temp\ccbbgXt4.s 			page 19


 883 02f5 28000000 		.4byte	.LVL31
 884 02f9 04050000 		.4byte	0x504
 885 02fd 10030000 		.4byte	0x310
 886 0301 0B       		.uleb128 0xb
 887 0302 01       		.uleb128 0x1
 888 0303 50       		.byte	0x50
 889 0304 05       		.uleb128 0x5
 890 0305 74       		.byte	0x74
 891 0306 00       		.sleb128 0
 892 0307 08       		.byte	0x8
 893 0308 FF       		.byte	0xff
 894 0309 1A       		.byte	0x1a
 895 030a 0B       		.uleb128 0xb
 896 030b 01       		.uleb128 0x1
 897 030c 51       		.byte	0x51
 898 030d 01       		.uleb128 0x1
 899 030e 31       		.byte	0x31
 900 030f 00       		.byte	0
 901 0310 0A       		.uleb128 0xa
 902 0311 30000000 		.4byte	.LVL32
 903 0315 04050000 		.4byte	0x504
 904 0319 29030000 		.4byte	0x329
 905 031d 0B       		.uleb128 0xb
 906 031e 01       		.uleb128 0x1
 907 031f 50       		.byte	0x50
 908 0320 02       		.uleb128 0x2
 909 0321 75       		.byte	0x75
 910 0322 00       		.sleb128 0
 911 0323 0B       		.uleb128 0xb
 912 0324 01       		.uleb128 0x1
 913 0325 51       		.byte	0x51
 914 0326 01       		.uleb128 0x1
 915 0327 31       		.byte	0x31
 916 0328 00       		.byte	0
 917 0329 0C       		.uleb128 0xc
 918 032a 36000000 		.4byte	.LVL33
 919 032e 28050000 		.4byte	0x528
 920 0332 0B       		.uleb128 0xb
 921 0333 01       		.uleb128 0x1
 922 0334 50       		.byte	0x50
 923 0335 01       		.uleb128 0x1
 924 0336 35       		.byte	0x35
 925 0337 00       		.byte	0
 926 0338 00       		.byte	0
 927 0339 0D       		.uleb128 0xd
 928 033a 29000000 		.4byte	.LASF24
 929 033e 01       		.byte	0x1
 930 033f 59       		.byte	0x59
 931 0340 00000000 		.4byte	.LFB36
 932 0344 2E000000 		.4byte	.LFE36-.LFB36
 933 0348 01       		.uleb128 0x1
 934 0349 9C       		.byte	0x9c
 935 034a DB030000 		.4byte	0x3db
 936 034e 07       		.uleb128 0x7
 937 034f 1F010000 		.4byte	.LASF19
 938 0353 01       		.byte	0x1
 939 0354 59       		.byte	0x59
ARM GAS  C:\Users\NGUYEN~1\AppData\Local\Temp\ccbbgXt4.s 			page 20


 940 0355 77000000 		.4byte	0x77
 941 0359 4A010000 		.4byte	.LLST10
 942 035d 07       		.uleb128 0x7
 943 035e DE000000 		.4byte	.LASF23
 944 0362 01       		.byte	0x1
 945 0363 59       		.byte	0x59
 946 0364 6B000000 		.4byte	0x6b
 947 0368 76010000 		.4byte	.LLST11
 948 036c 09       		.uleb128 0x9
 949 036d 3E010000 		.4byte	.LASF17
 950 0371 01       		.byte	0x1
 951 0372 5B       		.byte	0x5b
 952 0373 6B000000 		.4byte	0x6b
 953 0377 97010000 		.4byte	.LLST12
 954 037b 0A       		.uleb128 0xa
 955 037c 10000000 		.4byte	.LVL37
 956 0380 F8040000 		.4byte	0x4f8
 957 0384 99030000 		.4byte	0x399
 958 0388 0B       		.uleb128 0xb
 959 0389 01       		.uleb128 0x1
 960 038a 50       		.byte	0x50
 961 038b 02       		.uleb128 0x2
 962 038c 08       		.byte	0x8
 963 038d 50       		.byte	0x50
 964 038e 0B       		.uleb128 0xb
 965 038f 01       		.uleb128 0x1
 966 0390 51       		.byte	0x51
 967 0391 01       		.uleb128 0x1
 968 0392 30       		.byte	0x30
 969 0393 0B       		.uleb128 0xb
 970 0394 01       		.uleb128 0x1
 971 0395 52       		.byte	0x52
 972 0396 01       		.uleb128 0x1
 973 0397 31       		.byte	0x31
 974 0398 00       		.byte	0
 975 0399 0A       		.uleb128 0xa
 976 039a 1E000000 		.4byte	.LVL40
 977 039e 04050000 		.4byte	0x504
 978 03a2 B2030000 		.4byte	0x3b2
 979 03a6 0B       		.uleb128 0xb
 980 03a7 01       		.uleb128 0x1
 981 03a8 50       		.byte	0x50
 982 03a9 02       		.uleb128 0x2
 983 03aa 75       		.byte	0x75
 984 03ab 00       		.sleb128 0
 985 03ac 0B       		.uleb128 0xb
 986 03ad 01       		.uleb128 0x1
 987 03ae 51       		.byte	0x51
 988 03af 01       		.uleb128 0x1
 989 03b0 31       		.byte	0x31
 990 03b1 00       		.byte	0
 991 03b2 0A       		.uleb128 0xa
 992 03b3 26000000 		.4byte	.LVL41
 993 03b7 04050000 		.4byte	0x504
 994 03bb CB030000 		.4byte	0x3cb
 995 03bf 0B       		.uleb128 0xb
 996 03c0 01       		.uleb128 0x1
ARM GAS  C:\Users\NGUYEN~1\AppData\Local\Temp\ccbbgXt4.s 			page 21


 997 03c1 50       		.byte	0x50
 998 03c2 02       		.uleb128 0x2
 999 03c3 74       		.byte	0x74
 1000 03c4 00       		.sleb128 0
 1001 03c5 0B       		.uleb128 0xb
 1002 03c6 01       		.uleb128 0x1
 1003 03c7 51       		.byte	0x51
 1004 03c8 01       		.uleb128 0x1
 1005 03c9 31       		.byte	0x31
 1006 03ca 00       		.byte	0
 1007 03cb 0C       		.uleb128 0xc
 1008 03cc 2C000000 		.4byte	.LVL42
 1009 03d0 28050000 		.4byte	0x528
 1010 03d4 0B       		.uleb128 0xb
 1011 03d5 01       		.uleb128 0x1
 1012 03d6 50       		.byte	0x50
 1013 03d7 01       		.uleb128 0x1
 1014 03d8 35       		.byte	0x35
 1015 03d9 00       		.byte	0
 1016 03da 00       		.byte	0
 1017 03db 0D       		.uleb128 0xd
 1018 03dc 62000000 		.4byte	.LASF25
 1019 03e0 01       		.byte	0x1
 1020 03e1 67       		.byte	0x67
 1021 03e2 00000000 		.4byte	.LFB37
 1022 03e6 3E000000 		.4byte	.LFE37-.LFB37
 1023 03ea 01       		.uleb128 0x1
 1024 03eb 9C       		.byte	0x9c
 1025 03ec 93040000 		.4byte	0x493
 1026 03f0 07       		.uleb128 0x7
 1027 03f1 1F010000 		.4byte	.LASF19
 1028 03f5 01       		.byte	0x1
 1029 03f6 67       		.byte	0x67
 1030 03f7 6B000000 		.4byte	0x6b
 1031 03fb AA010000 		.4byte	.LLST13
 1032 03ff 07       		.uleb128 0x7
 1033 0400 DE000000 		.4byte	.LASF23
 1034 0404 01       		.byte	0x1
 1035 0405 67       		.byte	0x67
 1036 0406 93040000 		.4byte	0x493
 1037 040a CB010000 		.4byte	.LLST14
 1038 040e 07       		.uleb128 0x7
 1039 040f BA020000 		.4byte	.LASF20
 1040 0413 01       		.byte	0x1
 1041 0414 67       		.byte	0x67
 1042 0415 6B000000 		.4byte	0x6b
 1043 0419 F7010000 		.4byte	.LLST15
 1044 041d 09       		.uleb128 0x9
 1045 041e 3E010000 		.4byte	.LASF17
 1046 0422 01       		.byte	0x1
 1047 0423 69       		.byte	0x69
 1048 0424 6B000000 		.4byte	0x6b
 1049 0428 18020000 		.4byte	.LLST16
 1050 042c 0E       		.uleb128 0xe
 1051 042d 6900     		.ascii	"i\000"
 1052 042f 01       		.byte	0x1
 1053 0430 69       		.byte	0x69
ARM GAS  C:\Users\NGUYEN~1\AppData\Local\Temp\ccbbgXt4.s 			page 22


 1054 0431 6B000000 		.4byte	0x6b
 1055 0435 2B020000 		.4byte	.LLST17
 1056 0439 0A       		.uleb128 0xa
 1057 043a 12000000 		.4byte	.LVL46
 1058 043e F8040000 		.4byte	0x4f8
 1059 0442 57040000 		.4byte	0x457
 1060 0446 0B       		.uleb128 0xb
 1061 0447 01       		.uleb128 0x1
 1062 0448 50       		.byte	0x50
 1063 0449 02       		.uleb128 0x2
 1064 044a 08       		.byte	0x8
 1065 044b 50       		.byte	0x50
 1066 044c 0B       		.uleb128 0xb
 1067 044d 01       		.uleb128 0x1
 1068 044e 51       		.byte	0x51
 1069 044f 01       		.uleb128 0x1
 1070 0450 30       		.byte	0x30
 1071 0451 0B       		.uleb128 0xb
 1072 0452 01       		.uleb128 0x1
 1073 0453 52       		.byte	0x52
 1074 0454 01       		.uleb128 0x1
 1075 0455 31       		.byte	0x31
 1076 0456 00       		.byte	0
 1077 0457 0A       		.uleb128 0xa
 1078 0458 20000000 		.4byte	.LVL49
 1079 045c 04050000 		.4byte	0x504
 1080 0460 70040000 		.4byte	0x470
 1081 0464 0B       		.uleb128 0xb
 1082 0465 01       		.uleb128 0x1
 1083 0466 50       		.byte	0x50
 1084 0467 02       		.uleb128 0x2
 1085 0468 74       		.byte	0x74
 1086 0469 00       		.sleb128 0
 1087 046a 0B       		.uleb128 0xb
 1088 046b 01       		.uleb128 0x1
 1089 046c 51       		.byte	0x51
 1090 046d 01       		.uleb128 0x1
 1091 046e 31       		.byte	0x31
 1092 046f 00       		.byte	0
 1093 0470 0A       		.uleb128 0xa
 1094 0471 2E000000 		.4byte	.LVL51
 1095 0475 04050000 		.4byte	0x504
 1096 0479 83040000 		.4byte	0x483
 1097 047d 0B       		.uleb128 0xb
 1098 047e 01       		.uleb128 0x1
 1099 047f 51       		.byte	0x51
 1100 0480 01       		.uleb128 0x1
 1101 0481 31       		.byte	0x31
 1102 0482 00       		.byte	0
 1103 0483 0C       		.uleb128 0xc
 1104 0484 3C000000 		.4byte	.LVL54
 1105 0488 28050000 		.4byte	0x528
 1106 048c 0B       		.uleb128 0xb
 1107 048d 01       		.uleb128 0x1
 1108 048e 50       		.byte	0x50
 1109 048f 01       		.uleb128 0x1
 1110 0490 35       		.byte	0x35
ARM GAS  C:\Users\NGUYEN~1\AppData\Local\Temp\ccbbgXt4.s 			page 23


 1111 0491 00       		.byte	0
 1112 0492 00       		.byte	0
 1113 0493 05       		.uleb128 0x5
 1114 0494 04       		.byte	0x4
 1115 0495 77000000 		.4byte	0x77
 1116 0499 0F       		.uleb128 0xf
 1117 049a CA000000 		.4byte	.LASF26
 1118 049e 01       		.byte	0x1
 1119 049f 76       		.byte	0x76
 1120 04a0 6B000000 		.4byte	0x6b
 1121 04a4 00000000 		.4byte	.LFB38
 1122 04a8 48000000 		.4byte	.LFE38-.LFB38
 1123 04ac 01       		.uleb128 0x1
 1124 04ad 9C       		.byte	0x9c
 1125 04ae F8040000 		.4byte	0x4f8
 1126 04b2 08       		.uleb128 0x8
 1127 04b3 46000000 		.4byte	.LASF27
 1128 04b7 01       		.byte	0x1
 1129 04b8 78       		.byte	0x78
 1130 04b9 5D000000 		.4byte	0x5d
 1131 04bd 05       		.uleb128 0x5
 1132 04be 03       		.byte	0x3
 1133 04bf 00000000 		.4byte	counter.6578
 1134 04c3 09       		.uleb128 0x9
 1135 04c4 3E010000 		.4byte	.LASF17
 1136 04c8 01       		.byte	0x1
 1137 04c9 79       		.byte	0x79
 1138 04ca 6B000000 		.4byte	0x6b
 1139 04ce 55020000 		.4byte	.LLST18
 1140 04d2 08       		.uleb128 0x8
 1141 04d3 1F010000 		.4byte	.LASF19
 1142 04d7 01       		.byte	0x1
 1143 04d8 7A       		.byte	0x7a
 1144 04d9 6B000000 		.4byte	0x6b
 1145 04dd 05       		.uleb128 0x5
 1146 04de 03       		.byte	0x3
 1147 04df 00000000 		.4byte	address.6580
 1148 04e3 0C       		.uleb128 0xc
 1149 04e4 16000000 		.4byte	.LVL57
 1150 04e8 F8040000 		.4byte	0x4f8
 1151 04ec 0B       		.uleb128 0xb
 1152 04ed 01       		.uleb128 0x1
 1153 04ee 51       		.byte	0x51
 1154 04ef 01       		.uleb128 0x1
 1155 04f0 30       		.byte	0x30
 1156 04f1 0B       		.uleb128 0xb
 1157 04f2 01       		.uleb128 0x1
 1158 04f3 52       		.byte	0x52
 1159 04f4 01       		.uleb128 0x1
 1160 04f5 31       		.byte	0x31
 1161 04f6 00       		.byte	0
 1162 04f7 00       		.byte	0
 1163 04f8 10       		.uleb128 0x10
 1164 04f9 8B000000 		.4byte	.LASF28
 1165 04fd 8B000000 		.4byte	.LASF28
 1166 0501 03       		.byte	0x3
 1167 0502 1B01     		.2byte	0x11b
ARM GAS  C:\Users\NGUYEN~1\AppData\Local\Temp\ccbbgXt4.s 			page 24


 1168 0504 10       		.uleb128 0x10
 1169 0505 12000000 		.4byte	.LASF29
 1170 0509 12000000 		.4byte	.LASF29
 1171 050d 03       		.byte	0x3
 1172 050e 1E01     		.2byte	0x11e
 1173 0510 10       		.uleb128 0x10
 1174 0511 55020000 		.4byte	.LASF30
 1175 0515 55020000 		.4byte	.LASF30
 1176 0519 03       		.byte	0x3
 1177 051a 1C01     		.2byte	0x11c
 1178 051c 10       		.uleb128 0x10
 1179 051d A2000000 		.4byte	.LASF31
 1180 0521 A2000000 		.4byte	.LASF31
 1181 0525 03       		.byte	0x3
 1182 0526 1F01     		.2byte	0x11f
 1183 0528 10       		.uleb128 0x10
 1184 0529 DC010000 		.4byte	.LASF32
 1185 052d DC010000 		.4byte	.LASF32
 1186 0531 03       		.byte	0x3
 1187 0532 1D01     		.2byte	0x11d
 1188 0534 00       		.byte	0
 1189              		.section	.debug_abbrev,"",%progbits
 1190              	.Ldebug_abbrev0:
 1191 0000 01       		.uleb128 0x1
 1192 0001 11       		.uleb128 0x11
 1193 0002 01       		.byte	0x1
 1194 0003 25       		.uleb128 0x25
 1195 0004 0E       		.uleb128 0xe
 1196 0005 13       		.uleb128 0x13
 1197 0006 0B       		.uleb128 0xb
 1198 0007 03       		.uleb128 0x3
 1199 0008 0E       		.uleb128 0xe
 1200 0009 1B       		.uleb128 0x1b
 1201 000a 0E       		.uleb128 0xe
 1202 000b 55       		.uleb128 0x55
 1203 000c 17       		.uleb128 0x17
 1204 000d 11       		.uleb128 0x11
 1205 000e 01       		.uleb128 0x1
 1206 000f 10       		.uleb128 0x10
 1207 0010 17       		.uleb128 0x17
 1208 0011 00       		.byte	0
 1209 0012 00       		.byte	0
 1210 0013 02       		.uleb128 0x2
 1211 0014 24       		.uleb128 0x24
 1212 0015 00       		.byte	0
 1213 0016 0B       		.uleb128 0xb
 1214 0017 0B       		.uleb128 0xb
 1215 0018 3E       		.uleb128 0x3e
 1216 0019 0B       		.uleb128 0xb
 1217 001a 03       		.uleb128 0x3
 1218 001b 0E       		.uleb128 0xe
 1219 001c 00       		.byte	0
 1220 001d 00       		.byte	0
 1221 001e 03       		.uleb128 0x3
 1222 001f 24       		.uleb128 0x24
 1223 0020 00       		.byte	0
 1224 0021 0B       		.uleb128 0xb
ARM GAS  C:\Users\NGUYEN~1\AppData\Local\Temp\ccbbgXt4.s 			page 25


 1225 0022 0B       		.uleb128 0xb
 1226 0023 3E       		.uleb128 0x3e
 1227 0024 0B       		.uleb128 0xb
 1228 0025 03       		.uleb128 0x3
 1229 0026 08       		.uleb128 0x8
 1230 0027 00       		.byte	0
 1231 0028 00       		.byte	0
 1232 0029 04       		.uleb128 0x4
 1233 002a 16       		.uleb128 0x16
 1234 002b 00       		.byte	0
 1235 002c 03       		.uleb128 0x3
 1236 002d 0E       		.uleb128 0xe
 1237 002e 3A       		.uleb128 0x3a
 1238 002f 0B       		.uleb128 0xb
 1239 0030 3B       		.uleb128 0x3b
 1240 0031 05       		.uleb128 0x5
 1241 0032 49       		.uleb128 0x49
 1242 0033 13       		.uleb128 0x13
 1243 0034 00       		.byte	0
 1244 0035 00       		.byte	0
 1245 0036 05       		.uleb128 0x5
 1246 0037 0F       		.uleb128 0xf
 1247 0038 00       		.byte	0
 1248 0039 0B       		.uleb128 0xb
 1249 003a 0B       		.uleb128 0xb
 1250 003b 49       		.uleb128 0x49
 1251 003c 13       		.uleb128 0x13
 1252 003d 00       		.byte	0
 1253 003e 00       		.byte	0
 1254 003f 06       		.uleb128 0x6
 1255 0040 2E       		.uleb128 0x2e
 1256 0041 01       		.byte	0x1
 1257 0042 3F       		.uleb128 0x3f
 1258 0043 19       		.uleb128 0x19
 1259 0044 03       		.uleb128 0x3
 1260 0045 0E       		.uleb128 0xe
 1261 0046 3A       		.uleb128 0x3a
 1262 0047 0B       		.uleb128 0xb
 1263 0048 3B       		.uleb128 0x3b
 1264 0049 0B       		.uleb128 0xb
 1265 004a 27       		.uleb128 0x27
 1266 004b 19       		.uleb128 0x19
 1267 004c 49       		.uleb128 0x49
 1268 004d 13       		.uleb128 0x13
 1269 004e 11       		.uleb128 0x11
 1270 004f 01       		.uleb128 0x1
 1271 0050 12       		.uleb128 0x12
 1272 0051 06       		.uleb128 0x6
 1273 0052 40       		.uleb128 0x40
 1274 0053 18       		.uleb128 0x18
 1275 0054 9742     		.uleb128 0x2117
 1276 0056 19       		.uleb128 0x19
 1277 0057 01       		.uleb128 0x1
 1278 0058 13       		.uleb128 0x13
 1279 0059 00       		.byte	0
 1280 005a 00       		.byte	0
 1281 005b 07       		.uleb128 0x7
ARM GAS  C:\Users\NGUYEN~1\AppData\Local\Temp\ccbbgXt4.s 			page 26


 1282 005c 05       		.uleb128 0x5
 1283 005d 00       		.byte	0
 1284 005e 03       		.uleb128 0x3
 1285 005f 0E       		.uleb128 0xe
 1286 0060 3A       		.uleb128 0x3a
 1287 0061 0B       		.uleb128 0xb
 1288 0062 3B       		.uleb128 0x3b
 1289 0063 0B       		.uleb128 0xb
 1290 0064 49       		.uleb128 0x49
 1291 0065 13       		.uleb128 0x13
 1292 0066 02       		.uleb128 0x2
 1293 0067 17       		.uleb128 0x17
 1294 0068 00       		.byte	0
 1295 0069 00       		.byte	0
 1296 006a 08       		.uleb128 0x8
 1297 006b 34       		.uleb128 0x34
 1298 006c 00       		.byte	0
 1299 006d 03       		.uleb128 0x3
 1300 006e 0E       		.uleb128 0xe
 1301 006f 3A       		.uleb128 0x3a
 1302 0070 0B       		.uleb128 0xb
 1303 0071 3B       		.uleb128 0x3b
 1304 0072 0B       		.uleb128 0xb
 1305 0073 49       		.uleb128 0x49
 1306 0074 13       		.uleb128 0x13
 1307 0075 02       		.uleb128 0x2
 1308 0076 18       		.uleb128 0x18
 1309 0077 00       		.byte	0
 1310 0078 00       		.byte	0
 1311 0079 09       		.uleb128 0x9
 1312 007a 34       		.uleb128 0x34
 1313 007b 00       		.byte	0
 1314 007c 03       		.uleb128 0x3
 1315 007d 0E       		.uleb128 0xe
 1316 007e 3A       		.uleb128 0x3a
 1317 007f 0B       		.uleb128 0xb
 1318 0080 3B       		.uleb128 0x3b
 1319 0081 0B       		.uleb128 0xb
 1320 0082 49       		.uleb128 0x49
 1321 0083 13       		.uleb128 0x13
 1322 0084 02       		.uleb128 0x2
 1323 0085 17       		.uleb128 0x17
 1324 0086 00       		.byte	0
 1325 0087 00       		.byte	0
 1326 0088 0A       		.uleb128 0xa
 1327 0089 898201   		.uleb128 0x4109
 1328 008c 01       		.byte	0x1
 1329 008d 11       		.uleb128 0x11
 1330 008e 01       		.uleb128 0x1
 1331 008f 31       		.uleb128 0x31
 1332 0090 13       		.uleb128 0x13
 1333 0091 01       		.uleb128 0x1
 1334 0092 13       		.uleb128 0x13
 1335 0093 00       		.byte	0
 1336 0094 00       		.byte	0
 1337 0095 0B       		.uleb128 0xb
 1338 0096 8A8201   		.uleb128 0x410a
ARM GAS  C:\Users\NGUYEN~1\AppData\Local\Temp\ccbbgXt4.s 			page 27


 1339 0099 00       		.byte	0
 1340 009a 02       		.uleb128 0x2
 1341 009b 18       		.uleb128 0x18
 1342 009c 9142     		.uleb128 0x2111
 1343 009e 18       		.uleb128 0x18
 1344 009f 00       		.byte	0
 1345 00a0 00       		.byte	0
 1346 00a1 0C       		.uleb128 0xc
 1347 00a2 898201   		.uleb128 0x4109
 1348 00a5 01       		.byte	0x1
 1349 00a6 11       		.uleb128 0x11
 1350 00a7 01       		.uleb128 0x1
 1351 00a8 31       		.uleb128 0x31
 1352 00a9 13       		.uleb128 0x13
 1353 00aa 00       		.byte	0
 1354 00ab 00       		.byte	0
 1355 00ac 0D       		.uleb128 0xd
 1356 00ad 2E       		.uleb128 0x2e
 1357 00ae 01       		.byte	0x1
 1358 00af 3F       		.uleb128 0x3f
 1359 00b0 19       		.uleb128 0x19
 1360 00b1 03       		.uleb128 0x3
 1361 00b2 0E       		.uleb128 0xe
 1362 00b3 3A       		.uleb128 0x3a
 1363 00b4 0B       		.uleb128 0xb
 1364 00b5 3B       		.uleb128 0x3b
 1365 00b6 0B       		.uleb128 0xb
 1366 00b7 27       		.uleb128 0x27
 1367 00b8 19       		.uleb128 0x19
 1368 00b9 11       		.uleb128 0x11
 1369 00ba 01       		.uleb128 0x1
 1370 00bb 12       		.uleb128 0x12
 1371 00bc 06       		.uleb128 0x6
 1372 00bd 40       		.uleb128 0x40
 1373 00be 18       		.uleb128 0x18
 1374 00bf 9742     		.uleb128 0x2117
 1375 00c1 19       		.uleb128 0x19
 1376 00c2 01       		.uleb128 0x1
 1377 00c3 13       		.uleb128 0x13
 1378 00c4 00       		.byte	0
 1379 00c5 00       		.byte	0
 1380 00c6 0E       		.uleb128 0xe
 1381 00c7 34       		.uleb128 0x34
 1382 00c8 00       		.byte	0
 1383 00c9 03       		.uleb128 0x3
 1384 00ca 08       		.uleb128 0x8
 1385 00cb 3A       		.uleb128 0x3a
 1386 00cc 0B       		.uleb128 0xb
 1387 00cd 3B       		.uleb128 0x3b
 1388 00ce 0B       		.uleb128 0xb
 1389 00cf 49       		.uleb128 0x49
 1390 00d0 13       		.uleb128 0x13
 1391 00d1 02       		.uleb128 0x2
 1392 00d2 17       		.uleb128 0x17
 1393 00d3 00       		.byte	0
 1394 00d4 00       		.byte	0
 1395 00d5 0F       		.uleb128 0xf
ARM GAS  C:\Users\NGUYEN~1\AppData\Local\Temp\ccbbgXt4.s 			page 28


 1396 00d6 2E       		.uleb128 0x2e
 1397 00d7 01       		.byte	0x1
 1398 00d8 3F       		.uleb128 0x3f
 1399 00d9 19       		.uleb128 0x19
 1400 00da 03       		.uleb128 0x3
 1401 00db 0E       		.uleb128 0xe
 1402 00dc 3A       		.uleb128 0x3a
 1403 00dd 0B       		.uleb128 0xb
 1404 00de 3B       		.uleb128 0x3b
 1405 00df 0B       		.uleb128 0xb
 1406 00e0 49       		.uleb128 0x49
 1407 00e1 13       		.uleb128 0x13
 1408 00e2 11       		.uleb128 0x11
 1409 00e3 01       		.uleb128 0x1
 1410 00e4 12       		.uleb128 0x12
 1411 00e5 06       		.uleb128 0x6
 1412 00e6 40       		.uleb128 0x40
 1413 00e7 18       		.uleb128 0x18
 1414 00e8 9742     		.uleb128 0x2117
 1415 00ea 19       		.uleb128 0x19
 1416 00eb 01       		.uleb128 0x1
 1417 00ec 13       		.uleb128 0x13
 1418 00ed 00       		.byte	0
 1419 00ee 00       		.byte	0
 1420 00ef 10       		.uleb128 0x10
 1421 00f0 2E       		.uleb128 0x2e
 1422 00f1 00       		.byte	0
 1423 00f2 3F       		.uleb128 0x3f
 1424 00f3 19       		.uleb128 0x19
 1425 00f4 3C       		.uleb128 0x3c
 1426 00f5 19       		.uleb128 0x19
 1427 00f6 6E       		.uleb128 0x6e
 1428 00f7 0E       		.uleb128 0xe
 1429 00f8 03       		.uleb128 0x3
 1430 00f9 0E       		.uleb128 0xe
 1431 00fa 3A       		.uleb128 0x3a
 1432 00fb 0B       		.uleb128 0xb
 1433 00fc 3B       		.uleb128 0x3b
 1434 00fd 05       		.uleb128 0x5
 1435 00fe 00       		.byte	0
 1436 00ff 00       		.byte	0
 1437 0100 00       		.byte	0
 1438              		.section	.debug_loc,"",%progbits
 1439              	.Ldebug_loc0:
 1440              	.LLST0:
 1441 0000 00000000 		.4byte	.LVL0
 1442 0004 06000000 		.4byte	.LVL1
 1443 0008 0100     		.2byte	0x1
 1444 000a 50       		.byte	0x50
 1445 000b 06000000 		.4byte	.LVL1
 1446 000f 2C000000 		.4byte	.LVL7
 1447 0013 0100     		.2byte	0x1
 1448 0015 54       		.byte	0x54
 1449 0016 2C000000 		.4byte	.LVL7
 1450 001a 42000000 		.4byte	.LFE33
 1451 001e 0400     		.2byte	0x4
 1452 0020 F3       		.byte	0xf3
ARM GAS  C:\Users\NGUYEN~1\AppData\Local\Temp\ccbbgXt4.s 			page 29


 1453 0021 01       		.uleb128 0x1
 1454 0022 50       		.byte	0x50
 1455 0023 9F       		.byte	0x9f
 1456 0024 00000000 		.4byte	0
 1457 0028 00000000 		.4byte	0
 1458              	.LLST1:
 1459 002c 12000000 		.4byte	.LVL3
 1460 0030 1A000000 		.4byte	.LVL4
 1461 0034 0100     		.2byte	0x1
 1462 0036 50       		.byte	0x50
 1463 0037 00000000 		.4byte	0
 1464 003b 00000000 		.4byte	0
 1465              	.LLST2:
 1466 003f 00000000 		.4byte	.LVL10
 1467 0043 08000000 		.4byte	.LVL11
 1468 0047 0100     		.2byte	0x1
 1469 0049 50       		.byte	0x50
 1470 004a 08000000 		.4byte	.LVL11
 1471 004e 54000000 		.4byte	.LFE34
 1472 0052 0400     		.2byte	0x4
 1473 0054 F3       		.byte	0xf3
 1474 0055 01       		.uleb128 0x1
 1475 0056 50       		.byte	0x50
 1476 0057 9F       		.byte	0x9f
 1477 0058 00000000 		.4byte	0
 1478 005c 00000000 		.4byte	0
 1479              	.LLST3:
 1480 0060 00000000 		.4byte	.LVL10
 1481 0064 08000000 		.4byte	.LVL11
 1482 0068 0100     		.2byte	0x1
 1483 006a 51       		.byte	0x51
 1484 006b 08000000 		.4byte	.LVL11
 1485 006f 52000000 		.4byte	.LVL24
 1486 0073 0100     		.2byte	0x1
 1487 0075 55       		.byte	0x55
 1488 0076 52000000 		.4byte	.LVL24
 1489 007a 54000000 		.4byte	.LFE34
 1490 007e 0400     		.2byte	0x4
 1491 0080 F3       		.byte	0xf3
 1492 0081 01       		.uleb128 0x1
 1493 0082 51       		.byte	0x51
 1494 0083 9F       		.byte	0x9f
 1495 0084 00000000 		.4byte	0
 1496 0088 00000000 		.4byte	0
 1497              	.LLST4:
 1498 008c 00000000 		.4byte	.LVL10
 1499 0090 08000000 		.4byte	.LVL11
 1500 0094 0100     		.2byte	0x1
 1501 0096 52       		.byte	0x52
 1502 0097 08000000 		.4byte	.LVL11
 1503 009b 54000000 		.4byte	.LFE34
 1504 009f 0400     		.2byte	0x4
 1505 00a1 F3       		.byte	0xf3
 1506 00a2 01       		.uleb128 0x1
 1507 00a3 52       		.byte	0x52
 1508 00a4 9F       		.byte	0x9f
 1509 00a5 00000000 		.4byte	0
ARM GAS  C:\Users\NGUYEN~1\AppData\Local\Temp\ccbbgXt4.s 			page 30


 1510 00a9 00000000 		.4byte	0
 1511              	.LLST5:
 1512 00ad 14000000 		.4byte	.LVL13
 1513 00b1 1C000000 		.4byte	.LVL14
 1514 00b5 0100     		.2byte	0x1
 1515 00b7 50       		.byte	0x50
 1516 00b8 00000000 		.4byte	0
 1517 00bc 00000000 		.4byte	0
 1518              	.LLST6:
 1519 00c0 2A000000 		.4byte	.LVL16
 1520 00c4 2E000000 		.4byte	.LVL17
 1521 00c8 0200     		.2byte	0x2
 1522 00ca 30       		.byte	0x30
 1523 00cb 9F       		.byte	0x9f
 1524 00cc 2E000000 		.4byte	.LVL17
 1525 00d0 3A000000 		.4byte	.LVL19
 1526 00d4 0100     		.2byte	0x1
 1527 00d6 54       		.byte	0x54
 1528 00d7 3C000000 		.4byte	.LVL20
 1529 00db 52000000 		.4byte	.LVL23
 1530 00df 0100     		.2byte	0x1
 1531 00e1 54       		.byte	0x54
 1532 00e2 00000000 		.4byte	0
 1533 00e6 00000000 		.4byte	0
 1534              	.LLST7:
 1535 00ea 00000000 		.4byte	.LVL25
 1536 00ee 06000000 		.4byte	.LVL26
 1537 00f2 0100     		.2byte	0x1
 1538 00f4 50       		.byte	0x50
 1539 00f5 06000000 		.4byte	.LVL26
 1540 00f9 36000000 		.4byte	.LVL34
 1541 00fd 0100     		.2byte	0x1
 1542 00ff 54       		.byte	0x54
 1543 0100 36000000 		.4byte	.LVL34
 1544 0104 38000000 		.4byte	.LFE35
 1545 0108 0400     		.2byte	0x4
 1546 010a F3       		.byte	0xf3
 1547 010b 01       		.uleb128 0x1
 1548 010c 50       		.byte	0x50
 1549 010d 9F       		.byte	0x9f
 1550 010e 00000000 		.4byte	0
 1551 0112 00000000 		.4byte	0
 1552              	.LLST8:
 1553 0116 00000000 		.4byte	.LVL25
 1554 011a 06000000 		.4byte	.LVL26
 1555 011e 0100     		.2byte	0x1
 1556 0120 51       		.byte	0x51
 1557 0121 06000000 		.4byte	.LVL26
 1558 0125 38000000 		.4byte	.LFE35
 1559 0129 0400     		.2byte	0x4
 1560 012b F3       		.byte	0xf3
 1561 012c 01       		.uleb128 0x1
 1562 012d 51       		.byte	0x51
 1563 012e 9F       		.byte	0x9f
 1564 012f 00000000 		.4byte	0
 1565 0133 00000000 		.4byte	0
 1566              	.LLST9:
ARM GAS  C:\Users\NGUYEN~1\AppData\Local\Temp\ccbbgXt4.s 			page 31


 1567 0137 12000000 		.4byte	.LVL28
 1568 013b 18000000 		.4byte	.LVL29
 1569 013f 0100     		.2byte	0x1
 1570 0141 50       		.byte	0x50
 1571 0142 00000000 		.4byte	0
 1572 0146 00000000 		.4byte	0
 1573              	.LLST10:
 1574 014a 00000000 		.4byte	.LVL35
 1575 014e 06000000 		.4byte	.LVL36
 1576 0152 0100     		.2byte	0x1
 1577 0154 50       		.byte	0x50
 1578 0155 06000000 		.4byte	.LVL36
 1579 0159 2C000000 		.4byte	.LVL43
 1580 015d 0100     		.2byte	0x1
 1581 015f 55       		.byte	0x55
 1582 0160 2C000000 		.4byte	.LVL43
 1583 0164 2E000000 		.4byte	.LFE36
 1584 0168 0400     		.2byte	0x4
 1585 016a F3       		.byte	0xf3
 1586 016b 01       		.uleb128 0x1
 1587 016c 50       		.byte	0x50
 1588 016d 9F       		.byte	0x9f
 1589 016e 00000000 		.4byte	0
 1590 0172 00000000 		.4byte	0
 1591              	.LLST11:
 1592 0176 00000000 		.4byte	.LVL35
 1593 017a 06000000 		.4byte	.LVL36
 1594 017e 0100     		.2byte	0x1
 1595 0180 51       		.byte	0x51
 1596 0181 06000000 		.4byte	.LVL36
 1597 0185 2E000000 		.4byte	.LFE36
 1598 0189 0400     		.2byte	0x4
 1599 018b F3       		.byte	0xf3
 1600 018c 01       		.uleb128 0x1
 1601 018d 51       		.byte	0x51
 1602 018e 9F       		.byte	0x9f
 1603 018f 00000000 		.4byte	0
 1604 0193 00000000 		.4byte	0
 1605              	.LLST12:
 1606 0197 12000000 		.4byte	.LVL38
 1607 019b 1A000000 		.4byte	.LVL39
 1608 019f 0100     		.2byte	0x1
 1609 01a1 50       		.byte	0x50
 1610 01a2 00000000 		.4byte	0
 1611 01a6 00000000 		.4byte	0
 1612              	.LLST13:
 1613 01aa 00000000 		.4byte	.LVL44
 1614 01ae 08000000 		.4byte	.LVL45
 1615 01b2 0100     		.2byte	0x1
 1616 01b4 50       		.byte	0x50
 1617 01b5 08000000 		.4byte	.LVL45
 1618 01b9 3E000000 		.4byte	.LFE37
 1619 01bd 0400     		.2byte	0x4
 1620 01bf F3       		.byte	0xf3
 1621 01c0 01       		.uleb128 0x1
 1622 01c1 50       		.byte	0x50
 1623 01c2 9F       		.byte	0x9f
ARM GAS  C:\Users\NGUYEN~1\AppData\Local\Temp\ccbbgXt4.s 			page 32


 1624 01c3 00000000 		.4byte	0
 1625 01c7 00000000 		.4byte	0
 1626              	.LLST14:
 1627 01cb 00000000 		.4byte	.LVL44
 1628 01cf 08000000 		.4byte	.LVL45
 1629 01d3 0100     		.2byte	0x1
 1630 01d5 51       		.byte	0x51
 1631 01d6 08000000 		.4byte	.LVL45
 1632 01da 3C000000 		.4byte	.LVL56
 1633 01de 0100     		.2byte	0x1
 1634 01e0 56       		.byte	0x56
 1635 01e1 3C000000 		.4byte	.LVL56
 1636 01e5 3E000000 		.4byte	.LFE37
 1637 01e9 0400     		.2byte	0x4
 1638 01eb F3       		.byte	0xf3
 1639 01ec 01       		.uleb128 0x1
 1640 01ed 51       		.byte	0x51
 1641 01ee 9F       		.byte	0x9f
 1642 01ef 00000000 		.4byte	0
 1643 01f3 00000000 		.4byte	0
 1644              	.LLST15:
 1645 01f7 00000000 		.4byte	.LVL44
 1646 01fb 08000000 		.4byte	.LVL45
 1647 01ff 0100     		.2byte	0x1
 1648 0201 52       		.byte	0x52
 1649 0202 08000000 		.4byte	.LVL45
 1650 0206 3E000000 		.4byte	.LFE37
 1651 020a 0400     		.2byte	0x4
 1652 020c F3       		.byte	0xf3
 1653 020d 01       		.uleb128 0x1
 1654 020e 52       		.byte	0x52
 1655 020f 9F       		.byte	0x9f
 1656 0210 00000000 		.4byte	0
 1657 0214 00000000 		.4byte	0
 1658              	.LLST16:
 1659 0218 14000000 		.4byte	.LVL47
 1660 021c 1C000000 		.4byte	.LVL48
 1661 0220 0100     		.2byte	0x1
 1662 0222 50       		.byte	0x50
 1663 0223 00000000 		.4byte	0
 1664 0227 00000000 		.4byte	0
 1665              	.LLST17:
 1666 022b 20000000 		.4byte	.LVL49
 1667 022f 24000000 		.4byte	.LVL50
 1668 0233 0200     		.2byte	0x2
 1669 0235 30       		.byte	0x30
 1670 0236 9F       		.byte	0x9f
 1671 0237 24000000 		.4byte	.LVL50
 1672 023b 30000000 		.4byte	.LVL52
 1673 023f 0100     		.2byte	0x1
 1674 0241 54       		.byte	0x54
 1675 0242 32000000 		.4byte	.LVL53
 1676 0246 3C000000 		.4byte	.LVL55
 1677 024a 0100     		.2byte	0x1
 1678 024c 54       		.byte	0x54
 1679 024d 00000000 		.4byte	0
 1680 0251 00000000 		.4byte	0
ARM GAS  C:\Users\NGUYEN~1\AppData\Local\Temp\ccbbgXt4.s 			page 33


 1681              	.LLST18:
 1682 0255 18000000 		.4byte	.LVL58
 1683 0259 32000000 		.4byte	.LVL59
 1684 025d 0100     		.2byte	0x1
 1685 025f 50       		.byte	0x50
 1686 0260 34000000 		.4byte	.LVL60
 1687 0264 3E000000 		.4byte	.LVL61
 1688 0268 0100     		.2byte	0x1
 1689 026a 50       		.byte	0x50
 1690 026b 00000000 		.4byte	0
 1691 026f 00000000 		.4byte	0
 1692              		.section	.debug_aranges,"",%progbits
 1693 0000 44000000 		.4byte	0x44
 1694 0004 0200     		.2byte	0x2
 1695 0006 00000000 		.4byte	.Ldebug_info0
 1696 000a 04       		.byte	0x4
 1697 000b 00       		.byte	0
 1698 000c 0000     		.2byte	0
 1699 000e 0000     		.2byte	0
 1700 0010 00000000 		.4byte	.LFB33
 1701 0014 42000000 		.4byte	.LFE33-.LFB33
 1702 0018 00000000 		.4byte	.LFB34
 1703 001c 54000000 		.4byte	.LFE34-.LFB34
 1704 0020 00000000 		.4byte	.LFB35
 1705 0024 38000000 		.4byte	.LFE35-.LFB35
 1706 0028 00000000 		.4byte	.LFB36
 1707 002c 2E000000 		.4byte	.LFE36-.LFB36
 1708 0030 00000000 		.4byte	.LFB37
 1709 0034 3E000000 		.4byte	.LFE37-.LFB37
 1710 0038 00000000 		.4byte	.LFB38
 1711 003c 48000000 		.4byte	.LFE38-.LFB38
 1712 0040 00000000 		.4byte	0
 1713 0044 00000000 		.4byte	0
 1714              		.section	.debug_ranges,"",%progbits
 1715              	.Ldebug_ranges0:
 1716 0000 00000000 		.4byte	.LFB33
 1717 0004 42000000 		.4byte	.LFE33
 1718 0008 00000000 		.4byte	.LFB34
 1719 000c 54000000 		.4byte	.LFE34
 1720 0010 00000000 		.4byte	.LFB35
 1721 0014 38000000 		.4byte	.LFE35
 1722 0018 00000000 		.4byte	.LFB36
 1723 001c 2E000000 		.4byte	.LFE36
 1724 0020 00000000 		.4byte	.LFB37
 1725 0024 3E000000 		.4byte	.LFE37
 1726 0028 00000000 		.4byte	.LFB38
 1727 002c 48000000 		.4byte	.LFE38
 1728 0030 00000000 		.4byte	0
 1729 0034 00000000 		.4byte	0
 1730              		.section	.debug_line,"",%progbits
 1731              	.Ldebug_line0:
 1732 0000 46010000 		.section	.debug_str,"MS",%progbits,1
 1732      02005900 
 1732      00000201 
 1732      FB0E0D00 
 1732      01010101 
 1733              	.LASF34:
ARM GAS  C:\Users\NGUYEN~1\AppData\Local\Temp\ccbbgXt4.s 			page 34


 1734 0000 65657072 		.ascii	"eeprom_external.c\000"
 1734      6F6D5F65 
 1734      78746572 
 1734      6E616C2E 
 1734      6300
 1735              	.LASF29:
 1736 0012 6932635F 		.ascii	"i2c_I2CMasterWriteByte\000"
 1736      4932434D 
 1736      61737465 
 1736      72577269 
 1736      74654279 
 1737              	.LASF24:
 1738 0029 65657072 		.ascii	"eeprom_write_a_byte_08\000"
 1738      6F6D5F77 
 1738      72697465 
 1738      5F615F62 
 1738      7974655F 
 1739              	.LASF11:
 1740 0040 666C6F61 		.ascii	"float\000"
 1740      7400
 1741              	.LASF27:
 1742 0046 636F756E 		.ascii	"counter\000"
 1742      74657200 
 1743              	.LASF9:
 1744 004e 75696E74 		.ascii	"uint8\000"
 1744      3800
 1745              	.LASF1:
 1746 0054 756E7369 		.ascii	"unsigned char\000"
 1746      676E6564 
 1746      20636861 
 1746      7200
 1747              	.LASF25:
 1748 0062 65657072 		.ascii	"eeprom_write_page\000"
 1748      6F6D5F77 
 1748      72697465 
 1748      5F706167 
 1748      6500
 1749              	.LASF18:
 1750 0074 61646472 		.ascii	"address_read\000"
 1750      6573735F 
 1750      72656164 
 1750      00
 1751              	.LASF16:
 1752 0081 64617461 		.ascii	"data_read\000"
 1752      5F726561 
 1752      6400
 1753              	.LASF28:
 1754 008b 6932635F 		.ascii	"i2c_I2CMasterSendStart\000"
 1754      4932434D 
 1754      61737465 
 1754      7253656E 
 1754      64537461 
 1755              	.LASF31:
 1756 00a2 6932635F 		.ascii	"i2c_I2CMasterReadByte\000"
 1756      4932434D 
 1756      61737465 
 1756      72526561 
ARM GAS  C:\Users\NGUYEN~1\AppData\Local\Temp\ccbbgXt4.s 			page 35


 1756      64427974 
 1757              	.LASF5:
 1758 00b8 6C6F6E67 		.ascii	"long unsigned int\000"
 1758      20756E73 
 1758      69676E65 
 1758      6420696E 
 1758      7400
 1759              	.LASF26:
 1760 00ca 66696E64 		.ascii	"find_address_eeprom\000"
 1760      5F616464 
 1760      72657373 
 1760      5F656570 
 1760      726F6D00 
 1761              	.LASF23:
 1762 00de 64617461 		.ascii	"data_need_write\000"
 1762      5F6E6565 
 1762      645F7772 
 1762      69746500 
 1763              	.LASF2:
 1764 00ee 73686F72 		.ascii	"short int\000"
 1764      7420696E 
 1764      7400
 1765              	.LASF36:
 1766 00f8 65657072 		.ascii	"eeprom_read_a_byte\000"
 1766      6F6D5F72 
 1766      6561645F 
 1766      615F6279 
 1766      746500
 1767              	.LASF10:
 1768 010b 75696E74 		.ascii	"uint32\000"
 1768      333200
 1769              	.LASF8:
 1770 0112 756E7369 		.ascii	"unsigned int\000"
 1770      676E6564 
 1770      20696E74 
 1770      00
 1771              	.LASF19:
 1772 011f 61646472 		.ascii	"address\000"
 1772      65737300 
 1773              	.LASF7:
 1774 0127 6C6F6E67 		.ascii	"long long unsigned int\000"
 1774      206C6F6E 
 1774      6720756E 
 1774      7369676E 
 1774      65642069 
 1775              	.LASF17:
 1776 013e 72657375 		.ascii	"result\000"
 1776      6C7400
 1777              	.LASF33:
 1778 0145 474E5520 		.ascii	"GNU C11 5.4.1 20160609 (release) [ARM/embedded-5-br"
 1778      43313120 
 1778      352E342E 
 1778      31203230 
 1778      31363036 
 1779 0178 616E6368 		.ascii	"anch revision 237715] -mcpu=cortex-m0 -mthumb -g -O"
 1779      20726576 
 1779      6973696F 
ARM GAS  C:\Users\NGUYEN~1\AppData\Local\Temp\ccbbgXt4.s 			page 36


 1779      6E203233 
 1779      37373135 
 1780 01ab 67202D66 		.ascii	"g -ffunction-sections -ffat-lto-objects\000"
 1780      66756E63 
 1780      74696F6E 
 1780      2D736563 
 1780      74696F6E 
 1781              	.LASF15:
 1782 01d3 73697A65 		.ascii	"sizetype\000"
 1782      74797065 
 1782      00
 1783              	.LASF32:
 1784 01dc 6932635F 		.ascii	"i2c_I2CMasterSendStop\000"
 1784      4932434D 
 1784      61737465 
 1784      7253656E 
 1784      6453746F 
 1785              	.LASF6:
 1786 01f2 6C6F6E67 		.ascii	"long long int\000"
 1786      206C6F6E 
 1786      6720696E 
 1786      7400
 1787              	.LASF13:
 1788 0200 63686172 		.ascii	"char\000"
 1788      00
 1789              	.LASF35:
 1790 0205 443A5C70 		.ascii	"D:\\psoc\\document\\khoa-tran\\psoc_fix_error\\eepr"
 1790      736F635C 
 1790      646F6375 
 1790      6D656E74 
 1790      5C6B686F 
 1791 0233 6F6D5F65 		.ascii	"om_external\\eeprom_external.cydsn\000"
 1791      78746572 
 1791      6E616C5C 
 1791      65657072 
 1791      6F6D5F65 
 1792              	.LASF30:
 1793 0255 6932635F 		.ascii	"i2c_I2CMasterSendRestart\000"
 1793      4932434D 
 1793      61737465 
 1793      7253656E 
 1793      64526573 
 1794              	.LASF21:
 1795 026e 65657072 		.ascii	"eeprom_read_page\000"
 1795      6F6D5F72 
 1795      6561645F 
 1795      70616765 
 1795      00
 1796              	.LASF4:
 1797 027f 6C6F6E67 		.ascii	"long int\000"
 1797      20696E74 
 1797      00
 1798              	.LASF14:
 1799 0288 6C6F6E67 		.ascii	"long double\000"
 1799      20646F75 
 1799      626C6500 
 1800              	.LASF0:
ARM GAS  C:\Users\NGUYEN~1\AppData\Local\Temp\ccbbgXt4.s 			page 37


 1801 0294 7369676E 		.ascii	"signed char\000"
 1801      65642063 
 1801      68617200 
 1802              	.LASF12:
 1803 02a0 646F7562 		.ascii	"double\000"
 1803      6C6500
 1804              	.LASF3:
 1805 02a7 73686F72 		.ascii	"short unsigned int\000"
 1805      7420756E 
 1805      7369676E 
 1805      65642069 
 1805      6E7400
 1806              	.LASF20:
 1807 02ba 6C656E67 		.ascii	"length\000"
 1807      746800
 1808              	.LASF22:
 1809 02c1 65657072 		.ascii	"eeprom_write_a_byte_128\000"
 1809      6F6D5F77 
 1809      72697465 
 1809      5F615F62 
 1809      7974655F 
 1810              		.ident	"GCC: (GNU Tools for ARM Embedded Processors) 5.4.1 20160609 (release) [ARM/embedded-5-bran
