ARM GAS  C:\Users\NGUYEN~1\AppData\Local\Temp\ccXHleb6.s 			page 1


   1              		.syntax unified
   2              		.cpu cortex-m0
   3              		.fpu softvfp
   4              		.eabi_attribute 20, 1
   5              		.eabi_attribute 21, 1
   6              		.eabi_attribute 23, 3
   7              		.eabi_attribute 24, 1
   8              		.eabi_attribute 25, 1
   9              		.eabi_attribute 26, 1
  10              		.eabi_attribute 30, 1
  11              		.eabi_attribute 34, 0
  12              		.eabi_attribute 18, 4
  13              		.thumb
  14              		.syntax unified
  15              		.file	"timer_system.c"
  16              		.text
  17              	.Ltext0:
  18              		.cfi_sections	.debug_frame
  19              		.global	__aeabi_uidivmod
  20              		.section	.text.handle_interrupt,"ax",%progbits
  21              		.align	2
  22              		.global	handle_interrupt
  23              		.code	16
  24              		.thumb_func
  25              		.type	handle_interrupt, %function
  26              	handle_interrupt:
  27              	.LFB33:
  28              		.file 1 "timer_system.c"
   1:timer_system.c **** /* ========================================
   2:timer_system.c ****  *
   3:timer_system.c ****  * Copyright YOUR COMPANY, THE YEAR
   4:timer_system.c ****  * All Rights Reserved
   5:timer_system.c ****  * UNPUBLISHED, LICENSED SOFTWARE.
   6:timer_system.c ****  *
   7:timer_system.c ****  * CONFIDENTIAL AND PROPRIETARY INFORMATION
   8:timer_system.c ****  * WHICH IS THE PROPERTY OF your company.
   9:timer_system.c ****  *
  10:timer_system.c ****  * ========================================
  11:timer_system.c **** */
  12:timer_system.c **** #include "project.h"
  13:timer_system.c **** #include <stdio.h>
  14:timer_system.c **** 
  15:timer_system.c **** #include "eeprom_external.h"
  16:timer_system.c **** #include "ledYellow.h"
  17:timer_system.c **** 
  18:timer_system.c **** volatile int counter_shift_led =  -2;
  19:timer_system.c ****  
  20:timer_system.c **** volatile uint32 counter1_ms = 0, counter1_s = 0, counter_uart = 0;
  21:timer_system.c **** 
  22:timer_system.c **** // CY_ISR(handle_interrupt)
  23:timer_system.c **** void handle_interrupt(void)
  24:timer_system.c **** {
  29              		.loc 1 24 0
  30              		.cfi_startproc
  31              		@ args = 0, pretend = 0, frame = 0
  32              		@ frame_needed = 0, uses_anonymous_args = 0
  33 0000 10B5     		push	{r4, lr}
ARM GAS  C:\Users\NGUYEN~1\AppData\Local\Temp\ccXHleb6.s 			page 2


  34              		.cfi_def_cfa_offset 8
  35              		.cfi_offset 4, -8
  36              		.cfi_offset 14, -4
  25:timer_system.c ****     // Auto 1ms increase once
  26:timer_system.c ****     counter1_ms++;
  37              		.loc 1 26 0
  38 0002 174B     		ldr	r3, .L5
  39 0004 1A68     		ldr	r2, [r3]
  40 0006 0132     		adds	r2, r2, #1
  41 0008 1A60     		str	r2, [r3]
  27:timer_system.c ****     if(counter1_ms > 4000000000) //4tr
  42              		.loc 1 27 0
  43 000a 1A68     		ldr	r2, [r3]
  44 000c 154B     		ldr	r3, .L5+4
  45 000e 9A42     		cmp	r2, r3
  46 0010 02D9     		bls	.L2
  28:timer_system.c ****         counter1_ms = 0;
  47              		.loc 1 28 0
  48 0012 0022     		movs	r2, #0
  49 0014 124B     		ldr	r3, .L5
  50 0016 1A60     		str	r2, [r3]
  51              	.L2:
  29:timer_system.c ****     
  30:timer_system.c ****     if( (counter1_ms % 1000) == 0 )
  52              		.loc 1 30 0
  53 0018 114B     		ldr	r3, .L5
  54 001a 1868     		ldr	r0, [r3]
  55 001c FA21     		movs	r1, #250
  56 001e 8900     		lsls	r1, r1, #2
  57 0020 FFF7FEFF 		bl	__aeabi_uidivmod
  58              	.LVL0:
  59 0024 0029     		cmp	r1, #0
  60 0026 15D1     		bne	.L3
  31:timer_system.c ****     {
  32:timer_system.c ****         counter1_s++;
  61              		.loc 1 32 0
  62 0028 0D4A     		ldr	r2, .L5
  63 002a 5368     		ldr	r3, [r2, #4]
  64 002c 0133     		adds	r3, r3, #1
  65 002e 5360     		str	r3, [r2, #4]
  33:timer_system.c ****         
  34:timer_system.c ****         counter_shift_led++;
  66              		.loc 1 34 0
  67 0030 0D4B     		ldr	r3, .L5+8
  68 0032 1A68     		ldr	r2, [r3]
  69 0034 0132     		adds	r2, r2, #1
  70 0036 1A60     		str	r2, [r3]
  35:timer_system.c ****         if(counter_shift_led > 7)
  71              		.loc 1 35 0
  72 0038 1B68     		ldr	r3, [r3]
  73 003a 072B     		cmp	r3, #7
  74 003c 02DD     		ble	.L4
  36:timer_system.c ****             counter_shift_led = 0;
  75              		.loc 1 36 0
  76 003e 0022     		movs	r2, #0
  77 0040 094B     		ldr	r3, .L5+8
  78 0042 1A60     		str	r2, [r3]
ARM GAS  C:\Users\NGUYEN~1\AppData\Local\Temp\ccXHleb6.s 			page 3


  79              	.L4:
  37:timer_system.c ****         
  38:timer_system.c ****         if( counter_uart > 4000000000)
  80              		.loc 1 38 0
  81 0044 064B     		ldr	r3, .L5
  82 0046 9A68     		ldr	r2, [r3, #8]
  83 0048 064B     		ldr	r3, .L5+4
  84 004a 9A42     		cmp	r2, r3
  85 004c 02D9     		bls	.L3
  39:timer_system.c ****             counter_uart = 0;
  86              		.loc 1 39 0
  87 004e 0022     		movs	r2, #0
  88 0050 034B     		ldr	r3, .L5
  89 0052 9A60     		str	r2, [r3, #8]
  90              	.L3:
  40:timer_system.c ****     }
  41:timer_system.c ****     
  42:timer_system.c ****     timer_ClearInterrupt(timer_INTR_MASK_TC);
  91              		.loc 1 42 0
  92 0054 0120     		movs	r0, #1
  93 0056 FFF7FEFF 		bl	timer_ClearInterrupt
  94              	.LVL1:
  43:timer_system.c ****     timer_interrupt_ClearPending();
  95              		.loc 1 43 0
  96 005a FFF7FEFF 		bl	timer_interrupt_ClearPending
  97              	.LVL2:
  44:timer_system.c **** }
  98              		.loc 1 44 0
  99              		@ sp needed
 100 005e 10BD     		pop	{r4, pc}
 101              	.L6:
 102              		.align	2
 103              	.L5:
 104 0060 00000000 		.word	.LANCHOR0
 105 0064 00286BEE 		.word	-294967296
 106 0068 00000000 		.word	.LANCHOR1
 107              		.cfi_endproc
 108              	.LFE33:
 109              		.size	handle_interrupt, .-handle_interrupt
 110              		.section	.text.initTimeInterrupt,"ax",%progbits
 111              		.align	2
 112              		.global	initTimeInterrupt
 113              		.code	16
 114              		.thumb_func
 115              		.type	initTimeInterrupt, %function
 116              	initTimeInterrupt:
 117              	.LFB34:
  45:timer_system.c **** 
  46:timer_system.c **** 
  47:timer_system.c **** void initTimeInterrupt()
  48:timer_system.c **** {
 118              		.loc 1 48 0
 119              		.cfi_startproc
 120              		@ args = 0, pretend = 0, frame = 0
 121              		@ frame_needed = 0, uses_anonymous_args = 0
 122 0000 10B5     		push	{r4, lr}
 123              		.cfi_def_cfa_offset 8
ARM GAS  C:\Users\NGUYEN~1\AppData\Local\Temp\ccXHleb6.s 			page 4


 124              		.cfi_offset 4, -8
 125              		.cfi_offset 14, -4
  49:timer_system.c ****     timer_interrupt_StartEx( handle_interrupt );
 126              		.loc 1 49 0
 127 0002 0248     		ldr	r0, .L8
 128 0004 FFF7FEFF 		bl	timer_interrupt_StartEx
 129              	.LVL3:
  50:timer_system.c **** }
 130              		.loc 1 50 0
 131              		@ sp needed
 132 0008 10BD     		pop	{r4, pc}
 133              	.L9:
 134 000a C046     		.align	2
 135              	.L8:
 136 000c 00000000 		.word	handle_interrupt
 137              		.cfi_endproc
 138              	.LFE34:
 139              		.size	initTimeInterrupt, .-initTimeInterrupt
 140              		.global	counter_uart
 141              		.global	counter1_s
 142              		.global	counter1_ms
 143              		.global	counter_shift_led
 144              		.data
 145              		.align	2
 146              		.set	.LANCHOR1,. + 0
 147              		.type	counter_shift_led, %object
 148              		.size	counter_shift_led, 4
 149              	counter_shift_led:
 150 0000 FEFFFFFF 		.word	-2
 151              		.bss
 152              		.align	2
 153              		.set	.LANCHOR0,. + 0
 154              		.type	counter1_ms, %object
 155              		.size	counter1_ms, 4
 156              	counter1_ms:
 157 0000 00000000 		.space	4
 158              		.type	counter1_s, %object
 159              		.size	counter1_s, 4
 160              	counter1_s:
 161 0004 00000000 		.space	4
 162              		.type	counter_uart, %object
 163              		.size	counter_uart, 4
 164              	counter_uart:
 165 0008 00000000 		.space	4
 166              		.text
 167              	.Letext0:
 168              		.file 2 "Generated_Source\\PSoC4/timer.h"
 169              		.file 3 "Generated_Source\\PSoC4/timer_interrupt.h"
 170              		.file 4 "Generated_Source\\PSoC4/cytypes.h"
 171              		.section	.debug_info,"",%progbits
 172              	.Ldebug_info0:
 173 0000 62010000 		.4byte	0x162
 174 0004 0400     		.2byte	0x4
 175 0006 00000000 		.4byte	.Ldebug_abbrev0
 176 000a 04       		.byte	0x4
 177 000b 01       		.uleb128 0x1
 178 000c 1A010000 		.4byte	.LASF21
ARM GAS  C:\Users\NGUYEN~1\AppData\Local\Temp\ccXHleb6.s 			page 5


 179 0010 0C       		.byte	0xc
 180 0011 42000000 		.4byte	.LASF22
 181 0015 B8000000 		.4byte	.LASF23
 182 0019 00000000 		.4byte	.Ldebug_ranges0+0
 183 001d 00000000 		.4byte	0
 184 0021 00000000 		.4byte	.Ldebug_line0
 185 0025 02       		.uleb128 0x2
 186 0026 01       		.byte	0x1
 187 0027 06       		.byte	0x6
 188 0028 B5010000 		.4byte	.LASF0
 189 002c 02       		.uleb128 0x2
 190 002d 01       		.byte	0x1
 191 002e 08       		.byte	0x8
 192 002f 22000000 		.4byte	.LASF1
 193 0033 02       		.uleb128 0x2
 194 0034 02       		.byte	0x2
 195 0035 05       		.byte	0x5
 196 0036 09020000 		.4byte	.LASF2
 197 003a 02       		.uleb128 0x2
 198 003b 02       		.byte	0x2
 199 003c 07       		.byte	0x7
 200 003d 68000000 		.4byte	.LASF3
 201 0041 02       		.uleb128 0x2
 202 0042 04       		.byte	0x4
 203 0043 05       		.byte	0x5
 204 0044 ED000000 		.4byte	.LASF4
 205 0048 02       		.uleb128 0x2
 206 0049 04       		.byte	0x4
 207 004a 07       		.byte	0x7
 208 004b 30000000 		.4byte	.LASF5
 209 004f 02       		.uleb128 0x2
 210 0050 08       		.byte	0x8
 211 0051 05       		.byte	0x5
 212 0052 00000000 		.4byte	.LASF6
 213 0056 02       		.uleb128 0x2
 214 0057 08       		.byte	0x8
 215 0058 07       		.byte	0x7
 216 0059 51000000 		.4byte	.LASF7
 217 005d 03       		.uleb128 0x3
 218 005e 04       		.byte	0x4
 219 005f 05       		.byte	0x5
 220 0060 696E7400 		.ascii	"int\000"
 221 0064 02       		.uleb128 0x2
 222 0065 04       		.byte	0x4
 223 0066 07       		.byte	0x7
 224 0067 15000000 		.4byte	.LASF8
 225 006b 04       		.uleb128 0x4
 226 006c 0E000000 		.4byte	.LASF24
 227 0070 04       		.byte	0x4
 228 0071 FD01     		.2byte	0x1fd
 229 0073 48000000 		.4byte	0x48
 230 0077 02       		.uleb128 0x2
 231 0078 04       		.byte	0x4
 232 0079 04       		.byte	0x4
 233 007a 7B000000 		.4byte	.LASF9
 234 007e 02       		.uleb128 0x2
 235 007f 08       		.byte	0x8
ARM GAS  C:\Users\NGUYEN~1\AppData\Local\Temp\ccXHleb6.s 			page 6


 236 0080 04       		.byte	0x4
 237 0081 13010000 		.4byte	.LASF10
 238 0085 02       		.uleb128 0x2
 239 0086 01       		.byte	0x1
 240 0087 08       		.byte	0x8
 241 0088 9E000000 		.4byte	.LASF11
 242 008c 05       		.uleb128 0x5
 243 008d 6B000000 		.4byte	0x6b
 244 0091 02       		.uleb128 0x2
 245 0092 08       		.byte	0x8
 246 0093 04       		.byte	0x4
 247 0094 C1010000 		.4byte	.LASF12
 248 0098 02       		.uleb128 0x2
 249 0099 04       		.byte	0x4
 250 009a 07       		.byte	0x7
 251 009b 1E020000 		.4byte	.LASF13
 252 009f 06       		.uleb128 0x6
 253 00a0 8D000000 		.4byte	.LASF25
 254 00a4 01       		.byte	0x1
 255 00a5 17       		.byte	0x17
 256 00a6 00000000 		.4byte	.LFB33
 257 00aa 6C000000 		.4byte	.LFE33-.LFB33
 258 00ae 01       		.uleb128 0x1
 259 00af 9C       		.byte	0x9c
 260 00b0 D1000000 		.4byte	0xd1
 261 00b4 07       		.uleb128 0x7
 262 00b5 5A000000 		.4byte	.LVL1
 263 00b9 43010000 		.4byte	0x143
 264 00bd C7000000 		.4byte	0xc7
 265 00c1 08       		.uleb128 0x8
 266 00c2 01       		.uleb128 0x1
 267 00c3 50       		.byte	0x50
 268 00c4 01       		.uleb128 0x1
 269 00c5 31       		.byte	0x31
 270 00c6 00       		.byte	0
 271 00c7 09       		.uleb128 0x9
 272 00c8 5E000000 		.4byte	.LVL2
 273 00cc 4F010000 		.4byte	0x14f
 274 00d0 00       		.byte	0
 275 00d1 0A       		.uleb128 0xa
 276 00d2 F7010000 		.4byte	.LASF26
 277 00d6 01       		.byte	0x1
 278 00d7 2F       		.byte	0x2f
 279 00d8 00000000 		.4byte	.LFB34
 280 00dc 10000000 		.4byte	.LFE34-.LFB34
 281 00e0 01       		.uleb128 0x1
 282 00e1 9C       		.byte	0x9c
 283 00e2 FA000000 		.4byte	0xfa
 284 00e6 0B       		.uleb128 0xb
 285 00e7 08000000 		.4byte	.LVL3
 286 00eb 5A010000 		.4byte	0x15a
 287 00ef 08       		.uleb128 0x8
 288 00f0 01       		.uleb128 0x1
 289 00f1 50       		.byte	0x50
 290 00f2 05       		.uleb128 0x5
 291 00f3 03       		.byte	0x3
 292 00f4 00000000 		.4byte	handle_interrupt
ARM GAS  C:\Users\NGUYEN~1\AppData\Local\Temp\ccXHleb6.s 			page 7


 293 00f8 00       		.byte	0
 294 00f9 00       		.byte	0
 295 00fa 0C       		.uleb128 0xc
 296 00fb E5010000 		.4byte	.LASF14
 297 00ff 01       		.byte	0x1
 298 0100 12       		.byte	0x12
 299 0101 0B010000 		.4byte	0x10b
 300 0105 05       		.uleb128 0x5
 301 0106 03       		.byte	0x3
 302 0107 00000000 		.4byte	counter_shift_led
 303 010b 05       		.uleb128 0x5
 304 010c 5D000000 		.4byte	0x5d
 305 0110 0C       		.uleb128 0xc
 306 0111 81000000 		.4byte	.LASF15
 307 0115 01       		.byte	0x1
 308 0116 14       		.byte	0x14
 309 0117 8C000000 		.4byte	0x8c
 310 011b 05       		.uleb128 0x5
 311 011c 03       		.byte	0x3
 312 011d 00000000 		.4byte	counter1_ms
 313 0121 0C       		.uleb128 0xc
 314 0122 13020000 		.4byte	.LASF16
 315 0126 01       		.byte	0x1
 316 0127 14       		.byte	0x14
 317 0128 8C000000 		.4byte	0x8c
 318 012c 05       		.uleb128 0x5
 319 012d 03       		.byte	0x3
 320 012e 00000000 		.4byte	counter1_s
 321 0132 0C       		.uleb128 0xc
 322 0133 A8010000 		.4byte	.LASF17
 323 0137 01       		.byte	0x1
 324 0138 14       		.byte	0x14
 325 0139 8C000000 		.4byte	0x8c
 326 013d 05       		.uleb128 0x5
 327 013e 03       		.byte	0x3
 328 013f 00000000 		.4byte	counter_uart
 329 0143 0D       		.uleb128 0xd
 330 0144 A3000000 		.4byte	.LASF18
 331 0148 A3000000 		.4byte	.LASF18
 332 014c 02       		.byte	0x2
 333 014d 4701     		.2byte	0x147
 334 014f 0E       		.uleb128 0xe
 335 0150 F6000000 		.4byte	.LASF19
 336 0154 F6000000 		.4byte	.LASF19
 337 0158 03       		.byte	0x3
 338 0159 28       		.byte	0x28
 339 015a 0E       		.uleb128 0xe
 340 015b CD010000 		.4byte	.LASF20
 341 015f CD010000 		.4byte	.LASF20
 342 0163 03       		.byte	0x3
 343 0164 18       		.byte	0x18
 344 0165 00       		.byte	0
 345              		.section	.debug_abbrev,"",%progbits
 346              	.Ldebug_abbrev0:
 347 0000 01       		.uleb128 0x1
 348 0001 11       		.uleb128 0x11
 349 0002 01       		.byte	0x1
ARM GAS  C:\Users\NGUYEN~1\AppData\Local\Temp\ccXHleb6.s 			page 8


 350 0003 25       		.uleb128 0x25
 351 0004 0E       		.uleb128 0xe
 352 0005 13       		.uleb128 0x13
 353 0006 0B       		.uleb128 0xb
 354 0007 03       		.uleb128 0x3
 355 0008 0E       		.uleb128 0xe
 356 0009 1B       		.uleb128 0x1b
 357 000a 0E       		.uleb128 0xe
 358 000b 55       		.uleb128 0x55
 359 000c 17       		.uleb128 0x17
 360 000d 11       		.uleb128 0x11
 361 000e 01       		.uleb128 0x1
 362 000f 10       		.uleb128 0x10
 363 0010 17       		.uleb128 0x17
 364 0011 00       		.byte	0
 365 0012 00       		.byte	0
 366 0013 02       		.uleb128 0x2
 367 0014 24       		.uleb128 0x24
 368 0015 00       		.byte	0
 369 0016 0B       		.uleb128 0xb
 370 0017 0B       		.uleb128 0xb
 371 0018 3E       		.uleb128 0x3e
 372 0019 0B       		.uleb128 0xb
 373 001a 03       		.uleb128 0x3
 374 001b 0E       		.uleb128 0xe
 375 001c 00       		.byte	0
 376 001d 00       		.byte	0
 377 001e 03       		.uleb128 0x3
 378 001f 24       		.uleb128 0x24
 379 0020 00       		.byte	0
 380 0021 0B       		.uleb128 0xb
 381 0022 0B       		.uleb128 0xb
 382 0023 3E       		.uleb128 0x3e
 383 0024 0B       		.uleb128 0xb
 384 0025 03       		.uleb128 0x3
 385 0026 08       		.uleb128 0x8
 386 0027 00       		.byte	0
 387 0028 00       		.byte	0
 388 0029 04       		.uleb128 0x4
 389 002a 16       		.uleb128 0x16
 390 002b 00       		.byte	0
 391 002c 03       		.uleb128 0x3
 392 002d 0E       		.uleb128 0xe
 393 002e 3A       		.uleb128 0x3a
 394 002f 0B       		.uleb128 0xb
 395 0030 3B       		.uleb128 0x3b
 396 0031 05       		.uleb128 0x5
 397 0032 49       		.uleb128 0x49
 398 0033 13       		.uleb128 0x13
 399 0034 00       		.byte	0
 400 0035 00       		.byte	0
 401 0036 05       		.uleb128 0x5
 402 0037 35       		.uleb128 0x35
 403 0038 00       		.byte	0
 404 0039 49       		.uleb128 0x49
 405 003a 13       		.uleb128 0x13
 406 003b 00       		.byte	0
ARM GAS  C:\Users\NGUYEN~1\AppData\Local\Temp\ccXHleb6.s 			page 9


 407 003c 00       		.byte	0
 408 003d 06       		.uleb128 0x6
 409 003e 2E       		.uleb128 0x2e
 410 003f 01       		.byte	0x1
 411 0040 3F       		.uleb128 0x3f
 412 0041 19       		.uleb128 0x19
 413 0042 03       		.uleb128 0x3
 414 0043 0E       		.uleb128 0xe
 415 0044 3A       		.uleb128 0x3a
 416 0045 0B       		.uleb128 0xb
 417 0046 3B       		.uleb128 0x3b
 418 0047 0B       		.uleb128 0xb
 419 0048 27       		.uleb128 0x27
 420 0049 19       		.uleb128 0x19
 421 004a 11       		.uleb128 0x11
 422 004b 01       		.uleb128 0x1
 423 004c 12       		.uleb128 0x12
 424 004d 06       		.uleb128 0x6
 425 004e 40       		.uleb128 0x40
 426 004f 18       		.uleb128 0x18
 427 0050 9642     		.uleb128 0x2116
 428 0052 19       		.uleb128 0x19
 429 0053 01       		.uleb128 0x1
 430 0054 13       		.uleb128 0x13
 431 0055 00       		.byte	0
 432 0056 00       		.byte	0
 433 0057 07       		.uleb128 0x7
 434 0058 898201   		.uleb128 0x4109
 435 005b 01       		.byte	0x1
 436 005c 11       		.uleb128 0x11
 437 005d 01       		.uleb128 0x1
 438 005e 31       		.uleb128 0x31
 439 005f 13       		.uleb128 0x13
 440 0060 01       		.uleb128 0x1
 441 0061 13       		.uleb128 0x13
 442 0062 00       		.byte	0
 443 0063 00       		.byte	0
 444 0064 08       		.uleb128 0x8
 445 0065 8A8201   		.uleb128 0x410a
 446 0068 00       		.byte	0
 447 0069 02       		.uleb128 0x2
 448 006a 18       		.uleb128 0x18
 449 006b 9142     		.uleb128 0x2111
 450 006d 18       		.uleb128 0x18
 451 006e 00       		.byte	0
 452 006f 00       		.byte	0
 453 0070 09       		.uleb128 0x9
 454 0071 898201   		.uleb128 0x4109
 455 0074 00       		.byte	0
 456 0075 11       		.uleb128 0x11
 457 0076 01       		.uleb128 0x1
 458 0077 31       		.uleb128 0x31
 459 0078 13       		.uleb128 0x13
 460 0079 00       		.byte	0
 461 007a 00       		.byte	0
 462 007b 0A       		.uleb128 0xa
 463 007c 2E       		.uleb128 0x2e
ARM GAS  C:\Users\NGUYEN~1\AppData\Local\Temp\ccXHleb6.s 			page 10


 464 007d 01       		.byte	0x1
 465 007e 3F       		.uleb128 0x3f
 466 007f 19       		.uleb128 0x19
 467 0080 03       		.uleb128 0x3
 468 0081 0E       		.uleb128 0xe
 469 0082 3A       		.uleb128 0x3a
 470 0083 0B       		.uleb128 0xb
 471 0084 3B       		.uleb128 0x3b
 472 0085 0B       		.uleb128 0xb
 473 0086 11       		.uleb128 0x11
 474 0087 01       		.uleb128 0x1
 475 0088 12       		.uleb128 0x12
 476 0089 06       		.uleb128 0x6
 477 008a 40       		.uleb128 0x40
 478 008b 18       		.uleb128 0x18
 479 008c 9742     		.uleb128 0x2117
 480 008e 19       		.uleb128 0x19
 481 008f 01       		.uleb128 0x1
 482 0090 13       		.uleb128 0x13
 483 0091 00       		.byte	0
 484 0092 00       		.byte	0
 485 0093 0B       		.uleb128 0xb
 486 0094 898201   		.uleb128 0x4109
 487 0097 01       		.byte	0x1
 488 0098 11       		.uleb128 0x11
 489 0099 01       		.uleb128 0x1
 490 009a 31       		.uleb128 0x31
 491 009b 13       		.uleb128 0x13
 492 009c 00       		.byte	0
 493 009d 00       		.byte	0
 494 009e 0C       		.uleb128 0xc
 495 009f 34       		.uleb128 0x34
 496 00a0 00       		.byte	0
 497 00a1 03       		.uleb128 0x3
 498 00a2 0E       		.uleb128 0xe
 499 00a3 3A       		.uleb128 0x3a
 500 00a4 0B       		.uleb128 0xb
 501 00a5 3B       		.uleb128 0x3b
 502 00a6 0B       		.uleb128 0xb
 503 00a7 49       		.uleb128 0x49
 504 00a8 13       		.uleb128 0x13
 505 00a9 3F       		.uleb128 0x3f
 506 00aa 19       		.uleb128 0x19
 507 00ab 02       		.uleb128 0x2
 508 00ac 18       		.uleb128 0x18
 509 00ad 00       		.byte	0
 510 00ae 00       		.byte	0
 511 00af 0D       		.uleb128 0xd
 512 00b0 2E       		.uleb128 0x2e
 513 00b1 00       		.byte	0
 514 00b2 3F       		.uleb128 0x3f
 515 00b3 19       		.uleb128 0x19
 516 00b4 3C       		.uleb128 0x3c
 517 00b5 19       		.uleb128 0x19
 518 00b6 6E       		.uleb128 0x6e
 519 00b7 0E       		.uleb128 0xe
 520 00b8 03       		.uleb128 0x3
ARM GAS  C:\Users\NGUYEN~1\AppData\Local\Temp\ccXHleb6.s 			page 11


 521 00b9 0E       		.uleb128 0xe
 522 00ba 3A       		.uleb128 0x3a
 523 00bb 0B       		.uleb128 0xb
 524 00bc 3B       		.uleb128 0x3b
 525 00bd 05       		.uleb128 0x5
 526 00be 00       		.byte	0
 527 00bf 00       		.byte	0
 528 00c0 0E       		.uleb128 0xe
 529 00c1 2E       		.uleb128 0x2e
 530 00c2 00       		.byte	0
 531 00c3 3F       		.uleb128 0x3f
 532 00c4 19       		.uleb128 0x19
 533 00c5 3C       		.uleb128 0x3c
 534 00c6 19       		.uleb128 0x19
 535 00c7 6E       		.uleb128 0x6e
 536 00c8 0E       		.uleb128 0xe
 537 00c9 03       		.uleb128 0x3
 538 00ca 0E       		.uleb128 0xe
 539 00cb 3A       		.uleb128 0x3a
 540 00cc 0B       		.uleb128 0xb
 541 00cd 3B       		.uleb128 0x3b
 542 00ce 0B       		.uleb128 0xb
 543 00cf 00       		.byte	0
 544 00d0 00       		.byte	0
 545 00d1 00       		.byte	0
 546              		.section	.debug_aranges,"",%progbits
 547 0000 24000000 		.4byte	0x24
 548 0004 0200     		.2byte	0x2
 549 0006 00000000 		.4byte	.Ldebug_info0
 550 000a 04       		.byte	0x4
 551 000b 00       		.byte	0
 552 000c 0000     		.2byte	0
 553 000e 0000     		.2byte	0
 554 0010 00000000 		.4byte	.LFB33
 555 0014 6C000000 		.4byte	.LFE33-.LFB33
 556 0018 00000000 		.4byte	.LFB34
 557 001c 10000000 		.4byte	.LFE34-.LFB34
 558 0020 00000000 		.4byte	0
 559 0024 00000000 		.4byte	0
 560              		.section	.debug_ranges,"",%progbits
 561              	.Ldebug_ranges0:
 562 0000 00000000 		.4byte	.LFB33
 563 0004 6C000000 		.4byte	.LFE33
 564 0008 00000000 		.4byte	.LFB34
 565 000c 10000000 		.4byte	.LFE34
 566 0010 00000000 		.4byte	0
 567 0014 00000000 		.4byte	0
 568              		.section	.debug_line,"",%progbits
 569              	.Ldebug_line0:
 570 0000 9C000000 		.section	.debug_str,"MS",%progbits,1
 570      02006900 
 570      00000201 
 570      FB0E0D00 
 570      01010101 
 571              	.LASF6:
 572 0000 6C6F6E67 		.ascii	"long long int\000"
 572      206C6F6E 
ARM GAS  C:\Users\NGUYEN~1\AppData\Local\Temp\ccXHleb6.s 			page 12


 572      6720696E 
 572      7400
 573              	.LASF24:
 574 000e 75696E74 		.ascii	"uint32\000"
 574      333200
 575              	.LASF8:
 576 0015 756E7369 		.ascii	"unsigned int\000"
 576      676E6564 
 576      20696E74 
 576      00
 577              	.LASF1:
 578 0022 756E7369 		.ascii	"unsigned char\000"
 578      676E6564 
 578      20636861 
 578      7200
 579              	.LASF5:
 580 0030 6C6F6E67 		.ascii	"long unsigned int\000"
 580      20756E73 
 580      69676E65 
 580      6420696E 
 580      7400
 581              	.LASF22:
 582 0042 74696D65 		.ascii	"timer_system.c\000"
 582      725F7379 
 582      7374656D 
 582      2E6300
 583              	.LASF7:
 584 0051 6C6F6E67 		.ascii	"long long unsigned int\000"
 584      206C6F6E 
 584      6720756E 
 584      7369676E 
 584      65642069 
 585              	.LASF3:
 586 0068 73686F72 		.ascii	"short unsigned int\000"
 586      7420756E 
 586      7369676E 
 586      65642069 
 586      6E7400
 587              	.LASF9:
 588 007b 666C6F61 		.ascii	"float\000"
 588      7400
 589              	.LASF15:
 590 0081 636F756E 		.ascii	"counter1_ms\000"
 590      74657231 
 590      5F6D7300 
 591              	.LASF25:
 592 008d 68616E64 		.ascii	"handle_interrupt\000"
 592      6C655F69 
 592      6E746572 
 592      72757074 
 592      00
 593              	.LASF11:
 594 009e 63686172 		.ascii	"char\000"
 594      00
 595              	.LASF18:
 596 00a3 74696D65 		.ascii	"timer_ClearInterrupt\000"
 596      725F436C 
ARM GAS  C:\Users\NGUYEN~1\AppData\Local\Temp\ccXHleb6.s 			page 13


 596      65617249 
 596      6E746572 
 596      72757074 
 597              	.LASF23:
 598 00b8 443A5C70 		.ascii	"D:\\psoc\\theory\\eeprom_external\\eeprom_external."
 598      736F635C 
 598      7468656F 
 598      72795C65 
 598      6570726F 
 599 00e7 63796473 		.ascii	"cydsn\000"
 599      6E00
 600              	.LASF4:
 601 00ed 6C6F6E67 		.ascii	"long int\000"
 601      20696E74 
 601      00
 602              	.LASF19:
 603 00f6 74696D65 		.ascii	"timer_interrupt_ClearPending\000"
 603      725F696E 
 603      74657272 
 603      7570745F 
 603      436C6561 
 604              	.LASF10:
 605 0113 646F7562 		.ascii	"double\000"
 605      6C6500
 606              	.LASF21:
 607 011a 474E5520 		.ascii	"GNU C11 5.4.1 20160609 (release) [ARM/embedded-5-br"
 607      43313120 
 607      352E342E 
 607      31203230 
 607      31363036 
 608 014d 616E6368 		.ascii	"anch revision 237715] -mcpu=cortex-m0 -mthumb -g -O"
 608      20726576 
 608      6973696F 
 608      6E203233 
 608      37373135 
 609 0180 67202D66 		.ascii	"g -ffunction-sections -ffat-lto-objects\000"
 609      66756E63 
 609      74696F6E 
 609      2D736563 
 609      74696F6E 
 610              	.LASF17:
 611 01a8 636F756E 		.ascii	"counter_uart\000"
 611      7465725F 
 611      75617274 
 611      00
 612              	.LASF0:
 613 01b5 7369676E 		.ascii	"signed char\000"
 613      65642063 
 613      68617200 
 614              	.LASF12:
 615 01c1 6C6F6E67 		.ascii	"long double\000"
 615      20646F75 
 615      626C6500 
 616              	.LASF20:
 617 01cd 74696D65 		.ascii	"timer_interrupt_StartEx\000"
 617      725F696E 
 617      74657272 
ARM GAS  C:\Users\NGUYEN~1\AppData\Local\Temp\ccXHleb6.s 			page 14


 617      7570745F 
 617      53746172 
 618              	.LASF14:
 619 01e5 636F756E 		.ascii	"counter_shift_led\000"
 619      7465725F 
 619      73686966 
 619      745F6C65 
 619      6400
 620              	.LASF26:
 621 01f7 696E6974 		.ascii	"initTimeInterrupt\000"
 621      54696D65 
 621      496E7465 
 621      72727570 
 621      7400
 622              	.LASF2:
 623 0209 73686F72 		.ascii	"short int\000"
 623      7420696E 
 623      7400
 624              	.LASF16:
 625 0213 636F756E 		.ascii	"counter1_s\000"
 625      74657231 
 625      5F7300
 626              	.LASF13:
 627 021e 73697A65 		.ascii	"sizetype\000"
 627      74797065 
 627      00
 628              		.ident	"GCC: (GNU Tools for ARM Embedded Processors) 5.4.1 20160609 (release) [ARM/embedded-5-bran
