ARM GAS  C:\Users\NGUYEN~1\AppData\Local\Temp\ccOdJkIf.s 			page 1


   1              		.syntax unified
   2              		.cpu cortex-m0
   3              		.fpu softvfp
   4              		.eabi_attribute 20, 1
   5              		.eabi_attribute 21, 1
   6              		.eabi_attribute 23, 3
   7              		.eabi_attribute 24, 1
   8              		.eabi_attribute 25, 1
   9              		.eabi_attribute 26, 1
  10              		.eabi_attribute 30, 1
  11              		.eabi_attribute 34, 0
  12              		.eabi_attribute 18, 4
  13              		.thumb
  14              		.syntax unified
  15              		.file	"cyfitter_cfg.c"
  16              		.text
  17              	.Ltext0:
  18              		.cfi_sections	.debug_frame
  19              		.section	.text.CYMEMZERO,"ax",%progbits
  20              		.align	2
  21              		.code	16
  22              		.thumb_func
  23              		.type	CYMEMZERO, %function
  24              	CYMEMZERO:
  25              	.LFB0:
  26              		.file 1 "Generated_Source\\PSoC4\\cyfitter_cfg.c"
   1:Generated_Source\PSoC4/cyfitter_cfg.c **** 
   2:Generated_Source\PSoC4/cyfitter_cfg.c **** /*******************************************************************************
   3:Generated_Source\PSoC4/cyfitter_cfg.c **** * File Name: cyfitter_cfg.c
   4:Generated_Source\PSoC4/cyfitter_cfg.c **** * 
   5:Generated_Source\PSoC4/cyfitter_cfg.c **** * PSoC Creator  4.4
   6:Generated_Source\PSoC4/cyfitter_cfg.c **** *
   7:Generated_Source\PSoC4/cyfitter_cfg.c **** * Description:
   8:Generated_Source\PSoC4/cyfitter_cfg.c **** * This file contains device initialization code.
   9:Generated_Source\PSoC4/cyfitter_cfg.c **** * Except for the user defined sections in CyClockStartupError(), this file should not be modified.
  10:Generated_Source\PSoC4/cyfitter_cfg.c **** * This file is automatically generated by PSoC Creator.
  11:Generated_Source\PSoC4/cyfitter_cfg.c **** *
  12:Generated_Source\PSoC4/cyfitter_cfg.c **** ********************************************************************************
  13:Generated_Source\PSoC4/cyfitter_cfg.c **** * Copyright (c) 2007-2020 Cypress Semiconductor.  All rights reserved.
  14:Generated_Source\PSoC4/cyfitter_cfg.c **** * You may use this file only in accordance with the license, terms, conditions, 
  15:Generated_Source\PSoC4/cyfitter_cfg.c **** * disclaimers, and limitations in the end user license agreement accompanying 
  16:Generated_Source\PSoC4/cyfitter_cfg.c **** * the software package with which this file was provided.
  17:Generated_Source\PSoC4/cyfitter_cfg.c **** ********************************************************************************/
  18:Generated_Source\PSoC4/cyfitter_cfg.c **** 
  19:Generated_Source\PSoC4/cyfitter_cfg.c **** #include <string.h>
  20:Generated_Source\PSoC4/cyfitter_cfg.c **** #include "cytypes.h"
  21:Generated_Source\PSoC4/cyfitter_cfg.c **** #include "cydevice_trm.h"
  22:Generated_Source\PSoC4/cyfitter_cfg.c **** #include "cyfitter.h"
  23:Generated_Source\PSoC4/cyfitter_cfg.c **** #include "CyLib.h"
  24:Generated_Source\PSoC4/cyfitter_cfg.c **** #include "CyLFClk.h"
  25:Generated_Source\PSoC4/cyfitter_cfg.c **** #include "cyfitter_cfg.h"
  26:Generated_Source\PSoC4/cyfitter_cfg.c **** #include "cyapicallbacks.h"
  27:Generated_Source\PSoC4/cyfitter_cfg.c **** 
  28:Generated_Source\PSoC4/cyfitter_cfg.c **** 
  29:Generated_Source\PSoC4/cyfitter_cfg.c **** #if defined(__GNUC__) || defined(__ARMCC_VERSION)
  30:Generated_Source\PSoC4/cyfitter_cfg.c ****     #define CYPACKED 
  31:Generated_Source\PSoC4/cyfitter_cfg.c ****     #define CYPACKED_ATTR __attribute__ ((packed))
ARM GAS  C:\Users\NGUYEN~1\AppData\Local\Temp\ccOdJkIf.s 			page 2


  32:Generated_Source\PSoC4/cyfitter_cfg.c ****     #define CYALIGNED __attribute__ ((aligned))
  33:Generated_Source\PSoC4/cyfitter_cfg.c ****     #define CY_CFG_UNUSED __attribute__ ((unused))
  34:Generated_Source\PSoC4/cyfitter_cfg.c ****     #ifndef CY_CFG_SECTION
  35:Generated_Source\PSoC4/cyfitter_cfg.c ****         #define CY_CFG_SECTION __attribute__ ((section(".psocinit")))
  36:Generated_Source\PSoC4/cyfitter_cfg.c ****     #endif
  37:Generated_Source\PSoC4/cyfitter_cfg.c ****     
  38:Generated_Source\PSoC4/cyfitter_cfg.c ****     #if defined(__ARMCC_VERSION)
  39:Generated_Source\PSoC4/cyfitter_cfg.c ****         #define CY_CFG_MEMORY_BARRIER() __memory_changed()
  40:Generated_Source\PSoC4/cyfitter_cfg.c ****     #else
  41:Generated_Source\PSoC4/cyfitter_cfg.c ****         #define CY_CFG_MEMORY_BARRIER() __sync_synchronize()
  42:Generated_Source\PSoC4/cyfitter_cfg.c ****     #endif
  43:Generated_Source\PSoC4/cyfitter_cfg.c ****     
  44:Generated_Source\PSoC4/cyfitter_cfg.c **** #elif defined(__ICCARM__)
  45:Generated_Source\PSoC4/cyfitter_cfg.c ****     #include <intrinsics.h>
  46:Generated_Source\PSoC4/cyfitter_cfg.c **** 
  47:Generated_Source\PSoC4/cyfitter_cfg.c ****     #define CYPACKED __packed
  48:Generated_Source\PSoC4/cyfitter_cfg.c ****     #define CYPACKED_ATTR 
  49:Generated_Source\PSoC4/cyfitter_cfg.c ****     #define CYALIGNED _Pragma("data_alignment=4")
  50:Generated_Source\PSoC4/cyfitter_cfg.c ****     #define CY_CFG_UNUSED _Pragma("diag_suppress=Pe177")
  51:Generated_Source\PSoC4/cyfitter_cfg.c ****     #define CY_CFG_SECTION _Pragma("location=\".psocinit\"")
  52:Generated_Source\PSoC4/cyfitter_cfg.c ****     
  53:Generated_Source\PSoC4/cyfitter_cfg.c ****     #define CY_CFG_MEMORY_BARRIER() __DMB()
  54:Generated_Source\PSoC4/cyfitter_cfg.c ****     
  55:Generated_Source\PSoC4/cyfitter_cfg.c **** #else
  56:Generated_Source\PSoC4/cyfitter_cfg.c ****     #error Unsupported toolchain
  57:Generated_Source\PSoC4/cyfitter_cfg.c **** #endif
  58:Generated_Source\PSoC4/cyfitter_cfg.c **** 
  59:Generated_Source\PSoC4/cyfitter_cfg.c **** #ifndef CYCODE
  60:Generated_Source\PSoC4/cyfitter_cfg.c ****     #define CYCODE
  61:Generated_Source\PSoC4/cyfitter_cfg.c **** #endif
  62:Generated_Source\PSoC4/cyfitter_cfg.c **** #ifndef CYDATA
  63:Generated_Source\PSoC4/cyfitter_cfg.c ****     #define CYDATA
  64:Generated_Source\PSoC4/cyfitter_cfg.c **** #endif
  65:Generated_Source\PSoC4/cyfitter_cfg.c **** #ifndef CYFAR
  66:Generated_Source\PSoC4/cyfitter_cfg.c ****     #define CYFAR
  67:Generated_Source\PSoC4/cyfitter_cfg.c **** #endif
  68:Generated_Source\PSoC4/cyfitter_cfg.c **** #ifndef CYXDATA
  69:Generated_Source\PSoC4/cyfitter_cfg.c ****     #define CYXDATA
  70:Generated_Source\PSoC4/cyfitter_cfg.c **** #endif
  71:Generated_Source\PSoC4/cyfitter_cfg.c **** 
  72:Generated_Source\PSoC4/cyfitter_cfg.c **** 
  73:Generated_Source\PSoC4/cyfitter_cfg.c **** CY_CFG_UNUSED
  74:Generated_Source\PSoC4/cyfitter_cfg.c **** static void CYMEMZERO(void *s, size_t n);
  75:Generated_Source\PSoC4/cyfitter_cfg.c **** CY_CFG_UNUSED
  76:Generated_Source\PSoC4/cyfitter_cfg.c **** static void CYMEMZERO(void *s, size_t n)
  77:Generated_Source\PSoC4/cyfitter_cfg.c **** {
  27              		.loc 1 77 0
  28              		.cfi_startproc
  29              		@ args = 0, pretend = 0, frame = 0
  30              		@ frame_needed = 0, uses_anonymous_args = 0
  31              	.LVL0:
  32 0000 10B5     		push	{r4, lr}
  33              		.cfi_def_cfa_offset 8
  34              		.cfi_offset 4, -8
  35              		.cfi_offset 14, -4
  36 0002 0A00     		movs	r2, r1
  78:Generated_Source\PSoC4/cyfitter_cfg.c **** 	(void)memset(s, 0, n);
ARM GAS  C:\Users\NGUYEN~1\AppData\Local\Temp\ccOdJkIf.s 			page 3


  37              		.loc 1 78 0
  38 0004 0021     		movs	r1, #0
  39              	.LVL1:
  40 0006 FFF7FEFF 		bl	memset
  41              	.LVL2:
  79:Generated_Source\PSoC4/cyfitter_cfg.c **** }
  42              		.loc 1 79 0
  43              		@ sp needed
  44 000a 10BD     		pop	{r4, pc}
  45              		.cfi_endproc
  46              	.LFE0:
  47              		.size	CYMEMZERO, .-CYMEMZERO
  48              		.section	.psocinit,"ax",%progbits
  49              		.align	2
  50              		.code	16
  51              		.thumb_func
  52              		.type	ClockSetup, %function
  53              	ClockSetup:
  54              	.LFB3:
  80:Generated_Source\PSoC4/cyfitter_cfg.c **** CY_CFG_UNUSED
  81:Generated_Source\PSoC4/cyfitter_cfg.c **** static void CYCONFIGCPY(void *dest, const void *src, size_t n);
  82:Generated_Source\PSoC4/cyfitter_cfg.c **** CY_CFG_UNUSED
  83:Generated_Source\PSoC4/cyfitter_cfg.c **** static void CYCONFIGCPY(void *dest, const void *src, size_t n)
  84:Generated_Source\PSoC4/cyfitter_cfg.c **** {
  85:Generated_Source\PSoC4/cyfitter_cfg.c **** 	(void)memcpy(dest, src, n);
  86:Generated_Source\PSoC4/cyfitter_cfg.c **** }
  87:Generated_Source\PSoC4/cyfitter_cfg.c **** CY_CFG_UNUSED
  88:Generated_Source\PSoC4/cyfitter_cfg.c **** static void CYCONFIGCPYCODE(void *dest, const void *src, size_t n);
  89:Generated_Source\PSoC4/cyfitter_cfg.c **** CY_CFG_UNUSED
  90:Generated_Source\PSoC4/cyfitter_cfg.c **** static void CYCONFIGCPYCODE(void *dest, const void *src, size_t n)
  91:Generated_Source\PSoC4/cyfitter_cfg.c **** {
  92:Generated_Source\PSoC4/cyfitter_cfg.c **** 	(void)memcpy(dest, src, n);
  93:Generated_Source\PSoC4/cyfitter_cfg.c **** }
  94:Generated_Source\PSoC4/cyfitter_cfg.c **** 
  95:Generated_Source\PSoC4/cyfitter_cfg.c **** 
  96:Generated_Source\PSoC4/cyfitter_cfg.c **** 
  97:Generated_Source\PSoC4/cyfitter_cfg.c **** 
  98:Generated_Source\PSoC4/cyfitter_cfg.c **** /* Clock startup error codes                                                   */
  99:Generated_Source\PSoC4/cyfitter_cfg.c **** #define CYCLOCKSTART_NO_ERROR    0u
 100:Generated_Source\PSoC4/cyfitter_cfg.c **** #define CYCLOCKSTART_XTAL_ERROR  1u
 101:Generated_Source\PSoC4/cyfitter_cfg.c **** #define CYCLOCKSTART_32KHZ_ERROR 2u
 102:Generated_Source\PSoC4/cyfitter_cfg.c **** #define CYCLOCKSTART_PLL_ERROR   3u
 103:Generated_Source\PSoC4/cyfitter_cfg.c **** #define CYCLOCKSTART_FLL_ERROR   4u
 104:Generated_Source\PSoC4/cyfitter_cfg.c **** #define CYCLOCKSTART_WCO_ERROR   5u
 105:Generated_Source\PSoC4/cyfitter_cfg.c **** 
 106:Generated_Source\PSoC4/cyfitter_cfg.c **** 
 107:Generated_Source\PSoC4/cyfitter_cfg.c **** #ifdef CY_NEED_CYCLOCKSTARTUPERROR
 108:Generated_Source\PSoC4/cyfitter_cfg.c **** /*******************************************************************************
 109:Generated_Source\PSoC4/cyfitter_cfg.c **** * Function Name: CyClockStartupError
 110:Generated_Source\PSoC4/cyfitter_cfg.c **** ********************************************************************************
 111:Generated_Source\PSoC4/cyfitter_cfg.c **** * Summary:
 112:Generated_Source\PSoC4/cyfitter_cfg.c **** *  If an error is encountered during clock configuration (crystal startup error,
 113:Generated_Source\PSoC4/cyfitter_cfg.c **** *  PLL lock error, etc.), the system will end up here.  Unless reimplemented by
 114:Generated_Source\PSoC4/cyfitter_cfg.c **** *  the customer, this function will stop in an infinite loop.
 115:Generated_Source\PSoC4/cyfitter_cfg.c **** *
 116:Generated_Source\PSoC4/cyfitter_cfg.c **** * Parameters:
 117:Generated_Source\PSoC4/cyfitter_cfg.c **** *   void
ARM GAS  C:\Users\NGUYEN~1\AppData\Local\Temp\ccOdJkIf.s 			page 4


 118:Generated_Source\PSoC4/cyfitter_cfg.c **** *
 119:Generated_Source\PSoC4/cyfitter_cfg.c **** * Return:
 120:Generated_Source\PSoC4/cyfitter_cfg.c **** *   void
 121:Generated_Source\PSoC4/cyfitter_cfg.c **** *
 122:Generated_Source\PSoC4/cyfitter_cfg.c **** *******************************************************************************/
 123:Generated_Source\PSoC4/cyfitter_cfg.c **** CY_CFG_UNUSED
 124:Generated_Source\PSoC4/cyfitter_cfg.c **** static void CyClockStartupError(uint8 errorCode);
 125:Generated_Source\PSoC4/cyfitter_cfg.c **** CY_CFG_UNUSED
 126:Generated_Source\PSoC4/cyfitter_cfg.c **** static void CyClockStartupError(uint8 errorCode)
 127:Generated_Source\PSoC4/cyfitter_cfg.c **** {
 128:Generated_Source\PSoC4/cyfitter_cfg.c ****     /* To remove the compiler warning if errorCode not used.                */
 129:Generated_Source\PSoC4/cyfitter_cfg.c ****     errorCode = errorCode;
 130:Generated_Source\PSoC4/cyfitter_cfg.c **** 
 131:Generated_Source\PSoC4/cyfitter_cfg.c ****     /* If we have a clock startup error (bad MHz crystal, PLL lock, etc.),  */
 132:Generated_Source\PSoC4/cyfitter_cfg.c ****     /* we will end up here to allow the customer to implement something to  */
 133:Generated_Source\PSoC4/cyfitter_cfg.c ****     /* deal with the clock condition.                                       */
 134:Generated_Source\PSoC4/cyfitter_cfg.c **** 
 135:Generated_Source\PSoC4/cyfitter_cfg.c **** #ifdef CY_CFG_CLOCK_STARTUP_ERROR_CALLBACK
 136:Generated_Source\PSoC4/cyfitter_cfg.c ****     CY_CFG_Clock_Startup_ErrorCallback();
 137:Generated_Source\PSoC4/cyfitter_cfg.c **** #else
 138:Generated_Source\PSoC4/cyfitter_cfg.c ****     /*  If not using CY_CFG_CLOCK_STARTUP_ERROR_CALLBACK, place your clock startup code here. */
 139:Generated_Source\PSoC4/cyfitter_cfg.c ****     /* `#START CyClockStartupError` */
 140:Generated_Source\PSoC4/cyfitter_cfg.c **** 
 141:Generated_Source\PSoC4/cyfitter_cfg.c **** 
 142:Generated_Source\PSoC4/cyfitter_cfg.c **** 
 143:Generated_Source\PSoC4/cyfitter_cfg.c ****     /* `#END` */
 144:Generated_Source\PSoC4/cyfitter_cfg.c **** 
 145:Generated_Source\PSoC4/cyfitter_cfg.c ****     while(1) {}
 146:Generated_Source\PSoC4/cyfitter_cfg.c **** #endif /* CY_CFG_CLOCK_STARTUP_ERROR_CALLBACK */
 147:Generated_Source\PSoC4/cyfitter_cfg.c **** }
 148:Generated_Source\PSoC4/cyfitter_cfg.c **** #endif
 149:Generated_Source\PSoC4/cyfitter_cfg.c **** 
 150:Generated_Source\PSoC4/cyfitter_cfg.c **** 
 151:Generated_Source\PSoC4/cyfitter_cfg.c **** 
 152:Generated_Source\PSoC4/cyfitter_cfg.c **** /*******************************************************************************
 153:Generated_Source\PSoC4/cyfitter_cfg.c **** * Function Name: ClockSetup
 154:Generated_Source\PSoC4/cyfitter_cfg.c **** ********************************************************************************
 155:Generated_Source\PSoC4/cyfitter_cfg.c **** *
 156:Generated_Source\PSoC4/cyfitter_cfg.c **** * Summary:
 157:Generated_Source\PSoC4/cyfitter_cfg.c **** *   Performs the initialization of all of the clocks in the device based on the
 158:Generated_Source\PSoC4/cyfitter_cfg.c **** *   settings in the Clock tab of the DWR.  This includes enabling the requested
 159:Generated_Source\PSoC4/cyfitter_cfg.c **** *   clocks and setting the necessary dividers to produce the desired frequency. 
 160:Generated_Source\PSoC4/cyfitter_cfg.c **** *
 161:Generated_Source\PSoC4/cyfitter_cfg.c **** * Parameters:
 162:Generated_Source\PSoC4/cyfitter_cfg.c **** *   void
 163:Generated_Source\PSoC4/cyfitter_cfg.c **** *
 164:Generated_Source\PSoC4/cyfitter_cfg.c **** * Return:
 165:Generated_Source\PSoC4/cyfitter_cfg.c **** *   void
 166:Generated_Source\PSoC4/cyfitter_cfg.c **** *
 167:Generated_Source\PSoC4/cyfitter_cfg.c **** *******************************************************************************/
 168:Generated_Source\PSoC4/cyfitter_cfg.c **** static void ClockSetup(void);
 169:Generated_Source\PSoC4/cyfitter_cfg.c **** CY_CFG_SECTION
 170:Generated_Source\PSoC4/cyfitter_cfg.c **** static void ClockSetup(void)
 171:Generated_Source\PSoC4/cyfitter_cfg.c **** {
  55              		.loc 1 171 0
  56              		.cfi_startproc
  57              		@ args = 0, pretend = 0, frame = 0
ARM GAS  C:\Users\NGUYEN~1\AppData\Local\Temp\ccOdJkIf.s 			page 5


  58              		@ frame_needed = 0, uses_anonymous_args = 0
  59 0000 70B5     		push	{r4, r5, r6, lr}
  60              		.cfi_def_cfa_offset 16
  61              		.cfi_offset 4, -16
  62              		.cfi_offset 5, -12
  63              		.cfi_offset 6, -8
  64              		.cfi_offset 14, -4
 172:Generated_Source\PSoC4/cyfitter_cfg.c **** 	/* Enable HALF_EN before trimming for the flash accelerator. */
 173:Generated_Source\PSoC4/cyfitter_cfg.c **** 	CY_SET_REG32((void CYXDATA *)(CYREG_CLK_SELECT), (CY_GET_REG32((void *)CYREG_CLK_SELECT) | 0x00040
  65              		.loc 1 173 0
  66 0002 194C     		ldr	r4, .L3
  67 0004 2368     		ldr	r3, [r4]
  68 0006 8022     		movs	r2, #128
  69 0008 D202     		lsls	r2, r2, #11
  70 000a 1343     		orrs	r3, r2
  71 000c 2360     		str	r3, [r4]
 174:Generated_Source\PSoC4/cyfitter_cfg.c **** 
 175:Generated_Source\PSoC4/cyfitter_cfg.c **** 	/* Setup and trim IMO based on desired frequency. */
 176:Generated_Source\PSoC4/cyfitter_cfg.c **** 	CySysClkWriteImoFreq(24u);
  72              		.loc 1 176 0
  73 000e 1820     		movs	r0, #24
  74 0010 FFF7FEFF 		bl	CySysClkWriteImoFreq
  75              	.LVL3:
 177:Generated_Source\PSoC4/cyfitter_cfg.c **** 
 178:Generated_Source\PSoC4/cyfitter_cfg.c **** 	/* Disable HALF_EN since it is not required at this IMO frequency. */
 179:Generated_Source\PSoC4/cyfitter_cfg.c **** 	CY_SET_REG32((void CYXDATA *)(CYREG_CLK_SELECT), (CY_GET_REG32((void *)CYREG_CLK_SELECT) & 0xFFFBF
  76              		.loc 1 179 0
  77 0014 2268     		ldr	r2, [r4]
  78 0016 154B     		ldr	r3, .L3+4
  79 0018 1340     		ands	r3, r2
  80 001a 2360     		str	r3, [r4]
 180:Generated_Source\PSoC4/cyfitter_cfg.c **** 	/* CYDEV_CLK_ILO_CONFIG Starting address: CYDEV_CLK_ILO_CONFIG */
 181:Generated_Source\PSoC4/cyfitter_cfg.c **** 	CY_SET_REG32((void *)(CYREG_CLK_ILO_CONFIG), 0x80000006u);
  81              		.loc 1 181 0
  82 001c 144A     		ldr	r2, .L3+8
  83 001e 154B     		ldr	r3, .L3+12
  84 0020 1A60     		str	r2, [r3]
 182:Generated_Source\PSoC4/cyfitter_cfg.c **** 
 183:Generated_Source\PSoC4/cyfitter_cfg.c **** 
 184:Generated_Source\PSoC4/cyfitter_cfg.c **** 	/* CYDEV_CLK_SELECT00 Starting address: CYDEV_CLK_SELECT00 */
 185:Generated_Source\PSoC4/cyfitter_cfg.c **** 	CY_SET_REG32((void *)(CYREG_CLK_SELECT02), 0x00000010u);
  85              		.loc 1 185 0
  86 0022 1022     		movs	r2, #16
  87 0024 144B     		ldr	r3, .L3+16
  88 0026 1A60     		str	r2, [r3]
 186:Generated_Source\PSoC4/cyfitter_cfg.c **** 	CY_SET_REG32((void *)(CYREG_CLK_SELECT03), 0x00000020u);
  89              		.loc 1 186 0
  90 0028 1032     		adds	r2, r2, #16
  91 002a 144B     		ldr	r3, .L3+20
  92 002c 1A60     		str	r2, [r3]
 187:Generated_Source\PSoC4/cyfitter_cfg.c **** 	CY_SET_REG32((void *)(CYREG_CLK_SELECT08), 0x00000030u);
  93              		.loc 1 187 0
  94 002e 1032     		adds	r2, r2, #16
  95 0030 134B     		ldr	r3, .L3+24
  96 0032 1A60     		str	r2, [r3]
 188:Generated_Source\PSoC4/cyfitter_cfg.c **** 
 189:Generated_Source\PSoC4/cyfitter_cfg.c **** 	/* CYDEV_CLK_IMO_CONFIG Starting address: CYDEV_CLK_IMO_CONFIG */
ARM GAS  C:\Users\NGUYEN~1\AppData\Local\Temp\ccOdJkIf.s 			page 6


 190:Generated_Source\PSoC4/cyfitter_cfg.c **** 	CY_SET_REG32((void *)(CYREG_CLK_IMO_CONFIG), 0x80000000u);
  97              		.loc 1 190 0
  98 0034 8022     		movs	r2, #128
  99 0036 1206     		lsls	r2, r2, #24
 100 0038 124B     		ldr	r3, .L3+28
 101 003a 1A60     		str	r2, [r3]
 191:Generated_Source\PSoC4/cyfitter_cfg.c **** 
 192:Generated_Source\PSoC4/cyfitter_cfg.c **** 	/* CYDEV_CLK_SELECT Starting address: CYDEV_CLK_SELECT */
 193:Generated_Source\PSoC4/cyfitter_cfg.c **** 	CY_SET_REG32((void *)(CYREG_CLK_SELECT), 0x00000000u);
 102              		.loc 1 193 0
 103 003c 0025     		movs	r5, #0
 104 003e 2560     		str	r5, [r4]
 194:Generated_Source\PSoC4/cyfitter_cfg.c **** 
 195:Generated_Source\PSoC4/cyfitter_cfg.c **** 	/* CYDEV_CLK_DIVIDER_A00 Starting address: CYDEV_CLK_DIVIDER_A00 */
 196:Generated_Source\PSoC4/cyfitter_cfg.c **** 	CY_SET_REG32((void *)(CYREG_CLK_DIVIDER_A00), 0x80000002u);
 105              		.loc 1 196 0
 106 0040 114A     		ldr	r2, .L3+32
 107 0042 124B     		ldr	r3, .L3+36
 108 0044 1A60     		str	r2, [r3]
 197:Generated_Source\PSoC4/cyfitter_cfg.c **** 
 198:Generated_Source\PSoC4/cyfitter_cfg.c **** 	/* CYDEV_CLK_DIVIDER_B00 Starting address: CYDEV_CLK_DIVIDER_B00 */
 199:Generated_Source\PSoC4/cyfitter_cfg.c **** 	CY_SET_REG32((void *)(CYREG_CLK_DIVIDER_B00), 0x80000010u);
 109              		.loc 1 199 0
 110 0046 124A     		ldr	r2, .L3+40
 111 0048 124B     		ldr	r3, .L3+44
 112 004a 1A60     		str	r2, [r3]
 200:Generated_Source\PSoC4/cyfitter_cfg.c **** 
 201:Generated_Source\PSoC4/cyfitter_cfg.c **** 	/* CYDEV_CLK_DIVIDER_C00 Starting address: CYDEV_CLK_DIVIDER_C00 */
 202:Generated_Source\PSoC4/cyfitter_cfg.c **** 	CY_SET_REG32((void *)(CYREG_CLK_DIVIDER_C00), 0x800000EFu);
 113              		.loc 1 202 0
 114 004c 124A     		ldr	r2, .L3+48
 115 004e 134B     		ldr	r3, .L3+52
 116 0050 1A60     		str	r2, [r3]
 203:Generated_Source\PSoC4/cyfitter_cfg.c **** 
 204:Generated_Source\PSoC4/cyfitter_cfg.c **** 	(void)CyIntSetVector(9u, &CySysWdtIsr);
 117              		.loc 1 204 0
 118 0052 1349     		ldr	r1, .L3+56
 119 0054 0920     		movs	r0, #9
 120 0056 FFF7FEFF 		bl	CyIntSetVector
 121              	.LVL4:
 205:Generated_Source\PSoC4/cyfitter_cfg.c **** 	CyIntEnable(9u);
 122              		.loc 1 205 0
 123 005a 0920     		movs	r0, #9
 124 005c FFF7FEFF 		bl	CyIntEnable
 125              	.LVL5:
 206:Generated_Source\PSoC4/cyfitter_cfg.c **** 	CY_SET_REG32((void *)(CYREG_WDT_CONFIG), 0x00000000u);
 126              		.loc 1 206 0
 127 0060 104B     		ldr	r3, .L3+60
 128 0062 1D60     		str	r5, [r3]
 207:Generated_Source\PSoC4/cyfitter_cfg.c **** }
 129              		.loc 1 207 0
 130              		@ sp needed
 131 0064 70BD     		pop	{r4, r5, r6, pc}
 132              	.L4:
 133 0066 C046     		.align	2
 134              	.L3:
 135 0068 00010B40 		.word	1074462976
ARM GAS  C:\Users\NGUYEN~1\AppData\Local\Temp\ccOdJkIf.s 			page 7


 136 006c FFFFFBFF 		.word	-262145
 137 0070 06000080 		.word	-2147483642
 138 0074 04010B40 		.word	1074462980
 139 0078 08020240 		.word	1073873416
 140 007c 0C020240 		.word	1073873420
 141 0080 20020240 		.word	1073873440
 142 0084 08010B40 		.word	1074462984
 143 0088 02000080 		.word	-2147483646
 144 008c 00000240 		.word	1073872896
 145 0090 10000080 		.word	-2147483632
 146 0094 40000240 		.word	1073872960
 147 0098 EF000080 		.word	-2147483409
 148 009c 80000240 		.word	1073873024
 149 00a0 00000000 		.word	CySysWdtIsr
 150 00a4 0C020B40 		.word	1074463244
 151              		.cfi_endproc
 152              	.LFE3:
 153              		.size	ClockSetup, .-ClockSetup
 154              		.align	2
 155              		.global	cyfitter_cfg
 156              		.code	16
 157              		.thumb_func
 158              		.type	cyfitter_cfg, %function
 159              	cyfitter_cfg:
 160              	.LFB5:
 208:Generated_Source\PSoC4/cyfitter_cfg.c **** 
 209:Generated_Source\PSoC4/cyfitter_cfg.c **** 
 210:Generated_Source\PSoC4/cyfitter_cfg.c **** /* Analog API Functions */
 211:Generated_Source\PSoC4/cyfitter_cfg.c **** 
 212:Generated_Source\PSoC4/cyfitter_cfg.c **** 
 213:Generated_Source\PSoC4/cyfitter_cfg.c **** /*******************************************************************************
 214:Generated_Source\PSoC4/cyfitter_cfg.c **** * Function Name: AnalogSetDefault
 215:Generated_Source\PSoC4/cyfitter_cfg.c **** ********************************************************************************
 216:Generated_Source\PSoC4/cyfitter_cfg.c **** *
 217:Generated_Source\PSoC4/cyfitter_cfg.c **** * Summary:
 218:Generated_Source\PSoC4/cyfitter_cfg.c **** *  Sets up the analog portions of the chip to default values based on chip
 219:Generated_Source\PSoC4/cyfitter_cfg.c **** *  configuration options from the project.
 220:Generated_Source\PSoC4/cyfitter_cfg.c **** *
 221:Generated_Source\PSoC4/cyfitter_cfg.c **** * Parameters:
 222:Generated_Source\PSoC4/cyfitter_cfg.c **** *  void
 223:Generated_Source\PSoC4/cyfitter_cfg.c **** *
 224:Generated_Source\PSoC4/cyfitter_cfg.c **** * Return:
 225:Generated_Source\PSoC4/cyfitter_cfg.c **** *  void
 226:Generated_Source\PSoC4/cyfitter_cfg.c **** *
 227:Generated_Source\PSoC4/cyfitter_cfg.c **** *******************************************************************************/
 228:Generated_Source\PSoC4/cyfitter_cfg.c **** static void AnalogSetDefault(void);
 229:Generated_Source\PSoC4/cyfitter_cfg.c **** static void AnalogSetDefault(void)
 230:Generated_Source\PSoC4/cyfitter_cfg.c **** {
 231:Generated_Source\PSoC4/cyfitter_cfg.c **** }
 232:Generated_Source\PSoC4/cyfitter_cfg.c **** 
 233:Generated_Source\PSoC4/cyfitter_cfg.c **** 
 234:Generated_Source\PSoC4/cyfitter_cfg.c **** 
 235:Generated_Source\PSoC4/cyfitter_cfg.c **** 
 236:Generated_Source\PSoC4/cyfitter_cfg.c **** /*******************************************************************************
 237:Generated_Source\PSoC4/cyfitter_cfg.c **** * Function Name: cyfitter_cfg
 238:Generated_Source\PSoC4/cyfitter_cfg.c **** ********************************************************************************
 239:Generated_Source\PSoC4/cyfitter_cfg.c **** * Summary:
ARM GAS  C:\Users\NGUYEN~1\AppData\Local\Temp\ccOdJkIf.s 			page 8


 240:Generated_Source\PSoC4/cyfitter_cfg.c **** *  This function is called by the start-up code for the selected device. It
 241:Generated_Source\PSoC4/cyfitter_cfg.c **** *  performs all of the necessary device configuration based on the design
 242:Generated_Source\PSoC4/cyfitter_cfg.c **** *  settings.  This includes settings from the Design Wide Resources (DWR) such
 243:Generated_Source\PSoC4/cyfitter_cfg.c **** *  as Clocks and Pins as well as any component configuration that is necessary.
 244:Generated_Source\PSoC4/cyfitter_cfg.c **** *
 245:Generated_Source\PSoC4/cyfitter_cfg.c **** * Parameters:
 246:Generated_Source\PSoC4/cyfitter_cfg.c **** *   void
 247:Generated_Source\PSoC4/cyfitter_cfg.c **** *
 248:Generated_Source\PSoC4/cyfitter_cfg.c **** * Return:
 249:Generated_Source\PSoC4/cyfitter_cfg.c **** *   void
 250:Generated_Source\PSoC4/cyfitter_cfg.c **** *
 251:Generated_Source\PSoC4/cyfitter_cfg.c **** *******************************************************************************/
 252:Generated_Source\PSoC4/cyfitter_cfg.c **** CY_CFG_SECTION
 253:Generated_Source\PSoC4/cyfitter_cfg.c **** void cyfitter_cfg(void)
 254:Generated_Source\PSoC4/cyfitter_cfg.c **** {
 161              		.loc 1 254 0
 162              		.cfi_startproc
 163              		@ args = 0, pretend = 0, frame = 0
 164              		@ frame_needed = 0, uses_anonymous_args = 0
 165 00a8 10B5     		push	{r4, lr}
 166              		.cfi_def_cfa_offset 8
 167              		.cfi_offset 4, -8
 168              		.cfi_offset 14, -4
 255:Generated_Source\PSoC4/cyfitter_cfg.c **** 	/* Disable interrupts by default. Let user enable if/when they want. */
 256:Generated_Source\PSoC4/cyfitter_cfg.c **** 	CyGlobalIntDisable;
 169              		.loc 1 256 0
 170              		.syntax divided
 171              	@ 256 "Generated_Source\PSoC4\cyfitter_cfg.c" 1
 172 00aa 72B6     		CPSID   i
 173              	@ 0 "" 2
 174              	.LVL6:
 175              		.thumb
 176              		.syntax unified
 177              	.LBB2:
 257:Generated_Source\PSoC4/cyfitter_cfg.c **** 
 258:Generated_Source\PSoC4/cyfitter_cfg.c **** 	{
 259:Generated_Source\PSoC4/cyfitter_cfg.c **** 
 260:Generated_Source\PSoC4/cyfitter_cfg.c **** 		CYPACKED typedef struct {
 261:Generated_Source\PSoC4/cyfitter_cfg.c **** 			void CYFAR *address;
 262:Generated_Source\PSoC4/cyfitter_cfg.c **** 			uint16 size;
 263:Generated_Source\PSoC4/cyfitter_cfg.c **** 		} CYPACKED_ATTR cfg_memset_t;
 264:Generated_Source\PSoC4/cyfitter_cfg.c **** 
 265:Generated_Source\PSoC4/cyfitter_cfg.c **** 		static const cfg_memset_t CYCODE cfg_memset_list[] = {
 266:Generated_Source\PSoC4/cyfitter_cfg.c **** 			/* address, size */
 267:Generated_Source\PSoC4/cyfitter_cfg.c **** 			{(void CYFAR *)(CYDEV_UDB_P0_U0_BASE), 1024u},
 268:Generated_Source\PSoC4/cyfitter_cfg.c **** 			{(void CYFAR *)(CYDEV_UDB_DSI0_BASE), 1024u},
 269:Generated_Source\PSoC4/cyfitter_cfg.c **** 		};
 270:Generated_Source\PSoC4/cyfitter_cfg.c **** 
 271:Generated_Source\PSoC4/cyfitter_cfg.c **** 		uint8 CYDATA i;
 272:Generated_Source\PSoC4/cyfitter_cfg.c **** 
 273:Generated_Source\PSoC4/cyfitter_cfg.c **** 		/* Zero out critical memory blocks before beginning configuration */
 274:Generated_Source\PSoC4/cyfitter_cfg.c **** 		for (i = 0u; i < (sizeof(cfg_memset_list)/sizeof(cfg_memset_list[0])); i++)
 178              		.loc 1 274 0
 179 00ac 0024     		movs	r4, #0
 180 00ae 0FE0     		b	.L6
 181              	.LVL7:
 182              	.L7:
ARM GAS  C:\Users\NGUYEN~1\AppData\Local\Temp\ccOdJkIf.s 			page 9


 183              	.LBB3:
 275:Generated_Source\PSoC4/cyfitter_cfg.c **** 		{
 276:Generated_Source\PSoC4/cyfitter_cfg.c **** 			const cfg_memset_t CYCODE * CYDATA ms = &cfg_memset_list[i];
 277:Generated_Source\PSoC4/cyfitter_cfg.c **** 			CYMEMZERO(ms->address, (size_t)(uint32)(ms->size));
 184              		.loc 1 277 0 discriminator 3
 185 00b0 2048     		ldr	r0, .L8
 186 00b2 6200     		lsls	r2, r4, #1
 187 00b4 1319     		adds	r3, r2, r4
 188 00b6 5900     		lsls	r1, r3, #1
 189 00b8 0B00     		movs	r3, r1
 190 00ba 4118     		adds	r1, r0, r1
 191 00bc 8988     		ldrh	r1, [r1, #4]
 192 00be 1A5A     		ldrh	r2, [r3, r0]
 193 00c0 C318     		adds	r3, r0, r3
 194 00c2 5888     		ldrh	r0, [r3, #2]
 195 00c4 0004     		lsls	r0, r0, #16
 196 00c6 1043     		orrs	r0, r2
 197 00c8 FFF7FEFF 		bl	CYMEMZERO
 198              	.LVL8:
 199              	.LBE3:
 274:Generated_Source\PSoC4/cyfitter_cfg.c **** 		{
 200              		.loc 1 274 0 discriminator 3
 201 00cc 0134     		adds	r4, r4, #1
 202              	.LVL9:
 203 00ce E4B2     		uxtb	r4, r4
 204              	.LVL10:
 205              	.L6:
 274:Generated_Source\PSoC4/cyfitter_cfg.c **** 		{
 206              		.loc 1 274 0 is_stmt 0 discriminator 1
 207 00d0 012C     		cmp	r4, #1
 208 00d2 EDD9     		bls	.L7
 278:Generated_Source\PSoC4/cyfitter_cfg.c **** 		}
 279:Generated_Source\PSoC4/cyfitter_cfg.c **** 
 280:Generated_Source\PSoC4/cyfitter_cfg.c **** 		/* HSIOM Starting address: CYDEV_HSIOM_BASE */
 281:Generated_Source\PSoC4/cyfitter_cfg.c **** 		CY_SET_REG32((void *)(CYDEV_HSIOM_BASE), 0x00990000u);
 209              		.loc 1 281 0 is_stmt 1
 210 00d4 9923     		movs	r3, #153
 211 00d6 1B04     		lsls	r3, r3, #16
 212 00d8 174A     		ldr	r2, .L8+4
 213 00da 1360     		str	r3, [r2]
 282:Generated_Source\PSoC4/cyfitter_cfg.c **** 		CY_SET_REG32((void *)(CYREG_HSIOM_PORT_SEL3), 0x0000EE00u);
 214              		.loc 1 282 0
 215 00dc EE21     		movs	r1, #238
 216 00de 0902     		lsls	r1, r1, #8
 217 00e0 164A     		ldr	r2, .L8+8
 218 00e2 1160     		str	r1, [r2]
 283:Generated_Source\PSoC4/cyfitter_cfg.c **** 		CY_SET_REG32((void *)(CYREG_HSIOM_PORT_SEL4), 0x000000EEu);
 219              		.loc 1 283 0
 220 00e4 EE21     		movs	r1, #238
 221 00e6 164A     		ldr	r2, .L8+12
 222 00e8 1160     		str	r1, [r2]
 284:Generated_Source\PSoC4/cyfitter_cfg.c **** 
 285:Generated_Source\PSoC4/cyfitter_cfg.c **** 		/* UDB_PA_0 Starting address: CYDEV_UDB_PA0_BASE */
 286:Generated_Source\PSoC4/cyfitter_cfg.c **** 		CY_SET_REG32((void *)(CYDEV_UDB_PA0_BASE), 0x00990000u);
 223              		.loc 1 286 0
 224 00ea 164A     		ldr	r2, .L8+16
 225 00ec 1360     		str	r3, [r2]
ARM GAS  C:\Users\NGUYEN~1\AppData\Local\Temp\ccOdJkIf.s 			page 10


 287:Generated_Source\PSoC4/cyfitter_cfg.c **** 
 288:Generated_Source\PSoC4/cyfitter_cfg.c **** 		/* UDB_PA_1 Starting address: CYDEV_UDB_PA1_BASE */
 289:Generated_Source\PSoC4/cyfitter_cfg.c **** 		CY_SET_REG32((void *)(CYDEV_UDB_PA1_BASE), 0x00990000u);
 226              		.loc 1 289 0
 227 00ee 164A     		ldr	r2, .L8+20
 228 00f0 1360     		str	r3, [r2]
 290:Generated_Source\PSoC4/cyfitter_cfg.c **** 
 291:Generated_Source\PSoC4/cyfitter_cfg.c **** 		/* UDB_PA_3 Starting address: CYDEV_UDB_PA3_BASE */
 292:Generated_Source\PSoC4/cyfitter_cfg.c **** 		CY_SET_REG32((void *)(CYDEV_UDB_PA3_BASE), 0x00990000u);
 229              		.loc 1 292 0
 230 00f2 164A     		ldr	r2, .L8+24
 231 00f4 1360     		str	r3, [r2]
 293:Generated_Source\PSoC4/cyfitter_cfg.c **** 
 294:Generated_Source\PSoC4/cyfitter_cfg.c **** 		/* Enable digital routing */
 295:Generated_Source\PSoC4/cyfitter_cfg.c **** 		CY_SET_XTND_REG8((void *)CYREG_UDB_UDBIF_BANK_CTL, (uint8)(CY_GET_XTND_REG8((void *)CYREG_UDB_UDB
 232              		.loc 1 295 0
 233 00f6 164A     		ldr	r2, .L8+28
 234 00f8 1178     		ldrb	r1, [r2]
 235 00fa 0623     		movs	r3, #6
 236 00fc 0B43     		orrs	r3, r1
 237 00fe DBB2     		uxtb	r3, r3
 238 0100 1370     		strb	r3, [r2]
 239              	.LBE2:
 296:Generated_Source\PSoC4/cyfitter_cfg.c **** 	}
 297:Generated_Source\PSoC4/cyfitter_cfg.c **** 
 298:Generated_Source\PSoC4/cyfitter_cfg.c **** 	/* Perform second pass device configuration. These items must be configured in specific order afte
 299:Generated_Source\PSoC4/cyfitter_cfg.c **** 	/* IOPINS0_0 Starting address: CYDEV_PRT0_BASE */
 300:Generated_Source\PSoC4/cyfitter_cfg.c **** 	CY_SET_REG32((void *)(CYDEV_PRT0_BASE), 0x00000020u);
 240              		.loc 1 300 0
 241 0102 2023     		movs	r3, #32
 242 0104 134A     		ldr	r2, .L8+32
 243 0106 1360     		str	r3, [r2]
 301:Generated_Source\PSoC4/cyfitter_cfg.c **** 	CY_SET_REG32((void *)(CYREG_PRT0_PC), 0x00031000u);
 244              		.loc 1 301 0
 245 0108 C421     		movs	r1, #196
 246 010a 8902     		lsls	r1, r1, #10
 247 010c 124A     		ldr	r2, .L8+36
 248 010e 1160     		str	r1, [r2]
 302:Generated_Source\PSoC4/cyfitter_cfg.c **** 	CY_SET_REG32((void *)(CYREG_PRT0_PC2), 0x00000020u);
 249              		.loc 1 302 0
 250 0110 124A     		ldr	r2, .L8+40
 251 0112 1360     		str	r3, [r2]
 303:Generated_Source\PSoC4/cyfitter_cfg.c **** 
 304:Generated_Source\PSoC4/cyfitter_cfg.c **** 	/* IOPINS0_1 Starting address: CYDEV_PRT1_BASE */
 305:Generated_Source\PSoC4/cyfitter_cfg.c **** 	CY_SET_REG32((void *)(CYREG_PRT1_PC), 0x00DB6DB6u);
 252              		.loc 1 305 0
 253 0114 124A     		ldr	r2, .L8+44
 254 0116 134B     		ldr	r3, .L8+48
 255 0118 1A60     		str	r2, [r3]
 306:Generated_Source\PSoC4/cyfitter_cfg.c **** 
 307:Generated_Source\PSoC4/cyfitter_cfg.c **** 	/* IOPINS0_3 Starting address: CYDEV_PRT3_BASE */
 308:Generated_Source\PSoC4/cyfitter_cfg.c **** 	CY_SET_REG32((void *)(CYREG_PRT3_PC), 0x00000D80u);
 256              		.loc 1 308 0
 257 011a D822     		movs	r2, #216
 258 011c 1201     		lsls	r2, r2, #4
 259 011e 124B     		ldr	r3, .L8+52
 260 0120 1A60     		str	r2, [r3]
ARM GAS  C:\Users\NGUYEN~1\AppData\Local\Temp\ccOdJkIf.s 			page 11


 309:Generated_Source\PSoC4/cyfitter_cfg.c **** 
 310:Generated_Source\PSoC4/cyfitter_cfg.c **** 	/* IOPINS0_4 Starting address: CYDEV_PRT4_BASE */
 311:Generated_Source\PSoC4/cyfitter_cfg.c **** 	CY_SET_REG32((void *)(CYDEV_PRT4_BASE), 0x00000003u);
 261              		.loc 1 311 0
 262 0122 0322     		movs	r2, #3
 263 0124 114B     		ldr	r3, .L8+56
 264 0126 1A60     		str	r2, [r3]
 312:Generated_Source\PSoC4/cyfitter_cfg.c **** 	CY_SET_REG32((void *)(CYREG_PRT4_PC), 0x00000024u);
 265              		.loc 1 312 0
 266 0128 2132     		adds	r2, r2, #33
 267 012a 114B     		ldr	r3, .L8+60
 268 012c 1A60     		str	r2, [r3]
 313:Generated_Source\PSoC4/cyfitter_cfg.c **** 
 314:Generated_Source\PSoC4/cyfitter_cfg.c **** 
 315:Generated_Source\PSoC4/cyfitter_cfg.c **** 	/* Setup clocks based on selections from Clock DWR */
 316:Generated_Source\PSoC4/cyfitter_cfg.c **** 	ClockSetup();
 269              		.loc 1 316 0
 270 012e FFF767FF 		bl	ClockSetup
 271              	.LVL11:
 317:Generated_Source\PSoC4/cyfitter_cfg.c **** 
 318:Generated_Source\PSoC4/cyfitter_cfg.c **** 	/* Perform basic analog initialization to defaults */
 319:Generated_Source\PSoC4/cyfitter_cfg.c **** 	AnalogSetDefault();
 320:Generated_Source\PSoC4/cyfitter_cfg.c **** 
 321:Generated_Source\PSoC4/cyfitter_cfg.c **** }
 272              		.loc 1 321 0
 273              		@ sp needed
 274              	.LVL12:
 275 0132 10BD     		pop	{r4, pc}
 276              	.L9:
 277              		.align	2
 278              	.L8:
 279 0134 00000000 		.word	.LANCHOR0
 280 0138 00000140 		.word	1073807360
 281 013c 0C000140 		.word	1073807372
 282 0140 10000140 		.word	1073807376
 283 0144 00500F40 		.word	1074745344
 284 0148 10500F40 		.word	1074745360
 285 014c 30500F40 		.word	1074745392
 286 0150 00700F40 		.word	1074753536
 287 0154 00000440 		.word	1074003968
 288 0158 08000440 		.word	1074003976
 289 015c 18000440 		.word	1074003992
 290 0160 B66DDB00 		.word	14380470
 291 0164 08010440 		.word	1074004232
 292 0168 08030440 		.word	1074004744
 293 016c 00040440 		.word	1074004992
 294 0170 08040440 		.word	1074005000
 295              		.cfi_endproc
 296              	.LFE5:
 297              		.size	cyfitter_cfg, .-cyfitter_cfg
 298              		.section	.rodata
 299              		.align	2
 300              		.set	.LANCHOR0,. + 0
 301              		.type	cfg_memset_list.4847, %object
 302              		.size	cfg_memset_list.4847, 12
 303              	cfg_memset_list.4847:
 304 0000 00300F40 		.word	1074737152
ARM GAS  C:\Users\NGUYEN~1\AppData\Local\Temp\ccOdJkIf.s 			page 12


 305 0004 0004     		.short	1024
 306 0006 00400F40 		.4byte	1074741248
 307 000a 0004     		.short	1024
 308              		.text
 309              	.Letext0:
 310              		.file 2 "c:\\program files (x86)\\cypress\\psoc creator\\4.4\\psoc creator\\import\\gnu\\arm\\5.4.
 311              		.file 3 "Generated_Source\\PSoC4\\cytypes.h"
 312              		.file 4 "Generated_Source\\PSoC4\\CyLib.h"
 313              		.section	.debug_info,"",%progbits
 314              	.Ldebug_info0:
 315 0000 79020000 		.4byte	0x279
 316 0004 0400     		.2byte	0x4
 317 0006 00000000 		.4byte	.Ldebug_abbrev0
 318 000a 04       		.byte	0x4
 319 000b 01       		.uleb128 0x1
 320 000c 20010000 		.4byte	.LASF29
 321 0010 0C       		.byte	0xc
 322 0011 17020000 		.4byte	.LASF30
 323 0015 6C000000 		.4byte	.LASF31
 324 0019 00000000 		.4byte	.Ldebug_ranges0+0
 325 001d 00000000 		.4byte	0
 326 0021 00000000 		.4byte	.Ldebug_line0
 327 0025 02       		.uleb128 0x2
 328 0026 04       		.byte	0x4
 329 0027 05       		.byte	0x5
 330 0028 696E7400 		.ascii	"int\000"
 331 002c 03       		.uleb128 0x3
 332 002d 06000000 		.4byte	.LASF12
 333 0031 02       		.byte	0x2
 334 0032 D8       		.byte	0xd8
 335 0033 37000000 		.4byte	0x37
 336 0037 04       		.uleb128 0x4
 337 0038 04       		.byte	0x4
 338 0039 07       		.byte	0x7
 339 003a E7000000 		.4byte	.LASF0
 340 003e 04       		.uleb128 0x4
 341 003f 08       		.byte	0x8
 342 0040 05       		.byte	0x5
 343 0041 C4010000 		.4byte	.LASF1
 344 0045 04       		.uleb128 0x4
 345 0046 08       		.byte	0x8
 346 0047 04       		.byte	0x4
 347 0048 FF010000 		.4byte	.LASF2
 348 004c 04       		.uleb128 0x4
 349 004d 01       		.byte	0x1
 350 004e 06       		.byte	0x6
 351 004f 0B020000 		.4byte	.LASF3
 352 0053 04       		.uleb128 0x4
 353 0054 01       		.byte	0x1
 354 0055 08       		.byte	0x8
 355 0056 B1000000 		.4byte	.LASF4
 356 005a 04       		.uleb128 0x4
 357 005b 02       		.byte	0x2
 358 005c 05       		.byte	0x5
 359 005d D7010000 		.4byte	.LASF5
 360 0061 04       		.uleb128 0x4
 361 0062 02       		.byte	0x2
ARM GAS  C:\Users\NGUYEN~1\AppData\Local\Temp\ccOdJkIf.s 			page 13


 362 0063 07       		.byte	0x7
 363 0064 37000000 		.4byte	.LASF6
 364 0068 04       		.uleb128 0x4
 365 0069 04       		.byte	0x4
 366 006a 05       		.byte	0x5
 367 006b F6010000 		.4byte	.LASF7
 368 006f 04       		.uleb128 0x4
 369 0070 04       		.byte	0x4
 370 0071 07       		.byte	0x7
 371 0072 5A000000 		.4byte	.LASF8
 372 0076 04       		.uleb128 0x4
 373 0077 08       		.byte	0x8
 374 0078 07       		.byte	0x7
 375 0079 09010000 		.4byte	.LASF9
 376 007d 04       		.uleb128 0x4
 377 007e 04       		.byte	0x4
 378 007f 07       		.byte	0x7
 379 0080 BB010000 		.4byte	.LASF10
 380 0084 05       		.uleb128 0x5
 381 0085 04       		.byte	0x4
 382 0086 04       		.uleb128 0x4
 383 0087 01       		.byte	0x1
 384 0088 08       		.byte	0x8
 385 0089 D2010000 		.4byte	.LASF11
 386 008d 06       		.uleb128 0x6
 387 008e A1000000 		.4byte	.LASF13
 388 0092 03       		.byte	0x3
 389 0093 FB01     		.2byte	0x1fb
 390 0095 53000000 		.4byte	0x53
 391 0099 06       		.uleb128 0x6
 392 009a D9000000 		.4byte	.LASF14
 393 009e 03       		.byte	0x3
 394 009f FC01     		.2byte	0x1fc
 395 00a1 61000000 		.4byte	0x61
 396 00a5 06       		.uleb128 0x6
 397 00a6 E0000000 		.4byte	.LASF15
 398 00aa 03       		.byte	0x3
 399 00ab FD01     		.2byte	0x1fd
 400 00ad 6F000000 		.4byte	0x6f
 401 00b1 04       		.uleb128 0x4
 402 00b2 04       		.byte	0x4
 403 00b3 04       		.byte	0x4
 404 00b4 4A000000 		.4byte	.LASF16
 405 00b8 04       		.uleb128 0x4
 406 00b9 08       		.byte	0x8
 407 00ba 04       		.byte	0x4
 408 00bb C6000000 		.4byte	.LASF17
 409 00bf 06       		.uleb128 0x6
 410 00c0 55000000 		.4byte	.LASF18
 411 00c4 03       		.byte	0x3
 412 00c5 A502     		.2byte	0x2a5
 413 00c7 CB000000 		.4byte	0xcb
 414 00cb 07       		.uleb128 0x7
 415 00cc 8D000000 		.4byte	0x8d
 416 00d0 06       		.uleb128 0x6
 417 00d1 00000000 		.4byte	.LASF19
 418 00d5 03       		.byte	0x3
ARM GAS  C:\Users\NGUYEN~1\AppData\Local\Temp\ccOdJkIf.s 			page 14


 419 00d6 A702     		.2byte	0x2a7
 420 00d8 DC000000 		.4byte	0xdc
 421 00dc 07       		.uleb128 0x7
 422 00dd A5000000 		.4byte	0xa5
 423 00e1 08       		.uleb128 0x8
 424 00e2 A7000000 		.4byte	.LASF20
 425 00e6 01       		.byte	0x1
 426 00e7 4C       		.byte	0x4c
 427 00e8 00000000 		.4byte	.LFB0
 428 00ec 0C000000 		.4byte	.LFE0-.LFB0
 429 00f0 01       		.uleb128 0x1
 430 00f1 9C       		.byte	0x9c
 431 00f2 2E010000 		.4byte	0x12e
 432 00f6 09       		.uleb128 0x9
 433 00f7 7300     		.ascii	"s\000"
 434 00f9 01       		.byte	0x1
 435 00fa 4C       		.byte	0x4c
 436 00fb 84000000 		.4byte	0x84
 437 00ff 00000000 		.4byte	.LLST0
 438 0103 09       		.uleb128 0x9
 439 0104 6E00     		.ascii	"n\000"
 440 0106 01       		.byte	0x1
 441 0107 4C       		.byte	0x4c
 442 0108 2C000000 		.4byte	0x2c
 443 010c 21000000 		.4byte	.LLST1
 444 0110 0A       		.uleb128 0xa
 445 0111 0A000000 		.4byte	.LVL2
 446 0115 52020000 		.4byte	0x252
 447 0119 0B       		.uleb128 0xb
 448 011a 01       		.uleb128 0x1
 449 011b 50       		.byte	0x50
 450 011c 03       		.uleb128 0x3
 451 011d F3       		.byte	0xf3
 452 011e 01       		.uleb128 0x1
 453 011f 50       		.byte	0x50
 454 0120 0B       		.uleb128 0xb
 455 0121 01       		.uleb128 0x1
 456 0122 51       		.byte	0x51
 457 0123 01       		.uleb128 0x1
 458 0124 30       		.byte	0x30
 459 0125 0B       		.uleb128 0xb
 460 0126 01       		.uleb128 0x1
 461 0127 52       		.byte	0x52
 462 0128 03       		.uleb128 0x3
 463 0129 F3       		.byte	0xf3
 464 012a 01       		.uleb128 0x1
 465 012b 51       		.byte	0x51
 466 012c 00       		.byte	0
 467 012d 00       		.byte	0
 468 012e 08       		.uleb128 0x8
 469 012f 2C000000 		.4byte	.LASF21
 470 0133 01       		.byte	0x1
 471 0134 AA       		.byte	0xaa
 472 0135 00000000 		.4byte	.LFB3
 473 0139 A8000000 		.4byte	.LFE3-.LFB3
 474 013d 01       		.uleb128 0x1
 475 013e 9C       		.byte	0x9c
ARM GAS  C:\Users\NGUYEN~1\AppData\Local\Temp\ccOdJkIf.s 			page 15


 476 013f 79010000 		.4byte	0x179
 477 0143 0C       		.uleb128 0xc
 478 0144 14000000 		.4byte	.LVL3
 479 0148 5B020000 		.4byte	0x25b
 480 014c 56010000 		.4byte	0x156
 481 0150 0B       		.uleb128 0xb
 482 0151 01       		.uleb128 0x1
 483 0152 50       		.byte	0x50
 484 0153 01       		.uleb128 0x1
 485 0154 48       		.byte	0x48
 486 0155 00       		.byte	0
 487 0156 0C       		.uleb128 0xc
 488 0157 5A000000 		.4byte	.LVL4
 489 015b 66020000 		.4byte	0x266
 490 015f 69010000 		.4byte	0x169
 491 0163 0B       		.uleb128 0xb
 492 0164 01       		.uleb128 0x1
 493 0165 50       		.byte	0x50
 494 0166 01       		.uleb128 0x1
 495 0167 39       		.byte	0x39
 496 0168 00       		.byte	0
 497 0169 0A       		.uleb128 0xa
 498 016a 60000000 		.4byte	.LVL5
 499 016e 71020000 		.4byte	0x271
 500 0172 0B       		.uleb128 0xb
 501 0173 01       		.uleb128 0x1
 502 0174 50       		.byte	0x50
 503 0175 01       		.uleb128 0x1
 504 0176 39       		.byte	0x39
 505 0177 00       		.byte	0
 506 0178 00       		.byte	0
 507 0179 0D       		.uleb128 0xd
 508 017a F4000000 		.4byte	.LASF32
 509 017e 01       		.byte	0x1
 510 017f FD       		.byte	0xfd
 511 0180 A8000000 		.4byte	.LFB5
 512 0184 CC000000 		.4byte	.LFE5-.LFB5
 513 0188 01       		.uleb128 0x1
 514 0189 9C       		.byte	0x9c
 515 018a 52020000 		.4byte	0x252
 516 018e 0E       		.uleb128 0xe
 517 018f AC000000 		.4byte	.LBB2
 518 0193 56000000 		.4byte	.LBE2-.LBB2
 519 0197 48020000 		.4byte	0x248
 520 019b 0F       		.uleb128 0xf
 521 019c 06       		.byte	0x6
 522 019d 01       		.byte	0x1
 523 019e 0401     		.2byte	0x104
 524 01a0 BF010000 		.4byte	0x1bf
 525 01a4 10       		.uleb128 0x10
 526 01a5 01010000 		.4byte	.LASF22
 527 01a9 01       		.byte	0x1
 528 01aa 0501     		.2byte	0x105
 529 01ac 84000000 		.4byte	0x84
 530 01b0 00       		.byte	0
 531 01b1 10       		.uleb128 0x10
 532 01b2 50000000 		.4byte	.LASF23
ARM GAS  C:\Users\NGUYEN~1\AppData\Local\Temp\ccOdJkIf.s 			page 16


 533 01b6 01       		.byte	0x1
 534 01b7 0601     		.2byte	0x106
 535 01b9 99000000 		.4byte	0x99
 536 01bd 04       		.byte	0x4
 537 01be 00       		.byte	0
 538 01bf 06       		.uleb128 0x6
 539 01c0 AE010000 		.4byte	.LASF24
 540 01c4 01       		.byte	0x1
 541 01c5 0701     		.2byte	0x107
 542 01c7 9B010000 		.4byte	0x19b
 543 01cb 11       		.uleb128 0x11
 544 01cc DB010000 		.4byte	0x1db
 545 01d0 DB010000 		.4byte	0x1db
 546 01d4 12       		.uleb128 0x12
 547 01d5 7D000000 		.4byte	0x7d
 548 01d9 01       		.byte	0x1
 549 01da 00       		.byte	0
 550 01db 13       		.uleb128 0x13
 551 01dc BF010000 		.4byte	0x1bf
 552 01e0 14       		.uleb128 0x14
 553 01e1 1C000000 		.4byte	.LASF25
 554 01e5 01       		.byte	0x1
 555 01e6 0901     		.2byte	0x109
 556 01e8 F2010000 		.4byte	0x1f2
 557 01ec 05       		.uleb128 0x5
 558 01ed 03       		.byte	0x3
 559 01ee 00000000 		.4byte	cfg_memset_list.4847
 560 01f2 13       		.uleb128 0x13
 561 01f3 CB010000 		.4byte	0x1cb
 562 01f7 15       		.uleb128 0x15
 563 01f8 6900     		.ascii	"i\000"
 564 01fa 01       		.byte	0x1
 565 01fb 0F01     		.2byte	0x10f
 566 01fd 8D000000 		.4byte	0x8d
 567 0201 4D000000 		.4byte	.LLST2
 568 0205 16       		.uleb128 0x16
 569 0206 B0000000 		.4byte	.LBB3
 570 020a 1C000000 		.4byte	.LBE3-.LBB3
 571 020e 15       		.uleb128 0x15
 572 020f 6D7300   		.ascii	"ms\000"
 573 0212 01       		.byte	0x1
 574 0213 1401     		.2byte	0x114
 575 0215 1D020000 		.4byte	0x21d
 576 0219 77000000 		.4byte	.LLST3
 577 021d 17       		.uleb128 0x17
 578 021e 04       		.byte	0x4
 579 021f DB010000 		.4byte	0x1db
 580 0223 0A       		.uleb128 0xa
 581 0224 CC000000 		.4byte	.LVL8
 582 0228 E1000000 		.4byte	0xe1
 583 022c 0B       		.uleb128 0xb
 584 022d 01       		.uleb128 0x1
 585 022e 51       		.byte	0x51
 586 022f 15       		.uleb128 0x15
 587 0230 74       		.byte	0x74
 588 0231 00       		.sleb128 0
 589 0232 31       		.byte	0x31
ARM GAS  C:\Users\NGUYEN~1\AppData\Local\Temp\ccOdJkIf.s 			page 17


 590 0233 24       		.byte	0x24
 591 0234 74       		.byte	0x74
 592 0235 00       		.sleb128 0
 593 0236 22       		.byte	0x22
 594 0237 31       		.byte	0x31
 595 0238 24       		.byte	0x24
 596 0239 03       		.byte	0x3
 597 023a 04000000 		.4byte	.LANCHOR0+4
 598 023e 22       		.byte	0x22
 599 023f 94       		.byte	0x94
 600 0240 02       		.byte	0x2
 601 0241 0A       		.byte	0xa
 602 0242 FFFF     		.2byte	0xffff
 603 0244 1A       		.byte	0x1a
 604 0245 00       		.byte	0
 605 0246 00       		.byte	0
 606 0247 00       		.byte	0
 607 0248 18       		.uleb128 0x18
 608 0249 32010000 		.4byte	.LVL11
 609 024d 2E010000 		.4byte	0x12e
 610 0251 00       		.byte	0
 611 0252 19       		.uleb128 0x19
 612 0253 BF000000 		.4byte	.LASF33
 613 0257 BF000000 		.4byte	.LASF33
 614 025b 1A       		.uleb128 0x1a
 615 025c E1010000 		.4byte	.LASF26
 616 0260 E1010000 		.4byte	.LASF26
 617 0264 04       		.byte	0x4
 618 0265 6C       		.byte	0x6c
 619 0266 1A       		.uleb128 0x1a
 620 0267 0D000000 		.4byte	.LASF27
 621 026b 0D000000 		.4byte	.LASF27
 622 026f 04       		.byte	0x4
 623 0270 D0       		.byte	0xd0
 624 0271 1A       		.uleb128 0x1a
 625 0272 CD000000 		.4byte	.LASF28
 626 0276 CD000000 		.4byte	.LASF28
 627 027a 04       		.byte	0x4
 628 027b D6       		.byte	0xd6
 629 027c 00       		.byte	0
 630              		.section	.debug_abbrev,"",%progbits
 631              	.Ldebug_abbrev0:
 632 0000 01       		.uleb128 0x1
 633 0001 11       		.uleb128 0x11
 634 0002 01       		.byte	0x1
 635 0003 25       		.uleb128 0x25
 636 0004 0E       		.uleb128 0xe
 637 0005 13       		.uleb128 0x13
 638 0006 0B       		.uleb128 0xb
 639 0007 03       		.uleb128 0x3
 640 0008 0E       		.uleb128 0xe
 641 0009 1B       		.uleb128 0x1b
 642 000a 0E       		.uleb128 0xe
 643 000b 55       		.uleb128 0x55
 644 000c 17       		.uleb128 0x17
 645 000d 11       		.uleb128 0x11
 646 000e 01       		.uleb128 0x1
ARM GAS  C:\Users\NGUYEN~1\AppData\Local\Temp\ccOdJkIf.s 			page 18


 647 000f 10       		.uleb128 0x10
 648 0010 17       		.uleb128 0x17
 649 0011 00       		.byte	0
 650 0012 00       		.byte	0
 651 0013 02       		.uleb128 0x2
 652 0014 24       		.uleb128 0x24
 653 0015 00       		.byte	0
 654 0016 0B       		.uleb128 0xb
 655 0017 0B       		.uleb128 0xb
 656 0018 3E       		.uleb128 0x3e
 657 0019 0B       		.uleb128 0xb
 658 001a 03       		.uleb128 0x3
 659 001b 08       		.uleb128 0x8
 660 001c 00       		.byte	0
 661 001d 00       		.byte	0
 662 001e 03       		.uleb128 0x3
 663 001f 16       		.uleb128 0x16
 664 0020 00       		.byte	0
 665 0021 03       		.uleb128 0x3
 666 0022 0E       		.uleb128 0xe
 667 0023 3A       		.uleb128 0x3a
 668 0024 0B       		.uleb128 0xb
 669 0025 3B       		.uleb128 0x3b
 670 0026 0B       		.uleb128 0xb
 671 0027 49       		.uleb128 0x49
 672 0028 13       		.uleb128 0x13
 673 0029 00       		.byte	0
 674 002a 00       		.byte	0
 675 002b 04       		.uleb128 0x4
 676 002c 24       		.uleb128 0x24
 677 002d 00       		.byte	0
 678 002e 0B       		.uleb128 0xb
 679 002f 0B       		.uleb128 0xb
 680 0030 3E       		.uleb128 0x3e
 681 0031 0B       		.uleb128 0xb
 682 0032 03       		.uleb128 0x3
 683 0033 0E       		.uleb128 0xe
 684 0034 00       		.byte	0
 685 0035 00       		.byte	0
 686 0036 05       		.uleb128 0x5
 687 0037 0F       		.uleb128 0xf
 688 0038 00       		.byte	0
 689 0039 0B       		.uleb128 0xb
 690 003a 0B       		.uleb128 0xb
 691 003b 00       		.byte	0
 692 003c 00       		.byte	0
 693 003d 06       		.uleb128 0x6
 694 003e 16       		.uleb128 0x16
 695 003f 00       		.byte	0
 696 0040 03       		.uleb128 0x3
 697 0041 0E       		.uleb128 0xe
 698 0042 3A       		.uleb128 0x3a
 699 0043 0B       		.uleb128 0xb
 700 0044 3B       		.uleb128 0x3b
 701 0045 05       		.uleb128 0x5
 702 0046 49       		.uleb128 0x49
 703 0047 13       		.uleb128 0x13
ARM GAS  C:\Users\NGUYEN~1\AppData\Local\Temp\ccOdJkIf.s 			page 19


 704 0048 00       		.byte	0
 705 0049 00       		.byte	0
 706 004a 07       		.uleb128 0x7
 707 004b 35       		.uleb128 0x35
 708 004c 00       		.byte	0
 709 004d 49       		.uleb128 0x49
 710 004e 13       		.uleb128 0x13
 711 004f 00       		.byte	0
 712 0050 00       		.byte	0
 713 0051 08       		.uleb128 0x8
 714 0052 2E       		.uleb128 0x2e
 715 0053 01       		.byte	0x1
 716 0054 03       		.uleb128 0x3
 717 0055 0E       		.uleb128 0xe
 718 0056 3A       		.uleb128 0x3a
 719 0057 0B       		.uleb128 0xb
 720 0058 3B       		.uleb128 0x3b
 721 0059 0B       		.uleb128 0xb
 722 005a 27       		.uleb128 0x27
 723 005b 19       		.uleb128 0x19
 724 005c 11       		.uleb128 0x11
 725 005d 01       		.uleb128 0x1
 726 005e 12       		.uleb128 0x12
 727 005f 06       		.uleb128 0x6
 728 0060 40       		.uleb128 0x40
 729 0061 18       		.uleb128 0x18
 730 0062 9742     		.uleb128 0x2117
 731 0064 19       		.uleb128 0x19
 732 0065 01       		.uleb128 0x1
 733 0066 13       		.uleb128 0x13
 734 0067 00       		.byte	0
 735 0068 00       		.byte	0
 736 0069 09       		.uleb128 0x9
 737 006a 05       		.uleb128 0x5
 738 006b 00       		.byte	0
 739 006c 03       		.uleb128 0x3
 740 006d 08       		.uleb128 0x8
 741 006e 3A       		.uleb128 0x3a
 742 006f 0B       		.uleb128 0xb
 743 0070 3B       		.uleb128 0x3b
 744 0071 0B       		.uleb128 0xb
 745 0072 49       		.uleb128 0x49
 746 0073 13       		.uleb128 0x13
 747 0074 02       		.uleb128 0x2
 748 0075 17       		.uleb128 0x17
 749 0076 00       		.byte	0
 750 0077 00       		.byte	0
 751 0078 0A       		.uleb128 0xa
 752 0079 898201   		.uleb128 0x4109
 753 007c 01       		.byte	0x1
 754 007d 11       		.uleb128 0x11
 755 007e 01       		.uleb128 0x1
 756 007f 31       		.uleb128 0x31
 757 0080 13       		.uleb128 0x13
 758 0081 00       		.byte	0
 759 0082 00       		.byte	0
 760 0083 0B       		.uleb128 0xb
ARM GAS  C:\Users\NGUYEN~1\AppData\Local\Temp\ccOdJkIf.s 			page 20


 761 0084 8A8201   		.uleb128 0x410a
 762 0087 00       		.byte	0
 763 0088 02       		.uleb128 0x2
 764 0089 18       		.uleb128 0x18
 765 008a 9142     		.uleb128 0x2111
 766 008c 18       		.uleb128 0x18
 767 008d 00       		.byte	0
 768 008e 00       		.byte	0
 769 008f 0C       		.uleb128 0xc
 770 0090 898201   		.uleb128 0x4109
 771 0093 01       		.byte	0x1
 772 0094 11       		.uleb128 0x11
 773 0095 01       		.uleb128 0x1
 774 0096 31       		.uleb128 0x31
 775 0097 13       		.uleb128 0x13
 776 0098 01       		.uleb128 0x1
 777 0099 13       		.uleb128 0x13
 778 009a 00       		.byte	0
 779 009b 00       		.byte	0
 780 009c 0D       		.uleb128 0xd
 781 009d 2E       		.uleb128 0x2e
 782 009e 01       		.byte	0x1
 783 009f 3F       		.uleb128 0x3f
 784 00a0 19       		.uleb128 0x19
 785 00a1 03       		.uleb128 0x3
 786 00a2 0E       		.uleb128 0xe
 787 00a3 3A       		.uleb128 0x3a
 788 00a4 0B       		.uleb128 0xb
 789 00a5 3B       		.uleb128 0x3b
 790 00a6 0B       		.uleb128 0xb
 791 00a7 27       		.uleb128 0x27
 792 00a8 19       		.uleb128 0x19
 793 00a9 11       		.uleb128 0x11
 794 00aa 01       		.uleb128 0x1
 795 00ab 12       		.uleb128 0x12
 796 00ac 06       		.uleb128 0x6
 797 00ad 40       		.uleb128 0x40
 798 00ae 18       		.uleb128 0x18
 799 00af 9742     		.uleb128 0x2117
 800 00b1 19       		.uleb128 0x19
 801 00b2 01       		.uleb128 0x1
 802 00b3 13       		.uleb128 0x13
 803 00b4 00       		.byte	0
 804 00b5 00       		.byte	0
 805 00b6 0E       		.uleb128 0xe
 806 00b7 0B       		.uleb128 0xb
 807 00b8 01       		.byte	0x1
 808 00b9 11       		.uleb128 0x11
 809 00ba 01       		.uleb128 0x1
 810 00bb 12       		.uleb128 0x12
 811 00bc 06       		.uleb128 0x6
 812 00bd 01       		.uleb128 0x1
 813 00be 13       		.uleb128 0x13
 814 00bf 00       		.byte	0
 815 00c0 00       		.byte	0
 816 00c1 0F       		.uleb128 0xf
 817 00c2 13       		.uleb128 0x13
ARM GAS  C:\Users\NGUYEN~1\AppData\Local\Temp\ccOdJkIf.s 			page 21


 818 00c3 01       		.byte	0x1
 819 00c4 0B       		.uleb128 0xb
 820 00c5 0B       		.uleb128 0xb
 821 00c6 3A       		.uleb128 0x3a
 822 00c7 0B       		.uleb128 0xb
 823 00c8 3B       		.uleb128 0x3b
 824 00c9 05       		.uleb128 0x5
 825 00ca 01       		.uleb128 0x1
 826 00cb 13       		.uleb128 0x13
 827 00cc 00       		.byte	0
 828 00cd 00       		.byte	0
 829 00ce 10       		.uleb128 0x10
 830 00cf 0D       		.uleb128 0xd
 831 00d0 00       		.byte	0
 832 00d1 03       		.uleb128 0x3
 833 00d2 0E       		.uleb128 0xe
 834 00d3 3A       		.uleb128 0x3a
 835 00d4 0B       		.uleb128 0xb
 836 00d5 3B       		.uleb128 0x3b
 837 00d6 05       		.uleb128 0x5
 838 00d7 49       		.uleb128 0x49
 839 00d8 13       		.uleb128 0x13
 840 00d9 38       		.uleb128 0x38
 841 00da 0B       		.uleb128 0xb
 842 00db 00       		.byte	0
 843 00dc 00       		.byte	0
 844 00dd 11       		.uleb128 0x11
 845 00de 01       		.uleb128 0x1
 846 00df 01       		.byte	0x1
 847 00e0 49       		.uleb128 0x49
 848 00e1 13       		.uleb128 0x13
 849 00e2 01       		.uleb128 0x1
 850 00e3 13       		.uleb128 0x13
 851 00e4 00       		.byte	0
 852 00e5 00       		.byte	0
 853 00e6 12       		.uleb128 0x12
 854 00e7 21       		.uleb128 0x21
 855 00e8 00       		.byte	0
 856 00e9 49       		.uleb128 0x49
 857 00ea 13       		.uleb128 0x13
 858 00eb 2F       		.uleb128 0x2f
 859 00ec 0B       		.uleb128 0xb
 860 00ed 00       		.byte	0
 861 00ee 00       		.byte	0
 862 00ef 13       		.uleb128 0x13
 863 00f0 26       		.uleb128 0x26
 864 00f1 00       		.byte	0
 865 00f2 49       		.uleb128 0x49
 866 00f3 13       		.uleb128 0x13
 867 00f4 00       		.byte	0
 868 00f5 00       		.byte	0
 869 00f6 14       		.uleb128 0x14
 870 00f7 34       		.uleb128 0x34
 871 00f8 00       		.byte	0
 872 00f9 03       		.uleb128 0x3
 873 00fa 0E       		.uleb128 0xe
 874 00fb 3A       		.uleb128 0x3a
ARM GAS  C:\Users\NGUYEN~1\AppData\Local\Temp\ccOdJkIf.s 			page 22


 875 00fc 0B       		.uleb128 0xb
 876 00fd 3B       		.uleb128 0x3b
 877 00fe 05       		.uleb128 0x5
 878 00ff 49       		.uleb128 0x49
 879 0100 13       		.uleb128 0x13
 880 0101 02       		.uleb128 0x2
 881 0102 18       		.uleb128 0x18
 882 0103 00       		.byte	0
 883 0104 00       		.byte	0
 884 0105 15       		.uleb128 0x15
 885 0106 34       		.uleb128 0x34
 886 0107 00       		.byte	0
 887 0108 03       		.uleb128 0x3
 888 0109 08       		.uleb128 0x8
 889 010a 3A       		.uleb128 0x3a
 890 010b 0B       		.uleb128 0xb
 891 010c 3B       		.uleb128 0x3b
 892 010d 05       		.uleb128 0x5
 893 010e 49       		.uleb128 0x49
 894 010f 13       		.uleb128 0x13
 895 0110 02       		.uleb128 0x2
 896 0111 17       		.uleb128 0x17
 897 0112 00       		.byte	0
 898 0113 00       		.byte	0
 899 0114 16       		.uleb128 0x16
 900 0115 0B       		.uleb128 0xb
 901 0116 01       		.byte	0x1
 902 0117 11       		.uleb128 0x11
 903 0118 01       		.uleb128 0x1
 904 0119 12       		.uleb128 0x12
 905 011a 06       		.uleb128 0x6
 906 011b 00       		.byte	0
 907 011c 00       		.byte	0
 908 011d 17       		.uleb128 0x17
 909 011e 0F       		.uleb128 0xf
 910 011f 00       		.byte	0
 911 0120 0B       		.uleb128 0xb
 912 0121 0B       		.uleb128 0xb
 913 0122 49       		.uleb128 0x49
 914 0123 13       		.uleb128 0x13
 915 0124 00       		.byte	0
 916 0125 00       		.byte	0
 917 0126 18       		.uleb128 0x18
 918 0127 898201   		.uleb128 0x4109
 919 012a 00       		.byte	0
 920 012b 11       		.uleb128 0x11
 921 012c 01       		.uleb128 0x1
 922 012d 31       		.uleb128 0x31
 923 012e 13       		.uleb128 0x13
 924 012f 00       		.byte	0
 925 0130 00       		.byte	0
 926 0131 19       		.uleb128 0x19
 927 0132 2E       		.uleb128 0x2e
 928 0133 00       		.byte	0
 929 0134 3F       		.uleb128 0x3f
 930 0135 19       		.uleb128 0x19
 931 0136 3C       		.uleb128 0x3c
ARM GAS  C:\Users\NGUYEN~1\AppData\Local\Temp\ccOdJkIf.s 			page 23


 932 0137 19       		.uleb128 0x19
 933 0138 6E       		.uleb128 0x6e
 934 0139 0E       		.uleb128 0xe
 935 013a 03       		.uleb128 0x3
 936 013b 0E       		.uleb128 0xe
 937 013c 00       		.byte	0
 938 013d 00       		.byte	0
 939 013e 1A       		.uleb128 0x1a
 940 013f 2E       		.uleb128 0x2e
 941 0140 00       		.byte	0
 942 0141 3F       		.uleb128 0x3f
 943 0142 19       		.uleb128 0x19
 944 0143 3C       		.uleb128 0x3c
 945 0144 19       		.uleb128 0x19
 946 0145 6E       		.uleb128 0x6e
 947 0146 0E       		.uleb128 0xe
 948 0147 03       		.uleb128 0x3
 949 0148 0E       		.uleb128 0xe
 950 0149 3A       		.uleb128 0x3a
 951 014a 0B       		.uleb128 0xb
 952 014b 3B       		.uleb128 0x3b
 953 014c 0B       		.uleb128 0xb
 954 014d 00       		.byte	0
 955 014e 00       		.byte	0
 956 014f 00       		.byte	0
 957              		.section	.debug_loc,"",%progbits
 958              	.Ldebug_loc0:
 959              	.LLST0:
 960 0000 00000000 		.4byte	.LVL0
 961 0004 09000000 		.4byte	.LVL2-1
 962 0008 0100     		.2byte	0x1
 963 000a 50       		.byte	0x50
 964 000b 09000000 		.4byte	.LVL2-1
 965 000f 0C000000 		.4byte	.LFE0
 966 0013 0400     		.2byte	0x4
 967 0015 F3       		.byte	0xf3
 968 0016 01       		.uleb128 0x1
 969 0017 50       		.byte	0x50
 970 0018 9F       		.byte	0x9f
 971 0019 00000000 		.4byte	0
 972 001d 00000000 		.4byte	0
 973              	.LLST1:
 974 0021 00000000 		.4byte	.LVL0
 975 0025 06000000 		.4byte	.LVL1
 976 0029 0100     		.2byte	0x1
 977 002b 51       		.byte	0x51
 978 002c 06000000 		.4byte	.LVL1
 979 0030 09000000 		.4byte	.LVL2-1
 980 0034 0100     		.2byte	0x1
 981 0036 52       		.byte	0x52
 982 0037 09000000 		.4byte	.LVL2-1
 983 003b 0C000000 		.4byte	.LFE0
 984 003f 0400     		.2byte	0x4
 985 0041 F3       		.byte	0xf3
 986 0042 01       		.uleb128 0x1
 987 0043 51       		.byte	0x51
 988 0044 9F       		.byte	0x9f
ARM GAS  C:\Users\NGUYEN~1\AppData\Local\Temp\ccOdJkIf.s 			page 24


 989 0045 00000000 		.4byte	0
 990 0049 00000000 		.4byte	0
 991              	.LLST2:
 992 004d AC000000 		.4byte	.LVL6
 993 0051 B0000000 		.4byte	.LVL7
 994 0055 0200     		.2byte	0x2
 995 0057 30       		.byte	0x30
 996 0058 9F       		.byte	0x9f
 997 0059 B0000000 		.4byte	.LVL7
 998 005d CE000000 		.4byte	.LVL9
 999 0061 0100     		.2byte	0x1
 1000 0063 54       		.byte	0x54
 1001 0064 D0000000 		.4byte	.LVL10
 1002 0068 32010000 		.4byte	.LVL12
 1003 006c 0100     		.2byte	0x1
 1004 006e 54       		.byte	0x54
 1005 006f 00000000 		.4byte	0
 1006 0073 00000000 		.4byte	0
 1007              	.LLST3:
 1008 0077 B0000000 		.4byte	.LVL7
 1009 007b CE000000 		.4byte	.LVL9
 1010 007f 0B00     		.2byte	0xb
 1011 0081 74       		.byte	0x74
 1012 0082 00       		.sleb128 0
 1013 0083 36       		.byte	0x36
 1014 0084 1E       		.byte	0x1e
 1015 0085 03       		.byte	0x3
 1016 0086 00000000 		.4byte	cfg_memset_list.4847
 1017 008a 22       		.byte	0x22
 1018 008b 9F       		.byte	0x9f
 1019 008c CE000000 		.4byte	.LVL9
 1020 0090 D0000000 		.4byte	.LVL10
 1021 0094 0B00     		.2byte	0xb
 1022 0096 74       		.byte	0x74
 1023 0097 7F       		.sleb128 -1
 1024 0098 36       		.byte	0x36
 1025 0099 1E       		.byte	0x1e
 1026 009a 03       		.byte	0x3
 1027 009b 00000000 		.4byte	cfg_memset_list.4847
 1028 009f 22       		.byte	0x22
 1029 00a0 9F       		.byte	0x9f
 1030 00a1 00000000 		.4byte	0
 1031 00a5 00000000 		.4byte	0
 1032              		.section	.debug_aranges,"",%progbits
 1033 0000 2C000000 		.4byte	0x2c
 1034 0004 0200     		.2byte	0x2
 1035 0006 00000000 		.4byte	.Ldebug_info0
 1036 000a 04       		.byte	0x4
 1037 000b 00       		.byte	0
 1038 000c 0000     		.2byte	0
 1039 000e 0000     		.2byte	0
 1040 0010 00000000 		.4byte	.LFB0
 1041 0014 0C000000 		.4byte	.LFE0-.LFB0
 1042 0018 00000000 		.4byte	.LFB3
 1043 001c A8000000 		.4byte	.LFE3-.LFB3
 1044 0020 A8000000 		.4byte	.LFB5
 1045 0024 CC000000 		.4byte	.LFE5-.LFB5
ARM GAS  C:\Users\NGUYEN~1\AppData\Local\Temp\ccOdJkIf.s 			page 25


 1046 0028 00000000 		.4byte	0
 1047 002c 00000000 		.4byte	0
 1048              		.section	.debug_ranges,"",%progbits
 1049              	.Ldebug_ranges0:
 1050 0000 00000000 		.4byte	.LFB0
 1051 0004 0C000000 		.4byte	.LFE0
 1052 0008 00000000 		.4byte	.LFB3
 1053 000c A8000000 		.4byte	.LFE3
 1054 0010 A8000000 		.4byte	.LFB5
 1055 0014 74010000 		.4byte	.LFE5
 1056 0018 00000000 		.4byte	0
 1057 001c 00000000 		.4byte	0
 1058              		.section	.debug_line,"",%progbits
 1059              	.Ldebug_line0:
 1060 0000 38010000 		.section	.debug_str,"MS",%progbits,1
 1060      0200D600 
 1060      00000201 
 1060      FB0E0D00 
 1060      01010101 
 1061              	.LASF19:
 1062 0000 72656733 		.ascii	"reg32\000"
 1062      3200
 1063              	.LASF12:
 1064 0006 73697A65 		.ascii	"size_t\000"
 1064      5F7400
 1065              	.LASF27:
 1066 000d 4379496E 		.ascii	"CyIntSetVector\000"
 1066      74536574 
 1066      56656374 
 1066      6F7200
 1067              	.LASF25:
 1068 001c 6366675F 		.ascii	"cfg_memset_list\000"
 1068      6D656D73 
 1068      65745F6C 
 1068      69737400 
 1069              	.LASF21:
 1070 002c 436C6F63 		.ascii	"ClockSetup\000"
 1070      6B536574 
 1070      757000
 1071              	.LASF6:
 1072 0037 73686F72 		.ascii	"short unsigned int\000"
 1072      7420756E 
 1072      7369676E 
 1072      65642069 
 1072      6E7400
 1073              	.LASF16:
 1074 004a 666C6F61 		.ascii	"float\000"
 1074      7400
 1075              	.LASF23:
 1076 0050 73697A65 		.ascii	"size\000"
 1076      00
 1077              	.LASF18:
 1078 0055 72656738 		.ascii	"reg8\000"
 1078      00
 1079              	.LASF8:
 1080 005a 6C6F6E67 		.ascii	"long unsigned int\000"
 1080      20756E73 
ARM GAS  C:\Users\NGUYEN~1\AppData\Local\Temp\ccOdJkIf.s 			page 26


 1080      69676E65 
 1080      6420696E 
 1080      7400
 1081              	.LASF31:
 1082 006c 443A5C70 		.ascii	"D:\\psoc\\theory\\eeprom_external\\eeprom_external."
 1082      736F635C 
 1082      7468656F 
 1082      72795C65 
 1082      6570726F 
 1083 009b 63796473 		.ascii	"cydsn\000"
 1083      6E00
 1084              	.LASF13:
 1085 00a1 75696E74 		.ascii	"uint8\000"
 1085      3800
 1086              	.LASF20:
 1087 00a7 43594D45 		.ascii	"CYMEMZERO\000"
 1087      4D5A4552 
 1087      4F00
 1088              	.LASF4:
 1089 00b1 756E7369 		.ascii	"unsigned char\000"
 1089      676E6564 
 1089      20636861 
 1089      7200
 1090              	.LASF33:
 1091 00bf 6D656D73 		.ascii	"memset\000"
 1091      657400
 1092              	.LASF17:
 1093 00c6 646F7562 		.ascii	"double\000"
 1093      6C6500
 1094              	.LASF28:
 1095 00cd 4379496E 		.ascii	"CyIntEnable\000"
 1095      74456E61 
 1095      626C6500 
 1096              	.LASF14:
 1097 00d9 75696E74 		.ascii	"uint16\000"
 1097      313600
 1098              	.LASF15:
 1099 00e0 75696E74 		.ascii	"uint32\000"
 1099      333200
 1100              	.LASF0:
 1101 00e7 756E7369 		.ascii	"unsigned int\000"
 1101      676E6564 
 1101      20696E74 
 1101      00
 1102              	.LASF32:
 1103 00f4 63796669 		.ascii	"cyfitter_cfg\000"
 1103      74746572 
 1103      5F636667 
 1103      00
 1104              	.LASF22:
 1105 0101 61646472 		.ascii	"address\000"
 1105      65737300 
 1106              	.LASF9:
 1107 0109 6C6F6E67 		.ascii	"long long unsigned int\000"
 1107      206C6F6E 
 1107      6720756E 
 1107      7369676E 
ARM GAS  C:\Users\NGUYEN~1\AppData\Local\Temp\ccOdJkIf.s 			page 27


 1107      65642069 
 1108              	.LASF29:
 1109 0120 474E5520 		.ascii	"GNU C11 5.4.1 20160609 (release) [ARM/embedded-5-br"
 1109      43313120 
 1109      352E342E 
 1109      31203230 
 1109      31363036 
 1110 0153 616E6368 		.ascii	"anch revision 237715] -mcpu=cortex-m0 -mthumb -g -O"
 1110      20726576 
 1110      6973696F 
 1110      6E203233 
 1110      37373135 
 1111 0186 67202D66 		.ascii	"g -ffunction-sections -ffat-lto-objects\000"
 1111      66756E63 
 1111      74696F6E 
 1111      2D736563 
 1111      74696F6E 
 1112              	.LASF24:
 1113 01ae 6366675F 		.ascii	"cfg_memset_t\000"
 1113      6D656D73 
 1113      65745F74 
 1113      00
 1114              	.LASF10:
 1115 01bb 73697A65 		.ascii	"sizetype\000"
 1115      74797065 
 1115      00
 1116              	.LASF1:
 1117 01c4 6C6F6E67 		.ascii	"long long int\000"
 1117      206C6F6E 
 1117      6720696E 
 1117      7400
 1118              	.LASF11:
 1119 01d2 63686172 		.ascii	"char\000"
 1119      00
 1120              	.LASF5:
 1121 01d7 73686F72 		.ascii	"short int\000"
 1121      7420696E 
 1121      7400
 1122              	.LASF26:
 1123 01e1 43795379 		.ascii	"CySysClkWriteImoFreq\000"
 1123      73436C6B 
 1123      57726974 
 1123      65496D6F 
 1123      46726571 
 1124              	.LASF7:
 1125 01f6 6C6F6E67 		.ascii	"long int\000"
 1125      20696E74 
 1125      00
 1126              	.LASF2:
 1127 01ff 6C6F6E67 		.ascii	"long double\000"
 1127      20646F75 
 1127      626C6500 
 1128              	.LASF3:
 1129 020b 7369676E 		.ascii	"signed char\000"
 1129      65642063 
 1129      68617200 
 1130              	.LASF30:
ARM GAS  C:\Users\NGUYEN~1\AppData\Local\Temp\ccOdJkIf.s 			page 28


 1131 0217 47656E65 		.ascii	"Generated_Source\\PSoC4\\cyfitter_cfg.c\000"
 1131      72617465 
 1131      645F536F 
 1131      75726365 
 1131      5C50536F 
 1132              		.ident	"GCC: (GNU Tools for ARM Embedded Processors) 5.4.1 20160609 (release) [ARM/embedded-5-bran
