ARM GAS  C:\Users\NGUYEN~1\AppData\Local\Temp\ccvEZik2.s 			page 1


   1              		.syntax unified
   2              		.cpu cortex-m0
   3              		.fpu softvfp
   4              		.eabi_attribute 20, 1
   5              		.eabi_attribute 21, 1
   6              		.eabi_attribute 23, 3
   7              		.eabi_attribute 24, 1
   8              		.eabi_attribute 25, 1
   9              		.eabi_attribute 26, 1
  10              		.eabi_attribute 30, 1
  11              		.eabi_attribute 34, 0
  12              		.eabi_attribute 18, 4
  13              		.thumb
  14              		.syntax unified
  15              		.file	"eeprom_external.c"
  16              		.text
  17              	.Ltext0:
  18              		.cfi_sections	.debug_frame
  19              		.section	.text.eeprom_read_a_byte,"ax",%progbits
  20              		.align	2
  21              		.global	eeprom_read_a_byte
  22              		.code	16
  23              		.thumb_func
  24              		.type	eeprom_read_a_byte, %function
  25              	eeprom_read_a_byte:
  26              	.LFB33:
  27              		.file 1 "eeprom_external.c"
   1:eeprom_external.c **** /* ========================================
   2:eeprom_external.c ****  *
   3:eeprom_external.c ****  * Copyright YOUR COMPANY, THE YEAR
   4:eeprom_external.c ****  * All Rights Reserved
   5:eeprom_external.c ****  * UNPUBLISHED, LICENSED SOFTWARE.
   6:eeprom_external.c ****  *
   7:eeprom_external.c ****  * CONFIDENTIAL AND PROPRIETARY INFORMATION
   8:eeprom_external.c ****  * WHICH IS THE PROPERTY OF your company.
   9:eeprom_external.c ****  *
  10:eeprom_external.c ****  * ========================================
  11:eeprom_external.c **** */
  12:eeprom_external.c **** #include "project.h"
  13:eeprom_external.c **** #include <stdio.h>
  14:eeprom_external.c **** 
  15:eeprom_external.c **** #include "eeprom_external.h"
  16:eeprom_external.c **** 
  17:eeprom_external.c **** 
  18:eeprom_external.c **** 
  19:eeprom_external.c **** //0 1010 B2B1B0 --> B2=B1=B0=0 --> 0101 000 --> 0x50
  20:eeprom_external.c **** #define EEPROM_ADDRESS 0x50
  21:eeprom_external.c **** 
  22:eeprom_external.c **** /*
  23:eeprom_external.c ****     Random a byte read
  24:eeprom_external.c **** */
  25:eeprom_external.c **** uint8 eeprom_read_a_byte( unsigned long  address_read)
  26:eeprom_external.c **** {
  28              		.loc 1 26 0
  29              		.cfi_startproc
  30              		@ args = 0, pretend = 0, frame = 8
  31              		@ frame_needed = 0, uses_anonymous_args = 0
ARM GAS  C:\Users\NGUYEN~1\AppData\Local\Temp\ccvEZik2.s 			page 2


  32              	.LVL0:
  33 0000 10B5     		push	{r4, lr}
  34              		.cfi_def_cfa_offset 8
  35              		.cfi_offset 4, -8
  36              		.cfi_offset 14, -4
  37 0002 82B0     		sub	sp, sp, #8
  38              		.cfi_def_cfa_offset 16
  39 0004 0400     		movs	r4, r0
  40              	.LVL1:
  41              	.L2:
  27:eeprom_external.c ****     uint8 data_read;
  28:eeprom_external.c ****     uint8 result = 0;
  29:eeprom_external.c ****     
  30:eeprom_external.c ****     do{
  31:eeprom_external.c ****         result = i2c_I2CMasterSendStart(EEPROM_ADDRESS, i2c_I2C_WRITE_XFER_MODE, 1);
  42              		.loc 1 31 0 discriminator 1
  43 0006 0122     		movs	r2, #1
  44 0008 0021     		movs	r1, #0
  45 000a 5020     		movs	r0, #80
  46 000c FFF7FEFF 		bl	i2c_I2CMasterSendStart
  47              	.LVL2:
  48 0010 C0B2     		uxtb	r0, r0
  49              	.LVL3:
  32:eeprom_external.c ****     }while(result != i2c_I2C_MSTR_NO_ERROR);
  50              		.loc 1 32 0 discriminator 1
  51 0012 0028     		cmp	r0, #0
  52 0014 F7D1     		bne	.L2
  33:eeprom_external.c ****     
  34:eeprom_external.c ****     i2c_I2CMasterWriteByte( address_read, 1 );
  53              		.loc 1 34 0
  54 0016 0121     		movs	r1, #1
  55 0018 2000     		movs	r0, r4
  56              	.LVL4:
  57 001a FFF7FEFF 		bl	i2c_I2CMasterWriteByte
  58              	.LVL5:
  35:eeprom_external.c ****     
  36:eeprom_external.c ****     i2c_I2CMasterSendRestart(EEPROM_ADDRESS, i2c_I2C_READ_XFER_MODE, 1);
  59              		.loc 1 36 0
  60 001e 0122     		movs	r2, #1
  61 0020 0121     		movs	r1, #1
  62 0022 5020     		movs	r0, #80
  63 0024 FFF7FEFF 		bl	i2c_I2CMasterSendRestart
  64              	.LVL6:
  37:eeprom_external.c ****     
  38:eeprom_external.c ****     i2c_I2CMasterReadByte( i2c_I2C_NAK_DATA, &data_read , 1);
  65              		.loc 1 38 0
  66 0028 6B46     		mov	r3, sp
  67 002a DC1D     		adds	r4, r3, #7
  68              	.LVL7:
  69 002c 0122     		movs	r2, #1
  70 002e 2100     		movs	r1, r4
  71 0030 0120     		movs	r0, #1
  72 0032 FFF7FEFF 		bl	i2c_I2CMasterReadByte
  73              	.LVL8:
  39:eeprom_external.c ****     
  40:eeprom_external.c ****     i2c_I2CMasterSendStop(5);
  74              		.loc 1 40 0
ARM GAS  C:\Users\NGUYEN~1\AppData\Local\Temp\ccvEZik2.s 			page 3


  75 0036 0520     		movs	r0, #5
  76 0038 FFF7FEFF 		bl	i2c_I2CMasterSendStop
  77              	.LVL9:
  41:eeprom_external.c ****     
  42:eeprom_external.c ****     return data_read;
  78              		.loc 1 42 0
  79 003c 2078     		ldrb	r0, [r4]
  43:eeprom_external.c **** }
  80              		.loc 1 43 0
  81 003e 02B0     		add	sp, sp, #8
  82              		@ sp needed
  83 0040 10BD     		pop	{r4, pc}
  84              		.cfi_endproc
  85              	.LFE33:
  86              		.size	eeprom_read_a_byte, .-eeprom_read_a_byte
  87 0042 C046     		.section	.text.eeprom_read_page,"ax",%progbits
  88              		.align	2
  89              		.global	eeprom_read_page
  90              		.code	16
  91              		.thumb_func
  92              		.type	eeprom_read_page, %function
  93              	eeprom_read_page:
  94              	.LFB34:
  44:eeprom_external.c **** 
  45:eeprom_external.c **** 
  46:eeprom_external.c **** /*
  47:eeprom_external.c ****    Sequential( page) read
  48:eeprom_external.c **** */
  49:eeprom_external.c **** void eeprom_read_page(uint8 address, uint8 *data_read, uint8 length)
  50:eeprom_external.c **** {
  95              		.loc 1 50 0
  96              		.cfi_startproc
  97              		@ args = 0, pretend = 0, frame = 0
  98              		@ frame_needed = 0, uses_anonymous_args = 0
  99              	.LVL10:
 100 0000 70B5     		push	{r4, r5, r6, lr}
 101              		.cfi_def_cfa_offset 16
 102              		.cfi_offset 4, -16
 103              		.cfi_offset 5, -12
 104              		.cfi_offset 6, -8
 105              		.cfi_offset 14, -4
 106 0002 0400     		movs	r4, r0
 107 0004 0D00     		movs	r5, r1
 108 0006 1600     		movs	r6, r2
 109              	.LVL11:
 110              	.L4:
  51:eeprom_external.c ****     uint8 result = 0, i;
  52:eeprom_external.c ****     
  53:eeprom_external.c ****     do{
  54:eeprom_external.c ****         result = i2c_I2CMasterSendStart(EEPROM_ADDRESS, i2c_I2C_WRITE_XFER_MODE, 1);
 111              		.loc 1 54 0 discriminator 1
 112 0008 0122     		movs	r2, #1
 113 000a 0021     		movs	r1, #0
 114 000c 5020     		movs	r0, #80
 115 000e FFF7FEFF 		bl	i2c_I2CMasterSendStart
 116              	.LVL12:
 117 0012 C0B2     		uxtb	r0, r0
ARM GAS  C:\Users\NGUYEN~1\AppData\Local\Temp\ccvEZik2.s 			page 4


 118              	.LVL13:
  55:eeprom_external.c ****     }while(result != i2c_I2C_MSTR_NO_ERROR);
 119              		.loc 1 55 0 discriminator 1
 120 0014 0028     		cmp	r0, #0
 121 0016 F7D1     		bne	.L4
  56:eeprom_external.c ****     
  57:eeprom_external.c ****      i2c_I2CMasterWriteByte( (uint32)address, 1 );
 122              		.loc 1 57 0
 123 0018 0121     		movs	r1, #1
 124 001a 2000     		movs	r0, r4
 125              	.LVL14:
 126 001c FFF7FEFF 		bl	i2c_I2CMasterWriteByte
 127              	.LVL15:
  58:eeprom_external.c ****     
  59:eeprom_external.c ****     i2c_I2CMasterSendRestart(EEPROM_ADDRESS, i2c_I2C_READ_XFER_MODE, 1);
 128              		.loc 1 59 0
 129 0020 0122     		movs	r2, #1
 130 0022 0121     		movs	r1, #1
 131 0024 5020     		movs	r0, #80
 132 0026 FFF7FEFF 		bl	i2c_I2CMasterSendRestart
 133              	.LVL16:
  60:eeprom_external.c ****     
  61:eeprom_external.c ****     for(i=0; i<length-1; i++)
 134              		.loc 1 61 0
 135 002a 0024     		movs	r4, #0
 136 002c 06E0     		b	.L5
 137              	.LVL17:
 138              	.L6:
  62:eeprom_external.c ****     {
  63:eeprom_external.c ****          i2c_I2CMasterReadByte( i2c_I2C_ACK_DATA, &data_read[i] , 1);
 139              		.loc 1 63 0 discriminator 3
 140 002e 2919     		adds	r1, r5, r4
 141 0030 0122     		movs	r2, #1
 142 0032 0020     		movs	r0, #0
 143 0034 FFF7FEFF 		bl	i2c_I2CMasterReadByte
 144              	.LVL18:
  61:eeprom_external.c ****     {
 145              		.loc 1 61 0 discriminator 3
 146 0038 0134     		adds	r4, r4, #1
 147              	.LVL19:
 148 003a E4B2     		uxtb	r4, r4
 149              	.LVL20:
 150              	.L5:
  61:eeprom_external.c ****     {
 151              		.loc 1 61 0 is_stmt 0 discriminator 1
 152 003c 731E     		subs	r3, r6, #1
 153 003e 9C42     		cmp	r4, r3
 154 0040 F5DB     		blt	.L6
  64:eeprom_external.c ****     }
  65:eeprom_external.c ****     i2c_I2CMasterReadByte( i2c_I2C_NAK_DATA, &data_read[i] , 1);
 155              		.loc 1 65 0 is_stmt 1
 156 0042 2919     		adds	r1, r5, r4
 157 0044 0122     		movs	r2, #1
 158 0046 0120     		movs	r0, #1
 159 0048 FFF7FEFF 		bl	i2c_I2CMasterReadByte
 160              	.LVL21:
  66:eeprom_external.c ****     
ARM GAS  C:\Users\NGUYEN~1\AppData\Local\Temp\ccvEZik2.s 			page 5


  67:eeprom_external.c ****     i2c_I2CMasterSendStop(5);
 161              		.loc 1 67 0
 162 004c 0520     		movs	r0, #5
 163 004e FFF7FEFF 		bl	i2c_I2CMasterSendStop
 164              	.LVL22:
  68:eeprom_external.c **** }
 165              		.loc 1 68 0
 166              		@ sp needed
 167              	.LVL23:
 168              	.LVL24:
 169 0052 70BD     		pop	{r4, r5, r6, pc}
 170              		.cfi_endproc
 171              	.LFE34:
 172              		.size	eeprom_read_page, .-eeprom_read_page
 173              		.section	.text.eeprom_write_a_byte_128,"ax",%progbits
 174              		.align	2
 175              		.global	eeprom_write_a_byte_128
 176              		.code	16
 177              		.thumb_func
 178              		.type	eeprom_write_a_byte_128, %function
 179              	eeprom_write_a_byte_128:
 180              	.LFB35:
  69:eeprom_external.c **** 
  70:eeprom_external.c **** //eeprom 24c128 --> error
  71:eeprom_external.c **** void eeprom_write_a_byte_128(uint32 address, uint8 data_need_write)
  72:eeprom_external.c **** {
 181              		.loc 1 72 0
 182              		.cfi_startproc
 183              		@ args = 0, pretend = 0, frame = 0
 184              		@ frame_needed = 0, uses_anonymous_args = 0
 185              	.LVL25:
 186 0000 70B5     		push	{r4, r5, r6, lr}
 187              		.cfi_def_cfa_offset 16
 188              		.cfi_offset 4, -16
 189              		.cfi_offset 5, -12
 190              		.cfi_offset 6, -8
 191              		.cfi_offset 14, -4
 192 0002 0400     		movs	r4, r0
 193 0004 0D00     		movs	r5, r1
 194              	.LVL26:
 195              	.L8:
  73:eeprom_external.c ****     uint8 result = 0;
  74:eeprom_external.c ****     
  75:eeprom_external.c ****     do{
  76:eeprom_external.c ****         result = i2c_I2CMasterSendStart(EEPROM_ADDRESS, i2c_I2C_WRITE_XFER_MODE, 1);
 196              		.loc 1 76 0 discriminator 1
 197 0006 0122     		movs	r2, #1
 198 0008 0021     		movs	r1, #0
 199 000a 5020     		movs	r0, #80
 200 000c FFF7FEFF 		bl	i2c_I2CMasterSendStart
 201              	.LVL27:
 202 0010 C0B2     		uxtb	r0, r0
 203              	.LVL28:
  77:eeprom_external.c ****     }while(result != i2c_I2C_MSTR_NO_ERROR);
 204              		.loc 1 77 0 discriminator 1
 205 0012 0028     		cmp	r0, #0
 206 0014 F7D1     		bne	.L8
ARM GAS  C:\Users\NGUYEN~1\AppData\Local\Temp\ccvEZik2.s 			page 6


  78:eeprom_external.c ****     
  79:eeprom_external.c ****     i2c_I2CMasterWriteByte( (address >> 16), 1 );
 207              		.loc 1 79 0
 208 0016 200C     		lsrs	r0, r4, #16
 209              	.LVL29:
 210 0018 0121     		movs	r1, #1
 211 001a FFF7FEFF 		bl	i2c_I2CMasterWriteByte
 212              	.LVL30:
  80:eeprom_external.c ****     
  81:eeprom_external.c ****     i2c_I2CMasterWriteByte( address , 1 );
 213              		.loc 1 81 0
 214 001e 0121     		movs	r1, #1
 215 0020 2000     		movs	r0, r4
 216 0022 FFF7FEFF 		bl	i2c_I2CMasterWriteByte
 217              	.LVL31:
  82:eeprom_external.c ****     
  83:eeprom_external.c ****     i2c_I2CMasterWriteByte( data_need_write, 1 );
 218              		.loc 1 83 0
 219 0026 0121     		movs	r1, #1
 220 0028 2800     		movs	r0, r5
 221 002a FFF7FEFF 		bl	i2c_I2CMasterWriteByte
 222              	.LVL32:
  84:eeprom_external.c ****     
  85:eeprom_external.c ****     i2c_I2CMasterSendStop(5);
 223              		.loc 1 85 0
 224 002e 0520     		movs	r0, #5
 225 0030 FFF7FEFF 		bl	i2c_I2CMasterSendStop
 226              	.LVL33:
  86:eeprom_external.c **** }
 227              		.loc 1 86 0
 228              		@ sp needed
 229              	.LVL34:
 230 0034 70BD     		pop	{r4, r5, r6, pc}
 231              		.cfi_endproc
 232              	.LFE35:
 233              		.size	eeprom_write_a_byte_128, .-eeprom_write_a_byte_128
 234 0036 C046     		.section	.text.eeprom_write_a_byte_08,"ax",%progbits
 235              		.align	2
 236              		.global	eeprom_write_a_byte_08
 237              		.code	16
 238              		.thumb_func
 239              		.type	eeprom_write_a_byte_08, %function
 240              	eeprom_write_a_byte_08:
 241              	.LFB36:
  87:eeprom_external.c **** 
  88:eeprom_external.c **** //eeprom 24c08
  89:eeprom_external.c **** void eeprom_write_a_byte_08(uint32 address, uint8 data_need_write)
  90:eeprom_external.c **** {
 242              		.loc 1 90 0
 243              		.cfi_startproc
 244              		@ args = 0, pretend = 0, frame = 0
 245              		@ frame_needed = 0, uses_anonymous_args = 0
 246              	.LVL35:
 247 0000 70B5     		push	{r4, r5, r6, lr}
 248              		.cfi_def_cfa_offset 16
 249              		.cfi_offset 4, -16
 250              		.cfi_offset 5, -12
ARM GAS  C:\Users\NGUYEN~1\AppData\Local\Temp\ccvEZik2.s 			page 7


 251              		.cfi_offset 6, -8
 252              		.cfi_offset 14, -4
 253 0002 0500     		movs	r5, r0
 254 0004 0C00     		movs	r4, r1
 255              	.LVL36:
 256              	.L10:
  91:eeprom_external.c ****     uint8 result = 0;
  92:eeprom_external.c ****     
  93:eeprom_external.c ****     do{
  94:eeprom_external.c ****         result = i2c_I2CMasterSendStart(EEPROM_ADDRESS, i2c_I2C_WRITE_XFER_MODE, 1);
 257              		.loc 1 94 0 discriminator 1
 258 0006 0122     		movs	r2, #1
 259 0008 0021     		movs	r1, #0
 260 000a 5020     		movs	r0, #80
 261 000c FFF7FEFF 		bl	i2c_I2CMasterSendStart
 262              	.LVL37:
 263 0010 C0B2     		uxtb	r0, r0
 264              	.LVL38:
  95:eeprom_external.c ****     }while(result != i2c_I2C_MSTR_NO_ERROR);
 265              		.loc 1 95 0 discriminator 1
 266 0012 0028     		cmp	r0, #0
 267 0014 F7D1     		bne	.L10
  96:eeprom_external.c ****     
  97:eeprom_external.c ****     i2c_I2CMasterWriteByte( address , 1 );
 268              		.loc 1 97 0
 269 0016 0121     		movs	r1, #1
 270 0018 2800     		movs	r0, r5
 271              	.LVL39:
 272 001a FFF7FEFF 		bl	i2c_I2CMasterWriteByte
 273              	.LVL40:
  98:eeprom_external.c ****     
  99:eeprom_external.c ****     i2c_I2CMasterWriteByte( data_need_write, 1 );
 274              		.loc 1 99 0
 275 001e 0121     		movs	r1, #1
 276 0020 2000     		movs	r0, r4
 277 0022 FFF7FEFF 		bl	i2c_I2CMasterWriteByte
 278              	.LVL41:
 100:eeprom_external.c ****     
 101:eeprom_external.c ****     i2c_I2CMasterSendStop(5);
 279              		.loc 1 101 0
 280 0026 0520     		movs	r0, #5
 281 0028 FFF7FEFF 		bl	i2c_I2CMasterSendStop
 282              	.LVL42:
 102:eeprom_external.c **** }
 283              		.loc 1 102 0
 284              		@ sp needed
 285              	.LVL43:
 286 002c 70BD     		pop	{r4, r5, r6, pc}
 287              		.cfi_endproc
 288              	.LFE36:
 289              		.size	eeprom_write_a_byte_08, .-eeprom_write_a_byte_08
 290 002e C046     		.section	.text.eeprom_write_page,"ax",%progbits
 291              		.align	2
 292              		.global	eeprom_write_page
 293              		.code	16
 294              		.thumb_func
 295              		.type	eeprom_write_page, %function
ARM GAS  C:\Users\NGUYEN~1\AppData\Local\Temp\ccvEZik2.s 			page 8


 296              	eeprom_write_page:
 297              	.LFB37:
 103:eeprom_external.c **** void eeprom_write_page(uint8 address, uint32 *data_need_write, uint8 length)
 104:eeprom_external.c **** {
 298              		.loc 1 104 0
 299              		.cfi_startproc
 300              		@ args = 0, pretend = 0, frame = 0
 301              		@ frame_needed = 0, uses_anonymous_args = 0
 302              	.LVL44:
 303 0000 70B5     		push	{r4, r5, r6, lr}
 304              		.cfi_def_cfa_offset 16
 305              		.cfi_offset 4, -16
 306              		.cfi_offset 5, -12
 307              		.cfi_offset 6, -8
 308              		.cfi_offset 14, -4
 309 0002 0400     		movs	r4, r0
 310 0004 0E00     		movs	r6, r1
 311 0006 1500     		movs	r5, r2
 312              	.LVL45:
 313              	.L12:
 105:eeprom_external.c ****     uint8 result = 0, i;
 106:eeprom_external.c ****      do{
 107:eeprom_external.c ****         result = i2c_I2CMasterSendStart(EEPROM_ADDRESS, i2c_I2C_WRITE_XFER_MODE, 1);
 314              		.loc 1 107 0 discriminator 1
 315 0008 0122     		movs	r2, #1
 316 000a 0021     		movs	r1, #0
 317 000c 5020     		movs	r0, #80
 318 000e FFF7FEFF 		bl	i2c_I2CMasterSendStart
 319              	.LVL46:
 320 0012 C0B2     		uxtb	r0, r0
 321              	.LVL47:
 108:eeprom_external.c ****     }while(result != i2c_I2C_MSTR_NO_ERROR);
 322              		.loc 1 108 0 discriminator 1
 323 0014 0028     		cmp	r0, #0
 324 0016 F7D1     		bne	.L12
 109:eeprom_external.c ****     
 110:eeprom_external.c ****     i2c_I2CMasterWriteByte( (uint32)address, 1 );
 325              		.loc 1 110 0
 326 0018 0121     		movs	r1, #1
 327 001a 2000     		movs	r0, r4
 328              	.LVL48:
 329 001c FFF7FEFF 		bl	i2c_I2CMasterWriteByte
 330              	.LVL49:
 111:eeprom_external.c ****     
 112:eeprom_external.c ****     for(i=0; i<length; i++)
 331              		.loc 1 112 0
 332 0020 0024     		movs	r4, #0
 333 0022 06E0     		b	.L13
 334              	.LVL50:
 335              	.L14:
 113:eeprom_external.c ****          i2c_I2CMasterWriteByte( data_need_write[i], 1 );
 336              		.loc 1 113 0 discriminator 3
 337 0024 A300     		lsls	r3, r4, #2
 338 0026 F058     		ldr	r0, [r6, r3]
 339 0028 0121     		movs	r1, #1
 340 002a FFF7FEFF 		bl	i2c_I2CMasterWriteByte
 341              	.LVL51:
ARM GAS  C:\Users\NGUYEN~1\AppData\Local\Temp\ccvEZik2.s 			page 9


 112:eeprom_external.c ****          i2c_I2CMasterWriteByte( data_need_write[i], 1 );
 342              		.loc 1 112 0 discriminator 3
 343 002e 0134     		adds	r4, r4, #1
 344              	.LVL52:
 345 0030 E4B2     		uxtb	r4, r4
 346              	.LVL53:
 347              	.L13:
 112:eeprom_external.c ****          i2c_I2CMasterWriteByte( data_need_write[i], 1 );
 348              		.loc 1 112 0 is_stmt 0 discriminator 1
 349 0032 AC42     		cmp	r4, r5
 350 0034 F6D3     		bcc	.L14
 114:eeprom_external.c ****         
 115:eeprom_external.c ****     i2c_I2CMasterSendStop(5);
 351              		.loc 1 115 0 is_stmt 1
 352 0036 0520     		movs	r0, #5
 353 0038 FFF7FEFF 		bl	i2c_I2CMasterSendStop
 354              	.LVL54:
 116:eeprom_external.c **** }
 355              		.loc 1 116 0
 356              		@ sp needed
 357              	.LVL55:
 358              	.LVL56:
 359 003c 70BD     		pop	{r4, r5, r6, pc}
 360              		.cfi_endproc
 361              	.LFE37:
 362              		.size	eeprom_write_page, .-eeprom_write_page
 363 003e C046     		.section	.text.find_address_eeprom,"ax",%progbits
 364              		.align	2
 365              		.global	find_address_eeprom
 366              		.code	16
 367              		.thumb_func
 368              		.type	find_address_eeprom, %function
 369              	find_address_eeprom:
 370              	.LFB38:
 117:eeprom_external.c **** 
 118:eeprom_external.c **** uint8 find_address_eeprom()
 119:eeprom_external.c **** {
 371              		.loc 1 119 0
 372              		.cfi_startproc
 373              		@ args = 0, pretend = 0, frame = 0
 374              		@ frame_needed = 0, uses_anonymous_args = 0
 375 0000 10B5     		push	{r4, lr}
 376              		.cfi_def_cfa_offset 8
 377              		.cfi_offset 4, -8
 378              		.cfi_offset 14, -4
 379              	.L17:
 120:eeprom_external.c ****     static int counter=0;
 121:eeprom_external.c ****     uint8 result = 0;
 122:eeprom_external.c ****     static uint8 address = 0x40;   //0x50-1
 123:eeprom_external.c ****     
 124:eeprom_external.c ****     
 125:eeprom_external.c ****     
 126:eeprom_external.c ****     do{
 127:eeprom_external.c ****         counter++;
 380              		.loc 1 127 0 discriminator 2
 381 0002 0F4A     		ldr	r2, .L20
 382 0004 1368     		ldr	r3, [r2]
ARM GAS  C:\Users\NGUYEN~1\AppData\Local\Temp\ccvEZik2.s 			page 10


 383 0006 0133     		adds	r3, r3, #1
 384 0008 1360     		str	r3, [r2]
 128:eeprom_external.c ****         result = i2c_I2CMasterSendStart(address, i2c_I2C_WRITE_XFER_MODE, 1);
 385              		.loc 1 128 0 discriminator 2
 386 000a 0E4B     		ldr	r3, .L20+4
 387 000c 1878     		ldrb	r0, [r3]
 388 000e 0122     		movs	r2, #1
 389 0010 0021     		movs	r1, #0
 390 0012 FFF7FEFF 		bl	i2c_I2CMasterSendStart
 391              	.LVL57:
 392 0016 C0B2     		uxtb	r0, r0
 393              	.LVL58:
 129:eeprom_external.c ****     }while( (result != i2c_I2C_MSTR_NO_ERROR) && (counter<=5) );
 394              		.loc 1 129 0 discriminator 2
 395 0018 0028     		cmp	r0, #0
 396 001a 03D0     		beq	.L16
 397              		.loc 1 129 0 is_stmt 0 discriminator 1
 398 001c 084B     		ldr	r3, .L20
 399 001e 1B68     		ldr	r3, [r3]
 400 0020 052B     		cmp	r3, #5
 401 0022 EEDD     		ble	.L17
 402              	.L16:
 130:eeprom_external.c ****     
 131:eeprom_external.c ****     counter = 0;
 403              		.loc 1 131 0 is_stmt 1
 404 0024 0022     		movs	r2, #0
 405 0026 064B     		ldr	r3, .L20
 406 0028 1A60     		str	r2, [r3]
 132:eeprom_external.c ****    
 133:eeprom_external.c ****     if( result != i2c_I2C_MSTR_NO_ERROR )
 407              		.loc 1 133 0
 408 002a 0028     		cmp	r0, #0
 409 002c 02D0     		beq	.L18
 134:eeprom_external.c ****         return address;
 410              		.loc 1 134 0
 411 002e 054B     		ldr	r3, .L20+4
 412 0030 1878     		ldrb	r0, [r3]
 413              	.LVL59:
 414 0032 04E0     		b	.L19
 415              	.LVL60:
 416              	.L18:
 135:eeprom_external.c ****     else 
 136:eeprom_external.c ****     {
 137:eeprom_external.c ****         address++;
 417              		.loc 1 137 0
 418 0034 034A     		ldr	r2, .L20+4
 419 0036 1378     		ldrb	r3, [r2]
 420 0038 0133     		adds	r3, r3, #1
 421 003a 1370     		strb	r3, [r2]
 138:eeprom_external.c ****         return 0x01; 
 422              		.loc 1 138 0
 423 003c 0120     		movs	r0, #1
 424              	.LVL61:
 425              	.L19:
 139:eeprom_external.c ****     }
 140:eeprom_external.c **** }
 426              		.loc 1 140 0
ARM GAS  C:\Users\NGUYEN~1\AppData\Local\Temp\ccvEZik2.s 			page 11


 427              		@ sp needed
 428 003e 10BD     		pop	{r4, pc}
 429              	.L21:
 430              		.align	2
 431              	.L20:
 432 0040 00000000 		.word	.LANCHOR0
 433 0044 00000000 		.word	.LANCHOR1
 434              		.cfi_endproc
 435              	.LFE38:
 436              		.size	find_address_eeprom, .-find_address_eeprom
 437              		.data
 438              		.set	.LANCHOR1,. + 0
 439              		.type	address.6580, %object
 440              		.size	address.6580, 1
 441              	address.6580:
 442 0000 40       		.byte	64
 443              		.bss
 444              		.align	2
 445              		.set	.LANCHOR0,. + 0
 446              		.type	counter.6578, %object
 447              		.size	counter.6578, 4
 448              	counter.6578:
 449 0000 00000000 		.space	4
 450              		.text
 451              	.Letext0:
 452              		.file 2 "Generated_Source\\PSoC4/cytypes.h"
 453              		.file 3 "Generated_Source\\PSoC4/i2c_I2C.h"
 454              		.section	.debug_info,"",%progbits
 455              	.Ldebug_info0:
 456 0000 2E050000 		.4byte	0x52e
 457 0004 0400     		.2byte	0x4
 458 0006 00000000 		.4byte	.Ldebug_abbrev0
 459 000a 04       		.byte	0x4
 460 000b 01       		.uleb128 0x1
 461 000c 7A010000 		.4byte	.LASF33
 462 0010 0C       		.byte	0xc
 463 0011 00000000 		.4byte	.LASF34
 464 0015 81000000 		.4byte	.LASF35
 465 0019 00000000 		.4byte	.Ldebug_ranges0+0
 466 001d 00000000 		.4byte	0
 467 0021 00000000 		.4byte	.Ldebug_line0
 468 0025 02       		.uleb128 0x2
 469 0026 01       		.byte	0x1
 470 0027 06       		.byte	0x6
 471 0028 79020000 		.4byte	.LASF0
 472 002c 02       		.uleb128 0x2
 473 002d 01       		.byte	0x1
 474 002e 08       		.byte	0x8
 475 002f 54000000 		.4byte	.LASF1
 476 0033 02       		.uleb128 0x2
 477 0034 02       		.byte	0x2
 478 0035 05       		.byte	0x5
 479 0036 23010000 		.4byte	.LASF2
 480 003a 02       		.uleb128 0x2
 481 003b 02       		.byte	0x2
 482 003c 07       		.byte	0x7
 483 003d 8C020000 		.4byte	.LASF3
ARM GAS  C:\Users\NGUYEN~1\AppData\Local\Temp\ccvEZik2.s 			page 12


 484 0041 02       		.uleb128 0x2
 485 0042 04       		.byte	0x4
 486 0043 05       		.byte	0x5
 487 0044 64020000 		.4byte	.LASF4
 488 0048 02       		.uleb128 0x2
 489 0049 04       		.byte	0x4
 490 004a 07       		.byte	0x7
 491 004b ED000000 		.4byte	.LASF5
 492 004f 02       		.uleb128 0x2
 493 0050 08       		.byte	0x8
 494 0051 05       		.byte	0x5
 495 0052 27020000 		.4byte	.LASF6
 496 0056 02       		.uleb128 0x2
 497 0057 08       		.byte	0x8
 498 0058 07       		.byte	0x7
 499 0059 5C010000 		.4byte	.LASF7
 500 005d 03       		.uleb128 0x3
 501 005e 04       		.byte	0x4
 502 005f 05       		.byte	0x5
 503 0060 696E7400 		.ascii	"int\000"
 504 0064 02       		.uleb128 0x2
 505 0065 04       		.byte	0x4
 506 0066 07       		.byte	0x7
 507 0067 47010000 		.4byte	.LASF8
 508 006b 04       		.uleb128 0x4
 509 006c 4E000000 		.4byte	.LASF9
 510 0070 02       		.byte	0x2
 511 0071 FB01     		.2byte	0x1fb
 512 0073 2C000000 		.4byte	0x2c
 513 0077 04       		.uleb128 0x4
 514 0078 40010000 		.4byte	.LASF10
 515 007c 02       		.byte	0x2
 516 007d FD01     		.2byte	0x1fd
 517 007f 48000000 		.4byte	0x48
 518 0083 02       		.uleb128 0x2
 519 0084 04       		.byte	0x4
 520 0085 04       		.byte	0x4
 521 0086 40000000 		.4byte	.LASF11
 522 008a 02       		.uleb128 0x2
 523 008b 08       		.byte	0x8
 524 008c 04       		.byte	0x4
 525 008d 85020000 		.4byte	.LASF12
 526 0091 02       		.uleb128 0x2
 527 0092 01       		.byte	0x1
 528 0093 08       		.byte	0x8
 529 0094 35020000 		.4byte	.LASF13
 530 0098 02       		.uleb128 0x2
 531 0099 08       		.byte	0x8
 532 009a 04       		.byte	0x4
 533 009b 6D020000 		.4byte	.LASF14
 534 009f 02       		.uleb128 0x2
 535 00a0 04       		.byte	0x4
 536 00a1 07       		.byte	0x7
 537 00a2 08020000 		.4byte	.LASF15
 538 00a6 05       		.uleb128 0x5
 539 00a7 04       		.byte	0x4
 540 00a8 6B000000 		.4byte	0x6b
ARM GAS  C:\Users\NGUYEN~1\AppData\Local\Temp\ccvEZik2.s 			page 13


 541 00ac 06       		.uleb128 0x6
 542 00ad 2D010000 		.4byte	.LASF36
 543 00b1 01       		.byte	0x1
 544 00b2 19       		.byte	0x19
 545 00b3 6B000000 		.4byte	0x6b
 546 00b7 00000000 		.4byte	.LFB33
 547 00bb 42000000 		.4byte	.LFE33-.LFB33
 548 00bf 01       		.uleb128 0x1
 549 00c0 9C       		.byte	0x9c
 550 00c1 74010000 		.4byte	0x174
 551 00c5 07       		.uleb128 0x7
 552 00c6 74000000 		.4byte	.LASF18
 553 00ca 01       		.byte	0x1
 554 00cb 19       		.byte	0x19
 555 00cc 48000000 		.4byte	0x48
 556 00d0 00000000 		.4byte	.LLST0
 557 00d4 08       		.uleb128 0x8
 558 00d5 B6000000 		.4byte	.LASF16
 559 00d9 01       		.byte	0x1
 560 00da 1B       		.byte	0x1b
 561 00db 6B000000 		.4byte	0x6b
 562 00df 02       		.uleb128 0x2
 563 00e0 91       		.byte	0x91
 564 00e1 77       		.sleb128 -9
 565 00e2 09       		.uleb128 0x9
 566 00e3 73010000 		.4byte	.LASF17
 567 00e7 01       		.byte	0x1
 568 00e8 1C       		.byte	0x1c
 569 00e9 6B000000 		.4byte	0x6b
 570 00ed 2C000000 		.4byte	.LLST1
 571 00f1 0A       		.uleb128 0xa
 572 00f2 10000000 		.4byte	.LVL2
 573 00f6 F5040000 		.4byte	0x4f5
 574 00fa 0F010000 		.4byte	0x10f
 575 00fe 0B       		.uleb128 0xb
 576 00ff 01       		.uleb128 0x1
 577 0100 50       		.byte	0x50
 578 0101 02       		.uleb128 0x2
 579 0102 08       		.byte	0x8
 580 0103 50       		.byte	0x50
 581 0104 0B       		.uleb128 0xb
 582 0105 01       		.uleb128 0x1
 583 0106 51       		.byte	0x51
 584 0107 01       		.uleb128 0x1
 585 0108 30       		.byte	0x30
 586 0109 0B       		.uleb128 0xb
 587 010a 01       		.uleb128 0x1
 588 010b 52       		.byte	0x52
 589 010c 01       		.uleb128 0x1
 590 010d 31       		.byte	0x31
 591 010e 00       		.byte	0
 592 010f 0A       		.uleb128 0xa
 593 0110 1E000000 		.4byte	.LVL5
 594 0114 01050000 		.4byte	0x501
 595 0118 28010000 		.4byte	0x128
 596 011c 0B       		.uleb128 0xb
 597 011d 01       		.uleb128 0x1
ARM GAS  C:\Users\NGUYEN~1\AppData\Local\Temp\ccvEZik2.s 			page 14


 598 011e 50       		.byte	0x50
 599 011f 02       		.uleb128 0x2
 600 0120 74       		.byte	0x74
 601 0121 00       		.sleb128 0
 602 0122 0B       		.uleb128 0xb
 603 0123 01       		.uleb128 0x1
 604 0124 51       		.byte	0x51
 605 0125 01       		.uleb128 0x1
 606 0126 31       		.byte	0x31
 607 0127 00       		.byte	0
 608 0128 0A       		.uleb128 0xa
 609 0129 28000000 		.4byte	.LVL6
 610 012d 0D050000 		.4byte	0x50d
 611 0131 46010000 		.4byte	0x146
 612 0135 0B       		.uleb128 0xb
 613 0136 01       		.uleb128 0x1
 614 0137 50       		.byte	0x50
 615 0138 02       		.uleb128 0x2
 616 0139 08       		.byte	0x8
 617 013a 50       		.byte	0x50
 618 013b 0B       		.uleb128 0xb
 619 013c 01       		.uleb128 0x1
 620 013d 51       		.byte	0x51
 621 013e 01       		.uleb128 0x1
 622 013f 31       		.byte	0x31
 623 0140 0B       		.uleb128 0xb
 624 0141 01       		.uleb128 0x1
 625 0142 52       		.byte	0x52
 626 0143 01       		.uleb128 0x1
 627 0144 31       		.byte	0x31
 628 0145 00       		.byte	0
 629 0146 0A       		.uleb128 0xa
 630 0147 36000000 		.4byte	.LVL8
 631 014b 19050000 		.4byte	0x519
 632 014f 64010000 		.4byte	0x164
 633 0153 0B       		.uleb128 0xb
 634 0154 01       		.uleb128 0x1
 635 0155 50       		.byte	0x50
 636 0156 01       		.uleb128 0x1
 637 0157 31       		.byte	0x31
 638 0158 0B       		.uleb128 0xb
 639 0159 01       		.uleb128 0x1
 640 015a 51       		.byte	0x51
 641 015b 02       		.uleb128 0x2
 642 015c 74       		.byte	0x74
 643 015d 00       		.sleb128 0
 644 015e 0B       		.uleb128 0xb
 645 015f 01       		.uleb128 0x1
 646 0160 52       		.byte	0x52
 647 0161 01       		.uleb128 0x1
 648 0162 31       		.byte	0x31
 649 0163 00       		.byte	0
 650 0164 0C       		.uleb128 0xc
 651 0165 3C000000 		.4byte	.LVL9
 652 0169 25050000 		.4byte	0x525
 653 016d 0B       		.uleb128 0xb
 654 016e 01       		.uleb128 0x1
ARM GAS  C:\Users\NGUYEN~1\AppData\Local\Temp\ccvEZik2.s 			page 15


 655 016f 50       		.byte	0x50
 656 0170 01       		.uleb128 0x1
 657 0171 35       		.byte	0x35
 658 0172 00       		.byte	0
 659 0173 00       		.byte	0
 660 0174 0D       		.uleb128 0xd
 661 0175 53020000 		.4byte	.LASF21
 662 0179 01       		.byte	0x1
 663 017a 31       		.byte	0x31
 664 017b 00000000 		.4byte	.LFB34
 665 017f 54000000 		.4byte	.LFE34-.LFB34
 666 0183 01       		.uleb128 0x1
 667 0184 9C       		.byte	0x9c
 668 0185 79020000 		.4byte	0x279
 669 0189 07       		.uleb128 0x7
 670 018a 54010000 		.4byte	.LASF19
 671 018e 01       		.byte	0x1
 672 018f 31       		.byte	0x31
 673 0190 6B000000 		.4byte	0x6b
 674 0194 3F000000 		.4byte	.LLST2
 675 0198 07       		.uleb128 0x7
 676 0199 B6000000 		.4byte	.LASF16
 677 019d 01       		.byte	0x1
 678 019e 31       		.byte	0x31
 679 019f A6000000 		.4byte	0xa6
 680 01a3 60000000 		.4byte	.LLST3
 681 01a7 07       		.uleb128 0x7
 682 01a8 9F020000 		.4byte	.LASF20
 683 01ac 01       		.byte	0x1
 684 01ad 31       		.byte	0x31
 685 01ae 6B000000 		.4byte	0x6b
 686 01b2 8C000000 		.4byte	.LLST4
 687 01b6 09       		.uleb128 0x9
 688 01b7 73010000 		.4byte	.LASF17
 689 01bb 01       		.byte	0x1
 690 01bc 33       		.byte	0x33
 691 01bd 6B000000 		.4byte	0x6b
 692 01c1 AD000000 		.4byte	.LLST5
 693 01c5 0E       		.uleb128 0xe
 694 01c6 6900     		.ascii	"i\000"
 695 01c8 01       		.byte	0x1
 696 01c9 33       		.byte	0x33
 697 01ca 6B000000 		.4byte	0x6b
 698 01ce C0000000 		.4byte	.LLST6
 699 01d2 0A       		.uleb128 0xa
 700 01d3 12000000 		.4byte	.LVL12
 701 01d7 F5040000 		.4byte	0x4f5
 702 01db F0010000 		.4byte	0x1f0
 703 01df 0B       		.uleb128 0xb
 704 01e0 01       		.uleb128 0x1
 705 01e1 50       		.byte	0x50
 706 01e2 02       		.uleb128 0x2
 707 01e3 08       		.byte	0x8
 708 01e4 50       		.byte	0x50
 709 01e5 0B       		.uleb128 0xb
 710 01e6 01       		.uleb128 0x1
 711 01e7 51       		.byte	0x51
ARM GAS  C:\Users\NGUYEN~1\AppData\Local\Temp\ccvEZik2.s 			page 16


 712 01e8 01       		.uleb128 0x1
 713 01e9 30       		.byte	0x30
 714 01ea 0B       		.uleb128 0xb
 715 01eb 01       		.uleb128 0x1
 716 01ec 52       		.byte	0x52
 717 01ed 01       		.uleb128 0x1
 718 01ee 31       		.byte	0x31
 719 01ef 00       		.byte	0
 720 01f0 0A       		.uleb128 0xa
 721 01f1 20000000 		.4byte	.LVL15
 722 01f5 01050000 		.4byte	0x501
 723 01f9 09020000 		.4byte	0x209
 724 01fd 0B       		.uleb128 0xb
 725 01fe 01       		.uleb128 0x1
 726 01ff 50       		.byte	0x50
 727 0200 02       		.uleb128 0x2
 728 0201 74       		.byte	0x74
 729 0202 00       		.sleb128 0
 730 0203 0B       		.uleb128 0xb
 731 0204 01       		.uleb128 0x1
 732 0205 51       		.byte	0x51
 733 0206 01       		.uleb128 0x1
 734 0207 31       		.byte	0x31
 735 0208 00       		.byte	0
 736 0209 0A       		.uleb128 0xa
 737 020a 2A000000 		.4byte	.LVL16
 738 020e 0D050000 		.4byte	0x50d
 739 0212 27020000 		.4byte	0x227
 740 0216 0B       		.uleb128 0xb
 741 0217 01       		.uleb128 0x1
 742 0218 50       		.byte	0x50
 743 0219 02       		.uleb128 0x2
 744 021a 08       		.byte	0x8
 745 021b 50       		.byte	0x50
 746 021c 0B       		.uleb128 0xb
 747 021d 01       		.uleb128 0x1
 748 021e 51       		.byte	0x51
 749 021f 01       		.uleb128 0x1
 750 0220 31       		.byte	0x31
 751 0221 0B       		.uleb128 0xb
 752 0222 01       		.uleb128 0x1
 753 0223 52       		.byte	0x52
 754 0224 01       		.uleb128 0x1
 755 0225 31       		.byte	0x31
 756 0226 00       		.byte	0
 757 0227 0A       		.uleb128 0xa
 758 0228 38000000 		.4byte	.LVL18
 759 022c 19050000 		.4byte	0x519
 760 0230 48020000 		.4byte	0x248
 761 0234 0B       		.uleb128 0xb
 762 0235 01       		.uleb128 0x1
 763 0236 50       		.byte	0x50
 764 0237 01       		.uleb128 0x1
 765 0238 30       		.byte	0x30
 766 0239 0B       		.uleb128 0xb
 767 023a 01       		.uleb128 0x1
 768 023b 51       		.byte	0x51
ARM GAS  C:\Users\NGUYEN~1\AppData\Local\Temp\ccvEZik2.s 			page 17


 769 023c 05       		.uleb128 0x5
 770 023d 75       		.byte	0x75
 771 023e 00       		.sleb128 0
 772 023f 74       		.byte	0x74
 773 0240 00       		.sleb128 0
 774 0241 22       		.byte	0x22
 775 0242 0B       		.uleb128 0xb
 776 0243 01       		.uleb128 0x1
 777 0244 52       		.byte	0x52
 778 0245 01       		.uleb128 0x1
 779 0246 31       		.byte	0x31
 780 0247 00       		.byte	0
 781 0248 0A       		.uleb128 0xa
 782 0249 4C000000 		.4byte	.LVL21
 783 024d 19050000 		.4byte	0x519
 784 0251 69020000 		.4byte	0x269
 785 0255 0B       		.uleb128 0xb
 786 0256 01       		.uleb128 0x1
 787 0257 50       		.byte	0x50
 788 0258 01       		.uleb128 0x1
 789 0259 31       		.byte	0x31
 790 025a 0B       		.uleb128 0xb
 791 025b 01       		.uleb128 0x1
 792 025c 51       		.byte	0x51
 793 025d 05       		.uleb128 0x5
 794 025e 75       		.byte	0x75
 795 025f 00       		.sleb128 0
 796 0260 74       		.byte	0x74
 797 0261 00       		.sleb128 0
 798 0262 22       		.byte	0x22
 799 0263 0B       		.uleb128 0xb
 800 0264 01       		.uleb128 0x1
 801 0265 52       		.byte	0x52
 802 0266 01       		.uleb128 0x1
 803 0267 31       		.byte	0x31
 804 0268 00       		.byte	0
 805 0269 0C       		.uleb128 0xc
 806 026a 52000000 		.4byte	.LVL22
 807 026e 25050000 		.4byte	0x525
 808 0272 0B       		.uleb128 0xb
 809 0273 01       		.uleb128 0x1
 810 0274 50       		.byte	0x50
 811 0275 01       		.uleb128 0x1
 812 0276 35       		.byte	0x35
 813 0277 00       		.byte	0
 814 0278 00       		.byte	0
 815 0279 0D       		.uleb128 0xd
 816 027a A6020000 		.4byte	.LASF22
 817 027e 01       		.byte	0x1
 818 027f 47       		.byte	0x47
 819 0280 00000000 		.4byte	.LFB35
 820 0284 36000000 		.4byte	.LFE35-.LFB35
 821 0288 01       		.uleb128 0x1
 822 0289 9C       		.byte	0x9c
 823 028a 36030000 		.4byte	0x336
 824 028e 07       		.uleb128 0x7
 825 028f 54010000 		.4byte	.LASF19
ARM GAS  C:\Users\NGUYEN~1\AppData\Local\Temp\ccvEZik2.s 			page 18


 826 0293 01       		.byte	0x1
 827 0294 47       		.byte	0x47
 828 0295 77000000 		.4byte	0x77
 829 0299 EA000000 		.4byte	.LLST7
 830 029d 07       		.uleb128 0x7
 831 029e 13010000 		.4byte	.LASF23
 832 02a2 01       		.byte	0x1
 833 02a3 47       		.byte	0x47
 834 02a4 6B000000 		.4byte	0x6b
 835 02a8 16010000 		.4byte	.LLST8
 836 02ac 09       		.uleb128 0x9
 837 02ad 73010000 		.4byte	.LASF17
 838 02b1 01       		.byte	0x1
 839 02b2 49       		.byte	0x49
 840 02b3 6B000000 		.4byte	0x6b
 841 02b7 37010000 		.4byte	.LLST9
 842 02bb 0A       		.uleb128 0xa
 843 02bc 10000000 		.4byte	.LVL27
 844 02c0 F5040000 		.4byte	0x4f5
 845 02c4 D9020000 		.4byte	0x2d9
 846 02c8 0B       		.uleb128 0xb
 847 02c9 01       		.uleb128 0x1
 848 02ca 50       		.byte	0x50
 849 02cb 02       		.uleb128 0x2
 850 02cc 08       		.byte	0x8
 851 02cd 50       		.byte	0x50
 852 02ce 0B       		.uleb128 0xb
 853 02cf 01       		.uleb128 0x1
 854 02d0 51       		.byte	0x51
 855 02d1 01       		.uleb128 0x1
 856 02d2 30       		.byte	0x30
 857 02d3 0B       		.uleb128 0xb
 858 02d4 01       		.uleb128 0x1
 859 02d5 52       		.byte	0x52
 860 02d6 01       		.uleb128 0x1
 861 02d7 31       		.byte	0x31
 862 02d8 00       		.byte	0
 863 02d9 0A       		.uleb128 0xa
 864 02da 1E000000 		.4byte	.LVL30
 865 02de 01050000 		.4byte	0x501
 866 02e2 F4020000 		.4byte	0x2f4
 867 02e6 0B       		.uleb128 0xb
 868 02e7 01       		.uleb128 0x1
 869 02e8 50       		.byte	0x50
 870 02e9 04       		.uleb128 0x4
 871 02ea 74       		.byte	0x74
 872 02eb 00       		.sleb128 0
 873 02ec 40       		.byte	0x40
 874 02ed 25       		.byte	0x25
 875 02ee 0B       		.uleb128 0xb
 876 02ef 01       		.uleb128 0x1
 877 02f0 51       		.byte	0x51
 878 02f1 01       		.uleb128 0x1
 879 02f2 31       		.byte	0x31
 880 02f3 00       		.byte	0
 881 02f4 0A       		.uleb128 0xa
 882 02f5 26000000 		.4byte	.LVL31
ARM GAS  C:\Users\NGUYEN~1\AppData\Local\Temp\ccvEZik2.s 			page 19


 883 02f9 01050000 		.4byte	0x501
 884 02fd 0D030000 		.4byte	0x30d
 885 0301 0B       		.uleb128 0xb
 886 0302 01       		.uleb128 0x1
 887 0303 50       		.byte	0x50
 888 0304 02       		.uleb128 0x2
 889 0305 74       		.byte	0x74
 890 0306 00       		.sleb128 0
 891 0307 0B       		.uleb128 0xb
 892 0308 01       		.uleb128 0x1
 893 0309 51       		.byte	0x51
 894 030a 01       		.uleb128 0x1
 895 030b 31       		.byte	0x31
 896 030c 00       		.byte	0
 897 030d 0A       		.uleb128 0xa
 898 030e 2E000000 		.4byte	.LVL32
 899 0312 01050000 		.4byte	0x501
 900 0316 26030000 		.4byte	0x326
 901 031a 0B       		.uleb128 0xb
 902 031b 01       		.uleb128 0x1
 903 031c 50       		.byte	0x50
 904 031d 02       		.uleb128 0x2
 905 031e 75       		.byte	0x75
 906 031f 00       		.sleb128 0
 907 0320 0B       		.uleb128 0xb
 908 0321 01       		.uleb128 0x1
 909 0322 51       		.byte	0x51
 910 0323 01       		.uleb128 0x1
 911 0324 31       		.byte	0x31
 912 0325 00       		.byte	0
 913 0326 0C       		.uleb128 0xc
 914 0327 34000000 		.4byte	.LVL33
 915 032b 25050000 		.4byte	0x525
 916 032f 0B       		.uleb128 0xb
 917 0330 01       		.uleb128 0x1
 918 0331 50       		.byte	0x50
 919 0332 01       		.uleb128 0x1
 920 0333 35       		.byte	0x35
 921 0334 00       		.byte	0
 922 0335 00       		.byte	0
 923 0336 0D       		.uleb128 0xd
 924 0337 29000000 		.4byte	.LASF24
 925 033b 01       		.byte	0x1
 926 033c 59       		.byte	0x59
 927 033d 00000000 		.4byte	.LFB36
 928 0341 2E000000 		.4byte	.LFE36-.LFB36
 929 0345 01       		.uleb128 0x1
 930 0346 9C       		.byte	0x9c
 931 0347 D8030000 		.4byte	0x3d8
 932 034b 07       		.uleb128 0x7
 933 034c 54010000 		.4byte	.LASF19
 934 0350 01       		.byte	0x1
 935 0351 59       		.byte	0x59
 936 0352 77000000 		.4byte	0x77
 937 0356 4A010000 		.4byte	.LLST10
 938 035a 07       		.uleb128 0x7
 939 035b 13010000 		.4byte	.LASF23
ARM GAS  C:\Users\NGUYEN~1\AppData\Local\Temp\ccvEZik2.s 			page 20


 940 035f 01       		.byte	0x1
 941 0360 59       		.byte	0x59
 942 0361 6B000000 		.4byte	0x6b
 943 0365 76010000 		.4byte	.LLST11
 944 0369 09       		.uleb128 0x9
 945 036a 73010000 		.4byte	.LASF17
 946 036e 01       		.byte	0x1
 947 036f 5B       		.byte	0x5b
 948 0370 6B000000 		.4byte	0x6b
 949 0374 97010000 		.4byte	.LLST12
 950 0378 0A       		.uleb128 0xa
 951 0379 10000000 		.4byte	.LVL37
 952 037d F5040000 		.4byte	0x4f5
 953 0381 96030000 		.4byte	0x396
 954 0385 0B       		.uleb128 0xb
 955 0386 01       		.uleb128 0x1
 956 0387 50       		.byte	0x50
 957 0388 02       		.uleb128 0x2
 958 0389 08       		.byte	0x8
 959 038a 50       		.byte	0x50
 960 038b 0B       		.uleb128 0xb
 961 038c 01       		.uleb128 0x1
 962 038d 51       		.byte	0x51
 963 038e 01       		.uleb128 0x1
 964 038f 30       		.byte	0x30
 965 0390 0B       		.uleb128 0xb
 966 0391 01       		.uleb128 0x1
 967 0392 52       		.byte	0x52
 968 0393 01       		.uleb128 0x1
 969 0394 31       		.byte	0x31
 970 0395 00       		.byte	0
 971 0396 0A       		.uleb128 0xa
 972 0397 1E000000 		.4byte	.LVL40
 973 039b 01050000 		.4byte	0x501
 974 039f AF030000 		.4byte	0x3af
 975 03a3 0B       		.uleb128 0xb
 976 03a4 01       		.uleb128 0x1
 977 03a5 50       		.byte	0x50
 978 03a6 02       		.uleb128 0x2
 979 03a7 75       		.byte	0x75
 980 03a8 00       		.sleb128 0
 981 03a9 0B       		.uleb128 0xb
 982 03aa 01       		.uleb128 0x1
 983 03ab 51       		.byte	0x51
 984 03ac 01       		.uleb128 0x1
 985 03ad 31       		.byte	0x31
 986 03ae 00       		.byte	0
 987 03af 0A       		.uleb128 0xa
 988 03b0 26000000 		.4byte	.LVL41
 989 03b4 01050000 		.4byte	0x501
 990 03b8 C8030000 		.4byte	0x3c8
 991 03bc 0B       		.uleb128 0xb
 992 03bd 01       		.uleb128 0x1
 993 03be 50       		.byte	0x50
 994 03bf 02       		.uleb128 0x2
 995 03c0 74       		.byte	0x74
 996 03c1 00       		.sleb128 0
ARM GAS  C:\Users\NGUYEN~1\AppData\Local\Temp\ccvEZik2.s 			page 21


 997 03c2 0B       		.uleb128 0xb
 998 03c3 01       		.uleb128 0x1
 999 03c4 51       		.byte	0x51
 1000 03c5 01       		.uleb128 0x1
 1001 03c6 31       		.byte	0x31
 1002 03c7 00       		.byte	0
 1003 03c8 0C       		.uleb128 0xc
 1004 03c9 2C000000 		.4byte	.LVL42
 1005 03cd 25050000 		.4byte	0x525
 1006 03d1 0B       		.uleb128 0xb
 1007 03d2 01       		.uleb128 0x1
 1008 03d3 50       		.byte	0x50
 1009 03d4 01       		.uleb128 0x1
 1010 03d5 35       		.byte	0x35
 1011 03d6 00       		.byte	0
 1012 03d7 00       		.byte	0
 1013 03d8 0D       		.uleb128 0xd
 1014 03d9 62000000 		.4byte	.LASF25
 1015 03dd 01       		.byte	0x1
 1016 03de 67       		.byte	0x67
 1017 03df 00000000 		.4byte	.LFB37
 1018 03e3 3E000000 		.4byte	.LFE37-.LFB37
 1019 03e7 01       		.uleb128 0x1
 1020 03e8 9C       		.byte	0x9c
 1021 03e9 90040000 		.4byte	0x490
 1022 03ed 07       		.uleb128 0x7
 1023 03ee 54010000 		.4byte	.LASF19
 1024 03f2 01       		.byte	0x1
 1025 03f3 67       		.byte	0x67
 1026 03f4 6B000000 		.4byte	0x6b
 1027 03f8 AA010000 		.4byte	.LLST13
 1028 03fc 07       		.uleb128 0x7
 1029 03fd 13010000 		.4byte	.LASF23
 1030 0401 01       		.byte	0x1
 1031 0402 67       		.byte	0x67
 1032 0403 90040000 		.4byte	0x490
 1033 0407 CB010000 		.4byte	.LLST14
 1034 040b 07       		.uleb128 0x7
 1035 040c 9F020000 		.4byte	.LASF20
 1036 0410 01       		.byte	0x1
 1037 0411 67       		.byte	0x67
 1038 0412 6B000000 		.4byte	0x6b
 1039 0416 F7010000 		.4byte	.LLST15
 1040 041a 09       		.uleb128 0x9
 1041 041b 73010000 		.4byte	.LASF17
 1042 041f 01       		.byte	0x1
 1043 0420 69       		.byte	0x69
 1044 0421 6B000000 		.4byte	0x6b
 1045 0425 18020000 		.4byte	.LLST16
 1046 0429 0E       		.uleb128 0xe
 1047 042a 6900     		.ascii	"i\000"
 1048 042c 01       		.byte	0x1
 1049 042d 69       		.byte	0x69
 1050 042e 6B000000 		.4byte	0x6b
 1051 0432 2B020000 		.4byte	.LLST17
 1052 0436 0A       		.uleb128 0xa
 1053 0437 12000000 		.4byte	.LVL46
ARM GAS  C:\Users\NGUYEN~1\AppData\Local\Temp\ccvEZik2.s 			page 22


 1054 043b F5040000 		.4byte	0x4f5
 1055 043f 54040000 		.4byte	0x454
 1056 0443 0B       		.uleb128 0xb
 1057 0444 01       		.uleb128 0x1
 1058 0445 50       		.byte	0x50
 1059 0446 02       		.uleb128 0x2
 1060 0447 08       		.byte	0x8
 1061 0448 50       		.byte	0x50
 1062 0449 0B       		.uleb128 0xb
 1063 044a 01       		.uleb128 0x1
 1064 044b 51       		.byte	0x51
 1065 044c 01       		.uleb128 0x1
 1066 044d 30       		.byte	0x30
 1067 044e 0B       		.uleb128 0xb
 1068 044f 01       		.uleb128 0x1
 1069 0450 52       		.byte	0x52
 1070 0451 01       		.uleb128 0x1
 1071 0452 31       		.byte	0x31
 1072 0453 00       		.byte	0
 1073 0454 0A       		.uleb128 0xa
 1074 0455 20000000 		.4byte	.LVL49
 1075 0459 01050000 		.4byte	0x501
 1076 045d 6D040000 		.4byte	0x46d
 1077 0461 0B       		.uleb128 0xb
 1078 0462 01       		.uleb128 0x1
 1079 0463 50       		.byte	0x50
 1080 0464 02       		.uleb128 0x2
 1081 0465 74       		.byte	0x74
 1082 0466 00       		.sleb128 0
 1083 0467 0B       		.uleb128 0xb
 1084 0468 01       		.uleb128 0x1
 1085 0469 51       		.byte	0x51
 1086 046a 01       		.uleb128 0x1
 1087 046b 31       		.byte	0x31
 1088 046c 00       		.byte	0
 1089 046d 0A       		.uleb128 0xa
 1090 046e 2E000000 		.4byte	.LVL51
 1091 0472 01050000 		.4byte	0x501
 1092 0476 80040000 		.4byte	0x480
 1093 047a 0B       		.uleb128 0xb
 1094 047b 01       		.uleb128 0x1
 1095 047c 51       		.byte	0x51
 1096 047d 01       		.uleb128 0x1
 1097 047e 31       		.byte	0x31
 1098 047f 00       		.byte	0
 1099 0480 0C       		.uleb128 0xc
 1100 0481 3C000000 		.4byte	.LVL54
 1101 0485 25050000 		.4byte	0x525
 1102 0489 0B       		.uleb128 0xb
 1103 048a 01       		.uleb128 0x1
 1104 048b 50       		.byte	0x50
 1105 048c 01       		.uleb128 0x1
 1106 048d 35       		.byte	0x35
 1107 048e 00       		.byte	0
 1108 048f 00       		.byte	0
 1109 0490 05       		.uleb128 0x5
 1110 0491 04       		.byte	0x4
ARM GAS  C:\Users\NGUYEN~1\AppData\Local\Temp\ccvEZik2.s 			page 23


 1111 0492 77000000 		.4byte	0x77
 1112 0496 0F       		.uleb128 0xf
 1113 0497 FF000000 		.4byte	.LASF26
 1114 049b 01       		.byte	0x1
 1115 049c 76       		.byte	0x76
 1116 049d 6B000000 		.4byte	0x6b
 1117 04a1 00000000 		.4byte	.LFB38
 1118 04a5 48000000 		.4byte	.LFE38-.LFB38
 1119 04a9 01       		.uleb128 0x1
 1120 04aa 9C       		.byte	0x9c
 1121 04ab F5040000 		.4byte	0x4f5
 1122 04af 08       		.uleb128 0x8
 1123 04b0 46000000 		.4byte	.LASF27
 1124 04b4 01       		.byte	0x1
 1125 04b5 78       		.byte	0x78
 1126 04b6 5D000000 		.4byte	0x5d
 1127 04ba 05       		.uleb128 0x5
 1128 04bb 03       		.byte	0x3
 1129 04bc 00000000 		.4byte	counter.6578
 1130 04c0 09       		.uleb128 0x9
 1131 04c1 73010000 		.4byte	.LASF17
 1132 04c5 01       		.byte	0x1
 1133 04c6 79       		.byte	0x79
 1134 04c7 6B000000 		.4byte	0x6b
 1135 04cb 55020000 		.4byte	.LLST18
 1136 04cf 08       		.uleb128 0x8
 1137 04d0 54010000 		.4byte	.LASF19
 1138 04d4 01       		.byte	0x1
 1139 04d5 7A       		.byte	0x7a
 1140 04d6 6B000000 		.4byte	0x6b
 1141 04da 05       		.uleb128 0x5
 1142 04db 03       		.byte	0x3
 1143 04dc 00000000 		.4byte	address.6580
 1144 04e0 0C       		.uleb128 0xc
 1145 04e1 16000000 		.4byte	.LVL57
 1146 04e5 F5040000 		.4byte	0x4f5
 1147 04e9 0B       		.uleb128 0xb
 1148 04ea 01       		.uleb128 0x1
 1149 04eb 51       		.byte	0x51
 1150 04ec 01       		.uleb128 0x1
 1151 04ed 30       		.byte	0x30
 1152 04ee 0B       		.uleb128 0xb
 1153 04ef 01       		.uleb128 0x1
 1154 04f0 52       		.byte	0x52
 1155 04f1 01       		.uleb128 0x1
 1156 04f2 31       		.byte	0x31
 1157 04f3 00       		.byte	0
 1158 04f4 00       		.byte	0
 1159 04f5 10       		.uleb128 0x10
 1160 04f6 C0000000 		.4byte	.LASF28
 1161 04fa C0000000 		.4byte	.LASF28
 1162 04fe 03       		.byte	0x3
 1163 04ff 1B01     		.2byte	0x11b
 1164 0501 10       		.uleb128 0x10
 1165 0502 12000000 		.4byte	.LASF29
 1166 0506 12000000 		.4byte	.LASF29
 1167 050a 03       		.byte	0x3
ARM GAS  C:\Users\NGUYEN~1\AppData\Local\Temp\ccvEZik2.s 			page 24


 1168 050b 1E01     		.2byte	0x11e
 1169 050d 10       		.uleb128 0x10
 1170 050e 3A020000 		.4byte	.LASF30
 1171 0512 3A020000 		.4byte	.LASF30
 1172 0516 03       		.byte	0x3
 1173 0517 1C01     		.2byte	0x11c
 1174 0519 10       		.uleb128 0x10
 1175 051a D7000000 		.4byte	.LASF31
 1176 051e D7000000 		.4byte	.LASF31
 1177 0522 03       		.byte	0x3
 1178 0523 1F01     		.2byte	0x11f
 1179 0525 10       		.uleb128 0x10
 1180 0526 11020000 		.4byte	.LASF32
 1181 052a 11020000 		.4byte	.LASF32
 1182 052e 03       		.byte	0x3
 1183 052f 1D01     		.2byte	0x11d
 1184 0531 00       		.byte	0
 1185              		.section	.debug_abbrev,"",%progbits
 1186              	.Ldebug_abbrev0:
 1187 0000 01       		.uleb128 0x1
 1188 0001 11       		.uleb128 0x11
 1189 0002 01       		.byte	0x1
 1190 0003 25       		.uleb128 0x25
 1191 0004 0E       		.uleb128 0xe
 1192 0005 13       		.uleb128 0x13
 1193 0006 0B       		.uleb128 0xb
 1194 0007 03       		.uleb128 0x3
 1195 0008 0E       		.uleb128 0xe
 1196 0009 1B       		.uleb128 0x1b
 1197 000a 0E       		.uleb128 0xe
 1198 000b 55       		.uleb128 0x55
 1199 000c 17       		.uleb128 0x17
 1200 000d 11       		.uleb128 0x11
 1201 000e 01       		.uleb128 0x1
 1202 000f 10       		.uleb128 0x10
 1203 0010 17       		.uleb128 0x17
 1204 0011 00       		.byte	0
 1205 0012 00       		.byte	0
 1206 0013 02       		.uleb128 0x2
 1207 0014 24       		.uleb128 0x24
 1208 0015 00       		.byte	0
 1209 0016 0B       		.uleb128 0xb
 1210 0017 0B       		.uleb128 0xb
 1211 0018 3E       		.uleb128 0x3e
 1212 0019 0B       		.uleb128 0xb
 1213 001a 03       		.uleb128 0x3
 1214 001b 0E       		.uleb128 0xe
 1215 001c 00       		.byte	0
 1216 001d 00       		.byte	0
 1217 001e 03       		.uleb128 0x3
 1218 001f 24       		.uleb128 0x24
 1219 0020 00       		.byte	0
 1220 0021 0B       		.uleb128 0xb
 1221 0022 0B       		.uleb128 0xb
 1222 0023 3E       		.uleb128 0x3e
 1223 0024 0B       		.uleb128 0xb
 1224 0025 03       		.uleb128 0x3
ARM GAS  C:\Users\NGUYEN~1\AppData\Local\Temp\ccvEZik2.s 			page 25


 1225 0026 08       		.uleb128 0x8
 1226 0027 00       		.byte	0
 1227 0028 00       		.byte	0
 1228 0029 04       		.uleb128 0x4
 1229 002a 16       		.uleb128 0x16
 1230 002b 00       		.byte	0
 1231 002c 03       		.uleb128 0x3
 1232 002d 0E       		.uleb128 0xe
 1233 002e 3A       		.uleb128 0x3a
 1234 002f 0B       		.uleb128 0xb
 1235 0030 3B       		.uleb128 0x3b
 1236 0031 05       		.uleb128 0x5
 1237 0032 49       		.uleb128 0x49
 1238 0033 13       		.uleb128 0x13
 1239 0034 00       		.byte	0
 1240 0035 00       		.byte	0
 1241 0036 05       		.uleb128 0x5
 1242 0037 0F       		.uleb128 0xf
 1243 0038 00       		.byte	0
 1244 0039 0B       		.uleb128 0xb
 1245 003a 0B       		.uleb128 0xb
 1246 003b 49       		.uleb128 0x49
 1247 003c 13       		.uleb128 0x13
 1248 003d 00       		.byte	0
 1249 003e 00       		.byte	0
 1250 003f 06       		.uleb128 0x6
 1251 0040 2E       		.uleb128 0x2e
 1252 0041 01       		.byte	0x1
 1253 0042 3F       		.uleb128 0x3f
 1254 0043 19       		.uleb128 0x19
 1255 0044 03       		.uleb128 0x3
 1256 0045 0E       		.uleb128 0xe
 1257 0046 3A       		.uleb128 0x3a
 1258 0047 0B       		.uleb128 0xb
 1259 0048 3B       		.uleb128 0x3b
 1260 0049 0B       		.uleb128 0xb
 1261 004a 27       		.uleb128 0x27
 1262 004b 19       		.uleb128 0x19
 1263 004c 49       		.uleb128 0x49
 1264 004d 13       		.uleb128 0x13
 1265 004e 11       		.uleb128 0x11
 1266 004f 01       		.uleb128 0x1
 1267 0050 12       		.uleb128 0x12
 1268 0051 06       		.uleb128 0x6
 1269 0052 40       		.uleb128 0x40
 1270 0053 18       		.uleb128 0x18
 1271 0054 9742     		.uleb128 0x2117
 1272 0056 19       		.uleb128 0x19
 1273 0057 01       		.uleb128 0x1
 1274 0058 13       		.uleb128 0x13
 1275 0059 00       		.byte	0
 1276 005a 00       		.byte	0
 1277 005b 07       		.uleb128 0x7
 1278 005c 05       		.uleb128 0x5
 1279 005d 00       		.byte	0
 1280 005e 03       		.uleb128 0x3
 1281 005f 0E       		.uleb128 0xe
ARM GAS  C:\Users\NGUYEN~1\AppData\Local\Temp\ccvEZik2.s 			page 26


 1282 0060 3A       		.uleb128 0x3a
 1283 0061 0B       		.uleb128 0xb
 1284 0062 3B       		.uleb128 0x3b
 1285 0063 0B       		.uleb128 0xb
 1286 0064 49       		.uleb128 0x49
 1287 0065 13       		.uleb128 0x13
 1288 0066 02       		.uleb128 0x2
 1289 0067 17       		.uleb128 0x17
 1290 0068 00       		.byte	0
 1291 0069 00       		.byte	0
 1292 006a 08       		.uleb128 0x8
 1293 006b 34       		.uleb128 0x34
 1294 006c 00       		.byte	0
 1295 006d 03       		.uleb128 0x3
 1296 006e 0E       		.uleb128 0xe
 1297 006f 3A       		.uleb128 0x3a
 1298 0070 0B       		.uleb128 0xb
 1299 0071 3B       		.uleb128 0x3b
 1300 0072 0B       		.uleb128 0xb
 1301 0073 49       		.uleb128 0x49
 1302 0074 13       		.uleb128 0x13
 1303 0075 02       		.uleb128 0x2
 1304 0076 18       		.uleb128 0x18
 1305 0077 00       		.byte	0
 1306 0078 00       		.byte	0
 1307 0079 09       		.uleb128 0x9
 1308 007a 34       		.uleb128 0x34
 1309 007b 00       		.byte	0
 1310 007c 03       		.uleb128 0x3
 1311 007d 0E       		.uleb128 0xe
 1312 007e 3A       		.uleb128 0x3a
 1313 007f 0B       		.uleb128 0xb
 1314 0080 3B       		.uleb128 0x3b
 1315 0081 0B       		.uleb128 0xb
 1316 0082 49       		.uleb128 0x49
 1317 0083 13       		.uleb128 0x13
 1318 0084 02       		.uleb128 0x2
 1319 0085 17       		.uleb128 0x17
 1320 0086 00       		.byte	0
 1321 0087 00       		.byte	0
 1322 0088 0A       		.uleb128 0xa
 1323 0089 898201   		.uleb128 0x4109
 1324 008c 01       		.byte	0x1
 1325 008d 11       		.uleb128 0x11
 1326 008e 01       		.uleb128 0x1
 1327 008f 31       		.uleb128 0x31
 1328 0090 13       		.uleb128 0x13
 1329 0091 01       		.uleb128 0x1
 1330 0092 13       		.uleb128 0x13
 1331 0093 00       		.byte	0
 1332 0094 00       		.byte	0
 1333 0095 0B       		.uleb128 0xb
 1334 0096 8A8201   		.uleb128 0x410a
 1335 0099 00       		.byte	0
 1336 009a 02       		.uleb128 0x2
 1337 009b 18       		.uleb128 0x18
 1338 009c 9142     		.uleb128 0x2111
ARM GAS  C:\Users\NGUYEN~1\AppData\Local\Temp\ccvEZik2.s 			page 27


 1339 009e 18       		.uleb128 0x18
 1340 009f 00       		.byte	0
 1341 00a0 00       		.byte	0
 1342 00a1 0C       		.uleb128 0xc
 1343 00a2 898201   		.uleb128 0x4109
 1344 00a5 01       		.byte	0x1
 1345 00a6 11       		.uleb128 0x11
 1346 00a7 01       		.uleb128 0x1
 1347 00a8 31       		.uleb128 0x31
 1348 00a9 13       		.uleb128 0x13
 1349 00aa 00       		.byte	0
 1350 00ab 00       		.byte	0
 1351 00ac 0D       		.uleb128 0xd
 1352 00ad 2E       		.uleb128 0x2e
 1353 00ae 01       		.byte	0x1
 1354 00af 3F       		.uleb128 0x3f
 1355 00b0 19       		.uleb128 0x19
 1356 00b1 03       		.uleb128 0x3
 1357 00b2 0E       		.uleb128 0xe
 1358 00b3 3A       		.uleb128 0x3a
 1359 00b4 0B       		.uleb128 0xb
 1360 00b5 3B       		.uleb128 0x3b
 1361 00b6 0B       		.uleb128 0xb
 1362 00b7 27       		.uleb128 0x27
 1363 00b8 19       		.uleb128 0x19
 1364 00b9 11       		.uleb128 0x11
 1365 00ba 01       		.uleb128 0x1
 1366 00bb 12       		.uleb128 0x12
 1367 00bc 06       		.uleb128 0x6
 1368 00bd 40       		.uleb128 0x40
 1369 00be 18       		.uleb128 0x18
 1370 00bf 9742     		.uleb128 0x2117
 1371 00c1 19       		.uleb128 0x19
 1372 00c2 01       		.uleb128 0x1
 1373 00c3 13       		.uleb128 0x13
 1374 00c4 00       		.byte	0
 1375 00c5 00       		.byte	0
 1376 00c6 0E       		.uleb128 0xe
 1377 00c7 34       		.uleb128 0x34
 1378 00c8 00       		.byte	0
 1379 00c9 03       		.uleb128 0x3
 1380 00ca 08       		.uleb128 0x8
 1381 00cb 3A       		.uleb128 0x3a
 1382 00cc 0B       		.uleb128 0xb
 1383 00cd 3B       		.uleb128 0x3b
 1384 00ce 0B       		.uleb128 0xb
 1385 00cf 49       		.uleb128 0x49
 1386 00d0 13       		.uleb128 0x13
 1387 00d1 02       		.uleb128 0x2
 1388 00d2 17       		.uleb128 0x17
 1389 00d3 00       		.byte	0
 1390 00d4 00       		.byte	0
 1391 00d5 0F       		.uleb128 0xf
 1392 00d6 2E       		.uleb128 0x2e
 1393 00d7 01       		.byte	0x1
 1394 00d8 3F       		.uleb128 0x3f
 1395 00d9 19       		.uleb128 0x19
ARM GAS  C:\Users\NGUYEN~1\AppData\Local\Temp\ccvEZik2.s 			page 28


 1396 00da 03       		.uleb128 0x3
 1397 00db 0E       		.uleb128 0xe
 1398 00dc 3A       		.uleb128 0x3a
 1399 00dd 0B       		.uleb128 0xb
 1400 00de 3B       		.uleb128 0x3b
 1401 00df 0B       		.uleb128 0xb
 1402 00e0 49       		.uleb128 0x49
 1403 00e1 13       		.uleb128 0x13
 1404 00e2 11       		.uleb128 0x11
 1405 00e3 01       		.uleb128 0x1
 1406 00e4 12       		.uleb128 0x12
 1407 00e5 06       		.uleb128 0x6
 1408 00e6 40       		.uleb128 0x40
 1409 00e7 18       		.uleb128 0x18
 1410 00e8 9742     		.uleb128 0x2117
 1411 00ea 19       		.uleb128 0x19
 1412 00eb 01       		.uleb128 0x1
 1413 00ec 13       		.uleb128 0x13
 1414 00ed 00       		.byte	0
 1415 00ee 00       		.byte	0
 1416 00ef 10       		.uleb128 0x10
 1417 00f0 2E       		.uleb128 0x2e
 1418 00f1 00       		.byte	0
 1419 00f2 3F       		.uleb128 0x3f
 1420 00f3 19       		.uleb128 0x19
 1421 00f4 3C       		.uleb128 0x3c
 1422 00f5 19       		.uleb128 0x19
 1423 00f6 6E       		.uleb128 0x6e
 1424 00f7 0E       		.uleb128 0xe
 1425 00f8 03       		.uleb128 0x3
 1426 00f9 0E       		.uleb128 0xe
 1427 00fa 3A       		.uleb128 0x3a
 1428 00fb 0B       		.uleb128 0xb
 1429 00fc 3B       		.uleb128 0x3b
 1430 00fd 05       		.uleb128 0x5
 1431 00fe 00       		.byte	0
 1432 00ff 00       		.byte	0
 1433 0100 00       		.byte	0
 1434              		.section	.debug_loc,"",%progbits
 1435              	.Ldebug_loc0:
 1436              	.LLST0:
 1437 0000 00000000 		.4byte	.LVL0
 1438 0004 06000000 		.4byte	.LVL1
 1439 0008 0100     		.2byte	0x1
 1440 000a 50       		.byte	0x50
 1441 000b 06000000 		.4byte	.LVL1
 1442 000f 2C000000 		.4byte	.LVL7
 1443 0013 0100     		.2byte	0x1
 1444 0015 54       		.byte	0x54
 1445 0016 2C000000 		.4byte	.LVL7
 1446 001a 42000000 		.4byte	.LFE33
 1447 001e 0400     		.2byte	0x4
 1448 0020 F3       		.byte	0xf3
 1449 0021 01       		.uleb128 0x1
 1450 0022 50       		.byte	0x50
 1451 0023 9F       		.byte	0x9f
 1452 0024 00000000 		.4byte	0
ARM GAS  C:\Users\NGUYEN~1\AppData\Local\Temp\ccvEZik2.s 			page 29


 1453 0028 00000000 		.4byte	0
 1454              	.LLST1:
 1455 002c 12000000 		.4byte	.LVL3
 1456 0030 1A000000 		.4byte	.LVL4
 1457 0034 0100     		.2byte	0x1
 1458 0036 50       		.byte	0x50
 1459 0037 00000000 		.4byte	0
 1460 003b 00000000 		.4byte	0
 1461              	.LLST2:
 1462 003f 00000000 		.4byte	.LVL10
 1463 0043 08000000 		.4byte	.LVL11
 1464 0047 0100     		.2byte	0x1
 1465 0049 50       		.byte	0x50
 1466 004a 08000000 		.4byte	.LVL11
 1467 004e 54000000 		.4byte	.LFE34
 1468 0052 0400     		.2byte	0x4
 1469 0054 F3       		.byte	0xf3
 1470 0055 01       		.uleb128 0x1
 1471 0056 50       		.byte	0x50
 1472 0057 9F       		.byte	0x9f
 1473 0058 00000000 		.4byte	0
 1474 005c 00000000 		.4byte	0
 1475              	.LLST3:
 1476 0060 00000000 		.4byte	.LVL10
 1477 0064 08000000 		.4byte	.LVL11
 1478 0068 0100     		.2byte	0x1
 1479 006a 51       		.byte	0x51
 1480 006b 08000000 		.4byte	.LVL11
 1481 006f 52000000 		.4byte	.LVL24
 1482 0073 0100     		.2byte	0x1
 1483 0075 55       		.byte	0x55
 1484 0076 52000000 		.4byte	.LVL24
 1485 007a 54000000 		.4byte	.LFE34
 1486 007e 0400     		.2byte	0x4
 1487 0080 F3       		.byte	0xf3
 1488 0081 01       		.uleb128 0x1
 1489 0082 51       		.byte	0x51
 1490 0083 9F       		.byte	0x9f
 1491 0084 00000000 		.4byte	0
 1492 0088 00000000 		.4byte	0
 1493              	.LLST4:
 1494 008c 00000000 		.4byte	.LVL10
 1495 0090 08000000 		.4byte	.LVL11
 1496 0094 0100     		.2byte	0x1
 1497 0096 52       		.byte	0x52
 1498 0097 08000000 		.4byte	.LVL11
 1499 009b 54000000 		.4byte	.LFE34
 1500 009f 0400     		.2byte	0x4
 1501 00a1 F3       		.byte	0xf3
 1502 00a2 01       		.uleb128 0x1
 1503 00a3 52       		.byte	0x52
 1504 00a4 9F       		.byte	0x9f
 1505 00a5 00000000 		.4byte	0
 1506 00a9 00000000 		.4byte	0
 1507              	.LLST5:
 1508 00ad 14000000 		.4byte	.LVL13
 1509 00b1 1C000000 		.4byte	.LVL14
ARM GAS  C:\Users\NGUYEN~1\AppData\Local\Temp\ccvEZik2.s 			page 30


 1510 00b5 0100     		.2byte	0x1
 1511 00b7 50       		.byte	0x50
 1512 00b8 00000000 		.4byte	0
 1513 00bc 00000000 		.4byte	0
 1514              	.LLST6:
 1515 00c0 2A000000 		.4byte	.LVL16
 1516 00c4 2E000000 		.4byte	.LVL17
 1517 00c8 0200     		.2byte	0x2
 1518 00ca 30       		.byte	0x30
 1519 00cb 9F       		.byte	0x9f
 1520 00cc 2E000000 		.4byte	.LVL17
 1521 00d0 3A000000 		.4byte	.LVL19
 1522 00d4 0100     		.2byte	0x1
 1523 00d6 54       		.byte	0x54
 1524 00d7 3C000000 		.4byte	.LVL20
 1525 00db 52000000 		.4byte	.LVL23
 1526 00df 0100     		.2byte	0x1
 1527 00e1 54       		.byte	0x54
 1528 00e2 00000000 		.4byte	0
 1529 00e6 00000000 		.4byte	0
 1530              	.LLST7:
 1531 00ea 00000000 		.4byte	.LVL25
 1532 00ee 06000000 		.4byte	.LVL26
 1533 00f2 0100     		.2byte	0x1
 1534 00f4 50       		.byte	0x50
 1535 00f5 06000000 		.4byte	.LVL26
 1536 00f9 34000000 		.4byte	.LVL34
 1537 00fd 0100     		.2byte	0x1
 1538 00ff 54       		.byte	0x54
 1539 0100 34000000 		.4byte	.LVL34
 1540 0104 36000000 		.4byte	.LFE35
 1541 0108 0400     		.2byte	0x4
 1542 010a F3       		.byte	0xf3
 1543 010b 01       		.uleb128 0x1
 1544 010c 50       		.byte	0x50
 1545 010d 9F       		.byte	0x9f
 1546 010e 00000000 		.4byte	0
 1547 0112 00000000 		.4byte	0
 1548              	.LLST8:
 1549 0116 00000000 		.4byte	.LVL25
 1550 011a 06000000 		.4byte	.LVL26
 1551 011e 0100     		.2byte	0x1
 1552 0120 51       		.byte	0x51
 1553 0121 06000000 		.4byte	.LVL26
 1554 0125 36000000 		.4byte	.LFE35
 1555 0129 0400     		.2byte	0x4
 1556 012b F3       		.byte	0xf3
 1557 012c 01       		.uleb128 0x1
 1558 012d 51       		.byte	0x51
 1559 012e 9F       		.byte	0x9f
 1560 012f 00000000 		.4byte	0
 1561 0133 00000000 		.4byte	0
 1562              	.LLST9:
 1563 0137 12000000 		.4byte	.LVL28
 1564 013b 18000000 		.4byte	.LVL29
 1565 013f 0100     		.2byte	0x1
 1566 0141 50       		.byte	0x50
ARM GAS  C:\Users\NGUYEN~1\AppData\Local\Temp\ccvEZik2.s 			page 31


 1567 0142 00000000 		.4byte	0
 1568 0146 00000000 		.4byte	0
 1569              	.LLST10:
 1570 014a 00000000 		.4byte	.LVL35
 1571 014e 06000000 		.4byte	.LVL36
 1572 0152 0100     		.2byte	0x1
 1573 0154 50       		.byte	0x50
 1574 0155 06000000 		.4byte	.LVL36
 1575 0159 2C000000 		.4byte	.LVL43
 1576 015d 0100     		.2byte	0x1
 1577 015f 55       		.byte	0x55
 1578 0160 2C000000 		.4byte	.LVL43
 1579 0164 2E000000 		.4byte	.LFE36
 1580 0168 0400     		.2byte	0x4
 1581 016a F3       		.byte	0xf3
 1582 016b 01       		.uleb128 0x1
 1583 016c 50       		.byte	0x50
 1584 016d 9F       		.byte	0x9f
 1585 016e 00000000 		.4byte	0
 1586 0172 00000000 		.4byte	0
 1587              	.LLST11:
 1588 0176 00000000 		.4byte	.LVL35
 1589 017a 06000000 		.4byte	.LVL36
 1590 017e 0100     		.2byte	0x1
 1591 0180 51       		.byte	0x51
 1592 0181 06000000 		.4byte	.LVL36
 1593 0185 2E000000 		.4byte	.LFE36
 1594 0189 0400     		.2byte	0x4
 1595 018b F3       		.byte	0xf3
 1596 018c 01       		.uleb128 0x1
 1597 018d 51       		.byte	0x51
 1598 018e 9F       		.byte	0x9f
 1599 018f 00000000 		.4byte	0
 1600 0193 00000000 		.4byte	0
 1601              	.LLST12:
 1602 0197 12000000 		.4byte	.LVL38
 1603 019b 1A000000 		.4byte	.LVL39
 1604 019f 0100     		.2byte	0x1
 1605 01a1 50       		.byte	0x50
 1606 01a2 00000000 		.4byte	0
 1607 01a6 00000000 		.4byte	0
 1608              	.LLST13:
 1609 01aa 00000000 		.4byte	.LVL44
 1610 01ae 08000000 		.4byte	.LVL45
 1611 01b2 0100     		.2byte	0x1
 1612 01b4 50       		.byte	0x50
 1613 01b5 08000000 		.4byte	.LVL45
 1614 01b9 3E000000 		.4byte	.LFE37
 1615 01bd 0400     		.2byte	0x4
 1616 01bf F3       		.byte	0xf3
 1617 01c0 01       		.uleb128 0x1
 1618 01c1 50       		.byte	0x50
 1619 01c2 9F       		.byte	0x9f
 1620 01c3 00000000 		.4byte	0
 1621 01c7 00000000 		.4byte	0
 1622              	.LLST14:
 1623 01cb 00000000 		.4byte	.LVL44
ARM GAS  C:\Users\NGUYEN~1\AppData\Local\Temp\ccvEZik2.s 			page 32


 1624 01cf 08000000 		.4byte	.LVL45
 1625 01d3 0100     		.2byte	0x1
 1626 01d5 51       		.byte	0x51
 1627 01d6 08000000 		.4byte	.LVL45
 1628 01da 3C000000 		.4byte	.LVL56
 1629 01de 0100     		.2byte	0x1
 1630 01e0 56       		.byte	0x56
 1631 01e1 3C000000 		.4byte	.LVL56
 1632 01e5 3E000000 		.4byte	.LFE37
 1633 01e9 0400     		.2byte	0x4
 1634 01eb F3       		.byte	0xf3
 1635 01ec 01       		.uleb128 0x1
 1636 01ed 51       		.byte	0x51
 1637 01ee 9F       		.byte	0x9f
 1638 01ef 00000000 		.4byte	0
 1639 01f3 00000000 		.4byte	0
 1640              	.LLST15:
 1641 01f7 00000000 		.4byte	.LVL44
 1642 01fb 08000000 		.4byte	.LVL45
 1643 01ff 0100     		.2byte	0x1
 1644 0201 52       		.byte	0x52
 1645 0202 08000000 		.4byte	.LVL45
 1646 0206 3E000000 		.4byte	.LFE37
 1647 020a 0400     		.2byte	0x4
 1648 020c F3       		.byte	0xf3
 1649 020d 01       		.uleb128 0x1
 1650 020e 52       		.byte	0x52
 1651 020f 9F       		.byte	0x9f
 1652 0210 00000000 		.4byte	0
 1653 0214 00000000 		.4byte	0
 1654              	.LLST16:
 1655 0218 14000000 		.4byte	.LVL47
 1656 021c 1C000000 		.4byte	.LVL48
 1657 0220 0100     		.2byte	0x1
 1658 0222 50       		.byte	0x50
 1659 0223 00000000 		.4byte	0
 1660 0227 00000000 		.4byte	0
 1661              	.LLST17:
 1662 022b 20000000 		.4byte	.LVL49
 1663 022f 24000000 		.4byte	.LVL50
 1664 0233 0200     		.2byte	0x2
 1665 0235 30       		.byte	0x30
 1666 0236 9F       		.byte	0x9f
 1667 0237 24000000 		.4byte	.LVL50
 1668 023b 30000000 		.4byte	.LVL52
 1669 023f 0100     		.2byte	0x1
 1670 0241 54       		.byte	0x54
 1671 0242 32000000 		.4byte	.LVL53
 1672 0246 3C000000 		.4byte	.LVL55
 1673 024a 0100     		.2byte	0x1
 1674 024c 54       		.byte	0x54
 1675 024d 00000000 		.4byte	0
 1676 0251 00000000 		.4byte	0
 1677              	.LLST18:
 1678 0255 18000000 		.4byte	.LVL58
 1679 0259 32000000 		.4byte	.LVL59
 1680 025d 0100     		.2byte	0x1
ARM GAS  C:\Users\NGUYEN~1\AppData\Local\Temp\ccvEZik2.s 			page 33


 1681 025f 50       		.byte	0x50
 1682 0260 34000000 		.4byte	.LVL60
 1683 0264 3E000000 		.4byte	.LVL61
 1684 0268 0100     		.2byte	0x1
 1685 026a 50       		.byte	0x50
 1686 026b 00000000 		.4byte	0
 1687 026f 00000000 		.4byte	0
 1688              		.section	.debug_aranges,"",%progbits
 1689 0000 44000000 		.4byte	0x44
 1690 0004 0200     		.2byte	0x2
 1691 0006 00000000 		.4byte	.Ldebug_info0
 1692 000a 04       		.byte	0x4
 1693 000b 00       		.byte	0
 1694 000c 0000     		.2byte	0
 1695 000e 0000     		.2byte	0
 1696 0010 00000000 		.4byte	.LFB33
 1697 0014 42000000 		.4byte	.LFE33-.LFB33
 1698 0018 00000000 		.4byte	.LFB34
 1699 001c 54000000 		.4byte	.LFE34-.LFB34
 1700 0020 00000000 		.4byte	.LFB35
 1701 0024 36000000 		.4byte	.LFE35-.LFB35
 1702 0028 00000000 		.4byte	.LFB36
 1703 002c 2E000000 		.4byte	.LFE36-.LFB36
 1704 0030 00000000 		.4byte	.LFB37
 1705 0034 3E000000 		.4byte	.LFE37-.LFB37
 1706 0038 00000000 		.4byte	.LFB38
 1707 003c 48000000 		.4byte	.LFE38-.LFB38
 1708 0040 00000000 		.4byte	0
 1709 0044 00000000 		.4byte	0
 1710              		.section	.debug_ranges,"",%progbits
 1711              	.Ldebug_ranges0:
 1712 0000 00000000 		.4byte	.LFB33
 1713 0004 42000000 		.4byte	.LFE33
 1714 0008 00000000 		.4byte	.LFB34
 1715 000c 54000000 		.4byte	.LFE34
 1716 0010 00000000 		.4byte	.LFB35
 1717 0014 36000000 		.4byte	.LFE35
 1718 0018 00000000 		.4byte	.LFB36
 1719 001c 2E000000 		.4byte	.LFE36
 1720 0020 00000000 		.4byte	.LFB37
 1721 0024 3E000000 		.4byte	.LFE37
 1722 0028 00000000 		.4byte	.LFB38
 1723 002c 48000000 		.4byte	.LFE38
 1724 0030 00000000 		.4byte	0
 1725 0034 00000000 		.4byte	0
 1726              		.section	.debug_line,"",%progbits
 1727              	.Ldebug_line0:
 1728 0000 46010000 		.section	.debug_str,"MS",%progbits,1
 1728      02005900 
 1728      00000201 
 1728      FB0E0D00 
 1728      01010101 
 1729              	.LASF34:
 1730 0000 65657072 		.ascii	"eeprom_external.c\000"
 1730      6F6D5F65 
 1730      78746572 
 1730      6E616C2E 
ARM GAS  C:\Users\NGUYEN~1\AppData\Local\Temp\ccvEZik2.s 			page 34


 1730      6300
 1731              	.LASF29:
 1732 0012 6932635F 		.ascii	"i2c_I2CMasterWriteByte\000"
 1732      4932434D 
 1732      61737465 
 1732      72577269 
 1732      74654279 
 1733              	.LASF24:
 1734 0029 65657072 		.ascii	"eeprom_write_a_byte_08\000"
 1734      6F6D5F77 
 1734      72697465 
 1734      5F615F62 
 1734      7974655F 
 1735              	.LASF11:
 1736 0040 666C6F61 		.ascii	"float\000"
 1736      7400
 1737              	.LASF27:
 1738 0046 636F756E 		.ascii	"counter\000"
 1738      74657200 
 1739              	.LASF9:
 1740 004e 75696E74 		.ascii	"uint8\000"
 1740      3800
 1741              	.LASF1:
 1742 0054 756E7369 		.ascii	"unsigned char\000"
 1742      676E6564 
 1742      20636861 
 1742      7200
 1743              	.LASF25:
 1744 0062 65657072 		.ascii	"eeprom_write_page\000"
 1744      6F6D5F77 
 1744      72697465 
 1744      5F706167 
 1744      6500
 1745              	.LASF18:
 1746 0074 61646472 		.ascii	"address_read\000"
 1746      6573735F 
 1746      72656164 
 1746      00
 1747              	.LASF35:
 1748 0081 443A5C70 		.ascii	"D:\\psoc\\theory\\eeprom_external\\eeprom_external."
 1748      736F635C 
 1748      7468656F 
 1748      72795C65 
 1748      6570726F 
 1749 00b0 63796473 		.ascii	"cydsn\000"
 1749      6E00
 1750              	.LASF16:
 1751 00b6 64617461 		.ascii	"data_read\000"
 1751      5F726561 
 1751      6400
 1752              	.LASF28:
 1753 00c0 6932635F 		.ascii	"i2c_I2CMasterSendStart\000"
 1753      4932434D 
 1753      61737465 
 1753      7253656E 
 1753      64537461 
 1754              	.LASF31:
ARM GAS  C:\Users\NGUYEN~1\AppData\Local\Temp\ccvEZik2.s 			page 35


 1755 00d7 6932635F 		.ascii	"i2c_I2CMasterReadByte\000"
 1755      4932434D 
 1755      61737465 
 1755      72526561 
 1755      64427974 
 1756              	.LASF5:
 1757 00ed 6C6F6E67 		.ascii	"long unsigned int\000"
 1757      20756E73 
 1757      69676E65 
 1757      6420696E 
 1757      7400
 1758              	.LASF26:
 1759 00ff 66696E64 		.ascii	"find_address_eeprom\000"
 1759      5F616464 
 1759      72657373 
 1759      5F656570 
 1759      726F6D00 
 1760              	.LASF23:
 1761 0113 64617461 		.ascii	"data_need_write\000"
 1761      5F6E6565 
 1761      645F7772 
 1761      69746500 
 1762              	.LASF2:
 1763 0123 73686F72 		.ascii	"short int\000"
 1763      7420696E 
 1763      7400
 1764              	.LASF36:
 1765 012d 65657072 		.ascii	"eeprom_read_a_byte\000"
 1765      6F6D5F72 
 1765      6561645F 
 1765      615F6279 
 1765      746500
 1766              	.LASF10:
 1767 0140 75696E74 		.ascii	"uint32\000"
 1767      333200
 1768              	.LASF8:
 1769 0147 756E7369 		.ascii	"unsigned int\000"
 1769      676E6564 
 1769      20696E74 
 1769      00
 1770              	.LASF19:
 1771 0154 61646472 		.ascii	"address\000"
 1771      65737300 
 1772              	.LASF7:
 1773 015c 6C6F6E67 		.ascii	"long long unsigned int\000"
 1773      206C6F6E 
 1773      6720756E 
 1773      7369676E 
 1773      65642069 
 1774              	.LASF17:
 1775 0173 72657375 		.ascii	"result\000"
 1775      6C7400
 1776              	.LASF33:
 1777 017a 474E5520 		.ascii	"GNU C11 5.4.1 20160609 (release) [ARM/embedded-5-br"
 1777      43313120 
 1777      352E342E 
 1777      31203230 
ARM GAS  C:\Users\NGUYEN~1\AppData\Local\Temp\ccvEZik2.s 			page 36


 1777      31363036 
 1778 01ad 616E6368 		.ascii	"anch revision 237715] -mcpu=cortex-m0 -mthumb -g -O"
 1778      20726576 
 1778      6973696F 
 1778      6E203233 
 1778      37373135 
 1779 01e0 67202D66 		.ascii	"g -ffunction-sections -ffat-lto-objects\000"
 1779      66756E63 
 1779      74696F6E 
 1779      2D736563 
 1779      74696F6E 
 1780              	.LASF15:
 1781 0208 73697A65 		.ascii	"sizetype\000"
 1781      74797065 
 1781      00
 1782              	.LASF32:
 1783 0211 6932635F 		.ascii	"i2c_I2CMasterSendStop\000"
 1783      4932434D 
 1783      61737465 
 1783      7253656E 
 1783      6453746F 
 1784              	.LASF6:
 1785 0227 6C6F6E67 		.ascii	"long long int\000"
 1785      206C6F6E 
 1785      6720696E 
 1785      7400
 1786              	.LASF13:
 1787 0235 63686172 		.ascii	"char\000"
 1787      00
 1788              	.LASF30:
 1789 023a 6932635F 		.ascii	"i2c_I2CMasterSendRestart\000"
 1789      4932434D 
 1789      61737465 
 1789      7253656E 
 1789      64526573 
 1790              	.LASF21:
 1791 0253 65657072 		.ascii	"eeprom_read_page\000"
 1791      6F6D5F72 
 1791      6561645F 
 1791      70616765 
 1791      00
 1792              	.LASF4:
 1793 0264 6C6F6E67 		.ascii	"long int\000"
 1793      20696E74 
 1793      00
 1794              	.LASF14:
 1795 026d 6C6F6E67 		.ascii	"long double\000"
 1795      20646F75 
 1795      626C6500 
 1796              	.LASF0:
 1797 0279 7369676E 		.ascii	"signed char\000"
 1797      65642063 
 1797      68617200 
 1798              	.LASF12:
 1799 0285 646F7562 		.ascii	"double\000"
 1799      6C6500
 1800              	.LASF3:
ARM GAS  C:\Users\NGUYEN~1\AppData\Local\Temp\ccvEZik2.s 			page 37


 1801 028c 73686F72 		.ascii	"short unsigned int\000"
 1801      7420756E 
 1801      7369676E 
 1801      65642069 
 1801      6E7400
 1802              	.LASF20:
 1803 029f 6C656E67 		.ascii	"length\000"
 1803      746800
 1804              	.LASF22:
 1805 02a6 65657072 		.ascii	"eeprom_write_a_byte_128\000"
 1805      6F6D5F77 
 1805      72697465 
 1805      5F615F62 
 1805      7974655F 
 1806              		.ident	"GCC: (GNU Tools for ARM Embedded Processors) 5.4.1 20160609 (release) [ARM/embedded-5-bran
