ARM GAS  C:\Users\NGUYEN~1\AppData\Local\Temp\ccUOz7xZ.s 			page 1


   1              		.syntax unified
   2              		.cpu cortex-m0
   3              		.fpu softvfp
   4              		.eabi_attribute 20, 1
   5              		.eabi_attribute 21, 1
   6              		.eabi_attribute 23, 3
   7              		.eabi_attribute 24, 1
   8              		.eabi_attribute 25, 1
   9              		.eabi_attribute 26, 1
  10              		.eabi_attribute 30, 1
  11              		.eabi_attribute 34, 0
  12              		.eabi_attribute 18, 4
  13              		.thumb
  14              		.syntax unified
  15              		.file	"main.c"
  16              		.text
  17              	.Ltext0:
  18              		.cfi_sections	.debug_frame
  19              		.section	.text.system_init,"ax",%progbits
  20              		.align	2
  21              		.global	system_init
  22              		.code	16
  23              		.thumb_func
  24              		.type	system_init, %function
  25              	system_init:
  26              	.LFB34:
  27              		.file 1 "main.c"
   1:main.c        **** /* ========================================
   2:main.c        ****  *
   3:main.c        ****  * Copyright YOUR COMPANY, THE YEAR
   4:main.c        ****  * All Rights Reserved
   5:main.c        ****  * UNPUBLISHED, LICENSED SOFTWARE.
   6:main.c        ****  *
   7:main.c        ****  * CONFIDENTIAL AND PROPRIETARY INFORMATION
   8:main.c        ****  * WHICH IS THE PROPERTY OF your company.
   9:main.c        ****  *
  10:main.c        ****  * ========================================
  11:main.c        **** */
  12:main.c        **** #include "main.h"
  13:main.c        **** 
  14:main.c        **** #include <stdio.h>
  15:main.c        **** #include "project.h"
  16:main.c        **** #include "timer_system.h"
  17:main.c        **** #include "eeprom_external.h"
  18:main.c        **** #include "ledYellow.h"
  19:main.c        **** 
  20:main.c        **** extern volatile int counter_shift_led;
  21:main.c        **** 
  22:main.c        **** int main(void)
  23:main.c        **** {
  24:main.c        ****     CyGlobalIntEnable; /* Enable global interrupts. */
  25:main.c        ****     
  26:main.c        ****     system_init();
  27:main.c        ****     int data_read_eeprom = 0x01;
  28:main.c        ****     //int i=0;
  29:main.c        ****     char stringss[10];
  30:main.c        ****     
ARM GAS  C:\Users\NGUYEN~1\AppData\Local\Temp\ccUOz7xZ.s 			page 2


  31:main.c        ****     // output status before turn off power
  32:main.c        ****     //data_read_eeprom = eeprom_read_a_byte(0x01);
  33:main.c        ****     
  34:main.c        ****     for(;;)
  35:main.c        ****     {        
  36:main.c        ****         //eeprom_write_a_byte(0x01, counter_shift_led);
  37:main.c        ****         //shift_left( counter_shift_led );
  38:main.c        ****         //flicker_8_led(1);
  39:main.c        ****         
  40:main.c        ****        
  41:main.c        ****         eeprom_write_a_byte_128(0x00000000, 0x03);
  42:main.c        ****         CyDelay(1000);
  43:main.c        ****         data_read_eeprom = eeprom_read_a_byte(0x00);
  44:main.c        ****         
  45:main.c        ****         
  46:main.c        ****         sprintf(stringss, "%u\n", data_read_eeprom);
  47:main.c        ****         uart_UartPutString(stringss);
  48:main.c        ****         
  49:main.c        ****         
  50:main.c        ****         LedYellow_0_Write(~LedYellow_0_Read());
  51:main.c        ****         CyDelay(1000);
  52:main.c        ****     }
  53:main.c        **** }
  54:main.c        **** 
  55:main.c        **** void system_init()
  56:main.c        **** {
  28              		.loc 1 56 0
  29              		.cfi_startproc
  30              		@ args = 0, pretend = 0, frame = 0
  31              		@ frame_needed = 0, uses_anonymous_args = 0
  32 0000 10B5     		push	{r4, lr}
  33              		.cfi_def_cfa_offset 8
  34              		.cfi_offset 4, -8
  35              		.cfi_offset 14, -4
  57:main.c        ****     i2c_Start();
  36              		.loc 1 57 0
  37 0002 FFF7FEFF 		bl	i2c_Start
  38              	.LVL0:
  58:main.c        ****     
  59:main.c        ****     timer_Start();
  39              		.loc 1 59 0
  40 0006 FFF7FEFF 		bl	timer_Start
  41              	.LVL1:
  60:main.c        ****     
  61:main.c        ****     init_time_interrupt();
  42              		.loc 1 61 0
  43 000a FFF7FEFF 		bl	init_time_interrupt
  44              	.LVL2:
  62:main.c        ****     
  63:main.c        ****     uart_Start();
  45              		.loc 1 63 0
  46 000e FFF7FEFF 		bl	uart_Start
  47              	.LVL3:
  64:main.c        ****     
  65:main.c        ****     turn_off_all_led();
  48              		.loc 1 65 0
  49 0012 FFF7FEFF 		bl	turn_off_all_led
ARM GAS  C:\Users\NGUYEN~1\AppData\Local\Temp\ccUOz7xZ.s 			page 3


  50              	.LVL4:
  66:main.c        **** }
  51              		.loc 1 66 0
  52              		@ sp needed
  53 0016 10BD     		pop	{r4, pc}
  54              		.cfi_endproc
  55              	.LFE34:
  56              		.size	system_init, .-system_init
  57              		.section	.text.main,"ax",%progbits
  58              		.align	2
  59              		.global	main
  60              		.code	16
  61              		.thumb_func
  62              		.type	main, %function
  63              	main:
  64              	.LFB33:
  23:main.c        ****     CyGlobalIntEnable; /* Enable global interrupts. */
  65              		.loc 1 23 0
  66              		.cfi_startproc
  67              		@ args = 0, pretend = 0, frame = 16
  68              		@ frame_needed = 0, uses_anonymous_args = 0
  69 0000 10B5     		push	{r4, lr}
  70              		.cfi_def_cfa_offset 8
  71              		.cfi_offset 4, -8
  72              		.cfi_offset 14, -4
  73 0002 84B0     		sub	sp, sp, #16
  74              		.cfi_def_cfa_offset 24
  24:main.c        ****     
  75              		.loc 1 24 0
  76              		.syntax divided
  77              	@ 24 "main.c" 1
  78 0004 62B6     		CPSIE   i
  79              	@ 0 "" 2
  26:main.c        ****     int data_read_eeprom = 0x01;
  80              		.loc 1 26 0
  81              		.thumb
  82              		.syntax unified
  83 0006 FFF7FEFF 		bl	system_init
  84              	.LVL5:
  85              	.L3:
  41:main.c        ****         CyDelay(1000);
  86              		.loc 1 41 0 discriminator 1
  87 000a 0321     		movs	r1, #3
  88 000c 0020     		movs	r0, #0
  89 000e FFF7FEFF 		bl	eeprom_write_a_byte_128
  90              	.LVL6:
  42:main.c        ****         data_read_eeprom = eeprom_read_a_byte(0x00);
  91              		.loc 1 42 0 discriminator 1
  92 0012 FA24     		movs	r4, #250
  93 0014 A400     		lsls	r4, r4, #2
  94 0016 2000     		movs	r0, r4
  95 0018 FFF7FEFF 		bl	CyDelay
  96              	.LVL7:
  43:main.c        ****         
  97              		.loc 1 43 0 discriminator 1
  98 001c 0020     		movs	r0, #0
  99 001e FFF7FEFF 		bl	eeprom_read_a_byte
ARM GAS  C:\Users\NGUYEN~1\AppData\Local\Temp\ccUOz7xZ.s 			page 4


 100              	.LVL8:
 101 0022 0200     		movs	r2, r0
 102              	.LVL9:
  46:main.c        ****         uart_UartPutString(stringss);
 103              		.loc 1 46 0 discriminator 1
 104 0024 0849     		ldr	r1, .L4
 105 0026 01A8     		add	r0, sp, #4
 106              	.LVL10:
 107 0028 FFF7FEFF 		bl	sprintf
 108              	.LVL11:
  47:main.c        ****         
 109              		.loc 1 47 0 discriminator 1
 110 002c 01A8     		add	r0, sp, #4
 111 002e FFF7FEFF 		bl	uart_UartPutString
 112              	.LVL12:
  50:main.c        ****         CyDelay(1000);
 113              		.loc 1 50 0 discriminator 1
 114 0032 FFF7FEFF 		bl	LedYellow_0_Read
 115              	.LVL13:
 116 0036 C043     		mvns	r0, r0
 117 0038 C0B2     		uxtb	r0, r0
 118 003a FFF7FEFF 		bl	LedYellow_0_Write
 119              	.LVL14:
  51:main.c        ****     }
 120              		.loc 1 51 0 discriminator 1
 121 003e 2000     		movs	r0, r4
 122 0040 FFF7FEFF 		bl	CyDelay
 123              	.LVL15:
 124 0044 E1E7     		b	.L3
 125              	.L5:
 126 0046 C046     		.align	2
 127              	.L4:
 128 0048 00000000 		.word	.LC0
 129              		.cfi_endproc
 130              	.LFE33:
 131              		.size	main, .-main
 132              		.section	.rodata.str1.4,"aMS",%progbits,1
 133              		.align	2
 134              	.LC0:
 135 0000 25750A00 		.ascii	"%u\012\000"
 136              		.text
 137              	.Letext0:
 138              		.file 2 "Generated_Source\\PSoC4/i2c.h"
 139              		.file 3 "Generated_Source\\PSoC4/timer.h"
 140              		.file 4 "timer_system.h"
 141              		.file 5 "Generated_Source\\PSoC4/uart.h"
 142              		.file 6 "ledYellow.h"
 143              		.file 7 "eeprom_external.h"
 144              		.file 8 "Generated_Source\\PSoC4/CyLib.h"
 145              		.file 9 "c:\\program files (x86)\\cypress\\psoc creator\\4.4\\psoc creator\\import\\gnu\\arm\\5.4.
 146              		.file 10 "Generated_Source\\PSoC4/uart_SPI_UART.h"
 147              		.file 11 "Generated_Source\\PSoC4/LedYellow_0.h"
 148              		.section	.debug_info,"",%progbits
 149              	.Ldebug_info0:
 150 0000 36020000 		.4byte	0x236
 151 0004 0400     		.2byte	0x4
 152 0006 00000000 		.4byte	.Ldebug_abbrev0
ARM GAS  C:\Users\NGUYEN~1\AppData\Local\Temp\ccUOz7xZ.s 			page 5


 153 000a 04       		.byte	0x4
 154 000b 01       		.uleb128 0x1
 155 000c 29010000 		.4byte	.LASF28
 156 0010 0C       		.byte	0xc
 157 0011 DA010000 		.4byte	.LASF29
 158 0015 4D000000 		.4byte	.LASF30
 159 0019 00000000 		.4byte	.Ldebug_ranges0+0
 160 001d 00000000 		.4byte	0
 161 0021 00000000 		.4byte	.Ldebug_line0
 162 0025 02       		.uleb128 0x2
 163 0026 01       		.byte	0x1
 164 0027 06       		.byte	0x6
 165 0028 23020000 		.4byte	.LASF0
 166 002c 02       		.uleb128 0x2
 167 002d 01       		.byte	0x1
 168 002e 08       		.byte	0x8
 169 002f F7000000 		.4byte	.LASF1
 170 0033 02       		.uleb128 0x2
 171 0034 02       		.byte	0x2
 172 0035 05       		.byte	0x5
 173 0036 E6010000 		.4byte	.LASF2
 174 003a 02       		.uleb128 0x2
 175 003b 02       		.byte	0x2
 176 003c 07       		.byte	0x7
 177 003d 82000000 		.4byte	.LASF3
 178 0041 02       		.uleb128 0x2
 179 0042 04       		.byte	0x4
 180 0043 05       		.byte	0x5
 181 0044 02020000 		.4byte	.LASF4
 182 0048 02       		.uleb128 0x2
 183 0049 04       		.byte	0x4
 184 004a 07       		.byte	0x7
 185 004b B9000000 		.4byte	.LASF5
 186 004f 02       		.uleb128 0x2
 187 0050 08       		.byte	0x8
 188 0051 05       		.byte	0x5
 189 0052 C0010000 		.4byte	.LASF6
 190 0056 02       		.uleb128 0x2
 191 0057 08       		.byte	0x8
 192 0058 07       		.byte	0x7
 193 0059 12010000 		.4byte	.LASF7
 194 005d 03       		.uleb128 0x3
 195 005e 04       		.byte	0x4
 196 005f 05       		.byte	0x5
 197 0060 696E7400 		.ascii	"int\000"
 198 0064 02       		.uleb128 0x2
 199 0065 04       		.byte	0x4
 200 0066 07       		.byte	0x7
 201 0067 05010000 		.4byte	.LASF8
 202 006b 02       		.uleb128 0x2
 203 006c 08       		.byte	0x8
 204 006d 04       		.byte	0x4
 205 006e 17020000 		.4byte	.LASF9
 206 0072 02       		.uleb128 0x2
 207 0073 04       		.byte	0x4
 208 0074 07       		.byte	0x7
 209 0075 B7010000 		.4byte	.LASF10
ARM GAS  C:\Users\NGUYEN~1\AppData\Local\Temp\ccUOz7xZ.s 			page 6


 210 0079 02       		.uleb128 0x2
 211 007a 01       		.byte	0x1
 212 007b 08       		.byte	0x8
 213 007c E1010000 		.4byte	.LASF11
 214 0080 02       		.uleb128 0x2
 215 0081 04       		.byte	0x4
 216 0082 04       		.byte	0x4
 217 0083 23000000 		.4byte	.LASF12
 218 0087 02       		.uleb128 0x2
 219 0088 08       		.byte	0x8
 220 0089 04       		.byte	0x4
 221 008a 1C000000 		.4byte	.LASF13
 222 008e 04       		.uleb128 0x4
 223 008f 0B020000 		.4byte	.LASF31
 224 0093 01       		.byte	0x1
 225 0094 37       		.byte	0x37
 226 0095 00000000 		.4byte	.LFB34
 227 0099 18000000 		.4byte	.LFE34-.LFB34
 228 009d 01       		.uleb128 0x1
 229 009e 9C       		.byte	0x9c
 230 009f D1000000 		.4byte	0xd1
 231 00a3 05       		.uleb128 0x5
 232 00a4 06000000 		.4byte	.LVL0
 233 00a8 B3010000 		.4byte	0x1b3
 234 00ac 05       		.uleb128 0x5
 235 00ad 0A000000 		.4byte	.LVL1
 236 00b1 BE010000 		.4byte	0x1be
 237 00b5 05       		.uleb128 0x5
 238 00b6 0E000000 		.4byte	.LVL2
 239 00ba CA010000 		.4byte	0x1ca
 240 00be 05       		.uleb128 0x5
 241 00bf 12000000 		.4byte	.LVL3
 242 00c3 D5010000 		.4byte	0x1d5
 243 00c7 05       		.uleb128 0x5
 244 00c8 16000000 		.4byte	.LVL4
 245 00cc E0010000 		.4byte	0x1e0
 246 00d0 00       		.byte	0
 247 00d1 06       		.uleb128 0x6
 248 00d2 DF000000 		.4byte	.LASF32
 249 00d6 01       		.byte	0x1
 250 00d7 16       		.byte	0x16
 251 00d8 5D000000 		.4byte	0x5d
 252 00dc 00000000 		.4byte	.LFB33
 253 00e0 4C000000 		.4byte	.LFE33-.LFB33
 254 00e4 01       		.uleb128 0x1
 255 00e5 9C       		.byte	0x9c
 256 00e6 A3010000 		.4byte	0x1a3
 257 00ea 07       		.uleb128 0x7
 258 00eb 0B000000 		.4byte	.LASF14
 259 00ef 01       		.byte	0x1
 260 00f0 1B       		.byte	0x1b
 261 00f1 5D000000 		.4byte	0x5d
 262 00f5 00000000 		.4byte	.LLST0
 263 00f9 08       		.uleb128 0x8
 264 00fa 29000000 		.4byte	.LASF15
 265 00fe 01       		.byte	0x1
 266 00ff 1D       		.byte	0x1d
ARM GAS  C:\Users\NGUYEN~1\AppData\Local\Temp\ccUOz7xZ.s 			page 7


 267 0100 A3010000 		.4byte	0x1a3
 268 0104 02       		.uleb128 0x2
 269 0105 91       		.byte	0x91
 270 0106 6C       		.sleb128 -20
 271 0107 05       		.uleb128 0x5
 272 0108 0A000000 		.4byte	.LVL5
 273 010c 8E000000 		.4byte	0x8e
 274 0110 09       		.uleb128 0x9
 275 0111 12000000 		.4byte	.LVL6
 276 0115 EB010000 		.4byte	0x1eb
 277 0119 28010000 		.4byte	0x128
 278 011d 0A       		.uleb128 0xa
 279 011e 01       		.uleb128 0x1
 280 011f 50       		.byte	0x50
 281 0120 01       		.uleb128 0x1
 282 0121 30       		.byte	0x30
 283 0122 0A       		.uleb128 0xa
 284 0123 01       		.uleb128 0x1
 285 0124 51       		.byte	0x51
 286 0125 01       		.uleb128 0x1
 287 0126 33       		.byte	0x33
 288 0127 00       		.byte	0
 289 0128 09       		.uleb128 0x9
 290 0129 1C000000 		.4byte	.LVL7
 291 012d F6010000 		.4byte	0x1f6
 292 0131 3C010000 		.4byte	0x13c
 293 0135 0A       		.uleb128 0xa
 294 0136 01       		.uleb128 0x1
 295 0137 50       		.byte	0x50
 296 0138 02       		.uleb128 0x2
 297 0139 74       		.byte	0x74
 298 013a 00       		.sleb128 0
 299 013b 00       		.byte	0
 300 013c 09       		.uleb128 0x9
 301 013d 22000000 		.4byte	.LVL8
 302 0141 01020000 		.4byte	0x201
 303 0145 4F010000 		.4byte	0x14f
 304 0149 0A       		.uleb128 0xa
 305 014a 01       		.uleb128 0x1
 306 014b 50       		.byte	0x50
 307 014c 01       		.uleb128 0x1
 308 014d 30       		.byte	0x30
 309 014e 00       		.byte	0
 310 014f 09       		.uleb128 0x9
 311 0150 2C000000 		.4byte	.LVL11
 312 0154 0C020000 		.4byte	0x20c
 313 0158 6C010000 		.4byte	0x16c
 314 015c 0A       		.uleb128 0xa
 315 015d 01       		.uleb128 0x1
 316 015e 50       		.byte	0x50
 317 015f 02       		.uleb128 0x2
 318 0160 91       		.byte	0x91
 319 0161 6C       		.sleb128 -20
 320 0162 0A       		.uleb128 0xa
 321 0163 01       		.uleb128 0x1
 322 0164 51       		.byte	0x51
 323 0165 05       		.uleb128 0x5
ARM GAS  C:\Users\NGUYEN~1\AppData\Local\Temp\ccUOz7xZ.s 			page 8


 324 0166 03       		.byte	0x3
 325 0167 00000000 		.4byte	.LC0
 326 016b 00       		.byte	0
 327 016c 09       		.uleb128 0x9
 328 016d 32000000 		.4byte	.LVL12
 329 0171 17020000 		.4byte	0x217
 330 0175 80010000 		.4byte	0x180
 331 0179 0A       		.uleb128 0xa
 332 017a 01       		.uleb128 0x1
 333 017b 50       		.byte	0x50
 334 017c 02       		.uleb128 0x2
 335 017d 91       		.byte	0x91
 336 017e 6C       		.sleb128 -20
 337 017f 00       		.byte	0
 338 0180 05       		.uleb128 0x5
 339 0181 36000000 		.4byte	.LVL13
 340 0185 23020000 		.4byte	0x223
 341 0189 05       		.uleb128 0x5
 342 018a 3E000000 		.4byte	.LVL14
 343 018e 2E020000 		.4byte	0x22e
 344 0192 0B       		.uleb128 0xb
 345 0193 44000000 		.4byte	.LVL15
 346 0197 F6010000 		.4byte	0x1f6
 347 019b 0A       		.uleb128 0xa
 348 019c 01       		.uleb128 0x1
 349 019d 50       		.byte	0x50
 350 019e 02       		.uleb128 0x2
 351 019f 74       		.byte	0x74
 352 01a0 00       		.sleb128 0
 353 01a1 00       		.byte	0
 354 01a2 00       		.byte	0
 355 01a3 0C       		.uleb128 0xc
 356 01a4 79000000 		.4byte	0x79
 357 01a8 B3010000 		.4byte	0x1b3
 358 01ac 0D       		.uleb128 0xd
 359 01ad 72000000 		.4byte	0x72
 360 01b1 09       		.byte	0x9
 361 01b2 00       		.byte	0
 362 01b3 0E       		.uleb128 0xe
 363 01b4 32000000 		.4byte	.LASF16
 364 01b8 32000000 		.4byte	.LASF16
 365 01bc 02       		.byte	0x2
 366 01bd 72       		.byte	0x72
 367 01be 0F       		.uleb128 0xf
 368 01bf CE010000 		.4byte	.LASF17
 369 01c3 CE010000 		.4byte	.LASF17
 370 01c7 03       		.byte	0x3
 371 01c8 3201     		.2byte	0x132
 372 01ca 0E       		.uleb128 0xe
 373 01cb CB000000 		.4byte	.LASF18
 374 01cf CB000000 		.4byte	.LASF18
 375 01d3 04       		.byte	0x4
 376 01d4 10       		.byte	0x10
 377 01d5 0E       		.uleb128 0xe
 378 01d6 00000000 		.4byte	.LASF19
 379 01da 00000000 		.4byte	.LASF19
 380 01de 05       		.byte	0x5
ARM GAS  C:\Users\NGUYEN~1\AppData\Local\Temp\ccUOz7xZ.s 			page 9


 381 01df 72       		.byte	0x72
 382 01e0 0E       		.uleb128 0xe
 383 01e1 3C000000 		.4byte	.LASF20
 384 01e5 3C000000 		.4byte	.LASF20
 385 01e9 06       		.byte	0x6
 386 01ea 0F       		.byte	0xf
 387 01eb 0E       		.uleb128 0xe
 388 01ec 3F020000 		.4byte	.LASF21
 389 01f0 3F020000 		.4byte	.LASF21
 390 01f4 07       		.byte	0x7
 391 01f5 16       		.byte	0x16
 392 01f6 0E       		.uleb128 0xe
 393 01f7 37020000 		.4byte	.LASF22
 394 01fb 37020000 		.4byte	.LASF22
 395 01ff 08       		.byte	0x8
 396 0200 EC       		.byte	0xec
 397 0201 0E       		.uleb128 0xe
 398 0202 E4000000 		.4byte	.LASF23
 399 0206 E4000000 		.4byte	.LASF23
 400 020a 07       		.byte	0x7
 401 020b 11       		.byte	0x11
 402 020c 0E       		.uleb128 0xe
 403 020d 2F020000 		.4byte	.LASF24
 404 0211 2F020000 		.4byte	.LASF24
 405 0215 09       		.byte	0x9
 406 0216 E7       		.byte	0xe7
 407 0217 0F       		.uleb128 0xf
 408 0218 A6000000 		.4byte	.LASF25
 409 021c A6000000 		.4byte	.LASF25
 410 0220 0A       		.byte	0xa
 411 0221 2A03     		.2byte	0x32a
 412 0223 0E       		.uleb128 0xe
 413 0224 95000000 		.4byte	.LASF26
 414 0228 95000000 		.4byte	.LASF26
 415 022c 0B       		.byte	0xb
 416 022d 32       		.byte	0x32
 417 022e 0E       		.uleb128 0xe
 418 022f F0010000 		.4byte	.LASF27
 419 0233 F0010000 		.4byte	.LASF27
 420 0237 0B       		.byte	0xb
 421 0238 33       		.byte	0x33
 422 0239 00       		.byte	0
 423              		.section	.debug_abbrev,"",%progbits
 424              	.Ldebug_abbrev0:
 425 0000 01       		.uleb128 0x1
 426 0001 11       		.uleb128 0x11
 427 0002 01       		.byte	0x1
 428 0003 25       		.uleb128 0x25
 429 0004 0E       		.uleb128 0xe
 430 0005 13       		.uleb128 0x13
 431 0006 0B       		.uleb128 0xb
 432 0007 03       		.uleb128 0x3
 433 0008 0E       		.uleb128 0xe
 434 0009 1B       		.uleb128 0x1b
 435 000a 0E       		.uleb128 0xe
 436 000b 55       		.uleb128 0x55
 437 000c 17       		.uleb128 0x17
ARM GAS  C:\Users\NGUYEN~1\AppData\Local\Temp\ccUOz7xZ.s 			page 10


 438 000d 11       		.uleb128 0x11
 439 000e 01       		.uleb128 0x1
 440 000f 10       		.uleb128 0x10
 441 0010 17       		.uleb128 0x17
 442 0011 00       		.byte	0
 443 0012 00       		.byte	0
 444 0013 02       		.uleb128 0x2
 445 0014 24       		.uleb128 0x24
 446 0015 00       		.byte	0
 447 0016 0B       		.uleb128 0xb
 448 0017 0B       		.uleb128 0xb
 449 0018 3E       		.uleb128 0x3e
 450 0019 0B       		.uleb128 0xb
 451 001a 03       		.uleb128 0x3
 452 001b 0E       		.uleb128 0xe
 453 001c 00       		.byte	0
 454 001d 00       		.byte	0
 455 001e 03       		.uleb128 0x3
 456 001f 24       		.uleb128 0x24
 457 0020 00       		.byte	0
 458 0021 0B       		.uleb128 0xb
 459 0022 0B       		.uleb128 0xb
 460 0023 3E       		.uleb128 0x3e
 461 0024 0B       		.uleb128 0xb
 462 0025 03       		.uleb128 0x3
 463 0026 08       		.uleb128 0x8
 464 0027 00       		.byte	0
 465 0028 00       		.byte	0
 466 0029 04       		.uleb128 0x4
 467 002a 2E       		.uleb128 0x2e
 468 002b 01       		.byte	0x1
 469 002c 3F       		.uleb128 0x3f
 470 002d 19       		.uleb128 0x19
 471 002e 03       		.uleb128 0x3
 472 002f 0E       		.uleb128 0xe
 473 0030 3A       		.uleb128 0x3a
 474 0031 0B       		.uleb128 0xb
 475 0032 3B       		.uleb128 0x3b
 476 0033 0B       		.uleb128 0xb
 477 0034 11       		.uleb128 0x11
 478 0035 01       		.uleb128 0x1
 479 0036 12       		.uleb128 0x12
 480 0037 06       		.uleb128 0x6
 481 0038 40       		.uleb128 0x40
 482 0039 18       		.uleb128 0x18
 483 003a 9742     		.uleb128 0x2117
 484 003c 19       		.uleb128 0x19
 485 003d 01       		.uleb128 0x1
 486 003e 13       		.uleb128 0x13
 487 003f 00       		.byte	0
 488 0040 00       		.byte	0
 489 0041 05       		.uleb128 0x5
 490 0042 898201   		.uleb128 0x4109
 491 0045 00       		.byte	0
 492 0046 11       		.uleb128 0x11
 493 0047 01       		.uleb128 0x1
 494 0048 31       		.uleb128 0x31
ARM GAS  C:\Users\NGUYEN~1\AppData\Local\Temp\ccUOz7xZ.s 			page 11


 495 0049 13       		.uleb128 0x13
 496 004a 00       		.byte	0
 497 004b 00       		.byte	0
 498 004c 06       		.uleb128 0x6
 499 004d 2E       		.uleb128 0x2e
 500 004e 01       		.byte	0x1
 501 004f 3F       		.uleb128 0x3f
 502 0050 19       		.uleb128 0x19
 503 0051 03       		.uleb128 0x3
 504 0052 0E       		.uleb128 0xe
 505 0053 3A       		.uleb128 0x3a
 506 0054 0B       		.uleb128 0xb
 507 0055 3B       		.uleb128 0x3b
 508 0056 0B       		.uleb128 0xb
 509 0057 27       		.uleb128 0x27
 510 0058 19       		.uleb128 0x19
 511 0059 49       		.uleb128 0x49
 512 005a 13       		.uleb128 0x13
 513 005b 8701     		.uleb128 0x87
 514 005d 19       		.uleb128 0x19
 515 005e 11       		.uleb128 0x11
 516 005f 01       		.uleb128 0x1
 517 0060 12       		.uleb128 0x12
 518 0061 06       		.uleb128 0x6
 519 0062 40       		.uleb128 0x40
 520 0063 18       		.uleb128 0x18
 521 0064 9742     		.uleb128 0x2117
 522 0066 19       		.uleb128 0x19
 523 0067 01       		.uleb128 0x1
 524 0068 13       		.uleb128 0x13
 525 0069 00       		.byte	0
 526 006a 00       		.byte	0
 527 006b 07       		.uleb128 0x7
 528 006c 34       		.uleb128 0x34
 529 006d 00       		.byte	0
 530 006e 03       		.uleb128 0x3
 531 006f 0E       		.uleb128 0xe
 532 0070 3A       		.uleb128 0x3a
 533 0071 0B       		.uleb128 0xb
 534 0072 3B       		.uleb128 0x3b
 535 0073 0B       		.uleb128 0xb
 536 0074 49       		.uleb128 0x49
 537 0075 13       		.uleb128 0x13
 538 0076 02       		.uleb128 0x2
 539 0077 17       		.uleb128 0x17
 540 0078 00       		.byte	0
 541 0079 00       		.byte	0
 542 007a 08       		.uleb128 0x8
 543 007b 34       		.uleb128 0x34
 544 007c 00       		.byte	0
 545 007d 03       		.uleb128 0x3
 546 007e 0E       		.uleb128 0xe
 547 007f 3A       		.uleb128 0x3a
 548 0080 0B       		.uleb128 0xb
 549 0081 3B       		.uleb128 0x3b
 550 0082 0B       		.uleb128 0xb
 551 0083 49       		.uleb128 0x49
ARM GAS  C:\Users\NGUYEN~1\AppData\Local\Temp\ccUOz7xZ.s 			page 12


 552 0084 13       		.uleb128 0x13
 553 0085 02       		.uleb128 0x2
 554 0086 18       		.uleb128 0x18
 555 0087 00       		.byte	0
 556 0088 00       		.byte	0
 557 0089 09       		.uleb128 0x9
 558 008a 898201   		.uleb128 0x4109
 559 008d 01       		.byte	0x1
 560 008e 11       		.uleb128 0x11
 561 008f 01       		.uleb128 0x1
 562 0090 31       		.uleb128 0x31
 563 0091 13       		.uleb128 0x13
 564 0092 01       		.uleb128 0x1
 565 0093 13       		.uleb128 0x13
 566 0094 00       		.byte	0
 567 0095 00       		.byte	0
 568 0096 0A       		.uleb128 0xa
 569 0097 8A8201   		.uleb128 0x410a
 570 009a 00       		.byte	0
 571 009b 02       		.uleb128 0x2
 572 009c 18       		.uleb128 0x18
 573 009d 9142     		.uleb128 0x2111
 574 009f 18       		.uleb128 0x18
 575 00a0 00       		.byte	0
 576 00a1 00       		.byte	0
 577 00a2 0B       		.uleb128 0xb
 578 00a3 898201   		.uleb128 0x4109
 579 00a6 01       		.byte	0x1
 580 00a7 11       		.uleb128 0x11
 581 00a8 01       		.uleb128 0x1
 582 00a9 31       		.uleb128 0x31
 583 00aa 13       		.uleb128 0x13
 584 00ab 00       		.byte	0
 585 00ac 00       		.byte	0
 586 00ad 0C       		.uleb128 0xc
 587 00ae 01       		.uleb128 0x1
 588 00af 01       		.byte	0x1
 589 00b0 49       		.uleb128 0x49
 590 00b1 13       		.uleb128 0x13
 591 00b2 01       		.uleb128 0x1
 592 00b3 13       		.uleb128 0x13
 593 00b4 00       		.byte	0
 594 00b5 00       		.byte	0
 595 00b6 0D       		.uleb128 0xd
 596 00b7 21       		.uleb128 0x21
 597 00b8 00       		.byte	0
 598 00b9 49       		.uleb128 0x49
 599 00ba 13       		.uleb128 0x13
 600 00bb 2F       		.uleb128 0x2f
 601 00bc 0B       		.uleb128 0xb
 602 00bd 00       		.byte	0
 603 00be 00       		.byte	0
 604 00bf 0E       		.uleb128 0xe
 605 00c0 2E       		.uleb128 0x2e
 606 00c1 00       		.byte	0
 607 00c2 3F       		.uleb128 0x3f
 608 00c3 19       		.uleb128 0x19
ARM GAS  C:\Users\NGUYEN~1\AppData\Local\Temp\ccUOz7xZ.s 			page 13


 609 00c4 3C       		.uleb128 0x3c
 610 00c5 19       		.uleb128 0x19
 611 00c6 6E       		.uleb128 0x6e
 612 00c7 0E       		.uleb128 0xe
 613 00c8 03       		.uleb128 0x3
 614 00c9 0E       		.uleb128 0xe
 615 00ca 3A       		.uleb128 0x3a
 616 00cb 0B       		.uleb128 0xb
 617 00cc 3B       		.uleb128 0x3b
 618 00cd 0B       		.uleb128 0xb
 619 00ce 00       		.byte	0
 620 00cf 00       		.byte	0
 621 00d0 0F       		.uleb128 0xf
 622 00d1 2E       		.uleb128 0x2e
 623 00d2 00       		.byte	0
 624 00d3 3F       		.uleb128 0x3f
 625 00d4 19       		.uleb128 0x19
 626 00d5 3C       		.uleb128 0x3c
 627 00d6 19       		.uleb128 0x19
 628 00d7 6E       		.uleb128 0x6e
 629 00d8 0E       		.uleb128 0xe
 630 00d9 03       		.uleb128 0x3
 631 00da 0E       		.uleb128 0xe
 632 00db 3A       		.uleb128 0x3a
 633 00dc 0B       		.uleb128 0xb
 634 00dd 3B       		.uleb128 0x3b
 635 00de 05       		.uleb128 0x5
 636 00df 00       		.byte	0
 637 00e0 00       		.byte	0
 638 00e1 00       		.byte	0
 639              		.section	.debug_loc,"",%progbits
 640              	.Ldebug_loc0:
 641              	.LLST0:
 642 0000 24000000 		.4byte	.LVL9
 643 0004 28000000 		.4byte	.LVL10
 644 0008 0100     		.2byte	0x1
 645 000a 50       		.byte	0x50
 646 000b 28000000 		.4byte	.LVL10
 647 000f 2B000000 		.4byte	.LVL11-1
 648 0013 0100     		.2byte	0x1
 649 0015 52       		.byte	0x52
 650 0016 00000000 		.4byte	0
 651 001a 00000000 		.4byte	0
 652              		.section	.debug_aranges,"",%progbits
 653 0000 24000000 		.4byte	0x24
 654 0004 0200     		.2byte	0x2
 655 0006 00000000 		.4byte	.Ldebug_info0
 656 000a 04       		.byte	0x4
 657 000b 00       		.byte	0
 658 000c 0000     		.2byte	0
 659 000e 0000     		.2byte	0
 660 0010 00000000 		.4byte	.LFB34
 661 0014 18000000 		.4byte	.LFE34-.LFB34
 662 0018 00000000 		.4byte	.LFB33
 663 001c 4C000000 		.4byte	.LFE33-.LFB33
 664 0020 00000000 		.4byte	0
 665 0024 00000000 		.4byte	0
ARM GAS  C:\Users\NGUYEN~1\AppData\Local\Temp\ccUOz7xZ.s 			page 14


 666              		.section	.debug_ranges,"",%progbits
 667              	.Ldebug_ranges0:
 668 0000 00000000 		.4byte	.LFB34
 669 0004 18000000 		.4byte	.LFE34
 670 0008 00000000 		.4byte	.LFB33
 671 000c 4C000000 		.4byte	.LFE33
 672 0010 00000000 		.4byte	0
 673 0014 00000000 		.4byte	0
 674              		.section	.debug_line,"",%progbits
 675              	.Ldebug_line0:
 676 0000 7B010000 		.section	.debug_str,"MS",%progbits,1
 676      02002A01 
 676      00000201 
 676      FB0E0D00 
 676      01010101 
 677              	.LASF19:
 678 0000 75617274 		.ascii	"uart_Start\000"
 678      5F537461 
 678      727400
 679              	.LASF14:
 680 000b 64617461 		.ascii	"data_read_eeprom\000"
 680      5F726561 
 680      645F6565 
 680      70726F6D 
 680      00
 681              	.LASF13:
 682 001c 646F7562 		.ascii	"double\000"
 682      6C6500
 683              	.LASF12:
 684 0023 666C6F61 		.ascii	"float\000"
 684      7400
 685              	.LASF15:
 686 0029 73747269 		.ascii	"stringss\000"
 686      6E677373 
 686      00
 687              	.LASF16:
 688 0032 6932635F 		.ascii	"i2c_Start\000"
 688      53746172 
 688      7400
 689              	.LASF20:
 690 003c 7475726E 		.ascii	"turn_off_all_led\000"
 690      5F6F6666 
 690      5F616C6C 
 690      5F6C6564 
 690      00
 691              	.LASF30:
 692 004d 443A5C70 		.ascii	"D:\\psoc\\theory\\eeprom_external\\eeprom_external."
 692      736F635C 
 692      7468656F 
 692      72795C65 
 692      6570726F 
 693 007c 63796473 		.ascii	"cydsn\000"
 693      6E00
 694              	.LASF3:
 695 0082 73686F72 		.ascii	"short unsigned int\000"
 695      7420756E 
 695      7369676E 
ARM GAS  C:\Users\NGUYEN~1\AppData\Local\Temp\ccUOz7xZ.s 			page 15


 695      65642069 
 695      6E7400
 696              	.LASF26:
 697 0095 4C656459 		.ascii	"LedYellow_0_Read\000"
 697      656C6C6F 
 697      775F305F 
 697      52656164 
 697      00
 698              	.LASF25:
 699 00a6 75617274 		.ascii	"uart_UartPutString\000"
 699      5F556172 
 699      74507574 
 699      53747269 
 699      6E6700
 700              	.LASF5:
 701 00b9 6C6F6E67 		.ascii	"long unsigned int\000"
 701      20756E73 
 701      69676E65 
 701      6420696E 
 701      7400
 702              	.LASF18:
 703 00cb 696E6974 		.ascii	"init_time_interrupt\000"
 703      5F74696D 
 703      655F696E 
 703      74657272 
 703      75707400 
 704              	.LASF32:
 705 00df 6D61696E 		.ascii	"main\000"
 705      00
 706              	.LASF23:
 707 00e4 65657072 		.ascii	"eeprom_read_a_byte\000"
 707      6F6D5F72 
 707      6561645F 
 707      615F6279 
 707      746500
 708              	.LASF1:
 709 00f7 756E7369 		.ascii	"unsigned char\000"
 709      676E6564 
 709      20636861 
 709      7200
 710              	.LASF8:
 711 0105 756E7369 		.ascii	"unsigned int\000"
 711      676E6564 
 711      20696E74 
 711      00
 712              	.LASF7:
 713 0112 6C6F6E67 		.ascii	"long long unsigned int\000"
 713      206C6F6E 
 713      6720756E 
 713      7369676E 
 713      65642069 
 714              	.LASF28:
 715 0129 474E5520 		.ascii	"GNU C11 5.4.1 20160609 (release) [ARM/embedded-5-br"
 715      43313120 
 715      352E342E 
 715      31203230 
 715      31363036 
ARM GAS  C:\Users\NGUYEN~1\AppData\Local\Temp\ccUOz7xZ.s 			page 16


 716 015c 616E6368 		.ascii	"anch revision 237715] -mcpu=cortex-m0 -mthumb -g -O"
 716      20726576 
 716      6973696F 
 716      6E203233 
 716      37373135 
 717 018f 67202D66 		.ascii	"g -ffunction-sections -ffat-lto-objects\000"
 717      66756E63 
 717      74696F6E 
 717      2D736563 
 717      74696F6E 
 718              	.LASF10:
 719 01b7 73697A65 		.ascii	"sizetype\000"
 719      74797065 
 719      00
 720              	.LASF6:
 721 01c0 6C6F6E67 		.ascii	"long long int\000"
 721      206C6F6E 
 721      6720696E 
 721      7400
 722              	.LASF17:
 723 01ce 74696D65 		.ascii	"timer_Start\000"
 723      725F5374 
 723      61727400 
 724              	.LASF29:
 725 01da 6D61696E 		.ascii	"main.c\000"
 725      2E6300
 726              	.LASF11:
 727 01e1 63686172 		.ascii	"char\000"
 727      00
 728              	.LASF2:
 729 01e6 73686F72 		.ascii	"short int\000"
 729      7420696E 
 729      7400
 730              	.LASF27:
 731 01f0 4C656459 		.ascii	"LedYellow_0_Write\000"
 731      656C6C6F 
 731      775F305F 
 731      57726974 
 731      6500
 732              	.LASF4:
 733 0202 6C6F6E67 		.ascii	"long int\000"
 733      20696E74 
 733      00
 734              	.LASF31:
 735 020b 73797374 		.ascii	"system_init\000"
 735      656D5F69 
 735      6E697400 
 736              	.LASF9:
 737 0217 6C6F6E67 		.ascii	"long double\000"
 737      20646F75 
 737      626C6500 
 738              	.LASF0:
 739 0223 7369676E 		.ascii	"signed char\000"
 739      65642063 
 739      68617200 
 740              	.LASF24:
 741 022f 73707269 		.ascii	"sprintf\000"
ARM GAS  C:\Users\NGUYEN~1\AppData\Local\Temp\ccUOz7xZ.s 			page 17


 741      6E746600 
 742              	.LASF22:
 743 0237 43794465 		.ascii	"CyDelay\000"
 743      6C617900 
 744              	.LASF21:
 745 023f 65657072 		.ascii	"eeprom_write_a_byte_128\000"
 745      6F6D5F77 
 745      72697465 
 745      5F615F62 
 745      7974655F 
 746              		.ident	"GCC: (GNU Tools for ARM Embedded Processors) 5.4.1 20160609 (release) [ARM/embedded-5-bran
