ARM GAS  C:\Users\NGUYEN~1\AppData\Local\Temp\ccKrrurd.s 			page 1


   1              		.syntax unified
   2              		.cpu cortex-m0
   3              		.fpu softvfp
   4              		.eabi_attribute 20, 1
   5              		.eabi_attribute 21, 1
   6              		.eabi_attribute 23, 3
   7              		.eabi_attribute 24, 1
   8              		.eabi_attribute 25, 1
   9              		.eabi_attribute 26, 1
  10              		.eabi_attribute 30, 1
  11              		.eabi_attribute 34, 0
  12              		.eabi_attribute 18, 4
  13              		.thumb
  14              		.syntax unified
  15              		.file	"timer_system.c"
  16              		.text
  17              	.Ltext0:
  18              		.cfi_sections	.debug_frame
  19              		.global	__aeabi_uidivmod
  20              		.section	.text.handle_interrupt,"ax",%progbits
  21              		.align	2
  22              		.global	handle_interrupt
  23              		.code	16
  24              		.thumb_func
  25              		.type	handle_interrupt, %function
  26              	handle_interrupt:
  27              	.LFB33:
  28              		.file 1 "timer_system.c"
   1:timer_system.c **** /* ========================================
   2:timer_system.c ****  *
   3:timer_system.c ****  * Copyright YOUR COMPANY, THE YEAR
   4:timer_system.c ****  * All Rights Reserved
   5:timer_system.c ****  * UNPUBLISHED, LICENSED SOFTWARE.
   6:timer_system.c ****  *
   7:timer_system.c ****  * CONFIDENTIAL AND PROPRIETARY INFORMATION
   8:timer_system.c ****  * WHICH IS THE PROPERTY OF your company.
   9:timer_system.c ****  *
  10:timer_system.c ****  * ========================================
  11:timer_system.c **** */
  12:timer_system.c **** #include <stdio.h>
  13:timer_system.c **** #include "project.h"
  14:timer_system.c **** #include "eeprom_external.h"
  15:timer_system.c **** #include "ledYellow.h"
  16:timer_system.c **** 
  17:timer_system.c **** volatile int counter_shift_led =  -2;
  18:timer_system.c ****  
  19:timer_system.c **** volatile unsigned long counter1_ms = 0, counter1_s = 0, counter_uart = 0;
  20:timer_system.c **** 
  21:timer_system.c **** // CY_ISR(handle_interrupt)
  22:timer_system.c **** void handle_interrupt(void)
  23:timer_system.c **** {
  29              		.loc 1 23 0
  30              		.cfi_startproc
  31              		@ args = 0, pretend = 0, frame = 0
  32              		@ frame_needed = 0, uses_anonymous_args = 0
  33 0000 10B5     		push	{r4, lr}
  34              		.cfi_def_cfa_offset 8
ARM GAS  C:\Users\NGUYEN~1\AppData\Local\Temp\ccKrrurd.s 			page 2


  35              		.cfi_offset 4, -8
  36              		.cfi_offset 14, -4
  24:timer_system.c ****     // Auto 1ms increase once
  25:timer_system.c ****     counter1_ms++;
  37              		.loc 1 25 0
  38 0002 174B     		ldr	r3, .L5
  39 0004 1A68     		ldr	r2, [r3]
  40 0006 0132     		adds	r2, r2, #1
  41 0008 1A60     		str	r2, [r3]
  26:timer_system.c ****     if(counter1_ms > 4000000000) //4tr
  42              		.loc 1 26 0
  43 000a 1A68     		ldr	r2, [r3]
  44 000c 154B     		ldr	r3, .L5+4
  45 000e 9A42     		cmp	r2, r3
  46 0010 02D9     		bls	.L2
  27:timer_system.c ****         counter1_ms = 0;
  47              		.loc 1 27 0
  48 0012 0022     		movs	r2, #0
  49 0014 124B     		ldr	r3, .L5
  50 0016 1A60     		str	r2, [r3]
  51              	.L2:
  28:timer_system.c ****     
  29:timer_system.c ****     if( (counter1_ms % 1000) == 0 )
  52              		.loc 1 29 0
  53 0018 114B     		ldr	r3, .L5
  54 001a 1868     		ldr	r0, [r3]
  55 001c FA21     		movs	r1, #250
  56 001e 8900     		lsls	r1, r1, #2
  57 0020 FFF7FEFF 		bl	__aeabi_uidivmod
  58              	.LVL0:
  59 0024 0029     		cmp	r1, #0
  60 0026 15D1     		bne	.L3
  30:timer_system.c ****     {
  31:timer_system.c ****         counter1_s++;
  61              		.loc 1 31 0
  62 0028 0D4A     		ldr	r2, .L5
  63 002a 5368     		ldr	r3, [r2, #4]
  64 002c 0133     		adds	r3, r3, #1
  65 002e 5360     		str	r3, [r2, #4]
  32:timer_system.c ****         
  33:timer_system.c ****         counter_shift_led++;
  66              		.loc 1 33 0
  67 0030 0D4B     		ldr	r3, .L5+8
  68 0032 1A68     		ldr	r2, [r3]
  69 0034 0132     		adds	r2, r2, #1
  70 0036 1A60     		str	r2, [r3]
  34:timer_system.c ****         if(counter_shift_led > 7)
  71              		.loc 1 34 0
  72 0038 1B68     		ldr	r3, [r3]
  73 003a 072B     		cmp	r3, #7
  74 003c 02DD     		ble	.L4
  35:timer_system.c ****             counter_shift_led = 0;
  75              		.loc 1 35 0
  76 003e 0022     		movs	r2, #0
  77 0040 094B     		ldr	r3, .L5+8
  78 0042 1A60     		str	r2, [r3]
  79              	.L4:
ARM GAS  C:\Users\NGUYEN~1\AppData\Local\Temp\ccKrrurd.s 			page 3


  36:timer_system.c ****         
  37:timer_system.c ****         if( counter_uart > 4000000000)
  80              		.loc 1 37 0
  81 0044 064B     		ldr	r3, .L5
  82 0046 9A68     		ldr	r2, [r3, #8]
  83 0048 064B     		ldr	r3, .L5+4
  84 004a 9A42     		cmp	r2, r3
  85 004c 02D9     		bls	.L3
  38:timer_system.c ****             counter_uart = 0;
  86              		.loc 1 38 0
  87 004e 0022     		movs	r2, #0
  88 0050 034B     		ldr	r3, .L5
  89 0052 9A60     		str	r2, [r3, #8]
  90              	.L3:
  39:timer_system.c ****     }
  40:timer_system.c ****     
  41:timer_system.c **** 
  42:timer_system.c ****     timer_ClearInterrupt(timer_INTR_MASK_TC);
  91              		.loc 1 42 0
  92 0054 0120     		movs	r0, #1
  93 0056 FFF7FEFF 		bl	timer_ClearInterrupt
  94              	.LVL1:
  43:timer_system.c ****     timer_interrupt_ClearPending();
  95              		.loc 1 43 0
  96 005a FFF7FEFF 		bl	timer_interrupt_ClearPending
  97              	.LVL2:
  44:timer_system.c **** }
  98              		.loc 1 44 0
  99              		@ sp needed
 100 005e 10BD     		pop	{r4, pc}
 101              	.L6:
 102              		.align	2
 103              	.L5:
 104 0060 00000000 		.word	.LANCHOR0
 105 0064 00286BEE 		.word	-294967296
 106 0068 00000000 		.word	.LANCHOR1
 107              		.cfi_endproc
 108              	.LFE33:
 109              		.size	handle_interrupt, .-handle_interrupt
 110              		.section	.text.init_time_interrupt,"ax",%progbits
 111              		.align	2
 112              		.global	init_time_interrupt
 113              		.code	16
 114              		.thumb_func
 115              		.type	init_time_interrupt, %function
 116              	init_time_interrupt:
 117              	.LFB34:
  45:timer_system.c **** 
  46:timer_system.c **** 
  47:timer_system.c **** void init_time_interrupt()
  48:timer_system.c **** {
 118              		.loc 1 48 0
 119              		.cfi_startproc
 120              		@ args = 0, pretend = 0, frame = 0
 121              		@ frame_needed = 0, uses_anonymous_args = 0
 122 0000 10B5     		push	{r4, lr}
 123              		.cfi_def_cfa_offset 8
ARM GAS  C:\Users\NGUYEN~1\AppData\Local\Temp\ccKrrurd.s 			page 4


 124              		.cfi_offset 4, -8
 125              		.cfi_offset 14, -4
  49:timer_system.c ****     timer_interrupt_StartEx( handle_interrupt );
 126              		.loc 1 49 0
 127 0002 0248     		ldr	r0, .L8
 128 0004 FFF7FEFF 		bl	timer_interrupt_StartEx
 129              	.LVL3:
  50:timer_system.c **** }
 130              		.loc 1 50 0
 131              		@ sp needed
 132 0008 10BD     		pop	{r4, pc}
 133              	.L9:
 134 000a C046     		.align	2
 135              	.L8:
 136 000c 00000000 		.word	handle_interrupt
 137              		.cfi_endproc
 138              	.LFE34:
 139              		.size	init_time_interrupt, .-init_time_interrupt
 140              		.global	counter_uart
 141              		.global	counter1_s
 142              		.global	counter1_ms
 143              		.global	counter_shift_led
 144              		.data
 145              		.align	2
 146              		.set	.LANCHOR1,. + 0
 147              		.type	counter_shift_led, %object
 148              		.size	counter_shift_led, 4
 149              	counter_shift_led:
 150 0000 FEFFFFFF 		.word	-2
 151              		.bss
 152              		.align	2
 153              		.set	.LANCHOR0,. + 0
 154              		.type	counter1_ms, %object
 155              		.size	counter1_ms, 4
 156              	counter1_ms:
 157 0000 00000000 		.space	4
 158              		.type	counter1_s, %object
 159              		.size	counter1_s, 4
 160              	counter1_s:
 161 0004 00000000 		.space	4
 162              		.type	counter_uart, %object
 163              		.size	counter_uart, 4
 164              	counter_uart:
 165 0008 00000000 		.space	4
 166              		.text
 167              	.Letext0:
 168              		.file 2 "Generated_Source\\PSoC4/timer.h"
 169              		.file 3 "Generated_Source\\PSoC4/timer_interrupt.h"
 170              		.file 4 "Generated_Source\\PSoC4/cytypes.h"
 171              		.section	.debug_info,"",%progbits
 172              	.Ldebug_info0:
 173 0000 62010000 		.4byte	0x162
 174 0004 0400     		.2byte	0x4
 175 0006 00000000 		.4byte	.Ldebug_abbrev0
 176 000a 04       		.byte	0x4
 177 000b 01       		.uleb128 0x1
 178 000c 20010000 		.4byte	.LASF21
ARM GAS  C:\Users\NGUYEN~1\AppData\Local\Temp\ccKrrurd.s 			page 5


 179 0010 0C       		.byte	0xc
 180 0011 4E000000 		.4byte	.LASF22
 181 0015 BE000000 		.4byte	.LASF23
 182 0019 00000000 		.4byte	.Ldebug_ranges0+0
 183 001d 00000000 		.4byte	0
 184 0021 00000000 		.4byte	.Ldebug_line0
 185 0025 02       		.uleb128 0x2
 186 0026 01       		.byte	0x1
 187 0027 06       		.byte	0x6
 188 0028 30000000 		.4byte	.LASF0
 189 002c 02       		.uleb128 0x2
 190 002d 01       		.byte	0x1
 191 002e 08       		.byte	0x8
 192 002f 22000000 		.4byte	.LASF1
 193 0033 02       		.uleb128 0x2
 194 0034 02       		.byte	0x2
 195 0035 05       		.byte	0x5
 196 0036 0B020000 		.4byte	.LASF2
 197 003a 02       		.uleb128 0x2
 198 003b 02       		.byte	0x2
 199 003c 07       		.byte	0x7
 200 003d 74000000 		.4byte	.LASF3
 201 0041 02       		.uleb128 0x2
 202 0042 04       		.byte	0x4
 203 0043 05       		.byte	0x5
 204 0044 F3000000 		.4byte	.LASF4
 205 0048 02       		.uleb128 0x2
 206 0049 04       		.byte	0x4
 207 004a 07       		.byte	0x7
 208 004b 3C000000 		.4byte	.LASF5
 209 004f 02       		.uleb128 0x2
 210 0050 08       		.byte	0x8
 211 0051 05       		.byte	0x5
 212 0052 00000000 		.4byte	.LASF6
 213 0056 02       		.uleb128 0x2
 214 0057 08       		.byte	0x8
 215 0058 07       		.byte	0x7
 216 0059 5D000000 		.4byte	.LASF7
 217 005d 03       		.uleb128 0x3
 218 005e 04       		.byte	0x4
 219 005f 05       		.byte	0x5
 220 0060 696E7400 		.ascii	"int\000"
 221 0064 02       		.uleb128 0x2
 222 0065 04       		.byte	0x4
 223 0066 07       		.byte	0x7
 224 0067 15000000 		.4byte	.LASF8
 225 006b 02       		.uleb128 0x2
 226 006c 08       		.byte	0x8
 227 006d 04       		.byte	0x4
 228 006e CF010000 		.4byte	.LASF9
 229 0072 02       		.uleb128 0x2
 230 0073 04       		.byte	0x4
 231 0074 07       		.byte	0x7
 232 0075 20020000 		.4byte	.LASF10
 233 0079 02       		.uleb128 0x2
 234 007a 01       		.byte	0x1
 235 007b 08       		.byte	0x8
ARM GAS  C:\Users\NGUYEN~1\AppData\Local\Temp\ccKrrurd.s 			page 6


 236 007c A4000000 		.4byte	.LASF11
 237 0080 04       		.uleb128 0x4
 238 0081 0E000000 		.4byte	.LASF24
 239 0085 04       		.byte	0x4
 240 0086 FD01     		.2byte	0x1fd
 241 0088 48000000 		.4byte	0x48
 242 008c 02       		.uleb128 0x2
 243 008d 04       		.byte	0x4
 244 008e 04       		.byte	0x4
 245 008f 05020000 		.4byte	.LASF12
 246 0093 02       		.uleb128 0x2
 247 0094 08       		.byte	0x8
 248 0095 04       		.byte	0x4
 249 0096 19010000 		.4byte	.LASF13
 250 009a 05       		.uleb128 0x5
 251 009b 93000000 		.4byte	.LASF25
 252 009f 01       		.byte	0x1
 253 00a0 16       		.byte	0x16
 254 00a1 00000000 		.4byte	.LFB33
 255 00a5 6C000000 		.4byte	.LFE33-.LFB33
 256 00a9 01       		.uleb128 0x1
 257 00aa 9C       		.byte	0x9c
 258 00ab CC000000 		.4byte	0xcc
 259 00af 06       		.uleb128 0x6
 260 00b0 5A000000 		.4byte	.LVL1
 261 00b4 43010000 		.4byte	0x143
 262 00b8 C2000000 		.4byte	0xc2
 263 00bc 07       		.uleb128 0x7
 264 00bd 01       		.uleb128 0x1
 265 00be 50       		.byte	0x50
 266 00bf 01       		.uleb128 0x1
 267 00c0 31       		.byte	0x31
 268 00c1 00       		.byte	0
 269 00c2 08       		.uleb128 0x8
 270 00c3 5E000000 		.4byte	.LVL2
 271 00c7 4F010000 		.4byte	0x14f
 272 00cb 00       		.byte	0
 273 00cc 09       		.uleb128 0x9
 274 00cd AE010000 		.4byte	.LASF26
 275 00d1 01       		.byte	0x1
 276 00d2 2F       		.byte	0x2f
 277 00d3 00000000 		.4byte	.LFB34
 278 00d7 10000000 		.4byte	.LFE34-.LFB34
 279 00db 01       		.uleb128 0x1
 280 00dc 9C       		.byte	0x9c
 281 00dd F5000000 		.4byte	0xf5
 282 00e1 0A       		.uleb128 0xa
 283 00e2 08000000 		.4byte	.LVL3
 284 00e6 5A010000 		.4byte	0x15a
 285 00ea 07       		.uleb128 0x7
 286 00eb 01       		.uleb128 0x1
 287 00ec 50       		.byte	0x50
 288 00ed 05       		.uleb128 0x5
 289 00ee 03       		.byte	0x3
 290 00ef 00000000 		.4byte	handle_interrupt
 291 00f3 00       		.byte	0
 292 00f4 00       		.byte	0
ARM GAS  C:\Users\NGUYEN~1\AppData\Local\Temp\ccKrrurd.s 			page 7


 293 00f5 0B       		.uleb128 0xb
 294 00f6 F3010000 		.4byte	.LASF14
 295 00fa 01       		.byte	0x1
 296 00fb 11       		.byte	0x11
 297 00fc 06010000 		.4byte	0x106
 298 0100 05       		.uleb128 0x5
 299 0101 03       		.byte	0x3
 300 0102 00000000 		.4byte	counter_shift_led
 301 0106 0C       		.uleb128 0xc
 302 0107 5D000000 		.4byte	0x5d
 303 010b 0B       		.uleb128 0xb
 304 010c 87000000 		.4byte	.LASF15
 305 0110 01       		.byte	0x1
 306 0111 13       		.byte	0x13
 307 0112 1C010000 		.4byte	0x11c
 308 0116 05       		.uleb128 0x5
 309 0117 03       		.byte	0x3
 310 0118 00000000 		.4byte	counter1_ms
 311 011c 0C       		.uleb128 0xc
 312 011d 48000000 		.4byte	0x48
 313 0121 0B       		.uleb128 0xb
 314 0122 15020000 		.4byte	.LASF16
 315 0126 01       		.byte	0x1
 316 0127 13       		.byte	0x13
 317 0128 1C010000 		.4byte	0x11c
 318 012c 05       		.uleb128 0x5
 319 012d 03       		.byte	0x3
 320 012e 00000000 		.4byte	counter1_s
 321 0132 0B       		.uleb128 0xb
 322 0133 C2010000 		.4byte	.LASF17
 323 0137 01       		.byte	0x1
 324 0138 13       		.byte	0x13
 325 0139 1C010000 		.4byte	0x11c
 326 013d 05       		.uleb128 0x5
 327 013e 03       		.byte	0x3
 328 013f 00000000 		.4byte	counter_uart
 329 0143 0D       		.uleb128 0xd
 330 0144 A9000000 		.4byte	.LASF18
 331 0148 A9000000 		.4byte	.LASF18
 332 014c 02       		.byte	0x2
 333 014d 4701     		.2byte	0x147
 334 014f 0E       		.uleb128 0xe
 335 0150 FC000000 		.4byte	.LASF19
 336 0154 FC000000 		.4byte	.LASF19
 337 0158 03       		.byte	0x3
 338 0159 28       		.byte	0x28
 339 015a 0E       		.uleb128 0xe
 340 015b DB010000 		.4byte	.LASF20
 341 015f DB010000 		.4byte	.LASF20
 342 0163 03       		.byte	0x3
 343 0164 18       		.byte	0x18
 344 0165 00       		.byte	0
 345              		.section	.debug_abbrev,"",%progbits
 346              	.Ldebug_abbrev0:
 347 0000 01       		.uleb128 0x1
 348 0001 11       		.uleb128 0x11
 349 0002 01       		.byte	0x1
ARM GAS  C:\Users\NGUYEN~1\AppData\Local\Temp\ccKrrurd.s 			page 8


 350 0003 25       		.uleb128 0x25
 351 0004 0E       		.uleb128 0xe
 352 0005 13       		.uleb128 0x13
 353 0006 0B       		.uleb128 0xb
 354 0007 03       		.uleb128 0x3
 355 0008 0E       		.uleb128 0xe
 356 0009 1B       		.uleb128 0x1b
 357 000a 0E       		.uleb128 0xe
 358 000b 55       		.uleb128 0x55
 359 000c 17       		.uleb128 0x17
 360 000d 11       		.uleb128 0x11
 361 000e 01       		.uleb128 0x1
 362 000f 10       		.uleb128 0x10
 363 0010 17       		.uleb128 0x17
 364 0011 00       		.byte	0
 365 0012 00       		.byte	0
 366 0013 02       		.uleb128 0x2
 367 0014 24       		.uleb128 0x24
 368 0015 00       		.byte	0
 369 0016 0B       		.uleb128 0xb
 370 0017 0B       		.uleb128 0xb
 371 0018 3E       		.uleb128 0x3e
 372 0019 0B       		.uleb128 0xb
 373 001a 03       		.uleb128 0x3
 374 001b 0E       		.uleb128 0xe
 375 001c 00       		.byte	0
 376 001d 00       		.byte	0
 377 001e 03       		.uleb128 0x3
 378 001f 24       		.uleb128 0x24
 379 0020 00       		.byte	0
 380 0021 0B       		.uleb128 0xb
 381 0022 0B       		.uleb128 0xb
 382 0023 3E       		.uleb128 0x3e
 383 0024 0B       		.uleb128 0xb
 384 0025 03       		.uleb128 0x3
 385 0026 08       		.uleb128 0x8
 386 0027 00       		.byte	0
 387 0028 00       		.byte	0
 388 0029 04       		.uleb128 0x4
 389 002a 16       		.uleb128 0x16
 390 002b 00       		.byte	0
 391 002c 03       		.uleb128 0x3
 392 002d 0E       		.uleb128 0xe
 393 002e 3A       		.uleb128 0x3a
 394 002f 0B       		.uleb128 0xb
 395 0030 3B       		.uleb128 0x3b
 396 0031 05       		.uleb128 0x5
 397 0032 49       		.uleb128 0x49
 398 0033 13       		.uleb128 0x13
 399 0034 00       		.byte	0
 400 0035 00       		.byte	0
 401 0036 05       		.uleb128 0x5
 402 0037 2E       		.uleb128 0x2e
 403 0038 01       		.byte	0x1
 404 0039 3F       		.uleb128 0x3f
 405 003a 19       		.uleb128 0x19
 406 003b 03       		.uleb128 0x3
ARM GAS  C:\Users\NGUYEN~1\AppData\Local\Temp\ccKrrurd.s 			page 9


 407 003c 0E       		.uleb128 0xe
 408 003d 3A       		.uleb128 0x3a
 409 003e 0B       		.uleb128 0xb
 410 003f 3B       		.uleb128 0x3b
 411 0040 0B       		.uleb128 0xb
 412 0041 27       		.uleb128 0x27
 413 0042 19       		.uleb128 0x19
 414 0043 11       		.uleb128 0x11
 415 0044 01       		.uleb128 0x1
 416 0045 12       		.uleb128 0x12
 417 0046 06       		.uleb128 0x6
 418 0047 40       		.uleb128 0x40
 419 0048 18       		.uleb128 0x18
 420 0049 9642     		.uleb128 0x2116
 421 004b 19       		.uleb128 0x19
 422 004c 01       		.uleb128 0x1
 423 004d 13       		.uleb128 0x13
 424 004e 00       		.byte	0
 425 004f 00       		.byte	0
 426 0050 06       		.uleb128 0x6
 427 0051 898201   		.uleb128 0x4109
 428 0054 01       		.byte	0x1
 429 0055 11       		.uleb128 0x11
 430 0056 01       		.uleb128 0x1
 431 0057 31       		.uleb128 0x31
 432 0058 13       		.uleb128 0x13
 433 0059 01       		.uleb128 0x1
 434 005a 13       		.uleb128 0x13
 435 005b 00       		.byte	0
 436 005c 00       		.byte	0
 437 005d 07       		.uleb128 0x7
 438 005e 8A8201   		.uleb128 0x410a
 439 0061 00       		.byte	0
 440 0062 02       		.uleb128 0x2
 441 0063 18       		.uleb128 0x18
 442 0064 9142     		.uleb128 0x2111
 443 0066 18       		.uleb128 0x18
 444 0067 00       		.byte	0
 445 0068 00       		.byte	0
 446 0069 08       		.uleb128 0x8
 447 006a 898201   		.uleb128 0x4109
 448 006d 00       		.byte	0
 449 006e 11       		.uleb128 0x11
 450 006f 01       		.uleb128 0x1
 451 0070 31       		.uleb128 0x31
 452 0071 13       		.uleb128 0x13
 453 0072 00       		.byte	0
 454 0073 00       		.byte	0
 455 0074 09       		.uleb128 0x9
 456 0075 2E       		.uleb128 0x2e
 457 0076 01       		.byte	0x1
 458 0077 3F       		.uleb128 0x3f
 459 0078 19       		.uleb128 0x19
 460 0079 03       		.uleb128 0x3
 461 007a 0E       		.uleb128 0xe
 462 007b 3A       		.uleb128 0x3a
 463 007c 0B       		.uleb128 0xb
ARM GAS  C:\Users\NGUYEN~1\AppData\Local\Temp\ccKrrurd.s 			page 10


 464 007d 3B       		.uleb128 0x3b
 465 007e 0B       		.uleb128 0xb
 466 007f 11       		.uleb128 0x11
 467 0080 01       		.uleb128 0x1
 468 0081 12       		.uleb128 0x12
 469 0082 06       		.uleb128 0x6
 470 0083 40       		.uleb128 0x40
 471 0084 18       		.uleb128 0x18
 472 0085 9742     		.uleb128 0x2117
 473 0087 19       		.uleb128 0x19
 474 0088 01       		.uleb128 0x1
 475 0089 13       		.uleb128 0x13
 476 008a 00       		.byte	0
 477 008b 00       		.byte	0
 478 008c 0A       		.uleb128 0xa
 479 008d 898201   		.uleb128 0x4109
 480 0090 01       		.byte	0x1
 481 0091 11       		.uleb128 0x11
 482 0092 01       		.uleb128 0x1
 483 0093 31       		.uleb128 0x31
 484 0094 13       		.uleb128 0x13
 485 0095 00       		.byte	0
 486 0096 00       		.byte	0
 487 0097 0B       		.uleb128 0xb
 488 0098 34       		.uleb128 0x34
 489 0099 00       		.byte	0
 490 009a 03       		.uleb128 0x3
 491 009b 0E       		.uleb128 0xe
 492 009c 3A       		.uleb128 0x3a
 493 009d 0B       		.uleb128 0xb
 494 009e 3B       		.uleb128 0x3b
 495 009f 0B       		.uleb128 0xb
 496 00a0 49       		.uleb128 0x49
 497 00a1 13       		.uleb128 0x13
 498 00a2 3F       		.uleb128 0x3f
 499 00a3 19       		.uleb128 0x19
 500 00a4 02       		.uleb128 0x2
 501 00a5 18       		.uleb128 0x18
 502 00a6 00       		.byte	0
 503 00a7 00       		.byte	0
 504 00a8 0C       		.uleb128 0xc
 505 00a9 35       		.uleb128 0x35
 506 00aa 00       		.byte	0
 507 00ab 49       		.uleb128 0x49
 508 00ac 13       		.uleb128 0x13
 509 00ad 00       		.byte	0
 510 00ae 00       		.byte	0
 511 00af 0D       		.uleb128 0xd
 512 00b0 2E       		.uleb128 0x2e
 513 00b1 00       		.byte	0
 514 00b2 3F       		.uleb128 0x3f
 515 00b3 19       		.uleb128 0x19
 516 00b4 3C       		.uleb128 0x3c
 517 00b5 19       		.uleb128 0x19
 518 00b6 6E       		.uleb128 0x6e
 519 00b7 0E       		.uleb128 0xe
 520 00b8 03       		.uleb128 0x3
ARM GAS  C:\Users\NGUYEN~1\AppData\Local\Temp\ccKrrurd.s 			page 11


 521 00b9 0E       		.uleb128 0xe
 522 00ba 3A       		.uleb128 0x3a
 523 00bb 0B       		.uleb128 0xb
 524 00bc 3B       		.uleb128 0x3b
 525 00bd 05       		.uleb128 0x5
 526 00be 00       		.byte	0
 527 00bf 00       		.byte	0
 528 00c0 0E       		.uleb128 0xe
 529 00c1 2E       		.uleb128 0x2e
 530 00c2 00       		.byte	0
 531 00c3 3F       		.uleb128 0x3f
 532 00c4 19       		.uleb128 0x19
 533 00c5 3C       		.uleb128 0x3c
 534 00c6 19       		.uleb128 0x19
 535 00c7 6E       		.uleb128 0x6e
 536 00c8 0E       		.uleb128 0xe
 537 00c9 03       		.uleb128 0x3
 538 00ca 0E       		.uleb128 0xe
 539 00cb 3A       		.uleb128 0x3a
 540 00cc 0B       		.uleb128 0xb
 541 00cd 3B       		.uleb128 0x3b
 542 00ce 0B       		.uleb128 0xb
 543 00cf 00       		.byte	0
 544 00d0 00       		.byte	0
 545 00d1 00       		.byte	0
 546              		.section	.debug_aranges,"",%progbits
 547 0000 24000000 		.4byte	0x24
 548 0004 0200     		.2byte	0x2
 549 0006 00000000 		.4byte	.Ldebug_info0
 550 000a 04       		.byte	0x4
 551 000b 00       		.byte	0
 552 000c 0000     		.2byte	0
 553 000e 0000     		.2byte	0
 554 0010 00000000 		.4byte	.LFB33
 555 0014 6C000000 		.4byte	.LFE33-.LFB33
 556 0018 00000000 		.4byte	.LFB34
 557 001c 10000000 		.4byte	.LFE34-.LFB34
 558 0020 00000000 		.4byte	0
 559 0024 00000000 		.4byte	0
 560              		.section	.debug_ranges,"",%progbits
 561              	.Ldebug_ranges0:
 562 0000 00000000 		.4byte	.LFB33
 563 0004 6C000000 		.4byte	.LFE33
 564 0008 00000000 		.4byte	.LFB34
 565 000c 10000000 		.4byte	.LFE34
 566 0010 00000000 		.4byte	0
 567 0014 00000000 		.4byte	0
 568              		.section	.debug_line,"",%progbits
 569              	.Ldebug_line0:
 570 0000 9C000000 		.section	.debug_str,"MS",%progbits,1
 570      02006900 
 570      00000201 
 570      FB0E0D00 
 570      01010101 
 571              	.LASF6:
 572 0000 6C6F6E67 		.ascii	"long long int\000"
 572      206C6F6E 
ARM GAS  C:\Users\NGUYEN~1\AppData\Local\Temp\ccKrrurd.s 			page 12


 572      6720696E 
 572      7400
 573              	.LASF24:
 574 000e 75696E74 		.ascii	"uint32\000"
 574      333200
 575              	.LASF8:
 576 0015 756E7369 		.ascii	"unsigned int\000"
 576      676E6564 
 576      20696E74 
 576      00
 577              	.LASF1:
 578 0022 756E7369 		.ascii	"unsigned char\000"
 578      676E6564 
 578      20636861 
 578      7200
 579              	.LASF0:
 580 0030 7369676E 		.ascii	"signed char\000"
 580      65642063 
 580      68617200 
 581              	.LASF5:
 582 003c 6C6F6E67 		.ascii	"long unsigned int\000"
 582      20756E73 
 582      69676E65 
 582      6420696E 
 582      7400
 583              	.LASF22:
 584 004e 74696D65 		.ascii	"timer_system.c\000"
 584      725F7379 
 584      7374656D 
 584      2E6300
 585              	.LASF7:
 586 005d 6C6F6E67 		.ascii	"long long unsigned int\000"
 586      206C6F6E 
 586      6720756E 
 586      7369676E 
 586      65642069 
 587              	.LASF3:
 588 0074 73686F72 		.ascii	"short unsigned int\000"
 588      7420756E 
 588      7369676E 
 588      65642069 
 588      6E7400
 589              	.LASF15:
 590 0087 636F756E 		.ascii	"counter1_ms\000"
 590      74657231 
 590      5F6D7300 
 591              	.LASF25:
 592 0093 68616E64 		.ascii	"handle_interrupt\000"
 592      6C655F69 
 592      6E746572 
 592      72757074 
 592      00
 593              	.LASF11:
 594 00a4 63686172 		.ascii	"char\000"
 594      00
 595              	.LASF18:
 596 00a9 74696D65 		.ascii	"timer_ClearInterrupt\000"
ARM GAS  C:\Users\NGUYEN~1\AppData\Local\Temp\ccKrrurd.s 			page 13


 596      725F436C 
 596      65617249 
 596      6E746572 
 596      72757074 
 597              	.LASF23:
 598 00be 443A5C70 		.ascii	"D:\\psoc\\theory\\eeprom_external\\eeprom_external."
 598      736F635C 
 598      7468656F 
 598      72795C65 
 598      6570726F 
 599 00ed 63796473 		.ascii	"cydsn\000"
 599      6E00
 600              	.LASF4:
 601 00f3 6C6F6E67 		.ascii	"long int\000"
 601      20696E74 
 601      00
 602              	.LASF19:
 603 00fc 74696D65 		.ascii	"timer_interrupt_ClearPending\000"
 603      725F696E 
 603      74657272 
 603      7570745F 
 603      436C6561 
 604              	.LASF13:
 605 0119 646F7562 		.ascii	"double\000"
 605      6C6500
 606              	.LASF21:
 607 0120 474E5520 		.ascii	"GNU C11 5.4.1 20160609 (release) [ARM/embedded-5-br"
 607      43313120 
 607      352E342E 
 607      31203230 
 607      31363036 
 608 0153 616E6368 		.ascii	"anch revision 237715] -mcpu=cortex-m0 -mthumb -g -O"
 608      20726576 
 608      6973696F 
 608      6E203233 
 608      37373135 
 609 0186 67202D66 		.ascii	"g -ffunction-sections -ffat-lto-objects\000"
 609      66756E63 
 609      74696F6E 
 609      2D736563 
 609      74696F6E 
 610              	.LASF26:
 611 01ae 696E6974 		.ascii	"init_time_interrupt\000"
 611      5F74696D 
 611      655F696E 
 611      74657272 
 611      75707400 
 612              	.LASF17:
 613 01c2 636F756E 		.ascii	"counter_uart\000"
 613      7465725F 
 613      75617274 
 613      00
 614              	.LASF9:
 615 01cf 6C6F6E67 		.ascii	"long double\000"
 615      20646F75 
 615      626C6500 
 616              	.LASF20:
ARM GAS  C:\Users\NGUYEN~1\AppData\Local\Temp\ccKrrurd.s 			page 14


 617 01db 74696D65 		.ascii	"timer_interrupt_StartEx\000"
 617      725F696E 
 617      74657272 
 617      7570745F 
 617      53746172 
 618              	.LASF14:
 619 01f3 636F756E 		.ascii	"counter_shift_led\000"
 619      7465725F 
 619      73686966 
 619      745F6C65 
 619      6400
 620              	.LASF12:
 621 0205 666C6F61 		.ascii	"float\000"
 621      7400
 622              	.LASF2:
 623 020b 73686F72 		.ascii	"short int\000"
 623      7420696E 
 623      7400
 624              	.LASF16:
 625 0215 636F756E 		.ascii	"counter1_s\000"
 625      74657231 
 625      5F7300
 626              	.LASF10:
 627 0220 73697A65 		.ascii	"sizetype\000"
 627      74797065 
 627      00
 628              		.ident	"GCC: (GNU Tools for ARM Embedded Processors) 5.4.1 20160609 (release) [ARM/embedded-5-bran
