Loading plugins phase: Elapsed time ==> 0s.142ms
<CYPRESSTAG name="CyDsfit arguments...">
cydsfit arguments: -.fdsnotice -.fdswarpdepfile=warp_dependencies.txt -.fdselabdepfile=elab_dependencies.txt -.fdsbldfile=generated_files.txt -.fdsreffile=referenced_files.txt -p D:\psoc\theory\ds1307_uart\ds1307_i2c.cydsn\ds1307_i2c.cyprj -d CY8C4125AXI-483 -s D:\psoc\theory\ds1307_uart\ds1307_i2c.cydsn\Generated_Source\PSoC4 -- -yv2 -q10 -ygs -o2 -v3 -.fftcfgtype=LE
</CYPRESSTAG>
<CYPRESSTAG name="Design elaboration results...">
</CYPRESSTAG>
Elaboration phase: Elapsed time ==> 1s.477ms
<CYPRESSTAG name="HDL generation results...">
</CYPRESSTAG>
HDL generation phase: Elapsed time ==> 0s.035ms
<CYPRESSTAG name="Synthesis results...">

     | | | | | | |
   _________________
  -|               |-
  -|               |-
  -|               |-
  -|    CYPRESS    |-
  -|               |-
  -|               |-   Warp Verilog Synthesis Compiler: Version 6.3 IR 41
  -|               |-   Copyright (C) 1991-2001 Cypress Semiconductor
   |_______________|
     | | | | | | |

======================================================================
Compiling:  ds1307_i2c.v
Program  :   C:\Program Files (x86)\Cypress\PSoC Creator\4.4\PSoC Creator\warp\bin\warp.exe
Options  :    -yv2 -q10 -ygs -o2 -v3 -.fftcfgtype=LE -ya -.fftprj=D:\psoc\theory\ds1307_uart\ds1307_i2c.cydsn\ds1307_i2c.cyprj -dcpsoc3 ds1307_i2c.v -verilog
======================================================================

======================================================================
Compiling:  ds1307_i2c.v
Program  :   C:\Program Files (x86)\Cypress\PSoC Creator\4.4\PSoC Creator\warp\bin\warp.exe
Options  :    -yv2 -q10 -ygs -o2 -v3 -.fftcfgtype=LE -ya -.fftprj=D:\psoc\theory\ds1307_uart\ds1307_i2c.cydsn\ds1307_i2c.cyprj -dcpsoc3 ds1307_i2c.v -verilog
======================================================================

======================================================================
Compiling:  ds1307_i2c.v
Program  :   vlogfe
Options  :    -yv2 -q10 -ygs -o2 -v3 -.fftcfgtype=LE -ya -.fftprj=D:\psoc\theory\ds1307_uart\ds1307_i2c.cydsn\ds1307_i2c.cyprj -dcpsoc3 -verilog ds1307_i2c.v
======================================================================

vlogfe V6.3 IR 41:  Verilog parser
Sat Aug 27 14:14:13 2022


======================================================================
Compiling:  ds1307_i2c.v
Program  :   vpp
Options  :    -yv2 -q10 ds1307_i2c.v
======================================================================

vpp V6.3 IR 41:  Verilog Pre-Processor
Sat Aug 27 14:14:13 2022

Flattening file 'C:\Program Files (x86)\Cypress\PSoC Creator\4.4\PSoC Creator\psoc\content\CyPrimitives\cyprimitives.cylib\cy_virtualmux_v1_0\cy_virtualmux_v1_0.v'
Flattening file 'C:\Program Files (x86)\Cypress\PSoC Creator\4.4\PSoC Creator\psoc\content\CyPrimitives\cyprimitives.cylib\ZeroTerminal\ZeroTerminal.v'
Flattening file 'C:\Program Files (x86)\Cypress\PSoC Creator\4.4\PSoC Creator\psoc\content\CyPrimitives\cyprimitives.cylib\or_v1_0\or_v1_0.v'

vpp:  No errors.

Library 'work' => directory 'lcpsoc3'
General_symbol_table
General_symbol_table
Linking 'C:\Program Files (x86)\Cypress\PSoC Creator\4.4\PSoC Creator\warp\lib\common\std.vhd'.
Linking 'C:\Program Files (x86)\Cypress\PSoC Creator\4.4\PSoC Creator\warp\lib\common\cypress.vhd'.
Linking 'C:\Program Files (x86)\Cypress\PSoC Creator\4.4\PSoC Creator\warp\lib\common\work\cypress.vif'.
Linking 'C:\Program Files (x86)\Cypress\PSoC Creator\4.4\PSoC Creator\warp\lib\ieee\work\stdlogic.vif'.
Linking 'C:\Program Files (x86)\Cypress\PSoC Creator\4.4\PSoC Creator\warp\lib\common\stdlogic\lpmpkg.vif'.
Linking 'C:\Program Files (x86)\Cypress\PSoC Creator\4.4\PSoC Creator\warp\lib\common\stdlogic\rtlpkg.vif'.
Linking 'C:\Program Files (x86)\Cypress\PSoC Creator\4.4\PSoC Creator\warp\lib\common\stdlogic\mod_cnst.vif'.
Linking 'C:\Program Files (x86)\Cypress\PSoC Creator\4.4\PSoC Creator\warp\lib\common\stdlogic\mod_mthv.vif'.
Linking 'C:\Program Files (x86)\Cypress\PSoC Creator\4.4\PSoC Creator\warp\lib\common\stdlogic\mod_genv.vif'.
Using control file 'ds1307_i2c.ctl'.

vlogfe:  No errors.


======================================================================
Compiling:  ds1307_i2c.v
Program  :   tovif
Options  :    -yv2 -q10 -ygs -o2 -v3 -.fftcfgtype=LE -ya -.fftprj=D:\psoc\theory\ds1307_uart\ds1307_i2c.cydsn\ds1307_i2c.cyprj -dcpsoc3 -verilog ds1307_i2c.v
======================================================================

tovif V6.3 IR 41:  High-level synthesis
Sat Aug 27 14:14:13 2022

Linking 'C:\Program Files (x86)\Cypress\PSoC Creator\4.4\PSoC Creator\warp\lib\common\std.vhd'.
Linking 'C:\Program Files (x86)\Cypress\PSoC Creator\4.4\PSoC Creator\warp\lib\common\cypress.vhd'.
Linking 'C:\Program Files (x86)\Cypress\PSoC Creator\4.4\PSoC Creator\warp\lib\common\work\cypress.vif'.
Linking 'C:\Program Files (x86)\Cypress\PSoC Creator\4.4\PSoC Creator\warp\lib\ieee\work\stdlogic.vif'.
Linking 'C:\Program Files (x86)\Cypress\PSoC Creator\4.4\PSoC Creator\warp\lib\common\stdlogic\lpmpkg.vif'.
Linking 'C:\Program Files (x86)\Cypress\PSoC Creator\4.4\PSoC Creator\warp\lib\common\stdlogic\rtlpkg.vif'.
Linking 'C:\Program Files (x86)\Cypress\PSoC Creator\4.4\PSoC Creator\warp\lib\common\stdlogic\mod_cnst.vif'.
Linking 'C:\Program Files (x86)\Cypress\PSoC Creator\4.4\PSoC Creator\warp\lib\common\stdlogic\mod_mthv.vif'.
Linking 'C:\Program Files (x86)\Cypress\PSoC Creator\4.4\PSoC Creator\warp\lib\common\stdlogic\mod_genv.vif'.
Linking 'D:\psoc\theory\ds1307_uart\ds1307_i2c.cydsn\codegentemp\ds1307_i2c.ctl'.
Linking 'C:\Program Files (x86)\Cypress\PSoC Creator\4.4\PSoC Creator\psoc\content\CyPrimitives\cyprimitives.cylib\cy_virtualmux_v1_0\cy_virtualmux_v1_0.v'.
Linking 'D:\psoc\theory\ds1307_uart\ds1307_i2c.cydsn\codegentemp\ds1307_i2c.v'.
Linking 'C:\Program Files (x86)\Cypress\PSoC Creator\4.4\PSoC Creator\psoc\content\CyPrimitives\cyprimitives.cylib\ZeroTerminal\ZeroTerminal.v'.
Linking 'C:\Program Files (x86)\Cypress\PSoC Creator\4.4\PSoC Creator\psoc\content\CyPrimitives\cyprimitives.cylib\or_v1_0\or_v1_0.v'.

tovif:  No errors.


======================================================================
Compiling:  ds1307_i2c.v
Program  :   topld
Options  :    -yv2 -q10 -ygs -o2 -v3 -.fftcfgtype=LE -ya -.fftprj=D:\psoc\theory\ds1307_uart\ds1307_i2c.cydsn\ds1307_i2c.cyprj -dcpsoc3 -verilog ds1307_i2c.v
======================================================================

topld V6.3 IR 41:  Synthesis and optimization
Sat Aug 27 14:14:13 2022

Linking 'C:\Program Files (x86)\Cypress\PSoC Creator\4.4\PSoC Creator\warp\lib\common\std.vhd'.
Linking 'C:\Program Files (x86)\Cypress\PSoC Creator\4.4\PSoC Creator\warp\lib\common\cypress.vhd'.
Linking 'C:\Program Files (x86)\Cypress\PSoC Creator\4.4\PSoC Creator\warp\lib\common\work\cypress.vif'.
Linking 'C:\Program Files (x86)\Cypress\PSoC Creator\4.4\PSoC Creator\warp\lib\ieee\work\stdlogic.vif'.
Linking 'C:\Program Files (x86)\Cypress\PSoC Creator\4.4\PSoC Creator\warp\lib\common\stdlogic\lpmpkg.vif'.
Linking 'C:\Program Files (x86)\Cypress\PSoC Creator\4.4\PSoC Creator\warp\lib\common\stdlogic\rtlpkg.vif'.
Linking 'C:\Program Files (x86)\Cypress\PSoC Creator\4.4\PSoC Creator\warp\lib\common\stdlogic\mod_cnst.vif'.
Linking 'C:\Program Files (x86)\Cypress\PSoC Creator\4.4\PSoC Creator\warp\lib\common\stdlogic\mod_mthv.vif'.
Linking 'C:\Program Files (x86)\Cypress\PSoC Creator\4.4\PSoC Creator\warp\lib\common\stdlogic\mod_genv.vif'.
Linking 'D:\psoc\theory\ds1307_uart\ds1307_i2c.cydsn\codegentemp\ds1307_i2c.ctl'.
Linking 'C:\Program Files (x86)\Cypress\PSoC Creator\4.4\PSoC Creator\psoc\content\CyPrimitives\cyprimitives.cylib\cy_virtualmux_v1_0\cy_virtualmux_v1_0.v'.
Linking 'D:\psoc\theory\ds1307_uart\ds1307_i2c.cydsn\codegentemp\ds1307_i2c.v'.
Linking 'C:\Program Files (x86)\Cypress\PSoC Creator\4.4\PSoC Creator\psoc\content\CyPrimitives\cyprimitives.cylib\ZeroTerminal\ZeroTerminal.v'.
Linking 'C:\Program Files (x86)\Cypress\PSoC Creator\4.4\PSoC Creator\psoc\content\CyPrimitives\cyprimitives.cylib\or_v1_0\or_v1_0.v'.
Linking 'C:\Program Files (x86)\Cypress\PSoC Creator\4.4\PSoC Creator\warp\lib\lcpsoc3\stdlogic\cpsoc3.vif'.

----------------------------------------------------------
Detecting unused logic.
----------------------------------------------------------
    User names
	\i2c_master:Net_1257\
	\i2c_master:uncfg_rx_irq\
	\i2c_master:Net_1099\
	\i2c_master:Net_1258\
	Net_5
	Net_6
	Net_7
	Net_8
	Net_9
	Net_10
	Net_11
	Net_14
	Net_15
	Net_22
	\uart:Net_1257\
	\uart:uncfg_rx_irq\
	\uart:Net_1099\
	\uart:Net_1258\
	Net_27
	Net_28
	Net_29
	Net_30
	Net_31
	Net_32
	Net_33
	Net_36
	Net_37
	Net_44


Deleted 28 User equations/components.
Deleted 0 Synthesized equations/components.

------------------------------------------------------
Alias Detection
------------------------------------------------------
Aliasing \i2c_master:rx_wire\ to \i2c_master:select_s_wire\
Aliasing \i2c_master:sclk_s_wire\ to \i2c_master:select_s_wire\
Aliasing \i2c_master:mosi_s_wire\ to \i2c_master:select_s_wire\
Aliasing \i2c_master:miso_m_wire\ to \i2c_master:select_s_wire\
Aliasing zero to \i2c_master:select_s_wire\
Aliasing one to \i2c_master:tmpOE__sda_net_0\
Aliasing \i2c_master:tmpOE__scl_net_0\ to \i2c_master:tmpOE__sda_net_0\
Aliasing \i2c_master:cts_wire\ to \i2c_master:select_s_wire\
Aliasing \uart:select_s_wire\ to \i2c_master:select_s_wire\
Aliasing \uart:sclk_s_wire\ to \i2c_master:select_s_wire\
Aliasing \uart:mosi_s_wire\ to \i2c_master:select_s_wire\
Aliasing \uart:miso_m_wire\ to \i2c_master:select_s_wire\
Aliasing \uart:tmpOE__tx_net_0\ to \i2c_master:tmpOE__sda_net_0\
Aliasing \uart:tmpOE__rx_net_0\ to \i2c_master:tmpOE__sda_net_0\
Aliasing \uart:cts_wire\ to \i2c_master:select_s_wire\
Aliasing tmpOE__Pin_Button_net_0 to \i2c_master:tmpOE__sda_net_0\
Aliasing tmpOE__Pin_Led_net_0 to \i2c_master:tmpOE__sda_net_0\
Removing Lhs of wire \i2c_master:rx_wire\[3] = \i2c_master:select_s_wire\[2]
Removing Lhs of wire \i2c_master:Net_1170\[6] = \i2c_master:Net_847\[1]
Removing Lhs of wire \i2c_master:sclk_s_wire\[7] = \i2c_master:select_s_wire\[2]
Removing Lhs of wire \i2c_master:mosi_s_wire\[8] = \i2c_master:select_s_wire\[2]
Removing Lhs of wire \i2c_master:miso_m_wire\[9] = \i2c_master:select_s_wire\[2]
Removing Rhs of wire zero[12] = \i2c_master:select_s_wire\[2]
Removing Rhs of wire one[16] = \i2c_master:tmpOE__sda_net_0\[11]
Removing Lhs of wire \i2c_master:tmpOE__scl_net_0\[19] = one[16]
Removing Lhs of wire \i2c_master:cts_wire\[28] = zero[12]
Removing Lhs of wire \uart:select_s_wire\[54] = zero[12]
Removing Rhs of wire \uart:rx_wire\[55] = \uart:Net_1268\[56]
Removing Lhs of wire \uart:Net_1170\[59] = \uart:Net_847\[53]
Removing Lhs of wire \uart:sclk_s_wire\[60] = zero[12]
Removing Lhs of wire \uart:mosi_s_wire\[61] = zero[12]
Removing Lhs of wire \uart:miso_m_wire\[62] = zero[12]
Removing Lhs of wire \uart:tmpOE__tx_net_0\[64] = one[16]
Removing Lhs of wire \uart:tmpOE__rx_net_0\[73] = one[16]
Removing Lhs of wire \uart:cts_wire\[77] = zero[12]
Removing Lhs of wire tmpOE__Pin_Button_net_0[104] = one[16]
Removing Lhs of wire tmpOE__Pin_Led_net_0[110] = one[16]

------------------------------------------------------
Aliased 0 equations, 20 wires.
------------------------------------------------------

----------------------------------------------------------
Circuit simplification
----------------------------------------------------------

Substituting virtuals - pass 1:


----------------------------------------------------------
Circuit simplification results:

	Expanded 0 signals.
	Turned 0 signals into soft nodes.
	Maximum default expansion cost was set at 3.
----------------------------------------------------------

topld:  No errors.

CYPRESS_DIR    : C:\Program Files (x86)\Cypress\PSoC Creator\4.4\PSoC Creator\warp
Warp Program   : C:\Program Files (x86)\Cypress\PSoC Creator\4.4\PSoC Creator\warp\bin\warp.exe
Warp Arguments : -yv2 -q10 -ygs -o2 -v3 -.fftcfgtype=LE -ya -.fftprj=D:\psoc\theory\ds1307_uart\ds1307_i2c.cydsn\ds1307_i2c.cyprj -dcpsoc3 ds1307_i2c.v -verilog
</CYPRESSTAG>
Warp synthesis phase: Elapsed time ==> 0s.640ms
<CYPRESSTAG name="Fitter results...">
<CYPRESSTAG name="Fitter startup details...">
cyp3fit: V4.4.0.80, Family: PSoC3, Started at: Saturday, 27 August 2022 14:14:13
Options: -yv2 -q10 -ygs -o2 -v3 -.fftcfgtype=LE -ya -.fftprj=D:\psoc\theory\ds1307_uart\ds1307_i2c.cydsn\ds1307_i2c.cyprj -d CY8C4125AXI-483 ds1307_i2c.v -verilog
</CYPRESSTAG>
<CYPRESSTAG name="Design parsing">
Design parsing phase: Elapsed time ==> 0s.007ms
</CYPRESSTAG>
<CYPRESSTAG name="Tech Mapping">
<CYPRESSTAG name="Initial Mapping" icon="FILE_RPT_TECHM">
<CYPRESSTAG name="Global Clock Selection" icon="FILE_RPT_TECHM">
    Fixed Function Clock 2: Automatic-assigning  clock 'i2c_master_SCBCLK'. Signal=\i2c_master:Net_847_ff2\
    Fixed Function Clock 3: Automatic-assigning  clock 'uart_SCBCLK'. Signal=\uart:Net_847_ff3\
<CYPRESSTAG name="UDB Clock/Enable Remapping Results">
</CYPRESSTAG>
</CYPRESSTAG>

Removing unused cells resulting from optimization
Done removing unused cells.
<CYPRESSTAG name="Duplicate Macrocell detection">
</CYPRESSTAG>
</CYPRESSTAG>
<CYPRESSTAG name="Duplicate Macrocell detection">
</CYPRESSTAG>
<CYPRESSTAG name="Design Equations" icon="FILE_RPT_EQUATION">

------------------------------------------------------------
Design Equations
------------------------------------------------------------
    <CYPRESSTAG name="Pin listing">

    ------------------------------------------------------------
    Pin listing
    ------------------------------------------------------------

    Pin : Name = \i2c_master:sda(0)\
        Attributes:
            In Group/Port: True
            In Sync Option: NOSYNC
            Out Sync Option: NOSYNC
            Interrupt generated: False
            Interrupt mode: NONE
            Drive mode: OPEN_DRAIN_LO
            VTrip: CMOS
            Slew: FAST
            Input Sync needed: False
            Output Sync needed: False
            SC shield enabled: False
            POR State: ANY
            LCD Mode: COMMON
            Register Mode: RegComb
            CaSense Mode: NEITHER
            Treat as pin: True
            Is OE Registered: False
            Uses Analog: False
            Can contain Digital: True
            Is SIO: False
            SIO Output Buf: NONREGULATED
            SIO Input Buf: SINGLE_ENDED
            SIO HiFreq: LOW
            SIO Hyst: DISABLED
            SIO Vtrip: MULTIPLIER_0_5
            SIO Multiplier Index: 0
            SIO RefSel: VCC_IO
            Required Capabilities: DIGITAL
            Initial Value: 1
            IO Voltage: 0
        PORT MAP (
            pa_out => \i2c_master:sda(0)\__PA ,
            fb => Net_20 ,
            pad => \i2c_master:sda(0)_PAD\ );
        Properties:
        {
        }

    Pin : Name = \i2c_master:scl(0)\
        Attributes:
            In Group/Port: True
            In Sync Option: NOSYNC
            Out Sync Option: NOSYNC
            Interrupt generated: False
            Interrupt mode: NONE
            Drive mode: OPEN_DRAIN_LO
            VTrip: CMOS
            Slew: FAST
            Input Sync needed: False
            Output Sync needed: False
            SC shield enabled: False
            POR State: ANY
            LCD Mode: COMMON
            Register Mode: RegComb
            CaSense Mode: NEITHER
            Treat as pin: True
            Is OE Registered: False
            Uses Analog: False
            Can contain Digital: True
            Is SIO: False
            SIO Output Buf: NONREGULATED
            SIO Input Buf: SINGLE_ENDED
            SIO HiFreq: LOW
            SIO Hyst: DISABLED
            SIO Vtrip: MULTIPLIER_0_5
            SIO Multiplier Index: 0
            SIO RefSel: VCC_IO
            Required Capabilities: DIGITAL
            Initial Value: 1
            IO Voltage: 0
        PORT MAP (
            pa_out => \i2c_master:scl(0)\__PA ,
            fb => Net_19 ,
            pad => \i2c_master:scl(0)_PAD\ );
        Properties:
        {
        }

    Pin : Name = \uart:tx(0)\
        Attributes:
            In Group/Port: True
            In Sync Option: NOSYNC
            Out Sync Option: NOSYNC
            Interrupt generated: False
            Interrupt mode: NONE
            Drive mode: CMOS_OUT
            VTrip: CMOS
            Slew: FAST
            Input Sync needed: False
            Output Sync needed: False
            SC shield enabled: False
            POR State: ANY
            LCD Mode: COMMON
            Register Mode: RegComb
            CaSense Mode: NEITHER
            Treat as pin: True
            Is OE Registered: False
            Uses Analog: False
            Can contain Digital: True
            Is SIO: False
            SIO Output Buf: NONREGULATED
            SIO Input Buf: SINGLE_ENDED
            SIO HiFreq: LOW
            SIO Hyst: DISABLED
            SIO Vtrip: MULTIPLIER_0_5
            SIO Multiplier Index: 0
            SIO RefSel: VCC_IO
            Required Capabilities: DIGITAL
            Initial Value: 1
            IO Voltage: 0
        PORT MAP (
            pa_out => \uart:tx(0)\__PA ,
            pin_input => \uart:tx_wire\ ,
            pad => \uart:tx(0)_PAD\ );
        Properties:
        {
        }

    Pin : Name = \uart:rx(0)\
        Attributes:
            In Group/Port: True
            In Sync Option: NOSYNC
            Out Sync Option: AUTO
            Interrupt generated: False
            Interrupt mode: NONE
            Drive mode: HI_Z_DIGITAL
            VTrip: CMOS
            Slew: FAST
            Input Sync needed: False
            Output Sync needed: False
            SC shield enabled: False
            POR State: ANY
            LCD Mode: COMMON
            Register Mode: RegComb
            CaSense Mode: NEITHER
            Treat as pin: True
            Is OE Registered: False
            Uses Analog: False
            Can contain Digital: True
            Is SIO: False
            SIO Output Buf: NONREGULATED
            SIO Input Buf: SINGLE_ENDED
            SIO HiFreq: LOW
            SIO Hyst: DISABLED
            SIO Vtrip: MULTIPLIER_0_5
            SIO Multiplier Index: 0
            SIO RefSel: VCC_IO
            Required Capabilities: DIGITAL
            Initial Value: 0
            IO Voltage: 0
        PORT MAP (
            pa_out => \uart:rx(0)\__PA ,
            fb => \uart:rx_wire\ ,
            pad => \uart:rx(0)_PAD\ );
        Properties:
        {
        }

    Pin : Name = Pin_Button(0)
        Attributes:
            In Group/Port: True
            In Sync Option: NOSYNC
            Out Sync Option: AUTO
            Interrupt generated: False
            Interrupt mode: NONE
            Drive mode: HI_Z_DIGITAL
            VTrip: CMOS
            Slew: FAST
            Input Sync needed: False
            Output Sync needed: False
            SC shield enabled: False
            POR State: ANY
            LCD Mode: COMMON
            Register Mode: RegComb
            CaSense Mode: NEITHER
            Treat as pin: True
            Is OE Registered: False
            Uses Analog: False
            Can contain Digital: True
            Is SIO: False
            SIO Output Buf: NONREGULATED
            SIO Input Buf: SINGLE_ENDED
            SIO HiFreq: LOW
            SIO Hyst: DISABLED
            SIO Vtrip: MULTIPLIER_0_5
            SIO Multiplier Index: 0
            SIO RefSel: VCC_IO
            Required Capabilities: DIGITAL
            Initial Value: 0
            IO Voltage: 0
        PORT MAP (
            pa_out => Pin_Button(0)__PA ,
            pad => Pin_Button(0)_PAD );
        Properties:
        {
        }

    Pin : Name = Pin_Led(0)
        Attributes:
            In Group/Port: True
            In Sync Option: AUTO
            Out Sync Option: NOSYNC
            Interrupt generated: False
            Interrupt mode: NONE
            Drive mode: CMOS_OUT
            VTrip: EITHER
            Slew: FAST
            Input Sync needed: False
            Output Sync needed: False
            SC shield enabled: False
            POR State: ANY
            LCD Mode: COMMON
            Register Mode: RegComb
            CaSense Mode: NEITHER
            Treat as pin: True
            Is OE Registered: False
            Uses Analog: False
            Can contain Digital: True
            Is SIO: False
            SIO Output Buf: NONREGULATED
            SIO Input Buf: SINGLE_ENDED
            SIO HiFreq: LOW
            SIO Hyst: DISABLED
            SIO Vtrip: MULTIPLIER_0_5
            SIO Multiplier Index: 0
            SIO RefSel: VCC_IO
            Required Capabilities: DIGITAL
            Initial Value: 0
            IO Voltage: 0
        PORT MAP (
            pa_out => Pin_Led(0)__PA ,
            pad => Pin_Led(0)_PAD );
        Properties:
        {
        }
    </CYPRESSTAG>
    <CYPRESSTAG name="Macrocell listing" icon="FILE_RPT_EQUATION">
    </CYPRESSTAG>
    <CYPRESSTAG name="Datapath listing">
    </CYPRESSTAG>
    <CYPRESSTAG name="Status register listing">
    </CYPRESSTAG>
    <CYPRESSTAG name="StatusI register listing">
    </CYPRESSTAG>
    <CYPRESSTAG name="Sync listing">
    </CYPRESSTAG>
    <CYPRESSTAG name="Control register listing">
    </CYPRESSTAG>
    <CYPRESSTAG name="Count7 listing">
    </CYPRESSTAG>
    <CYPRESSTAG name="DRQ listing">
    </CYPRESSTAG>
    <CYPRESSTAG name="Interrupt listing">

    ------------------------------------------------------------
    Interrupt listing
    ------------------------------------------------------------

    interrupt: Name =\i2c_master:SCB_IRQ\
        PORT MAP (
            interrupt => Net_3 );
        Properties:
        {
            int_type = "10"
            is_nmi = 0
        }
    </CYPRESSTAG>
</CYPRESSTAG>
<CYPRESSTAG name="Technology mapping summary" expanded>

------------------------------------------------------------
Technology mapping summary
------------------------------------------------------------

Resource Type                 : Used : Free :  Max :  % Used
============================================================
Digital Clocks                :    0 :    4 :    4 :  0.00 %
Interrupts                    :    1 :   31 :   32 :  3.13 %
IO                            :    8 :   28 :   36 : 22.22 %
Segment LCD                   :    0 :    1 :    1 :  0.00 %
CapSense                      :    0 :    1 :    1 :  0.00 %
Die Temp                      :    0 :    1 :    1 :  0.00 %
Serial Communication (SCB)    :    2 :    0 :    2 : 100.00 %
Timer/Counter/PWM             :    0 :    4 :    4 :  0.00 %
Comparator/Opamp              :    0 :    2 :    2 :  0.00 %
LP Comparator                 :    0 :    2 :    2 :  0.00 %
SAR ADC                       :    0 :    1 :    1 :  0.00 %
DAC                           :      :      :      :        
  7-bit IDAC                  :    0 :    1 :    1 :  0.00 %
  8-bit IDAC                  :    0 :    1 :    1 :  0.00 %
</CYPRESSTAG>
Technology Mapping: Elapsed time ==> 0s.013ms
Tech Mapping phase: Elapsed time ==> 0s.031ms
</CYPRESSTAG>
<CYPRESSTAG name="Analog Placement">
<CYPRESSTAG name="FFB & IO Pre Placement">
<CYPRESSTAG name="Placement" icon="FILE_RPT_PLACEMENT">

Cell                                : Block                              
=========================================================================
\i2c_master:sda(0)\                 : [IOP=(4)][IoId=(1)]                
\i2c_master:scl(0)\                 : [IOP=(4)][IoId=(0)]                
\uart:tx(0)\                        : [IOP=(0)][IoId=(5)]                
\uart:rx(0)\                        : [IOP=(0)][IoId=(4)]                
Pin_Button(0)                       : [IOP=(0)][IoId=(6)]                
Pin_Led(0)                          : [IOP=(0)][IoId=(0)]                
ClockGenBlock                       : CLK_GEN_[FFB(CLK_GEN,0)]           
\i2c_master:SCB\                    : SCB_[FFB(SCB,0)]                   
\uart:SCB\                          : SCB_[FFB(SCB,1)]                   

</CYPRESSTAG>
</CYPRESSTAG>
<CYPRESSTAG name="Real Analog Placement">
Elapsed time ==> 0.1323312s
</CYPRESSTAG>
Analog Placement phase: Elapsed time ==> 0s.269ms
</CYPRESSTAG>
<CYPRESSTAG name="Analog Routing">
<CYPRESSTAG name="Analog Routing">
Route success=True, Iterations=1 Elapsed=0.0005865 secs
</CYPRESSTAG>
Analog Routing phase: Elapsed time ==> 0s.000ms
</CYPRESSTAG>
<CYPRESSTAG name="Analog Code Generation">
============ Analog Final Answer Routes ============
Dump of CyAnalogRoutingResultsDB
Map of net to items {
}
Map of item to net {
}
Mux Info {
}
Analog Code Generation phase: Elapsed time ==> 0s.015ms
</CYPRESSTAG>
<CYPRESSTAG name="Digital Placement">
<CYPRESSTAG name="Detailed placement messages">
I2659: No Constrained paths were found. The placer will run in non-timing driven mode.
I2076: Total run-time: 0.3 sec.

</CYPRESSTAG>
<CYPRESSTAG name="PLD Packing">
<CYPRESSTAG name="PLD Packing Summary">
No PLDs were packed.
</CYPRESSTAG>
PLD Packing: Elapsed time ==> 0s.001ms
</CYPRESSTAG>
<CYPRESSTAG name="Partitioning">
<CYPRESSTAG name="Initial Partitioning Summary">
Initial Partitioning Summary not displayed at this verbose level.</CYPRESSTAG>
<CYPRESSTAG name="Final Partitioning Summary">
Final Partitioning Summary not displayed at this verbose level.</CYPRESSTAG>
Partitioning: Elapsed time ==> 0s.014ms
</CYPRESSTAG>
<CYPRESSTAG name="Final Placement Summary">

------------------------------------------------------------
Final Placement Summary
------------------------------------------------------------

       Resource Type :      Count : Avg Inputs : Avg Outputs
    ========================================================
                 UDB :          0 :       0.00 :       0.00
<CYPRESSTAG name="Final Placement Details">
<CYPRESSTAG name="Component Details">

------------------------------------------------------------
Component Placement Details
------------------------------------------------------------
UDB [UDB=(0,0)] is empty.
Intr container @ [IntrContainer=(0)]: 
  Intr@ [IntrContainer=(0)][IntrId=(10)] 
    interrupt: Name =\i2c_master:SCB_IRQ\
        PORT MAP (
            interrupt => Net_3 );
        Properties:
        {
            int_type = "10"
            is_nmi = 0
        }
Port 0 contains the following IO cells:
[IoId=0]: 
Pin : Name = Pin_Led(0)
    Attributes:
        In Group/Port: True
        In Sync Option: AUTO
        Out Sync Option: NOSYNC
        Interrupt generated: False
        Interrupt mode: NONE
        Drive mode: CMOS_OUT
        VTrip: EITHER
        Slew: FAST
        Input Sync needed: False
        Output Sync needed: False
        SC shield enabled: False
        POR State: ANY
        LCD Mode: COMMON
        Register Mode: RegComb
        CaSense Mode: NEITHER
        Treat as pin: True
        Is OE Registered: False
        Uses Analog: False
        Can contain Digital: True
        Is SIO: False
        SIO Output Buf: NONREGULATED
        SIO Input Buf: SINGLE_ENDED
        SIO HiFreq: LOW
        SIO Hyst: DISABLED
        SIO Vtrip: MULTIPLIER_0_5
        SIO Multiplier Index: 0
        SIO RefSel: VCC_IO
        Required Capabilities: DIGITAL
        Initial Value: 0
        IO Voltage: 0
    PORT MAP (
        pa_out => Pin_Led(0)__PA ,
        pad => Pin_Led(0)_PAD );
    Properties:
    {
    }

[IoId=4]: 
Pin : Name = \uart:rx(0)\
    Attributes:
        In Group/Port: True
        In Sync Option: NOSYNC
        Out Sync Option: AUTO
        Interrupt generated: False
        Interrupt mode: NONE
        Drive mode: HI_Z_DIGITAL
        VTrip: CMOS
        Slew: FAST
        Input Sync needed: False
        Output Sync needed: False
        SC shield enabled: False
        POR State: ANY
        LCD Mode: COMMON
        Register Mode: RegComb
        CaSense Mode: NEITHER
        Treat as pin: True
        Is OE Registered: False
        Uses Analog: False
        Can contain Digital: True
        Is SIO: False
        SIO Output Buf: NONREGULATED
        SIO Input Buf: SINGLE_ENDED
        SIO HiFreq: LOW
        SIO Hyst: DISABLED
        SIO Vtrip: MULTIPLIER_0_5
        SIO Multiplier Index: 0
        SIO RefSel: VCC_IO
        Required Capabilities: DIGITAL
        Initial Value: 0
        IO Voltage: 0
    PORT MAP (
        pa_out => \uart:rx(0)\__PA ,
        fb => \uart:rx_wire\ ,
        pad => \uart:rx(0)_PAD\ );
    Properties:
    {
    }

[IoId=5]: 
Pin : Name = \uart:tx(0)\
    Attributes:
        In Group/Port: True
        In Sync Option: NOSYNC
        Out Sync Option: NOSYNC
        Interrupt generated: False
        Interrupt mode: NONE
        Drive mode: CMOS_OUT
        VTrip: CMOS
        Slew: FAST
        Input Sync needed: False
        Output Sync needed: False
        SC shield enabled: False
        POR State: ANY
        LCD Mode: COMMON
        Register Mode: RegComb
        CaSense Mode: NEITHER
        Treat as pin: True
        Is OE Registered: False
        Uses Analog: False
        Can contain Digital: True
        Is SIO: False
        SIO Output Buf: NONREGULATED
        SIO Input Buf: SINGLE_ENDED
        SIO HiFreq: LOW
        SIO Hyst: DISABLED
        SIO Vtrip: MULTIPLIER_0_5
        SIO Multiplier Index: 0
        SIO RefSel: VCC_IO
        Required Capabilities: DIGITAL
        Initial Value: 1
        IO Voltage: 0
    PORT MAP (
        pa_out => \uart:tx(0)\__PA ,
        pin_input => \uart:tx_wire\ ,
        pad => \uart:tx(0)_PAD\ );
    Properties:
    {
    }

[IoId=6]: 
Pin : Name = Pin_Button(0)
    Attributes:
        In Group/Port: True
        In Sync Option: NOSYNC
        Out Sync Option: AUTO
        Interrupt generated: False
        Interrupt mode: NONE
        Drive mode: HI_Z_DIGITAL
        VTrip: CMOS
        Slew: FAST
        Input Sync needed: False
        Output Sync needed: False
        SC shield enabled: False
        POR State: ANY
        LCD Mode: COMMON
        Register Mode: RegComb
        CaSense Mode: NEITHER
        Treat as pin: True
        Is OE Registered: False
        Uses Analog: False
        Can contain Digital: True
        Is SIO: False
        SIO Output Buf: NONREGULATED
        SIO Input Buf: SINGLE_ENDED
        SIO HiFreq: LOW
        SIO Hyst: DISABLED
        SIO Vtrip: MULTIPLIER_0_5
        SIO Multiplier Index: 0
        SIO RefSel: VCC_IO
        Required Capabilities: DIGITAL
        Initial Value: 0
        IO Voltage: 0
    PORT MAP (
        pa_out => Pin_Button(0)__PA ,
        pad => Pin_Button(0)_PAD );
    Properties:
    {
    }

Port 1 contains the following IO cells:
Port 2 contains the following IO cells:
Port 3 contains the following IO cells:
Port 4 contains the following IO cells:
[IoId=0]: 
Pin : Name = \i2c_master:scl(0)\
    Attributes:
        In Group/Port: True
        In Sync Option: NOSYNC
        Out Sync Option: NOSYNC
        Interrupt generated: False
        Interrupt mode: NONE
        Drive mode: OPEN_DRAIN_LO
        VTrip: CMOS
        Slew: FAST
        Input Sync needed: False
        Output Sync needed: False
        SC shield enabled: False
        POR State: ANY
        LCD Mode: COMMON
        Register Mode: RegComb
        CaSense Mode: NEITHER
        Treat as pin: True
        Is OE Registered: False
        Uses Analog: False
        Can contain Digital: True
        Is SIO: False
        SIO Output Buf: NONREGULATED
        SIO Input Buf: SINGLE_ENDED
        SIO HiFreq: LOW
        SIO Hyst: DISABLED
        SIO Vtrip: MULTIPLIER_0_5
        SIO Multiplier Index: 0
        SIO RefSel: VCC_IO
        Required Capabilities: DIGITAL
        Initial Value: 1
        IO Voltage: 0
    PORT MAP (
        pa_out => \i2c_master:scl(0)\__PA ,
        fb => Net_19 ,
        pad => \i2c_master:scl(0)_PAD\ );
    Properties:
    {
    }

[IoId=1]: 
Pin : Name = \i2c_master:sda(0)\
    Attributes:
        In Group/Port: True
        In Sync Option: NOSYNC
        Out Sync Option: NOSYNC
        Interrupt generated: False
        Interrupt mode: NONE
        Drive mode: OPEN_DRAIN_LO
        VTrip: CMOS
        Slew: FAST
        Input Sync needed: False
        Output Sync needed: False
        SC shield enabled: False
        POR State: ANY
        LCD Mode: COMMON
        Register Mode: RegComb
        CaSense Mode: NEITHER
        Treat as pin: True
        Is OE Registered: False
        Uses Analog: False
        Can contain Digital: True
        Is SIO: False
        SIO Output Buf: NONREGULATED
        SIO Input Buf: SINGLE_ENDED
        SIO HiFreq: LOW
        SIO Hyst: DISABLED
        SIO Vtrip: MULTIPLIER_0_5
        SIO Multiplier Index: 0
        SIO RefSel: VCC_IO
        Required Capabilities: DIGITAL
        Initial Value: 1
        IO Voltage: 0
    PORT MAP (
        pa_out => \i2c_master:sda(0)\__PA ,
        fb => Net_20 ,
        pad => \i2c_master:sda(0)_PAD\ );
    Properties:
    {
    }

ARM group 0: empty
Clock group 0: 
    Clock Block @ F(Clock,0): 
    m0s8clockblockcell: Name =ClockBlock
        PORT MAP (
            hfclk => ClockBlock_HFClk ,
            imo => ClockBlock_IMO ,
            ext => ClockBlock_ExtClk ,
            sysclk => ClockBlock_SysClk ,
            ilo => ClockBlock_ILO ,
            lfclk => ClockBlock_LFClk ,
            dsi_in_0 => ClockBlock_Routed1 ,
            ff_div_2 => \i2c_master:Net_847_ff2\ ,
            ff_div_3 => \uart:Net_847_ff3\ );
        Properties:
        {
        }
LCD group 0: empty
PICU group 0: empty
LPCOMP group 0: empty
SCB group 0: 
    SCB Block @ F(SCB,0): 
    m0s8scbcell: Name =\i2c_master:SCB\
        PORT MAP (
            clock => \i2c_master:Net_847_ff2\ ,
            interrupt => Net_3 ,
            uart_tx => \i2c_master:tx_wire\ ,
            uart_rts => \i2c_master:rts_wire\ ,
            mosi_m => \i2c_master:mosi_m_wire\ ,
            select_m_3 => \i2c_master:select_m_wire_3\ ,
            select_m_2 => \i2c_master:select_m_wire_2\ ,
            select_m_1 => \i2c_master:select_m_wire_1\ ,
            select_m_0 => \i2c_master:select_m_wire_0\ ,
            sclk_m => \i2c_master:sclk_m_wire\ ,
            miso_s => \i2c_master:miso_s_wire\ ,
            i2c_scl => Net_19 ,
            i2c_sda => Net_20 ,
            tr_tx_req => Net_21 ,
            tr_rx_req => Net_12 );
        Properties:
        {
            cy_registers = ""
            scb_mode = 0
        }
    SCB Block @ F(SCB,1): 
    m0s8scbcell: Name =\uart:SCB\
        PORT MAP (
            clock => \uart:Net_847_ff3\ ,
            interrupt => Net_25 ,
            uart_rx => \uart:rx_wire\ ,
            uart_tx => \uart:tx_wire\ ,
            uart_rts => \uart:rts_wire\ ,
            mosi_m => \uart:mosi_m_wire\ ,
            select_m_3 => \uart:select_m_wire_3\ ,
            select_m_2 => \uart:select_m_wire_2\ ,
            select_m_1 => \uart:select_m_wire_1\ ,
            select_m_0 => \uart:select_m_wire_0\ ,
            sclk_m => \uart:sclk_m_wire\ ,
            miso_s => \uart:miso_s_wire\ ,
            tr_tx_req => Net_43 ,
            tr_rx_req => Net_34 );
        Properties:
        {
            cy_registers = ""
            scb_mode = 2
        }
CSD group 0: empty
CSIDAC8 group 0: empty
CSIDAC7 group 0: empty
TCPWM group 0: empty
OA group 0: empty
TEMP group 0: empty
SARADC group 0: empty
CLK_GEN group 0: 
    M0S8 Clock Gen Block @ F(CLK_GEN,0): 
    m0s8clockgenblockcell: Name =ClockGenBlock
        PORT MAP (
             );
        Properties:
        {
        }
LPCOMPBLOCK group 0: empty
PASSBLOCK group 0: empty
WCO group 0: empty
SRSS group 0: empty
CPUSS group 0: empty
EXCO group 0: empty
</CYPRESSTAG>
<CYPRESSTAG name="Port Configuration Details">

------------------------------------------------------------
Port Configuration report
------------------------------------------------------------
     |     |       | Interrupt |                  |                     | 
Port | Pin | Fixed |      Type |       Drive Mode |                Name | Connections
-----+-----+-------+-----------+------------------+---------------------+-------------------
   0 |   0 |     * |      NONE |         CMOS_OUT |          Pin_Led(0) | 
     |   4 |     * |      NONE |     HI_Z_DIGITAL |        \uart:rx(0)\ | FB(\uart:rx_wire\)
     |   5 |     * |      NONE |         CMOS_OUT |        \uart:tx(0)\ | In(\uart:tx_wire\)
     |   6 |     * |      NONE |     HI_Z_DIGITAL |       Pin_Button(0) | 
-----+-----+-------+-----------+------------------+---------------------+-------------------
   4 |   0 |     * |      NONE |    OPEN_DRAIN_LO | \i2c_master:scl(0)\ | FB(Net_19)
     |   1 |     * |      NONE |    OPEN_DRAIN_LO | \i2c_master:sda(0)\ | FB(Net_20)
--------------------------------------------------------------------------------------------
</CYPRESSTAG>
</CYPRESSTAG>
</CYPRESSTAG>
Digital component placer commit/Report: Elapsed time ==> 0s.007ms
Digital Placement phase: Elapsed time ==> 0s.576ms
</CYPRESSTAG>
<CYPRESSTAG name="Digital Routing">
"C:\Program Files (x86)\Cypress\PSoC Creator\4.4\PSoC Creator\bin/sjrouter.exe" --xml-path "C:\Program Files (x86)\Cypress\PSoC Creator\4.4\PSoC Creator\dev\psoc4/psoc4a/route_arch-rrg.cydata" --vh2-path "ds1307_i2c_r.vh2" --pcf-path "ds1307_i2c.pco" --des-name "ds1307_i2c" --dsf-path "ds1307_i2c.dsf" --sdc-path "ds1307_i2c.sdc" --lib-path "ds1307_i2c_r.lib"
Routing successful.
Digital Routing phase: Elapsed time ==> 0s.467ms
</CYPRESSTAG>
<CYPRESSTAG name="Bitstream Generation">
Bitstream Generation phase: Elapsed time ==> 0s.124ms
</CYPRESSTAG>
<CYPRESSTAG name="Bitstream Verification">
Bitstream Verification phase: Elapsed time ==> 0s.017ms
</CYPRESSTAG>
<CYPRESSTAG name="Static timing analysis">
Timing report is in ds1307_i2c_timing.html.
Static timing analysis phase: Elapsed time ==> 0s.142ms
</CYPRESSTAG>
<CYPRESSTAG name="Data reporting">
Data reporting phase: Elapsed time ==> 0s.000ms
</CYPRESSTAG>
<CYPRESSTAG name="Database update...">
Design database save phase: Elapsed time ==> 0s.150ms
</CYPRESSTAG>
cydsfit: Elapsed time ==> 1s.850ms
</CYPRESSTAG>
Fitter phase: Elapsed time ==> 1s.852ms
API generation phase: Elapsed time ==> 1s.969ms
Dependency generation phase: Elapsed time ==> 0s.009ms
Cleanup phase: Elapsed time ==> 0s.000ms
